           0  0.000000000000000E+000  0.000000000000000E+000
           1  0.722785600763327        1.16277677475018     
           2  0.502664511319523        2.46115431016688     
           3  0.208529625041716        1.99967892900427     
           4  0.167543671603956        2.68900522526375     
           5  0.137529695940360        3.47700731086876     
           6  9.403883776183604E-002   3.47889908870956     
           7  7.276805029329170E-002   3.60239316393421     
           8  5.727573789899261E-002   3.66171277686896     
           9  5.613573807034231E-002   4.57807948526671     
          10  4.296067211632090E-002   4.34915109602875     
          11  3.382680447660434E-002   4.11649795786194     
          12  3.265584781838872E-002   4.70576499103767     
          13  2.982041000225308E-002   5.06052036133690     
          14  2.590600495761385E-002   5.10546730352021     
          15  2.236747079116972E-002   5.03825019216743     
          16  2.202888772908375E-002   5.63697137879687     
          17  1.881763626571583E-002   5.44584119059136     
          18  1.739137074395096E-002   5.65933232962769     
          19  1.519780450113322E-002   5.49998351829165     
          20  1.418004211277061E-002   5.67307278148744     
          21  1.303244798390813E-002   5.75876949280460     
          22  1.177791252740233E-002   5.71302740614282     
          23  1.120206183149128E-002   5.93391929020443     
          24  1.014167805447630E-002   5.83922535554620     
          25  9.803734064233672E-003   6.12888274533095     
          26  8.823089561295931E-003   5.97105979242912     
          27  8.032142336377201E-003   5.86211430186201     
          28  7.705287564395374E-003   6.04768217939302     
          29  7.164012065306310E-003   6.03017612110772     
          30  6.493344686214399E-003   5.85089801270653     
          31  6.054232266299971E-003   5.82025574044304     
          32  5.499196632963518E-003   5.63412629881053     
          33  5.268678811600814E-003   5.73785560556717     
          34  5.012954275500824E-003   5.79570434307090     
          35  4.476644596714660E-003   5.48679422849013     
          36  4.325375736341071E-003   5.60877057228467     
          37  4.044287354740639E-003   5.53962888710462     
          38  3.794574455587092E-003   5.48341052476926     
          39  3.452771158390233E-003   5.25465392389576     
          40  3.304384732637433E-003   5.28661390102230     
          41  3.116277059241798E-003   5.23987715705199     
          42  2.836974339683485E-003   5.00658896259446     
          43  2.758139055482875E-003   5.10168894440621     
          44  2.532187560981944E-003   4.90500432152437     
          45  2.401214193991903E-003   4.86529977657528     
          46  2.185012477031281E-003   4.62667078979490     
          47  2.117166711390031E-003   4.67649000199241     
          48  1.970619976054282E-003   4.53925150931567     
          49  1.896324460151155E-003   4.55343175149453     
          50  1.768559447520857E-003   4.42317870086921     
          51  1.614809298702952E-003   4.20131133967311     
          52  1.536125753135277E-003   4.15474697818065     
          53  1.467919575076251E-003   4.12541413698603     
          54  1.344714628669880E-003   3.92214855460423     
          55  1.273890562067614E-003   3.85375961140650     
          56  1.204915694200380E-003   3.77826173039928     
          57  1.156911429165765E-003   3.75872203786146     
          58  1.062172030913987E-003   3.57411789740499     
          59  9.965521907164801E-004   3.46930576639824     
          60  9.539346625729030E-004   3.43413878828681     
          61  9.010859335748210E-004   3.35369284622831     
          62  8.442621437683191E-004   3.24653652355448     
          63  7.748829080880824E-004   3.07510432454767     
          64  7.498766172752438E-004   3.07081891236042     
          65  7.198663923132268E-004   3.04169057789771     
          66  6.453229209294019E-004   2.81171807208846     
          67  6.321600618719121E-004   2.83834054826059     
          68  5.862697285001657E-004   2.71133412127369     
          69  5.570246992957847E-004   2.65239233021194     
          70  5.187250723680215E-004   2.54222336577857     
          71  4.867231264262405E-004   2.45362766284124     
          72  4.709498355728892E-004   2.44138153830098     
          73  4.363276126485158E-004   2.32519119101697     
          74  4.193267121018217E-004   2.29646844646890     
          75  3.868020002313824E-004   2.17608340411162     
          76  3.693287441397957E-004   2.13338667635667     
          77  3.515807288673149E-004   2.08470815443426     
          78  3.243995188800677E-004   1.97380945367738     
          79  3.088655576805395E-004   1.92746400245657     
          80  2.881712258122220E-004   1.84409935438607     
          81  2.783523524596623E-004   1.82610554065325     
          82  2.617077677282364E-004   1.75988107772641     
          83  2.449251708793831E-004   1.68733127702361     
          84  2.305511568189519E-004   1.62675498049111     
          85  2.209577030791614E-004   1.59646498879767     
          86  2.069908828539519E-004   1.53106756115057     
          87  1.936808492860264E-004   1.46607172987139     
          88  1.849049861431891E-004   1.43191545887313     
          89  1.736455629190668E-004   1.37546398596733     
          90  1.661074774343527E-004   1.34563538337099     
          91  1.554955870848815E-004   1.28791423530806     
          92  1.464764176860967E-004   1.23988544066042     
          93  1.380401421053592E-004   1.19402706683054     
          94  1.305736198368713E-004   1.15378147336719     
          95  1.234662521473440E-004   1.11420278203729     
          96  1.175260054276708E-004   1.08295054402637     
          97  1.125253763609372E-004   1.05863435387057     
          98  1.060228560833724E-004   1.01829345527691     
          99  9.755570121102570E-005  0.956216044569847     
         100  9.387586544863381E-005  0.938781294403966     
         101  8.789522270829061E-005  0.896664288599441     
         102  8.370455332069355E-005  0.870916677992728     
         103  7.856180407106561E-005  0.833537417493401     
         104  7.324493552835230E-005  0.792193849356345     
         105  7.153881181443289E-005  0.788685361961164     
         106  6.636726103110608E-005  0.745747908610004     
         107  6.301918236452305E-005  0.721513602359055     
         108  5.962900066546493E-005  0.695497287795497     
         109  5.675648314002000E-005  0.674358851441743     
         110  5.289360486964998E-005  0.640093674741032     
         111  5.011074491430811E-005  0.617394232331849     
         112  4.787282393331908E-005  0.600469907019920     
         113  4.519911857504742E-005  0.577111558957402     
         114  4.281179079671043E-005  0.556419400105831     
         115  4.007912124222371E-005  0.530046862308156     
         116  3.810803848966077E-005  0.512762526955737     
         117  3.621957650556295E-005  0.495836810523034     
         118  3.396884125920535E-005  0.473008631170661     
         119  3.189282656843054E-005  0.451606587170257     
         120  3.061940702519949E-005  0.440881171428458     
         121  2.895793010425628E-005  0.423969343183342     
         122  2.741851649891948E-005  0.408116079952812     
         123  2.592004301130727E-005  0.392155275396333     
         124  2.453854403323488E-005  0.377300122608861     
         125  2.326196196125337E-005  0.363482315447534     
         126  2.185868620883467E-005  0.347051391215823     
         127  2.072235551075251E-005  0.334228910208873     
         128  1.965335620641092E-005  0.321981667124301     
         129  1.893131555213166E-005  0.315046396412673     
         130  1.757907339322673E-005  0.297101343958278     
         131  1.654283320277270E-005  0.283884339594576     
         132  1.605985805527236E-005  0.279824976056084     
         133  1.501263781379291E-005  0.265565338399128     
         134  1.433328717165825E-005  0.257381247435536     
         135  1.334928046519237E-005  0.243286931932920     
         136  1.284194326423586E-005  0.237512906647932     
         137  1.223721859307059E-005  0.229689892845462     
         138  1.157667308257128E-005  0.220474118469081     
         139  1.090495915782107E-005  0.210694594479791     
         140  1.048735313733836E-005  0.205544047552940     
         141  1.001544693501611E-005  0.199114700548174     
         142  9.461386615840806E-006  0.190784585746386     
         143  8.915457214086944E-006  0.182311534241737     
         144  8.604462486295315E-006  0.178408624876059     
         145  8.238015380732886E-006  0.173189488823418     
         146  7.824540016149043E-006  0.166787474584192     
         147  7.472360723468445E-006  0.161469050245894     
         148  7.147256841784848E-006  0.156556938346763     
         149  6.886506933682201E-006  0.152895704723983     
         150  6.528968461782257E-006  0.146910949524780     
         151  6.222873822129496E-006  0.141895628874558     
         152  6.047144799944114E-006  0.139715006165857     
         153  5.817768809544409E-006  0.136190214988691     
         154  5.602362452477343E-006  0.132871269638977     
         155  5.377945108590460E-006  0.129207873422906     
         156  5.243144253170095E-006  0.127595561112938     
         157  5.099173179888283E-006  0.125691022097388     
         158  4.940125872856237E-006  0.123329927267866     
         159  4.772321394520143E-006  0.120646975207795     
         160  4.702209854434393E-006  0.120372844896978     
         161  4.634361931916749E-006  0.120129751066128     
         162  4.508126276448308E-006  0.118317059674444     
         163  4.500080033954579E-006  0.119569522413918     
         164  4.447995262735161E-006  0.119638243262478     
         165  4.472193081587458E-006  0.121761418010364     
         166  4.430939099252113E-006  0.122104988919887     
         167  4.527757154424575E-006  0.126279447204933     
         168  4.639298001889053E-006  0.130948947380863     
         169  4.809595012629103E-006  0.137374772045967     
         170  5.241869999726482E-006  0.151513782614323     
         171  8.671654537721030E-007  2.523432863133337E-002
         172  0.000000000000000E+000  0.000000000000000E+000
         173  0.000000000000000E+000  0.000000000000000E+000
         174  0.000000000000000E+000  0.000000000000000E+000
         175  0.000000000000000E+000  0.000000000000000E+000
         176  0.000000000000000E+000  0.000000000000000E+000
         177  0.000000000000000E+000  0.000000000000000E+000
         178  0.000000000000000E+000  0.000000000000000E+000
         179  0.000000000000000E+000  0.000000000000000E+000
         180  0.000000000000000E+000  0.000000000000000E+000
         181  0.000000000000000E+000  0.000000000000000E+000
         182  0.000000000000000E+000  0.000000000000000E+000
         183  0.000000000000000E+000  0.000000000000000E+000
         184  0.000000000000000E+000  0.000000000000000E+000
         185  0.000000000000000E+000  0.000000000000000E+000
         186  0.000000000000000E+000  0.000000000000000E+000
         187  0.000000000000000E+000  0.000000000000000E+000
         188  0.000000000000000E+000  0.000000000000000E+000
         189  0.000000000000000E+000  0.000000000000000E+000
         190  0.000000000000000E+000  0.000000000000000E+000
         191  0.000000000000000E+000  0.000000000000000E+000
         192  0.000000000000000E+000  0.000000000000000E+000
         193  0.000000000000000E+000  0.000000000000000E+000
         194  0.000000000000000E+000  0.000000000000000E+000
         195  0.000000000000000E+000  0.000000000000000E+000
         196  0.000000000000000E+000  0.000000000000000E+000
         197  0.000000000000000E+000  0.000000000000000E+000
         198  0.000000000000000E+000  0.000000000000000E+000
         199  0.000000000000000E+000  0.000000000000000E+000
         200  0.000000000000000E+000  0.000000000000000E+000
         201  0.000000000000000E+000  0.000000000000000E+000
         202  0.000000000000000E+000  0.000000000000000E+000
         203  0.000000000000000E+000  0.000000000000000E+000
         204  0.000000000000000E+000  0.000000000000000E+000
         205  0.000000000000000E+000  0.000000000000000E+000
         206  0.000000000000000E+000  0.000000000000000E+000
         207  0.000000000000000E+000  0.000000000000000E+000
         208  0.000000000000000E+000  0.000000000000000E+000
         209  0.000000000000000E+000  0.000000000000000E+000
         210  0.000000000000000E+000  0.000000000000000E+000
         211  0.000000000000000E+000  0.000000000000000E+000
         212  0.000000000000000E+000  0.000000000000000E+000
         213  0.000000000000000E+000  0.000000000000000E+000
         214  0.000000000000000E+000  0.000000000000000E+000
         215  0.000000000000000E+000  0.000000000000000E+000
         216  0.000000000000000E+000  0.000000000000000E+000
         217  0.000000000000000E+000  0.000000000000000E+000
         218  0.000000000000000E+000  0.000000000000000E+000
         219  0.000000000000000E+000  0.000000000000000E+000
         220  0.000000000000000E+000  0.000000000000000E+000
         221  0.000000000000000E+000  0.000000000000000E+000
         222  0.000000000000000E+000  0.000000000000000E+000
         223  0.000000000000000E+000  0.000000000000000E+000
         224  0.000000000000000E+000  0.000000000000000E+000
         225  0.000000000000000E+000  0.000000000000000E+000
         226  0.000000000000000E+000  0.000000000000000E+000
         227  0.000000000000000E+000  0.000000000000000E+000
         228  0.000000000000000E+000  0.000000000000000E+000
         229  0.000000000000000E+000  0.000000000000000E+000
         230  0.000000000000000E+000  0.000000000000000E+000
         231  0.000000000000000E+000  0.000000000000000E+000
         232  0.000000000000000E+000  0.000000000000000E+000
         233  0.000000000000000E+000  0.000000000000000E+000
         234  0.000000000000000E+000  0.000000000000000E+000
         235  0.000000000000000E+000  0.000000000000000E+000
         236  0.000000000000000E+000  0.000000000000000E+000
         237  0.000000000000000E+000  0.000000000000000E+000
         238  0.000000000000000E+000  0.000000000000000E+000
         239  0.000000000000000E+000  0.000000000000000E+000
         240  0.000000000000000E+000  0.000000000000000E+000
         241  0.000000000000000E+000  0.000000000000000E+000
         242  0.000000000000000E+000  0.000000000000000E+000
         243  0.000000000000000E+000  0.000000000000000E+000
         244  0.000000000000000E+000  0.000000000000000E+000
         245  0.000000000000000E+000  0.000000000000000E+000
         246  0.000000000000000E+000  0.000000000000000E+000
         247  0.000000000000000E+000  0.000000000000000E+000
         248  0.000000000000000E+000  0.000000000000000E+000
         249  0.000000000000000E+000  0.000000000000000E+000
         250  0.000000000000000E+000  0.000000000000000E+000
         251  0.000000000000000E+000  0.000000000000000E+000
         252  0.000000000000000E+000  0.000000000000000E+000
         253  0.000000000000000E+000  0.000000000000000E+000
         254  0.000000000000000E+000  0.000000000000000E+000
         255  0.000000000000000E+000  0.000000000000000E+000
         256  0.000000000000000E+000  0.000000000000000E+000
         257  0.000000000000000E+000  0.000000000000000E+000
         258  0.000000000000000E+000  0.000000000000000E+000
         259  0.000000000000000E+000  0.000000000000000E+000
         260  0.000000000000000E+000  0.000000000000000E+000
         261  0.000000000000000E+000  0.000000000000000E+000
         262  0.000000000000000E+000  0.000000000000000E+000
         263  0.000000000000000E+000  0.000000000000000E+000
         264  0.000000000000000E+000  0.000000000000000E+000
         265  0.000000000000000E+000  0.000000000000000E+000
         266  0.000000000000000E+000  0.000000000000000E+000
         267  0.000000000000000E+000  0.000000000000000E+000
         268  0.000000000000000E+000  0.000000000000000E+000
         269  0.000000000000000E+000  0.000000000000000E+000
         270  0.000000000000000E+000  0.000000000000000E+000
         271  0.000000000000000E+000  0.000000000000000E+000
         272  0.000000000000000E+000  0.000000000000000E+000
         273  0.000000000000000E+000  0.000000000000000E+000
         274  0.000000000000000E+000  0.000000000000000E+000
         275  0.000000000000000E+000  0.000000000000000E+000
         276  0.000000000000000E+000  0.000000000000000E+000
         277  0.000000000000000E+000  0.000000000000000E+000
         278  0.000000000000000E+000  0.000000000000000E+000
         279  0.000000000000000E+000  0.000000000000000E+000
         280  0.000000000000000E+000  0.000000000000000E+000
         281  0.000000000000000E+000  0.000000000000000E+000
         282  0.000000000000000E+000  0.000000000000000E+000
         283  0.000000000000000E+000  0.000000000000000E+000
         284  0.000000000000000E+000  0.000000000000000E+000
         285  0.000000000000000E+000  0.000000000000000E+000
         286  0.000000000000000E+000  0.000000000000000E+000
         287  0.000000000000000E+000  0.000000000000000E+000
         288  0.000000000000000E+000  0.000000000000000E+000
         289  0.000000000000000E+000  0.000000000000000E+000
         290  0.000000000000000E+000  0.000000000000000E+000
         291  0.000000000000000E+000  0.000000000000000E+000
         292  0.000000000000000E+000  0.000000000000000E+000
         293  0.000000000000000E+000  0.000000000000000E+000
         294  0.000000000000000E+000  0.000000000000000E+000
         295  0.000000000000000E+000  0.000000000000000E+000
         296  0.000000000000000E+000  0.000000000000000E+000
         297  0.000000000000000E+000  0.000000000000000E+000
         298  0.000000000000000E+000  0.000000000000000E+000
         299  0.000000000000000E+000  0.000000000000000E+000
         300  0.000000000000000E+000  0.000000000000000E+000
         301  0.000000000000000E+000  0.000000000000000E+000
         302  0.000000000000000E+000  0.000000000000000E+000
         303  0.000000000000000E+000  0.000000000000000E+000
         304  0.000000000000000E+000  0.000000000000000E+000
         305  0.000000000000000E+000  0.000000000000000E+000
         306  0.000000000000000E+000  0.000000000000000E+000
         307  0.000000000000000E+000  0.000000000000000E+000
         308  0.000000000000000E+000  0.000000000000000E+000
         309  0.000000000000000E+000  0.000000000000000E+000
         310  0.000000000000000E+000  0.000000000000000E+000
         311  0.000000000000000E+000  0.000000000000000E+000
         312  0.000000000000000E+000  0.000000000000000E+000
         313  0.000000000000000E+000  0.000000000000000E+000
         314  0.000000000000000E+000  0.000000000000000E+000
         315  0.000000000000000E+000  0.000000000000000E+000
         316  0.000000000000000E+000  0.000000000000000E+000
         317  0.000000000000000E+000  0.000000000000000E+000
         318  0.000000000000000E+000  0.000000000000000E+000
         319  0.000000000000000E+000  0.000000000000000E+000
         320  0.000000000000000E+000  0.000000000000000E+000
         321  0.000000000000000E+000  0.000000000000000E+000
         322  0.000000000000000E+000  0.000000000000000E+000
         323  0.000000000000000E+000  0.000000000000000E+000
         324  0.000000000000000E+000  0.000000000000000E+000
         325  0.000000000000000E+000  0.000000000000000E+000
         326  0.000000000000000E+000  0.000000000000000E+000
         327  0.000000000000000E+000  0.000000000000000E+000
         328  0.000000000000000E+000  0.000000000000000E+000
         329  0.000000000000000E+000  0.000000000000000E+000
         330  0.000000000000000E+000  0.000000000000000E+000
         331  0.000000000000000E+000  0.000000000000000E+000
         332  0.000000000000000E+000  0.000000000000000E+000
         333  0.000000000000000E+000  0.000000000000000E+000
         334  0.000000000000000E+000  0.000000000000000E+000
         335  0.000000000000000E+000  0.000000000000000E+000
         336  0.000000000000000E+000  0.000000000000000E+000
         337  0.000000000000000E+000  0.000000000000000E+000
         338  0.000000000000000E+000  0.000000000000000E+000
         339  0.000000000000000E+000  0.000000000000000E+000
         340  0.000000000000000E+000  0.000000000000000E+000
         341  0.000000000000000E+000  0.000000000000000E+000
         342  0.000000000000000E+000  0.000000000000000E+000
         343  0.000000000000000E+000  0.000000000000000E+000
         344  0.000000000000000E+000  0.000000000000000E+000
         345  0.000000000000000E+000  0.000000000000000E+000
         346  0.000000000000000E+000  0.000000000000000E+000
         347  0.000000000000000E+000  0.000000000000000E+000
         348  0.000000000000000E+000  0.000000000000000E+000
         349  0.000000000000000E+000  0.000000000000000E+000
         350  0.000000000000000E+000  0.000000000000000E+000
         351  0.000000000000000E+000  0.000000000000000E+000
         352  0.000000000000000E+000  0.000000000000000E+000
         353  0.000000000000000E+000  0.000000000000000E+000
         354  0.000000000000000E+000  0.000000000000000E+000
         355  0.000000000000000E+000  0.000000000000000E+000
         356  0.000000000000000E+000  0.000000000000000E+000
         357  0.000000000000000E+000  0.000000000000000E+000
         358  0.000000000000000E+000  0.000000000000000E+000
         359  0.000000000000000E+000  0.000000000000000E+000
         360  0.000000000000000E+000  0.000000000000000E+000
         361  0.000000000000000E+000  0.000000000000000E+000
         362  0.000000000000000E+000  0.000000000000000E+000
         363  0.000000000000000E+000  0.000000000000000E+000
         364  0.000000000000000E+000  0.000000000000000E+000
         365  0.000000000000000E+000  0.000000000000000E+000
         366  0.000000000000000E+000  0.000000000000000E+000
         367  0.000000000000000E+000  0.000000000000000E+000
         368  0.000000000000000E+000  0.000000000000000E+000
         369  0.000000000000000E+000  0.000000000000000E+000
         370  0.000000000000000E+000  0.000000000000000E+000
         371  0.000000000000000E+000  0.000000000000000E+000
         372  0.000000000000000E+000  0.000000000000000E+000
         373  0.000000000000000E+000  0.000000000000000E+000
         374  0.000000000000000E+000  0.000000000000000E+000
         375  0.000000000000000E+000  0.000000000000000E+000
         376  0.000000000000000E+000  0.000000000000000E+000
         377  0.000000000000000E+000  0.000000000000000E+000
         378  0.000000000000000E+000  0.000000000000000E+000
         379  0.000000000000000E+000  0.000000000000000E+000
         380  0.000000000000000E+000  0.000000000000000E+000
         381  0.000000000000000E+000  0.000000000000000E+000
         382  0.000000000000000E+000  0.000000000000000E+000
         383  0.000000000000000E+000  0.000000000000000E+000
         384  0.000000000000000E+000  0.000000000000000E+000
         385  0.000000000000000E+000  0.000000000000000E+000
         386  0.000000000000000E+000  0.000000000000000E+000
         387  0.000000000000000E+000  0.000000000000000E+000
         388  0.000000000000000E+000  0.000000000000000E+000
         389  0.000000000000000E+000  0.000000000000000E+000
         390  0.000000000000000E+000  0.000000000000000E+000
         391  0.000000000000000E+000  0.000000000000000E+000
         392  0.000000000000000E+000  0.000000000000000E+000
         393  0.000000000000000E+000  0.000000000000000E+000
         394  0.000000000000000E+000  0.000000000000000E+000
         395  0.000000000000000E+000  0.000000000000000E+000
         396  0.000000000000000E+000  0.000000000000000E+000
         397  0.000000000000000E+000  0.000000000000000E+000
         398  0.000000000000000E+000  0.000000000000000E+000
         399  0.000000000000000E+000  0.000000000000000E+000
         400  0.000000000000000E+000  0.000000000000000E+000
         401  0.000000000000000E+000  0.000000000000000E+000
         402  0.000000000000000E+000  0.000000000000000E+000
         403  0.000000000000000E+000  0.000000000000000E+000
         404  0.000000000000000E+000  0.000000000000000E+000
         405  0.000000000000000E+000  0.000000000000000E+000
         406  0.000000000000000E+000  0.000000000000000E+000
         407  0.000000000000000E+000  0.000000000000000E+000
         408  0.000000000000000E+000  0.000000000000000E+000
         409  0.000000000000000E+000  0.000000000000000E+000
         410  0.000000000000000E+000  0.000000000000000E+000
         411  0.000000000000000E+000  0.000000000000000E+000
         412  0.000000000000000E+000  0.000000000000000E+000
         413  0.000000000000000E+000  0.000000000000000E+000
         414  0.000000000000000E+000  0.000000000000000E+000
         415  0.000000000000000E+000  0.000000000000000E+000
         416  0.000000000000000E+000  0.000000000000000E+000
         417  0.000000000000000E+000  0.000000000000000E+000
         418  0.000000000000000E+000  0.000000000000000E+000
         419  0.000000000000000E+000  0.000000000000000E+000
         420  0.000000000000000E+000  0.000000000000000E+000
         421  0.000000000000000E+000  0.000000000000000E+000
         422  0.000000000000000E+000  0.000000000000000E+000
         423  0.000000000000000E+000  0.000000000000000E+000
         424  0.000000000000000E+000  0.000000000000000E+000
         425  0.000000000000000E+000  0.000000000000000E+000
         426  0.000000000000000E+000  0.000000000000000E+000
         427  0.000000000000000E+000  0.000000000000000E+000
         428  0.000000000000000E+000  0.000000000000000E+000
         429  0.000000000000000E+000  0.000000000000000E+000
         430  0.000000000000000E+000  0.000000000000000E+000
         431  0.000000000000000E+000  0.000000000000000E+000
         432  0.000000000000000E+000  0.000000000000000E+000
         433  0.000000000000000E+000  0.000000000000000E+000
         434  0.000000000000000E+000  0.000000000000000E+000
         435  0.000000000000000E+000  0.000000000000000E+000
         436  0.000000000000000E+000  0.000000000000000E+000
         437  0.000000000000000E+000  0.000000000000000E+000
         438  0.000000000000000E+000  0.000000000000000E+000
         439  0.000000000000000E+000  0.000000000000000E+000
         440  0.000000000000000E+000  0.000000000000000E+000
         441  0.000000000000000E+000  0.000000000000000E+000
         442  0.000000000000000E+000  0.000000000000000E+000
         443  0.000000000000000E+000  0.000000000000000E+000
         444  0.000000000000000E+000  0.000000000000000E+000
