           0  0.000000000000000E+000  0.000000000000000E+000
           1  0.712755608371639        1.09301873073304     
           2  0.518151358724913        2.42612086639273     
           3  0.181828371167080        1.72818778855936     
           4  0.146881871731742        2.38529735810901     
           5  0.134081421873782        3.40579851489590     
           6  8.852254293779183E-002   3.26392788303124     
           7  6.962401874254243E-002   3.46734417270421     
           8  5.409457164333979E-002   3.45640856101867     
           9  5.298083503065146E-002   4.30144363301113     
          10  4.108186813535231E-002   4.16871801267653     
          11  3.467708908956381E-002   4.22208768864573     
          12  3.293684662286814E-002   4.74810623547704     
          13  3.088073735128684E-002   5.23589825465163     
          14  2.656803703616827E-002   5.23215470072919     
          15  2.313458688965299E-002   5.21353553807240     
          16  2.245559490190691E-002   5.74294241191576     
          17  2.117843861943870E-002   6.12785520527061     
          18  1.854026081411471E-002   6.03272456468145     
          19  1.625092935186236E-002   5.88594374960873     
          20  1.454713791133562E-002   5.81972386225996     
          21  1.403733658767303E-002   6.20009699766941     
          22  1.261526553162657E-002   6.12036675122582     
          23  1.173753771759824E-002   6.21584418188528     
          24  1.060783805319547E-002   6.10771921434154     
          25  1.061110131471540E-002   6.63304349908520     
          26  9.634940932472781E-003   6.52029823934647     
          27  8.417052915783717E-003   6.14636004491648     
          28  8.045847468439031E-003   6.31658304085604     
          29  7.415021989560316E-003   6.24234005831435     
          30  6.829660619719198E-003   6.15233989818728     
          31  6.418596595302649E-003   6.17151446213990     
          32  5.962118281729966E-003   6.10676120364519     
          33  5.612711501291894E-003   6.10992018020234     
          34  5.377448129790358E-003   6.21811266183658     
          35  4.815075822706493E-003   5.90060188482851     
          36  4.519212125315634E-003   5.85861313422331     
          37  4.298450584960901E-003   5.88840368047532     
          38  4.107619711087530E-003   5.93293495228767     
          39  3.722846042926583E-003   5.66244581757553     
          40  3.549403007837069E-003   5.67950334587554     
          41  3.422224381018552E-003   5.75499171476447     
          42  3.076562735904358E-003   5.42983590587070     
          43  2.987661511122000E-003   5.52645112931652     
          44  2.727945519846096E-003   5.28393702946248     
          45  2.618555664735629E-003   5.30568879094413     
          46  2.367012574683954E-003   5.01098521243276     
          47  2.238300696822349E-003   4.94449337495509     
          48  2.130598884606336E-003   4.90749007817365     
          49  2.046904942879867E-003   4.91510481434313     
          50  1.921129888793148E-003   4.80522783438225     
          51  1.742683787663977E-003   4.53464015663869     
          52  1.665166871657880E-003   4.50384857342947     
          53  1.577957923615980E-003   4.43392322264495     
          54  1.484584830580584E-003   4.33065082534278     
          55  1.388222060943724E-003   4.19960518239713     
          56  1.307041119715685E-003   4.09837074490586     
          57  1.266925814221544E-003   4.11620250319885     
          58  1.166804217823963E-003   3.92612641562896     
          59  1.092884188360039E-003   3.80492929746964     
          60  1.058924812123791E-003   3.81228995052557     
          61  9.774414092863332E-004   3.63745277817660     
          62  9.203705616501587E-004   3.53922926546461     
          63  8.501986518181205E-004   3.37425964800590     
          64  8.295033969387048E-004   3.39673796088787     
          65  7.893374790151916E-004   3.33511071139620     
          66  7.219552052499935E-004   3.14536737476847     
          67  6.970817087439027E-004   3.12990360368243     
          68  6.423591678849677E-004   2.97078455838068     
          69  6.224836773045358E-004   2.96416464035377     
          70  5.790498532405568E-004   2.83805305586941     
          71  5.402107312235521E-004   2.72334748358755     
          72  5.212418116123851E-004   2.70185884486732     
          73  4.864417551334726E-004   2.59223949014119     
          74  4.702931580526482E-004   2.57571100041094     
          75  4.287910587455924E-004   2.41251244769899     
          76  4.129058830817226E-004   2.38513811622959     
          77  3.914597123751644E-004   2.32125666878093     
          78  3.652463827061176E-004   2.22233261117567     
          79  3.487317812945879E-004   2.17631171113205     
          80  3.301178718238990E-004   2.11246543091773     
          81  3.135741293480560E-004   2.05723683962052     
          82  2.948005294314393E-004   1.98231864505706     
          83  2.791459840096691E-004   1.92316798481019     
          84  2.600248231117067E-004   1.83476249454397     
          85  2.513008186118507E-004   1.81577102916226     
          86  2.338202977096953E-004   1.72943328256566     
          87  2.218235754770511E-004   1.67914900392666     
          88  2.113980515269441E-004   1.63708173519503     
          89  1.979636317228899E-004   1.56806045324443     
          90  1.886834258861930E-004   1.52847654544529     
          91  1.772718681178998E-004   1.46821399514003     
          92  1.691311703113053E-004   1.43169423341962     
          93  1.588278111160616E-004   1.37386659981598     
          94  1.511026461288184E-004   1.33517986076185     
          95  1.418501545202341E-004   1.28009388005607     
          96  1.353172070440371E-004   1.24688995695230     
          97  1.286302813528933E-004   1.21015706087995     
          98  1.221721000203911E-004   1.17341935293826     
          99  1.128558524503160E-004   1.10621856521850     
         100  1.089744852968938E-004   1.08974414258203     
         101  1.026143348136560E-004   1.04680609802327     
         102  9.712555894109834E-005   1.01054293677577     
         103  9.150869695344166E-005  0.970920735741558     
         104  8.563473071457826E-005  0.926166557481358     
         105  8.349189433066797E-005  0.920489727329225     
         106  7.743228684221774E-005  0.870084474177645     
         107  7.326729170959198E-005  0.838846100671295     
         108  6.992746584730631E-005  0.815619365292877     
         109  6.652680942339821E-005  0.790420168847828     
         110  6.270474832098955E-005  0.758815245009757     
         111  5.895817515889291E-005  0.726422834333356     
         112  5.658015452425451E-005  0.709701608336123     
         113  5.304222143531945E-005  0.677266698723057     
         114  5.085545789480357E-005  0.660937219020598     
         115  4.756901735336371E-005  0.629091356188944     
         116  4.546175611372257E-005  0.611720463602831     
         117  4.293987253333974E-005  0.587830603806711     
         118  4.046581761813424E-005  0.563483765510626     
         119  3.817249875045730E-005  0.540535947469807     
         120  3.668039058629013E-005  0.528154819857747     
         121  3.471737584715037E-005  0.508291155499323     
         122  3.279440615332684E-005  0.488124699656021     
         123  3.105590322431318E-005  0.469848977689317     
         124  2.941632195498838E-005  0.452288038516393     
         125  2.805618702416046E-005  0.438396356722222     
         126  2.624220024068822E-005  0.416655662003592     
         127  2.509725293326836E-005  0.404789905324765     
         128  2.387128134977674E-005  0.391080454637873     
         129  2.286569124623867E-005  0.380504688977586     
         130  2.143140229184153E-005  0.362209195940753     
         131  2.017068148375687E-005  0.346142971341027     
         132  1.960273076425873E-005  0.341556156384076     
         133  1.835908571467788E-005  0.324768581911902     
         134  1.761544363391429E-005  0.316314443283659     
         135  1.645347905058813E-005  0.299863351674981     
         136  1.583357298366405E-005  0.292848427914014     
         137  1.509997519143320E-005  0.283422803478314     
         138  1.422429088118063E-005  0.270901106361417     
         139  1.352338959534297E-005  0.261290049106028     
         140  1.296705447531659E-005  0.254142094832303     
         141  1.229981547881496E-005  0.244527538926490     
         142  1.183339623439043E-005  0.238612426543978     
         143  1.108709228445115E-005  0.226714750671102     
         144  1.070505725288033E-005  0.221963126722051     
         145  1.029212816093932E-005  0.216374566656845     
         146  9.844616679479291E-006  0.209846191259202     
         147  9.375569392268045E-006  0.202600238582664     
         148  9.001273549231231E-006  0.197164176601856     
         149  8.638714508992221E-006  0.191798137441401     
         150  8.272430257221779E-006  0.186142137268728     
         151  7.891810599366372E-006  0.179951596970459     
         152  7.696672864813851E-006  0.177826781892710     
         153  7.395206638924313E-006  0.173119332327154     
         154  7.175823638485392E-006  0.170190937671409     
         155  6.875036208155685E-006  0.165177481449794     
         156  6.705267755971489E-006  0.163181865264454     
         157  6.547712485893086E-006  0.161399414560034     
         158  6.356225549142244E-006  0.158681930052929     
         159  6.148649201648945E-006  0.155441852596003     
         160  6.065307713770727E-006  0.155267049485129     
         161  6.037465670462474E-006  0.156501426569183     
         162  5.846894583753533E-006  0.153455731575537     
         163  5.860101786954434E-006  0.155705227611597     
         164  5.763408226964651E-006  0.155019899515348     
         165  5.857793187716531E-006  0.159486616754217     
         166  5.791420363595139E-006  0.159597567081832     
         167  5.932715254117740E-006  0.165461955334625     
         168  6.052817782552760E-006  0.170845342802315     
         169  6.274871092239208E-006  0.179227582601368     
         170  6.803956578655125E-006  0.196662467320805     
         171  1.117463349365741E-006  3.251788730994178E-002
         172  0.000000000000000E+000  0.000000000000000E+000
         173  0.000000000000000E+000  0.000000000000000E+000
         174  0.000000000000000E+000  0.000000000000000E+000
         175  0.000000000000000E+000  0.000000000000000E+000
         176  0.000000000000000E+000  0.000000000000000E+000
         177  0.000000000000000E+000  0.000000000000000E+000
         178  0.000000000000000E+000  0.000000000000000E+000
         179  0.000000000000000E+000  0.000000000000000E+000
         180  0.000000000000000E+000  0.000000000000000E+000
         181  0.000000000000000E+000  0.000000000000000E+000
         182  0.000000000000000E+000  0.000000000000000E+000
         183  0.000000000000000E+000  0.000000000000000E+000
         184  0.000000000000000E+000  0.000000000000000E+000
         185  0.000000000000000E+000  0.000000000000000E+000
         186  0.000000000000000E+000  0.000000000000000E+000
         187  0.000000000000000E+000  0.000000000000000E+000
         188  0.000000000000000E+000  0.000000000000000E+000
         189  0.000000000000000E+000  0.000000000000000E+000
         190  0.000000000000000E+000  0.000000000000000E+000
         191  0.000000000000000E+000  0.000000000000000E+000
         192  0.000000000000000E+000  0.000000000000000E+000
         193  0.000000000000000E+000  0.000000000000000E+000
         194  0.000000000000000E+000  0.000000000000000E+000
         195  0.000000000000000E+000  0.000000000000000E+000
         196  0.000000000000000E+000  0.000000000000000E+000
         197  0.000000000000000E+000  0.000000000000000E+000
         198  0.000000000000000E+000  0.000000000000000E+000
         199  0.000000000000000E+000  0.000000000000000E+000
         200  0.000000000000000E+000  0.000000000000000E+000
         201  0.000000000000000E+000  0.000000000000000E+000
         202  0.000000000000000E+000  0.000000000000000E+000
         203  0.000000000000000E+000  0.000000000000000E+000
         204  0.000000000000000E+000  0.000000000000000E+000
         205  0.000000000000000E+000  0.000000000000000E+000
         206  0.000000000000000E+000  0.000000000000000E+000
         207  0.000000000000000E+000  0.000000000000000E+000
         208  0.000000000000000E+000  0.000000000000000E+000
         209  0.000000000000000E+000  0.000000000000000E+000
         210  0.000000000000000E+000  0.000000000000000E+000
         211  0.000000000000000E+000  0.000000000000000E+000
         212  0.000000000000000E+000  0.000000000000000E+000
         213  0.000000000000000E+000  0.000000000000000E+000
         214  0.000000000000000E+000  0.000000000000000E+000
         215  0.000000000000000E+000  0.000000000000000E+000
         216  0.000000000000000E+000  0.000000000000000E+000
         217  0.000000000000000E+000  0.000000000000000E+000
         218  0.000000000000000E+000  0.000000000000000E+000
         219  0.000000000000000E+000  0.000000000000000E+000
         220  0.000000000000000E+000  0.000000000000000E+000
         221  0.000000000000000E+000  0.000000000000000E+000
         222  0.000000000000000E+000  0.000000000000000E+000
         223  0.000000000000000E+000  0.000000000000000E+000
         224  0.000000000000000E+000  0.000000000000000E+000
         225  0.000000000000000E+000  0.000000000000000E+000
         226  0.000000000000000E+000  0.000000000000000E+000
         227  0.000000000000000E+000  0.000000000000000E+000
         228  0.000000000000000E+000  0.000000000000000E+000
         229  0.000000000000000E+000  0.000000000000000E+000
         230  0.000000000000000E+000  0.000000000000000E+000
         231  0.000000000000000E+000  0.000000000000000E+000
         232  0.000000000000000E+000  0.000000000000000E+000
         233  0.000000000000000E+000  0.000000000000000E+000
         234  0.000000000000000E+000  0.000000000000000E+000
         235  0.000000000000000E+000  0.000000000000000E+000
         236  0.000000000000000E+000  0.000000000000000E+000
         237  0.000000000000000E+000  0.000000000000000E+000
         238  0.000000000000000E+000  0.000000000000000E+000
         239  0.000000000000000E+000  0.000000000000000E+000
         240  0.000000000000000E+000  0.000000000000000E+000
         241  0.000000000000000E+000  0.000000000000000E+000
         242  0.000000000000000E+000  0.000000000000000E+000
         243  0.000000000000000E+000  0.000000000000000E+000
         244  0.000000000000000E+000  0.000000000000000E+000
         245  0.000000000000000E+000  0.000000000000000E+000
         246  0.000000000000000E+000  0.000000000000000E+000
         247  0.000000000000000E+000  0.000000000000000E+000
         248  0.000000000000000E+000  0.000000000000000E+000
         249  0.000000000000000E+000  0.000000000000000E+000
         250  0.000000000000000E+000  0.000000000000000E+000
         251  0.000000000000000E+000  0.000000000000000E+000
         252  0.000000000000000E+000  0.000000000000000E+000
         253  0.000000000000000E+000  0.000000000000000E+000
         254  0.000000000000000E+000  0.000000000000000E+000
         255  0.000000000000000E+000  0.000000000000000E+000
         256  0.000000000000000E+000  0.000000000000000E+000
         257  0.000000000000000E+000  0.000000000000000E+000
         258  0.000000000000000E+000  0.000000000000000E+000
         259  0.000000000000000E+000  0.000000000000000E+000
         260  0.000000000000000E+000  0.000000000000000E+000
         261  0.000000000000000E+000  0.000000000000000E+000
         262  0.000000000000000E+000  0.000000000000000E+000
         263  0.000000000000000E+000  0.000000000000000E+000
         264  0.000000000000000E+000  0.000000000000000E+000
         265  0.000000000000000E+000  0.000000000000000E+000
         266  0.000000000000000E+000  0.000000000000000E+000
         267  0.000000000000000E+000  0.000000000000000E+000
         268  0.000000000000000E+000  0.000000000000000E+000
         269  0.000000000000000E+000  0.000000000000000E+000
         270  0.000000000000000E+000  0.000000000000000E+000
         271  0.000000000000000E+000  0.000000000000000E+000
         272  0.000000000000000E+000  0.000000000000000E+000
         273  0.000000000000000E+000  0.000000000000000E+000
         274  0.000000000000000E+000  0.000000000000000E+000
         275  0.000000000000000E+000  0.000000000000000E+000
         276  0.000000000000000E+000  0.000000000000000E+000
         277  0.000000000000000E+000  0.000000000000000E+000
         278  0.000000000000000E+000  0.000000000000000E+000
         279  0.000000000000000E+000  0.000000000000000E+000
         280  0.000000000000000E+000  0.000000000000000E+000
         281  0.000000000000000E+000  0.000000000000000E+000
         282  0.000000000000000E+000  0.000000000000000E+000
         283  0.000000000000000E+000  0.000000000000000E+000
         284  0.000000000000000E+000  0.000000000000000E+000
         285  0.000000000000000E+000  0.000000000000000E+000
         286  0.000000000000000E+000  0.000000000000000E+000
         287  0.000000000000000E+000  0.000000000000000E+000
         288  0.000000000000000E+000  0.000000000000000E+000
         289  0.000000000000000E+000  0.000000000000000E+000
         290  0.000000000000000E+000  0.000000000000000E+000
         291  0.000000000000000E+000  0.000000000000000E+000
         292  0.000000000000000E+000  0.000000000000000E+000
         293  0.000000000000000E+000  0.000000000000000E+000
         294  0.000000000000000E+000  0.000000000000000E+000
         295  0.000000000000000E+000  0.000000000000000E+000
         296  0.000000000000000E+000  0.000000000000000E+000
         297  0.000000000000000E+000  0.000000000000000E+000
         298  0.000000000000000E+000  0.000000000000000E+000
         299  0.000000000000000E+000  0.000000000000000E+000
         300  0.000000000000000E+000  0.000000000000000E+000
         301  0.000000000000000E+000  0.000000000000000E+000
         302  0.000000000000000E+000  0.000000000000000E+000
         303  0.000000000000000E+000  0.000000000000000E+000
         304  0.000000000000000E+000  0.000000000000000E+000
         305  0.000000000000000E+000  0.000000000000000E+000
         306  0.000000000000000E+000  0.000000000000000E+000
         307  0.000000000000000E+000  0.000000000000000E+000
         308  0.000000000000000E+000  0.000000000000000E+000
         309  0.000000000000000E+000  0.000000000000000E+000
         310  0.000000000000000E+000  0.000000000000000E+000
         311  0.000000000000000E+000  0.000000000000000E+000
         312  0.000000000000000E+000  0.000000000000000E+000
         313  0.000000000000000E+000  0.000000000000000E+000
         314  0.000000000000000E+000  0.000000000000000E+000
         315  0.000000000000000E+000  0.000000000000000E+000
         316  0.000000000000000E+000  0.000000000000000E+000
         317  0.000000000000000E+000  0.000000000000000E+000
         318  0.000000000000000E+000  0.000000000000000E+000
         319  0.000000000000000E+000  0.000000000000000E+000
         320  0.000000000000000E+000  0.000000000000000E+000
         321  0.000000000000000E+000  0.000000000000000E+000
         322  0.000000000000000E+000  0.000000000000000E+000
         323  0.000000000000000E+000  0.000000000000000E+000
         324  0.000000000000000E+000  0.000000000000000E+000
         325  0.000000000000000E+000  0.000000000000000E+000
         326  0.000000000000000E+000  0.000000000000000E+000
         327  0.000000000000000E+000  0.000000000000000E+000
         328  0.000000000000000E+000  0.000000000000000E+000
         329  0.000000000000000E+000  0.000000000000000E+000
         330  0.000000000000000E+000  0.000000000000000E+000
         331  0.000000000000000E+000  0.000000000000000E+000
         332  0.000000000000000E+000  0.000000000000000E+000
         333  0.000000000000000E+000  0.000000000000000E+000
         334  0.000000000000000E+000  0.000000000000000E+000
         335  0.000000000000000E+000  0.000000000000000E+000
         336  0.000000000000000E+000  0.000000000000000E+000
         337  0.000000000000000E+000  0.000000000000000E+000
         338  0.000000000000000E+000  0.000000000000000E+000
         339  0.000000000000000E+000  0.000000000000000E+000
         340  0.000000000000000E+000  0.000000000000000E+000
         341  0.000000000000000E+000  0.000000000000000E+000
         342  0.000000000000000E+000  0.000000000000000E+000
         343  0.000000000000000E+000  0.000000000000000E+000
         344  0.000000000000000E+000  0.000000000000000E+000
         345  0.000000000000000E+000  0.000000000000000E+000
         346  0.000000000000000E+000  0.000000000000000E+000
         347  0.000000000000000E+000  0.000000000000000E+000
         348  0.000000000000000E+000  0.000000000000000E+000
         349  0.000000000000000E+000  0.000000000000000E+000
         350  0.000000000000000E+000  0.000000000000000E+000
         351  0.000000000000000E+000  0.000000000000000E+000
         352  0.000000000000000E+000  0.000000000000000E+000
         353  0.000000000000000E+000  0.000000000000000E+000
         354  0.000000000000000E+000  0.000000000000000E+000
         355  0.000000000000000E+000  0.000000000000000E+000
         356  0.000000000000000E+000  0.000000000000000E+000
         357  0.000000000000000E+000  0.000000000000000E+000
         358  0.000000000000000E+000  0.000000000000000E+000
         359  0.000000000000000E+000  0.000000000000000E+000
         360  0.000000000000000E+000  0.000000000000000E+000
         361  0.000000000000000E+000  0.000000000000000E+000
         362  0.000000000000000E+000  0.000000000000000E+000
         363  0.000000000000000E+000  0.000000000000000E+000
         364  0.000000000000000E+000  0.000000000000000E+000
         365  0.000000000000000E+000  0.000000000000000E+000
         366  0.000000000000000E+000  0.000000000000000E+000
         367  0.000000000000000E+000  0.000000000000000E+000
         368  0.000000000000000E+000  0.000000000000000E+000
         369  0.000000000000000E+000  0.000000000000000E+000
         370  0.000000000000000E+000  0.000000000000000E+000
         371  0.000000000000000E+000  0.000000000000000E+000
         372  0.000000000000000E+000  0.000000000000000E+000
         373  0.000000000000000E+000  0.000000000000000E+000
         374  0.000000000000000E+000  0.000000000000000E+000
         375  0.000000000000000E+000  0.000000000000000E+000
         376  0.000000000000000E+000  0.000000000000000E+000
         377  0.000000000000000E+000  0.000000000000000E+000
         378  0.000000000000000E+000  0.000000000000000E+000
         379  0.000000000000000E+000  0.000000000000000E+000
         380  0.000000000000000E+000  0.000000000000000E+000
         381  0.000000000000000E+000  0.000000000000000E+000
         382  0.000000000000000E+000  0.000000000000000E+000
         383  0.000000000000000E+000  0.000000000000000E+000
         384  0.000000000000000E+000  0.000000000000000E+000
         385  0.000000000000000E+000  0.000000000000000E+000
         386  0.000000000000000E+000  0.000000000000000E+000
         387  0.000000000000000E+000  0.000000000000000E+000
         388  0.000000000000000E+000  0.000000000000000E+000
         389  0.000000000000000E+000  0.000000000000000E+000
         390  0.000000000000000E+000  0.000000000000000E+000
         391  0.000000000000000E+000  0.000000000000000E+000
         392  0.000000000000000E+000  0.000000000000000E+000
         393  0.000000000000000E+000  0.000000000000000E+000
         394  0.000000000000000E+000  0.000000000000000E+000
         395  0.000000000000000E+000  0.000000000000000E+000
         396  0.000000000000000E+000  0.000000000000000E+000
         397  0.000000000000000E+000  0.000000000000000E+000
         398  0.000000000000000E+000  0.000000000000000E+000
         399  0.000000000000000E+000  0.000000000000000E+000
         400  0.000000000000000E+000  0.000000000000000E+000
         401  0.000000000000000E+000  0.000000000000000E+000
         402  0.000000000000000E+000  0.000000000000000E+000
         403  0.000000000000000E+000  0.000000000000000E+000
         404  0.000000000000000E+000  0.000000000000000E+000
         405  0.000000000000000E+000  0.000000000000000E+000
         406  0.000000000000000E+000  0.000000000000000E+000
         407  0.000000000000000E+000  0.000000000000000E+000
         408  0.000000000000000E+000  0.000000000000000E+000
         409  0.000000000000000E+000  0.000000000000000E+000
         410  0.000000000000000E+000  0.000000000000000E+000
         411  0.000000000000000E+000  0.000000000000000E+000
         412  0.000000000000000E+000  0.000000000000000E+000
         413  0.000000000000000E+000  0.000000000000000E+000
         414  0.000000000000000E+000  0.000000000000000E+000
         415  0.000000000000000E+000  0.000000000000000E+000
         416  0.000000000000000E+000  0.000000000000000E+000
         417  0.000000000000000E+000  0.000000000000000E+000
         418  0.000000000000000E+000  0.000000000000000E+000
         419  0.000000000000000E+000  0.000000000000000E+000
         420  0.000000000000000E+000  0.000000000000000E+000
         421  0.000000000000000E+000  0.000000000000000E+000
         422  0.000000000000000E+000  0.000000000000000E+000
         423  0.000000000000000E+000  0.000000000000000E+000
         424  0.000000000000000E+000  0.000000000000000E+000
         425  0.000000000000000E+000  0.000000000000000E+000
         426  0.000000000000000E+000  0.000000000000000E+000
         427  0.000000000000000E+000  0.000000000000000E+000
         428  0.000000000000000E+000  0.000000000000000E+000
         429  0.000000000000000E+000  0.000000000000000E+000
         430  0.000000000000000E+000  0.000000000000000E+000
         431  0.000000000000000E+000  0.000000000000000E+000
         432  0.000000000000000E+000  0.000000000000000E+000
         433  0.000000000000000E+000  0.000000000000000E+000
         434  0.000000000000000E+000  0.000000000000000E+000
         435  0.000000000000000E+000  0.000000000000000E+000
         436  0.000000000000000E+000  0.000000000000000E+000
         437  0.000000000000000E+000  0.000000000000000E+000
         438  0.000000000000000E+000  0.000000000000000E+000
         439  0.000000000000000E+000  0.000000000000000E+000
         440  0.000000000000000E+000  0.000000000000000E+000
         441  0.000000000000000E+000  0.000000000000000E+000
         442  0.000000000000000E+000  0.000000000000000E+000
         443  0.000000000000000E+000  0.000000000000000E+000
         444  0.000000000000000E+000  0.000000000000000E+000
