           0  0.000000000000000E+000  0.000000000000000E+000
           1  0.641278236415363        1.01067099376347     
           2  0.505773270715904        2.35930121711729     
           3  0.207186752886071        1.97663629761611     
           4  0.160300701434566        2.54621226260096     
           5  0.134071197755055        3.38494091561484     
           6  0.100965935434141        3.73658986360322     
           7  7.212507520381982E-002   3.57574749849159     
           8  6.172226348887629E-002   3.94494740248385     
           9  5.901330175485975E-002   4.80353615717025     
          10  4.451574490804414E-002   4.51563739024640     
          11  3.769413121695424E-002   4.59474186989406     
          12  3.514611009964760E-002   5.07313976526989     
          13  3.387804824818368E-002   5.74216310531345     
          14  2.947121606351156E-002   5.81204306969206     
          15  2.330879005877329E-002   5.24867399562530     
          16  2.449494748192603E-002   6.25218972288406     
          17  2.115987397684799E-002   6.11989461783703     
          18  1.979690606326370E-002   6.43670473102975     
          19  1.673000581170121E-002   6.05789114429107     
          20  1.650601181934231E-002   6.60546965366628     
          21  1.540056568165183E-002   6.80357697542488     
          22  1.377460781699391E-002   6.68165514721336     
          23  1.294559229989988E-002   6.85348692189691     
          24  1.183884716437497E-002   6.81730020741003     
          25  1.137355180490350E-002   7.10861544181284     
          26  1.033345979587789E-002   6.99358670462338     
          27  9.198778634608475E-003   6.71377002135104     
          28  9.036659794971872E-003   7.09348062545726     
          29  8.142664845791944E-003   6.85320272295465     
          30  7.473195719262716E-003   6.73268039922381     
          31  7.067392085758105E-003   6.79591936648093     
          32  6.549246506703368E-003   6.70710874604990     
          33  6.213515149690302E-003   6.76762003220409     
          34  5.964189923212556E-003   6.89699406897551     
          35  5.258563749160624E-003   6.44533918256520     
          36  5.027527661826513E-003   6.51831989730706     
          37  4.629053900768701E-003   6.34130304887308     
          38  4.446704492760911E-003   6.42399861557902     
          39  4.026700545908548E-003   6.12685415549553     
          40  3.896868854114411E-003   6.23532223941946     
          41  3.707643040622975E-003   6.23515446760192     
          42  3.465422802412425E-003   6.11645288704257     
          43  3.280665537694679E-003   6.06884385279228     
          44  3.026707751295346E-003   5.86315056839787     
          45  2.888054115767657E-003   5.85103745092663     
          46  2.635078499131182E-003   5.57899799573282     
          47  2.487998574678131E-003   5.49561706379089     
          48  2.397855140091750E-003   5.52273453348294     
          49  2.281787936850949E-003   5.47897042318922     
          50  2.113264368396988E-003   5.28527723259050     
          51  1.937175464343099E-003   5.04006569947644     
          52  1.889499720209553E-003   5.10968638733817     
          53  1.793663223520923E-003   5.04101429316210     
          54  1.651239613031026E-003   4.81762819649977     
          55  1.563980211690565E-003   4.73122592240456     
          56  1.471937135008244E-003   4.61562488272423     
          57  1.418996645320855E-003   4.61080308102059     
          58  1.313779292912370E-003   4.42090484316798     
          59  1.249245386431336E-003   4.34904951278513     
          60  1.190879438458701E-003   4.28747896535929     
          61  1.112828652883050E-003   4.14173079047989     
          62  1.060769376539506E-003   4.07875473987758     
          63  9.662743528112068E-004   3.83505268138895     
          64  9.402597243515417E-004   3.85038609931449     
          65  8.982368956125728E-004   3.79512887172021     
          66  8.179696681133463E-004   3.56370539690510     
          67  8.020961178775677E-004   3.60143802436729     
          68  7.402923876407361E-004   3.42361516099337     
          69  7.115724044379992E-004   3.38831954151589     
          70  6.595845639619884E-004   3.23264082589329     
          71  6.276578199828225E-004   3.16421563565993     
          72  6.049249421356999E-004   3.13573957166651     
          73  5.575407780006231E-004   2.97126840765057     
          74  5.381923654347395E-004   2.94742275792931     
          75  4.958700380722188E-004   2.78969015593582     
          76  4.793870606899873E-004   2.76900994497283     
          77  4.591583287688451E-004   2.72273308455967     
          78  4.221718080798380E-004   2.56883047778555     
          79  4.038555640766097E-004   2.52041228898667     
          80  3.816362669893916E-004   2.44221937146731     
          81  3.675673476157085E-004   2.41154577102819     
          82  3.445650731192182E-004   2.31699568343658     
          83  3.247307877560063E-004   2.23722864039028     
          84  3.062407863578807E-004   2.16075541165721     
          85  2.931943039306655E-004   2.11848000457052     
          86  2.761752645690773E-004   2.04280060198324     
          87  2.606615474126105E-004   1.97321111384728     
          88  2.467335534512520E-004   1.91077182486716     
          89  2.347036259832326E-004   1.85903991081881     
          90  2.243347051378194E-004   1.81729404803948     
          91  2.114220505742755E-004   1.75111225451500     
          92  1.990388401496432E-004   1.68481849440045     
          93  1.874671900178310E-004   1.62154572419385     
          94  1.775148642273637E-004   1.56855118145100     
          95  1.684657070846218E-004   1.52028631549676     
          96  1.616204256486766E-004   1.48926234005980     
          97  1.537260317389146E-004   1.44626732334403     
          98  1.466262491129954E-004   1.40828118535369     
          99  1.354804665267197E-004   1.32800761114741     
         100  1.299932218247271E-004   1.29993576898528     
         101  1.231312791144513E-004   1.25612226439661     
         102  1.171644716444508E-004   1.21903004889916     
         103  1.105177545829687E-004   1.17261589337951     
         104  1.035415580928750E-004   1.11987457684103     
         105  1.000516437263753E-004   1.10307108586234     
         106  9.372639388093838E-005   1.05322179948940     
         107  8.926746080567210E-005   1.02204621192429     
         108  8.502695359768028E-005  0.991737617535653     
         109  8.135906494244987E-005  0.966663061633441     
         110  7.610030532737496E-005  0.920920164944243     
         111  7.184712432677716E-005  0.885223311640146     
         112  6.919690460918687E-005  0.867953640602826     
         113  6.505830940779118E-005  0.830723550653455     
         114  6.221765053094911E-005  0.808595466345176     
         115  5.830599710660472E-005  0.771118900396911     
         116  5.593176680113625E-005  0.752596183021035     
         117  5.319136607579774E-005  0.728187316198865     
         118  4.950230947285955E-005  0.689329408566111     
         119  4.720509633084528E-005  0.668430380707793     
         120  4.541636650527638E-005  0.653951959317011     
         121  4.278406183078588E-005  0.626387014310605     
         122  4.081559964851141E-005  0.607505883504746     
         123  3.864740740066868E-005  0.584710831895600     
         124  3.658012541063884E-005  0.562456568762379     
         125  3.509497189530755E-005  0.548388579709665     
         126  3.271020407179861E-005  0.519358926647490     
         127  3.131904874470118E-005  0.505139457457399     
         128  2.970972217203902E-005  0.486730821477884     
         129  2.866207163917517E-005  0.476965777936583     
         130  2.694852513189174E-005  0.455451703229063     
         131  2.543994114457540E-005  0.436571593069031     
         132  2.464563504679293E-005  0.429423507474663     
         133  2.318791927398401E-005  0.410191149537867     
         134  2.220079013695832E-005  0.398653640985558     
         135  2.090163388146580E-005  0.380934167257285     
         136  2.011129602767138E-005  0.371969478732267     
         137  1.924073405137397E-005  0.361147836296901     
         138  1.823978216826559E-005  0.347382887698237     
         139  1.714415033494747E-005  0.331244947779846     
         140  1.659150635422301E-005  0.325183391447733     
         141  1.583160196161834E-005  0.314744923728024     
         142  1.520149028167356E-005  0.306526726302156     
         143  1.418259023821578E-005  0.290019305335824     
         144  1.377275334785311E-005  0.285571736141965     
         145  1.328256730880431E-005  0.279247971465684     
         146  1.270709798231597E-005  0.270862812831723     
         147  1.216547449156021E-005  0.262890529610737     
         148  1.166220614694070E-005  0.255456684961773     
         149  1.122125367238285E-005  0.249138695747368     
         150  1.072575592101495E-005  0.241347951725262     
         151  1.035183784730420E-005  0.236043876024521     
         152  1.005909902078683E-005  0.232410024946402     
         153  9.681462746367677E-006  0.226636934413443     
         154  9.466331534565648E-006  0.224515721856323     
         155  9.079443327954617E-006  0.218140977782610     
         156  8.846368826480182E-006  0.215285741083902     
         157  8.661040143779511E-006  0.213490057078641     
         158  8.401260234382268E-006  0.209737059050492     
         159  8.194890445851495E-006  0.207170528322880     
         160  8.064193750309221E-006  0.206439570789490     
         161  8.009443184262725E-006  0.207616587129443     
         162  7.798523177426790E-006  0.204679142559925     
         163  7.797740273709748E-006  0.207191634397033     
         164  7.726188687359757E-006  0.207812609138656     
         165  7.803943801974946E-006  0.212473992634815     
         166  7.747574384935453E-006  0.213503137117183     
         167  7.943080053513013E-006  0.221533789355176     
         168  8.065584283628865E-006  0.227658110740128     
         169  8.362463049076732E-006  0.238852125266186     
         170  8.990594590822810E-006  0.259863733916609     
         171  1.480344897423395E-006  4.307781534133075E-002
         172  0.000000000000000E+000  0.000000000000000E+000
         173  0.000000000000000E+000  0.000000000000000E+000
         174  0.000000000000000E+000  0.000000000000000E+000
         175  0.000000000000000E+000  0.000000000000000E+000
         176  0.000000000000000E+000  0.000000000000000E+000
         177  0.000000000000000E+000  0.000000000000000E+000
         178  0.000000000000000E+000  0.000000000000000E+000
         179  0.000000000000000E+000  0.000000000000000E+000
         180  0.000000000000000E+000  0.000000000000000E+000
         181  0.000000000000000E+000  0.000000000000000E+000
         182  0.000000000000000E+000  0.000000000000000E+000
         183  0.000000000000000E+000  0.000000000000000E+000
         184  0.000000000000000E+000  0.000000000000000E+000
         185  0.000000000000000E+000  0.000000000000000E+000
         186  0.000000000000000E+000  0.000000000000000E+000
         187  0.000000000000000E+000  0.000000000000000E+000
         188  0.000000000000000E+000  0.000000000000000E+000
         189  0.000000000000000E+000  0.000000000000000E+000
         190  0.000000000000000E+000  0.000000000000000E+000
         191  0.000000000000000E+000  0.000000000000000E+000
         192  0.000000000000000E+000  0.000000000000000E+000
         193  0.000000000000000E+000  0.000000000000000E+000
         194  0.000000000000000E+000  0.000000000000000E+000
         195  0.000000000000000E+000  0.000000000000000E+000
         196  0.000000000000000E+000  0.000000000000000E+000
         197  0.000000000000000E+000  0.000000000000000E+000
         198  0.000000000000000E+000  0.000000000000000E+000
         199  0.000000000000000E+000  0.000000000000000E+000
         200  0.000000000000000E+000  0.000000000000000E+000
         201  0.000000000000000E+000  0.000000000000000E+000
         202  0.000000000000000E+000  0.000000000000000E+000
         203  0.000000000000000E+000  0.000000000000000E+000
         204  0.000000000000000E+000  0.000000000000000E+000
         205  0.000000000000000E+000  0.000000000000000E+000
         206  0.000000000000000E+000  0.000000000000000E+000
         207  0.000000000000000E+000  0.000000000000000E+000
         208  0.000000000000000E+000  0.000000000000000E+000
         209  0.000000000000000E+000  0.000000000000000E+000
         210  0.000000000000000E+000  0.000000000000000E+000
         211  0.000000000000000E+000  0.000000000000000E+000
         212  0.000000000000000E+000  0.000000000000000E+000
         213  0.000000000000000E+000  0.000000000000000E+000
         214  0.000000000000000E+000  0.000000000000000E+000
         215  0.000000000000000E+000  0.000000000000000E+000
         216  0.000000000000000E+000  0.000000000000000E+000
         217  0.000000000000000E+000  0.000000000000000E+000
         218  0.000000000000000E+000  0.000000000000000E+000
         219  0.000000000000000E+000  0.000000000000000E+000
         220  0.000000000000000E+000  0.000000000000000E+000
         221  0.000000000000000E+000  0.000000000000000E+000
         222  0.000000000000000E+000  0.000000000000000E+000
         223  0.000000000000000E+000  0.000000000000000E+000
         224  0.000000000000000E+000  0.000000000000000E+000
         225  0.000000000000000E+000  0.000000000000000E+000
         226  0.000000000000000E+000  0.000000000000000E+000
         227  0.000000000000000E+000  0.000000000000000E+000
         228  0.000000000000000E+000  0.000000000000000E+000
         229  0.000000000000000E+000  0.000000000000000E+000
         230  0.000000000000000E+000  0.000000000000000E+000
         231  0.000000000000000E+000  0.000000000000000E+000
         232  0.000000000000000E+000  0.000000000000000E+000
         233  0.000000000000000E+000  0.000000000000000E+000
         234  0.000000000000000E+000  0.000000000000000E+000
         235  0.000000000000000E+000  0.000000000000000E+000
         236  0.000000000000000E+000  0.000000000000000E+000
         237  0.000000000000000E+000  0.000000000000000E+000
         238  0.000000000000000E+000  0.000000000000000E+000
         239  0.000000000000000E+000  0.000000000000000E+000
         240  0.000000000000000E+000  0.000000000000000E+000
         241  0.000000000000000E+000  0.000000000000000E+000
         242  0.000000000000000E+000  0.000000000000000E+000
         243  0.000000000000000E+000  0.000000000000000E+000
         244  0.000000000000000E+000  0.000000000000000E+000
         245  0.000000000000000E+000  0.000000000000000E+000
         246  0.000000000000000E+000  0.000000000000000E+000
         247  0.000000000000000E+000  0.000000000000000E+000
         248  0.000000000000000E+000  0.000000000000000E+000
         249  0.000000000000000E+000  0.000000000000000E+000
         250  0.000000000000000E+000  0.000000000000000E+000
         251  0.000000000000000E+000  0.000000000000000E+000
         252  0.000000000000000E+000  0.000000000000000E+000
         253  0.000000000000000E+000  0.000000000000000E+000
         254  0.000000000000000E+000  0.000000000000000E+000
         255  0.000000000000000E+000  0.000000000000000E+000
         256  0.000000000000000E+000  0.000000000000000E+000
         257  0.000000000000000E+000  0.000000000000000E+000
         258  0.000000000000000E+000  0.000000000000000E+000
         259  0.000000000000000E+000  0.000000000000000E+000
         260  0.000000000000000E+000  0.000000000000000E+000
         261  0.000000000000000E+000  0.000000000000000E+000
         262  0.000000000000000E+000  0.000000000000000E+000
         263  0.000000000000000E+000  0.000000000000000E+000
         264  0.000000000000000E+000  0.000000000000000E+000
         265  0.000000000000000E+000  0.000000000000000E+000
         266  0.000000000000000E+000  0.000000000000000E+000
         267  0.000000000000000E+000  0.000000000000000E+000
         268  0.000000000000000E+000  0.000000000000000E+000
         269  0.000000000000000E+000  0.000000000000000E+000
         270  0.000000000000000E+000  0.000000000000000E+000
         271  0.000000000000000E+000  0.000000000000000E+000
         272  0.000000000000000E+000  0.000000000000000E+000
         273  0.000000000000000E+000  0.000000000000000E+000
         274  0.000000000000000E+000  0.000000000000000E+000
         275  0.000000000000000E+000  0.000000000000000E+000
         276  0.000000000000000E+000  0.000000000000000E+000
         277  0.000000000000000E+000  0.000000000000000E+000
         278  0.000000000000000E+000  0.000000000000000E+000
         279  0.000000000000000E+000  0.000000000000000E+000
         280  0.000000000000000E+000  0.000000000000000E+000
         281  0.000000000000000E+000  0.000000000000000E+000
         282  0.000000000000000E+000  0.000000000000000E+000
         283  0.000000000000000E+000  0.000000000000000E+000
         284  0.000000000000000E+000  0.000000000000000E+000
         285  0.000000000000000E+000  0.000000000000000E+000
         286  0.000000000000000E+000  0.000000000000000E+000
         287  0.000000000000000E+000  0.000000000000000E+000
         288  0.000000000000000E+000  0.000000000000000E+000
         289  0.000000000000000E+000  0.000000000000000E+000
         290  0.000000000000000E+000  0.000000000000000E+000
         291  0.000000000000000E+000  0.000000000000000E+000
         292  0.000000000000000E+000  0.000000000000000E+000
         293  0.000000000000000E+000  0.000000000000000E+000
         294  0.000000000000000E+000  0.000000000000000E+000
         295  0.000000000000000E+000  0.000000000000000E+000
         296  0.000000000000000E+000  0.000000000000000E+000
         297  0.000000000000000E+000  0.000000000000000E+000
         298  0.000000000000000E+000  0.000000000000000E+000
         299  0.000000000000000E+000  0.000000000000000E+000
         300  0.000000000000000E+000  0.000000000000000E+000
         301  0.000000000000000E+000  0.000000000000000E+000
         302  0.000000000000000E+000  0.000000000000000E+000
         303  0.000000000000000E+000  0.000000000000000E+000
         304  0.000000000000000E+000  0.000000000000000E+000
         305  0.000000000000000E+000  0.000000000000000E+000
         306  0.000000000000000E+000  0.000000000000000E+000
         307  0.000000000000000E+000  0.000000000000000E+000
         308  0.000000000000000E+000  0.000000000000000E+000
         309  0.000000000000000E+000  0.000000000000000E+000
         310  0.000000000000000E+000  0.000000000000000E+000
         311  0.000000000000000E+000  0.000000000000000E+000
         312  0.000000000000000E+000  0.000000000000000E+000
         313  0.000000000000000E+000  0.000000000000000E+000
         314  0.000000000000000E+000  0.000000000000000E+000
         315  0.000000000000000E+000  0.000000000000000E+000
         316  0.000000000000000E+000  0.000000000000000E+000
         317  0.000000000000000E+000  0.000000000000000E+000
         318  0.000000000000000E+000  0.000000000000000E+000
         319  0.000000000000000E+000  0.000000000000000E+000
         320  0.000000000000000E+000  0.000000000000000E+000
         321  0.000000000000000E+000  0.000000000000000E+000
         322  0.000000000000000E+000  0.000000000000000E+000
         323  0.000000000000000E+000  0.000000000000000E+000
         324  0.000000000000000E+000  0.000000000000000E+000
         325  0.000000000000000E+000  0.000000000000000E+000
         326  0.000000000000000E+000  0.000000000000000E+000
         327  0.000000000000000E+000  0.000000000000000E+000
         328  0.000000000000000E+000  0.000000000000000E+000
         329  0.000000000000000E+000  0.000000000000000E+000
         330  0.000000000000000E+000  0.000000000000000E+000
         331  0.000000000000000E+000  0.000000000000000E+000
         332  0.000000000000000E+000  0.000000000000000E+000
         333  0.000000000000000E+000  0.000000000000000E+000
         334  0.000000000000000E+000  0.000000000000000E+000
         335  0.000000000000000E+000  0.000000000000000E+000
         336  0.000000000000000E+000  0.000000000000000E+000
         337  0.000000000000000E+000  0.000000000000000E+000
         338  0.000000000000000E+000  0.000000000000000E+000
         339  0.000000000000000E+000  0.000000000000000E+000
         340  0.000000000000000E+000  0.000000000000000E+000
         341  0.000000000000000E+000  0.000000000000000E+000
         342  0.000000000000000E+000  0.000000000000000E+000
         343  0.000000000000000E+000  0.000000000000000E+000
         344  0.000000000000000E+000  0.000000000000000E+000
         345  0.000000000000000E+000  0.000000000000000E+000
         346  0.000000000000000E+000  0.000000000000000E+000
         347  0.000000000000000E+000  0.000000000000000E+000
         348  0.000000000000000E+000  0.000000000000000E+000
         349  0.000000000000000E+000  0.000000000000000E+000
         350  0.000000000000000E+000  0.000000000000000E+000
         351  0.000000000000000E+000  0.000000000000000E+000
         352  0.000000000000000E+000  0.000000000000000E+000
         353  0.000000000000000E+000  0.000000000000000E+000
         354  0.000000000000000E+000  0.000000000000000E+000
         355  0.000000000000000E+000  0.000000000000000E+000
         356  0.000000000000000E+000  0.000000000000000E+000
         357  0.000000000000000E+000  0.000000000000000E+000
         358  0.000000000000000E+000  0.000000000000000E+000
         359  0.000000000000000E+000  0.000000000000000E+000
         360  0.000000000000000E+000  0.000000000000000E+000
         361  0.000000000000000E+000  0.000000000000000E+000
         362  0.000000000000000E+000  0.000000000000000E+000
         363  0.000000000000000E+000  0.000000000000000E+000
         364  0.000000000000000E+000  0.000000000000000E+000
         365  0.000000000000000E+000  0.000000000000000E+000
         366  0.000000000000000E+000  0.000000000000000E+000
         367  0.000000000000000E+000  0.000000000000000E+000
         368  0.000000000000000E+000  0.000000000000000E+000
         369  0.000000000000000E+000  0.000000000000000E+000
         370  0.000000000000000E+000  0.000000000000000E+000
         371  0.000000000000000E+000  0.000000000000000E+000
         372  0.000000000000000E+000  0.000000000000000E+000
         373  0.000000000000000E+000  0.000000000000000E+000
         374  0.000000000000000E+000  0.000000000000000E+000
         375  0.000000000000000E+000  0.000000000000000E+000
         376  0.000000000000000E+000  0.000000000000000E+000
         377  0.000000000000000E+000  0.000000000000000E+000
         378  0.000000000000000E+000  0.000000000000000E+000
         379  0.000000000000000E+000  0.000000000000000E+000
         380  0.000000000000000E+000  0.000000000000000E+000
         381  0.000000000000000E+000  0.000000000000000E+000
         382  0.000000000000000E+000  0.000000000000000E+000
         383  0.000000000000000E+000  0.000000000000000E+000
         384  0.000000000000000E+000  0.000000000000000E+000
         385  0.000000000000000E+000  0.000000000000000E+000
         386  0.000000000000000E+000  0.000000000000000E+000
         387  0.000000000000000E+000  0.000000000000000E+000
         388  0.000000000000000E+000  0.000000000000000E+000
         389  0.000000000000000E+000  0.000000000000000E+000
         390  0.000000000000000E+000  0.000000000000000E+000
         391  0.000000000000000E+000  0.000000000000000E+000
         392  0.000000000000000E+000  0.000000000000000E+000
         393  0.000000000000000E+000  0.000000000000000E+000
         394  0.000000000000000E+000  0.000000000000000E+000
         395  0.000000000000000E+000  0.000000000000000E+000
         396  0.000000000000000E+000  0.000000000000000E+000
         397  0.000000000000000E+000  0.000000000000000E+000
         398  0.000000000000000E+000  0.000000000000000E+000
         399  0.000000000000000E+000  0.000000000000000E+000
         400  0.000000000000000E+000  0.000000000000000E+000
         401  0.000000000000000E+000  0.000000000000000E+000
         402  0.000000000000000E+000  0.000000000000000E+000
         403  0.000000000000000E+000  0.000000000000000E+000
         404  0.000000000000000E+000  0.000000000000000E+000
         405  0.000000000000000E+000  0.000000000000000E+000
         406  0.000000000000000E+000  0.000000000000000E+000
         407  0.000000000000000E+000  0.000000000000000E+000
         408  0.000000000000000E+000  0.000000000000000E+000
         409  0.000000000000000E+000  0.000000000000000E+000
         410  0.000000000000000E+000  0.000000000000000E+000
         411  0.000000000000000E+000  0.000000000000000E+000
         412  0.000000000000000E+000  0.000000000000000E+000
         413  0.000000000000000E+000  0.000000000000000E+000
         414  0.000000000000000E+000  0.000000000000000E+000
         415  0.000000000000000E+000  0.000000000000000E+000
         416  0.000000000000000E+000  0.000000000000000E+000
         417  0.000000000000000E+000  0.000000000000000E+000
         418  0.000000000000000E+000  0.000000000000000E+000
         419  0.000000000000000E+000  0.000000000000000E+000
         420  0.000000000000000E+000  0.000000000000000E+000
         421  0.000000000000000E+000  0.000000000000000E+000
         422  0.000000000000000E+000  0.000000000000000E+000
         423  0.000000000000000E+000  0.000000000000000E+000
         424  0.000000000000000E+000  0.000000000000000E+000
         425  0.000000000000000E+000  0.000000000000000E+000
         426  0.000000000000000E+000  0.000000000000000E+000
         427  0.000000000000000E+000  0.000000000000000E+000
         428  0.000000000000000E+000  0.000000000000000E+000
         429  0.000000000000000E+000  0.000000000000000E+000
         430  0.000000000000000E+000  0.000000000000000E+000
         431  0.000000000000000E+000  0.000000000000000E+000
         432  0.000000000000000E+000  0.000000000000000E+000
         433  0.000000000000000E+000  0.000000000000000E+000
         434  0.000000000000000E+000  0.000000000000000E+000
         435  0.000000000000000E+000  0.000000000000000E+000
         436  0.000000000000000E+000  0.000000000000000E+000
         437  0.000000000000000E+000  0.000000000000000E+000
         438  0.000000000000000E+000  0.000000000000000E+000
         439  0.000000000000000E+000  0.000000000000000E+000
         440  0.000000000000000E+000  0.000000000000000E+000
         441  0.000000000000000E+000  0.000000000000000E+000
         442  0.000000000000000E+000  0.000000000000000E+000
         443  0.000000000000000E+000  0.000000000000000E+000
         444  0.000000000000000E+000  0.000000000000000E+000
