           0  0.000000000000000E+000  0.000000000000000E+000
           1  0.718061141420858        1.12906275144682     
           2  0.549183728072782        2.65715141177331     
           3  0.199276928949227        1.91219744226681     
           4  0.150807760226803        2.40972582780464     
           5  0.118868867143562        3.01447519491161     
           6  8.580123528307231E-002   3.20048376397370     
           7  6.945488182286241E-002   3.45532148929837     
           8  5.603124794787996E-002   3.57170741218197     
           9  5.546912223010383E-002   4.50232717875673     
          10  4.150719040522198E-002   4.19652723411670     
          11  3.494909067578197E-002   4.27251521849186     
          12  3.285696958693587E-002   4.73794299279097     
          13  2.887764118639344E-002   4.90120396480635     
          14  2.595972624202154E-002   5.11302926215657     
          15  2.142111058802514E-002   4.82913233732809     
          16  2.166124436700351E-002   5.53211797194621     
          17  1.932037593025316E-002   5.58567489776416     
          18  1.795306445571038E-002   5.83932359866474     
          19  1.587819462206863E-002   5.74222797345788     
          20  1.499152083636068E-002   5.99737013875953     
          21  1.379450371855719E-002   6.09216306117455     
          22  1.194612924660601E-002   5.79228678405945     
          23  1.159056857503658E-002   6.13762357552739     
          24  1.067608455856959E-002   6.14970203394253     
          25  9.962166928953489E-003   6.22981748733468     
          26  9.295387765170799E-003   6.28693092920630     
          27  8.261708286066056E-003   6.02750160820459     
          28  8.015494816270737E-003   6.29214248856769     
          29  7.301259942332473E-003   6.14961416117698     
          30  6.580824505916096E-003   5.92835116057933     
          31  6.269845265189546E-003   6.03065680927946     
          32  5.749106616418432E-003   5.88807288237556     
          33  5.514664720041947E-003   6.00285598858567     
          34  5.205378371620114E-003   6.02005872564790     
          35  4.683334272506796E-003   5.73980491614717     
          36  4.527787013716590E-003   5.86801127738158     
          37  4.169938141806228E-003   5.71065738019673     
          38  3.978456177849395E-003   5.74906289392125     
          39  3.659051873991368E-003   5.56704558089639     
          40  3.405944169005221E-003   5.44917637519368     
          41  3.275025613573151E-003   5.50709081470381     
          42  3.013429918461174E-003   5.31857446652812     
          43  2.826365439003947E-003   5.22743789296163     
          44  2.618746089264237E-003   5.07150642885418     
          45  2.529136049765939E-003   5.12458925739825     
          46  2.280533464354811E-003   4.82854153702682     
          47  2.201592057566497E-003   4.86288729974143     
          48  2.058151169375443E-003   4.74092106398888     
          49  1.989660482516517E-003   4.77716271417850     
          50  1.845950412958533E-003   4.61755981080616     
          51  1.687385771440814E-003   4.39048917619212     
          52  1.625798546868810E-003   4.39716763993652     
          53  1.530655021687690E-003   4.30114899328686     
          54  1.417804060084750E-003   4.13613799552256     
          55  1.349156909158652E-003   4.08116195779759     
          56  1.260384945309942E-003   3.95240143767990     
          57  1.206036110002240E-003   3.91815661122340     
          58  1.107419108522148E-003   3.72632783288253     
          59  1.048654707420220E-003   3.65040804525401     
          60  1.020921506716226E-003   3.67557178334726     
          61  9.451042331475358E-004   3.51755572858161     
          62  8.943100238691455E-004   3.43866450382778     
          63  8.218909512129093E-004   3.26217662767761     
          64  7.991056737240927E-004   3.27215873136982     
          65  7.649222022841947E-004   3.23209570752324     
          66  6.876121393006294E-004   2.99583384358193     
          67  6.723229248583634E-004   3.01854280480280     
          68  6.139541839362959E-004   2.83933917619939     
          69  5.951865188825505E-004   2.83412301935175     
          70  5.592473646468312E-004   2.74087713679638     
          71  5.196118343536075E-004   2.61947530956840     
          72  4.983285991719186E-004   2.58316987016330     
          73  4.648506483513852E-004   2.47711841987589     
          74  4.486417072824604E-004   2.45700981207179     
          75  4.090701207388092E-004   2.30153494763576     
          76  3.945909327281221E-004   2.27937925559104     
          77  3.755279409095181E-004   2.22677444529844     
          78  3.463417126822505E-004   2.10737896212078     
          79  3.299715680835360E-004   2.05920859842111     
          80  3.117295714974899E-004   1.99483993199879     
          81  2.989348022127896E-004   1.96130427124466     
          82  2.806833998960034E-004   1.88743841268774     
          83  2.639971876672067E-004   1.81879753476785     
          84  2.469063320146285E-004   1.74221057707778     
          85  2.379851089027264E-004   1.71951817426279     
          86  2.248105533163479E-004   1.66286078978052     
          87  2.083872942495157E-004   1.57740816520611     
          88  1.988554973159039E-004   1.53988788196753     
          89  1.869657613870895E-004   1.48088779297036     
          90  1.780620703542966E-004   1.44246033374893     
          91  1.678844248840607E-004   1.39052520127929     
          92  1.584958706355659E-004   1.34163622270883     
          93  1.496002102767201E-004   1.29398315513192     
          94  1.406035053489165E-004   1.24240900822517     
          95  1.336940494210981E-004   1.20646719536262     
          96  1.270362795089573E-004   1.17055318720176     
          97  1.208016937024121E-004   1.13650178081783     
          98  1.153281191004929E-004   1.10768141451092     
          99  1.055479764045551E-004   1.03459251348379     
         100  1.018142578629993E-004   1.01818762526417     
         101  9.525621072112470E-005  0.971720930934600     
         102  9.121735210525507E-005  0.949066990616874     
         103  8.560690785663241E-005  0.908307088678078     
         104  7.940455531268433E-005  0.858777428365638     
         105  7.809012642435955E-005  0.860914712193319     
         106  7.216202077325736E-005  0.810867119634428     
         107  6.829660623920864E-005  0.781959858204995     
         108  6.491335142700571E-005  0.757127379255385     
         109  6.184835442517174E-005  0.734849652659303     
         110  5.786592356565862E-005  0.700260487199268     
         111  5.449850502493272E-005  0.671473758940632     
         112  5.220911442397960E-005  0.654867856774544     
         113  4.911350144212031E-005  0.627117097113369     
         114  4.694360209765745E-005  0.610110464381265     
         115  4.370352944893514E-005  0.577988346991672     
         116  4.174572633194791E-005  0.561703360820943     
         117  3.954760123406768E-005  0.541391689302347     
         118  3.714827849656856E-005  0.517280922925554     
         119  3.498533494202048E-005  0.495407246610504     
         120  3.392813493749955E-005  0.488513756110380     
         121  3.158623795987381E-005  0.462452702120684     
         122  3.014101404795040E-005  0.448634066699434     
         123  2.843869733721970E-005  0.430260968347091     
         124  2.685094320845355E-005  0.412856443422629     
         125  2.564372151120304E-005  0.400693968705933     
         126  2.402485004934118E-005  0.381443179151757     
         127  2.282270050728348E-005  0.368103825868285     
         128  2.178138795633907E-005  0.356842242277566     
         129  2.074217073611850E-005  0.345176081820700     
         130  1.955235997626293E-005  0.330455208914033     
         131  1.835943598960588E-005  0.315061126586964     
         132  1.768785436084431E-005  0.308192870746370     
         133  1.665756502052340E-005  0.294663383589837     
         134  1.588079715545145E-005  0.285169252628763     
         135  1.490428053556283E-005  0.271625237160914     
         136  1.429367111558713E-005  0.264359809564300     
         137  1.363868612015747E-005  0.255999301746783     
         138  1.286241991564228E-005  0.244965586209962     
         139  1.218699891072789E-005  0.235468613726198     
         140  1.169527424513945E-005  0.229219112571957     
         141  1.111574497609348E-005  0.220988787507664     
         142  1.061793063703481E-005  0.214102036084942     
         143  9.983094146822912E-006  0.204143968703131     
         144  9.652977006428493E-006  0.200148210377041     
         145  9.182771948874756E-006  0.193051892126831     
         146  8.790831289174150E-006  0.187383387676433     
         147  8.368431467638699E-006  0.180835238698524     
         148  8.059194972831786E-006  0.176528672438096     
         149  7.709806943410762E-006  0.171174896740605     
         150  7.367383116081722E-006  0.165776923794437     
         151  7.013838510377142E-006  0.159929556984251     
         152  6.808142567162811E-006  0.157296649257895     
         153  6.571278520785593E-006  0.153830472172301     
         154  6.362069483307479E-006  0.150888699546459     
         155  6.094285743883836E-006  0.146419404588464     
         156  5.915650233925676E-006  0.143963656182393     
         157  5.780111192557638E-006  0.142475529583958     
         158  5.578001230924709E-006  0.139254909036594     
         159  5.439069788130921E-006  0.137500904382428     
         160  5.357333077882537E-006  0.137145771114728     
         161  5.276140391108881E-006  0.136766980356398     
         162  5.111277526674983E-006  0.134149062158870     
         163  5.119309281592236E-006  0.136023578472080     
         164  5.039410216300561E-006  0.135544996998018     
         165  5.098628787378636E-006  0.138818115501862     
         166  5.054948139215750E-006  0.139301364931491     
         167  5.145060951933487E-006  0.143494000602311     
         168  5.256003590236362E-006  0.148352817120037     
         169  5.431833667061404E-006  0.155146542703419     
         170  5.932957757442018E-006  0.171489387752120     
         171  9.833882432387930E-007  2.861643688761276E-002
         172  0.000000000000000E+000  0.000000000000000E+000
         173  0.000000000000000E+000  0.000000000000000E+000
         174  0.000000000000000E+000  0.000000000000000E+000
         175  0.000000000000000E+000  0.000000000000000E+000
         176  0.000000000000000E+000  0.000000000000000E+000
         177  0.000000000000000E+000  0.000000000000000E+000
         178  0.000000000000000E+000  0.000000000000000E+000
         179  0.000000000000000E+000  0.000000000000000E+000
         180  0.000000000000000E+000  0.000000000000000E+000
         181  0.000000000000000E+000  0.000000000000000E+000
         182  0.000000000000000E+000  0.000000000000000E+000
         183  0.000000000000000E+000  0.000000000000000E+000
         184  0.000000000000000E+000  0.000000000000000E+000
         185  0.000000000000000E+000  0.000000000000000E+000
         186  0.000000000000000E+000  0.000000000000000E+000
         187  0.000000000000000E+000  0.000000000000000E+000
         188  0.000000000000000E+000  0.000000000000000E+000
         189  0.000000000000000E+000  0.000000000000000E+000
         190  0.000000000000000E+000  0.000000000000000E+000
         191  0.000000000000000E+000  0.000000000000000E+000
         192  0.000000000000000E+000  0.000000000000000E+000
         193  0.000000000000000E+000  0.000000000000000E+000
         194  0.000000000000000E+000  0.000000000000000E+000
         195  0.000000000000000E+000  0.000000000000000E+000
         196  0.000000000000000E+000  0.000000000000000E+000
         197  0.000000000000000E+000  0.000000000000000E+000
         198  0.000000000000000E+000  0.000000000000000E+000
         199  0.000000000000000E+000  0.000000000000000E+000
         200  0.000000000000000E+000  0.000000000000000E+000
         201  0.000000000000000E+000  0.000000000000000E+000
         202  0.000000000000000E+000  0.000000000000000E+000
         203  0.000000000000000E+000  0.000000000000000E+000
         204  0.000000000000000E+000  0.000000000000000E+000
         205  0.000000000000000E+000  0.000000000000000E+000
         206  0.000000000000000E+000  0.000000000000000E+000
         207  0.000000000000000E+000  0.000000000000000E+000
         208  0.000000000000000E+000  0.000000000000000E+000
         209  0.000000000000000E+000  0.000000000000000E+000
         210  0.000000000000000E+000  0.000000000000000E+000
         211  0.000000000000000E+000  0.000000000000000E+000
         212  0.000000000000000E+000  0.000000000000000E+000
         213  0.000000000000000E+000  0.000000000000000E+000
         214  0.000000000000000E+000  0.000000000000000E+000
         215  0.000000000000000E+000  0.000000000000000E+000
         216  0.000000000000000E+000  0.000000000000000E+000
         217  0.000000000000000E+000  0.000000000000000E+000
         218  0.000000000000000E+000  0.000000000000000E+000
         219  0.000000000000000E+000  0.000000000000000E+000
         220  0.000000000000000E+000  0.000000000000000E+000
         221  0.000000000000000E+000  0.000000000000000E+000
         222  0.000000000000000E+000  0.000000000000000E+000
         223  0.000000000000000E+000  0.000000000000000E+000
         224  0.000000000000000E+000  0.000000000000000E+000
         225  0.000000000000000E+000  0.000000000000000E+000
         226  0.000000000000000E+000  0.000000000000000E+000
         227  0.000000000000000E+000  0.000000000000000E+000
         228  0.000000000000000E+000  0.000000000000000E+000
         229  0.000000000000000E+000  0.000000000000000E+000
         230  0.000000000000000E+000  0.000000000000000E+000
         231  0.000000000000000E+000  0.000000000000000E+000
         232  0.000000000000000E+000  0.000000000000000E+000
         233  0.000000000000000E+000  0.000000000000000E+000
         234  0.000000000000000E+000  0.000000000000000E+000
         235  0.000000000000000E+000  0.000000000000000E+000
         236  0.000000000000000E+000  0.000000000000000E+000
         237  0.000000000000000E+000  0.000000000000000E+000
         238  0.000000000000000E+000  0.000000000000000E+000
         239  0.000000000000000E+000  0.000000000000000E+000
         240  0.000000000000000E+000  0.000000000000000E+000
         241  0.000000000000000E+000  0.000000000000000E+000
         242  0.000000000000000E+000  0.000000000000000E+000
         243  0.000000000000000E+000  0.000000000000000E+000
         244  0.000000000000000E+000  0.000000000000000E+000
         245  0.000000000000000E+000  0.000000000000000E+000
         246  0.000000000000000E+000  0.000000000000000E+000
         247  0.000000000000000E+000  0.000000000000000E+000
         248  0.000000000000000E+000  0.000000000000000E+000
         249  0.000000000000000E+000  0.000000000000000E+000
         250  0.000000000000000E+000  0.000000000000000E+000
         251  0.000000000000000E+000  0.000000000000000E+000
         252  0.000000000000000E+000  0.000000000000000E+000
         253  0.000000000000000E+000  0.000000000000000E+000
         254  0.000000000000000E+000  0.000000000000000E+000
         255  0.000000000000000E+000  0.000000000000000E+000
         256  0.000000000000000E+000  0.000000000000000E+000
         257  0.000000000000000E+000  0.000000000000000E+000
         258  0.000000000000000E+000  0.000000000000000E+000
         259  0.000000000000000E+000  0.000000000000000E+000
         260  0.000000000000000E+000  0.000000000000000E+000
         261  0.000000000000000E+000  0.000000000000000E+000
         262  0.000000000000000E+000  0.000000000000000E+000
         263  0.000000000000000E+000  0.000000000000000E+000
         264  0.000000000000000E+000  0.000000000000000E+000
         265  0.000000000000000E+000  0.000000000000000E+000
         266  0.000000000000000E+000  0.000000000000000E+000
         267  0.000000000000000E+000  0.000000000000000E+000
         268  0.000000000000000E+000  0.000000000000000E+000
         269  0.000000000000000E+000  0.000000000000000E+000
         270  0.000000000000000E+000  0.000000000000000E+000
         271  0.000000000000000E+000  0.000000000000000E+000
         272  0.000000000000000E+000  0.000000000000000E+000
         273  0.000000000000000E+000  0.000000000000000E+000
         274  0.000000000000000E+000  0.000000000000000E+000
         275  0.000000000000000E+000  0.000000000000000E+000
         276  0.000000000000000E+000  0.000000000000000E+000
         277  0.000000000000000E+000  0.000000000000000E+000
         278  0.000000000000000E+000  0.000000000000000E+000
         279  0.000000000000000E+000  0.000000000000000E+000
         280  0.000000000000000E+000  0.000000000000000E+000
         281  0.000000000000000E+000  0.000000000000000E+000
         282  0.000000000000000E+000  0.000000000000000E+000
         283  0.000000000000000E+000  0.000000000000000E+000
         284  0.000000000000000E+000  0.000000000000000E+000
         285  0.000000000000000E+000  0.000000000000000E+000
         286  0.000000000000000E+000  0.000000000000000E+000
         287  0.000000000000000E+000  0.000000000000000E+000
         288  0.000000000000000E+000  0.000000000000000E+000
         289  0.000000000000000E+000  0.000000000000000E+000
         290  0.000000000000000E+000  0.000000000000000E+000
         291  0.000000000000000E+000  0.000000000000000E+000
         292  0.000000000000000E+000  0.000000000000000E+000
         293  0.000000000000000E+000  0.000000000000000E+000
         294  0.000000000000000E+000  0.000000000000000E+000
         295  0.000000000000000E+000  0.000000000000000E+000
         296  0.000000000000000E+000  0.000000000000000E+000
         297  0.000000000000000E+000  0.000000000000000E+000
         298  0.000000000000000E+000  0.000000000000000E+000
         299  0.000000000000000E+000  0.000000000000000E+000
         300  0.000000000000000E+000  0.000000000000000E+000
         301  0.000000000000000E+000  0.000000000000000E+000
         302  0.000000000000000E+000  0.000000000000000E+000
         303  0.000000000000000E+000  0.000000000000000E+000
         304  0.000000000000000E+000  0.000000000000000E+000
         305  0.000000000000000E+000  0.000000000000000E+000
         306  0.000000000000000E+000  0.000000000000000E+000
         307  0.000000000000000E+000  0.000000000000000E+000
         308  0.000000000000000E+000  0.000000000000000E+000
         309  0.000000000000000E+000  0.000000000000000E+000
         310  0.000000000000000E+000  0.000000000000000E+000
         311  0.000000000000000E+000  0.000000000000000E+000
         312  0.000000000000000E+000  0.000000000000000E+000
         313  0.000000000000000E+000  0.000000000000000E+000
         314  0.000000000000000E+000  0.000000000000000E+000
         315  0.000000000000000E+000  0.000000000000000E+000
         316  0.000000000000000E+000  0.000000000000000E+000
         317  0.000000000000000E+000  0.000000000000000E+000
         318  0.000000000000000E+000  0.000000000000000E+000
         319  0.000000000000000E+000  0.000000000000000E+000
         320  0.000000000000000E+000  0.000000000000000E+000
         321  0.000000000000000E+000  0.000000000000000E+000
         322  0.000000000000000E+000  0.000000000000000E+000
         323  0.000000000000000E+000  0.000000000000000E+000
         324  0.000000000000000E+000  0.000000000000000E+000
         325  0.000000000000000E+000  0.000000000000000E+000
         326  0.000000000000000E+000  0.000000000000000E+000
         327  0.000000000000000E+000  0.000000000000000E+000
         328  0.000000000000000E+000  0.000000000000000E+000
         329  0.000000000000000E+000  0.000000000000000E+000
         330  0.000000000000000E+000  0.000000000000000E+000
         331  0.000000000000000E+000  0.000000000000000E+000
         332  0.000000000000000E+000  0.000000000000000E+000
         333  0.000000000000000E+000  0.000000000000000E+000
         334  0.000000000000000E+000  0.000000000000000E+000
         335  0.000000000000000E+000  0.000000000000000E+000
         336  0.000000000000000E+000  0.000000000000000E+000
         337  0.000000000000000E+000  0.000000000000000E+000
         338  0.000000000000000E+000  0.000000000000000E+000
         339  0.000000000000000E+000  0.000000000000000E+000
         340  0.000000000000000E+000  0.000000000000000E+000
         341  0.000000000000000E+000  0.000000000000000E+000
         342  0.000000000000000E+000  0.000000000000000E+000
         343  0.000000000000000E+000  0.000000000000000E+000
         344  0.000000000000000E+000  0.000000000000000E+000
         345  0.000000000000000E+000  0.000000000000000E+000
         346  0.000000000000000E+000  0.000000000000000E+000
         347  0.000000000000000E+000  0.000000000000000E+000
         348  0.000000000000000E+000  0.000000000000000E+000
         349  0.000000000000000E+000  0.000000000000000E+000
         350  0.000000000000000E+000  0.000000000000000E+000
         351  0.000000000000000E+000  0.000000000000000E+000
         352  0.000000000000000E+000  0.000000000000000E+000
         353  0.000000000000000E+000  0.000000000000000E+000
         354  0.000000000000000E+000  0.000000000000000E+000
         355  0.000000000000000E+000  0.000000000000000E+000
         356  0.000000000000000E+000  0.000000000000000E+000
         357  0.000000000000000E+000  0.000000000000000E+000
         358  0.000000000000000E+000  0.000000000000000E+000
         359  0.000000000000000E+000  0.000000000000000E+000
         360  0.000000000000000E+000  0.000000000000000E+000
         361  0.000000000000000E+000  0.000000000000000E+000
         362  0.000000000000000E+000  0.000000000000000E+000
         363  0.000000000000000E+000  0.000000000000000E+000
         364  0.000000000000000E+000  0.000000000000000E+000
         365  0.000000000000000E+000  0.000000000000000E+000
         366  0.000000000000000E+000  0.000000000000000E+000
         367  0.000000000000000E+000  0.000000000000000E+000
         368  0.000000000000000E+000  0.000000000000000E+000
         369  0.000000000000000E+000  0.000000000000000E+000
         370  0.000000000000000E+000  0.000000000000000E+000
         371  0.000000000000000E+000  0.000000000000000E+000
         372  0.000000000000000E+000  0.000000000000000E+000
         373  0.000000000000000E+000  0.000000000000000E+000
         374  0.000000000000000E+000  0.000000000000000E+000
         375  0.000000000000000E+000  0.000000000000000E+000
         376  0.000000000000000E+000  0.000000000000000E+000
         377  0.000000000000000E+000  0.000000000000000E+000
         378  0.000000000000000E+000  0.000000000000000E+000
         379  0.000000000000000E+000  0.000000000000000E+000
         380  0.000000000000000E+000  0.000000000000000E+000
         381  0.000000000000000E+000  0.000000000000000E+000
         382  0.000000000000000E+000  0.000000000000000E+000
         383  0.000000000000000E+000  0.000000000000000E+000
         384  0.000000000000000E+000  0.000000000000000E+000
         385  0.000000000000000E+000  0.000000000000000E+000
         386  0.000000000000000E+000  0.000000000000000E+000
         387  0.000000000000000E+000  0.000000000000000E+000
         388  0.000000000000000E+000  0.000000000000000E+000
         389  0.000000000000000E+000  0.000000000000000E+000
         390  0.000000000000000E+000  0.000000000000000E+000
         391  0.000000000000000E+000  0.000000000000000E+000
         392  0.000000000000000E+000  0.000000000000000E+000
         393  0.000000000000000E+000  0.000000000000000E+000
         394  0.000000000000000E+000  0.000000000000000E+000
         395  0.000000000000000E+000  0.000000000000000E+000
         396  0.000000000000000E+000  0.000000000000000E+000
         397  0.000000000000000E+000  0.000000000000000E+000
         398  0.000000000000000E+000  0.000000000000000E+000
         399  0.000000000000000E+000  0.000000000000000E+000
         400  0.000000000000000E+000  0.000000000000000E+000
         401  0.000000000000000E+000  0.000000000000000E+000
         402  0.000000000000000E+000  0.000000000000000E+000
         403  0.000000000000000E+000  0.000000000000000E+000
         404  0.000000000000000E+000  0.000000000000000E+000
         405  0.000000000000000E+000  0.000000000000000E+000
         406  0.000000000000000E+000  0.000000000000000E+000
         407  0.000000000000000E+000  0.000000000000000E+000
         408  0.000000000000000E+000  0.000000000000000E+000
         409  0.000000000000000E+000  0.000000000000000E+000
         410  0.000000000000000E+000  0.000000000000000E+000
         411  0.000000000000000E+000  0.000000000000000E+000
         412  0.000000000000000E+000  0.000000000000000E+000
         413  0.000000000000000E+000  0.000000000000000E+000
         414  0.000000000000000E+000  0.000000000000000E+000
         415  0.000000000000000E+000  0.000000000000000E+000
         416  0.000000000000000E+000  0.000000000000000E+000
         417  0.000000000000000E+000  0.000000000000000E+000
         418  0.000000000000000E+000  0.000000000000000E+000
         419  0.000000000000000E+000  0.000000000000000E+000
         420  0.000000000000000E+000  0.000000000000000E+000
         421  0.000000000000000E+000  0.000000000000000E+000
         422  0.000000000000000E+000  0.000000000000000E+000
         423  0.000000000000000E+000  0.000000000000000E+000
         424  0.000000000000000E+000  0.000000000000000E+000
         425  0.000000000000000E+000  0.000000000000000E+000
         426  0.000000000000000E+000  0.000000000000000E+000
         427  0.000000000000000E+000  0.000000000000000E+000
         428  0.000000000000000E+000  0.000000000000000E+000
         429  0.000000000000000E+000  0.000000000000000E+000
         430  0.000000000000000E+000  0.000000000000000E+000
         431  0.000000000000000E+000  0.000000000000000E+000
         432  0.000000000000000E+000  0.000000000000000E+000
         433  0.000000000000000E+000  0.000000000000000E+000
         434  0.000000000000000E+000  0.000000000000000E+000
         435  0.000000000000000E+000  0.000000000000000E+000
         436  0.000000000000000E+000  0.000000000000000E+000
         437  0.000000000000000E+000  0.000000000000000E+000
         438  0.000000000000000E+000  0.000000000000000E+000
         439  0.000000000000000E+000  0.000000000000000E+000
         440  0.000000000000000E+000  0.000000000000000E+000
         441  0.000000000000000E+000  0.000000000000000E+000
         442  0.000000000000000E+000  0.000000000000000E+000
         443  0.000000000000000E+000  0.000000000000000E+000
         444  0.000000000000000E+000  0.000000000000000E+000
