           0  0.000000000000000E+000  0.000000000000000E+000
           1  0.798380536182994        1.13354803118383     
           2  0.517837689331890        2.35802532451361     
           3  0.190825616214777        1.83499137597246     
           4  0.141755451265758        2.31035099885481     
           5  0.126030590207866        3.16927185067841     
           6  8.273057203171633E-002   3.06177202140496     
           7  6.329384711090583E-002   3.16909914431724     
           8  5.472943734371040E-002   3.50774087497784     
           9  5.264478023239243E-002   4.28005555267661     
          10  3.790490097205766E-002   3.84797454115347     
          11  3.470175143130677E-002   4.22050414594844     
          12  3.313437523558811E-002   4.77435095848428     
          13  2.855524053419878E-002   4.84772530556644     
          14  2.550460495866338E-002   5.02142904387256     
          15  2.087794074754638E-002   4.70056716853633     
          16  2.083352891781757E-002   5.32627889045619     
          17  1.921948542043881E-002   5.56682801452724     
          18  1.771253592362616E-002   5.75991165719279     
          19  1.460113716305178E-002   5.28714570557653     
          20  1.428796911870509E-002   5.71611982716504     
          21  1.349097114927901E-002   5.96216108111719     
          22  1.164815683371620E-002   5.64823502204013     
          23  1.148319876912914E-002   6.07865822847491     
          24  1.023223175424013E-002   5.89346720725005     
          25  9.821630924036078E-003   6.13863762770295     
          26  8.841033695123218E-003   5.98535354884328     
          27  8.288932683175355E-003   6.05014406177815     
          28  7.693761277744989E-003   6.03838972285757     
          29  7.056649942060275E-003   5.94354547951384     
          30  6.673150379135613E-003   6.01053402437896     
          31  6.157974457169918E-003   5.92226198087194     
          32  5.693098030354948E-003   5.82973212875463     
          33  5.328281938346054E-003   5.80175599558605     
          34  5.052315837595825E-003   5.84288735261496     
          35  4.642833835081732E-003   5.68933720645854     
          36  4.339924266508531E-003   5.62768411873657     
          37  4.084217367745151E-003   5.59458559396474     
          38  3.804581203760515E-003   5.49762758321361     
          39  3.498647960249317E-003   5.32309021077927     
          40  3.397367132491031E-003   5.43573436864450     
          41  3.231400815483725E-003   5.43254346200732     
          42  2.891522702297073E-003   5.10375526991910     
          43  2.763369249466208E-003   5.11160130555024     
          44  2.577415458818433E-003   4.99127395949207     
          45  2.441423467076210E-003   4.94706150701055     
          46  2.221681230645297E-003   4.70354102161923     
          47  2.127893726469448E-003   4.70010667253965     
          48  2.039456534428533E-003   4.69762846470544     
          49  1.921274638809573E-003   4.61317811470679     
          50  1.788267200056443E-003   4.47283707775236     
          51  1.657275697642162E-003   4.31233818024670     
          52  1.591171033313101E-003   4.30330380766720     
          53  1.492152505724755E-003   4.19328467386357     
          54  1.392460519537020E-003   4.06170163350338     
          55  1.310693171021013E-003   3.96467102893972     
          56  1.236874852940445E-003   3.87864496753468     
          57  1.184199640258594E-003   3.84744816061775     
          58  1.092681643890119E-003   3.67681632222195     
          59  1.008375167734632E-003   3.51035002852889     
          60  9.816710179612552E-004   3.53429438014326     
          61  9.198958140696842E-004   3.42376268669608     
          62  8.653307175234821E-004   3.32751135709551     
          63  7.926168370973740E-004   3.14587273781245     
          64  7.746158227613363E-004   3.17189846899699     
          65  7.331226562842950E-004   3.09753416207864     
          66  6.687614361961516E-004   2.91346110562274     
          67  6.486523417229012E-004   2.91227041392742     
          68  5.930437037751281E-004   2.74264599739578     
          69  5.747768229054737E-004   2.73681895961629     
          70  5.404309818865277E-004   2.64870759735352     
          71  5.047350817461559E-004   2.54447979740617     
          72  4.835559392767481E-004   2.50674034700859     
          73  4.501678136272069E-004   2.39887296731470     
          74  4.326156719178723E-004   2.36934501390459     
          75  3.987627973244794E-004   2.24335966046005     
          76  3.824492941657238E-004   2.20927256074067     
          77  3.602243702912653E-004   2.13615737571980     
          78  3.326482325061022E-004   2.02411018758360     
          79  3.193615107614153E-004   1.99298042059187     
          80  3.010629617922152E-004   1.92650287775985     
          81  2.883422597488868E-004   1.89178725986880     
          82  2.693010806392678E-004   1.81094845608007     
          83  2.527504165208784E-004   1.74124857989208     
          84  2.384903016656787E-004   1.68279670099019     
          85  2.286665973334354E-004   1.65215489543868     
          86  2.147628235790698E-004   1.58853384967560     
          87  2.001538719262930E-004   1.51513305497669     
          88  1.914370027437596E-004   1.48248821421185     
          89  1.799846352035511E-004   1.42560120656911     
          90  1.713007330005923E-004   1.38769006540354     
          91  1.607857500240652E-004   1.33177095711796     
          92  1.525566712262880E-004   1.29142865679031     
          93  1.440810826172593E-004   1.24628575037447     
          94  1.352684064132870E-004   1.19528990894077     
          95  1.279597692748796E-004   1.15473722427368     
          96  1.213167733765180E-004   1.11787119597466     
          97  1.157685556308074E-004   1.08912808257971     
          98  1.095215830024545E-004   1.05192622286526     
          99  1.014990744984841E-004  0.994913358542686     
         100  9.701941824723147E-005  0.970220599348229     
         101  9.113546913683509E-005  0.929682855495446     
         102  8.727736971133038E-005  0.908107580456187     
         103  8.246540226478816E-005  0.874944145113334     
         104  7.615824462302652E-005  0.823709159728745     
         105  7.456984607718571E-005  0.822131825144164     
         106  6.878884548164484E-005  0.772968795771980     
         107  6.578353703037014E-005  0.753164385755684     
         108  6.207507121200652E-005  0.724023122864722     
         109  5.912361887581384E-005  0.702483212095665     
         110  5.542946351835820E-005  0.670769335000758     
         111  5.206087666274953E-005  0.641428293874243     
         112  4.962489170496446E-005  0.622460303828696     
         113  4.719658650567571E-005  0.602644654108950     
         114  4.462187609687639E-005  0.579918191155639     
         115  4.191025174137991E-005  0.554276885088723     
         116  3.979547881485844E-005  0.535472124300044     
         117  3.778289108944250E-005  0.517242851934778     
         118  3.540579030339420E-005  0.493021419042572     
         119  3.340858460509457E-005  0.473075225626164     
         120  3.209060156094881E-005  0.462074278470782     
         121  3.015595427649580E-005  0.441500053507621     
         122  2.872738183867251E-005  0.427586945530498     
         123  2.712816423407524E-005  0.410421901704206     
         124  2.557883911543467E-005  0.393292370430219     
         125  2.446575766599516E-005  0.382287071847642     
         126  2.287900405269070E-005  0.363251560243109     
         127  2.167648962541803E-005  0.349616661220121     
         128  2.065768621326709E-005  0.338428722195025     
         129  1.971923657431024E-005  0.328145871639910     
         130  1.847673407948869E-005  0.312277210026360     
         131  1.740683449221703E-005  0.298712790007270     
         132  1.685354020194932E-005  0.293653516380510     
         133  1.575470896399283E-005  0.278697633007278     
         134  1.505425065805436E-005  0.270322044247128     
         135  1.411907242380846E-005  0.257321187071915     
         136  1.345844028258273E-005  0.248917633673866     
         137  1.291780212035015E-005  0.242467682340015     
         138  1.217584873364994E-005  0.231891455852634     
         139  1.152353061221239E-005  0.222648182460740     
         140  1.099561982894383E-005  0.215509107167694     
         141  1.049717536266402E-005  0.208690531978714     
         142  9.975430008000883E-006  0.201149687304112     
         143  9.390855869765547E-006  0.192031538801205     
         144  9.041062559233762E-006  0.187459246084772     
         145  8.706418154080827E-006  0.183037026146782     
         146  8.255705862569866E-006  0.175975549328129     
         147  7.876152652391328E-006  0.170199231624361     
         148  7.523090518533477E-006  0.164787318150121     
         149  7.252232675845278E-006  0.161014153333687     
         150  6.904580179848262E-006  0.155361771225784     
         151  6.604214260110979E-006  0.150591083391200     
         152  6.387987890304272E-006  0.147589624283891     
         153  6.179233702829659E-006  0.144654203122956     
         154  5.955333543415635E-006  0.141242816643784     
         155  5.693044239123356E-006  0.136777390756305     
         156  5.538874757635459E-006  0.134794249476453     
         157  5.418908578401779E-006  0.133573579900219     
         158  5.252913725908499E-006  0.131137681045504     
         159  5.089738652947075E-006  0.128669293411042     
         160  5.004740341868434E-006  0.128118530433382     
         161  4.941931779985131E-006  0.128104755671190     
         162  4.813824707358959E-006  0.126341580665023     
         163  4.796841749944974E-006  0.127456700386705     
         164  4.706744652248735E-006  0.126598237289825     
         165  4.758837016248122E-006  0.129565516428612     
         166  4.728241221792954E-006  0.130295994589696     
         167  4.815824627002795E-006  0.134311694986738     
         168  4.892328255928846E-006  0.138088372791118     
         169  5.076753042921103E-006  0.145005812137665     
         170  5.485183731083556E-006  0.158544679571338     
         171  9.065813138260929E-007  2.638125843554921E-002
         172  0.000000000000000E+000  0.000000000000000E+000
         173  0.000000000000000E+000  0.000000000000000E+000
         174  0.000000000000000E+000  0.000000000000000E+000
         175  0.000000000000000E+000  0.000000000000000E+000
         176  0.000000000000000E+000  0.000000000000000E+000
         177  0.000000000000000E+000  0.000000000000000E+000
         178  0.000000000000000E+000  0.000000000000000E+000
         179  0.000000000000000E+000  0.000000000000000E+000
         180  0.000000000000000E+000  0.000000000000000E+000
         181  0.000000000000000E+000  0.000000000000000E+000
         182  0.000000000000000E+000  0.000000000000000E+000
         183  0.000000000000000E+000  0.000000000000000E+000
         184  0.000000000000000E+000  0.000000000000000E+000
         185  0.000000000000000E+000  0.000000000000000E+000
         186  0.000000000000000E+000  0.000000000000000E+000
         187  0.000000000000000E+000  0.000000000000000E+000
         188  0.000000000000000E+000  0.000000000000000E+000
         189  0.000000000000000E+000  0.000000000000000E+000
         190  0.000000000000000E+000  0.000000000000000E+000
         191  0.000000000000000E+000  0.000000000000000E+000
         192  0.000000000000000E+000  0.000000000000000E+000
         193  0.000000000000000E+000  0.000000000000000E+000
         194  0.000000000000000E+000  0.000000000000000E+000
         195  0.000000000000000E+000  0.000000000000000E+000
         196  0.000000000000000E+000  0.000000000000000E+000
         197  0.000000000000000E+000  0.000000000000000E+000
         198  0.000000000000000E+000  0.000000000000000E+000
         199  0.000000000000000E+000  0.000000000000000E+000
         200  0.000000000000000E+000  0.000000000000000E+000
         201  0.000000000000000E+000  0.000000000000000E+000
         202  0.000000000000000E+000  0.000000000000000E+000
         203  0.000000000000000E+000  0.000000000000000E+000
         204  0.000000000000000E+000  0.000000000000000E+000
         205  0.000000000000000E+000  0.000000000000000E+000
         206  0.000000000000000E+000  0.000000000000000E+000
         207  0.000000000000000E+000  0.000000000000000E+000
         208  0.000000000000000E+000  0.000000000000000E+000
         209  0.000000000000000E+000  0.000000000000000E+000
         210  0.000000000000000E+000  0.000000000000000E+000
         211  0.000000000000000E+000  0.000000000000000E+000
         212  0.000000000000000E+000  0.000000000000000E+000
         213  0.000000000000000E+000  0.000000000000000E+000
         214  0.000000000000000E+000  0.000000000000000E+000
         215  0.000000000000000E+000  0.000000000000000E+000
         216  0.000000000000000E+000  0.000000000000000E+000
         217  0.000000000000000E+000  0.000000000000000E+000
         218  0.000000000000000E+000  0.000000000000000E+000
         219  0.000000000000000E+000  0.000000000000000E+000
         220  0.000000000000000E+000  0.000000000000000E+000
         221  0.000000000000000E+000  0.000000000000000E+000
         222  0.000000000000000E+000  0.000000000000000E+000
         223  0.000000000000000E+000  0.000000000000000E+000
         224  0.000000000000000E+000  0.000000000000000E+000
         225  0.000000000000000E+000  0.000000000000000E+000
         226  0.000000000000000E+000  0.000000000000000E+000
         227  0.000000000000000E+000  0.000000000000000E+000
         228  0.000000000000000E+000  0.000000000000000E+000
         229  0.000000000000000E+000  0.000000000000000E+000
         230  0.000000000000000E+000  0.000000000000000E+000
         231  0.000000000000000E+000  0.000000000000000E+000
         232  0.000000000000000E+000  0.000000000000000E+000
         233  0.000000000000000E+000  0.000000000000000E+000
         234  0.000000000000000E+000  0.000000000000000E+000
         235  0.000000000000000E+000  0.000000000000000E+000
         236  0.000000000000000E+000  0.000000000000000E+000
         237  0.000000000000000E+000  0.000000000000000E+000
         238  0.000000000000000E+000  0.000000000000000E+000
         239  0.000000000000000E+000  0.000000000000000E+000
         240  0.000000000000000E+000  0.000000000000000E+000
         241  0.000000000000000E+000  0.000000000000000E+000
         242  0.000000000000000E+000  0.000000000000000E+000
         243  0.000000000000000E+000  0.000000000000000E+000
         244  0.000000000000000E+000  0.000000000000000E+000
         245  0.000000000000000E+000  0.000000000000000E+000
         246  0.000000000000000E+000  0.000000000000000E+000
         247  0.000000000000000E+000  0.000000000000000E+000
         248  0.000000000000000E+000  0.000000000000000E+000
         249  0.000000000000000E+000  0.000000000000000E+000
         250  0.000000000000000E+000  0.000000000000000E+000
         251  0.000000000000000E+000  0.000000000000000E+000
         252  0.000000000000000E+000  0.000000000000000E+000
         253  0.000000000000000E+000  0.000000000000000E+000
         254  0.000000000000000E+000  0.000000000000000E+000
         255  0.000000000000000E+000  0.000000000000000E+000
         256  0.000000000000000E+000  0.000000000000000E+000
         257  0.000000000000000E+000  0.000000000000000E+000
         258  0.000000000000000E+000  0.000000000000000E+000
         259  0.000000000000000E+000  0.000000000000000E+000
         260  0.000000000000000E+000  0.000000000000000E+000
         261  0.000000000000000E+000  0.000000000000000E+000
         262  0.000000000000000E+000  0.000000000000000E+000
         263  0.000000000000000E+000  0.000000000000000E+000
         264  0.000000000000000E+000  0.000000000000000E+000
         265  0.000000000000000E+000  0.000000000000000E+000
         266  0.000000000000000E+000  0.000000000000000E+000
         267  0.000000000000000E+000  0.000000000000000E+000
         268  0.000000000000000E+000  0.000000000000000E+000
         269  0.000000000000000E+000  0.000000000000000E+000
         270  0.000000000000000E+000  0.000000000000000E+000
         271  0.000000000000000E+000  0.000000000000000E+000
         272  0.000000000000000E+000  0.000000000000000E+000
         273  0.000000000000000E+000  0.000000000000000E+000
         274  0.000000000000000E+000  0.000000000000000E+000
         275  0.000000000000000E+000  0.000000000000000E+000
         276  0.000000000000000E+000  0.000000000000000E+000
         277  0.000000000000000E+000  0.000000000000000E+000
         278  0.000000000000000E+000  0.000000000000000E+000
         279  0.000000000000000E+000  0.000000000000000E+000
         280  0.000000000000000E+000  0.000000000000000E+000
         281  0.000000000000000E+000  0.000000000000000E+000
         282  0.000000000000000E+000  0.000000000000000E+000
         283  0.000000000000000E+000  0.000000000000000E+000
         284  0.000000000000000E+000  0.000000000000000E+000
         285  0.000000000000000E+000  0.000000000000000E+000
         286  0.000000000000000E+000  0.000000000000000E+000
         287  0.000000000000000E+000  0.000000000000000E+000
         288  0.000000000000000E+000  0.000000000000000E+000
         289  0.000000000000000E+000  0.000000000000000E+000
         290  0.000000000000000E+000  0.000000000000000E+000
         291  0.000000000000000E+000  0.000000000000000E+000
         292  0.000000000000000E+000  0.000000000000000E+000
         293  0.000000000000000E+000  0.000000000000000E+000
         294  0.000000000000000E+000  0.000000000000000E+000
         295  0.000000000000000E+000  0.000000000000000E+000
         296  0.000000000000000E+000  0.000000000000000E+000
         297  0.000000000000000E+000  0.000000000000000E+000
         298  0.000000000000000E+000  0.000000000000000E+000
         299  0.000000000000000E+000  0.000000000000000E+000
         300  0.000000000000000E+000  0.000000000000000E+000
         301  0.000000000000000E+000  0.000000000000000E+000
         302  0.000000000000000E+000  0.000000000000000E+000
         303  0.000000000000000E+000  0.000000000000000E+000
         304  0.000000000000000E+000  0.000000000000000E+000
         305  0.000000000000000E+000  0.000000000000000E+000
         306  0.000000000000000E+000  0.000000000000000E+000
         307  0.000000000000000E+000  0.000000000000000E+000
         308  0.000000000000000E+000  0.000000000000000E+000
         309  0.000000000000000E+000  0.000000000000000E+000
         310  0.000000000000000E+000  0.000000000000000E+000
         311  0.000000000000000E+000  0.000000000000000E+000
         312  0.000000000000000E+000  0.000000000000000E+000
         313  0.000000000000000E+000  0.000000000000000E+000
         314  0.000000000000000E+000  0.000000000000000E+000
         315  0.000000000000000E+000  0.000000000000000E+000
         316  0.000000000000000E+000  0.000000000000000E+000
         317  0.000000000000000E+000  0.000000000000000E+000
         318  0.000000000000000E+000  0.000000000000000E+000
         319  0.000000000000000E+000  0.000000000000000E+000
         320  0.000000000000000E+000  0.000000000000000E+000
         321  0.000000000000000E+000  0.000000000000000E+000
         322  0.000000000000000E+000  0.000000000000000E+000
         323  0.000000000000000E+000  0.000000000000000E+000
         324  0.000000000000000E+000  0.000000000000000E+000
         325  0.000000000000000E+000  0.000000000000000E+000
         326  0.000000000000000E+000  0.000000000000000E+000
         327  0.000000000000000E+000  0.000000000000000E+000
         328  0.000000000000000E+000  0.000000000000000E+000
         329  0.000000000000000E+000  0.000000000000000E+000
         330  0.000000000000000E+000  0.000000000000000E+000
         331  0.000000000000000E+000  0.000000000000000E+000
         332  0.000000000000000E+000  0.000000000000000E+000
         333  0.000000000000000E+000  0.000000000000000E+000
         334  0.000000000000000E+000  0.000000000000000E+000
         335  0.000000000000000E+000  0.000000000000000E+000
         336  0.000000000000000E+000  0.000000000000000E+000
         337  0.000000000000000E+000  0.000000000000000E+000
         338  0.000000000000000E+000  0.000000000000000E+000
         339  0.000000000000000E+000  0.000000000000000E+000
         340  0.000000000000000E+000  0.000000000000000E+000
         341  0.000000000000000E+000  0.000000000000000E+000
         342  0.000000000000000E+000  0.000000000000000E+000
         343  0.000000000000000E+000  0.000000000000000E+000
         344  0.000000000000000E+000  0.000000000000000E+000
         345  0.000000000000000E+000  0.000000000000000E+000
         346  0.000000000000000E+000  0.000000000000000E+000
         347  0.000000000000000E+000  0.000000000000000E+000
         348  0.000000000000000E+000  0.000000000000000E+000
         349  0.000000000000000E+000  0.000000000000000E+000
         350  0.000000000000000E+000  0.000000000000000E+000
         351  0.000000000000000E+000  0.000000000000000E+000
         352  0.000000000000000E+000  0.000000000000000E+000
         353  0.000000000000000E+000  0.000000000000000E+000
         354  0.000000000000000E+000  0.000000000000000E+000
         355  0.000000000000000E+000  0.000000000000000E+000
         356  0.000000000000000E+000  0.000000000000000E+000
         357  0.000000000000000E+000  0.000000000000000E+000
         358  0.000000000000000E+000  0.000000000000000E+000
         359  0.000000000000000E+000  0.000000000000000E+000
         360  0.000000000000000E+000  0.000000000000000E+000
         361  0.000000000000000E+000  0.000000000000000E+000
         362  0.000000000000000E+000  0.000000000000000E+000
         363  0.000000000000000E+000  0.000000000000000E+000
         364  0.000000000000000E+000  0.000000000000000E+000
         365  0.000000000000000E+000  0.000000000000000E+000
         366  0.000000000000000E+000  0.000000000000000E+000
         367  0.000000000000000E+000  0.000000000000000E+000
         368  0.000000000000000E+000  0.000000000000000E+000
         369  0.000000000000000E+000  0.000000000000000E+000
         370  0.000000000000000E+000  0.000000000000000E+000
         371  0.000000000000000E+000  0.000000000000000E+000
         372  0.000000000000000E+000  0.000000000000000E+000
         373  0.000000000000000E+000  0.000000000000000E+000
         374  0.000000000000000E+000  0.000000000000000E+000
         375  0.000000000000000E+000  0.000000000000000E+000
         376  0.000000000000000E+000  0.000000000000000E+000
         377  0.000000000000000E+000  0.000000000000000E+000
         378  0.000000000000000E+000  0.000000000000000E+000
         379  0.000000000000000E+000  0.000000000000000E+000
         380  0.000000000000000E+000  0.000000000000000E+000
         381  0.000000000000000E+000  0.000000000000000E+000
         382  0.000000000000000E+000  0.000000000000000E+000
         383  0.000000000000000E+000  0.000000000000000E+000
         384  0.000000000000000E+000  0.000000000000000E+000
         385  0.000000000000000E+000  0.000000000000000E+000
         386  0.000000000000000E+000  0.000000000000000E+000
         387  0.000000000000000E+000  0.000000000000000E+000
         388  0.000000000000000E+000  0.000000000000000E+000
         389  0.000000000000000E+000  0.000000000000000E+000
         390  0.000000000000000E+000  0.000000000000000E+000
         391  0.000000000000000E+000  0.000000000000000E+000
         392  0.000000000000000E+000  0.000000000000000E+000
         393  0.000000000000000E+000  0.000000000000000E+000
         394  0.000000000000000E+000  0.000000000000000E+000
         395  0.000000000000000E+000  0.000000000000000E+000
         396  0.000000000000000E+000  0.000000000000000E+000
         397  0.000000000000000E+000  0.000000000000000E+000
         398  0.000000000000000E+000  0.000000000000000E+000
         399  0.000000000000000E+000  0.000000000000000E+000
         400  0.000000000000000E+000  0.000000000000000E+000
         401  0.000000000000000E+000  0.000000000000000E+000
         402  0.000000000000000E+000  0.000000000000000E+000
         403  0.000000000000000E+000  0.000000000000000E+000
         404  0.000000000000000E+000  0.000000000000000E+000
         405  0.000000000000000E+000  0.000000000000000E+000
         406  0.000000000000000E+000  0.000000000000000E+000
         407  0.000000000000000E+000  0.000000000000000E+000
         408  0.000000000000000E+000  0.000000000000000E+000
         409  0.000000000000000E+000  0.000000000000000E+000
         410  0.000000000000000E+000  0.000000000000000E+000
         411  0.000000000000000E+000  0.000000000000000E+000
         412  0.000000000000000E+000  0.000000000000000E+000
         413  0.000000000000000E+000  0.000000000000000E+000
         414  0.000000000000000E+000  0.000000000000000E+000
         415  0.000000000000000E+000  0.000000000000000E+000
         416  0.000000000000000E+000  0.000000000000000E+000
         417  0.000000000000000E+000  0.000000000000000E+000
         418  0.000000000000000E+000  0.000000000000000E+000
         419  0.000000000000000E+000  0.000000000000000E+000
         420  0.000000000000000E+000  0.000000000000000E+000
         421  0.000000000000000E+000  0.000000000000000E+000
         422  0.000000000000000E+000  0.000000000000000E+000
         423  0.000000000000000E+000  0.000000000000000E+000
         424  0.000000000000000E+000  0.000000000000000E+000
         425  0.000000000000000E+000  0.000000000000000E+000
         426  0.000000000000000E+000  0.000000000000000E+000
         427  0.000000000000000E+000  0.000000000000000E+000
         428  0.000000000000000E+000  0.000000000000000E+000
         429  0.000000000000000E+000  0.000000000000000E+000
         430  0.000000000000000E+000  0.000000000000000E+000
         431  0.000000000000000E+000  0.000000000000000E+000
         432  0.000000000000000E+000  0.000000000000000E+000
         433  0.000000000000000E+000  0.000000000000000E+000
         434  0.000000000000000E+000  0.000000000000000E+000
         435  0.000000000000000E+000  0.000000000000000E+000
         436  0.000000000000000E+000  0.000000000000000E+000
         437  0.000000000000000E+000  0.000000000000000E+000
         438  0.000000000000000E+000  0.000000000000000E+000
         439  0.000000000000000E+000  0.000000000000000E+000
         440  0.000000000000000E+000  0.000000000000000E+000
         441  0.000000000000000E+000  0.000000000000000E+000
         442  0.000000000000000E+000  0.000000000000000E+000
         443  0.000000000000000E+000  0.000000000000000E+000
         444  0.000000000000000E+000  0.000000000000000E+000
