           0  0.000000000000000E+000  0.000000000000000E+000
           1   1.01495601983435        1.23823483826780     
           2  0.460515779604463        2.18793370346336     
           3  0.196730660472359        1.93404778349814     
           4  0.152780548501018        2.42921720765246     
           5  0.102622716681908        2.59760551518165     
           6  7.260581752196835E-002   2.70279873709984     
           7  5.622092830984464E-002   2.76839748233095     
           8  4.683960592787127E-002   3.00044825049814     
           9  4.804235262648503E-002   3.91919842266562     
          10  3.564802144530631E-002   3.61684740232978     
          11  3.118153715809103E-002   3.79544951535028     
          12  2.933254341841170E-002   4.23250032521853     
          13  2.618083301931884E-002   4.43808632916850     
          14  2.375144966893289E-002   4.67465885623445     
          15  1.918501883848797E-002   4.31734582569044     
          16  1.955517976072231E-002   5.00032006946329     
          17  1.801208739837294E-002   5.21054188484163     
          18  1.638432099672089E-002   5.32743351343995     
          19  1.396899011425624E-002   5.05256208004376     
          20  1.357721677388251E-002   5.43312442298803     
          21  1.286330993682088E-002   5.68375438311964     
          22  1.123968903662956E-002   5.45500972605494     
          23  1.046985778654626E-002   5.54307660001463     
          24  9.679255152924861E-003   5.57399455733757     
          25  9.217791902485620E-003   5.76087462667400     
          26  8.695623182740923E-003   5.88883459165755     
          27  7.824170964651649E-003   5.70966332956857     
          28  7.389645468543815E-003   5.80241675657040     
          29  6.722128693981966E-003   5.65973314691297     
          30  6.291583647605090E-003   5.66784012175368     
          31  6.005949188642836E-003   5.77411373813120     
          32  5.387878600287728E-003   5.51798990662216     
          33  5.265742677783025E-003   5.73322000016191     
          34  4.866428184849221E-003   5.62840339744616     
          35  4.377434220194718E-003   5.36503669263000     
          36  4.303117184664844E-003   5.57883134549231     
          37  3.982597430862306E-003   5.45544037893317     
          38  3.732291185372153E-003   5.39370642065205     
          39  3.425392676554354E-003   5.21052462295071     
          40  3.312884927327090E-003   5.30020964842677     
          41  3.136709020352985E-003   5.27452091265667     
          42  2.823218907953296E-003   4.98319770573379     
          43  2.726088047932757E-003   5.04247778668091     
          44  2.514129332461675E-003   4.86915680640034     
          45  2.446660251563630E-003   4.95675479875205     
          46  2.197267092983432E-003   4.65200248940187     
          47  2.091359921265276E-003   4.61947714282468     
          48  1.973674060214096E-003   4.54676049191493     
          49  1.916341741216857E-003   4.60131920683510     
          50  1.769732686470184E-003   4.42670912390797     
          51  1.648020294351342E-003   4.28788381598374     
          52  1.595437350352179E-003   4.31549292745321     
          53  1.513821289051448E-003   4.25386901987031     
          54  1.395359901328444E-003   4.07061981625947     
          55  1.318160422468229E-003   3.98771198676205     
          56  1.256037886015798E-003   3.93858898783437     
          57  1.219841129831268E-003   3.96352572247561     
          58  1.117034040592736E-003   3.75875076500741     
          59  1.050261522393690E-003   3.65620180556007     
          60  1.018160652038468E-003   3.66563561908790     
          61  9.499279794756652E-004   3.53579913851754     
          62  8.975883839435410E-004   3.45125950118913     
          63  8.332738878626202E-004   3.30735648241955     
          64  8.086373730006216E-004   3.31128776450044     
          65  7.812939474413445E-004   3.30105908454636     
          66  7.218789316278405E-004   3.14518649190956     
          67  6.933883221163025E-004   3.11301008989258     
          68  6.409520333978103E-004   2.96403093984902     
          69  6.277939615427931E-004   2.98955226651948     
          70  5.800052928408427E-004   2.84267410225259     
          71  5.484036450645962E-004   2.76453005332666     
          72  5.310185449188041E-004   2.75265493915826     
          73  5.013459881304494E-004   2.67184380845447     
          74  4.805411149705707E-004   2.63185676182881     
          75  4.481491689322885E-004   2.52122632293819     
          76  4.292398773038947E-004   2.47942642867661     
          77  4.100072213305680E-004   2.43141019406229     
          78  3.851586764267764E-004   2.34345580411781     
          79  3.708674501959572E-004   2.31445582698401     
          80  3.464595073692458E-004   2.21707690940161     
          81  3.381579785663256E-004   2.21867632148753     
          82  3.183185164272605E-004   2.14052294790820     
          83  3.013420414406475E-004   2.07611557106511     
          84  2.850314748838658E-004   2.01115823167384     
          85  2.761607060799278E-004   1.99530590898907     
          86  2.620101978836007E-004   1.93820631630444     
          87  2.450834059184898E-004   1.85525408451436     
          88  2.358750593874780E-004   1.82660794931800     
          89  2.254906035446521E-004   1.78606442851993     
          90  2.163189150516664E-004   1.75239341691835     
          91  2.047998112060482E-004   1.69626586895408     
          92  1.945238194983772E-004   1.64667463449145     
          93  1.858929783393123E-004   1.60804706591686     
          94  1.765823023454028E-004   1.56038165524388     
          95  1.685057918989344E-004   1.52066089784085     
          96  1.616453585320734E-004   1.48952581508139     
          97  1.548891845408172E-004   1.45725662803482     
          98  1.485858219762280E-004   1.42710721545493     
          99  1.391870250217668E-004   1.36430718853681     
         100  1.339977003473995E-004   1.34003444859364     
         101  1.276431148470923E-004   1.30212266089452     
         102  1.229075820055217E-004   1.27883097547765     
         103  1.167691115213288E-004   1.23894913608435     
         104  1.091922277372189E-004   1.18102890702889     
         105  1.079122444639759E-004   1.18973836451271     
         106  1.016602101840589E-004   1.14234396108785     
         107  9.757695379687192E-005   1.11720123098918     
         108  9.282656718157855E-005   1.08271593220639     
         109  9.028923522930045E-005   1.07277680380402     
         110  8.485977407349295E-005   1.02693458360064     
         111  8.066829895671726E-005  0.993933486556606     
         112  7.803673755951656E-005  0.978848001150156     
         113  7.452055218095939E-005  0.951545987278380     
         114  7.200184455749117E-005  0.935782279295306     
         115  6.760292377329285E-005  0.894077030785446     
         116  6.570489509209412E-005  0.884124269916871     
         117  6.309462983513197E-005  0.863768615428957     
         118  5.931143249517517E-005  0.825901504907366     
         119  5.726740067526722E-005  0.810938567976689     
         120  5.548212176163014E-005  0.798887761732859     
         121  5.322311668738306E-005  0.779227278535261     
         122  5.086861665415595E-005  0.757156292580015     
         123  4.855693597005130E-005  0.734633349304596     
         124  4.659785015887281E-005  0.716517099539301     
         125  4.533191068450599E-005  0.708350937697222     
         126  4.285014350725667E-005  0.680346149534134     
         127  4.119939483848846E-005  0.664512721619080     
         128  3.995231044898142E-005  0.654566351688128     
         129  3.851790879749057E-005  0.640986570935732     
         130  3.672342206539206E-005  0.620665285720332     
         131  3.507936927019332E-005  0.601999976442985     
         132  3.447364822455795E-005  0.600685119025187     
         133  3.273957645252938E-005  0.579155398314169     
         134  3.188555040159929E-005  0.572559451169024     
         135  3.033332718918336E-005  0.552839885335651     
         136  2.963899004303669E-005  0.548202745694657     
         137  2.881804642040642E-005  0.540909618075193     
         138  2.744296079966493E-005  0.522670977973891     
         139  2.655221990397580E-005  0.513022187902388     
         140  2.580243756407055E-005  0.505719813020617     
         141  2.490017044077119E-005  0.495054290684688     
         142  2.433831638884388E-005  0.490776815659103     
         143  2.319048199938261E-005  0.474226563663424     
         144  2.281366022801725E-005  0.473039215724305     
         145  2.220350116982897E-005  0.466808918912615     
         146  2.158101881249912E-005  0.460027646875794     
         147  2.106967474424522E-005  0.455304016552512     
         148  2.061064687969958E-005  0.451467944785867     
         149  2.015214846474009E-005  0.447434042238918     
         150  1.965187891941693E-005  0.442207846931937     
         151  1.931240160531501E-005  0.440378955903422     
         152  1.898996406888528E-005  0.438755560197685     
         153  1.878916317506640E-005  0.439845847328248     
         154  1.864922881902195E-005  0.442319282662985     
         155  1.821458103267985E-005  0.437626487894891     
         156  1.827541702075811E-005  0.444764526664331     
         157  1.823762583935746E-005  0.449561446489080     
         158  1.810604102942707E-005  0.452024699722132     
         159  1.814842966578290E-005  0.458819419948902     
         160  1.839300613327993E-005  0.470862567419606     
         161  1.865592405399214E-005  0.483615283667235     
         162  1.877991520578981E-005  0.492902497926204     
         163  1.938332698885946E-005  0.515045643727347     
         164  1.972199158144037E-005  0.530481888701969     
         165  2.060814099102620E-005  0.561103805746050     
         166  2.127352774802878E-005  0.586268084902915     
         167  2.265210475041929E-005  0.631790149963353     
         168  2.404476875727892E-005  0.678703287182592     
         169  2.651358034291611E-005  0.757358724942612     
         170  3.128348069927522E-005  0.904317127288479     
         171  5.399740516908929E-006  0.157131009190611     
         172  0.000000000000000E+000  0.000000000000000E+000
         173  0.000000000000000E+000  0.000000000000000E+000
         174  0.000000000000000E+000  0.000000000000000E+000
         175  0.000000000000000E+000  0.000000000000000E+000
         176  0.000000000000000E+000  0.000000000000000E+000
         177  0.000000000000000E+000  0.000000000000000E+000
         178  0.000000000000000E+000  0.000000000000000E+000
         179  0.000000000000000E+000  0.000000000000000E+000
         180  0.000000000000000E+000  0.000000000000000E+000
         181  0.000000000000000E+000  0.000000000000000E+000
         182  0.000000000000000E+000  0.000000000000000E+000
         183  0.000000000000000E+000  0.000000000000000E+000
         184  0.000000000000000E+000  0.000000000000000E+000
         185  0.000000000000000E+000  0.000000000000000E+000
         186  0.000000000000000E+000  0.000000000000000E+000
         187  0.000000000000000E+000  0.000000000000000E+000
         188  0.000000000000000E+000  0.000000000000000E+000
         189  0.000000000000000E+000  0.000000000000000E+000
         190  0.000000000000000E+000  0.000000000000000E+000
         191  0.000000000000000E+000  0.000000000000000E+000
         192  0.000000000000000E+000  0.000000000000000E+000
         193  0.000000000000000E+000  0.000000000000000E+000
         194  0.000000000000000E+000  0.000000000000000E+000
         195  0.000000000000000E+000  0.000000000000000E+000
         196  0.000000000000000E+000  0.000000000000000E+000
         197  0.000000000000000E+000  0.000000000000000E+000
         198  0.000000000000000E+000  0.000000000000000E+000
         199  0.000000000000000E+000  0.000000000000000E+000
         200  0.000000000000000E+000  0.000000000000000E+000
         201  0.000000000000000E+000  0.000000000000000E+000
         202  0.000000000000000E+000  0.000000000000000E+000
         203  0.000000000000000E+000  0.000000000000000E+000
         204  0.000000000000000E+000  0.000000000000000E+000
         205  0.000000000000000E+000  0.000000000000000E+000
         206  0.000000000000000E+000  0.000000000000000E+000
         207  0.000000000000000E+000  0.000000000000000E+000
         208  0.000000000000000E+000  0.000000000000000E+000
         209  0.000000000000000E+000  0.000000000000000E+000
         210  0.000000000000000E+000  0.000000000000000E+000
         211  0.000000000000000E+000  0.000000000000000E+000
         212  0.000000000000000E+000  0.000000000000000E+000
         213  0.000000000000000E+000  0.000000000000000E+000
         214  0.000000000000000E+000  0.000000000000000E+000
         215  0.000000000000000E+000  0.000000000000000E+000
         216  0.000000000000000E+000  0.000000000000000E+000
         217  0.000000000000000E+000  0.000000000000000E+000
         218  0.000000000000000E+000  0.000000000000000E+000
         219  0.000000000000000E+000  0.000000000000000E+000
         220  0.000000000000000E+000  0.000000000000000E+000
         221  0.000000000000000E+000  0.000000000000000E+000
         222  0.000000000000000E+000  0.000000000000000E+000
         223  0.000000000000000E+000  0.000000000000000E+000
         224  0.000000000000000E+000  0.000000000000000E+000
         225  0.000000000000000E+000  0.000000000000000E+000
         226  0.000000000000000E+000  0.000000000000000E+000
         227  0.000000000000000E+000  0.000000000000000E+000
         228  0.000000000000000E+000  0.000000000000000E+000
         229  0.000000000000000E+000  0.000000000000000E+000
         230  0.000000000000000E+000  0.000000000000000E+000
         231  0.000000000000000E+000  0.000000000000000E+000
         232  0.000000000000000E+000  0.000000000000000E+000
         233  0.000000000000000E+000  0.000000000000000E+000
         234  0.000000000000000E+000  0.000000000000000E+000
         235  0.000000000000000E+000  0.000000000000000E+000
         236  0.000000000000000E+000  0.000000000000000E+000
         237  0.000000000000000E+000  0.000000000000000E+000
         238  0.000000000000000E+000  0.000000000000000E+000
         239  0.000000000000000E+000  0.000000000000000E+000
         240  0.000000000000000E+000  0.000000000000000E+000
         241  0.000000000000000E+000  0.000000000000000E+000
         242  0.000000000000000E+000  0.000000000000000E+000
         243  0.000000000000000E+000  0.000000000000000E+000
         244  0.000000000000000E+000  0.000000000000000E+000
         245  0.000000000000000E+000  0.000000000000000E+000
         246  0.000000000000000E+000  0.000000000000000E+000
         247  0.000000000000000E+000  0.000000000000000E+000
         248  0.000000000000000E+000  0.000000000000000E+000
         249  0.000000000000000E+000  0.000000000000000E+000
         250  0.000000000000000E+000  0.000000000000000E+000
         251  0.000000000000000E+000  0.000000000000000E+000
         252  0.000000000000000E+000  0.000000000000000E+000
         253  0.000000000000000E+000  0.000000000000000E+000
         254  0.000000000000000E+000  0.000000000000000E+000
         255  0.000000000000000E+000  0.000000000000000E+000
         256  0.000000000000000E+000  0.000000000000000E+000
         257  0.000000000000000E+000  0.000000000000000E+000
         258  0.000000000000000E+000  0.000000000000000E+000
         259  0.000000000000000E+000  0.000000000000000E+000
         260  0.000000000000000E+000  0.000000000000000E+000
         261  0.000000000000000E+000  0.000000000000000E+000
         262  0.000000000000000E+000  0.000000000000000E+000
         263  0.000000000000000E+000  0.000000000000000E+000
         264  0.000000000000000E+000  0.000000000000000E+000
         265  0.000000000000000E+000  0.000000000000000E+000
         266  0.000000000000000E+000  0.000000000000000E+000
         267  0.000000000000000E+000  0.000000000000000E+000
         268  0.000000000000000E+000  0.000000000000000E+000
         269  0.000000000000000E+000  0.000000000000000E+000
         270  0.000000000000000E+000  0.000000000000000E+000
         271  0.000000000000000E+000  0.000000000000000E+000
         272  0.000000000000000E+000  0.000000000000000E+000
         273  0.000000000000000E+000  0.000000000000000E+000
         274  0.000000000000000E+000  0.000000000000000E+000
         275  0.000000000000000E+000  0.000000000000000E+000
         276  0.000000000000000E+000  0.000000000000000E+000
         277  0.000000000000000E+000  0.000000000000000E+000
         278  0.000000000000000E+000  0.000000000000000E+000
         279  0.000000000000000E+000  0.000000000000000E+000
         280  0.000000000000000E+000  0.000000000000000E+000
         281  0.000000000000000E+000  0.000000000000000E+000
         282  0.000000000000000E+000  0.000000000000000E+000
         283  0.000000000000000E+000  0.000000000000000E+000
         284  0.000000000000000E+000  0.000000000000000E+000
         285  0.000000000000000E+000  0.000000000000000E+000
         286  0.000000000000000E+000  0.000000000000000E+000
         287  0.000000000000000E+000  0.000000000000000E+000
         288  0.000000000000000E+000  0.000000000000000E+000
         289  0.000000000000000E+000  0.000000000000000E+000
         290  0.000000000000000E+000  0.000000000000000E+000
         291  0.000000000000000E+000  0.000000000000000E+000
         292  0.000000000000000E+000  0.000000000000000E+000
         293  0.000000000000000E+000  0.000000000000000E+000
         294  0.000000000000000E+000  0.000000000000000E+000
         295  0.000000000000000E+000  0.000000000000000E+000
         296  0.000000000000000E+000  0.000000000000000E+000
         297  0.000000000000000E+000  0.000000000000000E+000
         298  0.000000000000000E+000  0.000000000000000E+000
         299  0.000000000000000E+000  0.000000000000000E+000
         300  0.000000000000000E+000  0.000000000000000E+000
         301  0.000000000000000E+000  0.000000000000000E+000
         302  0.000000000000000E+000  0.000000000000000E+000
         303  0.000000000000000E+000  0.000000000000000E+000
         304  0.000000000000000E+000  0.000000000000000E+000
         305  0.000000000000000E+000  0.000000000000000E+000
         306  0.000000000000000E+000  0.000000000000000E+000
         307  0.000000000000000E+000  0.000000000000000E+000
         308  0.000000000000000E+000  0.000000000000000E+000
         309  0.000000000000000E+000  0.000000000000000E+000
         310  0.000000000000000E+000  0.000000000000000E+000
         311  0.000000000000000E+000  0.000000000000000E+000
         312  0.000000000000000E+000  0.000000000000000E+000
         313  0.000000000000000E+000  0.000000000000000E+000
         314  0.000000000000000E+000  0.000000000000000E+000
         315  0.000000000000000E+000  0.000000000000000E+000
         316  0.000000000000000E+000  0.000000000000000E+000
         317  0.000000000000000E+000  0.000000000000000E+000
         318  0.000000000000000E+000  0.000000000000000E+000
         319  0.000000000000000E+000  0.000000000000000E+000
         320  0.000000000000000E+000  0.000000000000000E+000
         321  0.000000000000000E+000  0.000000000000000E+000
         322  0.000000000000000E+000  0.000000000000000E+000
         323  0.000000000000000E+000  0.000000000000000E+000
         324  0.000000000000000E+000  0.000000000000000E+000
         325  0.000000000000000E+000  0.000000000000000E+000
         326  0.000000000000000E+000  0.000000000000000E+000
         327  0.000000000000000E+000  0.000000000000000E+000
         328  0.000000000000000E+000  0.000000000000000E+000
         329  0.000000000000000E+000  0.000000000000000E+000
         330  0.000000000000000E+000  0.000000000000000E+000
         331  0.000000000000000E+000  0.000000000000000E+000
         332  0.000000000000000E+000  0.000000000000000E+000
         333  0.000000000000000E+000  0.000000000000000E+000
         334  0.000000000000000E+000  0.000000000000000E+000
         335  0.000000000000000E+000  0.000000000000000E+000
         336  0.000000000000000E+000  0.000000000000000E+000
         337  0.000000000000000E+000  0.000000000000000E+000
         338  0.000000000000000E+000  0.000000000000000E+000
         339  0.000000000000000E+000  0.000000000000000E+000
         340  0.000000000000000E+000  0.000000000000000E+000
         341  0.000000000000000E+000  0.000000000000000E+000
         342  0.000000000000000E+000  0.000000000000000E+000
         343  0.000000000000000E+000  0.000000000000000E+000
         344  0.000000000000000E+000  0.000000000000000E+000
         345  0.000000000000000E+000  0.000000000000000E+000
         346  0.000000000000000E+000  0.000000000000000E+000
         347  0.000000000000000E+000  0.000000000000000E+000
         348  0.000000000000000E+000  0.000000000000000E+000
         349  0.000000000000000E+000  0.000000000000000E+000
         350  0.000000000000000E+000  0.000000000000000E+000
         351  0.000000000000000E+000  0.000000000000000E+000
         352  0.000000000000000E+000  0.000000000000000E+000
         353  0.000000000000000E+000  0.000000000000000E+000
         354  0.000000000000000E+000  0.000000000000000E+000
         355  0.000000000000000E+000  0.000000000000000E+000
         356  0.000000000000000E+000  0.000000000000000E+000
         357  0.000000000000000E+000  0.000000000000000E+000
         358  0.000000000000000E+000  0.000000000000000E+000
         359  0.000000000000000E+000  0.000000000000000E+000
         360  0.000000000000000E+000  0.000000000000000E+000
         361  0.000000000000000E+000  0.000000000000000E+000
         362  0.000000000000000E+000  0.000000000000000E+000
         363  0.000000000000000E+000  0.000000000000000E+000
         364  0.000000000000000E+000  0.000000000000000E+000
         365  0.000000000000000E+000  0.000000000000000E+000
         366  0.000000000000000E+000  0.000000000000000E+000
         367  0.000000000000000E+000  0.000000000000000E+000
         368  0.000000000000000E+000  0.000000000000000E+000
         369  0.000000000000000E+000  0.000000000000000E+000
         370  0.000000000000000E+000  0.000000000000000E+000
         371  0.000000000000000E+000  0.000000000000000E+000
         372  0.000000000000000E+000  0.000000000000000E+000
         373  0.000000000000000E+000  0.000000000000000E+000
         374  0.000000000000000E+000  0.000000000000000E+000
         375  0.000000000000000E+000  0.000000000000000E+000
         376  0.000000000000000E+000  0.000000000000000E+000
         377  0.000000000000000E+000  0.000000000000000E+000
         378  0.000000000000000E+000  0.000000000000000E+000
         379  0.000000000000000E+000  0.000000000000000E+000
         380  0.000000000000000E+000  0.000000000000000E+000
         381  0.000000000000000E+000  0.000000000000000E+000
         382  0.000000000000000E+000  0.000000000000000E+000
         383  0.000000000000000E+000  0.000000000000000E+000
         384  0.000000000000000E+000  0.000000000000000E+000
         385  0.000000000000000E+000  0.000000000000000E+000
         386  0.000000000000000E+000  0.000000000000000E+000
         387  0.000000000000000E+000  0.000000000000000E+000
         388  0.000000000000000E+000  0.000000000000000E+000
         389  0.000000000000000E+000  0.000000000000000E+000
         390  0.000000000000000E+000  0.000000000000000E+000
         391  0.000000000000000E+000  0.000000000000000E+000
         392  0.000000000000000E+000  0.000000000000000E+000
         393  0.000000000000000E+000  0.000000000000000E+000
         394  0.000000000000000E+000  0.000000000000000E+000
         395  0.000000000000000E+000  0.000000000000000E+000
         396  0.000000000000000E+000  0.000000000000000E+000
         397  0.000000000000000E+000  0.000000000000000E+000
         398  0.000000000000000E+000  0.000000000000000E+000
         399  0.000000000000000E+000  0.000000000000000E+000
         400  0.000000000000000E+000  0.000000000000000E+000
         401  0.000000000000000E+000  0.000000000000000E+000
         402  0.000000000000000E+000  0.000000000000000E+000
         403  0.000000000000000E+000  0.000000000000000E+000
         404  0.000000000000000E+000  0.000000000000000E+000
         405  0.000000000000000E+000  0.000000000000000E+000
         406  0.000000000000000E+000  0.000000000000000E+000
         407  0.000000000000000E+000  0.000000000000000E+000
         408  0.000000000000000E+000  0.000000000000000E+000
         409  0.000000000000000E+000  0.000000000000000E+000
         410  0.000000000000000E+000  0.000000000000000E+000
         411  0.000000000000000E+000  0.000000000000000E+000
         412  0.000000000000000E+000  0.000000000000000E+000
         413  0.000000000000000E+000  0.000000000000000E+000
         414  0.000000000000000E+000  0.000000000000000E+000
         415  0.000000000000000E+000  0.000000000000000E+000
         416  0.000000000000000E+000  0.000000000000000E+000
         417  0.000000000000000E+000  0.000000000000000E+000
         418  0.000000000000000E+000  0.000000000000000E+000
         419  0.000000000000000E+000  0.000000000000000E+000
         420  0.000000000000000E+000  0.000000000000000E+000
         421  0.000000000000000E+000  0.000000000000000E+000
         422  0.000000000000000E+000  0.000000000000000E+000
         423  0.000000000000000E+000  0.000000000000000E+000
         424  0.000000000000000E+000  0.000000000000000E+000
         425  0.000000000000000E+000  0.000000000000000E+000
         426  0.000000000000000E+000  0.000000000000000E+000
         427  0.000000000000000E+000  0.000000000000000E+000
         428  0.000000000000000E+000  0.000000000000000E+000
         429  0.000000000000000E+000  0.000000000000000E+000
         430  0.000000000000000E+000  0.000000000000000E+000
         431  0.000000000000000E+000  0.000000000000000E+000
         432  0.000000000000000E+000  0.000000000000000E+000
         433  0.000000000000000E+000  0.000000000000000E+000
         434  0.000000000000000E+000  0.000000000000000E+000
         435  0.000000000000000E+000  0.000000000000000E+000
         436  0.000000000000000E+000  0.000000000000000E+000
         437  0.000000000000000E+000  0.000000000000000E+000
         438  0.000000000000000E+000  0.000000000000000E+000
         439  0.000000000000000E+000  0.000000000000000E+000
         440  0.000000000000000E+000  0.000000000000000E+000
         441  0.000000000000000E+000  0.000000000000000E+000
         442  0.000000000000000E+000  0.000000000000000E+000
         443  0.000000000000000E+000  0.000000000000000E+000
         444  0.000000000000000E+000  0.000000000000000E+000
