           0  0.000000000000000E+000  0.000000000000000E+000
           1  0.980804416286499        1.22776309343000     
           2  0.530309620112676        2.37289471921836     
           3  0.150593052945946        1.44903719768840     
           4  0.158962697893764        2.50753869436813     
           5  0.107502366656007        2.71863771800510     
           6  7.760482260590201E-002   2.87496824774320     
           7  5.734423935481550E-002   2.84788507805785     
           8  4.663173074547487E-002   2.97734510853353     
           9  4.691805653152449E-002   3.81413058321944     
          10  3.745495349053297E-002   3.79812160214166     
          11  3.038620274707352E-002   3.70173348082854     
          12  2.854897660737255E-002   4.12436117261027     
          13  2.660753506212190E-002   4.50894398177893     
          14  2.301728072589100E-002   4.52777321452302     
          15  1.961931824580069E-002   4.40557305551146     
          16  1.960696239054926E-002   5.01049318873967     
          17  1.736982722259917E-002   5.02485445591485     
          18  1.632547423110463E-002   5.31204306890878     
          19  1.400859749315556E-002   5.07076690260163     
          20  1.303868599977548E-002   5.22210820430264     
          21  1.255037378162597E-002   5.54664875662910     
          22  1.088224712007533E-002   5.28002615729162     
          23  1.024360857747434E-002   5.42660134147353     
          24  9.514231121259500E-003   5.47912538233396     
          25  8.949713059877351E-003   5.59544634724466     
          26  8.308971409495566E-003   5.62354906555580     
          27  7.560660078600911E-003   5.51974721471893     
          28  7.121189067443280E-003   5.58985893059670     
          29  6.438403855251903E-003   5.42228112553779     
          30  6.060309507767347E-003   5.45923107939488     
          31  5.667762892048834E-003   5.45033615835489     
          32  5.124226079522275E-003   5.24886705388392     
          33  4.968176841884895E-003   5.41051781318987     
          34  4.685994292930605E-003   5.41953220683303     
          35  4.198346609511966E-003   5.14558959358040     
          36  4.029088116504675E-003   5.22334210968614     
          37  3.736649143220941E-003   5.11835584275727     
          38  3.547348903528212E-003   5.12497233899948     
          39  3.186099446924526E-003   4.84701782968831     
          40  3.097342145923667E-003   4.95651986177209     
          41  2.906049325262419E-003   4.88626096203957     
          42  2.672600686464828E-003   4.71709536355706     
          43  2.554541649176470E-003   4.72587526336767     
          44  2.344250285658928E-003   4.54055833249305     
          45  2.274280582788233E-003   4.60743652136737     
          46  2.074821710551052E-003   4.39288033249721     
          47  1.960199196131485E-003   4.32993787368140     
          48  1.867970968294237E-003   4.30250073369912     
          49  1.789392667310825E-003   4.29658687806867     
          50  1.672569159598134E-003   4.18314378846841     
          51  1.534954941229644E-003   3.99338937214116     
          52  1.481260066683129E-003   4.00650867954700     
          53  1.378856579555795E-003   3.87476324781041     
          54  1.302357572615231E-003   3.79915596310713     
          55  1.230548671034291E-003   3.72300847971552     
          56  1.158184260600799E-003   3.63142471859689     
          57  1.107914403600435E-003   3.60006744350861     
          58  1.039611240657821E-003   3.49811701449682     
          59  9.842576699114157E-004   3.42643938534158     
          60  9.313627055679088E-004   3.35304852990824     
          61  8.767216410627213E-004   3.26298627099251     
          62  8.286006381988099E-004   3.18590737519175     
          63  7.737041823561162E-004   3.07082820495325     
          64  7.434628018578510E-004   3.04439421088432     
          65  7.209208489640202E-004   3.04607394993749     
          66  6.594078173059032E-004   2.87285326104637     
          67  6.392658996007784E-004   2.87037825227496     
          68  5.991176043911510E-004   2.77089374712002     
          69  5.738390776667664E-004   2.73259612690038     
          70  5.322807336312181E-004   2.60871858250046     
          71  5.082105343293375E-004   2.56181432675439     
          72  4.883130482749588E-004   2.53131690322853     
          73  4.583062339221946E-004   2.44252416980580     
          74  4.416727425451896E-004   2.41909509734744     
          75  4.088779911141892E-004   2.30029169221550     
          76  3.944696237179826E-004   2.27858682714255     
          77  3.764910166531552E-004   2.23264488464548     
          78  3.502662398194682E-004   2.13118286242972     
          79  3.399223235719994E-004   2.12141430420541     
          80  3.220133506337483E-004   2.06063870136496     
          81  3.080428951821453E-004   2.02088707485750     
          82  2.915955897949234E-004   1.96072237684380     
          83  2.742884056262929E-004   1.88970788731691     
          84  2.609312601435664E-004   1.84118294629784     
          85  2.504462360824543E-004   1.80951578623369     
          86  2.370966512308774E-004   1.75389165406600     
          87  2.242229168423275E-004   1.69731822047067     
          88  2.151448002451402E-004   1.66610651891526     
          89  2.041007072863377E-004   1.61670371717107     
          90  1.955669749168156E-004   1.58423901947666     
          91  1.842012677888477E-004   1.52567977173618     
          92  1.767129536355127E-004   1.49586120530136     
          93  1.681806940850486E-004   1.45479004142677     
          94  1.592233401136037E-004   1.40699948576725     
          95  1.514974993089881E-004   1.36716183542558     
          96  1.462144140595048E-004   1.34726797892209     
          97  1.397681243712063E-004   1.31493912876140     
          98  1.347312999260874E-004   1.29403865823843     
          99  1.245038788192396E-004   1.22039746567374     
         100  1.207262498839010E-004   1.20731328428027     
         101  1.154780048506429E-004   1.17803123722377     
         102  1.104292789279055E-004   1.14899932635437     
         103  1.053856561490947E-004   1.11817211817044     
         104  9.878823804780010E-005   1.06846221205706     
         105  9.722774539358841E-005   1.07193599844744     
         106  9.109882362088989E-005   1.02367438848171     
         107  8.699704990571172E-005  0.996066152522709     
         108  8.331717564417155E-005  0.971782775176837     
         109  8.092417411482991E-005  0.961507023269555     
         110  7.611967180634206E-005  0.921168385269168     
         111  7.224329236083881E-005  0.890121160438322     
         112  6.987161939895947E-005  0.876427302043223     
         113  6.652723275956518E-005  0.849474331427209     
         114  6.444359256106316E-005  0.837538515083771     
         115  6.050832722850745E-005  0.800219929214201     
         116  5.865703749959965E-005  0.789280464715243     
         117  5.648645372248476E-005  0.773285931763862     
         118  5.342444873988520E-005  0.743916594258697     
         119  5.101941418819120E-005  0.722442035983387     
         120  4.949997019826082E-005  0.712765271664921     
         121  4.728081353818370E-005  0.692232251658061     
         122  4.541167128987930E-005  0.675938292633785     
         123  4.354365077070768E-005  0.658796290422636     
         124  4.159865885493908E-005  0.639627593580830     
         125  4.035682227209095E-005  0.630609824518472     
         126  3.820960514574754E-005  0.606663763114196     
         127  3.679554811659463E-005  0.593485539675458     
         128  3.530246585297316E-005  0.578362190397572     
         129  3.434934875403914E-005  0.571619339615776     
         130  3.271042519820933E-005  0.552841286597242     
         131  3.125127104214656E-005  0.536305401135164     
         132  3.053626172752754E-005  0.532072727123958     
         133  2.912206831888613E-005  0.515161133804396     
         134  2.806737665166272E-005  0.504005826646483     
         135  2.682436932727769E-005  0.488883241647026     
         136  2.624230767323264E-005  0.485370834018712     
         137  2.540571140881509E-005  0.476867330179534     
         138  2.416719857946562E-005  0.460281821633735     
         139  2.341643381346285E-005  0.452438738642849     
         140  2.276423035715893E-005  0.446180478411558     
         141  2.207291333361332E-005  0.438840634163908     
         142  2.140416393785987E-005  0.431616461527443     
         143  2.036998460380387E-005  0.416552277365773     
         144  2.006181304305299E-005  0.415977333843356     
         145  1.956562807194841E-005  0.411352883084685     
         146  1.899319871861675E-005  0.404860695931720     
         147  1.846506254655897E-005  0.399019139825085     
         148  1.795875561442239E-005  0.393379993736439     
         149  1.769517854661955E-005  0.392874920591565     
         150  1.729976485486211E-005  0.389277227895757     
         151  1.686189285684514E-005  0.384493046942806     
         152  1.662100097118502E-005  0.384025597001637     
         153  1.645606035432352E-005  0.385230681038520     
         154  1.630867743417792E-005  0.386799096828744     
         155  1.597377503914195E-005  0.383794615430851     
         156  1.591608144316853E-005  0.387343620582821     
         157  1.588458983602376E-005  0.391557015898712     
         158  1.578201284146320E-005  0.394001771666634     
         159  1.582623750739384E-005  0.400111263666017     
         160  1.604914357532215E-005  0.410855002664522     
         161  1.630293009993632E-005  0.422615798134139     
         162  1.636214855117481E-005  0.429444581891459     
         163  1.689789838332896E-005  0.449004618144906     
         164  1.721870140288254E-005  0.463148173882251     
         165  1.806256188472389E-005  0.491793207285560     
         166  1.861500320063415E-005  0.513003175020759     
         167  1.989875315576677E-005  0.554998077498944     
         168  2.133869340550246E-005  0.602328231402148     
         169  2.360517648257404E-005  0.674280176804272     
         170  2.806634911666525E-005  0.811326623347589     
         171  4.858779341012288E-006  0.141389738132893     
         172  0.000000000000000E+000  0.000000000000000E+000
         173  0.000000000000000E+000  0.000000000000000E+000
         174  0.000000000000000E+000  0.000000000000000E+000
         175  0.000000000000000E+000  0.000000000000000E+000
         176  0.000000000000000E+000  0.000000000000000E+000
         177  0.000000000000000E+000  0.000000000000000E+000
         178  0.000000000000000E+000  0.000000000000000E+000
         179  0.000000000000000E+000  0.000000000000000E+000
         180  0.000000000000000E+000  0.000000000000000E+000
         181  0.000000000000000E+000  0.000000000000000E+000
         182  0.000000000000000E+000  0.000000000000000E+000
         183  0.000000000000000E+000  0.000000000000000E+000
         184  0.000000000000000E+000  0.000000000000000E+000
         185  0.000000000000000E+000  0.000000000000000E+000
         186  0.000000000000000E+000  0.000000000000000E+000
         187  0.000000000000000E+000  0.000000000000000E+000
         188  0.000000000000000E+000  0.000000000000000E+000
         189  0.000000000000000E+000  0.000000000000000E+000
         190  0.000000000000000E+000  0.000000000000000E+000
         191  0.000000000000000E+000  0.000000000000000E+000
         192  0.000000000000000E+000  0.000000000000000E+000
         193  0.000000000000000E+000  0.000000000000000E+000
         194  0.000000000000000E+000  0.000000000000000E+000
         195  0.000000000000000E+000  0.000000000000000E+000
         196  0.000000000000000E+000  0.000000000000000E+000
         197  0.000000000000000E+000  0.000000000000000E+000
         198  0.000000000000000E+000  0.000000000000000E+000
         199  0.000000000000000E+000  0.000000000000000E+000
         200  0.000000000000000E+000  0.000000000000000E+000
         201  0.000000000000000E+000  0.000000000000000E+000
         202  0.000000000000000E+000  0.000000000000000E+000
         203  0.000000000000000E+000  0.000000000000000E+000
         204  0.000000000000000E+000  0.000000000000000E+000
         205  0.000000000000000E+000  0.000000000000000E+000
         206  0.000000000000000E+000  0.000000000000000E+000
         207  0.000000000000000E+000  0.000000000000000E+000
         208  0.000000000000000E+000  0.000000000000000E+000
         209  0.000000000000000E+000  0.000000000000000E+000
         210  0.000000000000000E+000  0.000000000000000E+000
         211  0.000000000000000E+000  0.000000000000000E+000
         212  0.000000000000000E+000  0.000000000000000E+000
         213  0.000000000000000E+000  0.000000000000000E+000
         214  0.000000000000000E+000  0.000000000000000E+000
         215  0.000000000000000E+000  0.000000000000000E+000
         216  0.000000000000000E+000  0.000000000000000E+000
         217  0.000000000000000E+000  0.000000000000000E+000
         218  0.000000000000000E+000  0.000000000000000E+000
         219  0.000000000000000E+000  0.000000000000000E+000
         220  0.000000000000000E+000  0.000000000000000E+000
         221  0.000000000000000E+000  0.000000000000000E+000
         222  0.000000000000000E+000  0.000000000000000E+000
         223  0.000000000000000E+000  0.000000000000000E+000
         224  0.000000000000000E+000  0.000000000000000E+000
         225  0.000000000000000E+000  0.000000000000000E+000
         226  0.000000000000000E+000  0.000000000000000E+000
         227  0.000000000000000E+000  0.000000000000000E+000
         228  0.000000000000000E+000  0.000000000000000E+000
         229  0.000000000000000E+000  0.000000000000000E+000
         230  0.000000000000000E+000  0.000000000000000E+000
         231  0.000000000000000E+000  0.000000000000000E+000
         232  0.000000000000000E+000  0.000000000000000E+000
         233  0.000000000000000E+000  0.000000000000000E+000
         234  0.000000000000000E+000  0.000000000000000E+000
         235  0.000000000000000E+000  0.000000000000000E+000
         236  0.000000000000000E+000  0.000000000000000E+000
         237  0.000000000000000E+000  0.000000000000000E+000
         238  0.000000000000000E+000  0.000000000000000E+000
         239  0.000000000000000E+000  0.000000000000000E+000
         240  0.000000000000000E+000  0.000000000000000E+000
         241  0.000000000000000E+000  0.000000000000000E+000
         242  0.000000000000000E+000  0.000000000000000E+000
         243  0.000000000000000E+000  0.000000000000000E+000
         244  0.000000000000000E+000  0.000000000000000E+000
         245  0.000000000000000E+000  0.000000000000000E+000
         246  0.000000000000000E+000  0.000000000000000E+000
         247  0.000000000000000E+000  0.000000000000000E+000
         248  0.000000000000000E+000  0.000000000000000E+000
         249  0.000000000000000E+000  0.000000000000000E+000
         250  0.000000000000000E+000  0.000000000000000E+000
         251  0.000000000000000E+000  0.000000000000000E+000
         252  0.000000000000000E+000  0.000000000000000E+000
         253  0.000000000000000E+000  0.000000000000000E+000
         254  0.000000000000000E+000  0.000000000000000E+000
         255  0.000000000000000E+000  0.000000000000000E+000
         256  0.000000000000000E+000  0.000000000000000E+000
         257  0.000000000000000E+000  0.000000000000000E+000
         258  0.000000000000000E+000  0.000000000000000E+000
         259  0.000000000000000E+000  0.000000000000000E+000
         260  0.000000000000000E+000  0.000000000000000E+000
         261  0.000000000000000E+000  0.000000000000000E+000
         262  0.000000000000000E+000  0.000000000000000E+000
         263  0.000000000000000E+000  0.000000000000000E+000
         264  0.000000000000000E+000  0.000000000000000E+000
         265  0.000000000000000E+000  0.000000000000000E+000
         266  0.000000000000000E+000  0.000000000000000E+000
         267  0.000000000000000E+000  0.000000000000000E+000
         268  0.000000000000000E+000  0.000000000000000E+000
         269  0.000000000000000E+000  0.000000000000000E+000
         270  0.000000000000000E+000  0.000000000000000E+000
         271  0.000000000000000E+000  0.000000000000000E+000
         272  0.000000000000000E+000  0.000000000000000E+000
         273  0.000000000000000E+000  0.000000000000000E+000
         274  0.000000000000000E+000  0.000000000000000E+000
         275  0.000000000000000E+000  0.000000000000000E+000
         276  0.000000000000000E+000  0.000000000000000E+000
         277  0.000000000000000E+000  0.000000000000000E+000
         278  0.000000000000000E+000  0.000000000000000E+000
         279  0.000000000000000E+000  0.000000000000000E+000
         280  0.000000000000000E+000  0.000000000000000E+000
         281  0.000000000000000E+000  0.000000000000000E+000
         282  0.000000000000000E+000  0.000000000000000E+000
         283  0.000000000000000E+000  0.000000000000000E+000
         284  0.000000000000000E+000  0.000000000000000E+000
         285  0.000000000000000E+000  0.000000000000000E+000
         286  0.000000000000000E+000  0.000000000000000E+000
         287  0.000000000000000E+000  0.000000000000000E+000
         288  0.000000000000000E+000  0.000000000000000E+000
         289  0.000000000000000E+000  0.000000000000000E+000
         290  0.000000000000000E+000  0.000000000000000E+000
         291  0.000000000000000E+000  0.000000000000000E+000
         292  0.000000000000000E+000  0.000000000000000E+000
         293  0.000000000000000E+000  0.000000000000000E+000
         294  0.000000000000000E+000  0.000000000000000E+000
         295  0.000000000000000E+000  0.000000000000000E+000
         296  0.000000000000000E+000  0.000000000000000E+000
         297  0.000000000000000E+000  0.000000000000000E+000
         298  0.000000000000000E+000  0.000000000000000E+000
         299  0.000000000000000E+000  0.000000000000000E+000
         300  0.000000000000000E+000  0.000000000000000E+000
         301  0.000000000000000E+000  0.000000000000000E+000
         302  0.000000000000000E+000  0.000000000000000E+000
         303  0.000000000000000E+000  0.000000000000000E+000
         304  0.000000000000000E+000  0.000000000000000E+000
         305  0.000000000000000E+000  0.000000000000000E+000
         306  0.000000000000000E+000  0.000000000000000E+000
         307  0.000000000000000E+000  0.000000000000000E+000
         308  0.000000000000000E+000  0.000000000000000E+000
         309  0.000000000000000E+000  0.000000000000000E+000
         310  0.000000000000000E+000  0.000000000000000E+000
         311  0.000000000000000E+000  0.000000000000000E+000
         312  0.000000000000000E+000  0.000000000000000E+000
         313  0.000000000000000E+000  0.000000000000000E+000
         314  0.000000000000000E+000  0.000000000000000E+000
         315  0.000000000000000E+000  0.000000000000000E+000
         316  0.000000000000000E+000  0.000000000000000E+000
         317  0.000000000000000E+000  0.000000000000000E+000
         318  0.000000000000000E+000  0.000000000000000E+000
         319  0.000000000000000E+000  0.000000000000000E+000
         320  0.000000000000000E+000  0.000000000000000E+000
         321  0.000000000000000E+000  0.000000000000000E+000
         322  0.000000000000000E+000  0.000000000000000E+000
         323  0.000000000000000E+000  0.000000000000000E+000
         324  0.000000000000000E+000  0.000000000000000E+000
         325  0.000000000000000E+000  0.000000000000000E+000
         326  0.000000000000000E+000  0.000000000000000E+000
         327  0.000000000000000E+000  0.000000000000000E+000
         328  0.000000000000000E+000  0.000000000000000E+000
         329  0.000000000000000E+000  0.000000000000000E+000
         330  0.000000000000000E+000  0.000000000000000E+000
         331  0.000000000000000E+000  0.000000000000000E+000
         332  0.000000000000000E+000  0.000000000000000E+000
         333  0.000000000000000E+000  0.000000000000000E+000
         334  0.000000000000000E+000  0.000000000000000E+000
         335  0.000000000000000E+000  0.000000000000000E+000
         336  0.000000000000000E+000  0.000000000000000E+000
         337  0.000000000000000E+000  0.000000000000000E+000
         338  0.000000000000000E+000  0.000000000000000E+000
         339  0.000000000000000E+000  0.000000000000000E+000
         340  0.000000000000000E+000  0.000000000000000E+000
         341  0.000000000000000E+000  0.000000000000000E+000
         342  0.000000000000000E+000  0.000000000000000E+000
         343  0.000000000000000E+000  0.000000000000000E+000
         344  0.000000000000000E+000  0.000000000000000E+000
         345  0.000000000000000E+000  0.000000000000000E+000
         346  0.000000000000000E+000  0.000000000000000E+000
         347  0.000000000000000E+000  0.000000000000000E+000
         348  0.000000000000000E+000  0.000000000000000E+000
         349  0.000000000000000E+000  0.000000000000000E+000
         350  0.000000000000000E+000  0.000000000000000E+000
         351  0.000000000000000E+000  0.000000000000000E+000
         352  0.000000000000000E+000  0.000000000000000E+000
         353  0.000000000000000E+000  0.000000000000000E+000
         354  0.000000000000000E+000  0.000000000000000E+000
         355  0.000000000000000E+000  0.000000000000000E+000
         356  0.000000000000000E+000  0.000000000000000E+000
         357  0.000000000000000E+000  0.000000000000000E+000
         358  0.000000000000000E+000  0.000000000000000E+000
         359  0.000000000000000E+000  0.000000000000000E+000
         360  0.000000000000000E+000  0.000000000000000E+000
         361  0.000000000000000E+000  0.000000000000000E+000
         362  0.000000000000000E+000  0.000000000000000E+000
         363  0.000000000000000E+000  0.000000000000000E+000
         364  0.000000000000000E+000  0.000000000000000E+000
         365  0.000000000000000E+000  0.000000000000000E+000
         366  0.000000000000000E+000  0.000000000000000E+000
         367  0.000000000000000E+000  0.000000000000000E+000
         368  0.000000000000000E+000  0.000000000000000E+000
         369  0.000000000000000E+000  0.000000000000000E+000
         370  0.000000000000000E+000  0.000000000000000E+000
         371  0.000000000000000E+000  0.000000000000000E+000
         372  0.000000000000000E+000  0.000000000000000E+000
         373  0.000000000000000E+000  0.000000000000000E+000
         374  0.000000000000000E+000  0.000000000000000E+000
         375  0.000000000000000E+000  0.000000000000000E+000
         376  0.000000000000000E+000  0.000000000000000E+000
         377  0.000000000000000E+000  0.000000000000000E+000
         378  0.000000000000000E+000  0.000000000000000E+000
         379  0.000000000000000E+000  0.000000000000000E+000
         380  0.000000000000000E+000  0.000000000000000E+000
         381  0.000000000000000E+000  0.000000000000000E+000
         382  0.000000000000000E+000  0.000000000000000E+000
         383  0.000000000000000E+000  0.000000000000000E+000
         384  0.000000000000000E+000  0.000000000000000E+000
         385  0.000000000000000E+000  0.000000000000000E+000
         386  0.000000000000000E+000  0.000000000000000E+000
         387  0.000000000000000E+000  0.000000000000000E+000
         388  0.000000000000000E+000  0.000000000000000E+000
         389  0.000000000000000E+000  0.000000000000000E+000
         390  0.000000000000000E+000  0.000000000000000E+000
         391  0.000000000000000E+000  0.000000000000000E+000
         392  0.000000000000000E+000  0.000000000000000E+000
         393  0.000000000000000E+000  0.000000000000000E+000
         394  0.000000000000000E+000  0.000000000000000E+000
         395  0.000000000000000E+000  0.000000000000000E+000
         396  0.000000000000000E+000  0.000000000000000E+000
         397  0.000000000000000E+000  0.000000000000000E+000
         398  0.000000000000000E+000  0.000000000000000E+000
         399  0.000000000000000E+000  0.000000000000000E+000
         400  0.000000000000000E+000  0.000000000000000E+000
         401  0.000000000000000E+000  0.000000000000000E+000
         402  0.000000000000000E+000  0.000000000000000E+000
         403  0.000000000000000E+000  0.000000000000000E+000
         404  0.000000000000000E+000  0.000000000000000E+000
         405  0.000000000000000E+000  0.000000000000000E+000
         406  0.000000000000000E+000  0.000000000000000E+000
         407  0.000000000000000E+000  0.000000000000000E+000
         408  0.000000000000000E+000  0.000000000000000E+000
         409  0.000000000000000E+000  0.000000000000000E+000
         410  0.000000000000000E+000  0.000000000000000E+000
         411  0.000000000000000E+000  0.000000000000000E+000
         412  0.000000000000000E+000  0.000000000000000E+000
         413  0.000000000000000E+000  0.000000000000000E+000
         414  0.000000000000000E+000  0.000000000000000E+000
         415  0.000000000000000E+000  0.000000000000000E+000
         416  0.000000000000000E+000  0.000000000000000E+000
         417  0.000000000000000E+000  0.000000000000000E+000
         418  0.000000000000000E+000  0.000000000000000E+000
         419  0.000000000000000E+000  0.000000000000000E+000
         420  0.000000000000000E+000  0.000000000000000E+000
         421  0.000000000000000E+000  0.000000000000000E+000
         422  0.000000000000000E+000  0.000000000000000E+000
         423  0.000000000000000E+000  0.000000000000000E+000
         424  0.000000000000000E+000  0.000000000000000E+000
         425  0.000000000000000E+000  0.000000000000000E+000
         426  0.000000000000000E+000  0.000000000000000E+000
         427  0.000000000000000E+000  0.000000000000000E+000
         428  0.000000000000000E+000  0.000000000000000E+000
         429  0.000000000000000E+000  0.000000000000000E+000
         430  0.000000000000000E+000  0.000000000000000E+000
         431  0.000000000000000E+000  0.000000000000000E+000
         432  0.000000000000000E+000  0.000000000000000E+000
         433  0.000000000000000E+000  0.000000000000000E+000
         434  0.000000000000000E+000  0.000000000000000E+000
         435  0.000000000000000E+000  0.000000000000000E+000
         436  0.000000000000000E+000  0.000000000000000E+000
         437  0.000000000000000E+000  0.000000000000000E+000
         438  0.000000000000000E+000  0.000000000000000E+000
         439  0.000000000000000E+000  0.000000000000000E+000
         440  0.000000000000000E+000  0.000000000000000E+000
         441  0.000000000000000E+000  0.000000000000000E+000
         442  0.000000000000000E+000  0.000000000000000E+000
         443  0.000000000000000E+000  0.000000000000000E+000
         444  0.000000000000000E+000  0.000000000000000E+000
