           0  0.000000000000000E+000  0.000000000000000E+000
           1   1.05570648889499        1.30435999016356     
           2  0.464019154795310        2.18143780187208     
           3  0.195261809150115        1.91678181660048     
           4  0.144413904005812        2.32607597304015     
           5  0.104579847671917        2.66485270080864     
           6  7.170109374815020E-002   2.66227090883139     
           7  5.700164100987049E-002   2.82993461876415     
           8  4.555404019167422E-002   2.91880251266376     
           9  4.720230496584639E-002   3.85559461954881     
          10  3.635390618113325E-002   3.69097111903792     
          11  3.018677297771054E-002   3.68209414198293     
          12  2.958902617337001E-002   4.26871083381927     
          13  2.591362253271912E-002   4.39577687679933     
          14  2.382953718830011E-002   4.69936924773340     
          15  1.936291244732445E-002   4.35842788488874     
          16  1.963112315327159E-002   5.01568114650511     
          17  1.769741601463925E-002   5.12314531004985     
          18  1.609384378324723E-002   5.23952338242876     
          19  1.353732372064398E-002   4.90021871086309     
          20  1.349004282978115E-002   5.39748051880106     
          21  1.295023934368946E-002   5.71698492796110     
          22  1.116159036215232E-002   5.41276223164505     
          23  1.029221572996950E-002   5.44872544925900     
          24  9.456496190864434E-003   5.44565730251373     
          25  9.066506431972578E-003   5.66787138626837     
          26  8.421735925588349E-003   5.70054168135015     
          27  7.579345565106008E-003   5.53331677494824     
          28  7.083221165562930E-003   5.55793718224363     
          29  6.574174107814496E-003   5.53648637417221     
          30  6.031868351917839E-003   5.43262589695513     
          31  5.798322360458066E-003   5.57672805937954     
          32  5.162756253834402E-003   5.28943642945149     
          33  5.030810400204004E-003   5.47787870964899     
          34  4.713548645495367E-003   5.45337321604814     
          35  4.283133714981608E-003   5.24935536734590     
          36  4.147513429675875E-003   5.37830425942679     
          37  3.795160588429912E-003   5.19873133615620     
          38  3.539237018576659E-003   5.11394494071136     
          39  3.238245575657078E-003   4.92649504982672     
          40  3.174160162713982E-003   5.07899658834234     
          41  2.907748521069137E-003   4.88858847518943     
          42  2.717269370302551E-003   4.79578920997099     
          43  2.594662310418995E-003   4.79944430429628     
          44  2.395052792433000E-003   4.63904455860017     
          45  2.358693956048052E-003   4.77878853384047     
          46  2.069842974816175E-003   4.38178804238941     
          47  2.009904994550482E-003   4.43954739643152     
          48  1.899608105475267E-003   4.37528083827883     
          49  1.801524009079848E-003   4.32572931851069     
          50  1.690479911990670E-003   4.22801756530857     
          51  1.555491527562641E-003   4.04714023579582     
          52  1.501074091914682E-003   4.05950329773725     
          53  1.414288328736451E-003   3.97449484980267     
          54  1.309500378974918E-003   3.81983822184210     
          55  1.252099472145989E-003   3.78785016378701     
          56  1.183769827387214E-003   3.71181966653618     
          57  1.144022113795715E-003   3.71723048859732     
          58  1.054756906183408E-003   3.54886075536330     
          59  9.995808268099748E-004   3.47980446250184     
          60  9.513981545003201E-004   3.42535791785463     
          61  8.851680402702611E-004   3.29440398667543     
          62  8.444120635161484E-004   3.24693982557821     
          63  7.853195399714131E-004   3.11677603392292     
          64  7.552812908238436E-004   3.09303162676992     
          65  7.276128715211132E-004   3.07423108336393     
          66  6.715264155216935E-004   2.92583676508364     
          67  6.454418197327691E-004   2.89806285974790     
          68  6.037934474159729E-004   2.79231497300765     
          69  5.850926482383292E-004   2.78615599128770     
          70  5.446766243833029E-004   2.66966730400954     
          71  5.109997224173727E-004   2.57590544835812     
          72  4.935382832505823E-004   2.55813830417554     
          73  4.661679188803931E-004   2.48429430555474     
          74  4.504371050404320E-004   2.46699439714868     
          75  4.158148488214652E-004   2.33934184898738     
          76  4.018395394567709E-004   2.32114239022812     
          77  3.830399306716364E-004   2.27136511247986     
          78  3.590572391049384E-004   2.18467704673498     
          79  3.433433842084758E-004   2.14277053187490     
          80  3.239133010854336E-004   2.07280007606819     
          81  3.120448745788295E-004   2.04725979284841     
          82  2.942742378965105E-004   1.97885957884665     
          83  2.815855975414624E-004   1.94006894293596     
          84  2.653912473743062E-004   1.87266028256880     
          85  2.555142381421994E-004   1.84614074400220     
          86  2.427789762989414E-004   1.79589227776868     
          87  2.299298666531366E-004   1.74042757621302     
          88  2.204376677965162E-004   1.70707026514950     
          89  2.100268130611208E-004   1.66370199996638     
          90  2.002058383708058E-004   1.62185720309229     
          91  1.884524665529013E-004   1.56089110073865     
          92  1.803174685891564E-004   1.52639953529994     
          93  1.710287520042857E-004   1.47940565678339     
          94  1.632286287117098E-004   1.44236486244095     
          95  1.548425339676497E-004   1.39735297588024     
          96  1.491269315576430E-004   1.37414025510233     
          97  1.431255905377181E-004   1.34649915292053     
          98  1.364601391887179E-004   1.31065138771390     
          99  1.281625567922010E-004   1.25628691616026     
         100  1.235647281378462E-004   1.23574066335270     
         101  1.178523294062158E-004   1.20224863129336     
         102  1.128958241844271E-004   1.17464464027725     
         103  1.080437618531273E-004   1.14637019293281     
         104  1.012612052115388E-004   1.09522608229595     
         105  9.948850665685402E-005   1.09684636263081     
         106  9.333112872794556E-005   1.04873263786804     
         107  8.923159266999824E-005   1.02162864340678     
         108  8.559788943421435E-005  0.998401079138446     
         109  8.265037902706004E-005  0.982033350113114     
         110  7.792424293200692E-005  0.943017918511038     
         111  7.401129868780707E-005  0.911910198584170     
         112  7.141420212263658E-005  0.895788916466688     
         113  6.849673775054607E-005  0.874607888562405     
         114  6.565434663649939E-005  0.853275337142693     
         115  6.191233449843465E-005  0.818796299075359     
         116  6.014550221446180E-005  0.809320334420997     
         117  5.748240859261262E-005  0.786933787440434     
         118  5.479773308527012E-005  0.763053792827859     
         119  5.203066108233119E-005  0.736760561111358     
         120  5.048381908986227E-005  0.726916387696982     
         121  4.843179657759566E-005  0.709082642495675     
         122  4.632478781150906E-005  0.689526457724626     
         123  4.448225402071579E-005  0.673007643020798     
         124  4.225806182715933E-005  0.649774494890155     
         125  4.105093743572744E-005  0.641458610698950     
         126  3.883666893583773E-005  0.616621572145040     
         127  3.745951228481060E-005  0.604188755545687     
         128  3.611005616668515E-005  0.591611840210702     
         129  3.499705716436533E-005  0.582393262175869     
         130  3.350276005080677E-005  0.566233513508171     
         131  3.198181328849608E-005  0.548833026970930     
         132  3.117549054078221E-005  0.543209711720951     
         133  2.974966605643272E-005  0.526271692248366     
         134  2.873484029896118E-005  0.515976988478654     
         135  2.738339998232204E-005  0.499057320079973     
         136  2.659127970813226E-005  0.491822497134037     
         137  2.591755950002605E-005  0.486471929276780     
         138  2.471301363862691E-005  0.470676600726025     
         139  2.382412253350733E-005  0.460323292360160     
         140  2.321395989748693E-005  0.454990328416144     
         141  2.242993088963575E-005  0.445933273503335     
         142  2.177747696555015E-005  0.439137243853775     
         143  2.081674476409044E-005  0.425691100288158     
         144  2.053786984426317E-005  0.425847907562271     
         145  1.996736952761255E-005  0.419794348377961     
         146  1.944695580343248E-005  0.414533442092954     
         147  1.891033794406414E-005  0.408647978845657     
         148  1.843812247710918E-005  0.403880942705381     
         149  1.803981257617357E-005  0.400533314523264     
         150  1.759452477468761E-005  0.395911760668493     
         151  1.717766473430025E-005  0.391699400671433     
         152  1.697372293154898E-005  0.392168045525842     
         153  1.678689196153920E-005  0.392983446126951     
         154  1.658203121510590E-005  0.393287015327222     
         155  1.625676986667483E-005  0.390595262450456     
         156  1.615549067562713E-005  0.393168311001852     
         157  1.626095355566951E-005  0.400832727671159     
         158  1.614804712200374E-005  0.403141609380532     
         159  1.615442213481284E-005  0.408413643317390     
         160  1.639346312496283E-005  0.419675110241685     
         161  1.663718648639174E-005  0.431287181781108     
         162  1.671192003141452E-005  0.438631518816826     
         163  1.724927491305415E-005  0.458336591661817     
         164  1.754362009882740E-005  0.471894597961569     
         165  1.845040073282254E-005  0.502352844819523     
         166  1.907985639666845E-005  0.525812100143383     
         167  2.028747762308332E-005  0.565835445221323     
         168  2.159589181607217E-005  0.609581157182472     
         169  2.388500307464258E-005  0.682274773657394     
         170  2.790221225022323E-005  0.806568904655963     
         171  4.824815265735475E-006  0.140401478150131     
         172  0.000000000000000E+000  0.000000000000000E+000
         173  0.000000000000000E+000  0.000000000000000E+000
         174  0.000000000000000E+000  0.000000000000000E+000
         175  0.000000000000000E+000  0.000000000000000E+000
         176  0.000000000000000E+000  0.000000000000000E+000
         177  0.000000000000000E+000  0.000000000000000E+000
         178  0.000000000000000E+000  0.000000000000000E+000
         179  0.000000000000000E+000  0.000000000000000E+000
         180  0.000000000000000E+000  0.000000000000000E+000
         181  0.000000000000000E+000  0.000000000000000E+000
         182  0.000000000000000E+000  0.000000000000000E+000
         183  0.000000000000000E+000  0.000000000000000E+000
         184  0.000000000000000E+000  0.000000000000000E+000
         185  0.000000000000000E+000  0.000000000000000E+000
         186  0.000000000000000E+000  0.000000000000000E+000
         187  0.000000000000000E+000  0.000000000000000E+000
         188  0.000000000000000E+000  0.000000000000000E+000
         189  0.000000000000000E+000  0.000000000000000E+000
         190  0.000000000000000E+000  0.000000000000000E+000
         191  0.000000000000000E+000  0.000000000000000E+000
         192  0.000000000000000E+000  0.000000000000000E+000
         193  0.000000000000000E+000  0.000000000000000E+000
         194  0.000000000000000E+000  0.000000000000000E+000
         195  0.000000000000000E+000  0.000000000000000E+000
         196  0.000000000000000E+000  0.000000000000000E+000
         197  0.000000000000000E+000  0.000000000000000E+000
         198  0.000000000000000E+000  0.000000000000000E+000
         199  0.000000000000000E+000  0.000000000000000E+000
         200  0.000000000000000E+000  0.000000000000000E+000
         201  0.000000000000000E+000  0.000000000000000E+000
         202  0.000000000000000E+000  0.000000000000000E+000
         203  0.000000000000000E+000  0.000000000000000E+000
         204  0.000000000000000E+000  0.000000000000000E+000
         205  0.000000000000000E+000  0.000000000000000E+000
         206  0.000000000000000E+000  0.000000000000000E+000
         207  0.000000000000000E+000  0.000000000000000E+000
         208  0.000000000000000E+000  0.000000000000000E+000
         209  0.000000000000000E+000  0.000000000000000E+000
         210  0.000000000000000E+000  0.000000000000000E+000
         211  0.000000000000000E+000  0.000000000000000E+000
         212  0.000000000000000E+000  0.000000000000000E+000
         213  0.000000000000000E+000  0.000000000000000E+000
         214  0.000000000000000E+000  0.000000000000000E+000
         215  0.000000000000000E+000  0.000000000000000E+000
         216  0.000000000000000E+000  0.000000000000000E+000
         217  0.000000000000000E+000  0.000000000000000E+000
         218  0.000000000000000E+000  0.000000000000000E+000
         219  0.000000000000000E+000  0.000000000000000E+000
         220  0.000000000000000E+000  0.000000000000000E+000
         221  0.000000000000000E+000  0.000000000000000E+000
         222  0.000000000000000E+000  0.000000000000000E+000
         223  0.000000000000000E+000  0.000000000000000E+000
         224  0.000000000000000E+000  0.000000000000000E+000
         225  0.000000000000000E+000  0.000000000000000E+000
         226  0.000000000000000E+000  0.000000000000000E+000
         227  0.000000000000000E+000  0.000000000000000E+000
         228  0.000000000000000E+000  0.000000000000000E+000
         229  0.000000000000000E+000  0.000000000000000E+000
         230  0.000000000000000E+000  0.000000000000000E+000
         231  0.000000000000000E+000  0.000000000000000E+000
         232  0.000000000000000E+000  0.000000000000000E+000
         233  0.000000000000000E+000  0.000000000000000E+000
         234  0.000000000000000E+000  0.000000000000000E+000
         235  0.000000000000000E+000  0.000000000000000E+000
         236  0.000000000000000E+000  0.000000000000000E+000
         237  0.000000000000000E+000  0.000000000000000E+000
         238  0.000000000000000E+000  0.000000000000000E+000
         239  0.000000000000000E+000  0.000000000000000E+000
         240  0.000000000000000E+000  0.000000000000000E+000
         241  0.000000000000000E+000  0.000000000000000E+000
         242  0.000000000000000E+000  0.000000000000000E+000
         243  0.000000000000000E+000  0.000000000000000E+000
         244  0.000000000000000E+000  0.000000000000000E+000
         245  0.000000000000000E+000  0.000000000000000E+000
         246  0.000000000000000E+000  0.000000000000000E+000
         247  0.000000000000000E+000  0.000000000000000E+000
         248  0.000000000000000E+000  0.000000000000000E+000
         249  0.000000000000000E+000  0.000000000000000E+000
         250  0.000000000000000E+000  0.000000000000000E+000
         251  0.000000000000000E+000  0.000000000000000E+000
         252  0.000000000000000E+000  0.000000000000000E+000
         253  0.000000000000000E+000  0.000000000000000E+000
         254  0.000000000000000E+000  0.000000000000000E+000
         255  0.000000000000000E+000  0.000000000000000E+000
         256  0.000000000000000E+000  0.000000000000000E+000
         257  0.000000000000000E+000  0.000000000000000E+000
         258  0.000000000000000E+000  0.000000000000000E+000
         259  0.000000000000000E+000  0.000000000000000E+000
         260  0.000000000000000E+000  0.000000000000000E+000
         261  0.000000000000000E+000  0.000000000000000E+000
         262  0.000000000000000E+000  0.000000000000000E+000
         263  0.000000000000000E+000  0.000000000000000E+000
         264  0.000000000000000E+000  0.000000000000000E+000
         265  0.000000000000000E+000  0.000000000000000E+000
         266  0.000000000000000E+000  0.000000000000000E+000
         267  0.000000000000000E+000  0.000000000000000E+000
         268  0.000000000000000E+000  0.000000000000000E+000
         269  0.000000000000000E+000  0.000000000000000E+000
         270  0.000000000000000E+000  0.000000000000000E+000
         271  0.000000000000000E+000  0.000000000000000E+000
         272  0.000000000000000E+000  0.000000000000000E+000
         273  0.000000000000000E+000  0.000000000000000E+000
         274  0.000000000000000E+000  0.000000000000000E+000
         275  0.000000000000000E+000  0.000000000000000E+000
         276  0.000000000000000E+000  0.000000000000000E+000
         277  0.000000000000000E+000  0.000000000000000E+000
         278  0.000000000000000E+000  0.000000000000000E+000
         279  0.000000000000000E+000  0.000000000000000E+000
         280  0.000000000000000E+000  0.000000000000000E+000
         281  0.000000000000000E+000  0.000000000000000E+000
         282  0.000000000000000E+000  0.000000000000000E+000
         283  0.000000000000000E+000  0.000000000000000E+000
         284  0.000000000000000E+000  0.000000000000000E+000
         285  0.000000000000000E+000  0.000000000000000E+000
         286  0.000000000000000E+000  0.000000000000000E+000
         287  0.000000000000000E+000  0.000000000000000E+000
         288  0.000000000000000E+000  0.000000000000000E+000
         289  0.000000000000000E+000  0.000000000000000E+000
         290  0.000000000000000E+000  0.000000000000000E+000
         291  0.000000000000000E+000  0.000000000000000E+000
         292  0.000000000000000E+000  0.000000000000000E+000
         293  0.000000000000000E+000  0.000000000000000E+000
         294  0.000000000000000E+000  0.000000000000000E+000
         295  0.000000000000000E+000  0.000000000000000E+000
         296  0.000000000000000E+000  0.000000000000000E+000
         297  0.000000000000000E+000  0.000000000000000E+000
         298  0.000000000000000E+000  0.000000000000000E+000
         299  0.000000000000000E+000  0.000000000000000E+000
         300  0.000000000000000E+000  0.000000000000000E+000
         301  0.000000000000000E+000  0.000000000000000E+000
         302  0.000000000000000E+000  0.000000000000000E+000
         303  0.000000000000000E+000  0.000000000000000E+000
         304  0.000000000000000E+000  0.000000000000000E+000
         305  0.000000000000000E+000  0.000000000000000E+000
         306  0.000000000000000E+000  0.000000000000000E+000
         307  0.000000000000000E+000  0.000000000000000E+000
         308  0.000000000000000E+000  0.000000000000000E+000
         309  0.000000000000000E+000  0.000000000000000E+000
         310  0.000000000000000E+000  0.000000000000000E+000
         311  0.000000000000000E+000  0.000000000000000E+000
         312  0.000000000000000E+000  0.000000000000000E+000
         313  0.000000000000000E+000  0.000000000000000E+000
         314  0.000000000000000E+000  0.000000000000000E+000
         315  0.000000000000000E+000  0.000000000000000E+000
         316  0.000000000000000E+000  0.000000000000000E+000
         317  0.000000000000000E+000  0.000000000000000E+000
         318  0.000000000000000E+000  0.000000000000000E+000
         319  0.000000000000000E+000  0.000000000000000E+000
         320  0.000000000000000E+000  0.000000000000000E+000
         321  0.000000000000000E+000  0.000000000000000E+000
         322  0.000000000000000E+000  0.000000000000000E+000
         323  0.000000000000000E+000  0.000000000000000E+000
         324  0.000000000000000E+000  0.000000000000000E+000
         325  0.000000000000000E+000  0.000000000000000E+000
         326  0.000000000000000E+000  0.000000000000000E+000
         327  0.000000000000000E+000  0.000000000000000E+000
         328  0.000000000000000E+000  0.000000000000000E+000
         329  0.000000000000000E+000  0.000000000000000E+000
         330  0.000000000000000E+000  0.000000000000000E+000
         331  0.000000000000000E+000  0.000000000000000E+000
         332  0.000000000000000E+000  0.000000000000000E+000
         333  0.000000000000000E+000  0.000000000000000E+000
         334  0.000000000000000E+000  0.000000000000000E+000
         335  0.000000000000000E+000  0.000000000000000E+000
         336  0.000000000000000E+000  0.000000000000000E+000
         337  0.000000000000000E+000  0.000000000000000E+000
         338  0.000000000000000E+000  0.000000000000000E+000
         339  0.000000000000000E+000  0.000000000000000E+000
         340  0.000000000000000E+000  0.000000000000000E+000
         341  0.000000000000000E+000  0.000000000000000E+000
         342  0.000000000000000E+000  0.000000000000000E+000
         343  0.000000000000000E+000  0.000000000000000E+000
         344  0.000000000000000E+000  0.000000000000000E+000
         345  0.000000000000000E+000  0.000000000000000E+000
         346  0.000000000000000E+000  0.000000000000000E+000
         347  0.000000000000000E+000  0.000000000000000E+000
         348  0.000000000000000E+000  0.000000000000000E+000
         349  0.000000000000000E+000  0.000000000000000E+000
         350  0.000000000000000E+000  0.000000000000000E+000
         351  0.000000000000000E+000  0.000000000000000E+000
         352  0.000000000000000E+000  0.000000000000000E+000
         353  0.000000000000000E+000  0.000000000000000E+000
         354  0.000000000000000E+000  0.000000000000000E+000
         355  0.000000000000000E+000  0.000000000000000E+000
         356  0.000000000000000E+000  0.000000000000000E+000
         357  0.000000000000000E+000  0.000000000000000E+000
         358  0.000000000000000E+000  0.000000000000000E+000
         359  0.000000000000000E+000  0.000000000000000E+000
         360  0.000000000000000E+000  0.000000000000000E+000
         361  0.000000000000000E+000  0.000000000000000E+000
         362  0.000000000000000E+000  0.000000000000000E+000
         363  0.000000000000000E+000  0.000000000000000E+000
         364  0.000000000000000E+000  0.000000000000000E+000
         365  0.000000000000000E+000  0.000000000000000E+000
         366  0.000000000000000E+000  0.000000000000000E+000
         367  0.000000000000000E+000  0.000000000000000E+000
         368  0.000000000000000E+000  0.000000000000000E+000
         369  0.000000000000000E+000  0.000000000000000E+000
         370  0.000000000000000E+000  0.000000000000000E+000
         371  0.000000000000000E+000  0.000000000000000E+000
         372  0.000000000000000E+000  0.000000000000000E+000
         373  0.000000000000000E+000  0.000000000000000E+000
         374  0.000000000000000E+000  0.000000000000000E+000
         375  0.000000000000000E+000  0.000000000000000E+000
         376  0.000000000000000E+000  0.000000000000000E+000
         377  0.000000000000000E+000  0.000000000000000E+000
         378  0.000000000000000E+000  0.000000000000000E+000
         379  0.000000000000000E+000  0.000000000000000E+000
         380  0.000000000000000E+000  0.000000000000000E+000
         381  0.000000000000000E+000  0.000000000000000E+000
         382  0.000000000000000E+000  0.000000000000000E+000
         383  0.000000000000000E+000  0.000000000000000E+000
         384  0.000000000000000E+000  0.000000000000000E+000
         385  0.000000000000000E+000  0.000000000000000E+000
         386  0.000000000000000E+000  0.000000000000000E+000
         387  0.000000000000000E+000  0.000000000000000E+000
         388  0.000000000000000E+000  0.000000000000000E+000
         389  0.000000000000000E+000  0.000000000000000E+000
         390  0.000000000000000E+000  0.000000000000000E+000
         391  0.000000000000000E+000  0.000000000000000E+000
         392  0.000000000000000E+000  0.000000000000000E+000
         393  0.000000000000000E+000  0.000000000000000E+000
         394  0.000000000000000E+000  0.000000000000000E+000
         395  0.000000000000000E+000  0.000000000000000E+000
         396  0.000000000000000E+000  0.000000000000000E+000
         397  0.000000000000000E+000  0.000000000000000E+000
         398  0.000000000000000E+000  0.000000000000000E+000
         399  0.000000000000000E+000  0.000000000000000E+000
         400  0.000000000000000E+000  0.000000000000000E+000
         401  0.000000000000000E+000  0.000000000000000E+000
         402  0.000000000000000E+000  0.000000000000000E+000
         403  0.000000000000000E+000  0.000000000000000E+000
         404  0.000000000000000E+000  0.000000000000000E+000
         405  0.000000000000000E+000  0.000000000000000E+000
         406  0.000000000000000E+000  0.000000000000000E+000
         407  0.000000000000000E+000  0.000000000000000E+000
         408  0.000000000000000E+000  0.000000000000000E+000
         409  0.000000000000000E+000  0.000000000000000E+000
         410  0.000000000000000E+000  0.000000000000000E+000
         411  0.000000000000000E+000  0.000000000000000E+000
         412  0.000000000000000E+000  0.000000000000000E+000
         413  0.000000000000000E+000  0.000000000000000E+000
         414  0.000000000000000E+000  0.000000000000000E+000
         415  0.000000000000000E+000  0.000000000000000E+000
         416  0.000000000000000E+000  0.000000000000000E+000
         417  0.000000000000000E+000  0.000000000000000E+000
         418  0.000000000000000E+000  0.000000000000000E+000
         419  0.000000000000000E+000  0.000000000000000E+000
         420  0.000000000000000E+000  0.000000000000000E+000
         421  0.000000000000000E+000  0.000000000000000E+000
         422  0.000000000000000E+000  0.000000000000000E+000
         423  0.000000000000000E+000  0.000000000000000E+000
         424  0.000000000000000E+000  0.000000000000000E+000
         425  0.000000000000000E+000  0.000000000000000E+000
         426  0.000000000000000E+000  0.000000000000000E+000
         427  0.000000000000000E+000  0.000000000000000E+000
         428  0.000000000000000E+000  0.000000000000000E+000
         429  0.000000000000000E+000  0.000000000000000E+000
         430  0.000000000000000E+000  0.000000000000000E+000
         431  0.000000000000000E+000  0.000000000000000E+000
         432  0.000000000000000E+000  0.000000000000000E+000
         433  0.000000000000000E+000  0.000000000000000E+000
         434  0.000000000000000E+000  0.000000000000000E+000
         435  0.000000000000000E+000  0.000000000000000E+000
         436  0.000000000000000E+000  0.000000000000000E+000
         437  0.000000000000000E+000  0.000000000000000E+000
         438  0.000000000000000E+000  0.000000000000000E+000
         439  0.000000000000000E+000  0.000000000000000E+000
         440  0.000000000000000E+000  0.000000000000000E+000
         441  0.000000000000000E+000  0.000000000000000E+000
         442  0.000000000000000E+000  0.000000000000000E+000
         443  0.000000000000000E+000  0.000000000000000E+000
         444  0.000000000000000E+000  0.000000000000000E+000
