           0  0.000000000000000E+000  0.000000000000000E+000
           1   1.30318971892652        1.43819841239518     
           2  0.431312874936825        2.17084770324473     
           3  0.167002485069964        1.59991108506825     
           4  0.146236691065155        2.34960638146152     
           5  0.111785674845699        2.83783058652155     
           6  7.195315978881794E-002   2.68137582711214     
           7  5.841159283597321E-002   2.89243054345501     
           8  4.917936996657897E-002   3.13841469151109     
           9  4.563813048198100E-002   3.71552921908146     
          10  3.512353921066123E-002   3.56209156423836     
          11  2.887074345330670E-002   3.51107801538429     
          12  2.738585533909291E-002   3.94386813985842     
          13  2.501813822746839E-002   4.24118382863842     
          14  2.171682802846296E-002   4.27404484538508     
          15  1.723799460434984E-002   3.88408185277449     
          16  1.853042878659286E-002   4.73291378374013     
          17  1.647290765794490E-002   4.77030111333714     
          18  1.554655041916930E-002   5.06090599919411     
          19  1.317019747630386E-002   4.76470722504246     
          20  1.265736602525615E-002   5.06646538670034     
          21  1.177951877733096E-002   5.20304389140162     
          22  1.022855249113882E-002   4.95959148387720     
          23  9.624198990526045E-003   5.09338312586197     
          24  8.835921653996340E-003   5.08779521897725     
          25  8.618967083803946E-003   5.38600342973070     
          26  7.889626130716546E-003   5.34258140250944     
          27  6.974837062620451E-003   5.09133024101578     
          28  6.834188000637604E-003   5.36464172298128     
          29  6.201483539507684E-003   5.22198365747219     
          30  5.790950013573978E-003   5.21740270926927     
          31  5.522589309247587E-003   5.30930085838796     
          32  4.990273739712106E-003   5.10989949217252     
          33  4.830011564053011E-003   5.25979438671632     
          34  4.450336328651479E-003   5.14635614802750     
          35  3.994542675215355E-003   4.89673527494552     
          36  3.815596376336420E-003   4.94654149195070     
          37  3.582320759719465E-003   4.90681164475912     
          38  3.423397097652662E-003   4.94710180862129     
          39  3.068118294282190E-003   4.66863941685889     
          40  2.959654241926439E-003   4.73445415101540     
          41  2.827582936466392E-003   4.75498214431350     
          42  2.555234239863696E-003   4.50982269499810     
          43  2.457696123043277E-003   4.54582751941081     
          44  2.255230762024898E-003   4.36762172355174     
          45  2.182236746985942E-003   4.42177550787018     
          46  1.978787958640303E-003   4.18904262730493     
          47  1.885620917369113E-003   4.16468210699307     
          48  1.787452562404552E-003   4.11750817990233     
          49  1.706534042784608E-003   4.09766583958362     
          50  1.591194615554614E-003   3.98017223129794     
          51  1.468403954305838E-003   3.82061883184873     
          52  1.418692592603569E-003   3.83712149355817     
          53  1.327645758884345E-003   3.73046046536194     
          54  1.248847767589458E-003   3.64293668048435     
          55  1.176120042214671E-003   3.55826275812376     
          56  1.106249604334657E-003   3.46894546328878     
          57  1.066076956574547E-003   3.46396043638646     
          58  9.838215667689314E-004   3.31020477748729     
          59  9.243724915737208E-004   3.21833325524832     
          60  8.942292977148244E-004   3.21931970183439     
          61  8.296175800913481E-004   3.08776719179262     
          62  7.897020661029127E-004   3.03654338355849     
          63  7.294549217621931E-004   2.89537379820695     
          64  7.119615139417783E-004   2.91551951799641     
          65  6.827852222725237E-004   2.88492448778518     
          66  6.245652259582366E-004   2.72102182457995     
          67  6.031716845094024E-004   2.70814563520432     
          68  5.628798544941357E-004   2.60306704058137     
          69  5.489641153988232E-004   2.61401447207924     
          70  5.082722021815541E-004   2.49111840403900     
          71  4.768826120535264E-004   2.40396034460457     
          72  4.665263806440951E-004   2.41810268495309     
          73  4.372374687111883E-004   2.33021210484124     
          74  4.195304752257227E-004   2.29747276517829     
          75  3.873039335358852E-004   2.17883883467068     
          76  3.729900337450929E-004   2.15468899033893     
          77  3.548441360104625E-004   2.10423887725975     
          78  3.334887343649911E-004   2.02904670189935     
          79  3.181035475385684E-004   1.98530477555803     
          80  3.016084988632815E-004   1.93014264017678     
          81  2.915298236416449E-004   1.91272474707977     
          82  2.740281110663516E-004   1.84277643037971     
          83  2.591881292536730E-004   1.78569488713153     
          84  2.457268546956921E-004   1.73390154093727     
          85  2.366322611717157E-004   1.70973250715504     
          86  2.245401818551522E-004   1.66097648554381     
          87  2.121726291270168E-004   1.60607110624996     
          88  2.027895441609784E-004   1.57039389603863     
          89  1.926340852241195E-004   1.52588653697985     
          90  1.846742286636314E-004   1.49603204655069     
          91  1.733901834312767E-004   1.43606899208260     
          92  1.673797200482875E-004   1.41688311803166     
          93  1.583116806859182E-004   1.36941564470460     
          94  1.507463177008871E-004   1.33206516263961     
          95  1.424144860960542E-004   1.28517545987336     
          96  1.374406480514842E-004   1.26643210764508     
          97  1.309499637413819E-004   1.23194892305743     
          98  1.258157719493072E-004   1.20846367811247     
          99  1.178489758318593E-004   1.15515158345630     
         100  1.134966194978729E-004   1.13500527430823     
         101  1.078724001699237E-004   1.10040928848066     
         102  1.030328985804432E-004   1.07203275612297     
         103  9.867167647875877E-005   1.04690263615435     
         104  9.210571063070874E-005  0.996179530956057     
         105  9.088429431300006E-005   1.00201452899146     
         106  8.540920768837946E-005  0.959718440556473     
         107  8.147375198910254E-005  0.932802107593204     
         108  7.766304478545354E-005  0.905858426213369     
         109  7.490629697740025E-005  0.890002908968206     
         110  7.095609348927480E-005  0.858680642713523     
         111  6.741609592287262E-005  0.830641020768609     
         112  6.507798874228373E-005  0.816310201292254     
         113  6.208794490267748E-005  0.792780428209546     
         114  5.962677673459767E-005  0.774941055533845     
         115  5.636212212371703E-005  0.745396412430937     
         116  5.443224210236344E-005  0.732437914054886     
         117  5.222069185441719E-005  0.714885111476539     
         118  4.947217360594537E-005  0.688898516401246     
         119  4.717869834537110E-005  0.668059497184176     
         120  4.574707186466429E-005  0.658718237735712     
         121  4.347052649227343E-005  0.636432400506949     
         122  4.172343629721681E-005  0.621033305975118     
         123  4.000891004642161E-005  0.605317444314630     
         124  3.831128088486070E-005  0.589086574059936     
         125  3.715981631672488E-005  0.580659383413114     
         126  3.500112427222028E-005  0.555729642742309     
         127  3.380911998404267E-005  0.545311419482213     
         128  3.257700072360904E-005  0.533718785123303     
         129  3.134075953452963E-005  0.521544230719663     
         130  3.010418353805451E-005  0.508792273501927     
         131  2.871368456752345E-005  0.492752015191171     
         132  2.802758407915732E-005  0.488357058468709     
         133  2.639697594976798E-005  0.466957666052451     
         134  2.560357736037366E-005  0.459764932344445     
         135  2.450978861376801E-005  0.446704930222233     
         136  2.386778587737369E-005  0.441452728225853     
         137  2.314695121624137E-005  0.434464068178738     
         138  2.196379815308506E-005  0.418313184097581     
         139  2.128361827091468E-005  0.411227883891819     
         140  2.078884882731529E-005  0.407460682765095     
         141  2.005405117165757E-005  0.398700611571921     
         142  1.938857296954954E-005  0.390966628309024     
         143  1.852380800754605E-005  0.378799471519077     
         144  1.823608299415433E-005  0.378124811670579     
         145  1.769896092577968E-005  0.372101508526990     
         146  1.724212813170325E-005  0.367530338406140     
         147  1.677868711036689E-005  0.362580646703144     
         148  1.638643395539771E-005  0.358941617490120     
         149  1.607458369277358E-005  0.356896065029256     
         150  1.552128336088764E-005  0.349264106255820     
         151  1.517654638880854E-005  0.346066186793782     
         152  1.494340003023121E-005  0.345262645096756     
         153  1.475428684383586E-005  0.345394383628461     
         154  1.463876469742241E-005  0.347195643796716     
         155  1.430026143630680E-005  0.343582349325416     
         156  1.426048964709439E-005  0.347050092349588     
         157  1.421574080406245E-005  0.350421271507902     
         158  1.412435823304319E-005  0.352620835060923     
         159  1.417382113050347E-005  0.358337022376499     
         160  1.433324130598698E-005  0.366934447245532     
         161  1.462816225556306E-005  0.379204914432131     
         162  1.462620561949227E-005  0.383885057812580     
         163  1.498743916043419E-005  0.398241197792037     
         164  1.528445689594677E-005  0.411124363615285     
         165  1.603400828334495E-005  0.436563671452047     
         166  1.655436048639621E-005  0.456216621982253     
         167  1.770125706177893E-005  0.493703463677680     
         168  1.889301936066132E-005  0.533289435205691     
         169  2.097520685715035E-005  0.599160301522930     
         170  2.464814060811664E-005  0.712496796508536     
         171  4.227581190236693E-006  0.123021299510900     
         172  0.000000000000000E+000  0.000000000000000E+000
         173  0.000000000000000E+000  0.000000000000000E+000
         174  0.000000000000000E+000  0.000000000000000E+000
         175  0.000000000000000E+000  0.000000000000000E+000
         176  0.000000000000000E+000  0.000000000000000E+000
         177  0.000000000000000E+000  0.000000000000000E+000
         178  0.000000000000000E+000  0.000000000000000E+000
         179  0.000000000000000E+000  0.000000000000000E+000
         180  0.000000000000000E+000  0.000000000000000E+000
         181  0.000000000000000E+000  0.000000000000000E+000
         182  0.000000000000000E+000  0.000000000000000E+000
         183  0.000000000000000E+000  0.000000000000000E+000
         184  0.000000000000000E+000  0.000000000000000E+000
         185  0.000000000000000E+000  0.000000000000000E+000
         186  0.000000000000000E+000  0.000000000000000E+000
         187  0.000000000000000E+000  0.000000000000000E+000
         188  0.000000000000000E+000  0.000000000000000E+000
         189  0.000000000000000E+000  0.000000000000000E+000
         190  0.000000000000000E+000  0.000000000000000E+000
         191  0.000000000000000E+000  0.000000000000000E+000
         192  0.000000000000000E+000  0.000000000000000E+000
         193  0.000000000000000E+000  0.000000000000000E+000
         194  0.000000000000000E+000  0.000000000000000E+000
         195  0.000000000000000E+000  0.000000000000000E+000
         196  0.000000000000000E+000  0.000000000000000E+000
         197  0.000000000000000E+000  0.000000000000000E+000
         198  0.000000000000000E+000  0.000000000000000E+000
         199  0.000000000000000E+000  0.000000000000000E+000
         200  0.000000000000000E+000  0.000000000000000E+000
         201  0.000000000000000E+000  0.000000000000000E+000
         202  0.000000000000000E+000  0.000000000000000E+000
         203  0.000000000000000E+000  0.000000000000000E+000
         204  0.000000000000000E+000  0.000000000000000E+000
         205  0.000000000000000E+000  0.000000000000000E+000
         206  0.000000000000000E+000  0.000000000000000E+000
         207  0.000000000000000E+000  0.000000000000000E+000
         208  0.000000000000000E+000  0.000000000000000E+000
         209  0.000000000000000E+000  0.000000000000000E+000
         210  0.000000000000000E+000  0.000000000000000E+000
         211  0.000000000000000E+000  0.000000000000000E+000
         212  0.000000000000000E+000  0.000000000000000E+000
         213  0.000000000000000E+000  0.000000000000000E+000
         214  0.000000000000000E+000  0.000000000000000E+000
         215  0.000000000000000E+000  0.000000000000000E+000
         216  0.000000000000000E+000  0.000000000000000E+000
         217  0.000000000000000E+000  0.000000000000000E+000
         218  0.000000000000000E+000  0.000000000000000E+000
         219  0.000000000000000E+000  0.000000000000000E+000
         220  0.000000000000000E+000  0.000000000000000E+000
         221  0.000000000000000E+000  0.000000000000000E+000
         222  0.000000000000000E+000  0.000000000000000E+000
         223  0.000000000000000E+000  0.000000000000000E+000
         224  0.000000000000000E+000  0.000000000000000E+000
         225  0.000000000000000E+000  0.000000000000000E+000
         226  0.000000000000000E+000  0.000000000000000E+000
         227  0.000000000000000E+000  0.000000000000000E+000
         228  0.000000000000000E+000  0.000000000000000E+000
         229  0.000000000000000E+000  0.000000000000000E+000
         230  0.000000000000000E+000  0.000000000000000E+000
         231  0.000000000000000E+000  0.000000000000000E+000
         232  0.000000000000000E+000  0.000000000000000E+000
         233  0.000000000000000E+000  0.000000000000000E+000
         234  0.000000000000000E+000  0.000000000000000E+000
         235  0.000000000000000E+000  0.000000000000000E+000
         236  0.000000000000000E+000  0.000000000000000E+000
         237  0.000000000000000E+000  0.000000000000000E+000
         238  0.000000000000000E+000  0.000000000000000E+000
         239  0.000000000000000E+000  0.000000000000000E+000
         240  0.000000000000000E+000  0.000000000000000E+000
         241  0.000000000000000E+000  0.000000000000000E+000
         242  0.000000000000000E+000  0.000000000000000E+000
         243  0.000000000000000E+000  0.000000000000000E+000
         244  0.000000000000000E+000  0.000000000000000E+000
         245  0.000000000000000E+000  0.000000000000000E+000
         246  0.000000000000000E+000  0.000000000000000E+000
         247  0.000000000000000E+000  0.000000000000000E+000
         248  0.000000000000000E+000  0.000000000000000E+000
         249  0.000000000000000E+000  0.000000000000000E+000
         250  0.000000000000000E+000  0.000000000000000E+000
         251  0.000000000000000E+000  0.000000000000000E+000
         252  0.000000000000000E+000  0.000000000000000E+000
         253  0.000000000000000E+000  0.000000000000000E+000
         254  0.000000000000000E+000  0.000000000000000E+000
         255  0.000000000000000E+000  0.000000000000000E+000
         256  0.000000000000000E+000  0.000000000000000E+000
         257  0.000000000000000E+000  0.000000000000000E+000
         258  0.000000000000000E+000  0.000000000000000E+000
         259  0.000000000000000E+000  0.000000000000000E+000
         260  0.000000000000000E+000  0.000000000000000E+000
         261  0.000000000000000E+000  0.000000000000000E+000
         262  0.000000000000000E+000  0.000000000000000E+000
         263  0.000000000000000E+000  0.000000000000000E+000
         264  0.000000000000000E+000  0.000000000000000E+000
         265  0.000000000000000E+000  0.000000000000000E+000
         266  0.000000000000000E+000  0.000000000000000E+000
         267  0.000000000000000E+000  0.000000000000000E+000
         268  0.000000000000000E+000  0.000000000000000E+000
         269  0.000000000000000E+000  0.000000000000000E+000
         270  0.000000000000000E+000  0.000000000000000E+000
         271  0.000000000000000E+000  0.000000000000000E+000
         272  0.000000000000000E+000  0.000000000000000E+000
         273  0.000000000000000E+000  0.000000000000000E+000
         274  0.000000000000000E+000  0.000000000000000E+000
         275  0.000000000000000E+000  0.000000000000000E+000
         276  0.000000000000000E+000  0.000000000000000E+000
         277  0.000000000000000E+000  0.000000000000000E+000
         278  0.000000000000000E+000  0.000000000000000E+000
         279  0.000000000000000E+000  0.000000000000000E+000
         280  0.000000000000000E+000  0.000000000000000E+000
         281  0.000000000000000E+000  0.000000000000000E+000
         282  0.000000000000000E+000  0.000000000000000E+000
         283  0.000000000000000E+000  0.000000000000000E+000
         284  0.000000000000000E+000  0.000000000000000E+000
         285  0.000000000000000E+000  0.000000000000000E+000
         286  0.000000000000000E+000  0.000000000000000E+000
         287  0.000000000000000E+000  0.000000000000000E+000
         288  0.000000000000000E+000  0.000000000000000E+000
         289  0.000000000000000E+000  0.000000000000000E+000
         290  0.000000000000000E+000  0.000000000000000E+000
         291  0.000000000000000E+000  0.000000000000000E+000
         292  0.000000000000000E+000  0.000000000000000E+000
         293  0.000000000000000E+000  0.000000000000000E+000
         294  0.000000000000000E+000  0.000000000000000E+000
         295  0.000000000000000E+000  0.000000000000000E+000
         296  0.000000000000000E+000  0.000000000000000E+000
         297  0.000000000000000E+000  0.000000000000000E+000
         298  0.000000000000000E+000  0.000000000000000E+000
         299  0.000000000000000E+000  0.000000000000000E+000
         300  0.000000000000000E+000  0.000000000000000E+000
         301  0.000000000000000E+000  0.000000000000000E+000
         302  0.000000000000000E+000  0.000000000000000E+000
         303  0.000000000000000E+000  0.000000000000000E+000
         304  0.000000000000000E+000  0.000000000000000E+000
         305  0.000000000000000E+000  0.000000000000000E+000
         306  0.000000000000000E+000  0.000000000000000E+000
         307  0.000000000000000E+000  0.000000000000000E+000
         308  0.000000000000000E+000  0.000000000000000E+000
         309  0.000000000000000E+000  0.000000000000000E+000
         310  0.000000000000000E+000  0.000000000000000E+000
         311  0.000000000000000E+000  0.000000000000000E+000
         312  0.000000000000000E+000  0.000000000000000E+000
         313  0.000000000000000E+000  0.000000000000000E+000
         314  0.000000000000000E+000  0.000000000000000E+000
         315  0.000000000000000E+000  0.000000000000000E+000
         316  0.000000000000000E+000  0.000000000000000E+000
         317  0.000000000000000E+000  0.000000000000000E+000
         318  0.000000000000000E+000  0.000000000000000E+000
         319  0.000000000000000E+000  0.000000000000000E+000
         320  0.000000000000000E+000  0.000000000000000E+000
         321  0.000000000000000E+000  0.000000000000000E+000
         322  0.000000000000000E+000  0.000000000000000E+000
         323  0.000000000000000E+000  0.000000000000000E+000
         324  0.000000000000000E+000  0.000000000000000E+000
         325  0.000000000000000E+000  0.000000000000000E+000
         326  0.000000000000000E+000  0.000000000000000E+000
         327  0.000000000000000E+000  0.000000000000000E+000
         328  0.000000000000000E+000  0.000000000000000E+000
         329  0.000000000000000E+000  0.000000000000000E+000
         330  0.000000000000000E+000  0.000000000000000E+000
         331  0.000000000000000E+000  0.000000000000000E+000
         332  0.000000000000000E+000  0.000000000000000E+000
         333  0.000000000000000E+000  0.000000000000000E+000
         334  0.000000000000000E+000  0.000000000000000E+000
         335  0.000000000000000E+000  0.000000000000000E+000
         336  0.000000000000000E+000  0.000000000000000E+000
         337  0.000000000000000E+000  0.000000000000000E+000
         338  0.000000000000000E+000  0.000000000000000E+000
         339  0.000000000000000E+000  0.000000000000000E+000
         340  0.000000000000000E+000  0.000000000000000E+000
         341  0.000000000000000E+000  0.000000000000000E+000
         342  0.000000000000000E+000  0.000000000000000E+000
         343  0.000000000000000E+000  0.000000000000000E+000
         344  0.000000000000000E+000  0.000000000000000E+000
         345  0.000000000000000E+000  0.000000000000000E+000
         346  0.000000000000000E+000  0.000000000000000E+000
         347  0.000000000000000E+000  0.000000000000000E+000
         348  0.000000000000000E+000  0.000000000000000E+000
         349  0.000000000000000E+000  0.000000000000000E+000
         350  0.000000000000000E+000  0.000000000000000E+000
         351  0.000000000000000E+000  0.000000000000000E+000
         352  0.000000000000000E+000  0.000000000000000E+000
         353  0.000000000000000E+000  0.000000000000000E+000
         354  0.000000000000000E+000  0.000000000000000E+000
         355  0.000000000000000E+000  0.000000000000000E+000
         356  0.000000000000000E+000  0.000000000000000E+000
         357  0.000000000000000E+000  0.000000000000000E+000
         358  0.000000000000000E+000  0.000000000000000E+000
         359  0.000000000000000E+000  0.000000000000000E+000
         360  0.000000000000000E+000  0.000000000000000E+000
         361  0.000000000000000E+000  0.000000000000000E+000
         362  0.000000000000000E+000  0.000000000000000E+000
         363  0.000000000000000E+000  0.000000000000000E+000
         364  0.000000000000000E+000  0.000000000000000E+000
         365  0.000000000000000E+000  0.000000000000000E+000
         366  0.000000000000000E+000  0.000000000000000E+000
         367  0.000000000000000E+000  0.000000000000000E+000
         368  0.000000000000000E+000  0.000000000000000E+000
         369  0.000000000000000E+000  0.000000000000000E+000
         370  0.000000000000000E+000  0.000000000000000E+000
         371  0.000000000000000E+000  0.000000000000000E+000
         372  0.000000000000000E+000  0.000000000000000E+000
         373  0.000000000000000E+000  0.000000000000000E+000
         374  0.000000000000000E+000  0.000000000000000E+000
         375  0.000000000000000E+000  0.000000000000000E+000
         376  0.000000000000000E+000  0.000000000000000E+000
         377  0.000000000000000E+000  0.000000000000000E+000
         378  0.000000000000000E+000  0.000000000000000E+000
         379  0.000000000000000E+000  0.000000000000000E+000
         380  0.000000000000000E+000  0.000000000000000E+000
         381  0.000000000000000E+000  0.000000000000000E+000
         382  0.000000000000000E+000  0.000000000000000E+000
         383  0.000000000000000E+000  0.000000000000000E+000
         384  0.000000000000000E+000  0.000000000000000E+000
         385  0.000000000000000E+000  0.000000000000000E+000
         386  0.000000000000000E+000  0.000000000000000E+000
         387  0.000000000000000E+000  0.000000000000000E+000
         388  0.000000000000000E+000  0.000000000000000E+000
         389  0.000000000000000E+000  0.000000000000000E+000
         390  0.000000000000000E+000  0.000000000000000E+000
         391  0.000000000000000E+000  0.000000000000000E+000
         392  0.000000000000000E+000  0.000000000000000E+000
         393  0.000000000000000E+000  0.000000000000000E+000
         394  0.000000000000000E+000  0.000000000000000E+000
         395  0.000000000000000E+000  0.000000000000000E+000
         396  0.000000000000000E+000  0.000000000000000E+000
         397  0.000000000000000E+000  0.000000000000000E+000
         398  0.000000000000000E+000  0.000000000000000E+000
         399  0.000000000000000E+000  0.000000000000000E+000
         400  0.000000000000000E+000  0.000000000000000E+000
         401  0.000000000000000E+000  0.000000000000000E+000
         402  0.000000000000000E+000  0.000000000000000E+000
         403  0.000000000000000E+000  0.000000000000000E+000
         404  0.000000000000000E+000  0.000000000000000E+000
         405  0.000000000000000E+000  0.000000000000000E+000
         406  0.000000000000000E+000  0.000000000000000E+000
         407  0.000000000000000E+000  0.000000000000000E+000
         408  0.000000000000000E+000  0.000000000000000E+000
         409  0.000000000000000E+000  0.000000000000000E+000
         410  0.000000000000000E+000  0.000000000000000E+000
         411  0.000000000000000E+000  0.000000000000000E+000
         412  0.000000000000000E+000  0.000000000000000E+000
         413  0.000000000000000E+000  0.000000000000000E+000
         414  0.000000000000000E+000  0.000000000000000E+000
         415  0.000000000000000E+000  0.000000000000000E+000
         416  0.000000000000000E+000  0.000000000000000E+000
         417  0.000000000000000E+000  0.000000000000000E+000
         418  0.000000000000000E+000  0.000000000000000E+000
         419  0.000000000000000E+000  0.000000000000000E+000
         420  0.000000000000000E+000  0.000000000000000E+000
         421  0.000000000000000E+000  0.000000000000000E+000
         422  0.000000000000000E+000  0.000000000000000E+000
         423  0.000000000000000E+000  0.000000000000000E+000
         424  0.000000000000000E+000  0.000000000000000E+000
         425  0.000000000000000E+000  0.000000000000000E+000
         426  0.000000000000000E+000  0.000000000000000E+000
         427  0.000000000000000E+000  0.000000000000000E+000
         428  0.000000000000000E+000  0.000000000000000E+000
         429  0.000000000000000E+000  0.000000000000000E+000
         430  0.000000000000000E+000  0.000000000000000E+000
         431  0.000000000000000E+000  0.000000000000000E+000
         432  0.000000000000000E+000  0.000000000000000E+000
         433  0.000000000000000E+000  0.000000000000000E+000
         434  0.000000000000000E+000  0.000000000000000E+000
         435  0.000000000000000E+000  0.000000000000000E+000
         436  0.000000000000000E+000  0.000000000000000E+000
         437  0.000000000000000E+000  0.000000000000000E+000
         438  0.000000000000000E+000  0.000000000000000E+000
         439  0.000000000000000E+000  0.000000000000000E+000
         440  0.000000000000000E+000  0.000000000000000E+000
         441  0.000000000000000E+000  0.000000000000000E+000
         442  0.000000000000000E+000  0.000000000000000E+000
         443  0.000000000000000E+000  0.000000000000000E+000
         444  0.000000000000000E+000  0.000000000000000E+000
