           0  0.000000000000000E+000  0.000000000000000E+000
           1   1.08267105709185        1.35941579234314     
           2  0.575824403236916        2.77052347498327     
           3  0.218220585135878        2.07904278288547     
           4  0.182207891394076        2.96899118798737     
           5  0.109208116814375        2.75760776761483     
           6  8.578833855787879E-002   3.17104994513007     
           7  5.692103545158743E-002   2.83293114422069     
           8  5.086216068327887E-002   3.24538869628660     
           9  5.033129052888397E-002   4.08345853950476     
          10  3.817882026243427E-002   3.86184351945037     
          11  3.218529798406373E-002   3.91839977825915     
          12  3.069859023376299E-002   4.42580430564810     
          13  2.675228105467395E-002   4.54223700109904     
          14  2.381173467268335E-002   4.68893602914999     
          15  1.984778593786153E-002   4.47021964814158     
          16  1.969235350001503E-002   5.03425155857316     
          17  1.770657282825087E-002   5.13022282030396     
          18  1.625903349122020E-002   5.28579859095494     
          19  1.408497140571512E-002   5.09746980921562     
          20  1.325991569777875E-002   5.30879977214449     
          21  1.234366720361919E-002   5.45346858769415     
          22  1.094328810097989E-002   5.30790059116097     
          23  1.028606807671418E-002   5.44182560650973     
          24  9.443083885786564E-003   5.43919513763458     
          25  9.000882681830386E-003   5.62318465529534     
          26  8.200758281759608E-003   5.55190381739846     
          27  7.403076418195019E-003   5.40347229688590     
          28  7.093989026260913E-003   5.56636034220377     
          29  6.464380681006745E-003   5.44403648250353     
          30  5.861479191218130E-003   5.28184348556339     
          31  5.718931370503364E-003   5.49941834348201     
          32  5.195358751084727E-003   5.32130736876055     
          33  4.977175882331041E-003   5.41966611876409     
          34  4.636796562333233E-003   5.36236443832576     
          35  4.294744779447683E-003   5.26414104947774     
          36  4.091451891299649E-003   5.30386234617837     
          37  3.767956487984035E-003   5.16066084215417     
          38  3.538703825903614E-003   5.11244563390071     
          39  3.232042721029358E-003   4.91684280873474     
          40  3.107169371389929E-003   4.97111226105423     
          41  2.942008628214711E-003   4.94704323923578     
          42  2.696908657405188E-003   4.75857795336449     
          43  2.608749389145051E-003   4.82584459427400     
          44  2.388571306763062E-003   4.62556188593728     
          45  2.274857571914648E-003   4.60919289759958     
          46  2.065203681719601E-003   4.37234844900867     
          47  2.001434001299827E-003   4.42103511076506     
          48  1.866736471376172E-003   4.29975008139350     
          49  1.778432334403536E-003   4.26993658490171     
          50  1.656761479507551E-003   4.14438463859113     
          51  1.540565592064982E-003   4.00811044373309     
          52  1.487617647370392E-003   4.02385193395250     
          53  1.395811567113632E-003   3.92231708654771     
          54  1.303971623854883E-003   3.80390095434274     
          55  1.216958511693898E-003   3.68144314767408     
          56  1.159077298666143E-003   3.63421049888948     
          57  1.118278449069801E-003   3.63353178485995     
          58  1.033198329008055E-003   3.47648804918315     
          59  9.872347245219089E-004   3.43675925807970     
          60  9.439492224307679E-004   3.39874610062789     
          61  8.757060645809945E-004   3.25916733369793     
          62  8.393410951988106E-004   3.22711601924953     
          63  7.699412928128173E-004   3.05590003047649     
          64  7.442765516904315E-004   3.04805105364306     
          65  7.184127297356607E-004   3.03525077316739     
          66  6.634620355012586E-004   2.89053513783414     
          67  6.304662036451330E-004   2.83082448230785     
          68  5.932953096512900E-004   2.74375422087702     
          69  5.763398277233054E-004   2.74445099994241     
          70  5.336238739462997E-004   2.61526593668989     
          71  5.011885277567436E-004   2.52646774017007     
          72  4.871559166011609E-004   2.52523764814091     
          73  4.564709991279923E-004   2.43268760552451     
          74  4.368070147983181E-004   2.39222113356038     
          75  4.097796214571538E-004   2.30539016046853     
          76  3.896877437566842E-004   2.25102323110587     
          77  3.741624071595036E-004   2.21877782291805     
          78  3.522033444975664E-004   2.14299513152390     
          79  3.379947617297536E-004   2.10928766776955     
          80  3.182270821180757E-004   2.03641977590449     
          81  3.054352646415988E-004   2.00395591662415     
          82  2.886916323634813E-004   1.94126798588164     
          83  2.740082506049255E-004   1.88779633944054     
          84  2.601480934337576E-004   1.83557514682186     
          85  2.496094513720541E-004   1.80349282230442     
          86  2.374032678969373E-004   1.75607672736648     
          87  2.230759212156191E-004   1.68861691868123     
          88  2.140323865934967E-004   1.65748890651880     
          89  2.037911425850727E-004   1.61424187931640     
          90  1.957267117721837E-004   1.58559666468053     
          91  1.839475205100868E-004   1.52358508158465     
          92  1.763310017812552E-004   1.49265589018556     
          93  1.683974128831191E-004   1.45661374059607     
          94  1.598239811290284E-004   1.41224562288120     
          95  1.510208681040889E-004   1.36283894215660     
          96  1.451225198336839E-004   1.33722976114284     
          97  1.392327881236188E-004   1.30990259610868     
          98  1.337492109455482E-004   1.28465848072301     
          99  1.247938380322087E-004   1.22327145943271     
         100  1.208878428361446E-004   1.20893261205396     
         101  1.141597708701479E-004   1.16455509480614     
         102  1.101171524489267E-004   1.14573568434504     
         103  1.045563369775708E-004   1.10937855780035     
         104  9.862785469683104E-005   1.06670747559390     
         105  9.656246194336210E-005   1.06459835606564     
         106  9.087682085679633E-005   1.02116700192961     
         107  8.732332030029915E-005  0.999765281881977     
         108  8.274995316545884E-005  0.965189800525192     
         109  8.007770992966369E-005  0.951479400806883     
         110  7.614453164106889E-005  0.921463219187489     
         111  7.223032950772910E-005  0.889964202288795     
         112  6.956350488530647E-005  0.872549496329522     
         113  6.662598544484571E-005  0.850725159669442     
         114  6.393210334431981E-005  0.830891443399562     
         115  6.042387987776920E-005  0.799128851103771     
         116  5.851491008074736E-005  0.787351141560807     
         117  5.596946891693273E-005  0.766216525704947     
         118  5.294547537712975E-005  0.737243763079993     
         119  5.048768241363568E-005  0.714926466559904     
         120  4.913846112307627E-005  0.707539064844336     
         121  4.708264374962741E-005  0.689329394074297     
         122  4.490249059262070E-005  0.668348387665557     
         123  4.306128167964791E-005  0.651502634771957     
         124  4.118023419404738E-005  0.633190144426687     
         125  3.993455048295370E-005  0.624019204807684     
         126  3.752405847454742E-005  0.595789594480821     
         127  3.627371007875815E-005  0.585067275362510     
         128  3.500424740478575E-005  0.573482662857618     
         129  3.384828758020799E-005  0.563276906372776     
         130  3.237698542589043E-005  0.547202612456591     
         131  3.092122802568393E-005  0.530641303755143     
         132  3.019992655944949E-005  0.526212251469554     
         133  2.874398360677982E-005  0.508483868991733     
         134  2.773624068902415E-005  0.498057029994134     
         135  2.653703796210690E-005  0.483643699391689     
         136  2.581253773436205E-005  0.477424602532269     
         137  2.497543724472667E-005  0.468785072273405     
         138  2.387632550959742E-005  0.454738062468946     
         139  2.300954783291019E-005  0.444573066188041     
         140  2.235964276311871E-005  0.438241803425587     
         141  2.161548598792785E-005  0.429742037959906     
         142  2.100577223533615E-005  0.423578949184629     
         143  2.014702291820449E-005  0.411987093018876     
         144  1.977754456102643E-005  0.410085508619014     
         145  1.919866466712746E-005  0.403635034077725     
         146  1.866494923740932E-005  0.397863827530372     
         147  1.810216425022475E-005  0.391181531494696     
         148  1.770121151834306E-005  0.387738880317723     
         149  1.729793286125251E-005  0.384056100524607     
         150  1.694112033051545E-005  0.381211507337269     
         151  1.651132127383271E-005  0.376499999055838     
         152  1.629185318387858E-005  0.376418715940013     
         153  1.600405526267394E-005  0.374648384385278     
         154  1.588124346336032E-005  0.376663151803472     
         155  1.555683540741607E-005  0.373778735763835     
         156  1.553933999772536E-005  0.378173684812589     
         157  1.549657169806878E-005  0.381994625104239     
         158  1.540666493312683E-005  0.384636320000055     
         159  1.537885581655174E-005  0.388803021175363     
         160  1.561673955423938E-005  0.399788456346371     
         161  1.587475738119386E-005  0.411517655390963     
         162  1.589822530746873E-005  0.417267704821062     
         163  1.642397426743799E-005  0.436404212203785     
         164  1.673726067233301E-005  0.450201813145375     
         165  1.757678127576711E-005  0.478571592116503     
         166  1.808092705082359E-005  0.498284106514256     
         167  1.934645203318799E-005  0.539594559236705     
         168  2.070546362839881E-005  0.584454421906242     
         169  2.309757217060310E-005  0.659784669200818     
         170  2.742112060195638E-005  0.792673259473191     
         171  4.759222198604965E-006  0.138492273720097     
         172  0.000000000000000E+000  0.000000000000000E+000
         173  0.000000000000000E+000  0.000000000000000E+000
         174  0.000000000000000E+000  0.000000000000000E+000
         175  0.000000000000000E+000  0.000000000000000E+000
         176  0.000000000000000E+000  0.000000000000000E+000
         177  0.000000000000000E+000  0.000000000000000E+000
         178  0.000000000000000E+000  0.000000000000000E+000
         179  0.000000000000000E+000  0.000000000000000E+000
         180  0.000000000000000E+000  0.000000000000000E+000
         181  0.000000000000000E+000  0.000000000000000E+000
         182  0.000000000000000E+000  0.000000000000000E+000
         183  0.000000000000000E+000  0.000000000000000E+000
         184  0.000000000000000E+000  0.000000000000000E+000
         185  0.000000000000000E+000  0.000000000000000E+000
         186  0.000000000000000E+000  0.000000000000000E+000
         187  0.000000000000000E+000  0.000000000000000E+000
         188  0.000000000000000E+000  0.000000000000000E+000
         189  0.000000000000000E+000  0.000000000000000E+000
         190  0.000000000000000E+000  0.000000000000000E+000
         191  0.000000000000000E+000  0.000000000000000E+000
         192  0.000000000000000E+000  0.000000000000000E+000
         193  0.000000000000000E+000  0.000000000000000E+000
         194  0.000000000000000E+000  0.000000000000000E+000
         195  0.000000000000000E+000  0.000000000000000E+000
         196  0.000000000000000E+000  0.000000000000000E+000
         197  0.000000000000000E+000  0.000000000000000E+000
         198  0.000000000000000E+000  0.000000000000000E+000
         199  0.000000000000000E+000  0.000000000000000E+000
         200  0.000000000000000E+000  0.000000000000000E+000
         201  0.000000000000000E+000  0.000000000000000E+000
         202  0.000000000000000E+000  0.000000000000000E+000
         203  0.000000000000000E+000  0.000000000000000E+000
         204  0.000000000000000E+000  0.000000000000000E+000
         205  0.000000000000000E+000  0.000000000000000E+000
         206  0.000000000000000E+000  0.000000000000000E+000
         207  0.000000000000000E+000  0.000000000000000E+000
         208  0.000000000000000E+000  0.000000000000000E+000
         209  0.000000000000000E+000  0.000000000000000E+000
         210  0.000000000000000E+000  0.000000000000000E+000
         211  0.000000000000000E+000  0.000000000000000E+000
         212  0.000000000000000E+000  0.000000000000000E+000
         213  0.000000000000000E+000  0.000000000000000E+000
         214  0.000000000000000E+000  0.000000000000000E+000
         215  0.000000000000000E+000  0.000000000000000E+000
         216  0.000000000000000E+000  0.000000000000000E+000
         217  0.000000000000000E+000  0.000000000000000E+000
         218  0.000000000000000E+000  0.000000000000000E+000
         219  0.000000000000000E+000  0.000000000000000E+000
         220  0.000000000000000E+000  0.000000000000000E+000
         221  0.000000000000000E+000  0.000000000000000E+000
         222  0.000000000000000E+000  0.000000000000000E+000
         223  0.000000000000000E+000  0.000000000000000E+000
         224  0.000000000000000E+000  0.000000000000000E+000
         225  0.000000000000000E+000  0.000000000000000E+000
         226  0.000000000000000E+000  0.000000000000000E+000
         227  0.000000000000000E+000  0.000000000000000E+000
         228  0.000000000000000E+000  0.000000000000000E+000
         229  0.000000000000000E+000  0.000000000000000E+000
         230  0.000000000000000E+000  0.000000000000000E+000
         231  0.000000000000000E+000  0.000000000000000E+000
         232  0.000000000000000E+000  0.000000000000000E+000
         233  0.000000000000000E+000  0.000000000000000E+000
         234  0.000000000000000E+000  0.000000000000000E+000
         235  0.000000000000000E+000  0.000000000000000E+000
         236  0.000000000000000E+000  0.000000000000000E+000
         237  0.000000000000000E+000  0.000000000000000E+000
         238  0.000000000000000E+000  0.000000000000000E+000
         239  0.000000000000000E+000  0.000000000000000E+000
         240  0.000000000000000E+000  0.000000000000000E+000
         241  0.000000000000000E+000  0.000000000000000E+000
         242  0.000000000000000E+000  0.000000000000000E+000
         243  0.000000000000000E+000  0.000000000000000E+000
         244  0.000000000000000E+000  0.000000000000000E+000
         245  0.000000000000000E+000  0.000000000000000E+000
         246  0.000000000000000E+000  0.000000000000000E+000
         247  0.000000000000000E+000  0.000000000000000E+000
         248  0.000000000000000E+000  0.000000000000000E+000
         249  0.000000000000000E+000  0.000000000000000E+000
         250  0.000000000000000E+000  0.000000000000000E+000
         251  0.000000000000000E+000  0.000000000000000E+000
         252  0.000000000000000E+000  0.000000000000000E+000
         253  0.000000000000000E+000  0.000000000000000E+000
         254  0.000000000000000E+000  0.000000000000000E+000
         255  0.000000000000000E+000  0.000000000000000E+000
         256  0.000000000000000E+000  0.000000000000000E+000
         257  0.000000000000000E+000  0.000000000000000E+000
         258  0.000000000000000E+000  0.000000000000000E+000
         259  0.000000000000000E+000  0.000000000000000E+000
         260  0.000000000000000E+000  0.000000000000000E+000
         261  0.000000000000000E+000  0.000000000000000E+000
         262  0.000000000000000E+000  0.000000000000000E+000
         263  0.000000000000000E+000  0.000000000000000E+000
         264  0.000000000000000E+000  0.000000000000000E+000
         265  0.000000000000000E+000  0.000000000000000E+000
         266  0.000000000000000E+000  0.000000000000000E+000
         267  0.000000000000000E+000  0.000000000000000E+000
         268  0.000000000000000E+000  0.000000000000000E+000
         269  0.000000000000000E+000  0.000000000000000E+000
         270  0.000000000000000E+000  0.000000000000000E+000
         271  0.000000000000000E+000  0.000000000000000E+000
         272  0.000000000000000E+000  0.000000000000000E+000
         273  0.000000000000000E+000  0.000000000000000E+000
         274  0.000000000000000E+000  0.000000000000000E+000
         275  0.000000000000000E+000  0.000000000000000E+000
         276  0.000000000000000E+000  0.000000000000000E+000
         277  0.000000000000000E+000  0.000000000000000E+000
         278  0.000000000000000E+000  0.000000000000000E+000
         279  0.000000000000000E+000  0.000000000000000E+000
         280  0.000000000000000E+000  0.000000000000000E+000
         281  0.000000000000000E+000  0.000000000000000E+000
         282  0.000000000000000E+000  0.000000000000000E+000
         283  0.000000000000000E+000  0.000000000000000E+000
         284  0.000000000000000E+000  0.000000000000000E+000
         285  0.000000000000000E+000  0.000000000000000E+000
         286  0.000000000000000E+000  0.000000000000000E+000
         287  0.000000000000000E+000  0.000000000000000E+000
         288  0.000000000000000E+000  0.000000000000000E+000
         289  0.000000000000000E+000  0.000000000000000E+000
         290  0.000000000000000E+000  0.000000000000000E+000
         291  0.000000000000000E+000  0.000000000000000E+000
         292  0.000000000000000E+000  0.000000000000000E+000
         293  0.000000000000000E+000  0.000000000000000E+000
         294  0.000000000000000E+000  0.000000000000000E+000
         295  0.000000000000000E+000  0.000000000000000E+000
         296  0.000000000000000E+000  0.000000000000000E+000
         297  0.000000000000000E+000  0.000000000000000E+000
         298  0.000000000000000E+000  0.000000000000000E+000
         299  0.000000000000000E+000  0.000000000000000E+000
         300  0.000000000000000E+000  0.000000000000000E+000
         301  0.000000000000000E+000  0.000000000000000E+000
         302  0.000000000000000E+000  0.000000000000000E+000
         303  0.000000000000000E+000  0.000000000000000E+000
         304  0.000000000000000E+000  0.000000000000000E+000
         305  0.000000000000000E+000  0.000000000000000E+000
         306  0.000000000000000E+000  0.000000000000000E+000
         307  0.000000000000000E+000  0.000000000000000E+000
         308  0.000000000000000E+000  0.000000000000000E+000
         309  0.000000000000000E+000  0.000000000000000E+000
         310  0.000000000000000E+000  0.000000000000000E+000
         311  0.000000000000000E+000  0.000000000000000E+000
         312  0.000000000000000E+000  0.000000000000000E+000
         313  0.000000000000000E+000  0.000000000000000E+000
         314  0.000000000000000E+000  0.000000000000000E+000
         315  0.000000000000000E+000  0.000000000000000E+000
         316  0.000000000000000E+000  0.000000000000000E+000
         317  0.000000000000000E+000  0.000000000000000E+000
         318  0.000000000000000E+000  0.000000000000000E+000
         319  0.000000000000000E+000  0.000000000000000E+000
         320  0.000000000000000E+000  0.000000000000000E+000
         321  0.000000000000000E+000  0.000000000000000E+000
         322  0.000000000000000E+000  0.000000000000000E+000
         323  0.000000000000000E+000  0.000000000000000E+000
         324  0.000000000000000E+000  0.000000000000000E+000
         325  0.000000000000000E+000  0.000000000000000E+000
         326  0.000000000000000E+000  0.000000000000000E+000
         327  0.000000000000000E+000  0.000000000000000E+000
         328  0.000000000000000E+000  0.000000000000000E+000
         329  0.000000000000000E+000  0.000000000000000E+000
         330  0.000000000000000E+000  0.000000000000000E+000
         331  0.000000000000000E+000  0.000000000000000E+000
         332  0.000000000000000E+000  0.000000000000000E+000
         333  0.000000000000000E+000  0.000000000000000E+000
         334  0.000000000000000E+000  0.000000000000000E+000
         335  0.000000000000000E+000  0.000000000000000E+000
         336  0.000000000000000E+000  0.000000000000000E+000
         337  0.000000000000000E+000  0.000000000000000E+000
         338  0.000000000000000E+000  0.000000000000000E+000
         339  0.000000000000000E+000  0.000000000000000E+000
         340  0.000000000000000E+000  0.000000000000000E+000
         341  0.000000000000000E+000  0.000000000000000E+000
         342  0.000000000000000E+000  0.000000000000000E+000
         343  0.000000000000000E+000  0.000000000000000E+000
         344  0.000000000000000E+000  0.000000000000000E+000
         345  0.000000000000000E+000  0.000000000000000E+000
         346  0.000000000000000E+000  0.000000000000000E+000
         347  0.000000000000000E+000  0.000000000000000E+000
         348  0.000000000000000E+000  0.000000000000000E+000
         349  0.000000000000000E+000  0.000000000000000E+000
         350  0.000000000000000E+000  0.000000000000000E+000
         351  0.000000000000000E+000  0.000000000000000E+000
         352  0.000000000000000E+000  0.000000000000000E+000
         353  0.000000000000000E+000  0.000000000000000E+000
         354  0.000000000000000E+000  0.000000000000000E+000
         355  0.000000000000000E+000  0.000000000000000E+000
         356  0.000000000000000E+000  0.000000000000000E+000
         357  0.000000000000000E+000  0.000000000000000E+000
         358  0.000000000000000E+000  0.000000000000000E+000
         359  0.000000000000000E+000  0.000000000000000E+000
         360  0.000000000000000E+000  0.000000000000000E+000
         361  0.000000000000000E+000  0.000000000000000E+000
         362  0.000000000000000E+000  0.000000000000000E+000
         363  0.000000000000000E+000  0.000000000000000E+000
         364  0.000000000000000E+000  0.000000000000000E+000
         365  0.000000000000000E+000  0.000000000000000E+000
         366  0.000000000000000E+000  0.000000000000000E+000
         367  0.000000000000000E+000  0.000000000000000E+000
         368  0.000000000000000E+000  0.000000000000000E+000
         369  0.000000000000000E+000  0.000000000000000E+000
         370  0.000000000000000E+000  0.000000000000000E+000
         371  0.000000000000000E+000  0.000000000000000E+000
         372  0.000000000000000E+000  0.000000000000000E+000
         373  0.000000000000000E+000  0.000000000000000E+000
         374  0.000000000000000E+000  0.000000000000000E+000
         375  0.000000000000000E+000  0.000000000000000E+000
         376  0.000000000000000E+000  0.000000000000000E+000
         377  0.000000000000000E+000  0.000000000000000E+000
         378  0.000000000000000E+000  0.000000000000000E+000
         379  0.000000000000000E+000  0.000000000000000E+000
         380  0.000000000000000E+000  0.000000000000000E+000
         381  0.000000000000000E+000  0.000000000000000E+000
         382  0.000000000000000E+000  0.000000000000000E+000
         383  0.000000000000000E+000  0.000000000000000E+000
         384  0.000000000000000E+000  0.000000000000000E+000
         385  0.000000000000000E+000  0.000000000000000E+000
         386  0.000000000000000E+000  0.000000000000000E+000
         387  0.000000000000000E+000  0.000000000000000E+000
         388  0.000000000000000E+000  0.000000000000000E+000
         389  0.000000000000000E+000  0.000000000000000E+000
         390  0.000000000000000E+000  0.000000000000000E+000
         391  0.000000000000000E+000  0.000000000000000E+000
         392  0.000000000000000E+000  0.000000000000000E+000
         393  0.000000000000000E+000  0.000000000000000E+000
         394  0.000000000000000E+000  0.000000000000000E+000
         395  0.000000000000000E+000  0.000000000000000E+000
         396  0.000000000000000E+000  0.000000000000000E+000
         397  0.000000000000000E+000  0.000000000000000E+000
         398  0.000000000000000E+000  0.000000000000000E+000
         399  0.000000000000000E+000  0.000000000000000E+000
         400  0.000000000000000E+000  0.000000000000000E+000
         401  0.000000000000000E+000  0.000000000000000E+000
         402  0.000000000000000E+000  0.000000000000000E+000
         403  0.000000000000000E+000  0.000000000000000E+000
         404  0.000000000000000E+000  0.000000000000000E+000
         405  0.000000000000000E+000  0.000000000000000E+000
         406  0.000000000000000E+000  0.000000000000000E+000
         407  0.000000000000000E+000  0.000000000000000E+000
         408  0.000000000000000E+000  0.000000000000000E+000
         409  0.000000000000000E+000  0.000000000000000E+000
         410  0.000000000000000E+000  0.000000000000000E+000
         411  0.000000000000000E+000  0.000000000000000E+000
         412  0.000000000000000E+000  0.000000000000000E+000
         413  0.000000000000000E+000  0.000000000000000E+000
         414  0.000000000000000E+000  0.000000000000000E+000
         415  0.000000000000000E+000  0.000000000000000E+000
         416  0.000000000000000E+000  0.000000000000000E+000
         417  0.000000000000000E+000  0.000000000000000E+000
         418  0.000000000000000E+000  0.000000000000000E+000
         419  0.000000000000000E+000  0.000000000000000E+000
         420  0.000000000000000E+000  0.000000000000000E+000
         421  0.000000000000000E+000  0.000000000000000E+000
         422  0.000000000000000E+000  0.000000000000000E+000
         423  0.000000000000000E+000  0.000000000000000E+000
         424  0.000000000000000E+000  0.000000000000000E+000
         425  0.000000000000000E+000  0.000000000000000E+000
         426  0.000000000000000E+000  0.000000000000000E+000
         427  0.000000000000000E+000  0.000000000000000E+000
         428  0.000000000000000E+000  0.000000000000000E+000
         429  0.000000000000000E+000  0.000000000000000E+000
         430  0.000000000000000E+000  0.000000000000000E+000
         431  0.000000000000000E+000  0.000000000000000E+000
         432  0.000000000000000E+000  0.000000000000000E+000
         433  0.000000000000000E+000  0.000000000000000E+000
         434  0.000000000000000E+000  0.000000000000000E+000
         435  0.000000000000000E+000  0.000000000000000E+000
         436  0.000000000000000E+000  0.000000000000000E+000
         437  0.000000000000000E+000  0.000000000000000E+000
         438  0.000000000000000E+000  0.000000000000000E+000
         439  0.000000000000000E+000  0.000000000000000E+000
         440  0.000000000000000E+000  0.000000000000000E+000
         441  0.000000000000000E+000  0.000000000000000E+000
         442  0.000000000000000E+000  0.000000000000000E+000
         443  0.000000000000000E+000  0.000000000000000E+000
         444  0.000000000000000E+000  0.000000000000000E+000
