           0  0.000000000000000E+000  0.000000000000000E+000
           1  0.715241969549212        1.12041721322085     
           2  0.664924181179396        2.94309331271110     
           3  0.187756364505550        1.81231176316304     
           4  0.148490954751181        2.41583272630048     
           5  0.153668835669491        3.94738461927361     
           6  9.784243464463373E-002   3.62008015356564     
           7  7.905242379679744E-002   3.91264080371331     
           8  6.023190948322293E-002   3.84633877948231     
           9  5.725635887041217E-002   4.66365128538318     
          10  4.641660456473753E-002   4.70017701266640     
          11  4.136769383847642E-002   5.03605554948663     
          12  3.844785889574388E-002   5.53218484279261     
          13  3.626627444451416E-002   6.15863905675901     
          14  3.166661414745010E-002   6.24286382548768     
          15  2.512853421932219E-002   5.66759238790372     
          16  2.512893587637660E-002   6.42685359644049     
          17  2.251955743398753E-002   6.51382203654547     
          18  2.062887487520632E-002   6.71414996108170     
          19  1.788526982358284E-002   6.47546286554375     
          20  1.683810602973808E-002   6.74334214046736     
          21  1.544372716493273E-002   6.82412453380624     
          22  1.305047009667053E-002   6.33266759907089     
          23  1.305550000391971E-002   6.91179920880115     
          24  1.184384892226917E-002   6.81935934019197     
          25  1.104962549382678E-002   6.90852831390586     
          26  1.020000646974913E-002   6.89939695775227     
          27  9.343172540171231E-003   6.81818138758215     
          28  8.984827518410017E-003   7.05392855957505     
          29  8.095669639138709E-003   6.81750211122971     
          30  7.507764518650987E-003   6.76438166977044     
          31  6.883466606257916E-003   6.61909508640155     
          32  6.450384533240893E-003   6.60526883133781     
          33  6.016890345414236E-003   6.55359334426099     
          34  5.667375682658292E-003   6.55459853189582     
          35  5.118883897945087E-003   6.27437149973882     
          36  4.877383132798491E-003   6.32396802229129     
          37  4.529980314556366E-003   6.20427298592384     
          38  4.248962230867286E-003   6.14026251625121     
          39  3.878856610015858E-003   5.90046592967890     
          40  3.695203521656024E-003   5.91272956152504     
          41  3.499547734605771E-003   5.88333053662717     
          42  3.180771371863489E-003   5.61311204114285     
          43  3.028559768380820E-003   5.60255941115082     
          44  2.776222189977656E-003   5.37695600429482     
          45  2.612405232048721E-003   5.29267279939418     
          46  2.379060107092539E-003   5.03688884792013     
          47  2.265580686341852E-003   5.00465150282090     
          48  2.137375673719064E-003   4.92345014196954     
          49  2.011592132219217E-003   4.82969636114519     
          50  1.886894297248071E-003   4.71914492186557     
          51  1.701743613044756E-003   4.42675404414869     
          52  1.631800677045258E-003   4.41358710318932     
          53  1.538015641840989E-003   4.32156113471883     
          54  1.417783366242272E-003   4.13573513212178     
          55  1.327986609559747E-003   4.01747043902384     
          56  1.226087074891868E-003   3.84444258274976     
          57  1.174636338441734E-003   3.81671442794638     
          58  1.092970129828060E-003   3.67801073095814     
          59  1.022176037651554E-003   3.55761225997089     
          60  9.647646843796657E-004   3.47328636692453     
          61  8.846372661201374E-004   3.29240165067860     
          62  8.305583052269205E-004   3.19400741484384     
          63  7.730952977364344E-004   3.06817015189260     
          64  7.221462430784677E-004   2.95719175051647     
          65  7.009621242083130E-004   2.96164415150440     
          66  6.351754190350547E-004   2.76726703570379     
          67  6.028587395006825E-004   2.70672651315497     
          68  5.589513154847774E-004   2.58463092156528     
          69  5.256152902827319E-004   2.50291966440458     
          70  4.927057371113374E-004   2.41504387888240     
          71  4.603117214200744E-004   2.32047842206114     
          72  4.378730348932133E-004   2.26967446935266     
          73  4.023184421646489E-004   2.14393136766157     
          74  3.826074171031868E-004   2.09555583607084     
          75  3.497503886257893E-004   1.96763494161066     
          76  3.358652169841355E-004   1.94008496516561     
          77  3.125529225018159E-004   1.85344728865599     
          78  2.882334928782929E-004   1.75377458235937     
          79  2.683405719934119E-004   1.67451420263630     
          80  2.539028819260172E-004   1.62471857548967     
          81  2.427019999142327E-004   1.59230778891261     
          82  2.236240867610989E-004   1.50367436670588     
          83  2.084791198313901E-004   1.43630640493402     
          84  1.934028449603689E-004   1.36461763849587     
          85  1.853686106893465E-004   1.33928826819935     
          86  1.722282933213114E-004   1.27393690237065     
          87  1.595507601566694E-004   1.20775734363482     
          88  1.487953786557207E-004   1.15226059689579     
          89  1.406682202966974E-004   1.11421701607558     
          90  1.333363504362702E-004   1.08012466659392     
          91  1.232277476016824E-004   1.02058824812943     
          92  1.156928365592446E-004  0.979345525256827     
          93  1.073066761036802E-004  0.928204275920495     
          94  1.004114377237894E-004  0.887268483606780     
          95  9.366374233011304E-005  0.845270494460851     
          96  8.982820163371449E-005  0.827700326293154     
          97  8.396164086136116E-005  0.789878604354643     
          98  7.889190482024965E-005  0.757713991017540     
          99  7.238630010799329E-005  0.709524584634009     
         100  6.870216995018836E-005  0.687042819442277     
         101  6.340528650082435E-005  0.646784770249185     
         102  6.003873048501188E-005  0.624664073422363     
         103  5.599616201285902E-005  0.594122118939066     
         104  5.156826859765373E-005  0.557729599327883     
         105  4.966347546595767E-005  0.547544026516700     
         106  4.568969166016795E-005  0.513402853065374     
         107  4.258080602868098E-005  0.487513335432293     
         108  4.006273167976485E-005  0.467271520758309     
         109  3.763065011628793E-005  0.447105512268417     
         110  3.504643133504760E-005  0.424102431597216     
         111  3.274480117314997E-005  0.403429851455467     
         112  3.089619063390526E-005  0.387532302343664     
         113  2.873216903647554E-005  0.366863912707844     
         114  2.700709088998438E-005  0.351003470977394     
         115  2.498896678372325E-005  0.330483245147390     
         116  2.353564482913200E-005  0.316683489892755     
         117  2.197171719644382E-005  0.300777722785643     
         118  2.045033590055569E-005  0.284763042556391     
         119  1.914755884664095E-005  0.271133983908131     
         120  1.814903814519808E-005  0.261320778236476     
         121  1.684177938567498E-005  0.246573279240042     
         122  1.587369975770228E-005  0.236265040612280     
         123  1.481659450092394E-005  0.224165049136958     
         124  1.379613239982946E-005  0.212124070057700     
         125  1.297629488899000E-005  0.202760537759177     
         126  1.198222539706317E-005  0.190241621446236     
         127  1.128620085134574E-005  0.182027160781065     
         128  1.052140945060437E-005  0.172370450499196     
         129  9.989177694087326E-006  0.166228871139698     
         130  9.269743009432591E-006  0.156665174093064     
         131  8.624945190436665E-006  0.148009835191041     
         132  8.172580268284813E-006  0.142393658787200     
         133  7.537593911755911E-006  0.133338708080805     
         134  7.175864145364566E-006  0.128852405606722     
         135  6.627097950270926E-006  0.120776514955495     
         136  6.190525133960767E-006  0.114494716595964     
         137  5.890211789555673E-006  0.110555322378998     
         138  5.485891605392226E-006  0.104478199440249     
         139  5.112100134708295E-006  9.876926997908191E-002
         140  4.814656010468094E-006  9.436308662084131E-002
         141  4.522473717716753E-006  8.990966541942098E-002
         142  4.224716318214545E-006  8.518782194999608E-002
         143  3.920470703112028E-006  8.016761472929405E-002
         144  3.721207122116045E-006  7.715523728082793E-002
         145  3.483679541261922E-006  7.323792287880541E-002
         146  3.302329743707334E-006  7.038903126389871E-002
         147  3.089367440053829E-006  6.675696145759867E-002
         148  2.900235102540046E-006  6.352526116800968E-002
         149  2.744748999398703E-006  6.093825542929771E-002
         150  2.578271763425766E-006  5.801349283410458E-002
         151  2.409162051678600E-006  5.493278412792708E-002
         152  2.288099905433537E-006  5.286282444718240E-002
         153  2.169080084802030E-006  5.077437582119117E-002
         154  2.065884793308868E-006  4.899517732021134E-002
         155  1.935308911158603E-006  4.649644575124088E-002
         156  1.840676126145131E-006  4.479341542256750E-002
         157  1.754984635356356E-006  4.325806199124620E-002
         158  1.662083356460413E-006  4.149239160913974E-002
         159  1.575746655971940E-006  3.983423033703661E-002
         160  1.517783235479914E-006  3.885380953371566E-002
         161  1.464943176428622E-006  3.797312188423257E-002
         162  1.394676632270473E-006  3.660337335817550E-002
         163  1.354618513175655E-006  3.599238135955907E-002
         164  1.298723538163864E-006  3.493096096112543E-002
         165  1.281064762455721E-006  3.487824664561313E-002
         166  1.228485477301898E-006  3.385237170364392E-002
         167  1.221537795741871E-006  3.406741615589857E-002
         168  1.205166656828647E-006  3.401495340539129E-002
         169  1.202881590270109E-006  3.435597532594487E-002
         170  1.247121775969074E-006  3.604556902073038E-002
         171  2.047398016510503E-007  5.957869128508773E-003
         172  0.000000000000000E+000  0.000000000000000E+000
         173  0.000000000000000E+000  0.000000000000000E+000
         174  0.000000000000000E+000  0.000000000000000E+000
         175  0.000000000000000E+000  0.000000000000000E+000
         176  0.000000000000000E+000  0.000000000000000E+000
         177  0.000000000000000E+000  0.000000000000000E+000
         178  0.000000000000000E+000  0.000000000000000E+000
         179  0.000000000000000E+000  0.000000000000000E+000
         180  0.000000000000000E+000  0.000000000000000E+000
         181  0.000000000000000E+000  0.000000000000000E+000
         182  0.000000000000000E+000  0.000000000000000E+000
         183  0.000000000000000E+000  0.000000000000000E+000
         184  0.000000000000000E+000  0.000000000000000E+000
         185  0.000000000000000E+000  0.000000000000000E+000
         186  0.000000000000000E+000  0.000000000000000E+000
         187  0.000000000000000E+000  0.000000000000000E+000
         188  0.000000000000000E+000  0.000000000000000E+000
         189  0.000000000000000E+000  0.000000000000000E+000
         190  0.000000000000000E+000  0.000000000000000E+000
         191  0.000000000000000E+000  0.000000000000000E+000
         192  0.000000000000000E+000  0.000000000000000E+000
         193  0.000000000000000E+000  0.000000000000000E+000
         194  0.000000000000000E+000  0.000000000000000E+000
         195  0.000000000000000E+000  0.000000000000000E+000
         196  0.000000000000000E+000  0.000000000000000E+000
         197  0.000000000000000E+000  0.000000000000000E+000
         198  0.000000000000000E+000  0.000000000000000E+000
         199  0.000000000000000E+000  0.000000000000000E+000
         200  0.000000000000000E+000  0.000000000000000E+000
         201  0.000000000000000E+000  0.000000000000000E+000
         202  0.000000000000000E+000  0.000000000000000E+000
         203  0.000000000000000E+000  0.000000000000000E+000
         204  0.000000000000000E+000  0.000000000000000E+000
         205  0.000000000000000E+000  0.000000000000000E+000
         206  0.000000000000000E+000  0.000000000000000E+000
         207  0.000000000000000E+000  0.000000000000000E+000
         208  0.000000000000000E+000  0.000000000000000E+000
         209  0.000000000000000E+000  0.000000000000000E+000
         210  0.000000000000000E+000  0.000000000000000E+000
         211  0.000000000000000E+000  0.000000000000000E+000
         212  0.000000000000000E+000  0.000000000000000E+000
         213  0.000000000000000E+000  0.000000000000000E+000
         214  0.000000000000000E+000  0.000000000000000E+000
         215  0.000000000000000E+000  0.000000000000000E+000
         216  0.000000000000000E+000  0.000000000000000E+000
         217  0.000000000000000E+000  0.000000000000000E+000
         218  0.000000000000000E+000  0.000000000000000E+000
         219  0.000000000000000E+000  0.000000000000000E+000
         220  0.000000000000000E+000  0.000000000000000E+000
         221  0.000000000000000E+000  0.000000000000000E+000
         222  0.000000000000000E+000  0.000000000000000E+000
         223  0.000000000000000E+000  0.000000000000000E+000
         224  0.000000000000000E+000  0.000000000000000E+000
         225  0.000000000000000E+000  0.000000000000000E+000
         226  0.000000000000000E+000  0.000000000000000E+000
         227  0.000000000000000E+000  0.000000000000000E+000
         228  0.000000000000000E+000  0.000000000000000E+000
         229  0.000000000000000E+000  0.000000000000000E+000
         230  0.000000000000000E+000  0.000000000000000E+000
         231  0.000000000000000E+000  0.000000000000000E+000
         232  0.000000000000000E+000  0.000000000000000E+000
         233  0.000000000000000E+000  0.000000000000000E+000
         234  0.000000000000000E+000  0.000000000000000E+000
         235  0.000000000000000E+000  0.000000000000000E+000
         236  0.000000000000000E+000  0.000000000000000E+000
         237  0.000000000000000E+000  0.000000000000000E+000
         238  0.000000000000000E+000  0.000000000000000E+000
         239  0.000000000000000E+000  0.000000000000000E+000
         240  0.000000000000000E+000  0.000000000000000E+000
         241  0.000000000000000E+000  0.000000000000000E+000
         242  0.000000000000000E+000  0.000000000000000E+000
         243  0.000000000000000E+000  0.000000000000000E+000
         244  0.000000000000000E+000  0.000000000000000E+000
         245  0.000000000000000E+000  0.000000000000000E+000
         246  0.000000000000000E+000  0.000000000000000E+000
         247  0.000000000000000E+000  0.000000000000000E+000
         248  0.000000000000000E+000  0.000000000000000E+000
         249  0.000000000000000E+000  0.000000000000000E+000
         250  0.000000000000000E+000  0.000000000000000E+000
         251  0.000000000000000E+000  0.000000000000000E+000
         252  0.000000000000000E+000  0.000000000000000E+000
         253  0.000000000000000E+000  0.000000000000000E+000
         254  0.000000000000000E+000  0.000000000000000E+000
         255  0.000000000000000E+000  0.000000000000000E+000
         256  0.000000000000000E+000  0.000000000000000E+000
         257  0.000000000000000E+000  0.000000000000000E+000
         258  0.000000000000000E+000  0.000000000000000E+000
         259  0.000000000000000E+000  0.000000000000000E+000
         260  0.000000000000000E+000  0.000000000000000E+000
         261  0.000000000000000E+000  0.000000000000000E+000
         262  0.000000000000000E+000  0.000000000000000E+000
         263  0.000000000000000E+000  0.000000000000000E+000
         264  0.000000000000000E+000  0.000000000000000E+000
         265  0.000000000000000E+000  0.000000000000000E+000
         266  0.000000000000000E+000  0.000000000000000E+000
         267  0.000000000000000E+000  0.000000000000000E+000
         268  0.000000000000000E+000  0.000000000000000E+000
         269  0.000000000000000E+000  0.000000000000000E+000
         270  0.000000000000000E+000  0.000000000000000E+000
         271  0.000000000000000E+000  0.000000000000000E+000
         272  0.000000000000000E+000  0.000000000000000E+000
         273  0.000000000000000E+000  0.000000000000000E+000
         274  0.000000000000000E+000  0.000000000000000E+000
         275  0.000000000000000E+000  0.000000000000000E+000
         276  0.000000000000000E+000  0.000000000000000E+000
         277  0.000000000000000E+000  0.000000000000000E+000
         278  0.000000000000000E+000  0.000000000000000E+000
         279  0.000000000000000E+000  0.000000000000000E+000
         280  0.000000000000000E+000  0.000000000000000E+000
         281  0.000000000000000E+000  0.000000000000000E+000
         282  0.000000000000000E+000  0.000000000000000E+000
         283  0.000000000000000E+000  0.000000000000000E+000
         284  0.000000000000000E+000  0.000000000000000E+000
         285  0.000000000000000E+000  0.000000000000000E+000
         286  0.000000000000000E+000  0.000000000000000E+000
         287  0.000000000000000E+000  0.000000000000000E+000
         288  0.000000000000000E+000  0.000000000000000E+000
         289  0.000000000000000E+000  0.000000000000000E+000
         290  0.000000000000000E+000  0.000000000000000E+000
         291  0.000000000000000E+000  0.000000000000000E+000
         292  0.000000000000000E+000  0.000000000000000E+000
         293  0.000000000000000E+000  0.000000000000000E+000
         294  0.000000000000000E+000  0.000000000000000E+000
         295  0.000000000000000E+000  0.000000000000000E+000
         296  0.000000000000000E+000  0.000000000000000E+000
         297  0.000000000000000E+000  0.000000000000000E+000
         298  0.000000000000000E+000  0.000000000000000E+000
         299  0.000000000000000E+000  0.000000000000000E+000
         300  0.000000000000000E+000  0.000000000000000E+000
         301  0.000000000000000E+000  0.000000000000000E+000
         302  0.000000000000000E+000  0.000000000000000E+000
         303  0.000000000000000E+000  0.000000000000000E+000
         304  0.000000000000000E+000  0.000000000000000E+000
         305  0.000000000000000E+000  0.000000000000000E+000
         306  0.000000000000000E+000  0.000000000000000E+000
         307  0.000000000000000E+000  0.000000000000000E+000
         308  0.000000000000000E+000  0.000000000000000E+000
         309  0.000000000000000E+000  0.000000000000000E+000
         310  0.000000000000000E+000  0.000000000000000E+000
         311  0.000000000000000E+000  0.000000000000000E+000
         312  0.000000000000000E+000  0.000000000000000E+000
         313  0.000000000000000E+000  0.000000000000000E+000
         314  0.000000000000000E+000  0.000000000000000E+000
         315  0.000000000000000E+000  0.000000000000000E+000
         316  0.000000000000000E+000  0.000000000000000E+000
         317  0.000000000000000E+000  0.000000000000000E+000
         318  0.000000000000000E+000  0.000000000000000E+000
         319  0.000000000000000E+000  0.000000000000000E+000
         320  0.000000000000000E+000  0.000000000000000E+000
         321  0.000000000000000E+000  0.000000000000000E+000
         322  0.000000000000000E+000  0.000000000000000E+000
         323  0.000000000000000E+000  0.000000000000000E+000
         324  0.000000000000000E+000  0.000000000000000E+000
         325  0.000000000000000E+000  0.000000000000000E+000
         326  0.000000000000000E+000  0.000000000000000E+000
         327  0.000000000000000E+000  0.000000000000000E+000
         328  0.000000000000000E+000  0.000000000000000E+000
         329  0.000000000000000E+000  0.000000000000000E+000
         330  0.000000000000000E+000  0.000000000000000E+000
         331  0.000000000000000E+000  0.000000000000000E+000
         332  0.000000000000000E+000  0.000000000000000E+000
         333  0.000000000000000E+000  0.000000000000000E+000
         334  0.000000000000000E+000  0.000000000000000E+000
         335  0.000000000000000E+000  0.000000000000000E+000
         336  0.000000000000000E+000  0.000000000000000E+000
         337  0.000000000000000E+000  0.000000000000000E+000
         338  0.000000000000000E+000  0.000000000000000E+000
         339  0.000000000000000E+000  0.000000000000000E+000
         340  0.000000000000000E+000  0.000000000000000E+000
         341  0.000000000000000E+000  0.000000000000000E+000
         342  0.000000000000000E+000  0.000000000000000E+000
         343  0.000000000000000E+000  0.000000000000000E+000
         344  0.000000000000000E+000  0.000000000000000E+000
         345  0.000000000000000E+000  0.000000000000000E+000
         346  0.000000000000000E+000  0.000000000000000E+000
         347  0.000000000000000E+000  0.000000000000000E+000
         348  0.000000000000000E+000  0.000000000000000E+000
         349  0.000000000000000E+000  0.000000000000000E+000
         350  0.000000000000000E+000  0.000000000000000E+000
         351  0.000000000000000E+000  0.000000000000000E+000
         352  0.000000000000000E+000  0.000000000000000E+000
         353  0.000000000000000E+000  0.000000000000000E+000
         354  0.000000000000000E+000  0.000000000000000E+000
         355  0.000000000000000E+000  0.000000000000000E+000
         356  0.000000000000000E+000  0.000000000000000E+000
         357  0.000000000000000E+000  0.000000000000000E+000
         358  0.000000000000000E+000  0.000000000000000E+000
         359  0.000000000000000E+000  0.000000000000000E+000
         360  0.000000000000000E+000  0.000000000000000E+000
         361  0.000000000000000E+000  0.000000000000000E+000
         362  0.000000000000000E+000  0.000000000000000E+000
         363  0.000000000000000E+000  0.000000000000000E+000
         364  0.000000000000000E+000  0.000000000000000E+000
         365  0.000000000000000E+000  0.000000000000000E+000
         366  0.000000000000000E+000  0.000000000000000E+000
         367  0.000000000000000E+000  0.000000000000000E+000
         368  0.000000000000000E+000  0.000000000000000E+000
         369  0.000000000000000E+000  0.000000000000000E+000
         370  0.000000000000000E+000  0.000000000000000E+000
         371  0.000000000000000E+000  0.000000000000000E+000
         372  0.000000000000000E+000  0.000000000000000E+000
         373  0.000000000000000E+000  0.000000000000000E+000
         374  0.000000000000000E+000  0.000000000000000E+000
         375  0.000000000000000E+000  0.000000000000000E+000
         376  0.000000000000000E+000  0.000000000000000E+000
         377  0.000000000000000E+000  0.000000000000000E+000
         378  0.000000000000000E+000  0.000000000000000E+000
         379  0.000000000000000E+000  0.000000000000000E+000
         380  0.000000000000000E+000  0.000000000000000E+000
         381  0.000000000000000E+000  0.000000000000000E+000
         382  0.000000000000000E+000  0.000000000000000E+000
         383  0.000000000000000E+000  0.000000000000000E+000
         384  0.000000000000000E+000  0.000000000000000E+000
         385  0.000000000000000E+000  0.000000000000000E+000
         386  0.000000000000000E+000  0.000000000000000E+000
         387  0.000000000000000E+000  0.000000000000000E+000
         388  0.000000000000000E+000  0.000000000000000E+000
         389  0.000000000000000E+000  0.000000000000000E+000
         390  0.000000000000000E+000  0.000000000000000E+000
         391  0.000000000000000E+000  0.000000000000000E+000
         392  0.000000000000000E+000  0.000000000000000E+000
         393  0.000000000000000E+000  0.000000000000000E+000
         394  0.000000000000000E+000  0.000000000000000E+000
         395  0.000000000000000E+000  0.000000000000000E+000
         396  0.000000000000000E+000  0.000000000000000E+000
         397  0.000000000000000E+000  0.000000000000000E+000
         398  0.000000000000000E+000  0.000000000000000E+000
         399  0.000000000000000E+000  0.000000000000000E+000
         400  0.000000000000000E+000  0.000000000000000E+000
         401  0.000000000000000E+000  0.000000000000000E+000
         402  0.000000000000000E+000  0.000000000000000E+000
         403  0.000000000000000E+000  0.000000000000000E+000
         404  0.000000000000000E+000  0.000000000000000E+000
         405  0.000000000000000E+000  0.000000000000000E+000
         406  0.000000000000000E+000  0.000000000000000E+000
         407  0.000000000000000E+000  0.000000000000000E+000
         408  0.000000000000000E+000  0.000000000000000E+000
         409  0.000000000000000E+000  0.000000000000000E+000
         410  0.000000000000000E+000  0.000000000000000E+000
         411  0.000000000000000E+000  0.000000000000000E+000
         412  0.000000000000000E+000  0.000000000000000E+000
         413  0.000000000000000E+000  0.000000000000000E+000
         414  0.000000000000000E+000  0.000000000000000E+000
         415  0.000000000000000E+000  0.000000000000000E+000
         416  0.000000000000000E+000  0.000000000000000E+000
         417  0.000000000000000E+000  0.000000000000000E+000
         418  0.000000000000000E+000  0.000000000000000E+000
         419  0.000000000000000E+000  0.000000000000000E+000
         420  0.000000000000000E+000  0.000000000000000E+000
         421  0.000000000000000E+000  0.000000000000000E+000
         422  0.000000000000000E+000  0.000000000000000E+000
         423  0.000000000000000E+000  0.000000000000000E+000
         424  0.000000000000000E+000  0.000000000000000E+000
         425  0.000000000000000E+000  0.000000000000000E+000
         426  0.000000000000000E+000  0.000000000000000E+000
         427  0.000000000000000E+000  0.000000000000000E+000
         428  0.000000000000000E+000  0.000000000000000E+000
         429  0.000000000000000E+000  0.000000000000000E+000
         430  0.000000000000000E+000  0.000000000000000E+000
         431  0.000000000000000E+000  0.000000000000000E+000
         432  0.000000000000000E+000  0.000000000000000E+000
         433  0.000000000000000E+000  0.000000000000000E+000
         434  0.000000000000000E+000  0.000000000000000E+000
         435  0.000000000000000E+000  0.000000000000000E+000
         436  0.000000000000000E+000  0.000000000000000E+000
         437  0.000000000000000E+000  0.000000000000000E+000
         438  0.000000000000000E+000  0.000000000000000E+000
         439  0.000000000000000E+000  0.000000000000000E+000
         440  0.000000000000000E+000  0.000000000000000E+000
         441  0.000000000000000E+000  0.000000000000000E+000
         442  0.000000000000000E+000  0.000000000000000E+000
         443  0.000000000000000E+000  0.000000000000000E+000
         444  0.000000000000000E+000  0.000000000000000E+000
