           0  0.000000000000000E+000  0.000000000000000E+000
           1  0.781321877229819        1.21191855121718     
           2  0.504503350486220        2.33777791782484     
           3  0.192176273064493        1.90751953100244     
           4  0.177210422270701        2.82581065152577     
           5  0.138608613801441        3.53895654008829     
           6  0.107459482313455        3.96200713131958     
           7  7.719021735891510E-002   3.80192473718035     
           8  5.956734037972515E-002   3.81339170704252     
           9  6.310016250874745E-002   5.14903561892499     
          10  4.565796677060298E-002   4.61806930657592     
          11  3.979093292657962E-002   4.84878793520082     
          12  3.653907182550668E-002   5.26126023947118     
          13  3.404535512183772E-002   5.76818092617910     
          14  2.980371293996189E-002   5.87116050003497     
          15  2.451932087432235E-002   5.53278346003550     
          16  2.572190358464600E-002   6.57728888470216     
          17  2.176503084928006E-002   6.29834662263992     
          18  2.098143667763062E-002   6.82592288948987     
          19  1.778099902344758E-002   6.43856253179520     
          20  1.674046989706215E-002   6.69734425478129     
          21  1.574696779384601E-002   6.94953298076503     
          22  1.360013677418865E-002   6.59572513931481     
          23  1.305116532104454E-002   6.91055215558427     
          24  1.180881101275461E-002   6.80557372647835     
          25  1.109883494132241E-002   6.93632855675589     
          26  1.054544898579217E-002   7.13969760521753     
          27  9.185684139175896E-003   6.70470003124608     
          28  9.180540804846361E-003   7.21027068188413     
          29  8.259727694292061E-003   6.95640052907870     
          30  7.510746621024232E-003   6.76829199087554     
          31  7.034251461562836E-003   6.76141373322669     
          32  6.423575186633119E-003   6.57902777897118     
          33  6.241687111739792E-003   6.79796625375813     
          34  5.796152402832099E-003   6.70308312713936     
          35  5.292001345939019E-003   6.48491704681375     
          36  4.983733489919978E-003   6.46141603466504     
          37  4.562010977964192E-003   6.24931913145520     
          38  4.394818719839012E-003   6.35043444041205     
          39  3.944291367138278E-003   6.00102181759736     
          40  3.768955384646320E-003   6.03075317922680     
          41  3.556265747273597E-003   5.97979529774673     
          42  3.185635713513531E-003   5.62237960265669     
          43  3.118361615892287E-003   5.76798799508393     
          44  2.834269331173096E-003   5.49028301987416     
          45  2.698960957867173E-003   5.46891832761816     
          46  2.421655497733932E-003   5.12760468334943     
          47  2.340318512709081E-003   5.16952937790223     
          48  2.185991864071492E-003   5.03449443406125     
          49  2.083292150929857E-003   5.00219604916146     
          50  1.939818254541762E-003   4.85066410579491     
          51  1.749866851845347E-003   4.55193446616294     
          52  1.684347050296395E-003   4.55538019390164     
          53  1.602603618286216E-003   4.50375463232240     
          54  1.459308120421844E-003   4.25676672902178     
          55  1.366777256720280E-003   4.13481437080508     
          56  1.278717296614297E-003   4.00948722891995     
          57  1.205805986020192E-003   3.91784755072034     
          58  1.123163646215881E-003   3.77923456059411     
          59  1.061250902858779E-003   3.69400467812439     
          60  1.003181511726953E-003   3.61192854074899     
          61  9.328211807796234E-004   3.47160556007962     
          62  8.743945355190417E-004   3.36215936743638     
          63  7.991901418407724E-004   3.17161122300459     
          64  7.656958094460653E-004   3.13551723061958     
          65  7.327407118443084E-004   3.09568164033015     
          66  6.623115039816915E-004   2.88573800209629     
          67  6.295596481747273E-004   2.82663129174796     
          68  5.795070544164150E-004   2.67985707748904     
          69  5.556130726093956E-004   2.64569089465005     
          70  5.111017101490948E-004   2.50505135309340     
          71  4.821839881856475E-004   2.43084771204786     
          72  4.566547452091263E-004   2.36735065091101     
          73  4.229154812611777E-004   2.25372384437594     
          74  4.020497216104554E-004   2.20200281979325     
          75  3.681844174535696E-004   2.07136768931772     
          76  3.553530432037714E-004   2.05265457106913     
          77  3.308026851691016E-004   1.96170512096385     
          78  3.016665995854144E-004   1.83550019764864     
          79  2.842240863547881E-004   1.77362943870989     
          80  2.668508218180753E-004   1.70761711175399     
          81  2.525014568556850E-004   1.65669745707343     
          82  2.390193716561745E-004   1.60719573193118     
          83  2.201233485675330E-004   1.51651561366450     
          84  2.067441975323871E-004   1.45871045573974     
          85  1.949252047829480E-004   1.40823647623983     
          86  1.813044091977688E-004   1.34110575653704     
          87  1.699393081694745E-004   1.28631594135525     
          88  1.603798026721214E-004   1.24195188021284     
          89  1.499619617532367E-004   1.18779503967371     
          90  1.405844539013937E-004   1.13885411287236     
          91  1.311946145987539E-004   1.08652282126938     
          92  1.234900083263664E-004   1.04533360603846     
          93  1.155810000878220E-004  0.999780246499892     
          94  1.070767211936783E-004  0.946090200168923     
          95  1.000957668117287E-004  0.903303616448900     
          96  9.520445844459002E-005  0.877247376359110     
          97  8.929549636787554E-005  0.840048610683348     
          98  8.440150270801713E-005  0.810643201862504     
          99  7.693799951211602E-005  0.754141794309851     
         100  7.309174437292802E-005  0.730946122747544     
         101  6.853991337216026E-005  0.699179437844455     
         102  6.447529256802404E-005  0.670809395285277     
         103  6.002201466944983E-005  0.636829157367372     
         104  5.551979366240090E-005  0.600466193254165     
         105  5.384873921882650E-005  0.593683750572595     
         106  4.910834771770131E-005  0.551794801100718     
         107  4.610797840741039E-005  0.527906989004136     
         108  4.354634782009492E-005  0.507905670248484     
         109  4.085898156976460E-005  0.485455717376306     
         110  3.779643418935056E-005  0.457397686797473     
         111  3.536088501712317E-005  0.435674420556519     
         112  3.335205402052949E-005  0.418325356913837     
         113  3.093099770849901E-005  0.394949262348771     
         114  2.933534713051570E-005  0.381242383080950     
         115  2.712460397756702E-005  0.358715871964859     
         116  2.550250071530073E-005  0.343144744560017     
         117  2.409377236099600E-005  0.329833436416516     
         118  2.226029776931979E-005  0.309965563383069     
         119  2.073924750883764E-005  0.293671234012917     
         120  1.979372866127982E-005  0.285007110473513     
         121  1.823463101771247E-005  0.266962977191254     
         122  1.729649854935370E-005  0.257441025630019     
         123  1.616343001665786E-005  0.244541284274396     
         124  1.502155894578304E-005  0.230964203802746     
         125  1.426126129777556E-005  0.222839797639953     
         126  1.319220256609900E-005  0.209454483077929     
         127  1.246862323052836E-005  0.201098277148405     
         128  1.155218732738994E-005  0.189256106204034     
         129  1.095198636929112E-005  0.182245191077794     
         130  1.018703161880498E-005  0.172168021079708     
         131  9.469832395746224E-006  0.162508829195137     
         132  8.965375573561254E-006  0.156207159795069     
         133  8.290028365573945E-006  0.146647292433098     
         134  7.845261969174671E-006  0.140872821838530     
         135  7.252698047507033E-006  0.132174753700741     
         136  6.897551530358451E-006  0.127568133005982     
         137  6.503516482539927E-006  0.122065267730089     
         138  6.022150968763324E-006  0.114690970288897     
         139  5.643249458065700E-006  0.109034076960343     
         140  5.320844417957330E-006  0.104284572215912     
         141  5.004775485002415E-006  9.950026027385819E-002
         142  4.713849833619589E-006  9.504800661022930E-002
         143  4.356468493250045E-006  8.908255806716656E-002
         144  4.140989335912651E-006  8.585867601386199E-002
         145  3.907041698893063E-006  8.213841713979202E-002
         146  3.672454144681206E-006  7.827801557318610E-002
         147  3.435672293110541E-006  7.424107366191181E-002
         148  3.238189725681381E-006  7.092748288141616E-002
         149  3.071165600855122E-006  6.818471493209753E-002
         150  2.888567451530462E-006  6.499567530291811E-002
         151  2.707690973394663E-006  6.173965890210102E-002
         152  2.576876934830683E-006  5.953498038316672E-002
         153  2.439809584279905E-006  5.711378697457881E-002
         154  2.317092009143983E-006  5.495320018591698E-002
         155  2.173556127615404E-006  5.222100302155618E-002
         156  2.083037999876519E-006  5.069278864339642E-002
         157  1.985733960138178E-006  4.894621035090500E-002
         158  1.886399434619448E-006  4.709173385695466E-002
         159  1.786686349156737E-006  4.516657531719326E-002
         160  1.724296823821921E-006  4.413986694158586E-002
         161  1.665059403209555E-006  4.316154607909162E-002
         162  1.584305943607970E-006  4.158028214273754E-002
         163  1.545615747052548E-006  4.106696543123833E-002
         164  1.481581372861337E-006  3.984891047168963E-002
         165  1.464163542621696E-006  3.986284452186272E-002
         166  1.405993705793434E-006  3.874429874650944E-002
         167  1.395277455604174E-006  3.891264336640200E-002
         168  1.374735888388723E-006  3.880116339121457E-002
         169  1.373674556137499E-006  3.923434909358928E-002
         170  1.431450809318981E-006  4.137354627817361E-002
         171  2.310147879006912E-007  6.722482877310886E-003
         172  0.000000000000000E+000  0.000000000000000E+000
         173  0.000000000000000E+000  0.000000000000000E+000
         174  0.000000000000000E+000  0.000000000000000E+000
         175  0.000000000000000E+000  0.000000000000000E+000
         176  0.000000000000000E+000  0.000000000000000E+000
         177  0.000000000000000E+000  0.000000000000000E+000
         178  0.000000000000000E+000  0.000000000000000E+000
         179  0.000000000000000E+000  0.000000000000000E+000
         180  0.000000000000000E+000  0.000000000000000E+000
         181  0.000000000000000E+000  0.000000000000000E+000
         182  0.000000000000000E+000  0.000000000000000E+000
         183  0.000000000000000E+000  0.000000000000000E+000
         184  0.000000000000000E+000  0.000000000000000E+000
         185  0.000000000000000E+000  0.000000000000000E+000
         186  0.000000000000000E+000  0.000000000000000E+000
         187  0.000000000000000E+000  0.000000000000000E+000
         188  0.000000000000000E+000  0.000000000000000E+000
         189  0.000000000000000E+000  0.000000000000000E+000
         190  0.000000000000000E+000  0.000000000000000E+000
         191  0.000000000000000E+000  0.000000000000000E+000
         192  0.000000000000000E+000  0.000000000000000E+000
         193  0.000000000000000E+000  0.000000000000000E+000
         194  0.000000000000000E+000  0.000000000000000E+000
         195  0.000000000000000E+000  0.000000000000000E+000
         196  0.000000000000000E+000  0.000000000000000E+000
         197  0.000000000000000E+000  0.000000000000000E+000
         198  0.000000000000000E+000  0.000000000000000E+000
         199  0.000000000000000E+000  0.000000000000000E+000
         200  0.000000000000000E+000  0.000000000000000E+000
         201  0.000000000000000E+000  0.000000000000000E+000
         202  0.000000000000000E+000  0.000000000000000E+000
         203  0.000000000000000E+000  0.000000000000000E+000
         204  0.000000000000000E+000  0.000000000000000E+000
         205  0.000000000000000E+000  0.000000000000000E+000
         206  0.000000000000000E+000  0.000000000000000E+000
         207  0.000000000000000E+000  0.000000000000000E+000
         208  0.000000000000000E+000  0.000000000000000E+000
         209  0.000000000000000E+000  0.000000000000000E+000
         210  0.000000000000000E+000  0.000000000000000E+000
         211  0.000000000000000E+000  0.000000000000000E+000
         212  0.000000000000000E+000  0.000000000000000E+000
         213  0.000000000000000E+000  0.000000000000000E+000
         214  0.000000000000000E+000  0.000000000000000E+000
         215  0.000000000000000E+000  0.000000000000000E+000
         216  0.000000000000000E+000  0.000000000000000E+000
         217  0.000000000000000E+000  0.000000000000000E+000
         218  0.000000000000000E+000  0.000000000000000E+000
         219  0.000000000000000E+000  0.000000000000000E+000
         220  0.000000000000000E+000  0.000000000000000E+000
         221  0.000000000000000E+000  0.000000000000000E+000
         222  0.000000000000000E+000  0.000000000000000E+000
         223  0.000000000000000E+000  0.000000000000000E+000
         224  0.000000000000000E+000  0.000000000000000E+000
         225  0.000000000000000E+000  0.000000000000000E+000
         226  0.000000000000000E+000  0.000000000000000E+000
         227  0.000000000000000E+000  0.000000000000000E+000
         228  0.000000000000000E+000  0.000000000000000E+000
         229  0.000000000000000E+000  0.000000000000000E+000
         230  0.000000000000000E+000  0.000000000000000E+000
         231  0.000000000000000E+000  0.000000000000000E+000
         232  0.000000000000000E+000  0.000000000000000E+000
         233  0.000000000000000E+000  0.000000000000000E+000
         234  0.000000000000000E+000  0.000000000000000E+000
         235  0.000000000000000E+000  0.000000000000000E+000
         236  0.000000000000000E+000  0.000000000000000E+000
         237  0.000000000000000E+000  0.000000000000000E+000
         238  0.000000000000000E+000  0.000000000000000E+000
         239  0.000000000000000E+000  0.000000000000000E+000
         240  0.000000000000000E+000  0.000000000000000E+000
         241  0.000000000000000E+000  0.000000000000000E+000
         242  0.000000000000000E+000  0.000000000000000E+000
         243  0.000000000000000E+000  0.000000000000000E+000
         244  0.000000000000000E+000  0.000000000000000E+000
         245  0.000000000000000E+000  0.000000000000000E+000
         246  0.000000000000000E+000  0.000000000000000E+000
         247  0.000000000000000E+000  0.000000000000000E+000
         248  0.000000000000000E+000  0.000000000000000E+000
         249  0.000000000000000E+000  0.000000000000000E+000
         250  0.000000000000000E+000  0.000000000000000E+000
         251  0.000000000000000E+000  0.000000000000000E+000
         252  0.000000000000000E+000  0.000000000000000E+000
         253  0.000000000000000E+000  0.000000000000000E+000
         254  0.000000000000000E+000  0.000000000000000E+000
         255  0.000000000000000E+000  0.000000000000000E+000
         256  0.000000000000000E+000  0.000000000000000E+000
         257  0.000000000000000E+000  0.000000000000000E+000
         258  0.000000000000000E+000  0.000000000000000E+000
         259  0.000000000000000E+000  0.000000000000000E+000
         260  0.000000000000000E+000  0.000000000000000E+000
         261  0.000000000000000E+000  0.000000000000000E+000
         262  0.000000000000000E+000  0.000000000000000E+000
         263  0.000000000000000E+000  0.000000000000000E+000
         264  0.000000000000000E+000  0.000000000000000E+000
         265  0.000000000000000E+000  0.000000000000000E+000
         266  0.000000000000000E+000  0.000000000000000E+000
         267  0.000000000000000E+000  0.000000000000000E+000
         268  0.000000000000000E+000  0.000000000000000E+000
         269  0.000000000000000E+000  0.000000000000000E+000
         270  0.000000000000000E+000  0.000000000000000E+000
         271  0.000000000000000E+000  0.000000000000000E+000
         272  0.000000000000000E+000  0.000000000000000E+000
         273  0.000000000000000E+000  0.000000000000000E+000
         274  0.000000000000000E+000  0.000000000000000E+000
         275  0.000000000000000E+000  0.000000000000000E+000
         276  0.000000000000000E+000  0.000000000000000E+000
         277  0.000000000000000E+000  0.000000000000000E+000
         278  0.000000000000000E+000  0.000000000000000E+000
         279  0.000000000000000E+000  0.000000000000000E+000
         280  0.000000000000000E+000  0.000000000000000E+000
         281  0.000000000000000E+000  0.000000000000000E+000
         282  0.000000000000000E+000  0.000000000000000E+000
         283  0.000000000000000E+000  0.000000000000000E+000
         284  0.000000000000000E+000  0.000000000000000E+000
         285  0.000000000000000E+000  0.000000000000000E+000
         286  0.000000000000000E+000  0.000000000000000E+000
         287  0.000000000000000E+000  0.000000000000000E+000
         288  0.000000000000000E+000  0.000000000000000E+000
         289  0.000000000000000E+000  0.000000000000000E+000
         290  0.000000000000000E+000  0.000000000000000E+000
         291  0.000000000000000E+000  0.000000000000000E+000
         292  0.000000000000000E+000  0.000000000000000E+000
         293  0.000000000000000E+000  0.000000000000000E+000
         294  0.000000000000000E+000  0.000000000000000E+000
         295  0.000000000000000E+000  0.000000000000000E+000
         296  0.000000000000000E+000  0.000000000000000E+000
         297  0.000000000000000E+000  0.000000000000000E+000
         298  0.000000000000000E+000  0.000000000000000E+000
         299  0.000000000000000E+000  0.000000000000000E+000
         300  0.000000000000000E+000  0.000000000000000E+000
         301  0.000000000000000E+000  0.000000000000000E+000
         302  0.000000000000000E+000  0.000000000000000E+000
         303  0.000000000000000E+000  0.000000000000000E+000
         304  0.000000000000000E+000  0.000000000000000E+000
         305  0.000000000000000E+000  0.000000000000000E+000
         306  0.000000000000000E+000  0.000000000000000E+000
         307  0.000000000000000E+000  0.000000000000000E+000
         308  0.000000000000000E+000  0.000000000000000E+000
         309  0.000000000000000E+000  0.000000000000000E+000
         310  0.000000000000000E+000  0.000000000000000E+000
         311  0.000000000000000E+000  0.000000000000000E+000
         312  0.000000000000000E+000  0.000000000000000E+000
         313  0.000000000000000E+000  0.000000000000000E+000
         314  0.000000000000000E+000  0.000000000000000E+000
         315  0.000000000000000E+000  0.000000000000000E+000
         316  0.000000000000000E+000  0.000000000000000E+000
         317  0.000000000000000E+000  0.000000000000000E+000
         318  0.000000000000000E+000  0.000000000000000E+000
         319  0.000000000000000E+000  0.000000000000000E+000
         320  0.000000000000000E+000  0.000000000000000E+000
         321  0.000000000000000E+000  0.000000000000000E+000
         322  0.000000000000000E+000  0.000000000000000E+000
         323  0.000000000000000E+000  0.000000000000000E+000
         324  0.000000000000000E+000  0.000000000000000E+000
         325  0.000000000000000E+000  0.000000000000000E+000
         326  0.000000000000000E+000  0.000000000000000E+000
         327  0.000000000000000E+000  0.000000000000000E+000
         328  0.000000000000000E+000  0.000000000000000E+000
         329  0.000000000000000E+000  0.000000000000000E+000
         330  0.000000000000000E+000  0.000000000000000E+000
         331  0.000000000000000E+000  0.000000000000000E+000
         332  0.000000000000000E+000  0.000000000000000E+000
         333  0.000000000000000E+000  0.000000000000000E+000
         334  0.000000000000000E+000  0.000000000000000E+000
         335  0.000000000000000E+000  0.000000000000000E+000
         336  0.000000000000000E+000  0.000000000000000E+000
         337  0.000000000000000E+000  0.000000000000000E+000
         338  0.000000000000000E+000  0.000000000000000E+000
         339  0.000000000000000E+000  0.000000000000000E+000
         340  0.000000000000000E+000  0.000000000000000E+000
         341  0.000000000000000E+000  0.000000000000000E+000
         342  0.000000000000000E+000  0.000000000000000E+000
         343  0.000000000000000E+000  0.000000000000000E+000
         344  0.000000000000000E+000  0.000000000000000E+000
         345  0.000000000000000E+000  0.000000000000000E+000
         346  0.000000000000000E+000  0.000000000000000E+000
         347  0.000000000000000E+000  0.000000000000000E+000
         348  0.000000000000000E+000  0.000000000000000E+000
         349  0.000000000000000E+000  0.000000000000000E+000
         350  0.000000000000000E+000  0.000000000000000E+000
         351  0.000000000000000E+000  0.000000000000000E+000
         352  0.000000000000000E+000  0.000000000000000E+000
         353  0.000000000000000E+000  0.000000000000000E+000
         354  0.000000000000000E+000  0.000000000000000E+000
         355  0.000000000000000E+000  0.000000000000000E+000
         356  0.000000000000000E+000  0.000000000000000E+000
         357  0.000000000000000E+000  0.000000000000000E+000
         358  0.000000000000000E+000  0.000000000000000E+000
         359  0.000000000000000E+000  0.000000000000000E+000
         360  0.000000000000000E+000  0.000000000000000E+000
         361  0.000000000000000E+000  0.000000000000000E+000
         362  0.000000000000000E+000  0.000000000000000E+000
         363  0.000000000000000E+000  0.000000000000000E+000
         364  0.000000000000000E+000  0.000000000000000E+000
         365  0.000000000000000E+000  0.000000000000000E+000
         366  0.000000000000000E+000  0.000000000000000E+000
         367  0.000000000000000E+000  0.000000000000000E+000
         368  0.000000000000000E+000  0.000000000000000E+000
         369  0.000000000000000E+000  0.000000000000000E+000
         370  0.000000000000000E+000  0.000000000000000E+000
         371  0.000000000000000E+000  0.000000000000000E+000
         372  0.000000000000000E+000  0.000000000000000E+000
         373  0.000000000000000E+000  0.000000000000000E+000
         374  0.000000000000000E+000  0.000000000000000E+000
         375  0.000000000000000E+000  0.000000000000000E+000
         376  0.000000000000000E+000  0.000000000000000E+000
         377  0.000000000000000E+000  0.000000000000000E+000
         378  0.000000000000000E+000  0.000000000000000E+000
         379  0.000000000000000E+000  0.000000000000000E+000
         380  0.000000000000000E+000  0.000000000000000E+000
         381  0.000000000000000E+000  0.000000000000000E+000
         382  0.000000000000000E+000  0.000000000000000E+000
         383  0.000000000000000E+000  0.000000000000000E+000
         384  0.000000000000000E+000  0.000000000000000E+000
         385  0.000000000000000E+000  0.000000000000000E+000
         386  0.000000000000000E+000  0.000000000000000E+000
         387  0.000000000000000E+000  0.000000000000000E+000
         388  0.000000000000000E+000  0.000000000000000E+000
         389  0.000000000000000E+000  0.000000000000000E+000
         390  0.000000000000000E+000  0.000000000000000E+000
         391  0.000000000000000E+000  0.000000000000000E+000
         392  0.000000000000000E+000  0.000000000000000E+000
         393  0.000000000000000E+000  0.000000000000000E+000
         394  0.000000000000000E+000  0.000000000000000E+000
         395  0.000000000000000E+000  0.000000000000000E+000
         396  0.000000000000000E+000  0.000000000000000E+000
         397  0.000000000000000E+000  0.000000000000000E+000
         398  0.000000000000000E+000  0.000000000000000E+000
         399  0.000000000000000E+000  0.000000000000000E+000
         400  0.000000000000000E+000  0.000000000000000E+000
         401  0.000000000000000E+000  0.000000000000000E+000
         402  0.000000000000000E+000  0.000000000000000E+000
         403  0.000000000000000E+000  0.000000000000000E+000
         404  0.000000000000000E+000  0.000000000000000E+000
         405  0.000000000000000E+000  0.000000000000000E+000
         406  0.000000000000000E+000  0.000000000000000E+000
         407  0.000000000000000E+000  0.000000000000000E+000
         408  0.000000000000000E+000  0.000000000000000E+000
         409  0.000000000000000E+000  0.000000000000000E+000
         410  0.000000000000000E+000  0.000000000000000E+000
         411  0.000000000000000E+000  0.000000000000000E+000
         412  0.000000000000000E+000  0.000000000000000E+000
         413  0.000000000000000E+000  0.000000000000000E+000
         414  0.000000000000000E+000  0.000000000000000E+000
         415  0.000000000000000E+000  0.000000000000000E+000
         416  0.000000000000000E+000  0.000000000000000E+000
         417  0.000000000000000E+000  0.000000000000000E+000
         418  0.000000000000000E+000  0.000000000000000E+000
         419  0.000000000000000E+000  0.000000000000000E+000
         420  0.000000000000000E+000  0.000000000000000E+000
         421  0.000000000000000E+000  0.000000000000000E+000
         422  0.000000000000000E+000  0.000000000000000E+000
         423  0.000000000000000E+000  0.000000000000000E+000
         424  0.000000000000000E+000  0.000000000000000E+000
         425  0.000000000000000E+000  0.000000000000000E+000
         426  0.000000000000000E+000  0.000000000000000E+000
         427  0.000000000000000E+000  0.000000000000000E+000
         428  0.000000000000000E+000  0.000000000000000E+000
         429  0.000000000000000E+000  0.000000000000000E+000
         430  0.000000000000000E+000  0.000000000000000E+000
         431  0.000000000000000E+000  0.000000000000000E+000
         432  0.000000000000000E+000  0.000000000000000E+000
         433  0.000000000000000E+000  0.000000000000000E+000
         434  0.000000000000000E+000  0.000000000000000E+000
         435  0.000000000000000E+000  0.000000000000000E+000
         436  0.000000000000000E+000  0.000000000000000E+000
         437  0.000000000000000E+000  0.000000000000000E+000
         438  0.000000000000000E+000  0.000000000000000E+000
         439  0.000000000000000E+000  0.000000000000000E+000
         440  0.000000000000000E+000  0.000000000000000E+000
         441  0.000000000000000E+000  0.000000000000000E+000
         442  0.000000000000000E+000  0.000000000000000E+000
         443  0.000000000000000E+000  0.000000000000000E+000
         444  0.000000000000000E+000  0.000000000000000E+000
