           0  0.000000000000000E+000  0.000000000000000E+000
           1  0.601418652233130       0.762020706242475     
           2  0.695037085322423        3.23275705539431     
           3  0.207670880340645        2.02368514465850     
           4  0.172670644007188        2.73938972898191     
           5  0.151243534716493        3.80844206963107     
           6  0.100025218809099        3.69797917456909     
           7  7.535312272832995E-002   3.72487883178851     
           8  5.952330228253966E-002   3.80005641264488     
           9  6.203681624219223E-002   5.01955252777334     
          10  4.658251804379732E-002   4.72062550910046     
          11  3.923960371339043E-002   4.78886761926501     
          12  3.586505693624921E-002   5.16682505392857     
          13  3.415524334251492E-002   5.79091520386323     
          14  2.990993058585260E-002   5.89134565547541     
          15  2.438562905550774E-002   5.49041613406838     
          16  2.534847950292402E-002   6.48208003154209     
          17  2.187972069059843E-002   6.32971205407598     
          18  2.069649823450460E-002   6.73428247852775     
          19  1.756431878643691E-002   6.36118985281184     
          20  1.656623078259238E-002   6.62847553623026     
          21  1.518029481412779E-002   6.70603284827732     
          22  1.346115161238260E-002   6.53116781356866     
          23  1.303579925212182E-002   6.90025407002207     
          24  1.175923974353619E-002   6.77544413465664     
          25  1.093953310123650E-002   6.84283029975181     
          26  1.006013659661873E-002   6.80750653892464     
          27  9.272092790154004E-003   6.76994705539096     
          28  8.912044940212634E-003   6.99494266224659     
          29  7.908953807965143E-003   6.65918989960488     
          30  7.405235395501001E-003   6.66929849042676     
          31  6.859000190212629E-003   6.59483495344298     
          32  6.222707295577471E-003   6.37451296722455     
          33  6.055152424473627E-003   6.59446210147162     
          34  5.785240711627286E-003   6.69064265182826     
          35  5.021039212175558E-003   6.15431101543505     
          36  4.845139868452423E-003   6.28192604708766     
          37  4.512749429455395E-003   6.18151830916220     
          38  4.263583616642728E-003   6.16062813174216     
          39  3.815853938077871E-003   5.80404478495641     
          40  3.659375178499625E-003   5.85415535998622     
          41  3.451348731715552E-003   5.80274675330974     
          42  3.181517796758146E-003   5.61571771301091     
          43  3.020999287527022E-003   5.58844676087750     
          44  2.755605882428726E-003   5.33782321005774     
          45  2.629016958668031E-003   5.32625776829298     
          46  2.354968441228279E-003   4.98586816188211     
          47  2.299268568352033E-003   5.07882571045287     
          48  2.102598274503463E-003   4.84202108316228     
          49  2.034676626804720E-003   4.88559181206339     
          50  1.881799268155627E-003   4.70631566576081     
          51  1.722352561121286E-003   4.48070062643214     
          52  1.667243478370069E-003   4.50912516745441     
          53  1.547693520496961E-003   4.34936146083512     
          54  1.421212715346300E-003   4.14568148566657     
          55  1.343934819252218E-003   4.06555172712748     
          56  1.241927050634746E-003   3.89442521668789     
          57  1.183553393960525E-003   3.84516922069788     
          58  1.096187706241276E-003   3.68868519569235     
          59  1.022640884240691E-003   3.55966151722417     
          60  9.706737668440238E-004   3.49436401208577     
          61  9.046697202997723E-004   3.36692519073240     
          62  8.470983749402418E-004   3.25736776486662     
          63  7.792421948700434E-004   3.09254529361884     
          64  7.384014458093868E-004   3.02368914230418     
          65  7.021576902774379E-004   2.96659185499295     
          66  6.436639274041248E-004   2.80442778728656     
          67  6.077996570054589E-004   2.72890886437792     
          68  5.652586715055528E-004   2.61413991426191     
          69  5.402299565098967E-004   2.57257860165957     
          70  4.921130261861652E-004   2.41195465972486     
          71  4.694146695029081E-004   2.36644227818307     
          72  4.425489695034819E-004   2.29402887036933     
          73  4.111085525621856E-004   2.19062341107640     
          74  3.905780337034032E-004   2.13907445461752     
          75  3.543802585449409E-004   1.99365014855880     
          76  3.393207132865152E-004   1.95996190391221     
          77  3.147219932078238E-004   1.86628842713724     
          78  2.931265809338896E-004   1.78344098226346     
          79  2.757695964371794E-004   1.72089390664651     
          80  2.591190692276828E-004   1.65817183185586     
          81  2.452606840943027E-004   1.60916767155297     
          82  2.289638678204138E-004   1.53964036657333     
          83  2.128221494952490E-004   1.46618713360532     
          84  1.983665655040567E-004   1.39967497304357     
          85  1.881230169959326E-004   1.35920772745766     
          86  1.757118909714368E-004   1.29971615706343     
          87  1.626712035519586E-004   1.23135142800633     
          88  1.536855589967533E-004   1.19009675913004     
          89  1.436076350472251E-004   1.13751483853078     
          90  1.362484359283415E-004   1.10364593849806     
          91  1.248898495197357E-004   1.03436281743997     
          92  1.169193267467194E-004  0.989701520004881     
          93  1.099360883439073E-004  0.950964197672463     
          94  1.030119651213042E-004  0.910209650631989     
          95  9.657672067698068E-005  0.871526316123080     
          96  9.148942969757005E-005  0.843036565756277     
          97  8.544480963821348E-005  0.803839536241867     
          98  8.087104278983460E-005  0.776715521305624     
          99  7.385936075954116E-005  0.723954889730736     
         100  7.014246577696670E-005  0.701444034857122     
         101  6.547701842814208E-005  0.667917403316780     
         102  6.114563468692358E-005  0.636192053287557     
         103  5.717474419165176E-005  0.606621036120813     
         104  5.292967870517298E-005  0.572472761098321     
         105  5.111861105991079E-005  0.563566760284988     
         106  4.689428371672331E-005  0.526916820916981     
         107  4.424651269152261E-005  0.506573991294992     
         108  4.093808194325254E-005  0.477473977641068     
         109  3.893587912291579E-005  0.462592075232286     
         110  3.599556977900930E-005  0.435593039628213     
         111  3.357779338655328E-005  0.413683295735148     
         112  3.181849529259024E-005  0.399096745200975     
         113  2.943920815365491E-005  0.375893538149277     
         114  2.792683947904687E-005  0.362930419065200     
         115  2.564861915303974E-005  0.339207254385515     
         116  2.414795608673256E-005  0.324921614265890     
         117  2.278339821588724E-005  0.311897658493729     
         118  2.102378552806296E-005  0.292742892007055     
         119  1.966736689329328E-005  0.278493750500365     
         120  1.873142729369516E-005  0.269707210935055     
         121  1.733941560895538E-005  0.253862644303590     
         122  1.633179969481479E-005  0.243088248446859     
         123  1.526374317929298E-005  0.230931941747778     
         124  1.428082138538463E-005  0.219577159025599     
         125  1.347017642834533E-005  0.210468820200710     
         126  1.238353695761309E-005  0.196612565177824     
         127  1.166490927250607E-005  0.188133041535941     
         128  1.094007194137601E-005  0.179227673899395     
         129  1.033231569313186E-005  0.171937459138875     
         130  9.571905680339963E-006  0.161772175803100     
         131  8.918706108076709E-006  0.153049481011374     
         132  8.503632988794989E-006  0.148164541145199     
         133  7.849758228520281E-006  0.138857870193734     
         134  7.382284343750658E-006  0.132555570222577     
         135  6.865078873808507E-006  0.125112413618643     
         136  6.500798420080622E-006  0.120229365018320     
         137  6.091055068514446E-006  0.114326080251970     
         138  5.694441608046794E-006  0.108449057737321     
         139  5.304861479478422E-006  0.102493259563396     
         140  5.023956090904338E-006  9.846443596665935E-002
         141  4.718286780431316E-006  9.380033407089876E-002
         142  4.420448907588876E-006  8.913284456865457E-002
         143  4.085139245361906E-006  8.353683606486950E-002
         144  3.888760993249045E-006  8.062972844624827E-002
         145  3.684738525360027E-006  7.746487281267340E-002
         146  3.430277441278373E-006  7.311800000382249E-002
         147  3.208448479029707E-006  6.933098795730934E-002
         148  3.057627322194509E-006  6.697186115531235E-002
         149  2.873478899712887E-006  6.379706313854805E-002
         150  2.705152599370642E-006  6.086797471243729E-002
         151  2.535262776945706E-006  5.780908963179519E-002
         152  2.407269817130740E-006  5.561578702375455E-002
         153  2.278927067397120E-006  5.334649176374266E-002
         154  2.164680599453063E-006  5.133874645734371E-002
         155  2.031804655104161E-006  4.881499492711413E-002
         156  1.937340771140799E-006  4.714628377796263E-002
         157  1.852387257804734E-006  4.565845221823503E-002
         158  1.768394151173951E-006  4.414616777998617E-002
         159  1.658255706030060E-006  4.192052704063796E-002
         160  1.607277834241123E-006  4.114440793592650E-002
         161  1.549235276569872E-006  4.015792529129265E-002
         162  1.469410854777239E-006  3.856502297906410E-002
         163  1.435220453346541E-006  3.813353350157212E-002
         164  1.379025686041968E-006  3.709092831243020E-002
         165  1.356471730672458E-006  3.693122404066071E-002
         166  1.310643194393295E-006  3.611633826697566E-002
         167  1.294088619312489E-006  3.609068796416028E-002
         168  1.277951400277099E-006  3.606932188574218E-002
         169  1.284839682688585E-006  3.669737400416013E-002
         170  1.332703556608599E-006  3.851937788631411E-002
         171  2.145077784389513E-007  6.242141670278022E-003
         172  0.000000000000000E+000  0.000000000000000E+000
         173  0.000000000000000E+000  0.000000000000000E+000
         174  0.000000000000000E+000  0.000000000000000E+000
         175  0.000000000000000E+000  0.000000000000000E+000
         176  0.000000000000000E+000  0.000000000000000E+000
         177  0.000000000000000E+000  0.000000000000000E+000
         178  0.000000000000000E+000  0.000000000000000E+000
         179  0.000000000000000E+000  0.000000000000000E+000
         180  0.000000000000000E+000  0.000000000000000E+000
         181  0.000000000000000E+000  0.000000000000000E+000
         182  0.000000000000000E+000  0.000000000000000E+000
         183  0.000000000000000E+000  0.000000000000000E+000
         184  0.000000000000000E+000  0.000000000000000E+000
         185  0.000000000000000E+000  0.000000000000000E+000
         186  0.000000000000000E+000  0.000000000000000E+000
         187  0.000000000000000E+000  0.000000000000000E+000
         188  0.000000000000000E+000  0.000000000000000E+000
         189  0.000000000000000E+000  0.000000000000000E+000
         190  0.000000000000000E+000  0.000000000000000E+000
         191  0.000000000000000E+000  0.000000000000000E+000
         192  0.000000000000000E+000  0.000000000000000E+000
         193  0.000000000000000E+000  0.000000000000000E+000
         194  0.000000000000000E+000  0.000000000000000E+000
         195  0.000000000000000E+000  0.000000000000000E+000
         196  0.000000000000000E+000  0.000000000000000E+000
         197  0.000000000000000E+000  0.000000000000000E+000
         198  0.000000000000000E+000  0.000000000000000E+000
         199  0.000000000000000E+000  0.000000000000000E+000
         200  0.000000000000000E+000  0.000000000000000E+000
         201  0.000000000000000E+000  0.000000000000000E+000
         202  0.000000000000000E+000  0.000000000000000E+000
         203  0.000000000000000E+000  0.000000000000000E+000
         204  0.000000000000000E+000  0.000000000000000E+000
         205  0.000000000000000E+000  0.000000000000000E+000
         206  0.000000000000000E+000  0.000000000000000E+000
         207  0.000000000000000E+000  0.000000000000000E+000
         208  0.000000000000000E+000  0.000000000000000E+000
         209  0.000000000000000E+000  0.000000000000000E+000
         210  0.000000000000000E+000  0.000000000000000E+000
         211  0.000000000000000E+000  0.000000000000000E+000
         212  0.000000000000000E+000  0.000000000000000E+000
         213  0.000000000000000E+000  0.000000000000000E+000
         214  0.000000000000000E+000  0.000000000000000E+000
         215  0.000000000000000E+000  0.000000000000000E+000
         216  0.000000000000000E+000  0.000000000000000E+000
         217  0.000000000000000E+000  0.000000000000000E+000
         218  0.000000000000000E+000  0.000000000000000E+000
         219  0.000000000000000E+000  0.000000000000000E+000
         220  0.000000000000000E+000  0.000000000000000E+000
         221  0.000000000000000E+000  0.000000000000000E+000
         222  0.000000000000000E+000  0.000000000000000E+000
         223  0.000000000000000E+000  0.000000000000000E+000
         224  0.000000000000000E+000  0.000000000000000E+000
         225  0.000000000000000E+000  0.000000000000000E+000
         226  0.000000000000000E+000  0.000000000000000E+000
         227  0.000000000000000E+000  0.000000000000000E+000
         228  0.000000000000000E+000  0.000000000000000E+000
         229  0.000000000000000E+000  0.000000000000000E+000
         230  0.000000000000000E+000  0.000000000000000E+000
         231  0.000000000000000E+000  0.000000000000000E+000
         232  0.000000000000000E+000  0.000000000000000E+000
         233  0.000000000000000E+000  0.000000000000000E+000
         234  0.000000000000000E+000  0.000000000000000E+000
         235  0.000000000000000E+000  0.000000000000000E+000
         236  0.000000000000000E+000  0.000000000000000E+000
         237  0.000000000000000E+000  0.000000000000000E+000
         238  0.000000000000000E+000  0.000000000000000E+000
         239  0.000000000000000E+000  0.000000000000000E+000
         240  0.000000000000000E+000  0.000000000000000E+000
         241  0.000000000000000E+000  0.000000000000000E+000
         242  0.000000000000000E+000  0.000000000000000E+000
         243  0.000000000000000E+000  0.000000000000000E+000
         244  0.000000000000000E+000  0.000000000000000E+000
         245  0.000000000000000E+000  0.000000000000000E+000
         246  0.000000000000000E+000  0.000000000000000E+000
         247  0.000000000000000E+000  0.000000000000000E+000
         248  0.000000000000000E+000  0.000000000000000E+000
         249  0.000000000000000E+000  0.000000000000000E+000
         250  0.000000000000000E+000  0.000000000000000E+000
         251  0.000000000000000E+000  0.000000000000000E+000
         252  0.000000000000000E+000  0.000000000000000E+000
         253  0.000000000000000E+000  0.000000000000000E+000
         254  0.000000000000000E+000  0.000000000000000E+000
         255  0.000000000000000E+000  0.000000000000000E+000
         256  0.000000000000000E+000  0.000000000000000E+000
         257  0.000000000000000E+000  0.000000000000000E+000
         258  0.000000000000000E+000  0.000000000000000E+000
         259  0.000000000000000E+000  0.000000000000000E+000
         260  0.000000000000000E+000  0.000000000000000E+000
         261  0.000000000000000E+000  0.000000000000000E+000
         262  0.000000000000000E+000  0.000000000000000E+000
         263  0.000000000000000E+000  0.000000000000000E+000
         264  0.000000000000000E+000  0.000000000000000E+000
         265  0.000000000000000E+000  0.000000000000000E+000
         266  0.000000000000000E+000  0.000000000000000E+000
         267  0.000000000000000E+000  0.000000000000000E+000
         268  0.000000000000000E+000  0.000000000000000E+000
         269  0.000000000000000E+000  0.000000000000000E+000
         270  0.000000000000000E+000  0.000000000000000E+000
         271  0.000000000000000E+000  0.000000000000000E+000
         272  0.000000000000000E+000  0.000000000000000E+000
         273  0.000000000000000E+000  0.000000000000000E+000
         274  0.000000000000000E+000  0.000000000000000E+000
         275  0.000000000000000E+000  0.000000000000000E+000
         276  0.000000000000000E+000  0.000000000000000E+000
         277  0.000000000000000E+000  0.000000000000000E+000
         278  0.000000000000000E+000  0.000000000000000E+000
         279  0.000000000000000E+000  0.000000000000000E+000
         280  0.000000000000000E+000  0.000000000000000E+000
         281  0.000000000000000E+000  0.000000000000000E+000
         282  0.000000000000000E+000  0.000000000000000E+000
         283  0.000000000000000E+000  0.000000000000000E+000
         284  0.000000000000000E+000  0.000000000000000E+000
         285  0.000000000000000E+000  0.000000000000000E+000
         286  0.000000000000000E+000  0.000000000000000E+000
         287  0.000000000000000E+000  0.000000000000000E+000
         288  0.000000000000000E+000  0.000000000000000E+000
         289  0.000000000000000E+000  0.000000000000000E+000
         290  0.000000000000000E+000  0.000000000000000E+000
         291  0.000000000000000E+000  0.000000000000000E+000
         292  0.000000000000000E+000  0.000000000000000E+000
         293  0.000000000000000E+000  0.000000000000000E+000
         294  0.000000000000000E+000  0.000000000000000E+000
         295  0.000000000000000E+000  0.000000000000000E+000
         296  0.000000000000000E+000  0.000000000000000E+000
         297  0.000000000000000E+000  0.000000000000000E+000
         298  0.000000000000000E+000  0.000000000000000E+000
         299  0.000000000000000E+000  0.000000000000000E+000
         300  0.000000000000000E+000  0.000000000000000E+000
         301  0.000000000000000E+000  0.000000000000000E+000
         302  0.000000000000000E+000  0.000000000000000E+000
         303  0.000000000000000E+000  0.000000000000000E+000
         304  0.000000000000000E+000  0.000000000000000E+000
         305  0.000000000000000E+000  0.000000000000000E+000
         306  0.000000000000000E+000  0.000000000000000E+000
         307  0.000000000000000E+000  0.000000000000000E+000
         308  0.000000000000000E+000  0.000000000000000E+000
         309  0.000000000000000E+000  0.000000000000000E+000
         310  0.000000000000000E+000  0.000000000000000E+000
         311  0.000000000000000E+000  0.000000000000000E+000
         312  0.000000000000000E+000  0.000000000000000E+000
         313  0.000000000000000E+000  0.000000000000000E+000
         314  0.000000000000000E+000  0.000000000000000E+000
         315  0.000000000000000E+000  0.000000000000000E+000
         316  0.000000000000000E+000  0.000000000000000E+000
         317  0.000000000000000E+000  0.000000000000000E+000
         318  0.000000000000000E+000  0.000000000000000E+000
         319  0.000000000000000E+000  0.000000000000000E+000
         320  0.000000000000000E+000  0.000000000000000E+000
         321  0.000000000000000E+000  0.000000000000000E+000
         322  0.000000000000000E+000  0.000000000000000E+000
         323  0.000000000000000E+000  0.000000000000000E+000
         324  0.000000000000000E+000  0.000000000000000E+000
         325  0.000000000000000E+000  0.000000000000000E+000
         326  0.000000000000000E+000  0.000000000000000E+000
         327  0.000000000000000E+000  0.000000000000000E+000
         328  0.000000000000000E+000  0.000000000000000E+000
         329  0.000000000000000E+000  0.000000000000000E+000
         330  0.000000000000000E+000  0.000000000000000E+000
         331  0.000000000000000E+000  0.000000000000000E+000
         332  0.000000000000000E+000  0.000000000000000E+000
         333  0.000000000000000E+000  0.000000000000000E+000
         334  0.000000000000000E+000  0.000000000000000E+000
         335  0.000000000000000E+000  0.000000000000000E+000
         336  0.000000000000000E+000  0.000000000000000E+000
         337  0.000000000000000E+000  0.000000000000000E+000
         338  0.000000000000000E+000  0.000000000000000E+000
         339  0.000000000000000E+000  0.000000000000000E+000
         340  0.000000000000000E+000  0.000000000000000E+000
         341  0.000000000000000E+000  0.000000000000000E+000
         342  0.000000000000000E+000  0.000000000000000E+000
         343  0.000000000000000E+000  0.000000000000000E+000
         344  0.000000000000000E+000  0.000000000000000E+000
         345  0.000000000000000E+000  0.000000000000000E+000
         346  0.000000000000000E+000  0.000000000000000E+000
         347  0.000000000000000E+000  0.000000000000000E+000
         348  0.000000000000000E+000  0.000000000000000E+000
         349  0.000000000000000E+000  0.000000000000000E+000
         350  0.000000000000000E+000  0.000000000000000E+000
         351  0.000000000000000E+000  0.000000000000000E+000
         352  0.000000000000000E+000  0.000000000000000E+000
         353  0.000000000000000E+000  0.000000000000000E+000
         354  0.000000000000000E+000  0.000000000000000E+000
         355  0.000000000000000E+000  0.000000000000000E+000
         356  0.000000000000000E+000  0.000000000000000E+000
         357  0.000000000000000E+000  0.000000000000000E+000
         358  0.000000000000000E+000  0.000000000000000E+000
         359  0.000000000000000E+000  0.000000000000000E+000
         360  0.000000000000000E+000  0.000000000000000E+000
         361  0.000000000000000E+000  0.000000000000000E+000
         362  0.000000000000000E+000  0.000000000000000E+000
         363  0.000000000000000E+000  0.000000000000000E+000
         364  0.000000000000000E+000  0.000000000000000E+000
         365  0.000000000000000E+000  0.000000000000000E+000
         366  0.000000000000000E+000  0.000000000000000E+000
         367  0.000000000000000E+000  0.000000000000000E+000
         368  0.000000000000000E+000  0.000000000000000E+000
         369  0.000000000000000E+000  0.000000000000000E+000
         370  0.000000000000000E+000  0.000000000000000E+000
         371  0.000000000000000E+000  0.000000000000000E+000
         372  0.000000000000000E+000  0.000000000000000E+000
         373  0.000000000000000E+000  0.000000000000000E+000
         374  0.000000000000000E+000  0.000000000000000E+000
         375  0.000000000000000E+000  0.000000000000000E+000
         376  0.000000000000000E+000  0.000000000000000E+000
         377  0.000000000000000E+000  0.000000000000000E+000
         378  0.000000000000000E+000  0.000000000000000E+000
         379  0.000000000000000E+000  0.000000000000000E+000
         380  0.000000000000000E+000  0.000000000000000E+000
         381  0.000000000000000E+000  0.000000000000000E+000
         382  0.000000000000000E+000  0.000000000000000E+000
         383  0.000000000000000E+000  0.000000000000000E+000
         384  0.000000000000000E+000  0.000000000000000E+000
         385  0.000000000000000E+000  0.000000000000000E+000
         386  0.000000000000000E+000  0.000000000000000E+000
         387  0.000000000000000E+000  0.000000000000000E+000
         388  0.000000000000000E+000  0.000000000000000E+000
         389  0.000000000000000E+000  0.000000000000000E+000
         390  0.000000000000000E+000  0.000000000000000E+000
         391  0.000000000000000E+000  0.000000000000000E+000
         392  0.000000000000000E+000  0.000000000000000E+000
         393  0.000000000000000E+000  0.000000000000000E+000
         394  0.000000000000000E+000  0.000000000000000E+000
         395  0.000000000000000E+000  0.000000000000000E+000
         396  0.000000000000000E+000  0.000000000000000E+000
         397  0.000000000000000E+000  0.000000000000000E+000
         398  0.000000000000000E+000  0.000000000000000E+000
         399  0.000000000000000E+000  0.000000000000000E+000
         400  0.000000000000000E+000  0.000000000000000E+000
         401  0.000000000000000E+000  0.000000000000000E+000
         402  0.000000000000000E+000  0.000000000000000E+000
         403  0.000000000000000E+000  0.000000000000000E+000
         404  0.000000000000000E+000  0.000000000000000E+000
         405  0.000000000000000E+000  0.000000000000000E+000
         406  0.000000000000000E+000  0.000000000000000E+000
         407  0.000000000000000E+000  0.000000000000000E+000
         408  0.000000000000000E+000  0.000000000000000E+000
         409  0.000000000000000E+000  0.000000000000000E+000
         410  0.000000000000000E+000  0.000000000000000E+000
         411  0.000000000000000E+000  0.000000000000000E+000
         412  0.000000000000000E+000  0.000000000000000E+000
         413  0.000000000000000E+000  0.000000000000000E+000
         414  0.000000000000000E+000  0.000000000000000E+000
         415  0.000000000000000E+000  0.000000000000000E+000
         416  0.000000000000000E+000  0.000000000000000E+000
         417  0.000000000000000E+000  0.000000000000000E+000
         418  0.000000000000000E+000  0.000000000000000E+000
         419  0.000000000000000E+000  0.000000000000000E+000
         420  0.000000000000000E+000  0.000000000000000E+000
         421  0.000000000000000E+000  0.000000000000000E+000
         422  0.000000000000000E+000  0.000000000000000E+000
         423  0.000000000000000E+000  0.000000000000000E+000
         424  0.000000000000000E+000  0.000000000000000E+000
         425  0.000000000000000E+000  0.000000000000000E+000
         426  0.000000000000000E+000  0.000000000000000E+000
         427  0.000000000000000E+000  0.000000000000000E+000
         428  0.000000000000000E+000  0.000000000000000E+000
         429  0.000000000000000E+000  0.000000000000000E+000
         430  0.000000000000000E+000  0.000000000000000E+000
         431  0.000000000000000E+000  0.000000000000000E+000
         432  0.000000000000000E+000  0.000000000000000E+000
         433  0.000000000000000E+000  0.000000000000000E+000
         434  0.000000000000000E+000  0.000000000000000E+000
         435  0.000000000000000E+000  0.000000000000000E+000
         436  0.000000000000000E+000  0.000000000000000E+000
         437  0.000000000000000E+000  0.000000000000000E+000
         438  0.000000000000000E+000  0.000000000000000E+000
         439  0.000000000000000E+000  0.000000000000000E+000
         440  0.000000000000000E+000  0.000000000000000E+000
         441  0.000000000000000E+000  0.000000000000000E+000
         442  0.000000000000000E+000  0.000000000000000E+000
         443  0.000000000000000E+000  0.000000000000000E+000
         444  0.000000000000000E+000  0.000000000000000E+000
