           0  0.000000000000000E+000  0.000000000000000E+000
           1  0.786746538623850        1.03516979875492     
           2  0.564865130029416        2.78691648561021     
           3  0.211202177566637        2.02303004756154     
           4  0.194102964444636        3.12645958608243     
           5  0.140977889839067        3.59265296910312     
           6  0.105150228169620        3.87992853772727     
           7  7.628765645669916E-002   3.78649168114533     
           8  5.997785640408576E-002   3.82072707655710     
           9  6.104256746961621E-002   4.98723504352014     
          10  4.843012216576278E-002   4.90571965626313     
          11  3.977230900437924E-002   4.84464552883326     
          12  3.739234088231809E-002   5.38688232334953     
          13  3.390288732424009E-002   5.75299815926056     
          14  3.173395546309944E-002   6.24979847176643     
          15  2.379691713959142E-002   5.35628065357660     
          16  2.453436890237146E-002   6.27542333831092     
          17  2.202860373545805E-002   6.37411902990697     
          18  1.936755431306779E-002   6.29744640001343     
          19  1.805761730255955E-002   6.53114081510259     
          20  1.678686768805571E-002   6.71750928547174     
          21  1.508185533443061E-002   6.65979272007335     
          22  1.300029368986134E-002   6.30481935807943     
          23  1.229791062261042E-002   6.51141906355245     
          24  1.182150814130264E-002   6.80953570545112     
          25  1.086202225469789E-002   6.78743240806762     
          26  9.903202493520002E-003   6.70194973461454     
          27  8.849532236799740E-003   6.45940592404835     
          28  8.738505201493734E-003   6.86140005832587     
          29  7.881665597625860E-003   6.63669178661183     
          30  7.211785986796050E-003   6.49719864670693     
          31  6.765959322124508E-003   6.50627341137374     
          32  6.175799769051430E-003   6.32286686370805     
          33  6.009316501691584E-003   6.54556877626204     
          34  5.460589312756819E-003   6.31627677480083     
          35  5.055713540997325E-003   6.19656569957237     
          36  4.720334484615617E-003   6.12086409732746     
          37  4.394570953031356E-003   6.01903104091480     
          38  4.166326070284883E-003   6.01910193256832     
          39  3.771576577355989E-003   5.73890511130206     
          40  3.536296867888976E-003   5.65833059034839     
          41  3.408175051552282E-003   5.73035904266256     
          42  3.059074132997535E-003   5.39875457035899     
          43  2.901487835365843E-003   5.36740716611060     
          44  2.664261456941556E-003   5.16038611740291     
          45  2.553048752409472E-003   5.17223446817864     
          46  2.275276361505926E-003   4.81772171414192     
          47  2.215672117151421E-003   4.89411396964700     
          48  2.063173688673256E-003   4.75220712872667     
          49  1.925141600500059E-003   4.62276653468630     
          50  1.806554153805347E-003   4.51769957481469     
          51  1.632830537294521E-003   4.24821530326992     
          52  1.585479930909531E-003   4.28816574689180     
          53  1.479740515013988E-003   4.15857357466508     
          54  1.363170231069331E-003   3.97612868741370     
          55  1.272845784458240E-003   3.85062491400716     
          56  1.187565973806754E-003   3.72366088699191     
          57  1.116397836171089E-003   3.62711198506578     
          58  1.037623578005752E-003   3.49163374577860     
          59  9.728925637960294E-004   3.38638091901974     
          60  9.275107555522190E-004   3.33929652174890     
          61  8.498954191950325E-004   3.16288250295333     
          62  8.038918246500795E-004   3.09097145544558     
          63  7.324718921998352E-004   2.90678279610931     
          64  6.990660696232418E-004   2.86211146295025     
          65  6.655483885319855E-004   2.81210882239158     
          66  6.009223855633103E-004   2.61804011009100     
          67  5.749600167856016E-004   2.58153552482734     
          68  5.305102447329263E-004   2.45333930971303     
          69  5.067601778129513E-004   2.41302330957671     
          70  4.686353658561085E-004   2.29700311642465     
          71  4.376967421461443E-004   2.20672768293339     
          72  4.147628069553864E-004   2.14989173886511     
          73  3.856428088355301E-004   2.05499436909488     
          74  3.611748031200435E-004   1.97815264519959     
          75  3.299594824277762E-004   1.85629636385482     
          76  3.159726196658332E-004   1.82512005291994     
          77  2.945299380435799E-004   1.74654966611651     
          78  2.691759971391028E-004   1.63766524857304     
          79  2.564765468000243E-004   1.60055174805206     
          80  2.380832202625074E-004   1.52359200566064     
          81  2.265032758311306E-004   1.48606585999060     
          82  2.105388674203329E-004   1.41567675514424     
          83  1.964251188495043E-004   1.35327141358169     
          84  1.823451763902585E-004   1.28664445758672     
          85  1.730507782673385E-004   1.25028012158637     
          86  1.607073354556703E-004   1.18868473204914     
          87  1.498487509363466E-004   1.13430149242257     
          88  1.408101942443688E-004   1.09044366004320     
          89  1.313457682001511E-004   1.04029511564472     
          90  1.241646419992885E-004   1.00583998937176     
          91  1.152246496740176E-004  0.954309004741406     
          92  1.073836182280042E-004  0.909015267439619     
          93  1.007723055966623E-004  0.871688909968558     
          94  9.413988968774100E-005  0.831818894611691     
          95  8.753065792691295E-005  0.789868406664925     
          96  8.258671199502266E-005  0.760973319013593     
          97  7.743920957331556E-005  0.728505655911478     
          98  7.292882730972269E-005  0.700448110837011     
          99  6.681337962601340E-005  0.654890974714421     
         100  6.384520250393527E-005  0.638448064643216     
         101  5.929584760941140E-005  0.604866930082733     
         102  5.568673616753776E-005  0.579370133981594     
         103  5.177142885600595E-005  0.549297586547119     
         104  4.748889260423563E-005  0.513624592630974     
         105  4.580169420006452E-005  0.504960567133849     
         106  4.199716550520263E-005  0.471894063077407     
         107  3.922514014739247E-005  0.449109263956889     
         108  3.699026334192084E-005  0.431440614838639     
         109  3.507459720323232E-005  0.416735624699799     
         110  3.236214297997606E-005  0.391620246987191     
         111  2.994152014281878E-005  0.368891834361416     
         112  2.836426998361392E-005  0.355776971287053     
         113  2.642517684523332E-005  0.337413853666098     
         114  2.477675607772848E-005  0.322004465755556     
         115  2.285914031657860E-005  0.302311144552459     
         116  2.147483381338252E-005  0.288952668851820     
         117  2.026830798877889E-005  0.277460587038905     
         118  1.869439075321063E-005  0.260315513528798     
         119  1.737896651177490E-005  0.246090401251430     
         120  1.646475737901385E-005  0.237069685027561     
         121  1.526986928655082E-005  0.223560975168029     
         122  1.443042180253009E-005  0.214786032455401     
         123  1.345770482285188E-005  0.203603675590280     
         124  1.253673946218820E-005  0.192758670275106     
         125  1.175350925914174E-005  0.183653484438672     
         126  1.087566161174627E-005  0.172673289130577     
         127  1.023836550664679E-005  0.165130340950658     
         128  9.556608696584864E-006  0.156561942123666     
         129  8.999615825395572E-006  0.149758008351383     
         130  8.383913160944852E-006  0.141690548842329     
         131  7.755727509993089E-006  0.133094235179222     
         132  7.366802002821425E-006  0.128355309754936     
         133  6.771965382889368E-006  0.119795045473123     
         134  6.413959726692400E-006  0.115167911496398     
         135  5.936596839924507E-006  0.108189509263399     
         136  5.594807484219450E-006  0.103474865126932     
         137  5.276323794945188E-006  9.903327226334141E-002
         138  4.892051569719389E-006  9.316851533072096E-002
         139  4.542699938167493E-006  8.776919936397730E-002
         140  4.264200244814288E-006  8.357423082068097E-002
         141  4.042396553898736E-006  8.036395554902344E-002
         142  3.793602719598714E-006  7.649189603682656E-002
         143  3.497321989591839E-006  7.151531945967601E-002
         144  3.305887385457444E-006  6.854369369376616E-002
         145  3.120555606965275E-006  6.560310361674335E-002
         146  2.921026757884142E-006  6.226195127403510E-002
         147  2.729782131410860E-006  5.898697486944079E-002
         148  2.584176081360526E-006  5.660241405229668E-002
         149  2.428284238538003E-006  5.391208304583500E-002
         150  2.287679372290989E-006  5.147464971915958E-002
         151  2.126278707546905E-006  4.848247806543909E-002
         152  2.023441496129042E-006  4.674832815168635E-002
         153  1.917392238971513E-006  4.488433459598871E-002
         154  1.812006756452618E-006  4.297439919219495E-002
         155  1.701831075144450E-006  4.088720972407312E-002
         156  1.619718638966231E-006  3.941658088575090E-002
         157  1.536227304530662E-006  3.786644604191266E-002
         158  1.463021566172531E-006  3.652304622349164E-002
         159  1.387016644108177E-006  3.506330479599557E-002
         160  1.335040071817753E-006  3.417503303032037E-002
         161  1.282752717107519E-006  3.325048132948070E-002
         162  1.215735963618330E-006  3.190717078433682E-002
         163  1.180434536596246E-006  3.136401567759609E-002
         164  1.136029248166817E-006  3.055497200951677E-002
         165  1.118791810933011E-006  3.045968262917692E-002
         166  1.069882356599351E-006  2.948190121595006E-002
         167  1.060632156823674E-006  2.957983209585165E-002
         168  1.049098300984134E-006  2.961022389351749E-002
         169  1.057412346402003E-006  3.020168733115697E-002
         170  1.098242962471232E-006  3.174287696849595E-002
         171  1.785880621806924E-007  5.196883852583199E-003
         172  0.000000000000000E+000  0.000000000000000E+000
         173  0.000000000000000E+000  0.000000000000000E+000
         174  0.000000000000000E+000  0.000000000000000E+000
         175  0.000000000000000E+000  0.000000000000000E+000
         176  0.000000000000000E+000  0.000000000000000E+000
         177  0.000000000000000E+000  0.000000000000000E+000
         178  0.000000000000000E+000  0.000000000000000E+000
         179  0.000000000000000E+000  0.000000000000000E+000
         180  0.000000000000000E+000  0.000000000000000E+000
         181  0.000000000000000E+000  0.000000000000000E+000
         182  0.000000000000000E+000  0.000000000000000E+000
         183  0.000000000000000E+000  0.000000000000000E+000
         184  0.000000000000000E+000  0.000000000000000E+000
         185  0.000000000000000E+000  0.000000000000000E+000
         186  0.000000000000000E+000  0.000000000000000E+000
         187  0.000000000000000E+000  0.000000000000000E+000
         188  0.000000000000000E+000  0.000000000000000E+000
         189  0.000000000000000E+000  0.000000000000000E+000
         190  0.000000000000000E+000  0.000000000000000E+000
         191  0.000000000000000E+000  0.000000000000000E+000
         192  0.000000000000000E+000  0.000000000000000E+000
         193  0.000000000000000E+000  0.000000000000000E+000
         194  0.000000000000000E+000  0.000000000000000E+000
         195  0.000000000000000E+000  0.000000000000000E+000
         196  0.000000000000000E+000  0.000000000000000E+000
         197  0.000000000000000E+000  0.000000000000000E+000
         198  0.000000000000000E+000  0.000000000000000E+000
         199  0.000000000000000E+000  0.000000000000000E+000
         200  0.000000000000000E+000  0.000000000000000E+000
         201  0.000000000000000E+000  0.000000000000000E+000
         202  0.000000000000000E+000  0.000000000000000E+000
         203  0.000000000000000E+000  0.000000000000000E+000
         204  0.000000000000000E+000  0.000000000000000E+000
         205  0.000000000000000E+000  0.000000000000000E+000
         206  0.000000000000000E+000  0.000000000000000E+000
         207  0.000000000000000E+000  0.000000000000000E+000
         208  0.000000000000000E+000  0.000000000000000E+000
         209  0.000000000000000E+000  0.000000000000000E+000
         210  0.000000000000000E+000  0.000000000000000E+000
         211  0.000000000000000E+000  0.000000000000000E+000
         212  0.000000000000000E+000  0.000000000000000E+000
         213  0.000000000000000E+000  0.000000000000000E+000
         214  0.000000000000000E+000  0.000000000000000E+000
         215  0.000000000000000E+000  0.000000000000000E+000
         216  0.000000000000000E+000  0.000000000000000E+000
         217  0.000000000000000E+000  0.000000000000000E+000
         218  0.000000000000000E+000  0.000000000000000E+000
         219  0.000000000000000E+000  0.000000000000000E+000
         220  0.000000000000000E+000  0.000000000000000E+000
         221  0.000000000000000E+000  0.000000000000000E+000
         222  0.000000000000000E+000  0.000000000000000E+000
         223  0.000000000000000E+000  0.000000000000000E+000
         224  0.000000000000000E+000  0.000000000000000E+000
         225  0.000000000000000E+000  0.000000000000000E+000
         226  0.000000000000000E+000  0.000000000000000E+000
         227  0.000000000000000E+000  0.000000000000000E+000
         228  0.000000000000000E+000  0.000000000000000E+000
         229  0.000000000000000E+000  0.000000000000000E+000
         230  0.000000000000000E+000  0.000000000000000E+000
         231  0.000000000000000E+000  0.000000000000000E+000
         232  0.000000000000000E+000  0.000000000000000E+000
         233  0.000000000000000E+000  0.000000000000000E+000
         234  0.000000000000000E+000  0.000000000000000E+000
         235  0.000000000000000E+000  0.000000000000000E+000
         236  0.000000000000000E+000  0.000000000000000E+000
         237  0.000000000000000E+000  0.000000000000000E+000
         238  0.000000000000000E+000  0.000000000000000E+000
         239  0.000000000000000E+000  0.000000000000000E+000
         240  0.000000000000000E+000  0.000000000000000E+000
         241  0.000000000000000E+000  0.000000000000000E+000
         242  0.000000000000000E+000  0.000000000000000E+000
         243  0.000000000000000E+000  0.000000000000000E+000
         244  0.000000000000000E+000  0.000000000000000E+000
         245  0.000000000000000E+000  0.000000000000000E+000
         246  0.000000000000000E+000  0.000000000000000E+000
         247  0.000000000000000E+000  0.000000000000000E+000
         248  0.000000000000000E+000  0.000000000000000E+000
         249  0.000000000000000E+000  0.000000000000000E+000
         250  0.000000000000000E+000  0.000000000000000E+000
         251  0.000000000000000E+000  0.000000000000000E+000
         252  0.000000000000000E+000  0.000000000000000E+000
         253  0.000000000000000E+000  0.000000000000000E+000
         254  0.000000000000000E+000  0.000000000000000E+000
         255  0.000000000000000E+000  0.000000000000000E+000
         256  0.000000000000000E+000  0.000000000000000E+000
         257  0.000000000000000E+000  0.000000000000000E+000
         258  0.000000000000000E+000  0.000000000000000E+000
         259  0.000000000000000E+000  0.000000000000000E+000
         260  0.000000000000000E+000  0.000000000000000E+000
         261  0.000000000000000E+000  0.000000000000000E+000
         262  0.000000000000000E+000  0.000000000000000E+000
         263  0.000000000000000E+000  0.000000000000000E+000
         264  0.000000000000000E+000  0.000000000000000E+000
         265  0.000000000000000E+000  0.000000000000000E+000
         266  0.000000000000000E+000  0.000000000000000E+000
         267  0.000000000000000E+000  0.000000000000000E+000
         268  0.000000000000000E+000  0.000000000000000E+000
         269  0.000000000000000E+000  0.000000000000000E+000
         270  0.000000000000000E+000  0.000000000000000E+000
         271  0.000000000000000E+000  0.000000000000000E+000
         272  0.000000000000000E+000  0.000000000000000E+000
         273  0.000000000000000E+000  0.000000000000000E+000
         274  0.000000000000000E+000  0.000000000000000E+000
         275  0.000000000000000E+000  0.000000000000000E+000
         276  0.000000000000000E+000  0.000000000000000E+000
         277  0.000000000000000E+000  0.000000000000000E+000
         278  0.000000000000000E+000  0.000000000000000E+000
         279  0.000000000000000E+000  0.000000000000000E+000
         280  0.000000000000000E+000  0.000000000000000E+000
         281  0.000000000000000E+000  0.000000000000000E+000
         282  0.000000000000000E+000  0.000000000000000E+000
         283  0.000000000000000E+000  0.000000000000000E+000
         284  0.000000000000000E+000  0.000000000000000E+000
         285  0.000000000000000E+000  0.000000000000000E+000
         286  0.000000000000000E+000  0.000000000000000E+000
         287  0.000000000000000E+000  0.000000000000000E+000
         288  0.000000000000000E+000  0.000000000000000E+000
         289  0.000000000000000E+000  0.000000000000000E+000
         290  0.000000000000000E+000  0.000000000000000E+000
         291  0.000000000000000E+000  0.000000000000000E+000
         292  0.000000000000000E+000  0.000000000000000E+000
         293  0.000000000000000E+000  0.000000000000000E+000
         294  0.000000000000000E+000  0.000000000000000E+000
         295  0.000000000000000E+000  0.000000000000000E+000
         296  0.000000000000000E+000  0.000000000000000E+000
         297  0.000000000000000E+000  0.000000000000000E+000
         298  0.000000000000000E+000  0.000000000000000E+000
         299  0.000000000000000E+000  0.000000000000000E+000
         300  0.000000000000000E+000  0.000000000000000E+000
         301  0.000000000000000E+000  0.000000000000000E+000
         302  0.000000000000000E+000  0.000000000000000E+000
         303  0.000000000000000E+000  0.000000000000000E+000
         304  0.000000000000000E+000  0.000000000000000E+000
         305  0.000000000000000E+000  0.000000000000000E+000
         306  0.000000000000000E+000  0.000000000000000E+000
         307  0.000000000000000E+000  0.000000000000000E+000
         308  0.000000000000000E+000  0.000000000000000E+000
         309  0.000000000000000E+000  0.000000000000000E+000
         310  0.000000000000000E+000  0.000000000000000E+000
         311  0.000000000000000E+000  0.000000000000000E+000
         312  0.000000000000000E+000  0.000000000000000E+000
         313  0.000000000000000E+000  0.000000000000000E+000
         314  0.000000000000000E+000  0.000000000000000E+000
         315  0.000000000000000E+000  0.000000000000000E+000
         316  0.000000000000000E+000  0.000000000000000E+000
         317  0.000000000000000E+000  0.000000000000000E+000
         318  0.000000000000000E+000  0.000000000000000E+000
         319  0.000000000000000E+000  0.000000000000000E+000
         320  0.000000000000000E+000  0.000000000000000E+000
         321  0.000000000000000E+000  0.000000000000000E+000
         322  0.000000000000000E+000  0.000000000000000E+000
         323  0.000000000000000E+000  0.000000000000000E+000
         324  0.000000000000000E+000  0.000000000000000E+000
         325  0.000000000000000E+000  0.000000000000000E+000
         326  0.000000000000000E+000  0.000000000000000E+000
         327  0.000000000000000E+000  0.000000000000000E+000
         328  0.000000000000000E+000  0.000000000000000E+000
         329  0.000000000000000E+000  0.000000000000000E+000
         330  0.000000000000000E+000  0.000000000000000E+000
         331  0.000000000000000E+000  0.000000000000000E+000
         332  0.000000000000000E+000  0.000000000000000E+000
         333  0.000000000000000E+000  0.000000000000000E+000
         334  0.000000000000000E+000  0.000000000000000E+000
         335  0.000000000000000E+000  0.000000000000000E+000
         336  0.000000000000000E+000  0.000000000000000E+000
         337  0.000000000000000E+000  0.000000000000000E+000
         338  0.000000000000000E+000  0.000000000000000E+000
         339  0.000000000000000E+000  0.000000000000000E+000
         340  0.000000000000000E+000  0.000000000000000E+000
         341  0.000000000000000E+000  0.000000000000000E+000
         342  0.000000000000000E+000  0.000000000000000E+000
         343  0.000000000000000E+000  0.000000000000000E+000
         344  0.000000000000000E+000  0.000000000000000E+000
         345  0.000000000000000E+000  0.000000000000000E+000
         346  0.000000000000000E+000  0.000000000000000E+000
         347  0.000000000000000E+000  0.000000000000000E+000
         348  0.000000000000000E+000  0.000000000000000E+000
         349  0.000000000000000E+000  0.000000000000000E+000
         350  0.000000000000000E+000  0.000000000000000E+000
         351  0.000000000000000E+000  0.000000000000000E+000
         352  0.000000000000000E+000  0.000000000000000E+000
         353  0.000000000000000E+000  0.000000000000000E+000
         354  0.000000000000000E+000  0.000000000000000E+000
         355  0.000000000000000E+000  0.000000000000000E+000
         356  0.000000000000000E+000  0.000000000000000E+000
         357  0.000000000000000E+000  0.000000000000000E+000
         358  0.000000000000000E+000  0.000000000000000E+000
         359  0.000000000000000E+000  0.000000000000000E+000
         360  0.000000000000000E+000  0.000000000000000E+000
         361  0.000000000000000E+000  0.000000000000000E+000
         362  0.000000000000000E+000  0.000000000000000E+000
         363  0.000000000000000E+000  0.000000000000000E+000
         364  0.000000000000000E+000  0.000000000000000E+000
         365  0.000000000000000E+000  0.000000000000000E+000
         366  0.000000000000000E+000  0.000000000000000E+000
         367  0.000000000000000E+000  0.000000000000000E+000
         368  0.000000000000000E+000  0.000000000000000E+000
         369  0.000000000000000E+000  0.000000000000000E+000
         370  0.000000000000000E+000  0.000000000000000E+000
         371  0.000000000000000E+000  0.000000000000000E+000
         372  0.000000000000000E+000  0.000000000000000E+000
         373  0.000000000000000E+000  0.000000000000000E+000
         374  0.000000000000000E+000  0.000000000000000E+000
         375  0.000000000000000E+000  0.000000000000000E+000
         376  0.000000000000000E+000  0.000000000000000E+000
         377  0.000000000000000E+000  0.000000000000000E+000
         378  0.000000000000000E+000  0.000000000000000E+000
         379  0.000000000000000E+000  0.000000000000000E+000
         380  0.000000000000000E+000  0.000000000000000E+000
         381  0.000000000000000E+000  0.000000000000000E+000
         382  0.000000000000000E+000  0.000000000000000E+000
         383  0.000000000000000E+000  0.000000000000000E+000
         384  0.000000000000000E+000  0.000000000000000E+000
         385  0.000000000000000E+000  0.000000000000000E+000
         386  0.000000000000000E+000  0.000000000000000E+000
         387  0.000000000000000E+000  0.000000000000000E+000
         388  0.000000000000000E+000  0.000000000000000E+000
         389  0.000000000000000E+000  0.000000000000000E+000
         390  0.000000000000000E+000  0.000000000000000E+000
         391  0.000000000000000E+000  0.000000000000000E+000
         392  0.000000000000000E+000  0.000000000000000E+000
         393  0.000000000000000E+000  0.000000000000000E+000
         394  0.000000000000000E+000  0.000000000000000E+000
         395  0.000000000000000E+000  0.000000000000000E+000
         396  0.000000000000000E+000  0.000000000000000E+000
         397  0.000000000000000E+000  0.000000000000000E+000
         398  0.000000000000000E+000  0.000000000000000E+000
         399  0.000000000000000E+000  0.000000000000000E+000
         400  0.000000000000000E+000  0.000000000000000E+000
         401  0.000000000000000E+000  0.000000000000000E+000
         402  0.000000000000000E+000  0.000000000000000E+000
         403  0.000000000000000E+000  0.000000000000000E+000
         404  0.000000000000000E+000  0.000000000000000E+000
         405  0.000000000000000E+000  0.000000000000000E+000
         406  0.000000000000000E+000  0.000000000000000E+000
         407  0.000000000000000E+000  0.000000000000000E+000
         408  0.000000000000000E+000  0.000000000000000E+000
         409  0.000000000000000E+000  0.000000000000000E+000
         410  0.000000000000000E+000  0.000000000000000E+000
         411  0.000000000000000E+000  0.000000000000000E+000
         412  0.000000000000000E+000  0.000000000000000E+000
         413  0.000000000000000E+000  0.000000000000000E+000
         414  0.000000000000000E+000  0.000000000000000E+000
         415  0.000000000000000E+000  0.000000000000000E+000
         416  0.000000000000000E+000  0.000000000000000E+000
         417  0.000000000000000E+000  0.000000000000000E+000
         418  0.000000000000000E+000  0.000000000000000E+000
         419  0.000000000000000E+000  0.000000000000000E+000
         420  0.000000000000000E+000  0.000000000000000E+000
         421  0.000000000000000E+000  0.000000000000000E+000
         422  0.000000000000000E+000  0.000000000000000E+000
         423  0.000000000000000E+000  0.000000000000000E+000
         424  0.000000000000000E+000  0.000000000000000E+000
         425  0.000000000000000E+000  0.000000000000000E+000
         426  0.000000000000000E+000  0.000000000000000E+000
         427  0.000000000000000E+000  0.000000000000000E+000
         428  0.000000000000000E+000  0.000000000000000E+000
         429  0.000000000000000E+000  0.000000000000000E+000
         430  0.000000000000000E+000  0.000000000000000E+000
         431  0.000000000000000E+000  0.000000000000000E+000
         432  0.000000000000000E+000  0.000000000000000E+000
         433  0.000000000000000E+000  0.000000000000000E+000
         434  0.000000000000000E+000  0.000000000000000E+000
         435  0.000000000000000E+000  0.000000000000000E+000
         436  0.000000000000000E+000  0.000000000000000E+000
         437  0.000000000000000E+000  0.000000000000000E+000
         438  0.000000000000000E+000  0.000000000000000E+000
         439  0.000000000000000E+000  0.000000000000000E+000
         440  0.000000000000000E+000  0.000000000000000E+000
         441  0.000000000000000E+000  0.000000000000000E+000
         442  0.000000000000000E+000  0.000000000000000E+000
         443  0.000000000000000E+000  0.000000000000000E+000
         444  0.000000000000000E+000  0.000000000000000E+000
