           0  0.000000000000000E+000  0.000000000000000E+000
           1  0.713579357491945        1.06374013815235     
           2  0.676117901235106        3.15168005485601     
           3  0.215658838654793        2.06453809744505     
           4  0.177712183382215        2.86058912701288     
           5  0.157204950535594        4.02404239049549     
           6  0.104656046038320        3.84429585500195     
           7  7.890931056900642E-002   3.92543649347044     
           8  5.923735365174387E-002   3.78788408966717     
           9  5.948006859156857E-002   4.85430507638152     
          10  4.587987941551548E-002   4.65821423089286     
          11  3.967983284916302E-002   4.84414472730085     
          12  3.739287453364065E-002   5.38345642951144     
          13  3.571111444155069E-002   6.06686533355522     
          14  3.065657243836470E-002   6.04260277646213     
          15  2.391377379955596E-002   5.39813153760083     
          16  2.517640439722445E-002   6.43052917276019     
          17  2.192586633227689E-002   6.34126969046313     
          18  2.043903731369048E-002   6.64858507034531     
          19  1.706730724642614E-002   6.17522722589035     
          20  1.655694305951602E-002   6.63125382224149     
          21  1.554963669934666E-002   6.86699435725330     
          22  1.357881320071394E-002   6.58539261986381     
          23  1.250120908523652E-002   6.61811935875693     
          24  1.165732932905931E-002   6.71145521965564     
          25  1.103875228441653E-002   6.90508260337305     
          26  9.789210842974001E-003   6.62248552542542     
          27  9.007464869623439E-003   6.57658146278151     
          28  8.828307800619335E-003   6.92903062371262     
          29  7.884579970516187E-003   6.63886439807398     
          30  7.339319460169523E-003   6.61302111450875     
          31  6.663247918432508E-003   6.40529055328145     
          32  6.178939923279180E-003   6.32722367149739     
          33  5.869593437345695E-003   6.39382398720834     
          34  5.482158521030889E-003   6.34091847317799     
          35  5.007937872891712E-003   6.13779407904993     
          36  4.717110468909613E-003   6.11496038319079     
          37  4.360769052151642E-003   5.97399590382297     
          38  4.084449511207452E-003   5.90279268288576     
          39  3.748113975792079E-003   5.70249209078612     
          40  3.561297586623492E-003   5.69863137766507     
          41  3.353372883573454E-003   5.63839700341260     
          42  3.101671622776114E-003   5.47354664906303     
          43  2.943159703407096E-003   5.44367200906645     
          44  2.674670712394855E-003   5.18110426524931     
          45  2.563048111354274E-003   5.19293384485029     
          46  2.278519271189784E-003   4.82397870120225     
          47  2.195635741469576E-003   4.85016568172914     
          48  2.058867598280592E-003   4.74188041432299     
          49  1.918784414551402E-003   4.60725438798747     
          50  1.789279161699972E-003   4.47516601483536     
          51  1.638887528423953E-003   4.26367618648136     
          52  1.585480429793719E-003   4.28836201176467     
          53  1.487697710894623E-003   4.18097903361821     
          54  1.340314946583442E-003   3.90952110417627     
          55  1.291470523860329E-003   3.90665801532014     
          56  1.175015906609799E-003   3.68398824980460     
          57  1.118901944066697E-003   3.63555753414046     
          58  1.054218453578795E-003   3.54723509979860     
          59  9.774106951441911E-004   3.40216663584148     
          60  9.324645348493000E-004   3.35716118524053     
          61  8.508583159851939E-004   3.16645639675129     
          62  7.968746720107281E-004   3.06412450339998     
          63  7.325553893497637E-004   2.90724748126652     
          64  6.983721471650053E-004   2.85971455676726     
          65  6.590466201675097E-004   2.78471153155938     
          66  6.019096893913849E-004   2.62245963799719     
          67  5.709683194988715E-004   2.56346202709372     
          68  5.307684721089634E-004   2.45443819810135     
          69  5.037787107611673E-004   2.39891051160157     
          70  4.638910320435364E-004   2.27386514461611     
          71  4.314065400037883E-004   2.17484566640069     
          72  4.121332789287898E-004   2.13628325106488     
          73  3.840401848127827E-004   2.04634871518154     
          74  3.632173247481203E-004   1.98926399957949     
          75  3.302806805210672E-004   1.85802991174676     
          76  3.170465183903305E-004   1.83124841794813     
          77  2.926138333885407E-004   1.73515823612023     
          78  2.709821168896216E-004   1.64878608352018     
          79  2.569006787444154E-004   1.60319962210697     
          80  2.405340378818421E-004   1.53925216222984     
          81  2.294978770347642E-004   1.50574547085346     
          82  2.098868481444237E-004   1.41123809309707     
          83  1.974838968619960E-004   1.36053290459149     
          84  1.821243135398862E-004   1.28505516490605     
          85  1.734869747566286E-004   1.25341411956191     
          86  1.617902646416938E-004   1.19671102983942     
          87  1.500530870851234E-004   1.13579393944013     
          88  1.412191696289981E-004   1.09354777881614     
          89  1.313700736411526E-004   1.04053313014939     
          90  1.247226513688294E-004   1.01030571827919     
          91  1.158917920704291E-004  0.959820612588713     
          92  1.083770099614301E-004  0.917376138461138     
          93  1.007662538947908E-004  0.871591471922246     
          94  9.334282700667030E-005  0.824763609226303     
          95  8.811270675751887E-005  0.795154067693866     
          96  8.313664157915925E-005  0.766034567585520     
          97  7.800100741645883E-005  0.733787850194348     
          98  7.342387351269914E-005  0.705204226399640     
          99  6.727936712247805E-005  0.659458209247858     
         100  6.359685611865427E-005  0.635963247155650     
         101  5.915199716884340E-005  0.603433844791110     
         102  5.567310519359333E-005  0.579249406924347     
         103  5.205215260140686E-005  0.552257638822854     
         104  4.735700991674307E-005  0.512167826066401     
         105  4.620279386682916E-005  0.509360812045134     
         106  4.206008740773996E-005  0.472595061886511     
         107  3.922523920586452E-005  0.449099205692563     
         108  3.684832324400326E-005  0.429790719113625     
         109  3.489622570810309E-005  0.414604006911276     
         110  3.250945981318827E-005  0.393404802831799     
         111  2.998409048035695E-005  0.369414550641866     
         112  2.833168244364665E-005  0.355365812046422     
         113  2.640514858008597E-005  0.337158131254988     
         114  2.484405253881966E-005  0.322872693403378     
         115  2.276360186099571E-005  0.301050482192829     
         116  2.142662062754630E-005  0.288309300793009     
         117  2.023514337137376E-005  0.277004036284806     
         118  1.871354124347633E-005  0.260581392519894     
         119  1.742142438894227E-005  0.246690956359809     
         120  1.645463744261688E-005  0.236930760356225     
         121  1.521952518746770E-005  0.222816078712806     
         122  1.440365642044138E-005  0.214382443647218     
         123  1.347459825172828E-005  0.203861239813531     
         124  1.248684378153182E-005  0.191989277939449     
         125  1.179050069967912E-005  0.184228670680390     
         126  1.088533483899980E-005  0.172828175468258     
         127  1.018628441498806E-005  0.164288239153817     
         128  9.476337654160032E-006  0.155243747623165     
         129  9.014584248122020E-006  0.150005761360499     
         130  8.331575409569310E-006  0.140809223182005     
         131  7.752022235068283E-006  0.133030448100497     
         132  7.410443461268180E-006  0.129116328518280     
         133  6.771091108871604E-006  0.119779101886992     
         134  6.422935018196653E-006  0.115330960580474     
         135  5.948265306510796E-006  0.108404928279857     
         136  5.576995943736752E-006  0.103145203306211     
         137  5.274217852698056E-006  9.899303941183865E-002
         138  4.890934793434050E-006  9.314644123315724E-002
         139  4.557289331803839E-006  8.805031651829204E-002
         140  4.299606957259940E-006  8.426732032896740E-002
         141  4.044145377785836E-006  8.039926548268327E-002
         142  3.793155764207694E-006  7.648493243641320E-002
         143  3.495345036413878E-006  7.147415930554168E-002
         144  3.313045893914728E-006  6.869266811881759E-002
         145  3.111789419073200E-006  6.541998794408330E-002
         146  2.929670126550189E-006  6.244614577766369E-002
         147  2.729588610088620E-006  5.898328784237189E-002
         148  2.586329788692763E-006  5.664975869310984E-002
         149  2.427933837917628E-006  5.390358041881885E-002
         150  2.278689664695633E-006  5.127265068742302E-002
         151  2.121940702161348E-006  4.838349491259960E-002
         152  2.020927628236362E-006  4.669033372965575E-002
         153  1.915336025099966E-006  4.483536541031415E-002
         154  1.817834824929498E-006  4.311252902847933E-002
         155  1.709050488192255E-006  4.106034095026426E-002
         156  1.623542333284981E-006  3.950935410489638E-002
         157  1.542271353939033E-006  3.801500065836130E-002
         158  1.457971636889659E-006  3.639721695558824E-002
         159  1.381543700791634E-006  3.492468729926330E-002
         160  1.335645566547855E-006  3.419085717567961E-002
         161  1.293430410161836E-006  3.352718800814053E-002
         162  1.221787385802936E-006  3.206597849795104E-002
         163  1.190814959723477E-006  3.164008506502317E-002
         164  1.138622782213677E-006  3.062421981579309E-002
         165  1.119755983167382E-006  3.048638082961008E-002
         166  1.073629088822761E-006  2.958563214720209E-002
         167  1.068285246314070E-006  2.979296636988869E-002
         168  1.051127229991889E-006  2.966782406085211E-002
         169  1.057771026360370E-006  3.021197887374513E-002
         170  1.095289750414655E-006  3.165742924435306E-002
         171  1.776507378855003E-007  5.169589326520887E-003
         172  0.000000000000000E+000  0.000000000000000E+000
         173  0.000000000000000E+000  0.000000000000000E+000
         174  0.000000000000000E+000  0.000000000000000E+000
         175  0.000000000000000E+000  0.000000000000000E+000
         176  0.000000000000000E+000  0.000000000000000E+000
         177  0.000000000000000E+000  0.000000000000000E+000
         178  0.000000000000000E+000  0.000000000000000E+000
         179  0.000000000000000E+000  0.000000000000000E+000
         180  0.000000000000000E+000  0.000000000000000E+000
         181  0.000000000000000E+000  0.000000000000000E+000
         182  0.000000000000000E+000  0.000000000000000E+000
         183  0.000000000000000E+000  0.000000000000000E+000
         184  0.000000000000000E+000  0.000000000000000E+000
         185  0.000000000000000E+000  0.000000000000000E+000
         186  0.000000000000000E+000  0.000000000000000E+000
         187  0.000000000000000E+000  0.000000000000000E+000
         188  0.000000000000000E+000  0.000000000000000E+000
         189  0.000000000000000E+000  0.000000000000000E+000
         190  0.000000000000000E+000  0.000000000000000E+000
         191  0.000000000000000E+000  0.000000000000000E+000
         192  0.000000000000000E+000  0.000000000000000E+000
         193  0.000000000000000E+000  0.000000000000000E+000
         194  0.000000000000000E+000  0.000000000000000E+000
         195  0.000000000000000E+000  0.000000000000000E+000
         196  0.000000000000000E+000  0.000000000000000E+000
         197  0.000000000000000E+000  0.000000000000000E+000
         198  0.000000000000000E+000  0.000000000000000E+000
         199  0.000000000000000E+000  0.000000000000000E+000
         200  0.000000000000000E+000  0.000000000000000E+000
         201  0.000000000000000E+000  0.000000000000000E+000
         202  0.000000000000000E+000  0.000000000000000E+000
         203  0.000000000000000E+000  0.000000000000000E+000
         204  0.000000000000000E+000  0.000000000000000E+000
         205  0.000000000000000E+000  0.000000000000000E+000
         206  0.000000000000000E+000  0.000000000000000E+000
         207  0.000000000000000E+000  0.000000000000000E+000
         208  0.000000000000000E+000  0.000000000000000E+000
         209  0.000000000000000E+000  0.000000000000000E+000
         210  0.000000000000000E+000  0.000000000000000E+000
         211  0.000000000000000E+000  0.000000000000000E+000
         212  0.000000000000000E+000  0.000000000000000E+000
         213  0.000000000000000E+000  0.000000000000000E+000
         214  0.000000000000000E+000  0.000000000000000E+000
         215  0.000000000000000E+000  0.000000000000000E+000
         216  0.000000000000000E+000  0.000000000000000E+000
         217  0.000000000000000E+000  0.000000000000000E+000
         218  0.000000000000000E+000  0.000000000000000E+000
         219  0.000000000000000E+000  0.000000000000000E+000
         220  0.000000000000000E+000  0.000000000000000E+000
         221  0.000000000000000E+000  0.000000000000000E+000
         222  0.000000000000000E+000  0.000000000000000E+000
         223  0.000000000000000E+000  0.000000000000000E+000
         224  0.000000000000000E+000  0.000000000000000E+000
         225  0.000000000000000E+000  0.000000000000000E+000
         226  0.000000000000000E+000  0.000000000000000E+000
         227  0.000000000000000E+000  0.000000000000000E+000
         228  0.000000000000000E+000  0.000000000000000E+000
         229  0.000000000000000E+000  0.000000000000000E+000
         230  0.000000000000000E+000  0.000000000000000E+000
         231  0.000000000000000E+000  0.000000000000000E+000
         232  0.000000000000000E+000  0.000000000000000E+000
         233  0.000000000000000E+000  0.000000000000000E+000
         234  0.000000000000000E+000  0.000000000000000E+000
         235  0.000000000000000E+000  0.000000000000000E+000
         236  0.000000000000000E+000  0.000000000000000E+000
         237  0.000000000000000E+000  0.000000000000000E+000
         238  0.000000000000000E+000  0.000000000000000E+000
         239  0.000000000000000E+000  0.000000000000000E+000
         240  0.000000000000000E+000  0.000000000000000E+000
         241  0.000000000000000E+000  0.000000000000000E+000
         242  0.000000000000000E+000  0.000000000000000E+000
         243  0.000000000000000E+000  0.000000000000000E+000
         244  0.000000000000000E+000  0.000000000000000E+000
         245  0.000000000000000E+000  0.000000000000000E+000
         246  0.000000000000000E+000  0.000000000000000E+000
         247  0.000000000000000E+000  0.000000000000000E+000
         248  0.000000000000000E+000  0.000000000000000E+000
         249  0.000000000000000E+000  0.000000000000000E+000
         250  0.000000000000000E+000  0.000000000000000E+000
         251  0.000000000000000E+000  0.000000000000000E+000
         252  0.000000000000000E+000  0.000000000000000E+000
         253  0.000000000000000E+000  0.000000000000000E+000
         254  0.000000000000000E+000  0.000000000000000E+000
         255  0.000000000000000E+000  0.000000000000000E+000
         256  0.000000000000000E+000  0.000000000000000E+000
         257  0.000000000000000E+000  0.000000000000000E+000
         258  0.000000000000000E+000  0.000000000000000E+000
         259  0.000000000000000E+000  0.000000000000000E+000
         260  0.000000000000000E+000  0.000000000000000E+000
         261  0.000000000000000E+000  0.000000000000000E+000
         262  0.000000000000000E+000  0.000000000000000E+000
         263  0.000000000000000E+000  0.000000000000000E+000
         264  0.000000000000000E+000  0.000000000000000E+000
         265  0.000000000000000E+000  0.000000000000000E+000
         266  0.000000000000000E+000  0.000000000000000E+000
         267  0.000000000000000E+000  0.000000000000000E+000
         268  0.000000000000000E+000  0.000000000000000E+000
         269  0.000000000000000E+000  0.000000000000000E+000
         270  0.000000000000000E+000  0.000000000000000E+000
         271  0.000000000000000E+000  0.000000000000000E+000
         272  0.000000000000000E+000  0.000000000000000E+000
         273  0.000000000000000E+000  0.000000000000000E+000
         274  0.000000000000000E+000  0.000000000000000E+000
         275  0.000000000000000E+000  0.000000000000000E+000
         276  0.000000000000000E+000  0.000000000000000E+000
         277  0.000000000000000E+000  0.000000000000000E+000
         278  0.000000000000000E+000  0.000000000000000E+000
         279  0.000000000000000E+000  0.000000000000000E+000
         280  0.000000000000000E+000  0.000000000000000E+000
         281  0.000000000000000E+000  0.000000000000000E+000
         282  0.000000000000000E+000  0.000000000000000E+000
         283  0.000000000000000E+000  0.000000000000000E+000
         284  0.000000000000000E+000  0.000000000000000E+000
         285  0.000000000000000E+000  0.000000000000000E+000
         286  0.000000000000000E+000  0.000000000000000E+000
         287  0.000000000000000E+000  0.000000000000000E+000
         288  0.000000000000000E+000  0.000000000000000E+000
         289  0.000000000000000E+000  0.000000000000000E+000
         290  0.000000000000000E+000  0.000000000000000E+000
         291  0.000000000000000E+000  0.000000000000000E+000
         292  0.000000000000000E+000  0.000000000000000E+000
         293  0.000000000000000E+000  0.000000000000000E+000
         294  0.000000000000000E+000  0.000000000000000E+000
         295  0.000000000000000E+000  0.000000000000000E+000
         296  0.000000000000000E+000  0.000000000000000E+000
         297  0.000000000000000E+000  0.000000000000000E+000
         298  0.000000000000000E+000  0.000000000000000E+000
         299  0.000000000000000E+000  0.000000000000000E+000
         300  0.000000000000000E+000  0.000000000000000E+000
         301  0.000000000000000E+000  0.000000000000000E+000
         302  0.000000000000000E+000  0.000000000000000E+000
         303  0.000000000000000E+000  0.000000000000000E+000
         304  0.000000000000000E+000  0.000000000000000E+000
         305  0.000000000000000E+000  0.000000000000000E+000
         306  0.000000000000000E+000  0.000000000000000E+000
         307  0.000000000000000E+000  0.000000000000000E+000
         308  0.000000000000000E+000  0.000000000000000E+000
         309  0.000000000000000E+000  0.000000000000000E+000
         310  0.000000000000000E+000  0.000000000000000E+000
         311  0.000000000000000E+000  0.000000000000000E+000
         312  0.000000000000000E+000  0.000000000000000E+000
         313  0.000000000000000E+000  0.000000000000000E+000
         314  0.000000000000000E+000  0.000000000000000E+000
         315  0.000000000000000E+000  0.000000000000000E+000
         316  0.000000000000000E+000  0.000000000000000E+000
         317  0.000000000000000E+000  0.000000000000000E+000
         318  0.000000000000000E+000  0.000000000000000E+000
         319  0.000000000000000E+000  0.000000000000000E+000
         320  0.000000000000000E+000  0.000000000000000E+000
         321  0.000000000000000E+000  0.000000000000000E+000
         322  0.000000000000000E+000  0.000000000000000E+000
         323  0.000000000000000E+000  0.000000000000000E+000
         324  0.000000000000000E+000  0.000000000000000E+000
         325  0.000000000000000E+000  0.000000000000000E+000
         326  0.000000000000000E+000  0.000000000000000E+000
         327  0.000000000000000E+000  0.000000000000000E+000
         328  0.000000000000000E+000  0.000000000000000E+000
         329  0.000000000000000E+000  0.000000000000000E+000
         330  0.000000000000000E+000  0.000000000000000E+000
         331  0.000000000000000E+000  0.000000000000000E+000
         332  0.000000000000000E+000  0.000000000000000E+000
         333  0.000000000000000E+000  0.000000000000000E+000
         334  0.000000000000000E+000  0.000000000000000E+000
         335  0.000000000000000E+000  0.000000000000000E+000
         336  0.000000000000000E+000  0.000000000000000E+000
         337  0.000000000000000E+000  0.000000000000000E+000
         338  0.000000000000000E+000  0.000000000000000E+000
         339  0.000000000000000E+000  0.000000000000000E+000
         340  0.000000000000000E+000  0.000000000000000E+000
         341  0.000000000000000E+000  0.000000000000000E+000
         342  0.000000000000000E+000  0.000000000000000E+000
         343  0.000000000000000E+000  0.000000000000000E+000
         344  0.000000000000000E+000  0.000000000000000E+000
         345  0.000000000000000E+000  0.000000000000000E+000
         346  0.000000000000000E+000  0.000000000000000E+000
         347  0.000000000000000E+000  0.000000000000000E+000
         348  0.000000000000000E+000  0.000000000000000E+000
         349  0.000000000000000E+000  0.000000000000000E+000
         350  0.000000000000000E+000  0.000000000000000E+000
         351  0.000000000000000E+000  0.000000000000000E+000
         352  0.000000000000000E+000  0.000000000000000E+000
         353  0.000000000000000E+000  0.000000000000000E+000
         354  0.000000000000000E+000  0.000000000000000E+000
         355  0.000000000000000E+000  0.000000000000000E+000
         356  0.000000000000000E+000  0.000000000000000E+000
         357  0.000000000000000E+000  0.000000000000000E+000
         358  0.000000000000000E+000  0.000000000000000E+000
         359  0.000000000000000E+000  0.000000000000000E+000
         360  0.000000000000000E+000  0.000000000000000E+000
         361  0.000000000000000E+000  0.000000000000000E+000
         362  0.000000000000000E+000  0.000000000000000E+000
         363  0.000000000000000E+000  0.000000000000000E+000
         364  0.000000000000000E+000  0.000000000000000E+000
         365  0.000000000000000E+000  0.000000000000000E+000
         366  0.000000000000000E+000  0.000000000000000E+000
         367  0.000000000000000E+000  0.000000000000000E+000
         368  0.000000000000000E+000  0.000000000000000E+000
         369  0.000000000000000E+000  0.000000000000000E+000
         370  0.000000000000000E+000  0.000000000000000E+000
         371  0.000000000000000E+000  0.000000000000000E+000
         372  0.000000000000000E+000  0.000000000000000E+000
         373  0.000000000000000E+000  0.000000000000000E+000
         374  0.000000000000000E+000  0.000000000000000E+000
         375  0.000000000000000E+000  0.000000000000000E+000
         376  0.000000000000000E+000  0.000000000000000E+000
         377  0.000000000000000E+000  0.000000000000000E+000
         378  0.000000000000000E+000  0.000000000000000E+000
         379  0.000000000000000E+000  0.000000000000000E+000
         380  0.000000000000000E+000  0.000000000000000E+000
         381  0.000000000000000E+000  0.000000000000000E+000
         382  0.000000000000000E+000  0.000000000000000E+000
         383  0.000000000000000E+000  0.000000000000000E+000
         384  0.000000000000000E+000  0.000000000000000E+000
         385  0.000000000000000E+000  0.000000000000000E+000
         386  0.000000000000000E+000  0.000000000000000E+000
         387  0.000000000000000E+000  0.000000000000000E+000
         388  0.000000000000000E+000  0.000000000000000E+000
         389  0.000000000000000E+000  0.000000000000000E+000
         390  0.000000000000000E+000  0.000000000000000E+000
         391  0.000000000000000E+000  0.000000000000000E+000
         392  0.000000000000000E+000  0.000000000000000E+000
         393  0.000000000000000E+000  0.000000000000000E+000
         394  0.000000000000000E+000  0.000000000000000E+000
         395  0.000000000000000E+000  0.000000000000000E+000
         396  0.000000000000000E+000  0.000000000000000E+000
         397  0.000000000000000E+000  0.000000000000000E+000
         398  0.000000000000000E+000  0.000000000000000E+000
         399  0.000000000000000E+000  0.000000000000000E+000
         400  0.000000000000000E+000  0.000000000000000E+000
         401  0.000000000000000E+000  0.000000000000000E+000
         402  0.000000000000000E+000  0.000000000000000E+000
         403  0.000000000000000E+000  0.000000000000000E+000
         404  0.000000000000000E+000  0.000000000000000E+000
         405  0.000000000000000E+000  0.000000000000000E+000
         406  0.000000000000000E+000  0.000000000000000E+000
         407  0.000000000000000E+000  0.000000000000000E+000
         408  0.000000000000000E+000  0.000000000000000E+000
         409  0.000000000000000E+000  0.000000000000000E+000
         410  0.000000000000000E+000  0.000000000000000E+000
         411  0.000000000000000E+000  0.000000000000000E+000
         412  0.000000000000000E+000  0.000000000000000E+000
         413  0.000000000000000E+000  0.000000000000000E+000
         414  0.000000000000000E+000  0.000000000000000E+000
         415  0.000000000000000E+000  0.000000000000000E+000
         416  0.000000000000000E+000  0.000000000000000E+000
         417  0.000000000000000E+000  0.000000000000000E+000
         418  0.000000000000000E+000  0.000000000000000E+000
         419  0.000000000000000E+000  0.000000000000000E+000
         420  0.000000000000000E+000  0.000000000000000E+000
         421  0.000000000000000E+000  0.000000000000000E+000
         422  0.000000000000000E+000  0.000000000000000E+000
         423  0.000000000000000E+000  0.000000000000000E+000
         424  0.000000000000000E+000  0.000000000000000E+000
         425  0.000000000000000E+000  0.000000000000000E+000
         426  0.000000000000000E+000  0.000000000000000E+000
         427  0.000000000000000E+000  0.000000000000000E+000
         428  0.000000000000000E+000  0.000000000000000E+000
         429  0.000000000000000E+000  0.000000000000000E+000
         430  0.000000000000000E+000  0.000000000000000E+000
         431  0.000000000000000E+000  0.000000000000000E+000
         432  0.000000000000000E+000  0.000000000000000E+000
         433  0.000000000000000E+000  0.000000000000000E+000
         434  0.000000000000000E+000  0.000000000000000E+000
         435  0.000000000000000E+000  0.000000000000000E+000
         436  0.000000000000000E+000  0.000000000000000E+000
         437  0.000000000000000E+000  0.000000000000000E+000
         438  0.000000000000000E+000  0.000000000000000E+000
         439  0.000000000000000E+000  0.000000000000000E+000
         440  0.000000000000000E+000  0.000000000000000E+000
         441  0.000000000000000E+000  0.000000000000000E+000
         442  0.000000000000000E+000  0.000000000000000E+000
         443  0.000000000000000E+000  0.000000000000000E+000
         444  0.000000000000000E+000  0.000000000000000E+000
