           0  0.000000000000000E+000  0.000000000000000E+000
           1   1.34136923696941        1.67653289320105     
           2  0.572889370537602        2.69911371725020     
           3  0.155772312047931        1.47828466778630     
           4  0.153955177565186        2.47301375411911     
           5  0.109993857034296        2.80631742947814     
           6  7.349877805296989E-002   2.73480781570009     
           7  5.395328338688204E-002   2.66387965382187     
           8  4.883369105608584E-002   3.11950421794514     
           9  4.749612163906888E-002   3.87137061328801     
          10  3.557590255837882E-002   3.60617193056085     
          11  3.143273656934173E-002   3.82460055707310     
          12  2.948185914915745E-002   4.24552884290336     
          13  2.709854425206543E-002   4.59772399642799     
          14  2.342604180425589E-002   4.61751988063243     
          15  1.896794731868255E-002   4.26200561595337     
          16  2.041604719494867E-002   5.21291066918753     
          17  1.744902235998252E-002   5.05186664319021     
          18  1.577252958509471E-002   5.13319980056146     
          19  1.384349865403648E-002   5.00845380037464     
          20  1.303789832702589E-002   5.21650383476328     
          21  1.232162904860623E-002   5.44557143838738     
          22  1.146044502521318E-002   5.56005645101409     
          23  9.993417561508929E-003   5.28817242488544     
          24  9.127501690998364E-003   5.25750310490972     
          25  8.827699519607003E-003   5.51549990035008     
          26  8.196421625253636E-003   5.54882155219779     
          27  7.367082619153005E-003   5.37749126585306     
          28  7.098271931327746E-003   5.57216976858588     
          29  6.395086196373340E-003   5.38470499987220     
          30  5.842433488699006E-003   5.26223017554049     
          31  5.714216337733472E-003   5.49402826524477     
          32  5.102974810916492E-003   5.22634514956010     
          33  4.875267813231145E-003   5.30856316524907     
          34  4.623279422110630E-003   5.34500659349864     
          35  4.225950385033124E-003   5.17873547159826     
          36  4.002125159326787E-003   5.18791987633495     
          37  3.647926044385292E-003   4.99578137228343     
          38  3.471476786802297E-003   5.01585302464634     
          39  3.188870995194451E-003   4.85185618627128     
          40  3.063408775221108E-003   4.90055330635095     
          41  2.852013610427016E-003   4.79606271134683     
          42  2.645594273545858E-003   4.66866940250837     
          43  2.524855640850416E-003   4.67062759083952     
          44  2.348728697930761E-003   4.54904916836113     
          45  2.233905931996405E-003   4.52568789693666     
          46  2.044897454883409E-003   4.32957070212022     
          47  1.930206808820121E-003   4.26313426511562     
          48  1.845178240196461E-003   4.25012712252897     
          49  1.748907765155384E-003   4.20025226957215     
          50  1.646316627612911E-003   4.11783682718249     
          51  1.523528119658873E-003   3.96360637930602     
          52  1.450935159863303E-003   3.92436941384071     
          53  1.356736989303558E-003   3.81269301658050     
          54  1.275564343935447E-003   3.72128805102554     
          55  1.206954827046541E-003   3.65177844293299     
          56  1.146204027687402E-003   3.59420492662936     
          57  1.097768829820823E-003   3.56690186573570     
          58  1.022611765955290E-003   3.44055576023425     
          59  9.569727959547598E-004   3.33160877396974     
          60  9.254473277871239E-004   3.33196871120587     
          61  8.678300431885439E-004   3.22985196509954     
          62  8.179059230168706E-004   3.14472093036341     
          63  7.568750067758952E-004   3.00405190913341     
          64  7.320600133449606E-004   2.99779188729435     
          65  6.936475573599916E-004   2.93056292688161     
          66  6.437738316223321E-004   2.80470386213182     
          67  6.226770349572402E-004   2.79573727142622     
          68  5.815568583628905E-004   2.68955586384614     
          69  5.600234223454524E-004   2.66679870215575     
          70  5.178525465117107E-004   2.53823293007944     
          71  4.870779082564925E-004   2.45546477557869     
          72  4.793041157509471E-004   2.48462340530797     
          73  4.439914811349133E-004   2.36602110614856     
          74  4.288363440591089E-004   2.34862057072159     
          75  3.960933549138359E-004   2.22839601821462     
          76  3.848247243214240E-004   2.22285098648793     
          77  3.659600663579821E-004   2.17010090418974     
          78  3.421355045959429E-004   2.08180399413734     
          79  3.254571173708853E-004   2.03106013875052     
          80  3.079814944065894E-004   1.97086650504220     
          81  2.973217427219523E-004   1.95071258729141     
          82  2.795223123426052E-004   1.87960105962575     
          83  2.658272929603405E-004   1.83150165833540     
          84  2.512001368842116E-004   1.77243858463887     
          85  2.425833616844029E-004   1.75269474170373     
          86  2.290256817792313E-004   1.69417342305527     
          87  2.153349309378349E-004   1.63003190527735     
          88  2.070864428735717E-004   1.60374780251695     
          89  1.961725463933410E-004   1.55401699153749     
          90  1.891560500557796E-004   1.53238928826904     
          91  1.773552862510917E-004   1.46894923872216     
          92  1.690918961082263E-004   1.43135106245997     
          93  1.610140116353207E-004   1.39273484445167     
          94  1.530096544391171E-004   1.35203492314564     
          95  1.449730147816186E-004   1.30827975265649     
          96  1.397533812981392E-004   1.28774963355953     
          97  1.335269516491109E-004   1.25623183544546     
          98  1.274419965217881E-004   1.22404938721322     
          99  1.188814635280613E-004   1.16526044229823     
         100  1.139623396741444E-004   1.13966171191699     
         101  1.093642052420305E-004   1.11565588609554     
         102  1.043894902755011E-004   1.08614879486360     
         103  9.988434481232798E-005   1.05980309969394     
         104  9.317788468051027E-005   1.00777944165370     
         105  9.146194187849081E-005   1.00836654581370     
         106  8.579001121228740E-005  0.963988626990929     
         107  8.171569039957287E-005  0.935584499882651     
         108  7.811923301578717E-005  0.911172263158224     
         109  7.559603087987870E-005  0.898211574879618     
         110  7.154865068212999E-005  0.865839363020594     
         111  6.756284043464642E-005  0.832477061656453     
         112  6.494856780819783E-005  0.814687739837919     
         113  6.206370885211524E-005  0.792455215524924     
         114  5.958506113335466E-005  0.774407135482451     
         115  5.621642096475211E-005  0.743462404704382     
         116  5.449198662387526E-005  0.733240848857715     
         117  5.207720565995847E-005  0.712930035146393     
         118  4.912746578917574E-005  0.684083724229751     
         119  4.697925601391731E-005  0.665240142793533     
         120  4.548293264341926E-005  0.654927059382783     
         121  4.335356298763710E-005  0.634748047897429     
         122  4.153180513949749E-005  0.618170683284966     
         123  3.978964846319154E-005  0.601998255795353     
         124  3.766146862131600E-005  0.579097350132362     
         125  3.659856974890232E-005  0.571879840998083     
         126  3.448672977279667E-005  0.547551730953680     
         127  3.322928971991827E-005  0.535962389997737     
         128  3.205195985600130E-005  0.525126580367608     
         129  3.093780871171668E-005  0.514844722281550     
         130  2.943461056031571E-005  0.497480041430431     
         131  2.793947151776643E-005  0.479467179534850     
         132  2.750673565044673E-005  0.479288897479743     
         133  2.589662664720306E-005  0.458111571049545     
         134  2.525945990965594E-005  0.453576009228235     
         135  2.380596430389397E-005  0.433868093458382     
         136  2.313481235314561E-005  0.427887340937249     
         137  2.248872332600480E-005  0.422111963677205     
         138  2.140558944837607E-005  0.407676711137506     
         139  2.057186221115816E-005  0.397478932016952     
         140  1.997340909136264E-005  0.391480385163082     
         141  1.935217992449425E-005  0.384743073111445     
         142  1.865132599401168E-005  0.376099213959735     
         143  1.779515959482669E-005  0.363897329961440     
         144  1.743737269148833E-005  0.361563411692404     
         145  1.685260607573365E-005  0.354310835210668     
         146  1.643184666160897E-005  0.350262380439001     
         147  1.594185090242418E-005  0.344491180629298     
         148  1.549084745356308E-005  0.339318026630603     
         149  1.512225573718996E-005  0.335752708201090     
         150  1.476561945579169E-005  0.332255948018845     
         151  1.432380545328209E-005  0.326616841049119     
         152  1.407631199963005E-005  0.325225239000297     
         153  1.382521627366408E-005  0.323643569494504     
         154  1.368071441789047E-005  0.324476134944462     
         155  1.337893744905290E-005  0.321442420608651     
         156  1.328690690531561E-005  0.323354497708284     
         157  1.322933342555565E-005  0.326102263878819     
         158  1.311642620957720E-005  0.327463150976215     
         159  1.306688335644287E-005  0.330346412468790     
         160  1.319572724183142E-005  0.337806464871331     
         161  1.333368525704944E-005  0.345643230184914     
         162  1.332693562258755E-005  0.349781710407311     
         163  1.363620100749375E-005  0.362331535949044     
         164  1.387069701315410E-005  0.373092303245774     
         165  1.443570104751545E-005  0.393044096773805     
         166  1.483125066163967E-005  0.408722963199203     
         167  1.578664779606336E-005  0.440304263772667     
         168  1.675012819770019E-005  0.472800475903656     
         169  1.826944251875747E-005  0.521857141011913     
         170  2.131789115222556E-005  0.616227307471648     
         171  3.637868369936373E-006  0.105860460257432     
         172  0.000000000000000E+000  0.000000000000000E+000
         173  0.000000000000000E+000  0.000000000000000E+000
         174  0.000000000000000E+000  0.000000000000000E+000
         175  0.000000000000000E+000  0.000000000000000E+000
         176  0.000000000000000E+000  0.000000000000000E+000
         177  0.000000000000000E+000  0.000000000000000E+000
         178  0.000000000000000E+000  0.000000000000000E+000
         179  0.000000000000000E+000  0.000000000000000E+000
         180  0.000000000000000E+000  0.000000000000000E+000
         181  0.000000000000000E+000  0.000000000000000E+000
         182  0.000000000000000E+000  0.000000000000000E+000
         183  0.000000000000000E+000  0.000000000000000E+000
         184  0.000000000000000E+000  0.000000000000000E+000
         185  0.000000000000000E+000  0.000000000000000E+000
         186  0.000000000000000E+000  0.000000000000000E+000
         187  0.000000000000000E+000  0.000000000000000E+000
         188  0.000000000000000E+000  0.000000000000000E+000
         189  0.000000000000000E+000  0.000000000000000E+000
         190  0.000000000000000E+000  0.000000000000000E+000
         191  0.000000000000000E+000  0.000000000000000E+000
         192  0.000000000000000E+000  0.000000000000000E+000
         193  0.000000000000000E+000  0.000000000000000E+000
         194  0.000000000000000E+000  0.000000000000000E+000
         195  0.000000000000000E+000  0.000000000000000E+000
         196  0.000000000000000E+000  0.000000000000000E+000
         197  0.000000000000000E+000  0.000000000000000E+000
         198  0.000000000000000E+000  0.000000000000000E+000
         199  0.000000000000000E+000  0.000000000000000E+000
         200  0.000000000000000E+000  0.000000000000000E+000
         201  0.000000000000000E+000  0.000000000000000E+000
         202  0.000000000000000E+000  0.000000000000000E+000
         203  0.000000000000000E+000  0.000000000000000E+000
         204  0.000000000000000E+000  0.000000000000000E+000
         205  0.000000000000000E+000  0.000000000000000E+000
         206  0.000000000000000E+000  0.000000000000000E+000
         207  0.000000000000000E+000  0.000000000000000E+000
         208  0.000000000000000E+000  0.000000000000000E+000
         209  0.000000000000000E+000  0.000000000000000E+000
         210  0.000000000000000E+000  0.000000000000000E+000
         211  0.000000000000000E+000  0.000000000000000E+000
         212  0.000000000000000E+000  0.000000000000000E+000
         213  0.000000000000000E+000  0.000000000000000E+000
         214  0.000000000000000E+000  0.000000000000000E+000
         215  0.000000000000000E+000  0.000000000000000E+000
         216  0.000000000000000E+000  0.000000000000000E+000
         217  0.000000000000000E+000  0.000000000000000E+000
         218  0.000000000000000E+000  0.000000000000000E+000
         219  0.000000000000000E+000  0.000000000000000E+000
         220  0.000000000000000E+000  0.000000000000000E+000
         221  0.000000000000000E+000  0.000000000000000E+000
         222  0.000000000000000E+000  0.000000000000000E+000
         223  0.000000000000000E+000  0.000000000000000E+000
         224  0.000000000000000E+000  0.000000000000000E+000
         225  0.000000000000000E+000  0.000000000000000E+000
         226  0.000000000000000E+000  0.000000000000000E+000
         227  0.000000000000000E+000  0.000000000000000E+000
         228  0.000000000000000E+000  0.000000000000000E+000
         229  0.000000000000000E+000  0.000000000000000E+000
         230  0.000000000000000E+000  0.000000000000000E+000
         231  0.000000000000000E+000  0.000000000000000E+000
         232  0.000000000000000E+000  0.000000000000000E+000
         233  0.000000000000000E+000  0.000000000000000E+000
         234  0.000000000000000E+000  0.000000000000000E+000
         235  0.000000000000000E+000  0.000000000000000E+000
         236  0.000000000000000E+000  0.000000000000000E+000
         237  0.000000000000000E+000  0.000000000000000E+000
         238  0.000000000000000E+000  0.000000000000000E+000
         239  0.000000000000000E+000  0.000000000000000E+000
         240  0.000000000000000E+000  0.000000000000000E+000
         241  0.000000000000000E+000  0.000000000000000E+000
         242  0.000000000000000E+000  0.000000000000000E+000
         243  0.000000000000000E+000  0.000000000000000E+000
         244  0.000000000000000E+000  0.000000000000000E+000
         245  0.000000000000000E+000  0.000000000000000E+000
         246  0.000000000000000E+000  0.000000000000000E+000
         247  0.000000000000000E+000  0.000000000000000E+000
         248  0.000000000000000E+000  0.000000000000000E+000
         249  0.000000000000000E+000  0.000000000000000E+000
         250  0.000000000000000E+000  0.000000000000000E+000
         251  0.000000000000000E+000  0.000000000000000E+000
         252  0.000000000000000E+000  0.000000000000000E+000
         253  0.000000000000000E+000  0.000000000000000E+000
         254  0.000000000000000E+000  0.000000000000000E+000
         255  0.000000000000000E+000  0.000000000000000E+000
         256  0.000000000000000E+000  0.000000000000000E+000
         257  0.000000000000000E+000  0.000000000000000E+000
         258  0.000000000000000E+000  0.000000000000000E+000
         259  0.000000000000000E+000  0.000000000000000E+000
         260  0.000000000000000E+000  0.000000000000000E+000
         261  0.000000000000000E+000  0.000000000000000E+000
         262  0.000000000000000E+000  0.000000000000000E+000
         263  0.000000000000000E+000  0.000000000000000E+000
         264  0.000000000000000E+000  0.000000000000000E+000
         265  0.000000000000000E+000  0.000000000000000E+000
         266  0.000000000000000E+000  0.000000000000000E+000
         267  0.000000000000000E+000  0.000000000000000E+000
         268  0.000000000000000E+000  0.000000000000000E+000
         269  0.000000000000000E+000  0.000000000000000E+000
         270  0.000000000000000E+000  0.000000000000000E+000
         271  0.000000000000000E+000  0.000000000000000E+000
         272  0.000000000000000E+000  0.000000000000000E+000
         273  0.000000000000000E+000  0.000000000000000E+000
         274  0.000000000000000E+000  0.000000000000000E+000
         275  0.000000000000000E+000  0.000000000000000E+000
         276  0.000000000000000E+000  0.000000000000000E+000
         277  0.000000000000000E+000  0.000000000000000E+000
         278  0.000000000000000E+000  0.000000000000000E+000
         279  0.000000000000000E+000  0.000000000000000E+000
         280  0.000000000000000E+000  0.000000000000000E+000
         281  0.000000000000000E+000  0.000000000000000E+000
         282  0.000000000000000E+000  0.000000000000000E+000
         283  0.000000000000000E+000  0.000000000000000E+000
         284  0.000000000000000E+000  0.000000000000000E+000
         285  0.000000000000000E+000  0.000000000000000E+000
         286  0.000000000000000E+000  0.000000000000000E+000
         287  0.000000000000000E+000  0.000000000000000E+000
         288  0.000000000000000E+000  0.000000000000000E+000
         289  0.000000000000000E+000  0.000000000000000E+000
         290  0.000000000000000E+000  0.000000000000000E+000
         291  0.000000000000000E+000  0.000000000000000E+000
         292  0.000000000000000E+000  0.000000000000000E+000
         293  0.000000000000000E+000  0.000000000000000E+000
         294  0.000000000000000E+000  0.000000000000000E+000
         295  0.000000000000000E+000  0.000000000000000E+000
         296  0.000000000000000E+000  0.000000000000000E+000
         297  0.000000000000000E+000  0.000000000000000E+000
         298  0.000000000000000E+000  0.000000000000000E+000
         299  0.000000000000000E+000  0.000000000000000E+000
         300  0.000000000000000E+000  0.000000000000000E+000
         301  0.000000000000000E+000  0.000000000000000E+000
         302  0.000000000000000E+000  0.000000000000000E+000
         303  0.000000000000000E+000  0.000000000000000E+000
         304  0.000000000000000E+000  0.000000000000000E+000
         305  0.000000000000000E+000  0.000000000000000E+000
         306  0.000000000000000E+000  0.000000000000000E+000
         307  0.000000000000000E+000  0.000000000000000E+000
         308  0.000000000000000E+000  0.000000000000000E+000
         309  0.000000000000000E+000  0.000000000000000E+000
         310  0.000000000000000E+000  0.000000000000000E+000
         311  0.000000000000000E+000  0.000000000000000E+000
         312  0.000000000000000E+000  0.000000000000000E+000
         313  0.000000000000000E+000  0.000000000000000E+000
         314  0.000000000000000E+000  0.000000000000000E+000
         315  0.000000000000000E+000  0.000000000000000E+000
         316  0.000000000000000E+000  0.000000000000000E+000
         317  0.000000000000000E+000  0.000000000000000E+000
         318  0.000000000000000E+000  0.000000000000000E+000
         319  0.000000000000000E+000  0.000000000000000E+000
         320  0.000000000000000E+000  0.000000000000000E+000
         321  0.000000000000000E+000  0.000000000000000E+000
         322  0.000000000000000E+000  0.000000000000000E+000
         323  0.000000000000000E+000  0.000000000000000E+000
         324  0.000000000000000E+000  0.000000000000000E+000
         325  0.000000000000000E+000  0.000000000000000E+000
         326  0.000000000000000E+000  0.000000000000000E+000
         327  0.000000000000000E+000  0.000000000000000E+000
         328  0.000000000000000E+000  0.000000000000000E+000
         329  0.000000000000000E+000  0.000000000000000E+000
         330  0.000000000000000E+000  0.000000000000000E+000
         331  0.000000000000000E+000  0.000000000000000E+000
         332  0.000000000000000E+000  0.000000000000000E+000
         333  0.000000000000000E+000  0.000000000000000E+000
         334  0.000000000000000E+000  0.000000000000000E+000
         335  0.000000000000000E+000  0.000000000000000E+000
         336  0.000000000000000E+000  0.000000000000000E+000
         337  0.000000000000000E+000  0.000000000000000E+000
         338  0.000000000000000E+000  0.000000000000000E+000
         339  0.000000000000000E+000  0.000000000000000E+000
         340  0.000000000000000E+000  0.000000000000000E+000
         341  0.000000000000000E+000  0.000000000000000E+000
         342  0.000000000000000E+000  0.000000000000000E+000
         343  0.000000000000000E+000  0.000000000000000E+000
         344  0.000000000000000E+000  0.000000000000000E+000
         345  0.000000000000000E+000  0.000000000000000E+000
         346  0.000000000000000E+000  0.000000000000000E+000
         347  0.000000000000000E+000  0.000000000000000E+000
         348  0.000000000000000E+000  0.000000000000000E+000
         349  0.000000000000000E+000  0.000000000000000E+000
         350  0.000000000000000E+000  0.000000000000000E+000
         351  0.000000000000000E+000  0.000000000000000E+000
         352  0.000000000000000E+000  0.000000000000000E+000
         353  0.000000000000000E+000  0.000000000000000E+000
         354  0.000000000000000E+000  0.000000000000000E+000
         355  0.000000000000000E+000  0.000000000000000E+000
         356  0.000000000000000E+000  0.000000000000000E+000
         357  0.000000000000000E+000  0.000000000000000E+000
         358  0.000000000000000E+000  0.000000000000000E+000
         359  0.000000000000000E+000  0.000000000000000E+000
         360  0.000000000000000E+000  0.000000000000000E+000
         361  0.000000000000000E+000  0.000000000000000E+000
         362  0.000000000000000E+000  0.000000000000000E+000
         363  0.000000000000000E+000  0.000000000000000E+000
         364  0.000000000000000E+000  0.000000000000000E+000
         365  0.000000000000000E+000  0.000000000000000E+000
         366  0.000000000000000E+000  0.000000000000000E+000
         367  0.000000000000000E+000  0.000000000000000E+000
         368  0.000000000000000E+000  0.000000000000000E+000
         369  0.000000000000000E+000  0.000000000000000E+000
         370  0.000000000000000E+000  0.000000000000000E+000
         371  0.000000000000000E+000  0.000000000000000E+000
         372  0.000000000000000E+000  0.000000000000000E+000
         373  0.000000000000000E+000  0.000000000000000E+000
         374  0.000000000000000E+000  0.000000000000000E+000
         375  0.000000000000000E+000  0.000000000000000E+000
         376  0.000000000000000E+000  0.000000000000000E+000
         377  0.000000000000000E+000  0.000000000000000E+000
         378  0.000000000000000E+000  0.000000000000000E+000
         379  0.000000000000000E+000  0.000000000000000E+000
         380  0.000000000000000E+000  0.000000000000000E+000
         381  0.000000000000000E+000  0.000000000000000E+000
         382  0.000000000000000E+000  0.000000000000000E+000
         383  0.000000000000000E+000  0.000000000000000E+000
         384  0.000000000000000E+000  0.000000000000000E+000
         385  0.000000000000000E+000  0.000000000000000E+000
         386  0.000000000000000E+000  0.000000000000000E+000
         387  0.000000000000000E+000  0.000000000000000E+000
         388  0.000000000000000E+000  0.000000000000000E+000
         389  0.000000000000000E+000  0.000000000000000E+000
         390  0.000000000000000E+000  0.000000000000000E+000
         391  0.000000000000000E+000  0.000000000000000E+000
         392  0.000000000000000E+000  0.000000000000000E+000
         393  0.000000000000000E+000  0.000000000000000E+000
         394  0.000000000000000E+000  0.000000000000000E+000
         395  0.000000000000000E+000  0.000000000000000E+000
         396  0.000000000000000E+000  0.000000000000000E+000
         397  0.000000000000000E+000  0.000000000000000E+000
         398  0.000000000000000E+000  0.000000000000000E+000
         399  0.000000000000000E+000  0.000000000000000E+000
         400  0.000000000000000E+000  0.000000000000000E+000
         401  0.000000000000000E+000  0.000000000000000E+000
         402  0.000000000000000E+000  0.000000000000000E+000
         403  0.000000000000000E+000  0.000000000000000E+000
         404  0.000000000000000E+000  0.000000000000000E+000
         405  0.000000000000000E+000  0.000000000000000E+000
         406  0.000000000000000E+000  0.000000000000000E+000
         407  0.000000000000000E+000  0.000000000000000E+000
         408  0.000000000000000E+000  0.000000000000000E+000
         409  0.000000000000000E+000  0.000000000000000E+000
         410  0.000000000000000E+000  0.000000000000000E+000
         411  0.000000000000000E+000  0.000000000000000E+000
         412  0.000000000000000E+000  0.000000000000000E+000
         413  0.000000000000000E+000  0.000000000000000E+000
         414  0.000000000000000E+000  0.000000000000000E+000
         415  0.000000000000000E+000  0.000000000000000E+000
         416  0.000000000000000E+000  0.000000000000000E+000
         417  0.000000000000000E+000  0.000000000000000E+000
         418  0.000000000000000E+000  0.000000000000000E+000
         419  0.000000000000000E+000  0.000000000000000E+000
         420  0.000000000000000E+000  0.000000000000000E+000
         421  0.000000000000000E+000  0.000000000000000E+000
         422  0.000000000000000E+000  0.000000000000000E+000
         423  0.000000000000000E+000  0.000000000000000E+000
         424  0.000000000000000E+000  0.000000000000000E+000
         425  0.000000000000000E+000  0.000000000000000E+000
         426  0.000000000000000E+000  0.000000000000000E+000
         427  0.000000000000000E+000  0.000000000000000E+000
         428  0.000000000000000E+000  0.000000000000000E+000
         429  0.000000000000000E+000  0.000000000000000E+000
         430  0.000000000000000E+000  0.000000000000000E+000
         431  0.000000000000000E+000  0.000000000000000E+000
         432  0.000000000000000E+000  0.000000000000000E+000
         433  0.000000000000000E+000  0.000000000000000E+000
         434  0.000000000000000E+000  0.000000000000000E+000
         435  0.000000000000000E+000  0.000000000000000E+000
         436  0.000000000000000E+000  0.000000000000000E+000
         437  0.000000000000000E+000  0.000000000000000E+000
         438  0.000000000000000E+000  0.000000000000000E+000
         439  0.000000000000000E+000  0.000000000000000E+000
         440  0.000000000000000E+000  0.000000000000000E+000
         441  0.000000000000000E+000  0.000000000000000E+000
         442  0.000000000000000E+000  0.000000000000000E+000
         443  0.000000000000000E+000  0.000000000000000E+000
         444  0.000000000000000E+000  0.000000000000000E+000
