           0  0.000000000000000E+000  0.000000000000000E+000
           1   1.02414816233292        1.24729828365840     
           2  0.586527287889750        2.60567412785524     
           3  0.225611959660730        2.20975450310195     
           4  0.155458340899359        2.47695466573341     
           5  0.115200522767552        2.91771363804883     
           6  7.073239193802117E-002   2.61682209630280     
           7  6.775023684702679E-002   3.35551849305000     
           8  4.819321528305969E-002   3.07621245008735     
           9  5.231668943527124E-002   4.25451904646272     
          10  3.887586069112017E-002   3.94755749447971     
          11  3.451517662365620E-002   4.20688088128658     
          12  3.096396926439685E-002   4.47093442402926     
          13  2.826465201134800E-002   4.78656232306279     
          14  2.479762304843287E-002   4.87749706205461     
          15  2.085491736684231E-002   4.69152712843231     
          16  2.146801824441023E-002   5.48517223035236     
          17  1.880749471505463E-002   5.43478526755565     
          18  1.708665387387989E-002   5.55799797261963     
          19  1.465271522082900E-002   5.30133680323314     
          20  1.380974220203676E-002   5.52351390487185     
          21  1.295896451304416E-002   5.72487470561788     
          22  1.153180676441477E-002   5.58985284909015     
          23  1.058738529736060E-002   5.60427794116865     
          24  9.861673884597596E-003   5.68085319361199     
          25  9.188662217272704E-003   5.74319896909070     
          26  8.784365425908210E-003   5.94554484773150     
          27  7.927820239915020E-003   5.78678558636911     
          28  7.495069053672501E-003   5.88476878958022     
          29  6.806505399683763E-003   5.73001383134985     
          30  6.315645655448001E-003   5.68653417496263     
          31  6.035188067858337E-003   5.80355447904925     
          32  5.468080254161928E-003   5.59991264276747     
          33  5.177177040969867E-003   5.63762884291880     
          34  4.955220333635369E-003   5.73162140520602     
          35  4.472469900370256E-003   5.48250663313703     
          36  4.218546102068986E-003   5.46936699059702     
          37  3.997031446314467E-003   5.47569886222422     
          38  3.764832690084768E-003   5.43979643333947     
          39  3.405366986516441E-003   5.18030032621934     
          40  3.308305724584655E-003   5.29299128613857     
          41  3.116234915097755E-003   5.24139102663886     
          42  2.834469579357964E-003   5.00247108857603     
          43  2.779851614793886E-003   5.14197534683653     
          44  2.520065860867262E-003   4.88086959594055     
          45  2.464473359502737E-003   4.99208218365617     
          46  2.205006410270157E-003   4.66865957390991     
          47  2.108570172611829E-003   4.65757869405036     
          48  1.998615378267633E-003   4.60395228713690     
          49  1.899467251069145E-003   4.56118399915866     
          50  1.786662725917104E-003   4.46908194692149     
          51  1.653408968255241E-003   4.30135394850548     
          52  1.596222737169412E-003   4.31726621947444     
          53  1.494571785050317E-003   4.19942931830119     
          54  1.406517154204470E-003   4.10293751580932     
          55  1.312480036245170E-003   3.97093045066595     
          56  1.251924291223306E-003   3.92555675018345     
          57  1.217858092658066E-003   3.95727122572994     
          58  1.117744486171432E-003   3.76118628851113     
          59  1.054837004077388E-003   3.67226267020121     
          60  1.013026779063196E-003   3.64756557988042     
          61  9.489475114079719E-004   3.53188952709589     
          62  9.145952247590628E-004   3.51654804412278     
          63  8.342599698184457E-004   3.31136492894092     
          64  8.091868037613045E-004   3.31396188181159     
          65  7.765256005411826E-004   3.28082745697760     
          66  7.218961003371510E-004   3.14515156814891     
          67  6.903821586444010E-004   3.09970689510137     
          68  6.400632975054463E-004   2.96018553627503     
          69  6.242205432483605E-004   2.97244599338120     
          70  5.803957972543846E-004   2.84454030885449     
          71  5.463869473417162E-004   2.75447040174966     
          72  5.324991048893989E-004   2.76024991926231     
          73  4.965138230338829E-004   2.64609929681126     
          74  4.782571904192054E-004   2.61931271469795     
          75  4.426169893666137E-004   2.49004967386211     
          76  4.273272009023047E-004   2.46839733724849     
          77  4.056575515830861E-004   2.40558597660967     
          78  3.804635859374229E-004   2.31485184090233     
          79  3.642484938411874E-004   2.27313762894970     
          80  3.470836953380767E-004   2.22113521574722     
          81  3.370868087478202E-004   2.21151184727099     
          82  3.158285234877101E-004   2.12384577470125     
          83  2.996278650928506E-004   2.06429990592665     
          84  2.828941678039731E-004   1.99616915354423     
          85  2.742717008857123E-004   1.98166464726612     
          86  2.580420924136190E-004   1.90874258392865     
          87  2.439705876070953E-004   1.84675939553245     
          88  2.329530290167309E-004   1.80400948356312     
          89  2.231289826916011E-004   1.76750488795157     
          90  2.132728165781148E-004   1.72771226604207     
          91  2.011987661504360E-004   1.66641527826746     
          92  1.915997349619326E-004   1.62189514868822     
          93  1.828146785369291E-004   1.58137959702072     
          94  1.731874689433314E-004   1.53033934657627     
          95  1.643229511143098E-004   1.48291198798501     
          96  1.587640969955715E-004   1.46295412144790     
          97  1.508361417561946E-004   1.41909454399928     
          98  1.453557882646936E-004   1.39605086402271     
          99  1.355622382257556E-004   1.32880459364603     
         100  1.310951797113901E-004   1.31099188763165     
         101  1.247822215929476E-004   1.27295562929744     
         102  1.193999194543519E-004   1.24235689894420     
         103  1.135466885073767E-004   1.20476803802376     
         104  1.070431480157079E-004   1.15775570375947     
         105  1.047368592074521E-004   1.15470930777482     
         106  9.837896831758151E-005   1.10546718870381     
         107  9.415511102355792E-005   1.07798681240378     
         108  8.977283055487425E-005   1.04707450090472     
         109  8.733678705536879E-005   1.03770920729888     
         110  8.167401272675505E-005  0.988385270529645     
         111  7.740987956165599E-005  0.953796749458890     
         112  7.522717086505179E-005  0.943601314528020     
         113  7.188039368227845E-005  0.917816731045041     
         114  6.844514092826050E-005  0.889539046411571     
         115  6.492499950958244E-005  0.858642754051058     
         116  6.301370956521197E-005  0.847888195879191     
         117  6.040067329554907E-005  0.826901207216816     
         118  5.701353178501211E-005  0.793897317341572     
         119  5.449667336278759E-005  0.771695251764007     
         120  5.296379198944205E-005  0.762619628850939     
         121  5.039578891871594E-005  0.737830412293696     
         122  4.825843933962754E-005  0.718291235067403     
         123  4.611595682005963E-005  0.697717672898616     
         124  4.415292237124080E-005  0.678909468283573     
         125  4.279374574046154E-005  0.668695352456689     
         126  4.048108049368927E-005  0.642735770138157     
         127  3.903093100366436E-005  0.629539081791730     
         128  3.746410565478390E-005  0.613791468512730     
         129  3.636478587005654E-005  0.605149340535541     
         130  3.452670866285666E-005  0.583536947823966     
         131  3.298743278103226E-005  0.566111252619300     
         132  3.228383992324030E-005  0.562524196339437     
         133  3.056254388723567E-005  0.540651576417002     
         134  2.967797957688679E-005  0.532922558239551     
         135  2.817470178540473E-005  0.513489285565530     
         136  2.733714736895505E-005  0.505615799490397     
         137  2.668580396185620E-005  0.500887879895632     
         138  2.536184918827099E-005  0.483020652173645     
         139  2.449888311651089E-005  0.473353230339311     
         140  2.384619887839202E-005  0.467382697776261     
         141  2.299923941583619E-005  0.457252631701873     
         142  2.236494462120898E-005  0.450985109347123     
         143  2.135125334063094E-005  0.436610987343258     
         144  2.086833846058075E-005  0.432699483341121     
         145  2.026607031323740E-005  0.426076251242025     
         146  1.971713884644104E-005  0.420291495870681     
         147  1.918263924772032E-005  0.414529237342669     
         148  1.861239775478722E-005  0.407707710352993     
         149  1.826286479227749E-005  0.405482581933999     
         150  1.780940908842174E-005  0.400749974043102     
         151  1.736640163511303E-005  0.395995801788456     
         152  1.705148961483118E-005  0.393964831109114     
         153  1.677179366139095E-005  0.392627120724546     
         154  1.659861679272565E-005  0.393673689680434     
         155  1.622834055693708E-005  0.389902045218161     
         156  1.616288401049992E-005  0.393346876050766     
         157  1.611000102044365E-005  0.397109869095709     
         158  1.599132592940879E-005  0.399226828426468     
         159  1.592606444292382E-005  0.402632892672117     
         160  1.604568739892795E-005  0.410770100594001     
         161  1.619776595099123E-005  0.419893594001195     
         162  1.622406358142252E-005  0.425821099279736     
         163  1.664193987355337E-005  0.442197690954938     
         164  1.692716371962175E-005  0.455306129921841     
         165  1.763308786798927E-005  0.480100558155520     
         166  1.812106937462539E-005  0.499386104047984     
         167  1.919171245515774E-005  0.535271150405717     
         168  2.047230399895903E-005  0.577870223768418     
         169  2.243468898891854E-005  0.640836694661316     
         170  2.610872259014134E-005  0.754708103999256     
         171  4.465994451138252E-006  0.129959330316814     
         172  0.000000000000000E+000  0.000000000000000E+000
         173  0.000000000000000E+000  0.000000000000000E+000
         174  0.000000000000000E+000  0.000000000000000E+000
         175  0.000000000000000E+000  0.000000000000000E+000
         176  0.000000000000000E+000  0.000000000000000E+000
         177  0.000000000000000E+000  0.000000000000000E+000
         178  0.000000000000000E+000  0.000000000000000E+000
         179  0.000000000000000E+000  0.000000000000000E+000
         180  0.000000000000000E+000  0.000000000000000E+000
         181  0.000000000000000E+000  0.000000000000000E+000
         182  0.000000000000000E+000  0.000000000000000E+000
         183  0.000000000000000E+000  0.000000000000000E+000
         184  0.000000000000000E+000  0.000000000000000E+000
         185  0.000000000000000E+000  0.000000000000000E+000
         186  0.000000000000000E+000  0.000000000000000E+000
         187  0.000000000000000E+000  0.000000000000000E+000
         188  0.000000000000000E+000  0.000000000000000E+000
         189  0.000000000000000E+000  0.000000000000000E+000
         190  0.000000000000000E+000  0.000000000000000E+000
         191  0.000000000000000E+000  0.000000000000000E+000
         192  0.000000000000000E+000  0.000000000000000E+000
         193  0.000000000000000E+000  0.000000000000000E+000
         194  0.000000000000000E+000  0.000000000000000E+000
         195  0.000000000000000E+000  0.000000000000000E+000
         196  0.000000000000000E+000  0.000000000000000E+000
         197  0.000000000000000E+000  0.000000000000000E+000
         198  0.000000000000000E+000  0.000000000000000E+000
         199  0.000000000000000E+000  0.000000000000000E+000
         200  0.000000000000000E+000  0.000000000000000E+000
         201  0.000000000000000E+000  0.000000000000000E+000
         202  0.000000000000000E+000  0.000000000000000E+000
         203  0.000000000000000E+000  0.000000000000000E+000
         204  0.000000000000000E+000  0.000000000000000E+000
         205  0.000000000000000E+000  0.000000000000000E+000
         206  0.000000000000000E+000  0.000000000000000E+000
         207  0.000000000000000E+000  0.000000000000000E+000
         208  0.000000000000000E+000  0.000000000000000E+000
         209  0.000000000000000E+000  0.000000000000000E+000
         210  0.000000000000000E+000  0.000000000000000E+000
         211  0.000000000000000E+000  0.000000000000000E+000
         212  0.000000000000000E+000  0.000000000000000E+000
         213  0.000000000000000E+000  0.000000000000000E+000
         214  0.000000000000000E+000  0.000000000000000E+000
         215  0.000000000000000E+000  0.000000000000000E+000
         216  0.000000000000000E+000  0.000000000000000E+000
         217  0.000000000000000E+000  0.000000000000000E+000
         218  0.000000000000000E+000  0.000000000000000E+000
         219  0.000000000000000E+000  0.000000000000000E+000
         220  0.000000000000000E+000  0.000000000000000E+000
         221  0.000000000000000E+000  0.000000000000000E+000
         222  0.000000000000000E+000  0.000000000000000E+000
         223  0.000000000000000E+000  0.000000000000000E+000
         224  0.000000000000000E+000  0.000000000000000E+000
         225  0.000000000000000E+000  0.000000000000000E+000
         226  0.000000000000000E+000  0.000000000000000E+000
         227  0.000000000000000E+000  0.000000000000000E+000
         228  0.000000000000000E+000  0.000000000000000E+000
         229  0.000000000000000E+000  0.000000000000000E+000
         230  0.000000000000000E+000  0.000000000000000E+000
         231  0.000000000000000E+000  0.000000000000000E+000
         232  0.000000000000000E+000  0.000000000000000E+000
         233  0.000000000000000E+000  0.000000000000000E+000
         234  0.000000000000000E+000  0.000000000000000E+000
         235  0.000000000000000E+000  0.000000000000000E+000
         236  0.000000000000000E+000  0.000000000000000E+000
         237  0.000000000000000E+000  0.000000000000000E+000
         238  0.000000000000000E+000  0.000000000000000E+000
         239  0.000000000000000E+000  0.000000000000000E+000
         240  0.000000000000000E+000  0.000000000000000E+000
         241  0.000000000000000E+000  0.000000000000000E+000
         242  0.000000000000000E+000  0.000000000000000E+000
         243  0.000000000000000E+000  0.000000000000000E+000
         244  0.000000000000000E+000  0.000000000000000E+000
         245  0.000000000000000E+000  0.000000000000000E+000
         246  0.000000000000000E+000  0.000000000000000E+000
         247  0.000000000000000E+000  0.000000000000000E+000
         248  0.000000000000000E+000  0.000000000000000E+000
         249  0.000000000000000E+000  0.000000000000000E+000
         250  0.000000000000000E+000  0.000000000000000E+000
         251  0.000000000000000E+000  0.000000000000000E+000
         252  0.000000000000000E+000  0.000000000000000E+000
         253  0.000000000000000E+000  0.000000000000000E+000
         254  0.000000000000000E+000  0.000000000000000E+000
         255  0.000000000000000E+000  0.000000000000000E+000
         256  0.000000000000000E+000  0.000000000000000E+000
         257  0.000000000000000E+000  0.000000000000000E+000
         258  0.000000000000000E+000  0.000000000000000E+000
         259  0.000000000000000E+000  0.000000000000000E+000
         260  0.000000000000000E+000  0.000000000000000E+000
         261  0.000000000000000E+000  0.000000000000000E+000
         262  0.000000000000000E+000  0.000000000000000E+000
         263  0.000000000000000E+000  0.000000000000000E+000
         264  0.000000000000000E+000  0.000000000000000E+000
         265  0.000000000000000E+000  0.000000000000000E+000
         266  0.000000000000000E+000  0.000000000000000E+000
         267  0.000000000000000E+000  0.000000000000000E+000
         268  0.000000000000000E+000  0.000000000000000E+000
         269  0.000000000000000E+000  0.000000000000000E+000
         270  0.000000000000000E+000  0.000000000000000E+000
         271  0.000000000000000E+000  0.000000000000000E+000
         272  0.000000000000000E+000  0.000000000000000E+000
         273  0.000000000000000E+000  0.000000000000000E+000
         274  0.000000000000000E+000  0.000000000000000E+000
         275  0.000000000000000E+000  0.000000000000000E+000
         276  0.000000000000000E+000  0.000000000000000E+000
         277  0.000000000000000E+000  0.000000000000000E+000
         278  0.000000000000000E+000  0.000000000000000E+000
         279  0.000000000000000E+000  0.000000000000000E+000
         280  0.000000000000000E+000  0.000000000000000E+000
         281  0.000000000000000E+000  0.000000000000000E+000
         282  0.000000000000000E+000  0.000000000000000E+000
         283  0.000000000000000E+000  0.000000000000000E+000
         284  0.000000000000000E+000  0.000000000000000E+000
         285  0.000000000000000E+000  0.000000000000000E+000
         286  0.000000000000000E+000  0.000000000000000E+000
         287  0.000000000000000E+000  0.000000000000000E+000
         288  0.000000000000000E+000  0.000000000000000E+000
         289  0.000000000000000E+000  0.000000000000000E+000
         290  0.000000000000000E+000  0.000000000000000E+000
         291  0.000000000000000E+000  0.000000000000000E+000
         292  0.000000000000000E+000  0.000000000000000E+000
         293  0.000000000000000E+000  0.000000000000000E+000
         294  0.000000000000000E+000  0.000000000000000E+000
         295  0.000000000000000E+000  0.000000000000000E+000
         296  0.000000000000000E+000  0.000000000000000E+000
         297  0.000000000000000E+000  0.000000000000000E+000
         298  0.000000000000000E+000  0.000000000000000E+000
         299  0.000000000000000E+000  0.000000000000000E+000
         300  0.000000000000000E+000  0.000000000000000E+000
         301  0.000000000000000E+000  0.000000000000000E+000
         302  0.000000000000000E+000  0.000000000000000E+000
         303  0.000000000000000E+000  0.000000000000000E+000
         304  0.000000000000000E+000  0.000000000000000E+000
         305  0.000000000000000E+000  0.000000000000000E+000
         306  0.000000000000000E+000  0.000000000000000E+000
         307  0.000000000000000E+000  0.000000000000000E+000
         308  0.000000000000000E+000  0.000000000000000E+000
         309  0.000000000000000E+000  0.000000000000000E+000
         310  0.000000000000000E+000  0.000000000000000E+000
         311  0.000000000000000E+000  0.000000000000000E+000
         312  0.000000000000000E+000  0.000000000000000E+000
         313  0.000000000000000E+000  0.000000000000000E+000
         314  0.000000000000000E+000  0.000000000000000E+000
         315  0.000000000000000E+000  0.000000000000000E+000
         316  0.000000000000000E+000  0.000000000000000E+000
         317  0.000000000000000E+000  0.000000000000000E+000
         318  0.000000000000000E+000  0.000000000000000E+000
         319  0.000000000000000E+000  0.000000000000000E+000
         320  0.000000000000000E+000  0.000000000000000E+000
         321  0.000000000000000E+000  0.000000000000000E+000
         322  0.000000000000000E+000  0.000000000000000E+000
         323  0.000000000000000E+000  0.000000000000000E+000
         324  0.000000000000000E+000  0.000000000000000E+000
         325  0.000000000000000E+000  0.000000000000000E+000
         326  0.000000000000000E+000  0.000000000000000E+000
         327  0.000000000000000E+000  0.000000000000000E+000
         328  0.000000000000000E+000  0.000000000000000E+000
         329  0.000000000000000E+000  0.000000000000000E+000
         330  0.000000000000000E+000  0.000000000000000E+000
         331  0.000000000000000E+000  0.000000000000000E+000
         332  0.000000000000000E+000  0.000000000000000E+000
         333  0.000000000000000E+000  0.000000000000000E+000
         334  0.000000000000000E+000  0.000000000000000E+000
         335  0.000000000000000E+000  0.000000000000000E+000
         336  0.000000000000000E+000  0.000000000000000E+000
         337  0.000000000000000E+000  0.000000000000000E+000
         338  0.000000000000000E+000  0.000000000000000E+000
         339  0.000000000000000E+000  0.000000000000000E+000
         340  0.000000000000000E+000  0.000000000000000E+000
         341  0.000000000000000E+000  0.000000000000000E+000
         342  0.000000000000000E+000  0.000000000000000E+000
         343  0.000000000000000E+000  0.000000000000000E+000
         344  0.000000000000000E+000  0.000000000000000E+000
         345  0.000000000000000E+000  0.000000000000000E+000
         346  0.000000000000000E+000  0.000000000000000E+000
         347  0.000000000000000E+000  0.000000000000000E+000
         348  0.000000000000000E+000  0.000000000000000E+000
         349  0.000000000000000E+000  0.000000000000000E+000
         350  0.000000000000000E+000  0.000000000000000E+000
         351  0.000000000000000E+000  0.000000000000000E+000
         352  0.000000000000000E+000  0.000000000000000E+000
         353  0.000000000000000E+000  0.000000000000000E+000
         354  0.000000000000000E+000  0.000000000000000E+000
         355  0.000000000000000E+000  0.000000000000000E+000
         356  0.000000000000000E+000  0.000000000000000E+000
         357  0.000000000000000E+000  0.000000000000000E+000
         358  0.000000000000000E+000  0.000000000000000E+000
         359  0.000000000000000E+000  0.000000000000000E+000
         360  0.000000000000000E+000  0.000000000000000E+000
         361  0.000000000000000E+000  0.000000000000000E+000
         362  0.000000000000000E+000  0.000000000000000E+000
         363  0.000000000000000E+000  0.000000000000000E+000
         364  0.000000000000000E+000  0.000000000000000E+000
         365  0.000000000000000E+000  0.000000000000000E+000
         366  0.000000000000000E+000  0.000000000000000E+000
         367  0.000000000000000E+000  0.000000000000000E+000
         368  0.000000000000000E+000  0.000000000000000E+000
         369  0.000000000000000E+000  0.000000000000000E+000
         370  0.000000000000000E+000  0.000000000000000E+000
         371  0.000000000000000E+000  0.000000000000000E+000
         372  0.000000000000000E+000  0.000000000000000E+000
         373  0.000000000000000E+000  0.000000000000000E+000
         374  0.000000000000000E+000  0.000000000000000E+000
         375  0.000000000000000E+000  0.000000000000000E+000
         376  0.000000000000000E+000  0.000000000000000E+000
         377  0.000000000000000E+000  0.000000000000000E+000
         378  0.000000000000000E+000  0.000000000000000E+000
         379  0.000000000000000E+000  0.000000000000000E+000
         380  0.000000000000000E+000  0.000000000000000E+000
         381  0.000000000000000E+000  0.000000000000000E+000
         382  0.000000000000000E+000  0.000000000000000E+000
         383  0.000000000000000E+000  0.000000000000000E+000
         384  0.000000000000000E+000  0.000000000000000E+000
         385  0.000000000000000E+000  0.000000000000000E+000
         386  0.000000000000000E+000  0.000000000000000E+000
         387  0.000000000000000E+000  0.000000000000000E+000
         388  0.000000000000000E+000  0.000000000000000E+000
         389  0.000000000000000E+000  0.000000000000000E+000
         390  0.000000000000000E+000  0.000000000000000E+000
         391  0.000000000000000E+000  0.000000000000000E+000
         392  0.000000000000000E+000  0.000000000000000E+000
         393  0.000000000000000E+000  0.000000000000000E+000
         394  0.000000000000000E+000  0.000000000000000E+000
         395  0.000000000000000E+000  0.000000000000000E+000
         396  0.000000000000000E+000  0.000000000000000E+000
         397  0.000000000000000E+000  0.000000000000000E+000
         398  0.000000000000000E+000  0.000000000000000E+000
         399  0.000000000000000E+000  0.000000000000000E+000
         400  0.000000000000000E+000  0.000000000000000E+000
         401  0.000000000000000E+000  0.000000000000000E+000
         402  0.000000000000000E+000  0.000000000000000E+000
         403  0.000000000000000E+000  0.000000000000000E+000
         404  0.000000000000000E+000  0.000000000000000E+000
         405  0.000000000000000E+000  0.000000000000000E+000
         406  0.000000000000000E+000  0.000000000000000E+000
         407  0.000000000000000E+000  0.000000000000000E+000
         408  0.000000000000000E+000  0.000000000000000E+000
         409  0.000000000000000E+000  0.000000000000000E+000
         410  0.000000000000000E+000  0.000000000000000E+000
         411  0.000000000000000E+000  0.000000000000000E+000
         412  0.000000000000000E+000  0.000000000000000E+000
         413  0.000000000000000E+000  0.000000000000000E+000
         414  0.000000000000000E+000  0.000000000000000E+000
         415  0.000000000000000E+000  0.000000000000000E+000
         416  0.000000000000000E+000  0.000000000000000E+000
         417  0.000000000000000E+000  0.000000000000000E+000
         418  0.000000000000000E+000  0.000000000000000E+000
         419  0.000000000000000E+000  0.000000000000000E+000
         420  0.000000000000000E+000  0.000000000000000E+000
         421  0.000000000000000E+000  0.000000000000000E+000
         422  0.000000000000000E+000  0.000000000000000E+000
         423  0.000000000000000E+000  0.000000000000000E+000
         424  0.000000000000000E+000  0.000000000000000E+000
         425  0.000000000000000E+000  0.000000000000000E+000
         426  0.000000000000000E+000  0.000000000000000E+000
         427  0.000000000000000E+000  0.000000000000000E+000
         428  0.000000000000000E+000  0.000000000000000E+000
         429  0.000000000000000E+000  0.000000000000000E+000
         430  0.000000000000000E+000  0.000000000000000E+000
         431  0.000000000000000E+000  0.000000000000000E+000
         432  0.000000000000000E+000  0.000000000000000E+000
         433  0.000000000000000E+000  0.000000000000000E+000
         434  0.000000000000000E+000  0.000000000000000E+000
         435  0.000000000000000E+000  0.000000000000000E+000
         436  0.000000000000000E+000  0.000000000000000E+000
         437  0.000000000000000E+000  0.000000000000000E+000
         438  0.000000000000000E+000  0.000000000000000E+000
         439  0.000000000000000E+000  0.000000000000000E+000
         440  0.000000000000000E+000  0.000000000000000E+000
         441  0.000000000000000E+000  0.000000000000000E+000
         442  0.000000000000000E+000  0.000000000000000E+000
         443  0.000000000000000E+000  0.000000000000000E+000
         444  0.000000000000000E+000  0.000000000000000E+000
