           0  0.000000000000000E+000  0.000000000000000E+000
           1   1.02635861552041        1.20259061692086     
           2  0.560619848971985        2.60014969184927     
           3  0.227262288011712        2.13562676454935     
           4  0.165241152157030        2.67289355068116     
           5  0.114200297896913        2.90554340426321     
           6  6.807801917452870E-002   2.52527051912186     
           7  6.234501904412437E-002   3.09447022770746     
           8  5.015003669946289E-002   3.19708169266535     
           9  4.780620097891239E-002   3.90539264349726     
          10  3.860022082306723E-002   3.92261363296325     
          11  3.194898653286475E-002   3.88495016718199     
          12  3.001750208191783E-002   4.32890096888018     
          13  2.706797732632216E-002   4.59092981508445     
          14  2.357001163109381E-002   4.64857770491236     
          15  1.971719489028192E-002   4.44270849546349     
          16  2.038364719432747E-002   5.21039684740116     
          17  1.807379058810820E-002   5.23465056887493     
          18  1.621824760691351E-002   5.27587946458192     
          19  1.425245908502822E-002   5.15631636546502     
          20  1.363852823568348E-002   5.45743989674168     
          21  1.293749574300310E-002   5.71678690705990     
          22  1.130288074086857E-002   5.48253308617313     
          23  1.053487758687806E-002   5.57460088662114     
          24  9.725267935648398E-003   5.59881412846341     
          25  9.419222381895123E-003   5.88501085642417     
          26  8.525665758331817E-003   5.77050226542517     
          27  7.632737553735658E-003   5.57068235279328     
          28  7.213584821129879E-003   5.66201003957242     
          29  6.673686467354600E-003   5.61909346450607     
          30  6.272457561621250E-003   5.65155406896916     
          31  5.829416713013600E-003   5.60690509044851     
          32  5.435321254874094E-003   5.56722079456452     
          33  5.137100556206323E-003   5.59287671462433     
          34  4.861811676318743E-003   5.62294033435415     
          35  4.374821559981550E-003   5.36243381733266     
          36  4.174340814263149E-003   5.41096450656531     
          37  3.887412795631910E-003   5.32393651916783     
          38  3.625764160639667E-003   5.23999205773735     
          39  3.377368069416051E-003   5.13776185754895     
          40  3.222018928012173E-003   5.15652486143045     
          41  3.047949220361928E-003   5.12475311088925     
          42  2.791676147210553E-003   4.92812778032473     
          43  2.657211441899916E-003   4.91547088519731     
          44  2.473699920878553E-003   4.79111568521184     
          45  2.392147853110298E-003   4.84717711974753     
          46  2.159135016327922E-003   4.57116133581079     
          47  2.064184354976453E-003   4.55995887306975     
          48  1.941721090467153E-003   4.47354175037656     
          49  1.873195472192016E-003   4.49767536447439     
          50  1.744802350845727E-003   4.36366479766462     
          51  1.611511504635713E-003   4.19309244125449     
          52  1.542470158609589E-003   4.17203912865661     
          53  1.454043238012541E-003   4.08616728753665     
          54  1.370104805550980E-003   3.99685377628719     
          55  1.281370051669150E-003   3.87666648232212     
          56  1.216454225818682E-003   3.81400752802806     
          57  1.169693344494997E-003   3.80065206212633     
          58  1.093950048946991E-003   3.68105947404594     
          59  1.021451332499057E-003   3.55609529960344     
          60  9.731164995817380E-004   3.50345238667503     
          61  9.162781906520518E-004   3.41030417398055     
          62  8.739869123073644E-004   3.36064742054228     
          63  8.065346840159236E-004   3.20118441970349     
          64  7.807226863454371E-004   3.19700481454393     
          65  7.548773020770111E-004   3.18929400816973     
          66  6.956536391409647E-004   3.03070109943557     
          67  6.693665092294857E-004   3.00531054339445     
          68  6.219023713442538E-004   2.87606094056030     
          69  6.031439994852876E-004   2.87208458092685     
          70  5.565534108383284E-004   2.72758362316696     
          71  5.279385653030706E-004   2.66146677593801     
          72  5.130224903636711E-004   2.65931885782211     
          73  4.795935219620952E-004   2.55566825011570     
          74  4.626774195533969E-004   2.53383078796961     
          75  4.264136571925111E-004   2.39887300308007     
          76  4.124413074235167E-004   2.38249031956071     
          77  3.915619669830655E-004   2.32197994710140     
          78  3.683063376318419E-004   2.24102786134070     
          79  3.501892045840160E-004   2.18545365005547     
          80  3.340248889914982E-004   2.13744128163246     
          81  3.194006370177812E-004   2.09546256020499     
          82  3.026678418160078E-004   2.03520695074535     
          83  2.881842202218384E-004   1.98547094808889     
          84  2.723651528260804E-004   1.92174726503128     
          85  2.607142279877374E-004   1.88369927482889     
          86  2.476937220853172E-004   1.83229659704946     
          87  2.331094245727246E-004   1.76458351251915     
          88  2.240109700312085E-004   1.73473190625570     
          89  2.131261616484019E-004   1.68815087508196     
          90  2.037010776537852E-004   1.65020754513732     
          91  1.921490540563864E-004   1.59145573246694     
          92  1.845274130354256E-004   1.56197128414289     
          93  1.745342657325877E-004   1.50973075203123     
          94  1.662506607761051E-004   1.46907203333734     
          95  1.564150590979936E-004   1.41157651038984     
          96  1.511156382982728E-004   1.39243844997881     
          97  1.460435039611559E-004   1.37399363877313     
          98  1.394112431672271E-004   1.33902424432524     
          99  1.301497209801463E-004   1.27575013216661     
         100  1.247922174641376E-004   1.24798676815585     
         101  1.190995797423327E-004   1.21500000169679     
         102  1.143179028488777E-004   1.18943898618413     
         103  1.092537996752120E-004   1.15921747845591     
         104  1.022886735386576E-004   1.10632861907092     
         105  1.000403168842907E-004   1.10296247620057     
         106  9.392069217760622E-005   1.05536535708383     
         107  8.999748576024785E-005   1.03039864386249     
         108  8.618809208115655E-005   1.00529177848933     
         109  8.304492584831888E-005  0.986680967962547     
         110  7.832442741782751E-005  0.947852651069941     
         111  7.405260429690063E-005  0.912420794059611     
         112  7.178155581853755E-005  0.900386893727607     
         113  6.852903508610565E-005  0.875027990863129     
         114  6.605617890747451E-005  0.858492693321443     
         115  6.206584371720782E-005  0.820835491425315     
         116  6.010563376614649E-005  0.808763896377675     
         117  5.753560645679364E-005  0.787653857511055     
         118  5.398338355903030E-005  0.751700145235002     
         119  5.189364410434360E-005  0.734831385804672     
         120  5.056299338402816E-005  0.728071041693116     
         121  4.794293141283797E-005  0.701903909589652     
         122  4.585925760703155E-005  0.682600038890196     
         123  4.403426953749527E-005  0.666225723426426     
         124  4.201737725583407E-005  0.646074534426449     
         125  4.070067428372869E-005  0.635979160977834     
         126  3.855748286017373E-005  0.612172389249198     
         127  3.702304279134568E-005  0.597142897470259     
         128  3.556807046806562E-005  0.582724938671412     
         129  3.431604143120671E-005  0.571067853873684     
         130  3.283551615713013E-005  0.554963126017178     
         131  3.138572238157257E-005  0.538607698824419     
         132  3.047580476532412E-005  0.531021167607582     
         133  2.892314543370730E-005  0.511659433894688     
         134  2.800762442463670E-005  0.502921831136906     
         135  2.669987136142854E-005  0.486610139590802     
         136  2.596240695845109E-005  0.480193855803124     
         137  2.521561685528965E-005  0.473300261255251     
         138  2.392756793487466E-005  0.455717023276215     
         139  2.307020056491929E-005  0.445747849285317     
         140  2.251027370637495E-005  0.441205352763441     
         141  2.166688375633092E-005  0.430763159528142     
         142  2.102596897299160E-005  0.423983411975998     
         143  2.008836840116890E-005  0.410794001523146     
         144  1.965142682898397E-005  0.407469793066362     
         145  1.916707153477462E-005  0.402965155645651     
         146  1.855015511145661E-005  0.395421123610218     
         147  1.805661225907578E-005  0.390195448995763     
         148  1.758353695016933E-005  0.385157975891587     
         149  1.717649597710913E-005  0.381361905573909     
         150  1.674997204561446E-005  0.376912911629480     
         151  1.632805849898181E-005  0.372322213059609     
         152  1.599813748911873E-005  0.369629455661859     
         153  1.580604541604810E-005  0.370015692608583     
         154  1.556771098650358E-005  0.369228971146666     
         155  1.520017225268666E-005  0.365207772403339     
         156  1.520692652361195E-005  0.370081683647083     
         157  1.512051242186681E-005  0.372719840078788     
         158  1.493309804583963E-005  0.372816361515638     
         159  1.491534144071591E-005  0.377079858939128     
         160  1.507786950857740E-005  0.385989346717888     
         161  1.526953069277210E-005  0.395828096478867     
         162  1.523579451887734E-005  0.399881739094345     
         163  1.571967360241721E-005  0.417690299103527     
         164  1.589041119423878E-005  0.427421021843284     
         165  1.654412788311799E-005  0.450455126838068     
         166  1.692260025193941E-005  0.466354524202955     
         167  1.796584404450488E-005  0.501078737005590     
         168  1.912729370508853E-005  0.539907531136026     
         169  2.100430920916608E-005  0.599978403061847     
         170  2.460935984802954E-005  0.711373047811523     
         171  4.244845301102087E-006  0.123523899745921     
         172  0.000000000000000E+000  0.000000000000000E+000
         173  0.000000000000000E+000  0.000000000000000E+000
         174  0.000000000000000E+000  0.000000000000000E+000
         175  0.000000000000000E+000  0.000000000000000E+000
         176  0.000000000000000E+000  0.000000000000000E+000
         177  0.000000000000000E+000  0.000000000000000E+000
         178  0.000000000000000E+000  0.000000000000000E+000
         179  0.000000000000000E+000  0.000000000000000E+000
         180  0.000000000000000E+000  0.000000000000000E+000
         181  0.000000000000000E+000  0.000000000000000E+000
         182  0.000000000000000E+000  0.000000000000000E+000
         183  0.000000000000000E+000  0.000000000000000E+000
         184  0.000000000000000E+000  0.000000000000000E+000
         185  0.000000000000000E+000  0.000000000000000E+000
         186  0.000000000000000E+000  0.000000000000000E+000
         187  0.000000000000000E+000  0.000000000000000E+000
         188  0.000000000000000E+000  0.000000000000000E+000
         189  0.000000000000000E+000  0.000000000000000E+000
         190  0.000000000000000E+000  0.000000000000000E+000
         191  0.000000000000000E+000  0.000000000000000E+000
         192  0.000000000000000E+000  0.000000000000000E+000
         193  0.000000000000000E+000  0.000000000000000E+000
         194  0.000000000000000E+000  0.000000000000000E+000
         195  0.000000000000000E+000  0.000000000000000E+000
         196  0.000000000000000E+000  0.000000000000000E+000
         197  0.000000000000000E+000  0.000000000000000E+000
         198  0.000000000000000E+000  0.000000000000000E+000
         199  0.000000000000000E+000  0.000000000000000E+000
         200  0.000000000000000E+000  0.000000000000000E+000
         201  0.000000000000000E+000  0.000000000000000E+000
         202  0.000000000000000E+000  0.000000000000000E+000
         203  0.000000000000000E+000  0.000000000000000E+000
         204  0.000000000000000E+000  0.000000000000000E+000
         205  0.000000000000000E+000  0.000000000000000E+000
         206  0.000000000000000E+000  0.000000000000000E+000
         207  0.000000000000000E+000  0.000000000000000E+000
         208  0.000000000000000E+000  0.000000000000000E+000
         209  0.000000000000000E+000  0.000000000000000E+000
         210  0.000000000000000E+000  0.000000000000000E+000
         211  0.000000000000000E+000  0.000000000000000E+000
         212  0.000000000000000E+000  0.000000000000000E+000
         213  0.000000000000000E+000  0.000000000000000E+000
         214  0.000000000000000E+000  0.000000000000000E+000
         215  0.000000000000000E+000  0.000000000000000E+000
         216  0.000000000000000E+000  0.000000000000000E+000
         217  0.000000000000000E+000  0.000000000000000E+000
         218  0.000000000000000E+000  0.000000000000000E+000
         219  0.000000000000000E+000  0.000000000000000E+000
         220  0.000000000000000E+000  0.000000000000000E+000
         221  0.000000000000000E+000  0.000000000000000E+000
         222  0.000000000000000E+000  0.000000000000000E+000
         223  0.000000000000000E+000  0.000000000000000E+000
         224  0.000000000000000E+000  0.000000000000000E+000
         225  0.000000000000000E+000  0.000000000000000E+000
         226  0.000000000000000E+000  0.000000000000000E+000
         227  0.000000000000000E+000  0.000000000000000E+000
         228  0.000000000000000E+000  0.000000000000000E+000
         229  0.000000000000000E+000  0.000000000000000E+000
         230  0.000000000000000E+000  0.000000000000000E+000
         231  0.000000000000000E+000  0.000000000000000E+000
         232  0.000000000000000E+000  0.000000000000000E+000
         233  0.000000000000000E+000  0.000000000000000E+000
         234  0.000000000000000E+000  0.000000000000000E+000
         235  0.000000000000000E+000  0.000000000000000E+000
         236  0.000000000000000E+000  0.000000000000000E+000
         237  0.000000000000000E+000  0.000000000000000E+000
         238  0.000000000000000E+000  0.000000000000000E+000
         239  0.000000000000000E+000  0.000000000000000E+000
         240  0.000000000000000E+000  0.000000000000000E+000
         241  0.000000000000000E+000  0.000000000000000E+000
         242  0.000000000000000E+000  0.000000000000000E+000
         243  0.000000000000000E+000  0.000000000000000E+000
         244  0.000000000000000E+000  0.000000000000000E+000
         245  0.000000000000000E+000  0.000000000000000E+000
         246  0.000000000000000E+000  0.000000000000000E+000
         247  0.000000000000000E+000  0.000000000000000E+000
         248  0.000000000000000E+000  0.000000000000000E+000
         249  0.000000000000000E+000  0.000000000000000E+000
         250  0.000000000000000E+000  0.000000000000000E+000
         251  0.000000000000000E+000  0.000000000000000E+000
         252  0.000000000000000E+000  0.000000000000000E+000
         253  0.000000000000000E+000  0.000000000000000E+000
         254  0.000000000000000E+000  0.000000000000000E+000
         255  0.000000000000000E+000  0.000000000000000E+000
         256  0.000000000000000E+000  0.000000000000000E+000
         257  0.000000000000000E+000  0.000000000000000E+000
         258  0.000000000000000E+000  0.000000000000000E+000
         259  0.000000000000000E+000  0.000000000000000E+000
         260  0.000000000000000E+000  0.000000000000000E+000
         261  0.000000000000000E+000  0.000000000000000E+000
         262  0.000000000000000E+000  0.000000000000000E+000
         263  0.000000000000000E+000  0.000000000000000E+000
         264  0.000000000000000E+000  0.000000000000000E+000
         265  0.000000000000000E+000  0.000000000000000E+000
         266  0.000000000000000E+000  0.000000000000000E+000
         267  0.000000000000000E+000  0.000000000000000E+000
         268  0.000000000000000E+000  0.000000000000000E+000
         269  0.000000000000000E+000  0.000000000000000E+000
         270  0.000000000000000E+000  0.000000000000000E+000
         271  0.000000000000000E+000  0.000000000000000E+000
         272  0.000000000000000E+000  0.000000000000000E+000
         273  0.000000000000000E+000  0.000000000000000E+000
         274  0.000000000000000E+000  0.000000000000000E+000
         275  0.000000000000000E+000  0.000000000000000E+000
         276  0.000000000000000E+000  0.000000000000000E+000
         277  0.000000000000000E+000  0.000000000000000E+000
         278  0.000000000000000E+000  0.000000000000000E+000
         279  0.000000000000000E+000  0.000000000000000E+000
         280  0.000000000000000E+000  0.000000000000000E+000
         281  0.000000000000000E+000  0.000000000000000E+000
         282  0.000000000000000E+000  0.000000000000000E+000
         283  0.000000000000000E+000  0.000000000000000E+000
         284  0.000000000000000E+000  0.000000000000000E+000
         285  0.000000000000000E+000  0.000000000000000E+000
         286  0.000000000000000E+000  0.000000000000000E+000
         287  0.000000000000000E+000  0.000000000000000E+000
         288  0.000000000000000E+000  0.000000000000000E+000
         289  0.000000000000000E+000  0.000000000000000E+000
         290  0.000000000000000E+000  0.000000000000000E+000
         291  0.000000000000000E+000  0.000000000000000E+000
         292  0.000000000000000E+000  0.000000000000000E+000
         293  0.000000000000000E+000  0.000000000000000E+000
         294  0.000000000000000E+000  0.000000000000000E+000
         295  0.000000000000000E+000  0.000000000000000E+000
         296  0.000000000000000E+000  0.000000000000000E+000
         297  0.000000000000000E+000  0.000000000000000E+000
         298  0.000000000000000E+000  0.000000000000000E+000
         299  0.000000000000000E+000  0.000000000000000E+000
         300  0.000000000000000E+000  0.000000000000000E+000
         301  0.000000000000000E+000  0.000000000000000E+000
         302  0.000000000000000E+000  0.000000000000000E+000
         303  0.000000000000000E+000  0.000000000000000E+000
         304  0.000000000000000E+000  0.000000000000000E+000
         305  0.000000000000000E+000  0.000000000000000E+000
         306  0.000000000000000E+000  0.000000000000000E+000
         307  0.000000000000000E+000  0.000000000000000E+000
         308  0.000000000000000E+000  0.000000000000000E+000
         309  0.000000000000000E+000  0.000000000000000E+000
         310  0.000000000000000E+000  0.000000000000000E+000
         311  0.000000000000000E+000  0.000000000000000E+000
         312  0.000000000000000E+000  0.000000000000000E+000
         313  0.000000000000000E+000  0.000000000000000E+000
         314  0.000000000000000E+000  0.000000000000000E+000
         315  0.000000000000000E+000  0.000000000000000E+000
         316  0.000000000000000E+000  0.000000000000000E+000
         317  0.000000000000000E+000  0.000000000000000E+000
         318  0.000000000000000E+000  0.000000000000000E+000
         319  0.000000000000000E+000  0.000000000000000E+000
         320  0.000000000000000E+000  0.000000000000000E+000
         321  0.000000000000000E+000  0.000000000000000E+000
         322  0.000000000000000E+000  0.000000000000000E+000
         323  0.000000000000000E+000  0.000000000000000E+000
         324  0.000000000000000E+000  0.000000000000000E+000
         325  0.000000000000000E+000  0.000000000000000E+000
         326  0.000000000000000E+000  0.000000000000000E+000
         327  0.000000000000000E+000  0.000000000000000E+000
         328  0.000000000000000E+000  0.000000000000000E+000
         329  0.000000000000000E+000  0.000000000000000E+000
         330  0.000000000000000E+000  0.000000000000000E+000
         331  0.000000000000000E+000  0.000000000000000E+000
         332  0.000000000000000E+000  0.000000000000000E+000
         333  0.000000000000000E+000  0.000000000000000E+000
         334  0.000000000000000E+000  0.000000000000000E+000
         335  0.000000000000000E+000  0.000000000000000E+000
         336  0.000000000000000E+000  0.000000000000000E+000
         337  0.000000000000000E+000  0.000000000000000E+000
         338  0.000000000000000E+000  0.000000000000000E+000
         339  0.000000000000000E+000  0.000000000000000E+000
         340  0.000000000000000E+000  0.000000000000000E+000
         341  0.000000000000000E+000  0.000000000000000E+000
         342  0.000000000000000E+000  0.000000000000000E+000
         343  0.000000000000000E+000  0.000000000000000E+000
         344  0.000000000000000E+000  0.000000000000000E+000
         345  0.000000000000000E+000  0.000000000000000E+000
         346  0.000000000000000E+000  0.000000000000000E+000
         347  0.000000000000000E+000  0.000000000000000E+000
         348  0.000000000000000E+000  0.000000000000000E+000
         349  0.000000000000000E+000  0.000000000000000E+000
         350  0.000000000000000E+000  0.000000000000000E+000
         351  0.000000000000000E+000  0.000000000000000E+000
         352  0.000000000000000E+000  0.000000000000000E+000
         353  0.000000000000000E+000  0.000000000000000E+000
         354  0.000000000000000E+000  0.000000000000000E+000
         355  0.000000000000000E+000  0.000000000000000E+000
         356  0.000000000000000E+000  0.000000000000000E+000
         357  0.000000000000000E+000  0.000000000000000E+000
         358  0.000000000000000E+000  0.000000000000000E+000
         359  0.000000000000000E+000  0.000000000000000E+000
         360  0.000000000000000E+000  0.000000000000000E+000
         361  0.000000000000000E+000  0.000000000000000E+000
         362  0.000000000000000E+000  0.000000000000000E+000
         363  0.000000000000000E+000  0.000000000000000E+000
         364  0.000000000000000E+000  0.000000000000000E+000
         365  0.000000000000000E+000  0.000000000000000E+000
         366  0.000000000000000E+000  0.000000000000000E+000
         367  0.000000000000000E+000  0.000000000000000E+000
         368  0.000000000000000E+000  0.000000000000000E+000
         369  0.000000000000000E+000  0.000000000000000E+000
         370  0.000000000000000E+000  0.000000000000000E+000
         371  0.000000000000000E+000  0.000000000000000E+000
         372  0.000000000000000E+000  0.000000000000000E+000
         373  0.000000000000000E+000  0.000000000000000E+000
         374  0.000000000000000E+000  0.000000000000000E+000
         375  0.000000000000000E+000  0.000000000000000E+000
         376  0.000000000000000E+000  0.000000000000000E+000
         377  0.000000000000000E+000  0.000000000000000E+000
         378  0.000000000000000E+000  0.000000000000000E+000
         379  0.000000000000000E+000  0.000000000000000E+000
         380  0.000000000000000E+000  0.000000000000000E+000
         381  0.000000000000000E+000  0.000000000000000E+000
         382  0.000000000000000E+000  0.000000000000000E+000
         383  0.000000000000000E+000  0.000000000000000E+000
         384  0.000000000000000E+000  0.000000000000000E+000
         385  0.000000000000000E+000  0.000000000000000E+000
         386  0.000000000000000E+000  0.000000000000000E+000
         387  0.000000000000000E+000  0.000000000000000E+000
         388  0.000000000000000E+000  0.000000000000000E+000
         389  0.000000000000000E+000  0.000000000000000E+000
         390  0.000000000000000E+000  0.000000000000000E+000
         391  0.000000000000000E+000  0.000000000000000E+000
         392  0.000000000000000E+000  0.000000000000000E+000
         393  0.000000000000000E+000  0.000000000000000E+000
         394  0.000000000000000E+000  0.000000000000000E+000
         395  0.000000000000000E+000  0.000000000000000E+000
         396  0.000000000000000E+000  0.000000000000000E+000
         397  0.000000000000000E+000  0.000000000000000E+000
         398  0.000000000000000E+000  0.000000000000000E+000
         399  0.000000000000000E+000  0.000000000000000E+000
         400  0.000000000000000E+000  0.000000000000000E+000
         401  0.000000000000000E+000  0.000000000000000E+000
         402  0.000000000000000E+000  0.000000000000000E+000
         403  0.000000000000000E+000  0.000000000000000E+000
         404  0.000000000000000E+000  0.000000000000000E+000
         405  0.000000000000000E+000  0.000000000000000E+000
         406  0.000000000000000E+000  0.000000000000000E+000
         407  0.000000000000000E+000  0.000000000000000E+000
         408  0.000000000000000E+000  0.000000000000000E+000
         409  0.000000000000000E+000  0.000000000000000E+000
         410  0.000000000000000E+000  0.000000000000000E+000
         411  0.000000000000000E+000  0.000000000000000E+000
         412  0.000000000000000E+000  0.000000000000000E+000
         413  0.000000000000000E+000  0.000000000000000E+000
         414  0.000000000000000E+000  0.000000000000000E+000
         415  0.000000000000000E+000  0.000000000000000E+000
         416  0.000000000000000E+000  0.000000000000000E+000
         417  0.000000000000000E+000  0.000000000000000E+000
         418  0.000000000000000E+000  0.000000000000000E+000
         419  0.000000000000000E+000  0.000000000000000E+000
         420  0.000000000000000E+000  0.000000000000000E+000
         421  0.000000000000000E+000  0.000000000000000E+000
         422  0.000000000000000E+000  0.000000000000000E+000
         423  0.000000000000000E+000  0.000000000000000E+000
         424  0.000000000000000E+000  0.000000000000000E+000
         425  0.000000000000000E+000  0.000000000000000E+000
         426  0.000000000000000E+000  0.000000000000000E+000
         427  0.000000000000000E+000  0.000000000000000E+000
         428  0.000000000000000E+000  0.000000000000000E+000
         429  0.000000000000000E+000  0.000000000000000E+000
         430  0.000000000000000E+000  0.000000000000000E+000
         431  0.000000000000000E+000  0.000000000000000E+000
         432  0.000000000000000E+000  0.000000000000000E+000
         433  0.000000000000000E+000  0.000000000000000E+000
         434  0.000000000000000E+000  0.000000000000000E+000
         435  0.000000000000000E+000  0.000000000000000E+000
         436  0.000000000000000E+000  0.000000000000000E+000
         437  0.000000000000000E+000  0.000000000000000E+000
         438  0.000000000000000E+000  0.000000000000000E+000
         439  0.000000000000000E+000  0.000000000000000E+000
         440  0.000000000000000E+000  0.000000000000000E+000
         441  0.000000000000000E+000  0.000000000000000E+000
         442  0.000000000000000E+000  0.000000000000000E+000
         443  0.000000000000000E+000  0.000000000000000E+000
         444  0.000000000000000E+000  0.000000000000000E+000
