           0  0.000000000000000E+000  0.000000000000000E+000
           1   1.16414127264128        1.48916972089836     
           2  0.472648729030791        2.35265931698926     
           3  0.185825585072899        1.76105379063513     
           4  0.166807057131575        2.61909475583271     
           5  0.103732501284349        2.62318579115865     
           6  8.119709859186185E-002   3.02361082950133     
           7  6.086926584679035E-002   3.01987377328164     
           8  5.254385176106392E-002   3.35982972663279     
           9  5.222313779133961E-002   4.25690437604565     
          10  3.806908243678124E-002   3.86235180064757     
          11  3.482110679495749E-002   4.25014815092792     
          12  3.244465984685518E-002   4.68422963539141     
          13  2.815976577020178E-002   4.77436022902775     
          14  2.429124211972191E-002   4.79036159942762     
          15  2.045524704038657E-002   4.60328078443289     
          16  2.090286049509486E-002   5.34790541420084     
          17  1.931145492159982E-002   5.59212335062559     
          18  1.694645316550479E-002   5.51313426198184     
          19  1.499156647257703E-002   5.42876339951783     
          20  1.391042988320299E-002   5.56427342451915     
          21  1.369254465253533E-002   6.05267635838681     
          22  1.204073441980475E-002   5.83850968681901     
          23  1.119302955614801E-002   5.92274328297908     
          24  1.010599600058905E-002   5.81911610602765     
          25  9.651189678992384E-003   6.03092621046864     
          26  9.042251991326078E-003   6.12009130700373     
          27  7.881598356166355E-003   5.75258752462135     
          28  7.692202121714955E-003   6.03809967152534     
          29  6.986705245346276E-003   5.88234493405155     
          30  6.513707960729376E-003   5.86645180165472     
          31  6.120857244219308E-003   5.88668097627574     
          32  5.585202620408828E-003   5.72094263554108     
          33  5.398044673652674E-003   5.87722212684346     
          34  4.996104558027322E-003   5.77863794478317     
          35  4.510275480901739E-003   5.52764608928130     
          36  4.386611311489369E-003   5.68741619480965     
          37  4.064551587945281E-003   5.56807477201650     
          38  3.812910434376805E-003   5.50815047042075     
          39  3.498876188535700E-003   5.32375514932150     
          40  3.449417782755826E-003   5.51925955942700     
          41  3.204448909716110E-003   5.38787278669771     
          42  2.931826409464771E-003   5.17488333788767     
          43  2.782702276498729E-003   5.14811162303144     
          44  2.590273710638791E-003   5.01684809231050     
          45  2.491046447115374E-003   5.04660383223534     
          46  2.258292724429305E-003   4.78144815311465     
          47  2.143672946979685E-003   4.73538764077495     
          48  2.042547088410586E-003   4.70474145678728     
          49  1.959768100164671E-003   4.70545567170711     
          50  1.832829643289051E-003   4.58378078491652     
          51  1.685510226610942E-003   4.38533243568697     
          52  1.618485947164953E-003   4.37720430144697     
          53  1.526216714228471E-003   4.28861007431254     
          54  1.422381973638964E-003   4.14918814313192     
          55  1.340791682503741E-003   4.05620683582883     
          56  1.281600600923123E-003   4.01804211987890     
          57  1.227192463328463E-003   3.98725082244178     
          58  1.123472306207044E-003   3.78046628630541     
          59  1.080264246641045E-003   3.76067569855896     
          60  1.034672708988098E-003   3.72551263182203     
          61  9.606463509050714E-004   3.57567413793367     
          62  9.202326979758217E-004   3.53799127900600     
          63  8.507193939428254E-004   3.37664451693151     
          64  8.293533534864813E-004   3.39587516710963     
          65  7.934879698642555E-004   3.35251938400424     
          66  7.352111020470216E-004   3.20297757879773     
          67  7.054347736541012E-004   3.16703716415535     
          68  6.631608992040430E-004   3.06693945423249     
          69  6.401324146582618E-004   3.04823159534035     
          70  5.927351953064942E-004   2.90512681539407     
          71  5.594933297632908E-004   2.82031475640763     
          72  5.425946167625815E-004   2.81268991782978     
          73  5.061059265385565E-004   2.69713653223474     
          74  4.883632267049694E-004   2.67465152522075     
          75  4.554881264281588E-004   2.56262013354470     
          76  4.369439922397720E-004   2.52391714306270     
          77  4.164130070493703E-004   2.46928916135967     
          78  3.923482253222249E-004   2.38730050991159     
          79  3.746316645855581E-004   2.33792314245911     
          80  3.549758644374414E-004   2.27159969924199     
          81  3.421099947304386E-004   2.24450068249288     
          82  3.225022049593171E-004   2.16865902442029     
          83  3.044673601387787E-004   2.09759122367314     
          84  2.882403018460304E-004   2.03392748424033     
          85  2.794349475624416E-004   2.01909383147528     
          86  2.638083014113871E-004   1.95145914138266     
          87  2.492583639713702E-004   1.88680414934263     
          88  2.391977794912653E-004   1.85234899513961     
          89  2.293018254208245E-004   1.81634839738709     
          90  2.182843765666549E-004   1.76834076097279     
          91  2.058780540724885E-004   1.70519801572356     
          92  1.981589471410179E-004   1.67742342092744     
          93  1.872067930426212E-004   1.61932826961203     
          94  1.792487320436622E-004   1.58394871322127     
          95  1.687569646686771E-004   1.52288115508444     
          96  1.627739867580591E-004   1.49984036055478     
          97  1.553059038969428E-004   1.46112138350110     
          98  1.497390103598289E-004   1.43819752411216     
          99  1.394196715870853E-004   1.36659384303954     
         100  1.347027920079343E-004   1.34709407806510     
         101  1.285719032961746E-004   1.31159690182022     
         102  1.226438276434907E-004   1.27605753885282     
         103  1.168906142679064E-004   1.24026167823150     
         104  1.098588196348468E-004   1.18818360319664     
         105  1.074102813872315E-004   1.18417921754576     
         106  1.014253930856447E-004   1.13968421174412     
         107  9.660599223944198E-005   1.10604811866493     
         108  9.307943927711550E-005   1.08567913112079     
         109  8.934869836855778E-005   1.06158548075497     
         110  8.442697277649611E-005   1.02167656769121     
         111  8.002134992593508E-005  0.985981461169595     
         112  7.741426201541341E-005  0.971059980470371     
         113  7.427039812684038E-005  0.948321256350723     
         114  7.126935155729315E-005  0.926210030049104     
         115  6.738063221973851E-005  0.891122630067463     
         116  6.517794623343849E-005  0.877010519735950     
         117  6.265583434352826E-005  0.857754613510945     
         118  5.884617014173575E-005  0.819411475426632     
         119  5.659266770855036E-005  0.801378299448110     
         120  5.457882670566056E-005  0.785894820283910     
         121  5.224684633413127E-005  0.764926707431897     
         122  5.016337954128202E-005  0.746658162661256     
         123  4.778835282055043E-005  0.723001997188505     
         124  4.572296189233617E-005  0.703032369020472     
         125  4.426647660915601E-005  0.691703665160228     
         126  4.202344105738885E-005  0.667215557902253     
         127  4.042556162998285E-005  0.652031366583126     
         128  3.891290685475632E-005  0.637524663064336     
         129  3.776247136255621E-005  0.628406914128294     
         130  3.580424409262815E-005  0.605122218751341     
         131  3.422530632203152E-005  0.587344024177906     
         132  3.352539436463825E-005  0.584149985360257     
         133  3.176946513086664E-005  0.561990378517534     
         134  3.087557430695762E-005  0.554423677081446     
         135  2.944113370966084E-005  0.536570966555540     
         136  2.862516970724542E-005  0.529442203314906     
         137  2.783977388180651E-005  0.522548826882225     
         138  2.636929647461042E-005  0.502218361608645     
         139  2.549261334992639E-005  0.492553007360394     
         140  2.484223986083682E-005  0.486900701558856     
         141  2.394321417502733E-005  0.476021986650192     
         142  2.330301740624231E-005  0.469904603781173     
         143  2.228612130522356E-005  0.455735739279186     
         144  2.177563001041405E-005  0.451517989686467     
         145  2.126441350954110E-005  0.447062795790547     
         146  2.059380242108951E-005  0.438979388133991     
         147  1.997054979094850E-005  0.431552981485753     
         148  1.945223128334367E-005  0.426094783443139     
         149  1.911916838131234E-005  0.424492113975677     
         150  1.869126368818916E-005  0.420595494726243     
         151  1.818881897409862E-005  0.414751827696174     
         152  1.783104546077228E-005  0.411978773210134     
         153  1.758531902941996E-005  0.411666733322588     
         154  1.744824787715978E-005  0.413828767665313     
         155  1.695906564625535E-005  0.407460894198785     
         156  1.699264066467208E-005  0.413543273080951     
         157  1.692564495632770E-005  0.417221690035334     
         158  1.674412839908749E-005  0.418023307443747     
         159  1.675773970312749E-005  0.423660482645076     
         160  1.681778671624471E-005  0.430529595448746     
         161  1.718576352496941E-005  0.445499554737729     
         162  1.708344940234965E-005  0.448374873292600     
         163  1.762316230174763E-005  0.468273777437367     
         164  1.787927584366294E-005  0.480918892677693     
         165  1.868516790505828E-005  0.508749398984257     
         166  1.915403832922914E-005  0.527852496897185     
         167  2.027593429917209E-005  0.565507424384128     
         168  2.148601523242983E-005  0.606483519630417     
         169  2.365076531028425E-005  0.675580421431750     
         170  2.777242372051985E-005  0.802821484037756     
         171  4.766660837296822E-006  0.138708967289498     
         172  0.000000000000000E+000  0.000000000000000E+000
         173  0.000000000000000E+000  0.000000000000000E+000
         174  0.000000000000000E+000  0.000000000000000E+000
         175  0.000000000000000E+000  0.000000000000000E+000
         176  0.000000000000000E+000  0.000000000000000E+000
         177  0.000000000000000E+000  0.000000000000000E+000
         178  0.000000000000000E+000  0.000000000000000E+000
         179  0.000000000000000E+000  0.000000000000000E+000
         180  0.000000000000000E+000  0.000000000000000E+000
         181  0.000000000000000E+000  0.000000000000000E+000
         182  0.000000000000000E+000  0.000000000000000E+000
         183  0.000000000000000E+000  0.000000000000000E+000
         184  0.000000000000000E+000  0.000000000000000E+000
         185  0.000000000000000E+000  0.000000000000000E+000
         186  0.000000000000000E+000  0.000000000000000E+000
         187  0.000000000000000E+000  0.000000000000000E+000
         188  0.000000000000000E+000  0.000000000000000E+000
         189  0.000000000000000E+000  0.000000000000000E+000
         190  0.000000000000000E+000  0.000000000000000E+000
         191  0.000000000000000E+000  0.000000000000000E+000
         192  0.000000000000000E+000  0.000000000000000E+000
         193  0.000000000000000E+000  0.000000000000000E+000
         194  0.000000000000000E+000  0.000000000000000E+000
         195  0.000000000000000E+000  0.000000000000000E+000
         196  0.000000000000000E+000  0.000000000000000E+000
         197  0.000000000000000E+000  0.000000000000000E+000
         198  0.000000000000000E+000  0.000000000000000E+000
         199  0.000000000000000E+000  0.000000000000000E+000
         200  0.000000000000000E+000  0.000000000000000E+000
         201  0.000000000000000E+000  0.000000000000000E+000
         202  0.000000000000000E+000  0.000000000000000E+000
         203  0.000000000000000E+000  0.000000000000000E+000
         204  0.000000000000000E+000  0.000000000000000E+000
         205  0.000000000000000E+000  0.000000000000000E+000
         206  0.000000000000000E+000  0.000000000000000E+000
         207  0.000000000000000E+000  0.000000000000000E+000
         208  0.000000000000000E+000  0.000000000000000E+000
         209  0.000000000000000E+000  0.000000000000000E+000
         210  0.000000000000000E+000  0.000000000000000E+000
         211  0.000000000000000E+000  0.000000000000000E+000
         212  0.000000000000000E+000  0.000000000000000E+000
         213  0.000000000000000E+000  0.000000000000000E+000
         214  0.000000000000000E+000  0.000000000000000E+000
         215  0.000000000000000E+000  0.000000000000000E+000
         216  0.000000000000000E+000  0.000000000000000E+000
         217  0.000000000000000E+000  0.000000000000000E+000
         218  0.000000000000000E+000  0.000000000000000E+000
         219  0.000000000000000E+000  0.000000000000000E+000
         220  0.000000000000000E+000  0.000000000000000E+000
         221  0.000000000000000E+000  0.000000000000000E+000
         222  0.000000000000000E+000  0.000000000000000E+000
         223  0.000000000000000E+000  0.000000000000000E+000
         224  0.000000000000000E+000  0.000000000000000E+000
         225  0.000000000000000E+000  0.000000000000000E+000
         226  0.000000000000000E+000  0.000000000000000E+000
         227  0.000000000000000E+000  0.000000000000000E+000
         228  0.000000000000000E+000  0.000000000000000E+000
         229  0.000000000000000E+000  0.000000000000000E+000
         230  0.000000000000000E+000  0.000000000000000E+000
         231  0.000000000000000E+000  0.000000000000000E+000
         232  0.000000000000000E+000  0.000000000000000E+000
         233  0.000000000000000E+000  0.000000000000000E+000
         234  0.000000000000000E+000  0.000000000000000E+000
         235  0.000000000000000E+000  0.000000000000000E+000
         236  0.000000000000000E+000  0.000000000000000E+000
         237  0.000000000000000E+000  0.000000000000000E+000
         238  0.000000000000000E+000  0.000000000000000E+000
         239  0.000000000000000E+000  0.000000000000000E+000
         240  0.000000000000000E+000  0.000000000000000E+000
         241  0.000000000000000E+000  0.000000000000000E+000
         242  0.000000000000000E+000  0.000000000000000E+000
         243  0.000000000000000E+000  0.000000000000000E+000
         244  0.000000000000000E+000  0.000000000000000E+000
         245  0.000000000000000E+000  0.000000000000000E+000
         246  0.000000000000000E+000  0.000000000000000E+000
         247  0.000000000000000E+000  0.000000000000000E+000
         248  0.000000000000000E+000  0.000000000000000E+000
         249  0.000000000000000E+000  0.000000000000000E+000
         250  0.000000000000000E+000  0.000000000000000E+000
         251  0.000000000000000E+000  0.000000000000000E+000
         252  0.000000000000000E+000  0.000000000000000E+000
         253  0.000000000000000E+000  0.000000000000000E+000
         254  0.000000000000000E+000  0.000000000000000E+000
         255  0.000000000000000E+000  0.000000000000000E+000
         256  0.000000000000000E+000  0.000000000000000E+000
         257  0.000000000000000E+000  0.000000000000000E+000
         258  0.000000000000000E+000  0.000000000000000E+000
         259  0.000000000000000E+000  0.000000000000000E+000
         260  0.000000000000000E+000  0.000000000000000E+000
         261  0.000000000000000E+000  0.000000000000000E+000
         262  0.000000000000000E+000  0.000000000000000E+000
         263  0.000000000000000E+000  0.000000000000000E+000
         264  0.000000000000000E+000  0.000000000000000E+000
         265  0.000000000000000E+000  0.000000000000000E+000
         266  0.000000000000000E+000  0.000000000000000E+000
         267  0.000000000000000E+000  0.000000000000000E+000
         268  0.000000000000000E+000  0.000000000000000E+000
         269  0.000000000000000E+000  0.000000000000000E+000
         270  0.000000000000000E+000  0.000000000000000E+000
         271  0.000000000000000E+000  0.000000000000000E+000
         272  0.000000000000000E+000  0.000000000000000E+000
         273  0.000000000000000E+000  0.000000000000000E+000
         274  0.000000000000000E+000  0.000000000000000E+000
         275  0.000000000000000E+000  0.000000000000000E+000
         276  0.000000000000000E+000  0.000000000000000E+000
         277  0.000000000000000E+000  0.000000000000000E+000
         278  0.000000000000000E+000  0.000000000000000E+000
         279  0.000000000000000E+000  0.000000000000000E+000
         280  0.000000000000000E+000  0.000000000000000E+000
         281  0.000000000000000E+000  0.000000000000000E+000
         282  0.000000000000000E+000  0.000000000000000E+000
         283  0.000000000000000E+000  0.000000000000000E+000
         284  0.000000000000000E+000  0.000000000000000E+000
         285  0.000000000000000E+000  0.000000000000000E+000
         286  0.000000000000000E+000  0.000000000000000E+000
         287  0.000000000000000E+000  0.000000000000000E+000
         288  0.000000000000000E+000  0.000000000000000E+000
         289  0.000000000000000E+000  0.000000000000000E+000
         290  0.000000000000000E+000  0.000000000000000E+000
         291  0.000000000000000E+000  0.000000000000000E+000
         292  0.000000000000000E+000  0.000000000000000E+000
         293  0.000000000000000E+000  0.000000000000000E+000
         294  0.000000000000000E+000  0.000000000000000E+000
         295  0.000000000000000E+000  0.000000000000000E+000
         296  0.000000000000000E+000  0.000000000000000E+000
         297  0.000000000000000E+000  0.000000000000000E+000
         298  0.000000000000000E+000  0.000000000000000E+000
         299  0.000000000000000E+000  0.000000000000000E+000
         300  0.000000000000000E+000  0.000000000000000E+000
         301  0.000000000000000E+000  0.000000000000000E+000
         302  0.000000000000000E+000  0.000000000000000E+000
         303  0.000000000000000E+000  0.000000000000000E+000
         304  0.000000000000000E+000  0.000000000000000E+000
         305  0.000000000000000E+000  0.000000000000000E+000
         306  0.000000000000000E+000  0.000000000000000E+000
         307  0.000000000000000E+000  0.000000000000000E+000
         308  0.000000000000000E+000  0.000000000000000E+000
         309  0.000000000000000E+000  0.000000000000000E+000
         310  0.000000000000000E+000  0.000000000000000E+000
         311  0.000000000000000E+000  0.000000000000000E+000
         312  0.000000000000000E+000  0.000000000000000E+000
         313  0.000000000000000E+000  0.000000000000000E+000
         314  0.000000000000000E+000  0.000000000000000E+000
         315  0.000000000000000E+000  0.000000000000000E+000
         316  0.000000000000000E+000  0.000000000000000E+000
         317  0.000000000000000E+000  0.000000000000000E+000
         318  0.000000000000000E+000  0.000000000000000E+000
         319  0.000000000000000E+000  0.000000000000000E+000
         320  0.000000000000000E+000  0.000000000000000E+000
         321  0.000000000000000E+000  0.000000000000000E+000
         322  0.000000000000000E+000  0.000000000000000E+000
         323  0.000000000000000E+000  0.000000000000000E+000
         324  0.000000000000000E+000  0.000000000000000E+000
         325  0.000000000000000E+000  0.000000000000000E+000
         326  0.000000000000000E+000  0.000000000000000E+000
         327  0.000000000000000E+000  0.000000000000000E+000
         328  0.000000000000000E+000  0.000000000000000E+000
         329  0.000000000000000E+000  0.000000000000000E+000
         330  0.000000000000000E+000  0.000000000000000E+000
         331  0.000000000000000E+000  0.000000000000000E+000
         332  0.000000000000000E+000  0.000000000000000E+000
         333  0.000000000000000E+000  0.000000000000000E+000
         334  0.000000000000000E+000  0.000000000000000E+000
         335  0.000000000000000E+000  0.000000000000000E+000
         336  0.000000000000000E+000  0.000000000000000E+000
         337  0.000000000000000E+000  0.000000000000000E+000
         338  0.000000000000000E+000  0.000000000000000E+000
         339  0.000000000000000E+000  0.000000000000000E+000
         340  0.000000000000000E+000  0.000000000000000E+000
         341  0.000000000000000E+000  0.000000000000000E+000
         342  0.000000000000000E+000  0.000000000000000E+000
         343  0.000000000000000E+000  0.000000000000000E+000
         344  0.000000000000000E+000  0.000000000000000E+000
         345  0.000000000000000E+000  0.000000000000000E+000
         346  0.000000000000000E+000  0.000000000000000E+000
         347  0.000000000000000E+000  0.000000000000000E+000
         348  0.000000000000000E+000  0.000000000000000E+000
         349  0.000000000000000E+000  0.000000000000000E+000
         350  0.000000000000000E+000  0.000000000000000E+000
         351  0.000000000000000E+000  0.000000000000000E+000
         352  0.000000000000000E+000  0.000000000000000E+000
         353  0.000000000000000E+000  0.000000000000000E+000
         354  0.000000000000000E+000  0.000000000000000E+000
         355  0.000000000000000E+000  0.000000000000000E+000
         356  0.000000000000000E+000  0.000000000000000E+000
         357  0.000000000000000E+000  0.000000000000000E+000
         358  0.000000000000000E+000  0.000000000000000E+000
         359  0.000000000000000E+000  0.000000000000000E+000
         360  0.000000000000000E+000  0.000000000000000E+000
         361  0.000000000000000E+000  0.000000000000000E+000
         362  0.000000000000000E+000  0.000000000000000E+000
         363  0.000000000000000E+000  0.000000000000000E+000
         364  0.000000000000000E+000  0.000000000000000E+000
         365  0.000000000000000E+000  0.000000000000000E+000
         366  0.000000000000000E+000  0.000000000000000E+000
         367  0.000000000000000E+000  0.000000000000000E+000
         368  0.000000000000000E+000  0.000000000000000E+000
         369  0.000000000000000E+000  0.000000000000000E+000
         370  0.000000000000000E+000  0.000000000000000E+000
         371  0.000000000000000E+000  0.000000000000000E+000
         372  0.000000000000000E+000  0.000000000000000E+000
         373  0.000000000000000E+000  0.000000000000000E+000
         374  0.000000000000000E+000  0.000000000000000E+000
         375  0.000000000000000E+000  0.000000000000000E+000
         376  0.000000000000000E+000  0.000000000000000E+000
         377  0.000000000000000E+000  0.000000000000000E+000
         378  0.000000000000000E+000  0.000000000000000E+000
         379  0.000000000000000E+000  0.000000000000000E+000
         380  0.000000000000000E+000  0.000000000000000E+000
         381  0.000000000000000E+000  0.000000000000000E+000
         382  0.000000000000000E+000  0.000000000000000E+000
         383  0.000000000000000E+000  0.000000000000000E+000
         384  0.000000000000000E+000  0.000000000000000E+000
         385  0.000000000000000E+000  0.000000000000000E+000
         386  0.000000000000000E+000  0.000000000000000E+000
         387  0.000000000000000E+000  0.000000000000000E+000
         388  0.000000000000000E+000  0.000000000000000E+000
         389  0.000000000000000E+000  0.000000000000000E+000
         390  0.000000000000000E+000  0.000000000000000E+000
         391  0.000000000000000E+000  0.000000000000000E+000
         392  0.000000000000000E+000  0.000000000000000E+000
         393  0.000000000000000E+000  0.000000000000000E+000
         394  0.000000000000000E+000  0.000000000000000E+000
         395  0.000000000000000E+000  0.000000000000000E+000
         396  0.000000000000000E+000  0.000000000000000E+000
         397  0.000000000000000E+000  0.000000000000000E+000
         398  0.000000000000000E+000  0.000000000000000E+000
         399  0.000000000000000E+000  0.000000000000000E+000
         400  0.000000000000000E+000  0.000000000000000E+000
         401  0.000000000000000E+000  0.000000000000000E+000
         402  0.000000000000000E+000  0.000000000000000E+000
         403  0.000000000000000E+000  0.000000000000000E+000
         404  0.000000000000000E+000  0.000000000000000E+000
         405  0.000000000000000E+000  0.000000000000000E+000
         406  0.000000000000000E+000  0.000000000000000E+000
         407  0.000000000000000E+000  0.000000000000000E+000
         408  0.000000000000000E+000  0.000000000000000E+000
         409  0.000000000000000E+000  0.000000000000000E+000
         410  0.000000000000000E+000  0.000000000000000E+000
         411  0.000000000000000E+000  0.000000000000000E+000
         412  0.000000000000000E+000  0.000000000000000E+000
         413  0.000000000000000E+000  0.000000000000000E+000
         414  0.000000000000000E+000  0.000000000000000E+000
         415  0.000000000000000E+000  0.000000000000000E+000
         416  0.000000000000000E+000  0.000000000000000E+000
         417  0.000000000000000E+000  0.000000000000000E+000
         418  0.000000000000000E+000  0.000000000000000E+000
         419  0.000000000000000E+000  0.000000000000000E+000
         420  0.000000000000000E+000  0.000000000000000E+000
         421  0.000000000000000E+000  0.000000000000000E+000
         422  0.000000000000000E+000  0.000000000000000E+000
         423  0.000000000000000E+000  0.000000000000000E+000
         424  0.000000000000000E+000  0.000000000000000E+000
         425  0.000000000000000E+000  0.000000000000000E+000
         426  0.000000000000000E+000  0.000000000000000E+000
         427  0.000000000000000E+000  0.000000000000000E+000
         428  0.000000000000000E+000  0.000000000000000E+000
         429  0.000000000000000E+000  0.000000000000000E+000
         430  0.000000000000000E+000  0.000000000000000E+000
         431  0.000000000000000E+000  0.000000000000000E+000
         432  0.000000000000000E+000  0.000000000000000E+000
         433  0.000000000000000E+000  0.000000000000000E+000
         434  0.000000000000000E+000  0.000000000000000E+000
         435  0.000000000000000E+000  0.000000000000000E+000
         436  0.000000000000000E+000  0.000000000000000E+000
         437  0.000000000000000E+000  0.000000000000000E+000
         438  0.000000000000000E+000  0.000000000000000E+000
         439  0.000000000000000E+000  0.000000000000000E+000
         440  0.000000000000000E+000  0.000000000000000E+000
         441  0.000000000000000E+000  0.000000000000000E+000
         442  0.000000000000000E+000  0.000000000000000E+000
         443  0.000000000000000E+000  0.000000000000000E+000
         444  0.000000000000000E+000  0.000000000000000E+000
