           0  0.000000000000000E+000  0.000000000000000E+000
           1   1.26789422871017        1.47894934286712     
           2  0.587472236252568        2.68227736066505     
           3  0.173713877243863        1.70806369587380     
           4  0.155158395273075        2.46831570578596     
           5  0.105152307791026        2.66691725125297     
           6  7.393729141125906E-002   2.73739226123393     
           7  6.348997886139622E-002   3.15739162711990     
           8  5.305174451129926E-002   3.39637261935553     
           9  5.365369780320561E-002   4.36516221035569     
          10  4.011901581049525E-002   4.06559970250216     
          11  3.406974659308963E-002   4.15167409024674     
          12  3.113852477438423E-002   4.49074362629339     
          13  2.689120051794749E-002   4.55742469012270     
          14  2.427909532052421E-002   4.78658836517836     
          15  2.041521507877255E-002   4.59472472689976     
          16  2.030805931197729E-002   5.19093956334935     
          17  1.827871044241889E-002   5.29331798813242     
          18  1.651813437826174E-002   5.37158485825303     
          19  1.401890120050573E-002   5.06933189371544     
          20  1.306451674651429E-002   5.22336724230682     
          21  1.265158891959690E-002   5.58818795648824     
          22  1.087345534165470E-002   5.27509563971741     
          23  1.050440358674399E-002   5.56152028239948     
          24  9.245175543506576E-003   5.32621523871572     
          25  9.127943237791463E-003   5.70683669123326     
          26  8.413212430512422E-003   5.69484263314413     
          27  7.462462356592559E-003   5.44559114796263     
          28  6.955375275863273E-003   5.45971901231121     
          29  6.350404888660515E-003   5.34716812744215     
          30  6.002616659333925E-003   5.40610648951484     
          31  5.790842965904546E-003   5.56835713523479     
          32  5.226928755313599E-003   5.35364084027768     
          33  4.966522469192094E-003   5.40704556221389     
          34  4.538168725553463E-003   5.24934537032501     
          35  4.228026673955330E-003   5.18155703198129     
          36  4.079795853231632E-003   5.28951855177849     
          37  3.700156896090418E-003   5.06921674421399     
          38  3.481213033307940E-003   5.02908086625716     
          39  3.223414969882791E-003   4.90460784642274     
          40  3.059213331611073E-003   4.89541561379922     
          41  2.901139755187539E-003   4.87743389294045     
          42  2.668515108129359E-003   4.71042656149372     
          43  2.532589235725459E-003   4.68449233216189     
          44  2.346792247155301E-003   4.54581851623480     
          45  2.280431385337220E-003   4.61953036850061     
          46  2.072669697753826E-003   4.38728081263739     
          47  1.963534781123569E-003   4.33703893711416     
          48  1.864644571558796E-003   4.29526140607959     
          49  1.744503521429285E-003   4.18856012774951     
          50  1.656265312712320E-003   4.14259629560314     
          51  1.522120812391500E-003   3.96023788882001     
          52  1.479244435118328E-003   4.00106739042866     
          53  1.379985805089472E-003   3.87795887151334     
          54  1.297786434351588E-003   3.78561385016630     
          55  1.215752625479040E-003   3.67838109681143     
          56  1.147462326627913E-003   3.59810269682592     
          57  1.117966648721146E-003   3.63253850216583     
          58  1.022587875195840E-003   3.44084893510018     
          59  9.747518691993430E-004   3.39331082469351     
          60  9.333336714100254E-004   3.36043035447063     
          61  8.683560902265577E-004   3.23183978929544     
          62  8.324151611196135E-004   3.20067211509690     
          63  7.616467698022981E-004   3.02314699970571     
          64  7.409092633362420E-004   3.03409711950822     
          65  7.153961163862236E-004   3.02268186177317     
          66  6.614885408315276E-004   2.88185949085921     
          67  6.306193971294889E-004   2.83139126101307     
          68  5.869661864101639E-004   2.71465939291462     
          69  5.667038582220159E-004   2.69844118026029     
          70  5.266122475855917E-004   2.58105140526367     
          71  4.968937753253847E-004   2.50482552732369     
          72  4.812553568196983E-004   2.49463386107751     
          73  4.503545268945172E-004   2.39993830279776     
          74  4.352177570742867E-004   2.38355816160168     
          75  4.010801711998440E-004   2.25636870595723     
          76  3.872474853973860E-004   2.23699375974294     
          77  3.713490719879114E-004   2.20214120167323     
          78  3.446084961827294E-004   2.09670017887873     
          79  3.308638136232093E-004   2.06480560782231     
          80  3.131674067835354E-004   2.00405029578075     
          81  3.011377194977502E-004   1.97575639405266     
          82  2.839414724387624E-004   1.90939384152312     
          83  2.695668333057622E-004   1.85722065936841     
          84  2.542044906338804E-004   1.79368013237762     
          85  2.447485717587811E-004   1.76836128709433     
          86  2.317016133412621E-004   1.71398302928479     
          87  2.179577434517512E-004   1.64988174234688     
          88  2.094394158692525E-004   1.62199393547912     
          89  1.987764189179125E-004   1.57454965100316     
          90  1.900136077747560E-004   1.53927994892869     
          91  1.801373467333851E-004   1.49195681802176     
          92  1.718469037562968E-004   1.45467115123294     
          93  1.635251345561380E-004   1.41449388491833     
          94  1.550879028750974E-004   1.37044166483067     
          95  1.457606114368518E-004   1.31536457993495     
          96  1.412752330227667E-004   1.30177590274599     
          97  1.346824767320923E-004   1.26711568673968     
          98  1.298272919970162E-004   1.24695004291010     
          99  1.206361713677525E-004   1.18250753397600     
         100  1.161916748814894E-004   1.16200276920236     
         101  1.111348570173632E-004   1.13373249378420     
         102  1.060542671176531E-004   1.10345247002175     
         103  1.006035656103250E-004   1.06741889104856     
         104  9.460952982279030E-005   1.02327682053678     
         105  9.290545524370331E-005   1.02426528871273     
         106  8.709234175676639E-005  0.978646910186160     
         107  8.323622684377451E-005  0.952968939616873     
         108  7.958257368547795E-005  0.928245040885983     
         109  7.667896168514403E-005  0.911072482947639     
         110  7.237202463066806E-005  0.875806668741613     
         111  6.863786247077458E-005  0.845713537675914     
         112  6.639297599989799E-005  0.832802100608842     
         113  6.315384490507381E-005  0.806402534555141     
         114  6.085798777998268E-005  0.790942905618982     
         115  5.726989018357339E-005  0.757396747869276     
         116  5.542686889389171E-005  0.745814806952731     
         117  5.291602344723088E-005  0.724407590951579     
         118  4.997355687714682E-005  0.695858907401007     
         119  4.780379255149588E-005  0.676914270487265     
         120  4.639862559479937E-005  0.668097578810994     
         121  4.394136755204013E-005  0.643351159369441     
         122  4.204481997197775E-005  0.625814135231435     
         123  4.020660863755914E-005  0.608300364826094     
         124  3.854637759757543E-005  0.592694440322758     
         125  3.738543926948657E-005  0.584186275509681     
         126  3.502528121543837E-005  0.556105353801763     
         127  3.390584947751829E-005  0.546865165116323     
         128  3.251348276322473E-005  0.532682241730322     
         129  3.143108665171886E-005  0.523047014468855     
         130  2.991945320502423E-005  0.505668254816579     
         131  2.859155271995377E-005  0.490663211904488     
         132  2.784282827000503E-005  0.485136952545755     
         133  2.649782750692450E-005  0.468741992050242     
         134  2.549476984865777E-005  0.457802302484662     
         135  2.437122317219500E-005  0.444172150121920     
         136  2.354069785715038E-005  0.435395444681255     
         137  2.286398741155971E-005  0.429151629002987     
         138  2.180935334951955E-005  0.415368447059200     
         139  2.097953766827147E-005  0.405357158045428     
         140  2.039921671427635E-005  0.399819651702568     
         141  1.955762590728653E-005  0.388829185798820     
         142  1.909775424748552E-005  0.385102933396576     
         143  1.819002986535518E-005  0.371971273330112     
         144  1.775197223734169E-005  0.368082865944075     
         145  1.722613241649385E-005  0.362157158082472     
         146  1.670772410542401E-005  0.356141697691775     
         147  1.616352465580491E-005  0.349286207428800     
         148  1.578808081320373E-005  0.345830541266098     
         149  1.537821500198146E-005  0.341436117618430     
         150  1.501640036895257E-005  0.337904336688466     
         151  1.460661671420019E-005  0.333066842253873     
         152  1.435388662443413E-005  0.331639577155835     
         153  1.411746748073954E-005  0.330481425772691     
         154  1.395726067377678E-005  0.331030609464877     
         155  1.357935374764002E-005  0.326259337605275     
         156  1.355074722188783E-005  0.329778756391920     
         157  1.346876483688235E-005  0.332007612968427     
         158  1.332875029170926E-005  0.332761286449256     
         159  1.330730877015565E-005  0.336429855762011     
         160  1.340746088090194E-005  0.343228678580947     
         161  1.362876614247356E-005  0.353296317701891     
         162  1.358728165140819E-005  0.356614337342114     
         163  1.395408441701844E-005  0.370780764059257     
         164  1.410015310226964E-005  0.379266660771443     
         165  1.475028989048057E-005  0.401610883487656     
         166  1.515371274994782E-005  0.417608740446022     
         167  1.611508317440873E-005  0.449466891938176     
         168  1.710729666248099E-005  0.482881032993768     
         169  1.879197880511514E-005  0.536786492720333     
         170  2.207267096976581E-005  0.638046399363810     
         171  3.781414455038866E-006  0.110038424271882     
         172  0.000000000000000E+000  0.000000000000000E+000
         173  0.000000000000000E+000  0.000000000000000E+000
         174  0.000000000000000E+000  0.000000000000000E+000
         175  0.000000000000000E+000  0.000000000000000E+000
         176  0.000000000000000E+000  0.000000000000000E+000
         177  0.000000000000000E+000  0.000000000000000E+000
         178  0.000000000000000E+000  0.000000000000000E+000
         179  0.000000000000000E+000  0.000000000000000E+000
         180  0.000000000000000E+000  0.000000000000000E+000
         181  0.000000000000000E+000  0.000000000000000E+000
         182  0.000000000000000E+000  0.000000000000000E+000
         183  0.000000000000000E+000  0.000000000000000E+000
         184  0.000000000000000E+000  0.000000000000000E+000
         185  0.000000000000000E+000  0.000000000000000E+000
         186  0.000000000000000E+000  0.000000000000000E+000
         187  0.000000000000000E+000  0.000000000000000E+000
         188  0.000000000000000E+000  0.000000000000000E+000
         189  0.000000000000000E+000  0.000000000000000E+000
         190  0.000000000000000E+000  0.000000000000000E+000
         191  0.000000000000000E+000  0.000000000000000E+000
         192  0.000000000000000E+000  0.000000000000000E+000
         193  0.000000000000000E+000  0.000000000000000E+000
         194  0.000000000000000E+000  0.000000000000000E+000
         195  0.000000000000000E+000  0.000000000000000E+000
         196  0.000000000000000E+000  0.000000000000000E+000
         197  0.000000000000000E+000  0.000000000000000E+000
         198  0.000000000000000E+000  0.000000000000000E+000
         199  0.000000000000000E+000  0.000000000000000E+000
         200  0.000000000000000E+000  0.000000000000000E+000
         201  0.000000000000000E+000  0.000000000000000E+000
         202  0.000000000000000E+000  0.000000000000000E+000
         203  0.000000000000000E+000  0.000000000000000E+000
         204  0.000000000000000E+000  0.000000000000000E+000
         205  0.000000000000000E+000  0.000000000000000E+000
         206  0.000000000000000E+000  0.000000000000000E+000
         207  0.000000000000000E+000  0.000000000000000E+000
         208  0.000000000000000E+000  0.000000000000000E+000
         209  0.000000000000000E+000  0.000000000000000E+000
         210  0.000000000000000E+000  0.000000000000000E+000
         211  0.000000000000000E+000  0.000000000000000E+000
         212  0.000000000000000E+000  0.000000000000000E+000
         213  0.000000000000000E+000  0.000000000000000E+000
         214  0.000000000000000E+000  0.000000000000000E+000
         215  0.000000000000000E+000  0.000000000000000E+000
         216  0.000000000000000E+000  0.000000000000000E+000
         217  0.000000000000000E+000  0.000000000000000E+000
         218  0.000000000000000E+000  0.000000000000000E+000
         219  0.000000000000000E+000  0.000000000000000E+000
         220  0.000000000000000E+000  0.000000000000000E+000
         221  0.000000000000000E+000  0.000000000000000E+000
         222  0.000000000000000E+000  0.000000000000000E+000
         223  0.000000000000000E+000  0.000000000000000E+000
         224  0.000000000000000E+000  0.000000000000000E+000
         225  0.000000000000000E+000  0.000000000000000E+000
         226  0.000000000000000E+000  0.000000000000000E+000
         227  0.000000000000000E+000  0.000000000000000E+000
         228  0.000000000000000E+000  0.000000000000000E+000
         229  0.000000000000000E+000  0.000000000000000E+000
         230  0.000000000000000E+000  0.000000000000000E+000
         231  0.000000000000000E+000  0.000000000000000E+000
         232  0.000000000000000E+000  0.000000000000000E+000
         233  0.000000000000000E+000  0.000000000000000E+000
         234  0.000000000000000E+000  0.000000000000000E+000
         235  0.000000000000000E+000  0.000000000000000E+000
         236  0.000000000000000E+000  0.000000000000000E+000
         237  0.000000000000000E+000  0.000000000000000E+000
         238  0.000000000000000E+000  0.000000000000000E+000
         239  0.000000000000000E+000  0.000000000000000E+000
         240  0.000000000000000E+000  0.000000000000000E+000
         241  0.000000000000000E+000  0.000000000000000E+000
         242  0.000000000000000E+000  0.000000000000000E+000
         243  0.000000000000000E+000  0.000000000000000E+000
         244  0.000000000000000E+000  0.000000000000000E+000
         245  0.000000000000000E+000  0.000000000000000E+000
         246  0.000000000000000E+000  0.000000000000000E+000
         247  0.000000000000000E+000  0.000000000000000E+000
         248  0.000000000000000E+000  0.000000000000000E+000
         249  0.000000000000000E+000  0.000000000000000E+000
         250  0.000000000000000E+000  0.000000000000000E+000
         251  0.000000000000000E+000  0.000000000000000E+000
         252  0.000000000000000E+000  0.000000000000000E+000
         253  0.000000000000000E+000  0.000000000000000E+000
         254  0.000000000000000E+000  0.000000000000000E+000
         255  0.000000000000000E+000  0.000000000000000E+000
         256  0.000000000000000E+000  0.000000000000000E+000
         257  0.000000000000000E+000  0.000000000000000E+000
         258  0.000000000000000E+000  0.000000000000000E+000
         259  0.000000000000000E+000  0.000000000000000E+000
         260  0.000000000000000E+000  0.000000000000000E+000
         261  0.000000000000000E+000  0.000000000000000E+000
         262  0.000000000000000E+000  0.000000000000000E+000
         263  0.000000000000000E+000  0.000000000000000E+000
         264  0.000000000000000E+000  0.000000000000000E+000
         265  0.000000000000000E+000  0.000000000000000E+000
         266  0.000000000000000E+000  0.000000000000000E+000
         267  0.000000000000000E+000  0.000000000000000E+000
         268  0.000000000000000E+000  0.000000000000000E+000
         269  0.000000000000000E+000  0.000000000000000E+000
         270  0.000000000000000E+000  0.000000000000000E+000
         271  0.000000000000000E+000  0.000000000000000E+000
         272  0.000000000000000E+000  0.000000000000000E+000
         273  0.000000000000000E+000  0.000000000000000E+000
         274  0.000000000000000E+000  0.000000000000000E+000
         275  0.000000000000000E+000  0.000000000000000E+000
         276  0.000000000000000E+000  0.000000000000000E+000
         277  0.000000000000000E+000  0.000000000000000E+000
         278  0.000000000000000E+000  0.000000000000000E+000
         279  0.000000000000000E+000  0.000000000000000E+000
         280  0.000000000000000E+000  0.000000000000000E+000
         281  0.000000000000000E+000  0.000000000000000E+000
         282  0.000000000000000E+000  0.000000000000000E+000
         283  0.000000000000000E+000  0.000000000000000E+000
         284  0.000000000000000E+000  0.000000000000000E+000
         285  0.000000000000000E+000  0.000000000000000E+000
         286  0.000000000000000E+000  0.000000000000000E+000
         287  0.000000000000000E+000  0.000000000000000E+000
         288  0.000000000000000E+000  0.000000000000000E+000
         289  0.000000000000000E+000  0.000000000000000E+000
         290  0.000000000000000E+000  0.000000000000000E+000
         291  0.000000000000000E+000  0.000000000000000E+000
         292  0.000000000000000E+000  0.000000000000000E+000
         293  0.000000000000000E+000  0.000000000000000E+000
         294  0.000000000000000E+000  0.000000000000000E+000
         295  0.000000000000000E+000  0.000000000000000E+000
         296  0.000000000000000E+000  0.000000000000000E+000
         297  0.000000000000000E+000  0.000000000000000E+000
         298  0.000000000000000E+000  0.000000000000000E+000
         299  0.000000000000000E+000  0.000000000000000E+000
         300  0.000000000000000E+000  0.000000000000000E+000
         301  0.000000000000000E+000  0.000000000000000E+000
         302  0.000000000000000E+000  0.000000000000000E+000
         303  0.000000000000000E+000  0.000000000000000E+000
         304  0.000000000000000E+000  0.000000000000000E+000
         305  0.000000000000000E+000  0.000000000000000E+000
         306  0.000000000000000E+000  0.000000000000000E+000
         307  0.000000000000000E+000  0.000000000000000E+000
         308  0.000000000000000E+000  0.000000000000000E+000
         309  0.000000000000000E+000  0.000000000000000E+000
         310  0.000000000000000E+000  0.000000000000000E+000
         311  0.000000000000000E+000  0.000000000000000E+000
         312  0.000000000000000E+000  0.000000000000000E+000
         313  0.000000000000000E+000  0.000000000000000E+000
         314  0.000000000000000E+000  0.000000000000000E+000
         315  0.000000000000000E+000  0.000000000000000E+000
         316  0.000000000000000E+000  0.000000000000000E+000
         317  0.000000000000000E+000  0.000000000000000E+000
         318  0.000000000000000E+000  0.000000000000000E+000
         319  0.000000000000000E+000  0.000000000000000E+000
         320  0.000000000000000E+000  0.000000000000000E+000
         321  0.000000000000000E+000  0.000000000000000E+000
         322  0.000000000000000E+000  0.000000000000000E+000
         323  0.000000000000000E+000  0.000000000000000E+000
         324  0.000000000000000E+000  0.000000000000000E+000
         325  0.000000000000000E+000  0.000000000000000E+000
         326  0.000000000000000E+000  0.000000000000000E+000
         327  0.000000000000000E+000  0.000000000000000E+000
         328  0.000000000000000E+000  0.000000000000000E+000
         329  0.000000000000000E+000  0.000000000000000E+000
         330  0.000000000000000E+000  0.000000000000000E+000
         331  0.000000000000000E+000  0.000000000000000E+000
         332  0.000000000000000E+000  0.000000000000000E+000
         333  0.000000000000000E+000  0.000000000000000E+000
         334  0.000000000000000E+000  0.000000000000000E+000
         335  0.000000000000000E+000  0.000000000000000E+000
         336  0.000000000000000E+000  0.000000000000000E+000
         337  0.000000000000000E+000  0.000000000000000E+000
         338  0.000000000000000E+000  0.000000000000000E+000
         339  0.000000000000000E+000  0.000000000000000E+000
         340  0.000000000000000E+000  0.000000000000000E+000
         341  0.000000000000000E+000  0.000000000000000E+000
         342  0.000000000000000E+000  0.000000000000000E+000
         343  0.000000000000000E+000  0.000000000000000E+000
         344  0.000000000000000E+000  0.000000000000000E+000
         345  0.000000000000000E+000  0.000000000000000E+000
         346  0.000000000000000E+000  0.000000000000000E+000
         347  0.000000000000000E+000  0.000000000000000E+000
         348  0.000000000000000E+000  0.000000000000000E+000
         349  0.000000000000000E+000  0.000000000000000E+000
         350  0.000000000000000E+000  0.000000000000000E+000
         351  0.000000000000000E+000  0.000000000000000E+000
         352  0.000000000000000E+000  0.000000000000000E+000
         353  0.000000000000000E+000  0.000000000000000E+000
         354  0.000000000000000E+000  0.000000000000000E+000
         355  0.000000000000000E+000  0.000000000000000E+000
         356  0.000000000000000E+000  0.000000000000000E+000
         357  0.000000000000000E+000  0.000000000000000E+000
         358  0.000000000000000E+000  0.000000000000000E+000
         359  0.000000000000000E+000  0.000000000000000E+000
         360  0.000000000000000E+000  0.000000000000000E+000
         361  0.000000000000000E+000  0.000000000000000E+000
         362  0.000000000000000E+000  0.000000000000000E+000
         363  0.000000000000000E+000  0.000000000000000E+000
         364  0.000000000000000E+000  0.000000000000000E+000
         365  0.000000000000000E+000  0.000000000000000E+000
         366  0.000000000000000E+000  0.000000000000000E+000
         367  0.000000000000000E+000  0.000000000000000E+000
         368  0.000000000000000E+000  0.000000000000000E+000
         369  0.000000000000000E+000  0.000000000000000E+000
         370  0.000000000000000E+000  0.000000000000000E+000
         371  0.000000000000000E+000  0.000000000000000E+000
         372  0.000000000000000E+000  0.000000000000000E+000
         373  0.000000000000000E+000  0.000000000000000E+000
         374  0.000000000000000E+000  0.000000000000000E+000
         375  0.000000000000000E+000  0.000000000000000E+000
         376  0.000000000000000E+000  0.000000000000000E+000
         377  0.000000000000000E+000  0.000000000000000E+000
         378  0.000000000000000E+000  0.000000000000000E+000
         379  0.000000000000000E+000  0.000000000000000E+000
         380  0.000000000000000E+000  0.000000000000000E+000
         381  0.000000000000000E+000  0.000000000000000E+000
         382  0.000000000000000E+000  0.000000000000000E+000
         383  0.000000000000000E+000  0.000000000000000E+000
         384  0.000000000000000E+000  0.000000000000000E+000
         385  0.000000000000000E+000  0.000000000000000E+000
         386  0.000000000000000E+000  0.000000000000000E+000
         387  0.000000000000000E+000  0.000000000000000E+000
         388  0.000000000000000E+000  0.000000000000000E+000
         389  0.000000000000000E+000  0.000000000000000E+000
         390  0.000000000000000E+000  0.000000000000000E+000
         391  0.000000000000000E+000  0.000000000000000E+000
         392  0.000000000000000E+000  0.000000000000000E+000
         393  0.000000000000000E+000  0.000000000000000E+000
         394  0.000000000000000E+000  0.000000000000000E+000
         395  0.000000000000000E+000  0.000000000000000E+000
         396  0.000000000000000E+000  0.000000000000000E+000
         397  0.000000000000000E+000  0.000000000000000E+000
         398  0.000000000000000E+000  0.000000000000000E+000
         399  0.000000000000000E+000  0.000000000000000E+000
         400  0.000000000000000E+000  0.000000000000000E+000
         401  0.000000000000000E+000  0.000000000000000E+000
         402  0.000000000000000E+000  0.000000000000000E+000
         403  0.000000000000000E+000  0.000000000000000E+000
         404  0.000000000000000E+000  0.000000000000000E+000
         405  0.000000000000000E+000  0.000000000000000E+000
         406  0.000000000000000E+000  0.000000000000000E+000
         407  0.000000000000000E+000  0.000000000000000E+000
         408  0.000000000000000E+000  0.000000000000000E+000
         409  0.000000000000000E+000  0.000000000000000E+000
         410  0.000000000000000E+000  0.000000000000000E+000
         411  0.000000000000000E+000  0.000000000000000E+000
         412  0.000000000000000E+000  0.000000000000000E+000
         413  0.000000000000000E+000  0.000000000000000E+000
         414  0.000000000000000E+000  0.000000000000000E+000
         415  0.000000000000000E+000  0.000000000000000E+000
         416  0.000000000000000E+000  0.000000000000000E+000
         417  0.000000000000000E+000  0.000000000000000E+000
         418  0.000000000000000E+000  0.000000000000000E+000
         419  0.000000000000000E+000  0.000000000000000E+000
         420  0.000000000000000E+000  0.000000000000000E+000
         421  0.000000000000000E+000  0.000000000000000E+000
         422  0.000000000000000E+000  0.000000000000000E+000
         423  0.000000000000000E+000  0.000000000000000E+000
         424  0.000000000000000E+000  0.000000000000000E+000
         425  0.000000000000000E+000  0.000000000000000E+000
         426  0.000000000000000E+000  0.000000000000000E+000
         427  0.000000000000000E+000  0.000000000000000E+000
         428  0.000000000000000E+000  0.000000000000000E+000
         429  0.000000000000000E+000  0.000000000000000E+000
         430  0.000000000000000E+000  0.000000000000000E+000
         431  0.000000000000000E+000  0.000000000000000E+000
         432  0.000000000000000E+000  0.000000000000000E+000
         433  0.000000000000000E+000  0.000000000000000E+000
         434  0.000000000000000E+000  0.000000000000000E+000
         435  0.000000000000000E+000  0.000000000000000E+000
         436  0.000000000000000E+000  0.000000000000000E+000
         437  0.000000000000000E+000  0.000000000000000E+000
         438  0.000000000000000E+000  0.000000000000000E+000
         439  0.000000000000000E+000  0.000000000000000E+000
         440  0.000000000000000E+000  0.000000000000000E+000
         441  0.000000000000000E+000  0.000000000000000E+000
         442  0.000000000000000E+000  0.000000000000000E+000
         443  0.000000000000000E+000  0.000000000000000E+000
         444  0.000000000000000E+000  0.000000000000000E+000
