           0  0.000000000000000E+000  0.000000000000000E+000
           1   2.11002607715040        4.22005215430080     
           2   1.01621557543380        4.02319418377126     
           3  0.293916728983072        2.95184402169331     
           4  0.226684851639424        3.63078608588408     
           5  0.185634240070741        4.62562946225331     
           6  0.131531201281964        4.87909386281753     
           7  0.102435185824093        5.02164074472868     
           8  0.101708105653910        6.45010581539776     
           9  9.085673747790296E-002   7.45723409373118     
          10  6.688132470918261E-002   6.79190985834692     
          11  5.540145810285729E-002   6.75881468305296     
          12  5.779042739393700E-002   8.34494622313247     
          13  4.617374438669748E-002   7.82640411591999     
          14  4.188158086296119E-002   8.23733420697648     
          15  3.518741717205600E-002   7.91971246921244     
          16  3.484424618734354E-002   8.89013386931937     
          17  3.165568687166384E-002   9.18464605730731     
          18  2.702778676602266E-002   8.77893114856199     
          19  2.313136582484687E-002   8.36709156356339     
          20  2.268476513660644E-002   9.06672754328781     
          21  2.107474420420213E-002   9.31762715925209     
          22  1.821096514178867E-002   8.82234864404755     
          23  1.663369663762889E-002   8.80705001934034     
          24  1.501908759719972E-002   8.63645429109163     
          25  1.447201363156065E-002   9.04418674845995     
          26  1.357243077899612E-002   9.18453402783600     
          27  1.215122369662159E-002   8.86783759944566     
          28  1.099702047224767E-002   8.62912096248771     
          29  1.002699055193250E-002   8.44490099935278     
          30  9.323334809473343E-003   8.39953033597088     
          31  8.804009388200673E-003   8.46859563708189     
          32  7.948417786277022E-003   8.13848325349352     
          33  7.534413313298485E-003   8.20314710451104     
          34  6.870367544086781E-003   7.94414673539525     
          35  6.080849955658257E-003   7.45516894884519     
          36  5.929322582723008E-003   7.68808971758543     
          37  5.470551689130077E-003   7.49236516976320     
          38  4.929088564997821E-003   7.12148927720559     
          39  4.474179555338364E-003   6.80846148863461     
          40  4.192127613149850E-003   6.70601727478029     
          41  3.855998753157540E-003   6.48526687270716     
          42  3.523726971153403E-003   6.21769231916192     
          43  3.352084060662974E-003   6.20002343233100     
          44  3.047753847353471E-003   5.90350689039897     
          45  2.892708315092021E-003   5.86276421932294     
          46  2.575957935319669E-003   5.45339426778136     
          47  2.330686046613009E-003   5.14801002652068     
          48  2.278792260472806E-003   5.24820425708866     
          49  2.066943367072229E-003   4.96270481198363     
          50  1.940135025172527E-003   4.85141828687816     
          51  1.700837584219237E-003   4.42643080774181     
          52  1.666302477794805E-003   4.50683626044232     
          53  1.504397374527533E-003   4.22638295566576     
          54  1.392083065561371E-003   4.06078213141550     
          55  1.272123663818070E-003   3.84926253102243     
          56  1.233631179511944E-003   3.86780760498211     
          57  1.146882853617456E-003   3.72627070937198     
          58  1.025751994223479E-003   3.45117523178165     
          59  9.455176458558861E-004   3.29172072305396     
          60  8.991479711969690E-004   3.23751631965378     
          61  8.162355405273202E-004   3.03712687597356     
          62  7.681123192244252E-004   2.95315687257141     
          63  6.807274494693069E-004   2.70187176783290     
          64  6.554585581192184E-004   2.68385363297026     
          65  6.195251376108980E-004   2.61687772785812     
          66  5.510084266835972E-004   2.40069708117559     
          67  5.174346257675576E-004   2.32288887448725     
          68  4.705834261784604E-004   2.17611105524196     
          69  4.447763212955716E-004   2.11800011080376     
          70  4.082679964479187E-004   2.00082420803666     
          71  3.751385605241866E-004   1.89096142902396     
          72  3.565146101589973E-004   1.84788139075423     
          73  3.232977380330326E-004   1.72297914891207     
          74  3.065227618277144E-004   1.67875268382009     
          75  2.788907897830665E-004   1.56895131121409     
          76  2.570414201073260E-004   1.48494875056185     
          77  2.392372151460002E-004   1.41860124780396     
          78  2.201479658894612E-004   1.33951123420081     
          79  2.049650988759308E-004   1.27904143709664     
          80  1.915332457593562E-004   1.22551555450941     
          81  1.770527973380604E-004   1.16144106911893     
          82  1.657130906987955E-004   1.11431766936060     
          83  1.509474412551639E-004   1.03990271192261     
          84  1.386383451212520E-004  0.978277981078384     
          85  1.315994732360564E-004  0.950761138199381     
          86  1.194984049876743E-004  0.883967148244407     
          87  1.100562588735877E-004  0.832991138783551     
          88  1.030656046859177E-004  0.798136869731551     
          89  9.494132173091124E-005  0.751986380929771     
          90  8.852851773629546E-005  0.717104207951714     
          91  8.186954484928312E-005  0.678038225735185     
          92  7.501844114890622E-005  0.635024142525833     
          93  7.010953080302189E-005  0.606407015509478     
          94  6.441061885599560E-005  0.569125018633432     
          95  5.882180626483400E-005  0.530792722764722     
          96  5.516602401646399E-005  0.508319472558437     
          97  5.153190502320489E-005  0.484809462470164     
          98  4.817130018185787E-005  0.462660890913513     
          99  4.361099010829547E-005  0.427431151849180     
         100  4.036700495344905E-005  0.403676781770869     
         101  3.769262947578805E-005  0.384510350783758     
         102  3.470149487821321E-005  0.361045833972345     
         103  3.223766807227994E-005  0.342032250231811     
         104  2.933389717328580E-005  0.317272185792740     
         105  2.750541388635542E-005  0.303215070798341     
         106  2.516012035593188E-005  0.282693106326194     
         107  2.371789520488657E-005  0.271549908474952     
         108  2.162604431159855E-005  0.252227905054561     
         109  2.036652005341826E-005  0.241972576620712     
         110  1.856466989487579E-005  0.224644470054769     
         111  1.712100479631726E-005  0.210954403411074     
         112  1.604072990680014E-005  0.201203995338871     
         113  1.476549411002558E-005  0.188519318486181     
         114  1.365999613580224E-005  0.177524045153613     
         115  1.242121847890886E-005  0.164263054975440     
         116  1.171670558646941E-005  0.157648979033419     
         117  1.083956169715285E-005  0.148383076302568     
         118  9.903827268259490E-006  0.137896807637207     
         119  9.211552881901564E-006  0.130424736964308     
         120  8.574801933840752E-006  0.123460655659875     
         121  7.977791501212463E-006  0.116792218919971     
         122  7.318265304095940E-006  0.108917234990538     
         123  6.684882550048428E-006  0.101131145137172     
         124  6.259529997062586E-006  9.624371223997541E-002
         125  5.782460769575369E-006  9.035498999574547E-002
         126  5.275637144852951E-006  8.375866995736711E-002
         127  4.878671802798813E-006  7.868356439053978E-002
         128  4.587778484630492E-006  7.516287769432714E-002
         129  4.219625486088467E-006  7.021677599661812E-002
         130  3.876921916524427E-006  6.551977370485010E-002
         131  3.578686095150545E-006  6.141007602836676E-002
         132  3.356211346246050E-006  5.847654647744353E-002
         133  3.075544962738757E-006  5.440479598949409E-002
         134  2.846584793408050E-006  5.111206534698191E-002
         135  2.622279692707768E-006  4.778887059499567E-002
         136  2.450529524875154E-006  4.532132935677195E-002
         137  2.274371666619823E-006  4.268920173021943E-002
         138  2.061706475181686E-006  3.926468101265199E-002
         139  1.929431057085805E-006  3.727693323425939E-002
         140  1.792383432932535E-006  3.512907000091890E-002
         141  1.644652915796735E-006  3.269616321068763E-002
         142  1.538336609979590E-006  3.101892669396352E-002
         143  1.405889462128490E-006  2.874738058890153E-002
         144  1.317623077615574E-006  2.731891608618742E-002
         145  1.228729975484302E-006  2.583143394475793E-002
         146  1.140171573292768E-006  2.430288831517960E-002
         147  1.049554263940664E-006  2.267876804494219E-002
         148  9.801032812664608E-007  2.146768164829256E-002
         149  9.109243033772896E-007  2.022338313830205E-002
         150  8.392763348134537E-007  1.888448227410261E-002
         151  7.823775419680650E-007  1.783908255296526E-002
         152  7.255202726429836E-007  1.676196950367193E-002
         153  6.758340299078144E-007  1.582036754791853E-002
         154  6.318997002071236E-007  1.498619089796839E-002
         155  5.908551216758400E-007  1.419532361321378E-002
         156  5.538011680983442E-007  1.347647636159192E-002
         157  5.227653142886475E-007  1.288599818600559E-002
         158  4.857555351700389E-007  1.212641924460835E-002
         159  4.586605022169774E-007  1.159470186280477E-002
         160  4.313294544129627E-007  1.104132762297768E-002
         161  4.114929802738420E-007  1.066590902587300E-002
         162  3.819429631969823E-007  1.002374208076658E-002
         163  3.678514611631047E-007  9.773512750724921E-003
         164  3.434402783007998E-007  9.237457876157519E-003
         165  3.343512254599404E-007  9.102669791765453E-003
         166  3.153792162314392E-007  8.690577227810569E-003
         167  3.088522138561390E-007  8.613493765631511E-003
         168  2.986292250516110E-007  8.428623453389697E-003
         169  2.926575101435648E-007  8.358695748001093E-003
         170  3.121294882154615E-007  9.021895710411485E-003
         171  5.188329489975743E-008  1.509786256083516E-003
         172  0.000000000000000E+000  0.000000000000000E+000
         173  0.000000000000000E+000  0.000000000000000E+000
         174  0.000000000000000E+000  0.000000000000000E+000
         175  0.000000000000000E+000  0.000000000000000E+000
         176  0.000000000000000E+000  0.000000000000000E+000
         177  0.000000000000000E+000  0.000000000000000E+000
         178  0.000000000000000E+000  0.000000000000000E+000
         179  0.000000000000000E+000  0.000000000000000E+000
         180  0.000000000000000E+000  0.000000000000000E+000
         181  0.000000000000000E+000  0.000000000000000E+000
         182  0.000000000000000E+000  0.000000000000000E+000
         183  0.000000000000000E+000  0.000000000000000E+000
         184  0.000000000000000E+000  0.000000000000000E+000
         185  0.000000000000000E+000  0.000000000000000E+000
         186  0.000000000000000E+000  0.000000000000000E+000
         187  0.000000000000000E+000  0.000000000000000E+000
         188  0.000000000000000E+000  0.000000000000000E+000
         189  0.000000000000000E+000  0.000000000000000E+000
         190  0.000000000000000E+000  0.000000000000000E+000
         191  0.000000000000000E+000  0.000000000000000E+000
         192  0.000000000000000E+000  0.000000000000000E+000
         193  0.000000000000000E+000  0.000000000000000E+000
         194  0.000000000000000E+000  0.000000000000000E+000
         195  0.000000000000000E+000  0.000000000000000E+000
         196  0.000000000000000E+000  0.000000000000000E+000
         197  0.000000000000000E+000  0.000000000000000E+000
         198  0.000000000000000E+000  0.000000000000000E+000
         199  0.000000000000000E+000  0.000000000000000E+000
         200  0.000000000000000E+000  0.000000000000000E+000
         201  0.000000000000000E+000  0.000000000000000E+000
         202  0.000000000000000E+000  0.000000000000000E+000
         203  0.000000000000000E+000  0.000000000000000E+000
         204  0.000000000000000E+000  0.000000000000000E+000
         205  0.000000000000000E+000  0.000000000000000E+000
         206  0.000000000000000E+000  0.000000000000000E+000
         207  0.000000000000000E+000  0.000000000000000E+000
         208  0.000000000000000E+000  0.000000000000000E+000
         209  0.000000000000000E+000  0.000000000000000E+000
         210  0.000000000000000E+000  0.000000000000000E+000
         211  0.000000000000000E+000  0.000000000000000E+000
         212  0.000000000000000E+000  0.000000000000000E+000
         213  0.000000000000000E+000  0.000000000000000E+000
         214  0.000000000000000E+000  0.000000000000000E+000
         215  0.000000000000000E+000  0.000000000000000E+000
         216  0.000000000000000E+000  0.000000000000000E+000
         217  0.000000000000000E+000  0.000000000000000E+000
         218  0.000000000000000E+000  0.000000000000000E+000
         219  0.000000000000000E+000  0.000000000000000E+000
         220  0.000000000000000E+000  0.000000000000000E+000
         221  0.000000000000000E+000  0.000000000000000E+000
         222  0.000000000000000E+000  0.000000000000000E+000
         223  0.000000000000000E+000  0.000000000000000E+000
         224  0.000000000000000E+000  0.000000000000000E+000
         225  0.000000000000000E+000  0.000000000000000E+000
         226  0.000000000000000E+000  0.000000000000000E+000
         227  0.000000000000000E+000  0.000000000000000E+000
         228  0.000000000000000E+000  0.000000000000000E+000
         229  0.000000000000000E+000  0.000000000000000E+000
         230  0.000000000000000E+000  0.000000000000000E+000
         231  0.000000000000000E+000  0.000000000000000E+000
         232  0.000000000000000E+000  0.000000000000000E+000
         233  0.000000000000000E+000  0.000000000000000E+000
         234  0.000000000000000E+000  0.000000000000000E+000
         235  0.000000000000000E+000  0.000000000000000E+000
         236  0.000000000000000E+000  0.000000000000000E+000
         237  0.000000000000000E+000  0.000000000000000E+000
         238  0.000000000000000E+000  0.000000000000000E+000
         239  0.000000000000000E+000  0.000000000000000E+000
         240  0.000000000000000E+000  0.000000000000000E+000
         241  0.000000000000000E+000  0.000000000000000E+000
         242  0.000000000000000E+000  0.000000000000000E+000
         243  0.000000000000000E+000  0.000000000000000E+000
         244  0.000000000000000E+000  0.000000000000000E+000
         245  0.000000000000000E+000  0.000000000000000E+000
         246  0.000000000000000E+000  0.000000000000000E+000
         247  0.000000000000000E+000  0.000000000000000E+000
         248  0.000000000000000E+000  0.000000000000000E+000
         249  0.000000000000000E+000  0.000000000000000E+000
         250  0.000000000000000E+000  0.000000000000000E+000
         251  0.000000000000000E+000  0.000000000000000E+000
         252  0.000000000000000E+000  0.000000000000000E+000
         253  0.000000000000000E+000  0.000000000000000E+000
         254  0.000000000000000E+000  0.000000000000000E+000
         255  0.000000000000000E+000  0.000000000000000E+000
         256  0.000000000000000E+000  0.000000000000000E+000
         257  0.000000000000000E+000  0.000000000000000E+000
         258  0.000000000000000E+000  0.000000000000000E+000
         259  0.000000000000000E+000  0.000000000000000E+000
         260  0.000000000000000E+000  0.000000000000000E+000
         261  0.000000000000000E+000  0.000000000000000E+000
         262  0.000000000000000E+000  0.000000000000000E+000
         263  0.000000000000000E+000  0.000000000000000E+000
         264  0.000000000000000E+000  0.000000000000000E+000
         265  0.000000000000000E+000  0.000000000000000E+000
         266  0.000000000000000E+000  0.000000000000000E+000
         267  0.000000000000000E+000  0.000000000000000E+000
         268  0.000000000000000E+000  0.000000000000000E+000
         269  0.000000000000000E+000  0.000000000000000E+000
         270  0.000000000000000E+000  0.000000000000000E+000
         271  0.000000000000000E+000  0.000000000000000E+000
         272  0.000000000000000E+000  0.000000000000000E+000
         273  0.000000000000000E+000  0.000000000000000E+000
         274  0.000000000000000E+000  0.000000000000000E+000
         275  0.000000000000000E+000  0.000000000000000E+000
         276  0.000000000000000E+000  0.000000000000000E+000
         277  0.000000000000000E+000  0.000000000000000E+000
         278  0.000000000000000E+000  0.000000000000000E+000
         279  0.000000000000000E+000  0.000000000000000E+000
         280  0.000000000000000E+000  0.000000000000000E+000
         281  0.000000000000000E+000  0.000000000000000E+000
         282  0.000000000000000E+000  0.000000000000000E+000
         283  0.000000000000000E+000  0.000000000000000E+000
         284  0.000000000000000E+000  0.000000000000000E+000
         285  0.000000000000000E+000  0.000000000000000E+000
         286  0.000000000000000E+000  0.000000000000000E+000
         287  0.000000000000000E+000  0.000000000000000E+000
         288  0.000000000000000E+000  0.000000000000000E+000
         289  0.000000000000000E+000  0.000000000000000E+000
         290  0.000000000000000E+000  0.000000000000000E+000
         291  0.000000000000000E+000  0.000000000000000E+000
         292  0.000000000000000E+000  0.000000000000000E+000
         293  0.000000000000000E+000  0.000000000000000E+000
         294  0.000000000000000E+000  0.000000000000000E+000
         295  0.000000000000000E+000  0.000000000000000E+000
         296  0.000000000000000E+000  0.000000000000000E+000
         297  0.000000000000000E+000  0.000000000000000E+000
         298  0.000000000000000E+000  0.000000000000000E+000
         299  0.000000000000000E+000  0.000000000000000E+000
         300  0.000000000000000E+000  0.000000000000000E+000
         301  0.000000000000000E+000  0.000000000000000E+000
         302  0.000000000000000E+000  0.000000000000000E+000
         303  0.000000000000000E+000  0.000000000000000E+000
         304  0.000000000000000E+000  0.000000000000000E+000
         305  0.000000000000000E+000  0.000000000000000E+000
         306  0.000000000000000E+000  0.000000000000000E+000
         307  0.000000000000000E+000  0.000000000000000E+000
         308  0.000000000000000E+000  0.000000000000000E+000
         309  0.000000000000000E+000  0.000000000000000E+000
         310  0.000000000000000E+000  0.000000000000000E+000
         311  0.000000000000000E+000  0.000000000000000E+000
         312  0.000000000000000E+000  0.000000000000000E+000
         313  0.000000000000000E+000  0.000000000000000E+000
         314  0.000000000000000E+000  0.000000000000000E+000
         315  0.000000000000000E+000  0.000000000000000E+000
         316  0.000000000000000E+000  0.000000000000000E+000
         317  0.000000000000000E+000  0.000000000000000E+000
         318  0.000000000000000E+000  0.000000000000000E+000
         319  0.000000000000000E+000  0.000000000000000E+000
         320  0.000000000000000E+000  0.000000000000000E+000
         321  0.000000000000000E+000  0.000000000000000E+000
         322  0.000000000000000E+000  0.000000000000000E+000
         323  0.000000000000000E+000  0.000000000000000E+000
         324  0.000000000000000E+000  0.000000000000000E+000
         325  0.000000000000000E+000  0.000000000000000E+000
         326  0.000000000000000E+000  0.000000000000000E+000
         327  0.000000000000000E+000  0.000000000000000E+000
         328  0.000000000000000E+000  0.000000000000000E+000
         329  0.000000000000000E+000  0.000000000000000E+000
         330  0.000000000000000E+000  0.000000000000000E+000
         331  0.000000000000000E+000  0.000000000000000E+000
         332  0.000000000000000E+000  0.000000000000000E+000
         333  0.000000000000000E+000  0.000000000000000E+000
         334  0.000000000000000E+000  0.000000000000000E+000
         335  0.000000000000000E+000  0.000000000000000E+000
         336  0.000000000000000E+000  0.000000000000000E+000
         337  0.000000000000000E+000  0.000000000000000E+000
         338  0.000000000000000E+000  0.000000000000000E+000
         339  0.000000000000000E+000  0.000000000000000E+000
         340  0.000000000000000E+000  0.000000000000000E+000
         341  0.000000000000000E+000  0.000000000000000E+000
         342  0.000000000000000E+000  0.000000000000000E+000
         343  0.000000000000000E+000  0.000000000000000E+000
         344  0.000000000000000E+000  0.000000000000000E+000
         345  0.000000000000000E+000  0.000000000000000E+000
         346  0.000000000000000E+000  0.000000000000000E+000
         347  0.000000000000000E+000  0.000000000000000E+000
         348  0.000000000000000E+000  0.000000000000000E+000
         349  0.000000000000000E+000  0.000000000000000E+000
         350  0.000000000000000E+000  0.000000000000000E+000
         351  0.000000000000000E+000  0.000000000000000E+000
         352  0.000000000000000E+000  0.000000000000000E+000
         353  0.000000000000000E+000  0.000000000000000E+000
         354  0.000000000000000E+000  0.000000000000000E+000
         355  0.000000000000000E+000  0.000000000000000E+000
         356  0.000000000000000E+000  0.000000000000000E+000
         357  0.000000000000000E+000  0.000000000000000E+000
         358  0.000000000000000E+000  0.000000000000000E+000
         359  0.000000000000000E+000  0.000000000000000E+000
         360  0.000000000000000E+000  0.000000000000000E+000
         361  0.000000000000000E+000  0.000000000000000E+000
         362  0.000000000000000E+000  0.000000000000000E+000
         363  0.000000000000000E+000  0.000000000000000E+000
         364  0.000000000000000E+000  0.000000000000000E+000
         365  0.000000000000000E+000  0.000000000000000E+000
         366  0.000000000000000E+000  0.000000000000000E+000
         367  0.000000000000000E+000  0.000000000000000E+000
         368  0.000000000000000E+000  0.000000000000000E+000
         369  0.000000000000000E+000  0.000000000000000E+000
         370  0.000000000000000E+000  0.000000000000000E+000
         371  0.000000000000000E+000  0.000000000000000E+000
         372  0.000000000000000E+000  0.000000000000000E+000
         373  0.000000000000000E+000  0.000000000000000E+000
         374  0.000000000000000E+000  0.000000000000000E+000
         375  0.000000000000000E+000  0.000000000000000E+000
         376  0.000000000000000E+000  0.000000000000000E+000
         377  0.000000000000000E+000  0.000000000000000E+000
         378  0.000000000000000E+000  0.000000000000000E+000
         379  0.000000000000000E+000  0.000000000000000E+000
         380  0.000000000000000E+000  0.000000000000000E+000
         381  0.000000000000000E+000  0.000000000000000E+000
         382  0.000000000000000E+000  0.000000000000000E+000
         383  0.000000000000000E+000  0.000000000000000E+000
         384  0.000000000000000E+000  0.000000000000000E+000
         385  0.000000000000000E+000  0.000000000000000E+000
         386  0.000000000000000E+000  0.000000000000000E+000
         387  0.000000000000000E+000  0.000000000000000E+000
         388  0.000000000000000E+000  0.000000000000000E+000
         389  0.000000000000000E+000  0.000000000000000E+000
         390  0.000000000000000E+000  0.000000000000000E+000
         391  0.000000000000000E+000  0.000000000000000E+000
         392  0.000000000000000E+000  0.000000000000000E+000
         393  0.000000000000000E+000  0.000000000000000E+000
         394  0.000000000000000E+000  0.000000000000000E+000
         395  0.000000000000000E+000  0.000000000000000E+000
         396  0.000000000000000E+000  0.000000000000000E+000
         397  0.000000000000000E+000  0.000000000000000E+000
         398  0.000000000000000E+000  0.000000000000000E+000
         399  0.000000000000000E+000  0.000000000000000E+000
         400  0.000000000000000E+000  0.000000000000000E+000
         401  0.000000000000000E+000  0.000000000000000E+000
         402  0.000000000000000E+000  0.000000000000000E+000
         403  0.000000000000000E+000  0.000000000000000E+000
         404  0.000000000000000E+000  0.000000000000000E+000
         405  0.000000000000000E+000  0.000000000000000E+000
         406  0.000000000000000E+000  0.000000000000000E+000
         407  0.000000000000000E+000  0.000000000000000E+000
         408  0.000000000000000E+000  0.000000000000000E+000
         409  0.000000000000000E+000  0.000000000000000E+000
         410  0.000000000000000E+000  0.000000000000000E+000
         411  0.000000000000000E+000  0.000000000000000E+000
         412  0.000000000000000E+000  0.000000000000000E+000
         413  0.000000000000000E+000  0.000000000000000E+000
         414  0.000000000000000E+000  0.000000000000000E+000
         415  0.000000000000000E+000  0.000000000000000E+000
         416  0.000000000000000E+000  0.000000000000000E+000
         417  0.000000000000000E+000  0.000000000000000E+000
         418  0.000000000000000E+000  0.000000000000000E+000
         419  0.000000000000000E+000  0.000000000000000E+000
         420  0.000000000000000E+000  0.000000000000000E+000
         421  0.000000000000000E+000  0.000000000000000E+000
         422  0.000000000000000E+000  0.000000000000000E+000
         423  0.000000000000000E+000  0.000000000000000E+000
         424  0.000000000000000E+000  0.000000000000000E+000
         425  0.000000000000000E+000  0.000000000000000E+000
         426  0.000000000000000E+000  0.000000000000000E+000
         427  0.000000000000000E+000  0.000000000000000E+000
         428  0.000000000000000E+000  0.000000000000000E+000
         429  0.000000000000000E+000  0.000000000000000E+000
         430  0.000000000000000E+000  0.000000000000000E+000
         431  0.000000000000000E+000  0.000000000000000E+000
         432  0.000000000000000E+000  0.000000000000000E+000
         433  0.000000000000000E+000  0.000000000000000E+000
         434  0.000000000000000E+000  0.000000000000000E+000
         435  0.000000000000000E+000  0.000000000000000E+000
         436  0.000000000000000E+000  0.000000000000000E+000
         437  0.000000000000000E+000  0.000000000000000E+000
         438  0.000000000000000E+000  0.000000000000000E+000
         439  0.000000000000000E+000  0.000000000000000E+000
         440  0.000000000000000E+000  0.000000000000000E+000
         441  0.000000000000000E+000  0.000000000000000E+000
         442  0.000000000000000E+000  0.000000000000000E+000
         443  0.000000000000000E+000  0.000000000000000E+000
         444  0.000000000000000E+000  0.000000000000000E+000
