           0  0.000000000000000E+000  0.000000000000000E+000
           1   2.37773887552817        4.75547775105635     
           2   1.44229075647897        4.98806988037509     
           3  0.195306054077214        1.89159290107744     
           4  0.208206881823369        3.29768082768312     
           5  0.129279044947052        3.24548870278260     
           6  0.107336420926647        4.02254107552781     
           7  9.264825609640626E-002   4.55180592694320     
           8  7.876087201798081E-002   5.03086440956028     
           9  7.940728412842549E-002   6.48388111651752     
          10  5.843493901172309E-002   5.91993868285427     
          11  4.908133188134733E-002   5.99205967514176     
          12  4.739980539670574E-002   6.85394112347111     
          13  3.945072534365904E-002   6.66382591510265     
          14  3.212156310633740E-002   6.30759838070461     
          15  2.894180366548361E-002   6.50422684200878     
          16  2.833770942295474E-002   7.22867795193569     
          17  2.475351729631253E-002   7.17649429275376     
          18  2.167880146483579E-002   7.05638235805318     
          19  1.879833390983845E-002   6.80454263236564     
          20  1.756292492053543E-002   7.02916089777069     
          21  1.729819820232148E-002   7.63978984375150     
          22  1.355792157166783E-002   6.56950097795555     
          23  1.303738267521606E-002   6.90443641577252     
          24  1.130984283985789E-002   6.50526024804827     
          25  1.153491459938988E-002   7.20693924431906     
          26  1.022741943344831E-002   6.92032673475260     
          27  9.192637557132686E-003   6.70990592754605     
          28  8.098911550560266E-003   6.35182616082116     
          29  7.261326166941187E-003   6.11436970932330     
          30  6.620386011958423E-003   5.96060173975002     
          31  6.195042835223006E-003   5.95744197525851     
          32  5.480192409329020E-003   5.61273194895682     
          33  5.278557889257090E-003   5.74808682916142     
          34  4.780130443290651E-003   5.52923120515795     
          35  4.190176941185737E-003   5.13461454780772     
          36  3.940931268150045E-003   5.10949453224831     
          37  3.647292162835089E-003   4.99353469740905     
          38  3.278361289828193E-003   4.73586272650422     
          39  2.997506465285781E-003   4.56136170421008     
          40  2.727306747316270E-003   4.36283168165463     
          41  2.530787085375729E-003   4.25670293765415     
          42  2.281919776178851E-003   4.02823003811173     
          43  2.083117588145479E-003   3.85303031147063     
          44  1.882111529705196E-003   3.64471353100686     
          45  1.786558689901133E-003   3.61966515246542     
          46  1.594994153496608E-003   3.37693723331821     
          47  1.481443728906076E-003   3.27204612042212     
          48  1.361164378067231E-003   3.13492630448915     
          49  1.263815800315711E-003   3.03419001512508     
          50  1.136267363955119E-003   2.84135343015809     
          51  1.022526318941006E-003   2.66015259142276     
          52  9.632003207716983E-004   2.60491470601297     
          53  8.540019108192755E-004   2.39976623250918     
          54  7.852568933764755E-004   2.29035102127793     
          55  7.207983955694996E-004   2.18038281718516     
          56  6.802498637447387E-004   2.13295377036762     
          57  6.262361573718244E-004   2.03493232421210     
          58  5.537828434585411E-004   1.86351449469548     
          59  5.126388224112548E-004   1.78466924841147     
          60  4.819081985700971E-004   1.73483739273681     
          61  4.293910401546233E-004   1.59772652443989     
          62  4.037574533038719E-004   1.55243492971780     
          63  3.508299608494790E-004   1.39240759469525     
          64  3.314446793855878E-004   1.35719435399278     
          65  3.141223624558887E-004   1.32688033802956     
          66  2.755658155492551E-004   1.20049711831462     
          67  2.567317849495095E-004   1.15259144527907     
          68  2.281342550047850E-004   1.05504897972711     
          69  2.150918499939250E-004   1.02419418355729     
          70  1.906517038973532E-004  0.934262516697235     
          71  1.756023392259103E-004  0.885139329032169     
          72  1.661450743392882E-004  0.861187444403776     
          73  1.490778140463535E-004  0.794394599662281     
          74  1.399933573280942E-004  0.766645587084602     
          75  1.256090378096161E-004  0.706583806163700     
          76  1.137417628909935E-004  0.657013619464380     
          77  1.055890896812075E-004  0.626124760338127     
          78  9.638420623927268E-005  0.586475716093113     
          79  8.802295790068200E-005  0.549309643050294     
          80  8.144486369243588E-005  0.521165964226874     
          81  7.485543490425024E-005  0.491046107792619     
          82  6.761778460115191E-005  0.454654445644101     
          83  6.220099968582901E-005  0.428500997256953     
          84  5.662137614760892E-005  0.399511427072653     
          85  5.222242912535850E-005  0.377276379501150     
          86  4.761311099835109E-005  0.352183072799859     
          87  4.293855975495536E-005  0.325005022130249     
          88  3.970821176118389E-005  0.307493814976129     
          89  3.654925038708753E-005  0.289501163884444     
          90  3.339927829934355E-005  0.270535309464043     
          91  3.062837212540153E-005  0.253651781240189     
          92  2.771901719030140E-005  0.234624440946517     
          93  2.537342860673480E-005  0.219462623336380     
          94  2.327744442455289E-005  0.205680420523350     
          95  2.102867059459663E-005  0.189751640774190     
          96  1.952666443181374E-005  0.179918413661881     
          97  1.808300043363117E-005  0.170115034243274     
          98  1.672988601050919E-005  0.160677999282794     
          99  1.494193189732409E-005  0.146448997890214     
         100  1.367029102742700E-005  0.136704052669656     
         101  1.268441004673355E-005  0.129398324852517     
         102  1.147831952253485E-005  0.119414953495969     
         103  1.050417278845493E-005  0.111443340365287     
         104  9.347703100011384E-006  0.101102583417535     
         105  8.840141896013775E-006  9.745090448080705E-002
         106  7.979313092169249E-006  8.965535578188730E-002
         107  7.360154896141312E-006  8.426430594825754E-002
         108  6.649639350345327E-006  7.755546735032810E-002
         109  6.159382778872711E-006  7.317776032726497E-002
         110  5.611327953152490E-006  6.789946779767751E-002
         111  5.055064202225728E-006  6.228157542690518E-002
         112  4.693463408511615E-006  5.887104732756246E-002
         113  4.320214649730024E-006  5.516139044414813E-002
         114  3.903348056321165E-006  5.072764117701730E-002
         115  3.562446233510253E-006  4.711115842569323E-002
         116  3.273761022725824E-006  4.404615242028999E-002
         117  3.021770403871664E-006  4.136483060208516E-002
         118  2.744383595794097E-006  3.821204886800184E-002
         119  2.476631553583481E-006  3.506709327209120E-002
         120  2.287280273890853E-006  3.293321584693648E-002
         121  2.124219894856101E-006  3.109750072967621E-002
         122  1.906491408133797E-006  2.837394954868643E-002
         123  1.738937615798818E-006  2.630642319470823E-002
         124  1.576035279724446E-006  2.423167737593430E-002
         125  1.469563348886494E-006  2.296228210263626E-002
         126  1.317355670507456E-006  2.091374918233035E-002
         127  1.213329455697183E-006  1.956809596251114E-002
         128  1.122156290016275E-006  1.838369085788604E-002
         129  1.017880898517566E-006  1.693720409668532E-002
         130  9.323984521738155E-007  1.575775247571658E-002
         131  8.422636393646210E-007  1.445295716743869E-002
         132  7.779527863926997E-007  1.355403627704310E-002
         133  7.072046923522021E-007  1.250989933292355E-002
         134  6.482014734457630E-007  1.163858730990957E-002
         135  5.916253748861644E-007  1.078199342814852E-002
         136  5.448483054080123E-007  1.007668647403637E-002
         137  5.004239009922153E-007  9.392558537124814E-003
         138  4.454188157576326E-007  8.482552053673360E-003
         139  4.098476342809763E-007  7.918047171689611E-003
         140  3.782194145530398E-007  7.412566253941791E-003
         141  3.451807874285506E-007  6.862507256401260E-003
         142  3.176721756132546E-007  6.405589484611760E-003
         143  2.855138524242662E-007  5.837951649255388E-003
         144  2.649635931666791E-007  5.493653383882201E-003
         145  2.432920731055635E-007  5.114612434854476E-003
         146  2.231897599881564E-007  4.757280496479130E-003
         147  2.043827720172184E-007  4.416208380150045E-003
         148  1.862686686504579E-007  4.079900613830470E-003
         149  1.729980058269305E-007  3.840753588403940E-003
         150  1.571516561732767E-007  3.535965029392159E-003
         151  1.448645314884983E-007  3.303060994319669E-003
         152  1.324180554028118E-007  3.059223406738604E-003
         153  1.217937473740478E-007  2.850922983582025E-003
         154  1.120004490386605E-007  2.656196285496658E-003
         155  1.033050284666959E-007  2.481920515908170E-003
         156  9.582960628633360E-008  2.331921793513170E-003
         157  8.889707892151296E-008  2.191196608517163E-003
         158  8.101747131243420E-008  2.022536384601124E-003
         159  7.568326271724687E-008  1.913239510151605E-003
         160  7.069360728653423E-008  1.809599032323543E-003
         161  6.644300892353719E-008  1.722247382415086E-003
         162  6.052497885618755E-008  1.588418872640299E-003
         163  5.841655930223612E-008  1.552079555659727E-003
         164  5.331157402378807E-008  1.433899715217907E-003
         165  5.115752320113631E-008  1.392753733428290E-003
         166  4.778953407686099E-008  1.316830340715038E-003
         167  4.621260774572658E-008  1.288774170285180E-003
         168  4.412845616844429E-008  1.245488899850841E-003
         169  4.277331263393455E-008  1.221674002845212E-003
         170  4.552183821926355E-008  1.315783092486540E-003
         171  7.471849293520238E-009  2.174298201291795E-004
         172  0.000000000000000E+000  0.000000000000000E+000
         173  0.000000000000000E+000  0.000000000000000E+000
         174  0.000000000000000E+000  0.000000000000000E+000
         175  0.000000000000000E+000  0.000000000000000E+000
         176  0.000000000000000E+000  0.000000000000000E+000
         177  0.000000000000000E+000  0.000000000000000E+000
         178  0.000000000000000E+000  0.000000000000000E+000
         179  0.000000000000000E+000  0.000000000000000E+000
         180  0.000000000000000E+000  0.000000000000000E+000
         181  0.000000000000000E+000  0.000000000000000E+000
         182  0.000000000000000E+000  0.000000000000000E+000
         183  0.000000000000000E+000  0.000000000000000E+000
         184  0.000000000000000E+000  0.000000000000000E+000
         185  0.000000000000000E+000  0.000000000000000E+000
         186  0.000000000000000E+000  0.000000000000000E+000
         187  0.000000000000000E+000  0.000000000000000E+000
         188  0.000000000000000E+000  0.000000000000000E+000
         189  0.000000000000000E+000  0.000000000000000E+000
         190  0.000000000000000E+000  0.000000000000000E+000
         191  0.000000000000000E+000  0.000000000000000E+000
         192  0.000000000000000E+000  0.000000000000000E+000
         193  0.000000000000000E+000  0.000000000000000E+000
         194  0.000000000000000E+000  0.000000000000000E+000
         195  0.000000000000000E+000  0.000000000000000E+000
         196  0.000000000000000E+000  0.000000000000000E+000
         197  0.000000000000000E+000  0.000000000000000E+000
         198  0.000000000000000E+000  0.000000000000000E+000
         199  0.000000000000000E+000  0.000000000000000E+000
         200  0.000000000000000E+000  0.000000000000000E+000
         201  0.000000000000000E+000  0.000000000000000E+000
         202  0.000000000000000E+000  0.000000000000000E+000
         203  0.000000000000000E+000  0.000000000000000E+000
         204  0.000000000000000E+000  0.000000000000000E+000
         205  0.000000000000000E+000  0.000000000000000E+000
         206  0.000000000000000E+000  0.000000000000000E+000
         207  0.000000000000000E+000  0.000000000000000E+000
         208  0.000000000000000E+000  0.000000000000000E+000
         209  0.000000000000000E+000  0.000000000000000E+000
         210  0.000000000000000E+000  0.000000000000000E+000
         211  0.000000000000000E+000  0.000000000000000E+000
         212  0.000000000000000E+000  0.000000000000000E+000
         213  0.000000000000000E+000  0.000000000000000E+000
         214  0.000000000000000E+000  0.000000000000000E+000
         215  0.000000000000000E+000  0.000000000000000E+000
         216  0.000000000000000E+000  0.000000000000000E+000
         217  0.000000000000000E+000  0.000000000000000E+000
         218  0.000000000000000E+000  0.000000000000000E+000
         219  0.000000000000000E+000  0.000000000000000E+000
         220  0.000000000000000E+000  0.000000000000000E+000
         221  0.000000000000000E+000  0.000000000000000E+000
         222  0.000000000000000E+000  0.000000000000000E+000
         223  0.000000000000000E+000  0.000000000000000E+000
         224  0.000000000000000E+000  0.000000000000000E+000
         225  0.000000000000000E+000  0.000000000000000E+000
         226  0.000000000000000E+000  0.000000000000000E+000
         227  0.000000000000000E+000  0.000000000000000E+000
         228  0.000000000000000E+000  0.000000000000000E+000
         229  0.000000000000000E+000  0.000000000000000E+000
         230  0.000000000000000E+000  0.000000000000000E+000
         231  0.000000000000000E+000  0.000000000000000E+000
         232  0.000000000000000E+000  0.000000000000000E+000
         233  0.000000000000000E+000  0.000000000000000E+000
         234  0.000000000000000E+000  0.000000000000000E+000
         235  0.000000000000000E+000  0.000000000000000E+000
         236  0.000000000000000E+000  0.000000000000000E+000
         237  0.000000000000000E+000  0.000000000000000E+000
         238  0.000000000000000E+000  0.000000000000000E+000
         239  0.000000000000000E+000  0.000000000000000E+000
         240  0.000000000000000E+000  0.000000000000000E+000
         241  0.000000000000000E+000  0.000000000000000E+000
         242  0.000000000000000E+000  0.000000000000000E+000
         243  0.000000000000000E+000  0.000000000000000E+000
         244  0.000000000000000E+000  0.000000000000000E+000
         245  0.000000000000000E+000  0.000000000000000E+000
         246  0.000000000000000E+000  0.000000000000000E+000
         247  0.000000000000000E+000  0.000000000000000E+000
         248  0.000000000000000E+000  0.000000000000000E+000
         249  0.000000000000000E+000  0.000000000000000E+000
         250  0.000000000000000E+000  0.000000000000000E+000
         251  0.000000000000000E+000  0.000000000000000E+000
         252  0.000000000000000E+000  0.000000000000000E+000
         253  0.000000000000000E+000  0.000000000000000E+000
         254  0.000000000000000E+000  0.000000000000000E+000
         255  0.000000000000000E+000  0.000000000000000E+000
         256  0.000000000000000E+000  0.000000000000000E+000
         257  0.000000000000000E+000  0.000000000000000E+000
         258  0.000000000000000E+000  0.000000000000000E+000
         259  0.000000000000000E+000  0.000000000000000E+000
         260  0.000000000000000E+000  0.000000000000000E+000
         261  0.000000000000000E+000  0.000000000000000E+000
         262  0.000000000000000E+000  0.000000000000000E+000
         263  0.000000000000000E+000  0.000000000000000E+000
         264  0.000000000000000E+000  0.000000000000000E+000
         265  0.000000000000000E+000  0.000000000000000E+000
         266  0.000000000000000E+000  0.000000000000000E+000
         267  0.000000000000000E+000  0.000000000000000E+000
         268  0.000000000000000E+000  0.000000000000000E+000
         269  0.000000000000000E+000  0.000000000000000E+000
         270  0.000000000000000E+000  0.000000000000000E+000
         271  0.000000000000000E+000  0.000000000000000E+000
         272  0.000000000000000E+000  0.000000000000000E+000
         273  0.000000000000000E+000  0.000000000000000E+000
         274  0.000000000000000E+000  0.000000000000000E+000
         275  0.000000000000000E+000  0.000000000000000E+000
         276  0.000000000000000E+000  0.000000000000000E+000
         277  0.000000000000000E+000  0.000000000000000E+000
         278  0.000000000000000E+000  0.000000000000000E+000
         279  0.000000000000000E+000  0.000000000000000E+000
         280  0.000000000000000E+000  0.000000000000000E+000
         281  0.000000000000000E+000  0.000000000000000E+000
         282  0.000000000000000E+000  0.000000000000000E+000
         283  0.000000000000000E+000  0.000000000000000E+000
         284  0.000000000000000E+000  0.000000000000000E+000
         285  0.000000000000000E+000  0.000000000000000E+000
         286  0.000000000000000E+000  0.000000000000000E+000
         287  0.000000000000000E+000  0.000000000000000E+000
         288  0.000000000000000E+000  0.000000000000000E+000
         289  0.000000000000000E+000  0.000000000000000E+000
         290  0.000000000000000E+000  0.000000000000000E+000
         291  0.000000000000000E+000  0.000000000000000E+000
         292  0.000000000000000E+000  0.000000000000000E+000
         293  0.000000000000000E+000  0.000000000000000E+000
         294  0.000000000000000E+000  0.000000000000000E+000
         295  0.000000000000000E+000  0.000000000000000E+000
         296  0.000000000000000E+000  0.000000000000000E+000
         297  0.000000000000000E+000  0.000000000000000E+000
         298  0.000000000000000E+000  0.000000000000000E+000
         299  0.000000000000000E+000  0.000000000000000E+000
         300  0.000000000000000E+000  0.000000000000000E+000
         301  0.000000000000000E+000  0.000000000000000E+000
         302  0.000000000000000E+000  0.000000000000000E+000
         303  0.000000000000000E+000  0.000000000000000E+000
         304  0.000000000000000E+000  0.000000000000000E+000
         305  0.000000000000000E+000  0.000000000000000E+000
         306  0.000000000000000E+000  0.000000000000000E+000
         307  0.000000000000000E+000  0.000000000000000E+000
         308  0.000000000000000E+000  0.000000000000000E+000
         309  0.000000000000000E+000  0.000000000000000E+000
         310  0.000000000000000E+000  0.000000000000000E+000
         311  0.000000000000000E+000  0.000000000000000E+000
         312  0.000000000000000E+000  0.000000000000000E+000
         313  0.000000000000000E+000  0.000000000000000E+000
         314  0.000000000000000E+000  0.000000000000000E+000
         315  0.000000000000000E+000  0.000000000000000E+000
         316  0.000000000000000E+000  0.000000000000000E+000
         317  0.000000000000000E+000  0.000000000000000E+000
         318  0.000000000000000E+000  0.000000000000000E+000
         319  0.000000000000000E+000  0.000000000000000E+000
         320  0.000000000000000E+000  0.000000000000000E+000
         321  0.000000000000000E+000  0.000000000000000E+000
         322  0.000000000000000E+000  0.000000000000000E+000
         323  0.000000000000000E+000  0.000000000000000E+000
         324  0.000000000000000E+000  0.000000000000000E+000
         325  0.000000000000000E+000  0.000000000000000E+000
         326  0.000000000000000E+000  0.000000000000000E+000
         327  0.000000000000000E+000  0.000000000000000E+000
         328  0.000000000000000E+000  0.000000000000000E+000
         329  0.000000000000000E+000  0.000000000000000E+000
         330  0.000000000000000E+000  0.000000000000000E+000
         331  0.000000000000000E+000  0.000000000000000E+000
         332  0.000000000000000E+000  0.000000000000000E+000
         333  0.000000000000000E+000  0.000000000000000E+000
         334  0.000000000000000E+000  0.000000000000000E+000
         335  0.000000000000000E+000  0.000000000000000E+000
         336  0.000000000000000E+000  0.000000000000000E+000
         337  0.000000000000000E+000  0.000000000000000E+000
         338  0.000000000000000E+000  0.000000000000000E+000
         339  0.000000000000000E+000  0.000000000000000E+000
         340  0.000000000000000E+000  0.000000000000000E+000
         341  0.000000000000000E+000  0.000000000000000E+000
         342  0.000000000000000E+000  0.000000000000000E+000
         343  0.000000000000000E+000  0.000000000000000E+000
         344  0.000000000000000E+000  0.000000000000000E+000
         345  0.000000000000000E+000  0.000000000000000E+000
         346  0.000000000000000E+000  0.000000000000000E+000
         347  0.000000000000000E+000  0.000000000000000E+000
         348  0.000000000000000E+000  0.000000000000000E+000
         349  0.000000000000000E+000  0.000000000000000E+000
         350  0.000000000000000E+000  0.000000000000000E+000
         351  0.000000000000000E+000  0.000000000000000E+000
         352  0.000000000000000E+000  0.000000000000000E+000
         353  0.000000000000000E+000  0.000000000000000E+000
         354  0.000000000000000E+000  0.000000000000000E+000
         355  0.000000000000000E+000  0.000000000000000E+000
         356  0.000000000000000E+000  0.000000000000000E+000
         357  0.000000000000000E+000  0.000000000000000E+000
         358  0.000000000000000E+000  0.000000000000000E+000
         359  0.000000000000000E+000  0.000000000000000E+000
         360  0.000000000000000E+000  0.000000000000000E+000
         361  0.000000000000000E+000  0.000000000000000E+000
         362  0.000000000000000E+000  0.000000000000000E+000
         363  0.000000000000000E+000  0.000000000000000E+000
         364  0.000000000000000E+000  0.000000000000000E+000
         365  0.000000000000000E+000  0.000000000000000E+000
         366  0.000000000000000E+000  0.000000000000000E+000
         367  0.000000000000000E+000  0.000000000000000E+000
         368  0.000000000000000E+000  0.000000000000000E+000
         369  0.000000000000000E+000  0.000000000000000E+000
         370  0.000000000000000E+000  0.000000000000000E+000
         371  0.000000000000000E+000  0.000000000000000E+000
         372  0.000000000000000E+000  0.000000000000000E+000
         373  0.000000000000000E+000  0.000000000000000E+000
         374  0.000000000000000E+000  0.000000000000000E+000
         375  0.000000000000000E+000  0.000000000000000E+000
         376  0.000000000000000E+000  0.000000000000000E+000
         377  0.000000000000000E+000  0.000000000000000E+000
         378  0.000000000000000E+000  0.000000000000000E+000
         379  0.000000000000000E+000  0.000000000000000E+000
         380  0.000000000000000E+000  0.000000000000000E+000
         381  0.000000000000000E+000  0.000000000000000E+000
         382  0.000000000000000E+000  0.000000000000000E+000
         383  0.000000000000000E+000  0.000000000000000E+000
         384  0.000000000000000E+000  0.000000000000000E+000
         385  0.000000000000000E+000  0.000000000000000E+000
         386  0.000000000000000E+000  0.000000000000000E+000
         387  0.000000000000000E+000  0.000000000000000E+000
         388  0.000000000000000E+000  0.000000000000000E+000
         389  0.000000000000000E+000  0.000000000000000E+000
         390  0.000000000000000E+000  0.000000000000000E+000
         391  0.000000000000000E+000  0.000000000000000E+000
         392  0.000000000000000E+000  0.000000000000000E+000
         393  0.000000000000000E+000  0.000000000000000E+000
         394  0.000000000000000E+000  0.000000000000000E+000
         395  0.000000000000000E+000  0.000000000000000E+000
         396  0.000000000000000E+000  0.000000000000000E+000
         397  0.000000000000000E+000  0.000000000000000E+000
         398  0.000000000000000E+000  0.000000000000000E+000
         399  0.000000000000000E+000  0.000000000000000E+000
         400  0.000000000000000E+000  0.000000000000000E+000
         401  0.000000000000000E+000  0.000000000000000E+000
         402  0.000000000000000E+000  0.000000000000000E+000
         403  0.000000000000000E+000  0.000000000000000E+000
         404  0.000000000000000E+000  0.000000000000000E+000
         405  0.000000000000000E+000  0.000000000000000E+000
         406  0.000000000000000E+000  0.000000000000000E+000
         407  0.000000000000000E+000  0.000000000000000E+000
         408  0.000000000000000E+000  0.000000000000000E+000
         409  0.000000000000000E+000  0.000000000000000E+000
         410  0.000000000000000E+000  0.000000000000000E+000
         411  0.000000000000000E+000  0.000000000000000E+000
         412  0.000000000000000E+000  0.000000000000000E+000
         413  0.000000000000000E+000  0.000000000000000E+000
         414  0.000000000000000E+000  0.000000000000000E+000
         415  0.000000000000000E+000  0.000000000000000E+000
         416  0.000000000000000E+000  0.000000000000000E+000
         417  0.000000000000000E+000  0.000000000000000E+000
         418  0.000000000000000E+000  0.000000000000000E+000
         419  0.000000000000000E+000  0.000000000000000E+000
         420  0.000000000000000E+000  0.000000000000000E+000
         421  0.000000000000000E+000  0.000000000000000E+000
         422  0.000000000000000E+000  0.000000000000000E+000
         423  0.000000000000000E+000  0.000000000000000E+000
         424  0.000000000000000E+000  0.000000000000000E+000
         425  0.000000000000000E+000  0.000000000000000E+000
         426  0.000000000000000E+000  0.000000000000000E+000
         427  0.000000000000000E+000  0.000000000000000E+000
         428  0.000000000000000E+000  0.000000000000000E+000
         429  0.000000000000000E+000  0.000000000000000E+000
         430  0.000000000000000E+000  0.000000000000000E+000
         431  0.000000000000000E+000  0.000000000000000E+000
         432  0.000000000000000E+000  0.000000000000000E+000
         433  0.000000000000000E+000  0.000000000000000E+000
         434  0.000000000000000E+000  0.000000000000000E+000
         435  0.000000000000000E+000  0.000000000000000E+000
         436  0.000000000000000E+000  0.000000000000000E+000
         437  0.000000000000000E+000  0.000000000000000E+000
         438  0.000000000000000E+000  0.000000000000000E+000
         439  0.000000000000000E+000  0.000000000000000E+000
         440  0.000000000000000E+000  0.000000000000000E+000
         441  0.000000000000000E+000  0.000000000000000E+000
         442  0.000000000000000E+000  0.000000000000000E+000
         443  0.000000000000000E+000  0.000000000000000E+000
         444  0.000000000000000E+000  0.000000000000000E+000
