           0  0.000000000000000E+000  0.000000000000000E+000
           1   2.34006181929433        4.68012363858866     
           2   1.21304250673526        4.23964552370704     
           3  0.200574281544096        1.93144482362245     
           4  0.227689693591798        3.61641029772446     
           5  0.168102678249411        4.21314618469050     
           6  0.121145579795110        4.52518372394483     
           7  9.115479748359046E-002   4.48139040689171     
           8  8.009324124832193E-002   5.07548057947963     
           9  8.330427768021498E-002   6.83457730688217     
          10  5.915713991765564E-002   5.99494791081401     
          11  5.325608939432594E-002   6.52954967172034     
          12  4.667258526519945E-002   6.75619092247223     
          13  4.318446454210349E-002   7.29183966295664     
          14  3.703977842391842E-002   7.28137639593301     
          15  3.062741020803866E-002   6.88210947009647     
          16  3.147847414795018E-002   8.04122177320123     
          17  2.679847918611269E-002   7.77144067733902     
          18  2.348117174519301E-002   7.63552951128706     
          19  2.023962104792299E-002   7.32974778775817     
          20  1.992312272062013E-002   7.97234295520331     
          21  1.832966546668893E-002   8.09525834685519     
          22  1.475690709912987E-002   7.15440768727704     
          23  1.421431782369392E-002   7.52628070816917     
          24  1.208599944553458E-002   6.95344517572347     
          25  1.239153114160584E-002   7.74873007047644     
          26  1.072501345918063E-002   7.26039985141766     
          27  9.583102428675589E-003   6.99423545506964     
          28  8.678617337887957E-003   6.81033141377630     
          29  7.973604857265990E-003   6.71503747663178     
          30  7.209208896916470E-003   6.49173980143970     
          31  6.746113724962068E-003   6.48736000602726     
          32  6.028802346036310E-003   6.17282293448287     
          33  5.709243154301972E-003   6.21647933186550     
          34  5.170173942812071E-003   5.97752727305142     
          35  4.585831376332188E-003   5.61957156179611     
          36  4.331560036626145E-003   5.61247883911520     
          37  3.961507556327160E-003   5.42497536109496     
          38  3.569504811391927E-003   5.15715432905794     
          39  3.173327598302769E-003   4.82762693867186     
          40  2.957242259214888E-003   4.73175122236234     
          41  2.702540121105614E-003   4.54490301101426     
          42  2.512346132468721E-003   4.43338263421307     
          43  2.314611930560777E-003   4.28180870947102     
          44  2.052428146956536E-003   3.97462330583155     
          45  1.990269045168633E-003   4.03185857298420     
          46  1.734901261803045E-003   3.67283132526799     
          47  1.620120300064325E-003   3.57794650171463     
          48  1.497439481702601E-003   3.44909491750467     
          49  1.388589426498309E-003   3.33413473027929     
          50  1.264472384430940E-003   3.16225421818903     
          51  1.133771137927285E-003   2.94986456385030     
          52  1.072926378224080E-003   2.90136021247320     
          53  9.506782115983652E-004   2.67108002699761     
          54  8.761977718919665E-004   2.55574385449770     
          55  7.981618979205045E-004   2.41412742588284     
          56  7.606705655150289E-004   2.38491449190416     
          57  7.015126621551566E-004   2.27929923005575     
          58  6.222152694641268E-004   2.09352387972552     
          59  5.710228886207029E-004   1.98784302601970     
          60  5.363954821770082E-004   1.93099670965474     
          61  4.854646652068097E-004   1.80656158315971     
          62  4.515336593862755E-004   1.73612037748193     
          63  3.943254721065955E-004   1.56499982551774     
          64  3.764615232793287E-004   1.54130359731401     
          65  3.519907281193174E-004   1.48696566630877     
          66  3.136730695776207E-004   1.36647276034699     
          67  2.913459335641826E-004   1.30801710510798     
          68  2.617319762135386E-004   1.21030276352928     
          69  2.446307701137938E-004   1.16485864163336     
          70  2.231059331274072E-004   1.09325203779002     
          71  2.032547840861962E-004   1.02449836356871     
          72  1.907237538478366E-004  0.988602491184847     
          73  1.719007607282634E-004  0.915940683339063     
          74  1.630290510447486E-004  0.892840105618007     
          75  1.451805083596108E-004  0.816693268207969     
          76  1.320320095202938E-004  0.762709229768569     
          77  1.233406570082011E-004  0.731353275029826     
          78  1.124747693062654E-004  0.684386569958656     
          79  1.036697065104265E-004  0.646943783815711     
          80  9.516705762967011E-005  0.608960196585331     
          81  8.876666400699370E-005  0.582326244489408     
          82  8.065822299468896E-005  0.542398125346100     
          83  7.387373237031637E-005  0.508898301345377     
          84  6.693925174758936E-005  0.472319754512480     
          85  6.277842705289199E-005  0.453582517961710     
          86  5.713929301832362E-005  0.422643136084564     
          87  5.215882652427135E-005  0.394770100846839     
          88  4.774734349731145E-005  0.369736684835199     
          89  4.424774411476182E-005  0.350484185789422     
          90  4.038551375639938E-005  0.327153376074278     
          91  3.708224154176603E-005  0.307095798304243     
          92  3.369266840370915E-005  0.285193204396596     
          93  3.074838478638471E-005  0.265953221592503     
          94  2.851708651004265E-005  0.251963549906592     
          95  2.581553998006816E-005  0.232951646282154     
          96  2.362672635096137E-005  0.217695657179473     
          97  2.208980992153957E-005  0.207814795410971     
          98  2.052362916691071E-005  0.197122505882710     
          99  1.845756872525503E-005  0.180897014058809     
         100  1.686536319140729E-005  0.168644126301904     
         101  1.573172041671502E-005  0.160480331153875     
         102  1.410951107105371E-005  0.146789940556227     
         103  1.310368299259527E-005  0.139021219211468     
         104  1.186426371851501E-005  0.128319472551805     
         105  1.099956090318199E-005  0.121255794061831     
         106  9.985857154990175E-006  0.112204322810654     
         107  9.213195690511751E-006  0.105474564024731     
         108  8.377643519350739E-006  9.771235843317108E-002
         109  7.807959296802374E-006  9.275882861209837E-002
         110  7.065651590947350E-006  8.549963044913111E-002
         111  6.409702173462135E-006  7.897325898467238E-002
         112  5.936972291955752E-006  7.446547800399270E-002
         113  5.448083213073290E-006  6.955844963182756E-002
         114  4.999066507260378E-006  6.496952380303182E-002
         115  4.552726405209379E-006  6.020627212960317E-002
         116  4.255242651382609E-006  5.725343922091367E-002
         117  3.892611170874556E-006  5.328597217767684E-002
         118  3.520220977366979E-006  4.901363290398782E-002
         119  3.195106457600394E-006  4.523993036265870E-002
         120  2.962003859112499E-006  4.264683429340471E-002
         121  2.749392806329141E-006  4.025028603040078E-002
         122  2.482245197754850E-006  3.694484225565003E-002
         123  2.269080628476202E-006  3.432597691049118E-002
         124  2.063389695091290E-006  3.172556906574898E-002
         125  1.922399114368032E-006  3.003850045389510E-002
         126  1.733496960427604E-006  2.752038784658190E-002
         127  1.592916886081030E-006  2.569110694945620E-002
         128  1.485310188107081E-006  2.433372942579388E-002
         129  1.357241381688885E-006  2.258468343035168E-002
         130  1.234745779467967E-006  2.086768458696250E-002
         131  1.123050123649780E-006  1.927106484974429E-002
         132  1.035285618384821E-006  1.803761834655862E-002
         133  9.488691224354599E-007  1.678457564959896E-002
         134  8.723391360458431E-007  1.566340895235315E-002
         135  7.939317908645650E-007  1.446887866105803E-002
         136  7.347203663619964E-007  1.358856240443349E-002
         137  6.764007223099889E-007  1.269555687125871E-002
         138  6.082579400741864E-007  1.158381303977043E-002
         139  5.628077246799218E-007  1.087333664171779E-002
         140  5.128679043037892E-007  1.005183451854216E-002
         141  4.727841532122313E-007  9.399024288342278E-003
         142  4.355852036935341E-007  8.782928151044898E-003
         143  3.956083711637794E-007  8.089077739419972E-003
         144  3.644757220413575E-007  7.556903662562991E-003
         145  3.357053415124669E-007  7.057427440353759E-003
         146  3.075094317062349E-007  6.554475479810425E-003
         147  2.811673031358603E-007  6.075427264500806E-003
         148  2.589230301228320E-007  5.671296285625994E-003
         149  2.393712866100665E-007  5.314279193148460E-003
         150  2.178691499183975E-007  4.902126640983702E-003
         151  2.020962180784178E-007  4.608010446539728E-003
         152  1.855981849186446E-007  4.287896556411546E-003
         153  1.713920852838789E-007  4.011871016812644E-003
         154  1.584173449909283E-007  3.757020984219858E-003
         155  1.460648619138903E-007  3.509109192443421E-003
         156  1.358255496645785E-007  3.305205435828024E-003
         157  1.265095296821635E-007  3.118266716898658E-003
         158  1.147745016043279E-007  2.865226029122002E-003
         159  1.077646956840596E-007  2.724182722982874E-003
         160  1.007075944550398E-007  2.577869145043627E-003
         161  9.502957409600057E-008  2.463231703636377E-003
         162  8.706871694699170E-008  2.285000056475552E-003
         163  8.357492812220902E-008  2.220496632964604E-003
         164  7.678587971804298E-008  2.065261829456978E-003
         165  7.414285609658415E-008  2.018539451143003E-003
         166  6.942664302067592E-008  1.913106500476460E-003
         167  6.696427761678262E-008  1.867522148316277E-003
         168  6.483898615645321E-008  1.830005696286500E-003
         169  6.252544246653602E-008  1.785834521506023E-003
         170  6.716674278415784E-008  1.941438974568531E-003
         171  1.108944480323467E-008  3.227001492485200E-004
         172  0.000000000000000E+000  0.000000000000000E+000
         173  0.000000000000000E+000  0.000000000000000E+000
         174  0.000000000000000E+000  0.000000000000000E+000
         175  0.000000000000000E+000  0.000000000000000E+000
         176  0.000000000000000E+000  0.000000000000000E+000
         177  0.000000000000000E+000  0.000000000000000E+000
         178  0.000000000000000E+000  0.000000000000000E+000
         179  0.000000000000000E+000  0.000000000000000E+000
         180  0.000000000000000E+000  0.000000000000000E+000
         181  0.000000000000000E+000  0.000000000000000E+000
         182  0.000000000000000E+000  0.000000000000000E+000
         183  0.000000000000000E+000  0.000000000000000E+000
         184  0.000000000000000E+000  0.000000000000000E+000
         185  0.000000000000000E+000  0.000000000000000E+000
         186  0.000000000000000E+000  0.000000000000000E+000
         187  0.000000000000000E+000  0.000000000000000E+000
         188  0.000000000000000E+000  0.000000000000000E+000
         189  0.000000000000000E+000  0.000000000000000E+000
         190  0.000000000000000E+000  0.000000000000000E+000
         191  0.000000000000000E+000  0.000000000000000E+000
         192  0.000000000000000E+000  0.000000000000000E+000
         193  0.000000000000000E+000  0.000000000000000E+000
         194  0.000000000000000E+000  0.000000000000000E+000
         195  0.000000000000000E+000  0.000000000000000E+000
         196  0.000000000000000E+000  0.000000000000000E+000
         197  0.000000000000000E+000  0.000000000000000E+000
         198  0.000000000000000E+000  0.000000000000000E+000
         199  0.000000000000000E+000  0.000000000000000E+000
         200  0.000000000000000E+000  0.000000000000000E+000
         201  0.000000000000000E+000  0.000000000000000E+000
         202  0.000000000000000E+000  0.000000000000000E+000
         203  0.000000000000000E+000  0.000000000000000E+000
         204  0.000000000000000E+000  0.000000000000000E+000
         205  0.000000000000000E+000  0.000000000000000E+000
         206  0.000000000000000E+000  0.000000000000000E+000
         207  0.000000000000000E+000  0.000000000000000E+000
         208  0.000000000000000E+000  0.000000000000000E+000
         209  0.000000000000000E+000  0.000000000000000E+000
         210  0.000000000000000E+000  0.000000000000000E+000
         211  0.000000000000000E+000  0.000000000000000E+000
         212  0.000000000000000E+000  0.000000000000000E+000
         213  0.000000000000000E+000  0.000000000000000E+000
         214  0.000000000000000E+000  0.000000000000000E+000
         215  0.000000000000000E+000  0.000000000000000E+000
         216  0.000000000000000E+000  0.000000000000000E+000
         217  0.000000000000000E+000  0.000000000000000E+000
         218  0.000000000000000E+000  0.000000000000000E+000
         219  0.000000000000000E+000  0.000000000000000E+000
         220  0.000000000000000E+000  0.000000000000000E+000
         221  0.000000000000000E+000  0.000000000000000E+000
         222  0.000000000000000E+000  0.000000000000000E+000
         223  0.000000000000000E+000  0.000000000000000E+000
         224  0.000000000000000E+000  0.000000000000000E+000
         225  0.000000000000000E+000  0.000000000000000E+000
         226  0.000000000000000E+000  0.000000000000000E+000
         227  0.000000000000000E+000  0.000000000000000E+000
         228  0.000000000000000E+000  0.000000000000000E+000
         229  0.000000000000000E+000  0.000000000000000E+000
         230  0.000000000000000E+000  0.000000000000000E+000
         231  0.000000000000000E+000  0.000000000000000E+000
         232  0.000000000000000E+000  0.000000000000000E+000
         233  0.000000000000000E+000  0.000000000000000E+000
         234  0.000000000000000E+000  0.000000000000000E+000
         235  0.000000000000000E+000  0.000000000000000E+000
         236  0.000000000000000E+000  0.000000000000000E+000
         237  0.000000000000000E+000  0.000000000000000E+000
         238  0.000000000000000E+000  0.000000000000000E+000
         239  0.000000000000000E+000  0.000000000000000E+000
         240  0.000000000000000E+000  0.000000000000000E+000
         241  0.000000000000000E+000  0.000000000000000E+000
         242  0.000000000000000E+000  0.000000000000000E+000
         243  0.000000000000000E+000  0.000000000000000E+000
         244  0.000000000000000E+000  0.000000000000000E+000
         245  0.000000000000000E+000  0.000000000000000E+000
         246  0.000000000000000E+000  0.000000000000000E+000
         247  0.000000000000000E+000  0.000000000000000E+000
         248  0.000000000000000E+000  0.000000000000000E+000
         249  0.000000000000000E+000  0.000000000000000E+000
         250  0.000000000000000E+000  0.000000000000000E+000
         251  0.000000000000000E+000  0.000000000000000E+000
         252  0.000000000000000E+000  0.000000000000000E+000
         253  0.000000000000000E+000  0.000000000000000E+000
         254  0.000000000000000E+000  0.000000000000000E+000
         255  0.000000000000000E+000  0.000000000000000E+000
         256  0.000000000000000E+000  0.000000000000000E+000
         257  0.000000000000000E+000  0.000000000000000E+000
         258  0.000000000000000E+000  0.000000000000000E+000
         259  0.000000000000000E+000  0.000000000000000E+000
         260  0.000000000000000E+000  0.000000000000000E+000
         261  0.000000000000000E+000  0.000000000000000E+000
         262  0.000000000000000E+000  0.000000000000000E+000
         263  0.000000000000000E+000  0.000000000000000E+000
         264  0.000000000000000E+000  0.000000000000000E+000
         265  0.000000000000000E+000  0.000000000000000E+000
         266  0.000000000000000E+000  0.000000000000000E+000
         267  0.000000000000000E+000  0.000000000000000E+000
         268  0.000000000000000E+000  0.000000000000000E+000
         269  0.000000000000000E+000  0.000000000000000E+000
         270  0.000000000000000E+000  0.000000000000000E+000
         271  0.000000000000000E+000  0.000000000000000E+000
         272  0.000000000000000E+000  0.000000000000000E+000
         273  0.000000000000000E+000  0.000000000000000E+000
         274  0.000000000000000E+000  0.000000000000000E+000
         275  0.000000000000000E+000  0.000000000000000E+000
         276  0.000000000000000E+000  0.000000000000000E+000
         277  0.000000000000000E+000  0.000000000000000E+000
         278  0.000000000000000E+000  0.000000000000000E+000
         279  0.000000000000000E+000  0.000000000000000E+000
         280  0.000000000000000E+000  0.000000000000000E+000
         281  0.000000000000000E+000  0.000000000000000E+000
         282  0.000000000000000E+000  0.000000000000000E+000
         283  0.000000000000000E+000  0.000000000000000E+000
         284  0.000000000000000E+000  0.000000000000000E+000
         285  0.000000000000000E+000  0.000000000000000E+000
         286  0.000000000000000E+000  0.000000000000000E+000
         287  0.000000000000000E+000  0.000000000000000E+000
         288  0.000000000000000E+000  0.000000000000000E+000
         289  0.000000000000000E+000  0.000000000000000E+000
         290  0.000000000000000E+000  0.000000000000000E+000
         291  0.000000000000000E+000  0.000000000000000E+000
         292  0.000000000000000E+000  0.000000000000000E+000
         293  0.000000000000000E+000  0.000000000000000E+000
         294  0.000000000000000E+000  0.000000000000000E+000
         295  0.000000000000000E+000  0.000000000000000E+000
         296  0.000000000000000E+000  0.000000000000000E+000
         297  0.000000000000000E+000  0.000000000000000E+000
         298  0.000000000000000E+000  0.000000000000000E+000
         299  0.000000000000000E+000  0.000000000000000E+000
         300  0.000000000000000E+000  0.000000000000000E+000
         301  0.000000000000000E+000  0.000000000000000E+000
         302  0.000000000000000E+000  0.000000000000000E+000
         303  0.000000000000000E+000  0.000000000000000E+000
         304  0.000000000000000E+000  0.000000000000000E+000
         305  0.000000000000000E+000  0.000000000000000E+000
         306  0.000000000000000E+000  0.000000000000000E+000
         307  0.000000000000000E+000  0.000000000000000E+000
         308  0.000000000000000E+000  0.000000000000000E+000
         309  0.000000000000000E+000  0.000000000000000E+000
         310  0.000000000000000E+000  0.000000000000000E+000
         311  0.000000000000000E+000  0.000000000000000E+000
         312  0.000000000000000E+000  0.000000000000000E+000
         313  0.000000000000000E+000  0.000000000000000E+000
         314  0.000000000000000E+000  0.000000000000000E+000
         315  0.000000000000000E+000  0.000000000000000E+000
         316  0.000000000000000E+000  0.000000000000000E+000
         317  0.000000000000000E+000  0.000000000000000E+000
         318  0.000000000000000E+000  0.000000000000000E+000
         319  0.000000000000000E+000  0.000000000000000E+000
         320  0.000000000000000E+000  0.000000000000000E+000
         321  0.000000000000000E+000  0.000000000000000E+000
         322  0.000000000000000E+000  0.000000000000000E+000
         323  0.000000000000000E+000  0.000000000000000E+000
         324  0.000000000000000E+000  0.000000000000000E+000
         325  0.000000000000000E+000  0.000000000000000E+000
         326  0.000000000000000E+000  0.000000000000000E+000
         327  0.000000000000000E+000  0.000000000000000E+000
         328  0.000000000000000E+000  0.000000000000000E+000
         329  0.000000000000000E+000  0.000000000000000E+000
         330  0.000000000000000E+000  0.000000000000000E+000
         331  0.000000000000000E+000  0.000000000000000E+000
         332  0.000000000000000E+000  0.000000000000000E+000
         333  0.000000000000000E+000  0.000000000000000E+000
         334  0.000000000000000E+000  0.000000000000000E+000
         335  0.000000000000000E+000  0.000000000000000E+000
         336  0.000000000000000E+000  0.000000000000000E+000
         337  0.000000000000000E+000  0.000000000000000E+000
         338  0.000000000000000E+000  0.000000000000000E+000
         339  0.000000000000000E+000  0.000000000000000E+000
         340  0.000000000000000E+000  0.000000000000000E+000
         341  0.000000000000000E+000  0.000000000000000E+000
         342  0.000000000000000E+000  0.000000000000000E+000
         343  0.000000000000000E+000  0.000000000000000E+000
         344  0.000000000000000E+000  0.000000000000000E+000
         345  0.000000000000000E+000  0.000000000000000E+000
         346  0.000000000000000E+000  0.000000000000000E+000
         347  0.000000000000000E+000  0.000000000000000E+000
         348  0.000000000000000E+000  0.000000000000000E+000
         349  0.000000000000000E+000  0.000000000000000E+000
         350  0.000000000000000E+000  0.000000000000000E+000
         351  0.000000000000000E+000  0.000000000000000E+000
         352  0.000000000000000E+000  0.000000000000000E+000
         353  0.000000000000000E+000  0.000000000000000E+000
         354  0.000000000000000E+000  0.000000000000000E+000
         355  0.000000000000000E+000  0.000000000000000E+000
         356  0.000000000000000E+000  0.000000000000000E+000
         357  0.000000000000000E+000  0.000000000000000E+000
         358  0.000000000000000E+000  0.000000000000000E+000
         359  0.000000000000000E+000  0.000000000000000E+000
         360  0.000000000000000E+000  0.000000000000000E+000
         361  0.000000000000000E+000  0.000000000000000E+000
         362  0.000000000000000E+000  0.000000000000000E+000
         363  0.000000000000000E+000  0.000000000000000E+000
         364  0.000000000000000E+000  0.000000000000000E+000
         365  0.000000000000000E+000  0.000000000000000E+000
         366  0.000000000000000E+000  0.000000000000000E+000
         367  0.000000000000000E+000  0.000000000000000E+000
         368  0.000000000000000E+000  0.000000000000000E+000
         369  0.000000000000000E+000  0.000000000000000E+000
         370  0.000000000000000E+000  0.000000000000000E+000
         371  0.000000000000000E+000  0.000000000000000E+000
         372  0.000000000000000E+000  0.000000000000000E+000
         373  0.000000000000000E+000  0.000000000000000E+000
         374  0.000000000000000E+000  0.000000000000000E+000
         375  0.000000000000000E+000  0.000000000000000E+000
         376  0.000000000000000E+000  0.000000000000000E+000
         377  0.000000000000000E+000  0.000000000000000E+000
         378  0.000000000000000E+000  0.000000000000000E+000
         379  0.000000000000000E+000  0.000000000000000E+000
         380  0.000000000000000E+000  0.000000000000000E+000
         381  0.000000000000000E+000  0.000000000000000E+000
         382  0.000000000000000E+000  0.000000000000000E+000
         383  0.000000000000000E+000  0.000000000000000E+000
         384  0.000000000000000E+000  0.000000000000000E+000
         385  0.000000000000000E+000  0.000000000000000E+000
         386  0.000000000000000E+000  0.000000000000000E+000
         387  0.000000000000000E+000  0.000000000000000E+000
         388  0.000000000000000E+000  0.000000000000000E+000
         389  0.000000000000000E+000  0.000000000000000E+000
         390  0.000000000000000E+000  0.000000000000000E+000
         391  0.000000000000000E+000  0.000000000000000E+000
         392  0.000000000000000E+000  0.000000000000000E+000
         393  0.000000000000000E+000  0.000000000000000E+000
         394  0.000000000000000E+000  0.000000000000000E+000
         395  0.000000000000000E+000  0.000000000000000E+000
         396  0.000000000000000E+000  0.000000000000000E+000
         397  0.000000000000000E+000  0.000000000000000E+000
         398  0.000000000000000E+000  0.000000000000000E+000
         399  0.000000000000000E+000  0.000000000000000E+000
         400  0.000000000000000E+000  0.000000000000000E+000
         401  0.000000000000000E+000  0.000000000000000E+000
         402  0.000000000000000E+000  0.000000000000000E+000
         403  0.000000000000000E+000  0.000000000000000E+000
         404  0.000000000000000E+000  0.000000000000000E+000
         405  0.000000000000000E+000  0.000000000000000E+000
         406  0.000000000000000E+000  0.000000000000000E+000
         407  0.000000000000000E+000  0.000000000000000E+000
         408  0.000000000000000E+000  0.000000000000000E+000
         409  0.000000000000000E+000  0.000000000000000E+000
         410  0.000000000000000E+000  0.000000000000000E+000
         411  0.000000000000000E+000  0.000000000000000E+000
         412  0.000000000000000E+000  0.000000000000000E+000
         413  0.000000000000000E+000  0.000000000000000E+000
         414  0.000000000000000E+000  0.000000000000000E+000
         415  0.000000000000000E+000  0.000000000000000E+000
         416  0.000000000000000E+000  0.000000000000000E+000
         417  0.000000000000000E+000  0.000000000000000E+000
         418  0.000000000000000E+000  0.000000000000000E+000
         419  0.000000000000000E+000  0.000000000000000E+000
         420  0.000000000000000E+000  0.000000000000000E+000
         421  0.000000000000000E+000  0.000000000000000E+000
         422  0.000000000000000E+000  0.000000000000000E+000
         423  0.000000000000000E+000  0.000000000000000E+000
         424  0.000000000000000E+000  0.000000000000000E+000
         425  0.000000000000000E+000  0.000000000000000E+000
         426  0.000000000000000E+000  0.000000000000000E+000
         427  0.000000000000000E+000  0.000000000000000E+000
         428  0.000000000000000E+000  0.000000000000000E+000
         429  0.000000000000000E+000  0.000000000000000E+000
         430  0.000000000000000E+000  0.000000000000000E+000
         431  0.000000000000000E+000  0.000000000000000E+000
         432  0.000000000000000E+000  0.000000000000000E+000
         433  0.000000000000000E+000  0.000000000000000E+000
         434  0.000000000000000E+000  0.000000000000000E+000
         435  0.000000000000000E+000  0.000000000000000E+000
         436  0.000000000000000E+000  0.000000000000000E+000
         437  0.000000000000000E+000  0.000000000000000E+000
         438  0.000000000000000E+000  0.000000000000000E+000
         439  0.000000000000000E+000  0.000000000000000E+000
         440  0.000000000000000E+000  0.000000000000000E+000
         441  0.000000000000000E+000  0.000000000000000E+000
         442  0.000000000000000E+000  0.000000000000000E+000
         443  0.000000000000000E+000  0.000000000000000E+000
         444  0.000000000000000E+000  0.000000000000000E+000
