           0  0.000000000000000E+000  0.000000000000000E+000
           1   1.92957150060757        3.85914300121514     
           2   1.05351917495840        3.86205176990225     
           3  0.231721105214274        2.20445423431240     
           4  0.226854674540673        3.61602719485563     
           5  0.146909499268478        3.69745550132059     
           6  0.140492517788331        5.21658338668252     
           7  9.709040481424883E-002   4.82901610342051     
           8  8.375282814000523E-002   5.35301197550068     
           9  8.338575194599770E-002   6.78830897855069     
          10  6.112012109409279E-002   6.20236809668132     
          11  5.500255741360814E-002   6.73660977166744     
          12  5.092047698953030E-002   7.33726894362987     
          13  4.351870815891189E-002   7.37148129595256     
          14  3.909570964125325E-002   7.68043271058264     
          15  3.235841438014455E-002   7.26679679310869     
          16  3.245310222494668E-002   8.28407618078209     
          17  2.847390644536506E-002   8.24760386050311     
          18  2.575648031054458E-002   8.37708490396912     
          19  2.138731179910768E-002   7.74267686458037     
          20  2.076079105575319E-002   8.31448356654100     
          21  1.941984695976787E-002   8.58673937695296     
          22  1.673482528389845E-002   8.11403815306661     
          23  1.564558847131140E-002   8.28325615699075     
          24  1.384596743983500E-002   7.96647821512715     
          25  1.339105828336921E-002   8.37085371486347     
          26  1.233639792875611E-002   8.35097525944891     
          27  1.089056872569664E-002   7.94797239691440     
          28  9.852848369193635E-003   7.72856485350602     
          29  8.874880354969519E-003   7.47430726165213     
          30  8.264673017239479E-003   7.44576344927518     
          31  7.715754740539193E-003   7.41716971507565     
          32  6.906793315523773E-003   7.07422467420364     
          33  6.655769465630346E-003   7.24672138672643     
          34  6.179951891021144E-003   7.14648778736020     
          35  5.349120301080691E-003   6.55531986193121     
          36  5.169280418414600E-003   6.70058042650211     
          37  4.655426998290388E-003   6.37580123244668     
          38  4.378859689541398E-003   6.32698011527311     
          39  3.888033085041735E-003   5.91651340297916     
          40  3.660483959315027E-003   5.85648202246309     
          41  3.320025548534835E-003   5.58238304935004     
          42  3.021994290587154E-003   5.33291769799727     
          43  2.907324534085321E-003   5.37771488496033     
          44  2.575419213397815E-003   4.98740161337791     
          45  2.505908797124060E-003   5.07592115860903     
          46  2.170228343035150E-003   4.59409057927733     
          47  2.047908579376996E-003   4.52342444931276     
          48  1.950608782401895E-003   4.49297890501965     
          49  1.762049637718973E-003   4.22967470629123     
          50  1.677410724505469E-003   4.19448827054357     
          51  1.467134640517800E-003   3.81717911284392     
          52  1.388173933121429E-003   3.75416136914572     
          53  1.269061308640690E-003   3.56628181645215     
          54  1.173920185078266E-003   3.42398535837790     
          55  1.085749133164498E-003   3.28509519135027     
          56  1.032056212080022E-003   3.23608386417834     
          57  9.564301126990886E-004   3.10777640073020     
          58  8.592350000983005E-004   2.89106275051010     
          59  7.790148319587945E-004   2.71170802376838     
          60  7.360798087705628E-004   2.64985693829624     
          61  6.814037229693889E-004   2.53613633739287     
          62  6.354784476733946E-004   2.44301445322087     
          63  5.610246265305132E-004   2.22665853913571     
          64  5.391325823959537E-004   2.20750679288803     
          65  5.004004579198517E-004   2.11374713667359     
          66  4.499543355842970E-004   1.96028018755790     
          67  4.215602947261684E-004   1.89279692987384     
          68  3.886794608617592E-004   1.79746255585112     
          69  3.611892741763068E-004   1.71994821914609     
          70  3.281567583226085E-004   1.60812509249854     
          71  3.022235312866962E-004   1.52344547091857     
          72  2.854156658504586E-004   1.47925699225445     
          73  2.603052377971490E-004   1.38716280008398     
          74  2.431110640979745E-004   1.33137907871230     
          75  2.220278510636003E-004   1.24905319826300     
          76  2.050376643287423E-004   1.18428333953645     
          77  1.899114204628656E-004   1.12614730004192     
          78  1.755448301787699E-004   1.06811866907861     
          79  1.629797903748303E-004   1.01704650133665     
          80  1.514012433094404E-004  0.968856654417488     
          81  1.393402639503550E-004  0.914127769001831     
          82  1.279031973280893E-004  0.860067207112796     
          83  1.179422806246999E-004  0.812471579462144     
          84  1.071101093314518E-004  0.755803159618766     
          85  1.012178456617585E-004  0.731312659740171     
          86  9.239021759375253E-005  0.683436240185357     
          87  8.401006940053999E-005  0.635844571153125     
          88  7.883187347526124E-005  0.610478376811313     
          89  7.310360907017199E-005  0.579049273130485     
          90  6.759603732184350E-005  0.547575986195014     
          91  6.150701749265734E-005  0.509352586371922     
          92  5.655193098311731E-005  0.478685557732499     
          93  5.216464502570670E-005  0.451200446163444     
          94  4.846615586707562E-005  0.428242190828051     
          95  4.407930099576170E-005  0.397757338685869     
          96  4.131301878272816E-005  0.380657576029721     
          97  3.829292696096792E-005  0.360247789821759     
          98  3.583383856358222E-005  0.344170788062426     
          99  3.254655272139749E-005  0.318997535142996     
         100  2.981098796579680E-005  0.298112915452938     
         101  2.766726558805446E-005  0.282227898897249     
         102  2.559962938418929E-005  0.266340396485258     
         103  2.376828239405142E-005  0.252172746389970     
         104  2.129401745440963E-005  0.230310360746284     
         105  2.019830084119100E-005  0.222656853822143     
         106  1.822030963873167E-005  0.204735727466220     
         107  1.714216302305371E-005  0.196262799570791     
         108  1.570917730541697E-005  0.183217632340835     
         109  1.456475921934372E-005  0.173041966093758     
         110  1.344382193859083E-005  0.162676578123635     
         111  1.217336380881677E-005  0.149989156441237     
         112  1.143852711850502E-005  0.143474639097689     
         113  1.041569013715888E-005  0.132986759589812     
         114  9.747754968019277E-006  0.126682805878094     
         115  8.902953955418281E-006  0.117730879221098     
         116  8.347128171224183E-006  0.112308767981896     
         117  7.663203990729271E-006  0.104903193236012     
         118  6.954466156971172E-006  9.683066821123380E-002
         119  6.421286740138668E-006  9.091965165476031E-002
         120  5.998761777428315E-006  8.637656569587528E-002
         121  5.558706385186994E-006  8.137909052059741E-002
         122  5.083653364205562E-006  7.566276204478985E-002
         123  4.659375640018540E-006  7.048757781189489E-002
         124  4.288667276024751E-006  6.594017950918533E-002
         125  3.990795971650352E-006  6.235809853244112E-002
         126  3.634643303805170E-006  5.770314805168764E-002
         127  3.351251961593676E-006  5.405044801069213E-002
         128  3.136757765995208E-006  5.138811978398464E-002
         129  2.863987754357195E-006  4.765831625327455E-002
         130  2.632811667961688E-006  4.449505842134350E-002
         131  2.430665903093809E-006  4.171070546277333E-002
         132  2.257800510138872E-006  3.933783257231956E-002
         133  2.078164221681333E-006  3.676086843926088E-002
         134  1.907017349599405E-006  3.424222200173203E-002
         135  1.758607624596336E-006  3.204962402220683E-002
         136  1.633426078747406E-006  3.020977191823587E-002
         137  1.514069315306417E-006  2.841781156173454E-002
         138  1.377287614740477E-006  2.622975114889877E-002
         139  1.279598531029729E-006  2.472170679143034E-002
         140  1.177270508487664E-006  2.307267710997693E-002
         141  1.082942209702869E-006  2.152932085586663E-002
         142  1.006926433388438E-006  2.030386104048749E-002
         143  9.168628681247892E-007  1.874809793627320E-002
         144  8.542111625864468E-007  1.771093261917303E-002
         145  7.997764309722284E-007  1.681374328570769E-002
         146  7.317932527015260E-007  1.559794956118598E-002
         147  6.759697555062130E-007  1.460626815406757E-002
         148  6.278777622932258E-007  1.375249713256996E-002
         149  5.815856492692774E-007  1.291171768084206E-002
         150  5.382509785627810E-007  1.211089060540005E-002
         151  5.004926139453230E-007  1.141191055383986E-002
         152  4.606514911465599E-007  1.064260189607805E-002
         153  4.289232616937258E-007  1.004024634199009E-002
         154  3.989507791471309E-007  9.461735067132175E-003
         155  3.667582084637200E-007  8.811304057120214E-003
         156  3.478258828812189E-007  8.464218224417426E-003
         157  3.260729695606977E-007  8.037445808864297E-003
         158  2.991016996316125E-007  7.466634054723679E-003
         159  2.819557894630725E-007  7.127839337498924E-003
         160  2.651864422772768E-007  6.788339853184180E-003
         161  2.501716412694632E-007  6.484702996557257E-003
         162  2.332983518916501E-007  6.122721320049881E-003
         163  2.245669448672839E-007  5.966613099037706E-003
         164  2.076967932524925E-007  5.586293612904972E-003
         165  2.015104200193992E-007  5.486062805916962E-003
         166  1.906285247490240E-007  5.253017909442304E-003
         167  1.847917208427422E-007  5.153641764101389E-003
         168  1.796353611110867E-007  5.069974255521633E-003
         169  1.741153370310268E-007  4.972997728672270E-003
         170  1.860133823701168E-007  5.376579568849382E-003
         171  3.058792488705769E-008  8.901018276175330E-004
         172  0.000000000000000E+000  0.000000000000000E+000
         173  0.000000000000000E+000  0.000000000000000E+000
         174  0.000000000000000E+000  0.000000000000000E+000
         175  0.000000000000000E+000  0.000000000000000E+000
         176  0.000000000000000E+000  0.000000000000000E+000
         177  0.000000000000000E+000  0.000000000000000E+000
         178  0.000000000000000E+000  0.000000000000000E+000
         179  0.000000000000000E+000  0.000000000000000E+000
         180  0.000000000000000E+000  0.000000000000000E+000
         181  0.000000000000000E+000  0.000000000000000E+000
         182  0.000000000000000E+000  0.000000000000000E+000
         183  0.000000000000000E+000  0.000000000000000E+000
         184  0.000000000000000E+000  0.000000000000000E+000
         185  0.000000000000000E+000  0.000000000000000E+000
         186  0.000000000000000E+000  0.000000000000000E+000
         187  0.000000000000000E+000  0.000000000000000E+000
         188  0.000000000000000E+000  0.000000000000000E+000
         189  0.000000000000000E+000  0.000000000000000E+000
         190  0.000000000000000E+000  0.000000000000000E+000
         191  0.000000000000000E+000  0.000000000000000E+000
         192  0.000000000000000E+000  0.000000000000000E+000
         193  0.000000000000000E+000  0.000000000000000E+000
         194  0.000000000000000E+000  0.000000000000000E+000
         195  0.000000000000000E+000  0.000000000000000E+000
         196  0.000000000000000E+000  0.000000000000000E+000
         197  0.000000000000000E+000  0.000000000000000E+000
         198  0.000000000000000E+000  0.000000000000000E+000
         199  0.000000000000000E+000  0.000000000000000E+000
         200  0.000000000000000E+000  0.000000000000000E+000
         201  0.000000000000000E+000  0.000000000000000E+000
         202  0.000000000000000E+000  0.000000000000000E+000
         203  0.000000000000000E+000  0.000000000000000E+000
         204  0.000000000000000E+000  0.000000000000000E+000
         205  0.000000000000000E+000  0.000000000000000E+000
         206  0.000000000000000E+000  0.000000000000000E+000
         207  0.000000000000000E+000  0.000000000000000E+000
         208  0.000000000000000E+000  0.000000000000000E+000
         209  0.000000000000000E+000  0.000000000000000E+000
         210  0.000000000000000E+000  0.000000000000000E+000
         211  0.000000000000000E+000  0.000000000000000E+000
         212  0.000000000000000E+000  0.000000000000000E+000
         213  0.000000000000000E+000  0.000000000000000E+000
         214  0.000000000000000E+000  0.000000000000000E+000
         215  0.000000000000000E+000  0.000000000000000E+000
         216  0.000000000000000E+000  0.000000000000000E+000
         217  0.000000000000000E+000  0.000000000000000E+000
         218  0.000000000000000E+000  0.000000000000000E+000
         219  0.000000000000000E+000  0.000000000000000E+000
         220  0.000000000000000E+000  0.000000000000000E+000
         221  0.000000000000000E+000  0.000000000000000E+000
         222  0.000000000000000E+000  0.000000000000000E+000
         223  0.000000000000000E+000  0.000000000000000E+000
         224  0.000000000000000E+000  0.000000000000000E+000
         225  0.000000000000000E+000  0.000000000000000E+000
         226  0.000000000000000E+000  0.000000000000000E+000
         227  0.000000000000000E+000  0.000000000000000E+000
         228  0.000000000000000E+000  0.000000000000000E+000
         229  0.000000000000000E+000  0.000000000000000E+000
         230  0.000000000000000E+000  0.000000000000000E+000
         231  0.000000000000000E+000  0.000000000000000E+000
         232  0.000000000000000E+000  0.000000000000000E+000
         233  0.000000000000000E+000  0.000000000000000E+000
         234  0.000000000000000E+000  0.000000000000000E+000
         235  0.000000000000000E+000  0.000000000000000E+000
         236  0.000000000000000E+000  0.000000000000000E+000
         237  0.000000000000000E+000  0.000000000000000E+000
         238  0.000000000000000E+000  0.000000000000000E+000
         239  0.000000000000000E+000  0.000000000000000E+000
         240  0.000000000000000E+000  0.000000000000000E+000
         241  0.000000000000000E+000  0.000000000000000E+000
         242  0.000000000000000E+000  0.000000000000000E+000
         243  0.000000000000000E+000  0.000000000000000E+000
         244  0.000000000000000E+000  0.000000000000000E+000
         245  0.000000000000000E+000  0.000000000000000E+000
         246  0.000000000000000E+000  0.000000000000000E+000
         247  0.000000000000000E+000  0.000000000000000E+000
         248  0.000000000000000E+000  0.000000000000000E+000
         249  0.000000000000000E+000  0.000000000000000E+000
         250  0.000000000000000E+000  0.000000000000000E+000
         251  0.000000000000000E+000  0.000000000000000E+000
         252  0.000000000000000E+000  0.000000000000000E+000
         253  0.000000000000000E+000  0.000000000000000E+000
         254  0.000000000000000E+000  0.000000000000000E+000
         255  0.000000000000000E+000  0.000000000000000E+000
         256  0.000000000000000E+000  0.000000000000000E+000
         257  0.000000000000000E+000  0.000000000000000E+000
         258  0.000000000000000E+000  0.000000000000000E+000
         259  0.000000000000000E+000  0.000000000000000E+000
         260  0.000000000000000E+000  0.000000000000000E+000
         261  0.000000000000000E+000  0.000000000000000E+000
         262  0.000000000000000E+000  0.000000000000000E+000
         263  0.000000000000000E+000  0.000000000000000E+000
         264  0.000000000000000E+000  0.000000000000000E+000
         265  0.000000000000000E+000  0.000000000000000E+000
         266  0.000000000000000E+000  0.000000000000000E+000
         267  0.000000000000000E+000  0.000000000000000E+000
         268  0.000000000000000E+000  0.000000000000000E+000
         269  0.000000000000000E+000  0.000000000000000E+000
         270  0.000000000000000E+000  0.000000000000000E+000
         271  0.000000000000000E+000  0.000000000000000E+000
         272  0.000000000000000E+000  0.000000000000000E+000
         273  0.000000000000000E+000  0.000000000000000E+000
         274  0.000000000000000E+000  0.000000000000000E+000
         275  0.000000000000000E+000  0.000000000000000E+000
         276  0.000000000000000E+000  0.000000000000000E+000
         277  0.000000000000000E+000  0.000000000000000E+000
         278  0.000000000000000E+000  0.000000000000000E+000
         279  0.000000000000000E+000  0.000000000000000E+000
         280  0.000000000000000E+000  0.000000000000000E+000
         281  0.000000000000000E+000  0.000000000000000E+000
         282  0.000000000000000E+000  0.000000000000000E+000
         283  0.000000000000000E+000  0.000000000000000E+000
         284  0.000000000000000E+000  0.000000000000000E+000
         285  0.000000000000000E+000  0.000000000000000E+000
         286  0.000000000000000E+000  0.000000000000000E+000
         287  0.000000000000000E+000  0.000000000000000E+000
         288  0.000000000000000E+000  0.000000000000000E+000
         289  0.000000000000000E+000  0.000000000000000E+000
         290  0.000000000000000E+000  0.000000000000000E+000
         291  0.000000000000000E+000  0.000000000000000E+000
         292  0.000000000000000E+000  0.000000000000000E+000
         293  0.000000000000000E+000  0.000000000000000E+000
         294  0.000000000000000E+000  0.000000000000000E+000
         295  0.000000000000000E+000  0.000000000000000E+000
         296  0.000000000000000E+000  0.000000000000000E+000
         297  0.000000000000000E+000  0.000000000000000E+000
         298  0.000000000000000E+000  0.000000000000000E+000
         299  0.000000000000000E+000  0.000000000000000E+000
         300  0.000000000000000E+000  0.000000000000000E+000
         301  0.000000000000000E+000  0.000000000000000E+000
         302  0.000000000000000E+000  0.000000000000000E+000
         303  0.000000000000000E+000  0.000000000000000E+000
         304  0.000000000000000E+000  0.000000000000000E+000
         305  0.000000000000000E+000  0.000000000000000E+000
         306  0.000000000000000E+000  0.000000000000000E+000
         307  0.000000000000000E+000  0.000000000000000E+000
         308  0.000000000000000E+000  0.000000000000000E+000
         309  0.000000000000000E+000  0.000000000000000E+000
         310  0.000000000000000E+000  0.000000000000000E+000
         311  0.000000000000000E+000  0.000000000000000E+000
         312  0.000000000000000E+000  0.000000000000000E+000
         313  0.000000000000000E+000  0.000000000000000E+000
         314  0.000000000000000E+000  0.000000000000000E+000
         315  0.000000000000000E+000  0.000000000000000E+000
         316  0.000000000000000E+000  0.000000000000000E+000
         317  0.000000000000000E+000  0.000000000000000E+000
         318  0.000000000000000E+000  0.000000000000000E+000
         319  0.000000000000000E+000  0.000000000000000E+000
         320  0.000000000000000E+000  0.000000000000000E+000
         321  0.000000000000000E+000  0.000000000000000E+000
         322  0.000000000000000E+000  0.000000000000000E+000
         323  0.000000000000000E+000  0.000000000000000E+000
         324  0.000000000000000E+000  0.000000000000000E+000
         325  0.000000000000000E+000  0.000000000000000E+000
         326  0.000000000000000E+000  0.000000000000000E+000
         327  0.000000000000000E+000  0.000000000000000E+000
         328  0.000000000000000E+000  0.000000000000000E+000
         329  0.000000000000000E+000  0.000000000000000E+000
         330  0.000000000000000E+000  0.000000000000000E+000
         331  0.000000000000000E+000  0.000000000000000E+000
         332  0.000000000000000E+000  0.000000000000000E+000
         333  0.000000000000000E+000  0.000000000000000E+000
         334  0.000000000000000E+000  0.000000000000000E+000
         335  0.000000000000000E+000  0.000000000000000E+000
         336  0.000000000000000E+000  0.000000000000000E+000
         337  0.000000000000000E+000  0.000000000000000E+000
         338  0.000000000000000E+000  0.000000000000000E+000
         339  0.000000000000000E+000  0.000000000000000E+000
         340  0.000000000000000E+000  0.000000000000000E+000
         341  0.000000000000000E+000  0.000000000000000E+000
         342  0.000000000000000E+000  0.000000000000000E+000
         343  0.000000000000000E+000  0.000000000000000E+000
         344  0.000000000000000E+000  0.000000000000000E+000
         345  0.000000000000000E+000  0.000000000000000E+000
         346  0.000000000000000E+000  0.000000000000000E+000
         347  0.000000000000000E+000  0.000000000000000E+000
         348  0.000000000000000E+000  0.000000000000000E+000
         349  0.000000000000000E+000  0.000000000000000E+000
         350  0.000000000000000E+000  0.000000000000000E+000
         351  0.000000000000000E+000  0.000000000000000E+000
         352  0.000000000000000E+000  0.000000000000000E+000
         353  0.000000000000000E+000  0.000000000000000E+000
         354  0.000000000000000E+000  0.000000000000000E+000
         355  0.000000000000000E+000  0.000000000000000E+000
         356  0.000000000000000E+000  0.000000000000000E+000
         357  0.000000000000000E+000  0.000000000000000E+000
         358  0.000000000000000E+000  0.000000000000000E+000
         359  0.000000000000000E+000  0.000000000000000E+000
         360  0.000000000000000E+000  0.000000000000000E+000
         361  0.000000000000000E+000  0.000000000000000E+000
         362  0.000000000000000E+000  0.000000000000000E+000
         363  0.000000000000000E+000  0.000000000000000E+000
         364  0.000000000000000E+000  0.000000000000000E+000
         365  0.000000000000000E+000  0.000000000000000E+000
         366  0.000000000000000E+000  0.000000000000000E+000
         367  0.000000000000000E+000  0.000000000000000E+000
         368  0.000000000000000E+000  0.000000000000000E+000
         369  0.000000000000000E+000  0.000000000000000E+000
         370  0.000000000000000E+000  0.000000000000000E+000
         371  0.000000000000000E+000  0.000000000000000E+000
         372  0.000000000000000E+000  0.000000000000000E+000
         373  0.000000000000000E+000  0.000000000000000E+000
         374  0.000000000000000E+000  0.000000000000000E+000
         375  0.000000000000000E+000  0.000000000000000E+000
         376  0.000000000000000E+000  0.000000000000000E+000
         377  0.000000000000000E+000  0.000000000000000E+000
         378  0.000000000000000E+000  0.000000000000000E+000
         379  0.000000000000000E+000  0.000000000000000E+000
         380  0.000000000000000E+000  0.000000000000000E+000
         381  0.000000000000000E+000  0.000000000000000E+000
         382  0.000000000000000E+000  0.000000000000000E+000
         383  0.000000000000000E+000  0.000000000000000E+000
         384  0.000000000000000E+000  0.000000000000000E+000
         385  0.000000000000000E+000  0.000000000000000E+000
         386  0.000000000000000E+000  0.000000000000000E+000
         387  0.000000000000000E+000  0.000000000000000E+000
         388  0.000000000000000E+000  0.000000000000000E+000
         389  0.000000000000000E+000  0.000000000000000E+000
         390  0.000000000000000E+000  0.000000000000000E+000
         391  0.000000000000000E+000  0.000000000000000E+000
         392  0.000000000000000E+000  0.000000000000000E+000
         393  0.000000000000000E+000  0.000000000000000E+000
         394  0.000000000000000E+000  0.000000000000000E+000
         395  0.000000000000000E+000  0.000000000000000E+000
         396  0.000000000000000E+000  0.000000000000000E+000
         397  0.000000000000000E+000  0.000000000000000E+000
         398  0.000000000000000E+000  0.000000000000000E+000
         399  0.000000000000000E+000  0.000000000000000E+000
         400  0.000000000000000E+000  0.000000000000000E+000
         401  0.000000000000000E+000  0.000000000000000E+000
         402  0.000000000000000E+000  0.000000000000000E+000
         403  0.000000000000000E+000  0.000000000000000E+000
         404  0.000000000000000E+000  0.000000000000000E+000
         405  0.000000000000000E+000  0.000000000000000E+000
         406  0.000000000000000E+000  0.000000000000000E+000
         407  0.000000000000000E+000  0.000000000000000E+000
         408  0.000000000000000E+000  0.000000000000000E+000
         409  0.000000000000000E+000  0.000000000000000E+000
         410  0.000000000000000E+000  0.000000000000000E+000
         411  0.000000000000000E+000  0.000000000000000E+000
         412  0.000000000000000E+000  0.000000000000000E+000
         413  0.000000000000000E+000  0.000000000000000E+000
         414  0.000000000000000E+000  0.000000000000000E+000
         415  0.000000000000000E+000  0.000000000000000E+000
         416  0.000000000000000E+000  0.000000000000000E+000
         417  0.000000000000000E+000  0.000000000000000E+000
         418  0.000000000000000E+000  0.000000000000000E+000
         419  0.000000000000000E+000  0.000000000000000E+000
         420  0.000000000000000E+000  0.000000000000000E+000
         421  0.000000000000000E+000  0.000000000000000E+000
         422  0.000000000000000E+000  0.000000000000000E+000
         423  0.000000000000000E+000  0.000000000000000E+000
         424  0.000000000000000E+000  0.000000000000000E+000
         425  0.000000000000000E+000  0.000000000000000E+000
         426  0.000000000000000E+000  0.000000000000000E+000
         427  0.000000000000000E+000  0.000000000000000E+000
         428  0.000000000000000E+000  0.000000000000000E+000
         429  0.000000000000000E+000  0.000000000000000E+000
         430  0.000000000000000E+000  0.000000000000000E+000
         431  0.000000000000000E+000  0.000000000000000E+000
         432  0.000000000000000E+000  0.000000000000000E+000
         433  0.000000000000000E+000  0.000000000000000E+000
         434  0.000000000000000E+000  0.000000000000000E+000
         435  0.000000000000000E+000  0.000000000000000E+000
         436  0.000000000000000E+000  0.000000000000000E+000
         437  0.000000000000000E+000  0.000000000000000E+000
         438  0.000000000000000E+000  0.000000000000000E+000
         439  0.000000000000000E+000  0.000000000000000E+000
         440  0.000000000000000E+000  0.000000000000000E+000
         441  0.000000000000000E+000  0.000000000000000E+000
         442  0.000000000000000E+000  0.000000000000000E+000
         443  0.000000000000000E+000  0.000000000000000E+000
         444  0.000000000000000E+000  0.000000000000000E+000
