           0  0.000000000000000E+000  0.000000000000000E+000
           1   2.18674553010056        4.37349106020113     
           2   1.20913941975118        4.28854078285476     
           3  0.210699606597782        2.08599817203443     
           4  0.281254983030568        4.54646034689289     
           5  0.196149891420689        5.00301635092197     
           6  0.121779043702658        4.52506647262065     
           7  0.121935425465821        5.98585132976934     
           8  8.945603846162768E-002   5.71503978058685     
           9  9.105163146045772E-002   7.47262827143668     
          10  6.915643682383091E-002   6.99661815450812     
          11  5.884883112299285E-002   7.19812182612341     
          12  5.389147667048233E-002   7.78398601964131     
          13  4.716621476448293E-002   7.98988495395844     
          14  4.375472088491580E-002   8.57692044564073     
          15  3.566919844670878E-002   8.02148831456525     
          16  3.535026978713872E-002   9.03874522913374     
          17  3.108032826935485E-002   9.00901004045650     
          18  2.802663063749961E-002   9.12000433121499     
          19  2.380161303596252E-002   8.61508420128257     
          20  2.217252435277862E-002   8.87589657351063     
          21  2.147347335994235E-002   9.48995774481915     
          22  1.874688494772003E-002   9.09565630545776     
          23  1.630227941452914E-002   8.62847401470784     
          24  1.466168653406712E-002   8.43072170429559     
          25  1.512596604503961E-002   9.45297923503297     
          26  1.304953199505804E-002   8.83600227456612     
          27  1.202442234000814E-002   8.77913661055539     
          28  1.088730245412808E-002   8.54496676765596     
          29  1.010065227360002E-002   8.50889465295551     
          30  9.222654504024140E-003   8.30844681780122     
          31  8.378117434897667E-003   8.05744732092995     
          32  7.675884388357928E-003   7.86052512142256     
          33  7.541349658770518E-003   8.21185320947423     
          34  6.840161339590910E-003   7.90965346618886     
          35  6.052504158407528E-003   7.41760754913260     
          36  5.619744603192248E-003   7.28312809753487     
          37  5.223833015503001E-003   7.15246847480278     
          38  4.845994172074855E-003   7.00270280524800     
          39  4.390154296159093E-003   6.67935012794386     
          40  4.029583486301730E-003   6.44814821632575     
          41  3.785380758777373E-003   6.36572818366098     
          42  3.486705386129195E-003   6.15290880500514     
          43  3.253624972040790E-003   6.01813640394650     
          44  2.899298318300848E-003   5.61541340218751     
          45  2.829670021433778E-003   5.73324591451379     
          46  2.504484371979655E-003   5.30194661011153     
          47  2.340265022934821E-003   5.16833095534909     
          48  2.183307037446298E-003   5.02934275306915     
          49  2.019000604450084E-003   4.84802273097938     
          50  1.879024542586363E-003   4.69890683299553     
          51  1.672057630355291E-003   4.35053767495759     
          52  1.619619670827959E-003   4.38036872370046     
          53  1.427082971422646E-003   4.01085988231197     
          54  1.357431681660048E-003   3.95981387338833     
          55  1.216920242014236E-003   3.68186246497859     
          56  1.173808981238656E-003   3.68010333017285     
          57  1.099855582410385E-003   3.57379377521721     
          58  9.773664699146039E-004   3.28886616476870     
          59  9.023940022030158E-004   3.14152720639039     
          60  8.552738629215208E-004   3.07904743249031     
          61  7.932841459138516E-004   2.95206806565050     
          62  7.308015055248813E-004   2.80954332505937     
          63  6.471957082689950E-004   2.56882225380641     
          64  6.238626690089140E-004   2.55445096827470     
          65  5.835127651432627E-004   2.46488502046587     
          66  5.226376770284618E-004   2.27673314811797     
          67  4.924392506391158E-004   2.21089812190142     
          68  4.404867296034870E-004   2.03682033755582     
          69  4.238999072031704E-004   2.01829923111891     
          70  3.843444570817539E-004   1.88344567775226     
          71  3.552171831714888E-004   1.79042999450705     
          72  3.384290327729979E-004   1.75415877724993     
          73  3.023327835933738E-004   1.61100495527652     
          74  2.870718834564504E-004   1.57210428120048     
          75  2.577290878855210E-004   1.44984062618439     
          76  2.388556777759031E-004   1.37975693543371     
          77  2.242660049168932E-004   1.32986768136798     
          78  2.064437132738606E-004   1.25604108026687     
          79  1.900197393891862E-004   1.18577225764130     
          80  1.781139952719557E-004   1.13970559552491     
          81  1.648559026606301E-004   1.08153655210787     
          82  1.510409373972892E-004   1.01552683635286     
          83  1.404772797101988E-004  0.967699635566075     
          84  1.281958447484456E-004  0.904515632502095     
          85  1.210651073843621E-004  0.874702131948895     
          86  1.108759156696525E-004  0.820138302018360     
          87  1.016778296817571E-004  0.769622295974177     
          88  9.383015252689900E-005  0.726622748756099     
          89  8.767323176778115E-005  0.694457084798862     
          90  8.130261318872041E-005  0.658601767184099     
          91  7.518492033215668E-005  0.622673907628492     
          92  6.868587992344433E-005  0.581397049211278     
          93  6.310687636777864E-005  0.545806405915227     
          94  5.916042485227699E-005  0.522750656521111     
          95  5.432069207491204E-005  0.490183084181637     
          96  4.987802692151639E-005  0.459566185747865     
          97  4.689641006540311E-005  0.441195432621576     
          98  4.374754081607657E-005  0.420177049994023     
          99  3.955311246085308E-005  0.387675818435897     
         100  3.667661515298388E-005  0.366770708379223     
         101  3.434949279651586E-005  0.350387942782284     
         102  3.101315594841080E-005  0.322671349312993     
         103  2.890279488145712E-005  0.306654654312736     
         104  2.646909623335762E-005  0.286284555244429     
         105  2.491744199173398E-005  0.274673982995259     
         106  2.255750728427456E-005  0.253461655101242     
         107  2.115536695642348E-005  0.242206656845298     
         108  1.936160770550962E-005  0.225808305977230     
         109  1.819492984094394E-005  0.216168754811617     
         110  1.657796291102549E-005  0.200601498147645     
         111  1.512625803758744E-005  0.186373542440715     
         112  1.421866604592840E-005  0.178341628018315     
         113  1.311506960144577E-005  0.167452119115829     
         114  1.217441458241194E-005  0.158218044137712     
         115  1.116716988833758E-005  0.147679171949931     
         116  1.047292174171492E-005  0.140913816374162     
         117  9.638764408086926E-006  0.131943025123490     
         118  8.761143405552346E-006  0.121987388295698     
         119  8.169331372608612E-006  0.115672214461013     
         120  7.601318299040963E-006  0.109447832234242     
         121  7.016891992686668E-006  0.102724444127132     
         122  6.418574009673207E-006  9.553232771535486E-002
         123  5.938709808514969E-006  8.984295715848387E-002
         124  5.461166517375979E-006  8.397172275410417E-002
         125  5.100932857398625E-006  7.970337264900623E-002
         126  4.669245883640593E-006  7.412755341541173E-002
         127  4.294343146926520E-006  6.926028519251844E-002
         128  4.017962619674009E-006  6.582341556189346E-002
         129  3.702428272792019E-006  6.160831497531236E-002
         130  3.413348679602938E-006  5.768632541191908E-002
         131  3.132833743167111E-006  5.376062505759095E-002
         132  2.931896329985466E-006  5.108428378118391E-002
         133  2.678805200654085E-006  4.738637237022685E-002
         134  2.471089790033945E-006  4.436921130989585E-002
         135  2.281503854512761E-006  4.158002977717239E-002
         136  2.120347664546111E-006  3.921592017820140E-002
         137  1.981205655170607E-006  3.718552943632229E-002
         138  1.789435024564085E-006  3.407905081073745E-002
         139  1.672918103548520E-006  3.232087261203067E-002
         140  1.551468344242135E-006  3.040687669936170E-002
         141  1.435733937004897E-006  2.854397685882230E-002
         142  1.335243457618785E-006  2.692415954232916E-002
         143  1.210990888213463E-006  2.476239461528501E-002
         144  1.130464929257190E-006  2.343857823205056E-002
         145  1.052335290362518E-006  2.212386203709274E-002
         146  9.797326731328918E-007  2.088318821607292E-002
         147  9.003066381874397E-007  1.945340217162312E-002
         148  8.370513490355386E-007  1.833465659919734E-002
         149  7.766210812719419E-007  1.724198379014456E-002
         150  7.261144116603916E-007  1.633808098328401E-002
         151  6.712768488252239E-007  1.530615574754412E-002
         152  6.226636034445735E-007  1.438555944387697E-002
         153  5.747510323770001E-007  1.345415665756823E-002
         154  5.426640374621378E-007  1.287015374241241E-002
         155  5.018364258027008E-007  1.205642368755382E-002
         156  4.719159335472003E-007  1.148377826995835E-002
         157  4.398018715354615E-007  1.084084082985735E-002
         158  4.057105092350275E-007  1.012819608773475E-002
         159  3.867232796576382E-007  9.776434132020834E-003
         160  3.615873941183111E-007  9.255991447366978E-003
         161  3.492771477131328E-007  9.053714058081771E-003
         162  3.207910719015105E-007  8.418924090936050E-003
         163  3.094406207510454E-007  8.221512560915254E-003
         164  2.889338461603049E-007  7.771391534933681E-003
         165  2.804498731207893E-007  7.635251035140861E-003
         166  2.640534845137465E-007  7.276028163519173E-003
         167  2.588129749058413E-007  7.217890102291188E-003
         168  2.508179048381015E-007  7.079089339609950E-003
         169  2.447639261547325E-007  6.990797556010443E-003
         170  2.617385462394245E-007  7.565232039681509E-003
         171  4.259822173537731E-008  1.239607832365319E-003
         172  0.000000000000000E+000  0.000000000000000E+000
         173  0.000000000000000E+000  0.000000000000000E+000
         174  0.000000000000000E+000  0.000000000000000E+000
         175  0.000000000000000E+000  0.000000000000000E+000
         176  0.000000000000000E+000  0.000000000000000E+000
         177  0.000000000000000E+000  0.000000000000000E+000
         178  0.000000000000000E+000  0.000000000000000E+000
         179  0.000000000000000E+000  0.000000000000000E+000
         180  0.000000000000000E+000  0.000000000000000E+000
         181  0.000000000000000E+000  0.000000000000000E+000
         182  0.000000000000000E+000  0.000000000000000E+000
         183  0.000000000000000E+000  0.000000000000000E+000
         184  0.000000000000000E+000  0.000000000000000E+000
         185  0.000000000000000E+000  0.000000000000000E+000
         186  0.000000000000000E+000  0.000000000000000E+000
         187  0.000000000000000E+000  0.000000000000000E+000
         188  0.000000000000000E+000  0.000000000000000E+000
         189  0.000000000000000E+000  0.000000000000000E+000
         190  0.000000000000000E+000  0.000000000000000E+000
         191  0.000000000000000E+000  0.000000000000000E+000
         192  0.000000000000000E+000  0.000000000000000E+000
         193  0.000000000000000E+000  0.000000000000000E+000
         194  0.000000000000000E+000  0.000000000000000E+000
         195  0.000000000000000E+000  0.000000000000000E+000
         196  0.000000000000000E+000  0.000000000000000E+000
         197  0.000000000000000E+000  0.000000000000000E+000
         198  0.000000000000000E+000  0.000000000000000E+000
         199  0.000000000000000E+000  0.000000000000000E+000
         200  0.000000000000000E+000  0.000000000000000E+000
         201  0.000000000000000E+000  0.000000000000000E+000
         202  0.000000000000000E+000  0.000000000000000E+000
         203  0.000000000000000E+000  0.000000000000000E+000
         204  0.000000000000000E+000  0.000000000000000E+000
         205  0.000000000000000E+000  0.000000000000000E+000
         206  0.000000000000000E+000  0.000000000000000E+000
         207  0.000000000000000E+000  0.000000000000000E+000
         208  0.000000000000000E+000  0.000000000000000E+000
         209  0.000000000000000E+000  0.000000000000000E+000
         210  0.000000000000000E+000  0.000000000000000E+000
         211  0.000000000000000E+000  0.000000000000000E+000
         212  0.000000000000000E+000  0.000000000000000E+000
         213  0.000000000000000E+000  0.000000000000000E+000
         214  0.000000000000000E+000  0.000000000000000E+000
         215  0.000000000000000E+000  0.000000000000000E+000
         216  0.000000000000000E+000  0.000000000000000E+000
         217  0.000000000000000E+000  0.000000000000000E+000
         218  0.000000000000000E+000  0.000000000000000E+000
         219  0.000000000000000E+000  0.000000000000000E+000
         220  0.000000000000000E+000  0.000000000000000E+000
         221  0.000000000000000E+000  0.000000000000000E+000
         222  0.000000000000000E+000  0.000000000000000E+000
         223  0.000000000000000E+000  0.000000000000000E+000
         224  0.000000000000000E+000  0.000000000000000E+000
         225  0.000000000000000E+000  0.000000000000000E+000
         226  0.000000000000000E+000  0.000000000000000E+000
         227  0.000000000000000E+000  0.000000000000000E+000
         228  0.000000000000000E+000  0.000000000000000E+000
         229  0.000000000000000E+000  0.000000000000000E+000
         230  0.000000000000000E+000  0.000000000000000E+000
         231  0.000000000000000E+000  0.000000000000000E+000
         232  0.000000000000000E+000  0.000000000000000E+000
         233  0.000000000000000E+000  0.000000000000000E+000
         234  0.000000000000000E+000  0.000000000000000E+000
         235  0.000000000000000E+000  0.000000000000000E+000
         236  0.000000000000000E+000  0.000000000000000E+000
         237  0.000000000000000E+000  0.000000000000000E+000
         238  0.000000000000000E+000  0.000000000000000E+000
         239  0.000000000000000E+000  0.000000000000000E+000
         240  0.000000000000000E+000  0.000000000000000E+000
         241  0.000000000000000E+000  0.000000000000000E+000
         242  0.000000000000000E+000  0.000000000000000E+000
         243  0.000000000000000E+000  0.000000000000000E+000
         244  0.000000000000000E+000  0.000000000000000E+000
         245  0.000000000000000E+000  0.000000000000000E+000
         246  0.000000000000000E+000  0.000000000000000E+000
         247  0.000000000000000E+000  0.000000000000000E+000
         248  0.000000000000000E+000  0.000000000000000E+000
         249  0.000000000000000E+000  0.000000000000000E+000
         250  0.000000000000000E+000  0.000000000000000E+000
         251  0.000000000000000E+000  0.000000000000000E+000
         252  0.000000000000000E+000  0.000000000000000E+000
         253  0.000000000000000E+000  0.000000000000000E+000
         254  0.000000000000000E+000  0.000000000000000E+000
         255  0.000000000000000E+000  0.000000000000000E+000
         256  0.000000000000000E+000  0.000000000000000E+000
         257  0.000000000000000E+000  0.000000000000000E+000
         258  0.000000000000000E+000  0.000000000000000E+000
         259  0.000000000000000E+000  0.000000000000000E+000
         260  0.000000000000000E+000  0.000000000000000E+000
         261  0.000000000000000E+000  0.000000000000000E+000
         262  0.000000000000000E+000  0.000000000000000E+000
         263  0.000000000000000E+000  0.000000000000000E+000
         264  0.000000000000000E+000  0.000000000000000E+000
         265  0.000000000000000E+000  0.000000000000000E+000
         266  0.000000000000000E+000  0.000000000000000E+000
         267  0.000000000000000E+000  0.000000000000000E+000
         268  0.000000000000000E+000  0.000000000000000E+000
         269  0.000000000000000E+000  0.000000000000000E+000
         270  0.000000000000000E+000  0.000000000000000E+000
         271  0.000000000000000E+000  0.000000000000000E+000
         272  0.000000000000000E+000  0.000000000000000E+000
         273  0.000000000000000E+000  0.000000000000000E+000
         274  0.000000000000000E+000  0.000000000000000E+000
         275  0.000000000000000E+000  0.000000000000000E+000
         276  0.000000000000000E+000  0.000000000000000E+000
         277  0.000000000000000E+000  0.000000000000000E+000
         278  0.000000000000000E+000  0.000000000000000E+000
         279  0.000000000000000E+000  0.000000000000000E+000
         280  0.000000000000000E+000  0.000000000000000E+000
         281  0.000000000000000E+000  0.000000000000000E+000
         282  0.000000000000000E+000  0.000000000000000E+000
         283  0.000000000000000E+000  0.000000000000000E+000
         284  0.000000000000000E+000  0.000000000000000E+000
         285  0.000000000000000E+000  0.000000000000000E+000
         286  0.000000000000000E+000  0.000000000000000E+000
         287  0.000000000000000E+000  0.000000000000000E+000
         288  0.000000000000000E+000  0.000000000000000E+000
         289  0.000000000000000E+000  0.000000000000000E+000
         290  0.000000000000000E+000  0.000000000000000E+000
         291  0.000000000000000E+000  0.000000000000000E+000
         292  0.000000000000000E+000  0.000000000000000E+000
         293  0.000000000000000E+000  0.000000000000000E+000
         294  0.000000000000000E+000  0.000000000000000E+000
         295  0.000000000000000E+000  0.000000000000000E+000
         296  0.000000000000000E+000  0.000000000000000E+000
         297  0.000000000000000E+000  0.000000000000000E+000
         298  0.000000000000000E+000  0.000000000000000E+000
         299  0.000000000000000E+000  0.000000000000000E+000
         300  0.000000000000000E+000  0.000000000000000E+000
         301  0.000000000000000E+000  0.000000000000000E+000
         302  0.000000000000000E+000  0.000000000000000E+000
         303  0.000000000000000E+000  0.000000000000000E+000
         304  0.000000000000000E+000  0.000000000000000E+000
         305  0.000000000000000E+000  0.000000000000000E+000
         306  0.000000000000000E+000  0.000000000000000E+000
         307  0.000000000000000E+000  0.000000000000000E+000
         308  0.000000000000000E+000  0.000000000000000E+000
         309  0.000000000000000E+000  0.000000000000000E+000
         310  0.000000000000000E+000  0.000000000000000E+000
         311  0.000000000000000E+000  0.000000000000000E+000
         312  0.000000000000000E+000  0.000000000000000E+000
         313  0.000000000000000E+000  0.000000000000000E+000
         314  0.000000000000000E+000  0.000000000000000E+000
         315  0.000000000000000E+000  0.000000000000000E+000
         316  0.000000000000000E+000  0.000000000000000E+000
         317  0.000000000000000E+000  0.000000000000000E+000
         318  0.000000000000000E+000  0.000000000000000E+000
         319  0.000000000000000E+000  0.000000000000000E+000
         320  0.000000000000000E+000  0.000000000000000E+000
         321  0.000000000000000E+000  0.000000000000000E+000
         322  0.000000000000000E+000  0.000000000000000E+000
         323  0.000000000000000E+000  0.000000000000000E+000
         324  0.000000000000000E+000  0.000000000000000E+000
         325  0.000000000000000E+000  0.000000000000000E+000
         326  0.000000000000000E+000  0.000000000000000E+000
         327  0.000000000000000E+000  0.000000000000000E+000
         328  0.000000000000000E+000  0.000000000000000E+000
         329  0.000000000000000E+000  0.000000000000000E+000
         330  0.000000000000000E+000  0.000000000000000E+000
         331  0.000000000000000E+000  0.000000000000000E+000
         332  0.000000000000000E+000  0.000000000000000E+000
         333  0.000000000000000E+000  0.000000000000000E+000
         334  0.000000000000000E+000  0.000000000000000E+000
         335  0.000000000000000E+000  0.000000000000000E+000
         336  0.000000000000000E+000  0.000000000000000E+000
         337  0.000000000000000E+000  0.000000000000000E+000
         338  0.000000000000000E+000  0.000000000000000E+000
         339  0.000000000000000E+000  0.000000000000000E+000
         340  0.000000000000000E+000  0.000000000000000E+000
         341  0.000000000000000E+000  0.000000000000000E+000
         342  0.000000000000000E+000  0.000000000000000E+000
         343  0.000000000000000E+000  0.000000000000000E+000
         344  0.000000000000000E+000  0.000000000000000E+000
         345  0.000000000000000E+000  0.000000000000000E+000
         346  0.000000000000000E+000  0.000000000000000E+000
         347  0.000000000000000E+000  0.000000000000000E+000
         348  0.000000000000000E+000  0.000000000000000E+000
         349  0.000000000000000E+000  0.000000000000000E+000
         350  0.000000000000000E+000  0.000000000000000E+000
         351  0.000000000000000E+000  0.000000000000000E+000
         352  0.000000000000000E+000  0.000000000000000E+000
         353  0.000000000000000E+000  0.000000000000000E+000
         354  0.000000000000000E+000  0.000000000000000E+000
         355  0.000000000000000E+000  0.000000000000000E+000
         356  0.000000000000000E+000  0.000000000000000E+000
         357  0.000000000000000E+000  0.000000000000000E+000
         358  0.000000000000000E+000  0.000000000000000E+000
         359  0.000000000000000E+000  0.000000000000000E+000
         360  0.000000000000000E+000  0.000000000000000E+000
         361  0.000000000000000E+000  0.000000000000000E+000
         362  0.000000000000000E+000  0.000000000000000E+000
         363  0.000000000000000E+000  0.000000000000000E+000
         364  0.000000000000000E+000  0.000000000000000E+000
         365  0.000000000000000E+000  0.000000000000000E+000
         366  0.000000000000000E+000  0.000000000000000E+000
         367  0.000000000000000E+000  0.000000000000000E+000
         368  0.000000000000000E+000  0.000000000000000E+000
         369  0.000000000000000E+000  0.000000000000000E+000
         370  0.000000000000000E+000  0.000000000000000E+000
         371  0.000000000000000E+000  0.000000000000000E+000
         372  0.000000000000000E+000  0.000000000000000E+000
         373  0.000000000000000E+000  0.000000000000000E+000
         374  0.000000000000000E+000  0.000000000000000E+000
         375  0.000000000000000E+000  0.000000000000000E+000
         376  0.000000000000000E+000  0.000000000000000E+000
         377  0.000000000000000E+000  0.000000000000000E+000
         378  0.000000000000000E+000  0.000000000000000E+000
         379  0.000000000000000E+000  0.000000000000000E+000
         380  0.000000000000000E+000  0.000000000000000E+000
         381  0.000000000000000E+000  0.000000000000000E+000
         382  0.000000000000000E+000  0.000000000000000E+000
         383  0.000000000000000E+000  0.000000000000000E+000
         384  0.000000000000000E+000  0.000000000000000E+000
         385  0.000000000000000E+000  0.000000000000000E+000
         386  0.000000000000000E+000  0.000000000000000E+000
         387  0.000000000000000E+000  0.000000000000000E+000
         388  0.000000000000000E+000  0.000000000000000E+000
         389  0.000000000000000E+000  0.000000000000000E+000
         390  0.000000000000000E+000  0.000000000000000E+000
         391  0.000000000000000E+000  0.000000000000000E+000
         392  0.000000000000000E+000  0.000000000000000E+000
         393  0.000000000000000E+000  0.000000000000000E+000
         394  0.000000000000000E+000  0.000000000000000E+000
         395  0.000000000000000E+000  0.000000000000000E+000
         396  0.000000000000000E+000  0.000000000000000E+000
         397  0.000000000000000E+000  0.000000000000000E+000
         398  0.000000000000000E+000  0.000000000000000E+000
         399  0.000000000000000E+000  0.000000000000000E+000
         400  0.000000000000000E+000  0.000000000000000E+000
         401  0.000000000000000E+000  0.000000000000000E+000
         402  0.000000000000000E+000  0.000000000000000E+000
         403  0.000000000000000E+000  0.000000000000000E+000
         404  0.000000000000000E+000  0.000000000000000E+000
         405  0.000000000000000E+000  0.000000000000000E+000
         406  0.000000000000000E+000  0.000000000000000E+000
         407  0.000000000000000E+000  0.000000000000000E+000
         408  0.000000000000000E+000  0.000000000000000E+000
         409  0.000000000000000E+000  0.000000000000000E+000
         410  0.000000000000000E+000  0.000000000000000E+000
         411  0.000000000000000E+000  0.000000000000000E+000
         412  0.000000000000000E+000  0.000000000000000E+000
         413  0.000000000000000E+000  0.000000000000000E+000
         414  0.000000000000000E+000  0.000000000000000E+000
         415  0.000000000000000E+000  0.000000000000000E+000
         416  0.000000000000000E+000  0.000000000000000E+000
         417  0.000000000000000E+000  0.000000000000000E+000
         418  0.000000000000000E+000  0.000000000000000E+000
         419  0.000000000000000E+000  0.000000000000000E+000
         420  0.000000000000000E+000  0.000000000000000E+000
         421  0.000000000000000E+000  0.000000000000000E+000
         422  0.000000000000000E+000  0.000000000000000E+000
         423  0.000000000000000E+000  0.000000000000000E+000
         424  0.000000000000000E+000  0.000000000000000E+000
         425  0.000000000000000E+000  0.000000000000000E+000
         426  0.000000000000000E+000  0.000000000000000E+000
         427  0.000000000000000E+000  0.000000000000000E+000
         428  0.000000000000000E+000  0.000000000000000E+000
         429  0.000000000000000E+000  0.000000000000000E+000
         430  0.000000000000000E+000  0.000000000000000E+000
         431  0.000000000000000E+000  0.000000000000000E+000
         432  0.000000000000000E+000  0.000000000000000E+000
         433  0.000000000000000E+000  0.000000000000000E+000
         434  0.000000000000000E+000  0.000000000000000E+000
         435  0.000000000000000E+000  0.000000000000000E+000
         436  0.000000000000000E+000  0.000000000000000E+000
         437  0.000000000000000E+000  0.000000000000000E+000
         438  0.000000000000000E+000  0.000000000000000E+000
         439  0.000000000000000E+000  0.000000000000000E+000
         440  0.000000000000000E+000  0.000000000000000E+000
         441  0.000000000000000E+000  0.000000000000000E+000
         442  0.000000000000000E+000  0.000000000000000E+000
         443  0.000000000000000E+000  0.000000000000000E+000
         444  0.000000000000000E+000  0.000000000000000E+000
