           0  0.000000000000000E+000  0.000000000000000E+000
           1  0.618168361329465        1.23633672265893     
           2  0.742708576659723        3.41800148567201     
           3  0.212011103382601        2.01085810545314     
           4  0.207007894301474        3.27927010945357     
           5  0.143659524664857        3.62380489881091     
           6  0.114154625737976        4.21893965329280     
           7  8.307335149936076E-002   4.08993224635278     
           8  7.307908766112017E-002   4.67782250036970     
           9  6.457947254572943E-002   5.27222367252481     
          10  4.942651086943103E-002   5.01135311659197     
          11  4.009359479392750E-002   4.89326349631895     
          12  3.595285320850245E-002   5.19684507160835     
          13  3.524535422023643E-002   5.97749473875107     
          14  2.885560053556226E-002   5.68342072382929     
          15  2.451051795674358E-002   5.52031039775640     
          16  2.410613274841671E-002   6.14177255330020     
          17  2.193495801418555E-002   6.35660585871422     
          18  1.939529567559728E-002   6.30538214554374     
          19  1.751626402333185E-002   6.33938152032219     
          20  1.583784098249130E-002   6.33693429939570     
          21  1.545740608925364E-002   6.83336543554829     
          22  1.400685672687316E-002   6.79462231681644     
          23  1.249859778144517E-002   6.62144051347498     
          24  1.148264300237146E-002   6.61409008651136     
          25  1.095955925088632E-002   6.84986731882887     
          26  1.002470210192592E-002   6.78603417171838     
          27  8.797236268639338E-003   6.42471097447358     
          28  8.557390474197259E-003   6.71447032311102     
          29  7.788323200408828E-003   6.55981694681503     
          30  6.998946067818505E-003   6.30228312775924     
          31  6.758490442065146E-003   6.49960667007139     
          32  6.002780016196577E-003   6.14945289321890     
          33  5.797868385241565E-003   6.31215235184883     
          34  5.303935795729448E-003   6.13404256413551     
          35  4.903439826845891E-003   6.01038912630717     
          36  4.665040902488746E-003   6.04901277274340     
          37  4.293490876161672E-003   5.88215510536085     
          38  3.924895997771250E-003   5.66991877076805     
          39  3.587710110719147E-003   5.45872567457984     
          40  3.452832698221057E-003   5.52329854995259     
          41  3.264986945530596E-003   5.49063383189813     
          42  2.940861193283437E-003   5.19033138401037     
          43  2.785205700179826E-003   5.15190628443067     
          44  2.548296197850009E-003   4.93463538203671     
          45  2.465543114104592E-003   4.99492076451831     
          46  2.230185273790541E-003   4.72143319309599     
          47  2.117033412565281E-003   4.67638316049104     
          48  2.020299392556121E-003   4.65410508128486     
          49  1.879135826589534E-003   4.51192327326687     
          50  1.755868272736194E-003   4.39159313861263     
          51  1.581300636614537E-003   4.11448336799734     
          52  1.533977312513591E-003   4.14843182745819     
          53  1.419708696737895E-003   3.98943525842086     
          54  1.316787921599453E-003   3.84079518145132     
          55  1.223562200361229E-003   3.70157862459866     
          56  1.175256155842827E-003   3.68492121228415     
          57  1.120565501583327E-003   3.64131816847545     
          58  1.017656794751433E-003   3.42419789592492     
          59  9.470456848945188E-004   3.29678096740423     
          60  9.159689823071220E-004   3.29777904413299     
          61  8.383456147458977E-004   3.11970585172665     
          62  7.895510281737105E-004   3.03579235299763     
          63  7.188846540900792E-004   2.85331154546761     
          64  7.002978927349114E-004   2.86776985789582     
          65  6.638481757118259E-004   2.80474633506815     
          66  6.002993262396848E-004   2.61539169317315     
          67  5.719410756776189E-004   2.56800567707839     
          68  5.238377980277848E-004   2.42232386015351     
          69  5.113269680776315E-004   2.43481092282597     
          70  4.619649675737404E-004   2.26388434661846     
          71  4.371808128488378E-004   2.20382354906106     
          72  4.199329530894947E-004   2.17683227752680     
          73  3.873785127014574E-004   2.06435650465492     
          74  3.689123773772384E-004   2.02041180613756     
          75  3.414800274261378E-004   1.92100859982728     
          76  3.203263341032319E-004   1.85038268330368     
          77  3.019717715730751E-004   1.79064755537293     
          78  2.811055578047967E-004   1.71037653869284     
          79  2.637434089701447E-004   1.64595226432691     
          80  2.485112470585887E-004   1.59019552447563     
          81  2.320964164879934E-004   1.52270696930493     
          82  2.192235038089315E-004   1.47405416490027     
          83  2.060640134166258E-004   1.41971732712104     
          84  1.910993086969001E-004   1.34848325747580     
          85  1.833302455491390E-004   1.32459520038148     
          86  1.709511222586857E-004   1.26452074494770     
          87  1.582998159683050E-004   1.19819704904599     
          88  1.494995394921064E-004   1.15774382610613     
          89  1.412935840230425E-004   1.11920912807714     
          90  1.330036871979224E-004   1.07744970532745     
          91  1.233944392316472E-004   1.02198189415540     
          92  1.162042208194168E-004  0.983641323097754     
          93  1.091481206847344E-004  0.944098111492390     
          94  1.024307224429688E-004  0.905111358689703     
          95  9.479411342567628E-005  0.855427391815785     
          96  8.981874653807840E-005  0.827606208853534     
          97  8.529143124742676E-005  0.802415975404096     
          98  8.084429412776456E-005  0.776494519258871     
          99  7.351434349699769E-005  0.720583985487817     
         100  7.049873663469830E-005  0.704974122659865     
         101  6.637957693792259E-005  0.677163299957060     
         102  6.213341451637527E-005  0.646454426568494     
         103  5.880868364878179E-005  0.623963087055830     
         104  5.384208580866600E-005  0.582334830794970     
         105  5.178336835195431E-005  0.570873876071248     
         106  4.796981472608459E-005  0.539020737253698     
         107  4.541744237326841E-005  0.519979344294327     
         108  4.248330582307311E-005  0.495510420207731     
         109  4.026637548725314E-005  0.478415033623993     
         110  3.729393540131685E-005  0.451303022046992     
         111  3.489136503234573E-005  0.429890079894964     
         112  3.325350721429663E-005  0.417095103620658     
         113  3.117366779871430E-005  0.398045900178403     
         114  2.930988729942899E-005  0.380915070694060     
         115  2.729539790173700E-005  0.360973431165229     
         116  2.606770762573816E-005  0.350741441516650     
         117  2.441479749957773E-005  0.334234523401100     
         118  2.265381402908809E-005  0.315434281175244     
         119  2.127095885233772E-005  0.301190980438973     
         120  2.014172991760556E-005  0.290013033738718     
         121  1.903044954334612E-005  0.278609940944895     
         122  1.780683184651184E-005  0.265035721212919     
         123  1.676531158747488E-005  0.253644976744687     
         124  1.561267192715288E-005  0.240053771720025     
         125  1.485239582635976E-005  0.232078628436239     
         126  1.379134726327613E-005  0.218963113501238     
         127  1.301857633142054E-005  0.209968821457109     
         128  1.229021371795240E-005  0.201346744546578     
         129  1.157621547881114E-005  0.192634791920190     
         130  1.082423461764409E-005  0.182934766131448     
         131  1.012810425693364E-005  0.173804369264669     
         132  9.725933093906287E-006  0.169465229674850     
         133  9.030552320606255E-006  0.159747180297368     
         134  8.484110216669549E-006  0.152342536588218     
         135  8.018323455580357E-006  0.146131583757179     
         136  7.554323316472044E-006  0.139719467852194     
         137  7.151727294527657E-006  0.134235707199974     
         138  6.668818308449006E-006  0.127005961538948     
         139  6.294276020127795E-006  0.121610653145637     
         140  5.968018835127285E-006  0.116967370974850     
         141  5.607759427693010E-006  0.111484344981695     
         142  5.324353256808366E-006  0.107362377943266     
         143  4.962226859483540E-006  0.101471867558136     
         144  4.717388057995135E-006  9.781196499812443E-002
         145  4.486961328423239E-006  9.433292985088300E-002
         146  4.252979123172378E-006  9.065454236903517E-002
         147  4.000482113393062E-006  8.644531511885153E-002
         148  3.787712788965934E-006  8.296457899429049E-002
         149  3.617697144500114E-006  8.032072969549779E-002
         150  3.412043904661245E-006  7.677682316472903E-002
         151  3.254496946116074E-006  7.420918173810516E-002
         152  3.087395987125600E-006  7.133012470222255E-002
         153  2.955884571929305E-006  6.919396696838737E-002
         154  2.820730311575039E-006  6.689917141196530E-002
         155  2.665144160132741E-006  6.403114401380162E-002
         156  2.576670681887975E-006  6.270484275626356E-002
         157  2.477779489843420E-006  6.107519588941045E-002
         158  2.357710212913465E-006  5.886003345587435E-002
         159  2.282674389404438E-006  5.770608750230965E-002
         160  2.213675338358531E-006  5.666796232154894E-002
         161  2.164716096662882E-006  5.611395622784626E-002
         162  2.065759963289793E-006  5.421554634891863E-002
         163  2.049469108301041E-006  5.445431394954230E-002
         164  1.966356419158540E-006  5.288884123520127E-002
         165  1.974614328191173E-006  5.376088116077030E-002
         166  1.937462215465818E-006  5.338999818986472E-002
         167  1.946311676010694E-006  5.428120296006135E-002
         168  1.956946991738342E-006  5.523529192432151E-002
         169  2.014834185431072E-006  5.754971754535756E-002
         170  2.192335406303256E-006  6.336944072375841E-002
         171  3.613293173472931E-007  1.051457911981294E-002
         172  0.000000000000000E+000  0.000000000000000E+000
         173  0.000000000000000E+000  0.000000000000000E+000
         174  0.000000000000000E+000  0.000000000000000E+000
         175  0.000000000000000E+000  0.000000000000000E+000
         176  0.000000000000000E+000  0.000000000000000E+000
         177  0.000000000000000E+000  0.000000000000000E+000
         178  0.000000000000000E+000  0.000000000000000E+000
         179  0.000000000000000E+000  0.000000000000000E+000
         180  0.000000000000000E+000  0.000000000000000E+000
         181  0.000000000000000E+000  0.000000000000000E+000
         182  0.000000000000000E+000  0.000000000000000E+000
         183  0.000000000000000E+000  0.000000000000000E+000
         184  0.000000000000000E+000  0.000000000000000E+000
         185  0.000000000000000E+000  0.000000000000000E+000
         186  0.000000000000000E+000  0.000000000000000E+000
         187  0.000000000000000E+000  0.000000000000000E+000
         188  0.000000000000000E+000  0.000000000000000E+000
         189  0.000000000000000E+000  0.000000000000000E+000
         190  0.000000000000000E+000  0.000000000000000E+000
         191  0.000000000000000E+000  0.000000000000000E+000
         192  0.000000000000000E+000  0.000000000000000E+000
         193  0.000000000000000E+000  0.000000000000000E+000
         194  0.000000000000000E+000  0.000000000000000E+000
         195  0.000000000000000E+000  0.000000000000000E+000
         196  0.000000000000000E+000  0.000000000000000E+000
         197  0.000000000000000E+000  0.000000000000000E+000
         198  0.000000000000000E+000  0.000000000000000E+000
         199  0.000000000000000E+000  0.000000000000000E+000
         200  0.000000000000000E+000  0.000000000000000E+000
         201  0.000000000000000E+000  0.000000000000000E+000
         202  0.000000000000000E+000  0.000000000000000E+000
         203  0.000000000000000E+000  0.000000000000000E+000
         204  0.000000000000000E+000  0.000000000000000E+000
         205  0.000000000000000E+000  0.000000000000000E+000
         206  0.000000000000000E+000  0.000000000000000E+000
         207  0.000000000000000E+000  0.000000000000000E+000
         208  0.000000000000000E+000  0.000000000000000E+000
         209  0.000000000000000E+000  0.000000000000000E+000
         210  0.000000000000000E+000  0.000000000000000E+000
         211  0.000000000000000E+000  0.000000000000000E+000
         212  0.000000000000000E+000  0.000000000000000E+000
         213  0.000000000000000E+000  0.000000000000000E+000
         214  0.000000000000000E+000  0.000000000000000E+000
         215  0.000000000000000E+000  0.000000000000000E+000
         216  0.000000000000000E+000  0.000000000000000E+000
         217  0.000000000000000E+000  0.000000000000000E+000
         218  0.000000000000000E+000  0.000000000000000E+000
         219  0.000000000000000E+000  0.000000000000000E+000
         220  0.000000000000000E+000  0.000000000000000E+000
         221  0.000000000000000E+000  0.000000000000000E+000
         222  0.000000000000000E+000  0.000000000000000E+000
         223  0.000000000000000E+000  0.000000000000000E+000
         224  0.000000000000000E+000  0.000000000000000E+000
         225  0.000000000000000E+000  0.000000000000000E+000
         226  0.000000000000000E+000  0.000000000000000E+000
         227  0.000000000000000E+000  0.000000000000000E+000
         228  0.000000000000000E+000  0.000000000000000E+000
         229  0.000000000000000E+000  0.000000000000000E+000
         230  0.000000000000000E+000  0.000000000000000E+000
         231  0.000000000000000E+000  0.000000000000000E+000
         232  0.000000000000000E+000  0.000000000000000E+000
         233  0.000000000000000E+000  0.000000000000000E+000
         234  0.000000000000000E+000  0.000000000000000E+000
         235  0.000000000000000E+000  0.000000000000000E+000
         236  0.000000000000000E+000  0.000000000000000E+000
         237  0.000000000000000E+000  0.000000000000000E+000
         238  0.000000000000000E+000  0.000000000000000E+000
         239  0.000000000000000E+000  0.000000000000000E+000
         240  0.000000000000000E+000  0.000000000000000E+000
         241  0.000000000000000E+000  0.000000000000000E+000
         242  0.000000000000000E+000  0.000000000000000E+000
         243  0.000000000000000E+000  0.000000000000000E+000
         244  0.000000000000000E+000  0.000000000000000E+000
         245  0.000000000000000E+000  0.000000000000000E+000
         246  0.000000000000000E+000  0.000000000000000E+000
         247  0.000000000000000E+000  0.000000000000000E+000
         248  0.000000000000000E+000  0.000000000000000E+000
         249  0.000000000000000E+000  0.000000000000000E+000
         250  0.000000000000000E+000  0.000000000000000E+000
         251  0.000000000000000E+000  0.000000000000000E+000
         252  0.000000000000000E+000  0.000000000000000E+000
         253  0.000000000000000E+000  0.000000000000000E+000
         254  0.000000000000000E+000  0.000000000000000E+000
         255  0.000000000000000E+000  0.000000000000000E+000
         256  0.000000000000000E+000  0.000000000000000E+000
         257  0.000000000000000E+000  0.000000000000000E+000
         258  0.000000000000000E+000  0.000000000000000E+000
         259  0.000000000000000E+000  0.000000000000000E+000
         260  0.000000000000000E+000  0.000000000000000E+000
         261  0.000000000000000E+000  0.000000000000000E+000
         262  0.000000000000000E+000  0.000000000000000E+000
         263  0.000000000000000E+000  0.000000000000000E+000
         264  0.000000000000000E+000  0.000000000000000E+000
         265  0.000000000000000E+000  0.000000000000000E+000
         266  0.000000000000000E+000  0.000000000000000E+000
         267  0.000000000000000E+000  0.000000000000000E+000
         268  0.000000000000000E+000  0.000000000000000E+000
         269  0.000000000000000E+000  0.000000000000000E+000
         270  0.000000000000000E+000  0.000000000000000E+000
         271  0.000000000000000E+000  0.000000000000000E+000
         272  0.000000000000000E+000  0.000000000000000E+000
         273  0.000000000000000E+000  0.000000000000000E+000
         274  0.000000000000000E+000  0.000000000000000E+000
         275  0.000000000000000E+000  0.000000000000000E+000
         276  0.000000000000000E+000  0.000000000000000E+000
         277  0.000000000000000E+000  0.000000000000000E+000
         278  0.000000000000000E+000  0.000000000000000E+000
         279  0.000000000000000E+000  0.000000000000000E+000
         280  0.000000000000000E+000  0.000000000000000E+000
         281  0.000000000000000E+000  0.000000000000000E+000
         282  0.000000000000000E+000  0.000000000000000E+000
         283  0.000000000000000E+000  0.000000000000000E+000
         284  0.000000000000000E+000  0.000000000000000E+000
         285  0.000000000000000E+000  0.000000000000000E+000
         286  0.000000000000000E+000  0.000000000000000E+000
         287  0.000000000000000E+000  0.000000000000000E+000
         288  0.000000000000000E+000  0.000000000000000E+000
         289  0.000000000000000E+000  0.000000000000000E+000
         290  0.000000000000000E+000  0.000000000000000E+000
         291  0.000000000000000E+000  0.000000000000000E+000
         292  0.000000000000000E+000  0.000000000000000E+000
         293  0.000000000000000E+000  0.000000000000000E+000
         294  0.000000000000000E+000  0.000000000000000E+000
         295  0.000000000000000E+000  0.000000000000000E+000
         296  0.000000000000000E+000  0.000000000000000E+000
         297  0.000000000000000E+000  0.000000000000000E+000
         298  0.000000000000000E+000  0.000000000000000E+000
         299  0.000000000000000E+000  0.000000000000000E+000
         300  0.000000000000000E+000  0.000000000000000E+000
         301  0.000000000000000E+000  0.000000000000000E+000
         302  0.000000000000000E+000  0.000000000000000E+000
         303  0.000000000000000E+000  0.000000000000000E+000
         304  0.000000000000000E+000  0.000000000000000E+000
         305  0.000000000000000E+000  0.000000000000000E+000
         306  0.000000000000000E+000  0.000000000000000E+000
         307  0.000000000000000E+000  0.000000000000000E+000
         308  0.000000000000000E+000  0.000000000000000E+000
         309  0.000000000000000E+000  0.000000000000000E+000
         310  0.000000000000000E+000  0.000000000000000E+000
         311  0.000000000000000E+000  0.000000000000000E+000
         312  0.000000000000000E+000  0.000000000000000E+000
         313  0.000000000000000E+000  0.000000000000000E+000
         314  0.000000000000000E+000  0.000000000000000E+000
         315  0.000000000000000E+000  0.000000000000000E+000
         316  0.000000000000000E+000  0.000000000000000E+000
         317  0.000000000000000E+000  0.000000000000000E+000
         318  0.000000000000000E+000  0.000000000000000E+000
         319  0.000000000000000E+000  0.000000000000000E+000
         320  0.000000000000000E+000  0.000000000000000E+000
         321  0.000000000000000E+000  0.000000000000000E+000
         322  0.000000000000000E+000  0.000000000000000E+000
         323  0.000000000000000E+000  0.000000000000000E+000
         324  0.000000000000000E+000  0.000000000000000E+000
         325  0.000000000000000E+000  0.000000000000000E+000
         326  0.000000000000000E+000  0.000000000000000E+000
         327  0.000000000000000E+000  0.000000000000000E+000
         328  0.000000000000000E+000  0.000000000000000E+000
         329  0.000000000000000E+000  0.000000000000000E+000
         330  0.000000000000000E+000  0.000000000000000E+000
         331  0.000000000000000E+000  0.000000000000000E+000
         332  0.000000000000000E+000  0.000000000000000E+000
         333  0.000000000000000E+000  0.000000000000000E+000
         334  0.000000000000000E+000  0.000000000000000E+000
         335  0.000000000000000E+000  0.000000000000000E+000
         336  0.000000000000000E+000  0.000000000000000E+000
         337  0.000000000000000E+000  0.000000000000000E+000
         338  0.000000000000000E+000  0.000000000000000E+000
         339  0.000000000000000E+000  0.000000000000000E+000
         340  0.000000000000000E+000  0.000000000000000E+000
         341  0.000000000000000E+000  0.000000000000000E+000
         342  0.000000000000000E+000  0.000000000000000E+000
         343  0.000000000000000E+000  0.000000000000000E+000
         344  0.000000000000000E+000  0.000000000000000E+000
         345  0.000000000000000E+000  0.000000000000000E+000
         346  0.000000000000000E+000  0.000000000000000E+000
         347  0.000000000000000E+000  0.000000000000000E+000
         348  0.000000000000000E+000  0.000000000000000E+000
         349  0.000000000000000E+000  0.000000000000000E+000
         350  0.000000000000000E+000  0.000000000000000E+000
         351  0.000000000000000E+000  0.000000000000000E+000
         352  0.000000000000000E+000  0.000000000000000E+000
         353  0.000000000000000E+000  0.000000000000000E+000
         354  0.000000000000000E+000  0.000000000000000E+000
         355  0.000000000000000E+000  0.000000000000000E+000
         356  0.000000000000000E+000  0.000000000000000E+000
         357  0.000000000000000E+000  0.000000000000000E+000
         358  0.000000000000000E+000  0.000000000000000E+000
         359  0.000000000000000E+000  0.000000000000000E+000
         360  0.000000000000000E+000  0.000000000000000E+000
         361  0.000000000000000E+000  0.000000000000000E+000
         362  0.000000000000000E+000  0.000000000000000E+000
         363  0.000000000000000E+000  0.000000000000000E+000
         364  0.000000000000000E+000  0.000000000000000E+000
         365  0.000000000000000E+000  0.000000000000000E+000
         366  0.000000000000000E+000  0.000000000000000E+000
         367  0.000000000000000E+000  0.000000000000000E+000
         368  0.000000000000000E+000  0.000000000000000E+000
         369  0.000000000000000E+000  0.000000000000000E+000
         370  0.000000000000000E+000  0.000000000000000E+000
         371  0.000000000000000E+000  0.000000000000000E+000
         372  0.000000000000000E+000  0.000000000000000E+000
         373  0.000000000000000E+000  0.000000000000000E+000
         374  0.000000000000000E+000  0.000000000000000E+000
         375  0.000000000000000E+000  0.000000000000000E+000
         376  0.000000000000000E+000  0.000000000000000E+000
         377  0.000000000000000E+000  0.000000000000000E+000
         378  0.000000000000000E+000  0.000000000000000E+000
         379  0.000000000000000E+000  0.000000000000000E+000
         380  0.000000000000000E+000  0.000000000000000E+000
         381  0.000000000000000E+000  0.000000000000000E+000
         382  0.000000000000000E+000  0.000000000000000E+000
         383  0.000000000000000E+000  0.000000000000000E+000
         384  0.000000000000000E+000  0.000000000000000E+000
         385  0.000000000000000E+000  0.000000000000000E+000
         386  0.000000000000000E+000  0.000000000000000E+000
         387  0.000000000000000E+000  0.000000000000000E+000
         388  0.000000000000000E+000  0.000000000000000E+000
         389  0.000000000000000E+000  0.000000000000000E+000
         390  0.000000000000000E+000  0.000000000000000E+000
         391  0.000000000000000E+000  0.000000000000000E+000
         392  0.000000000000000E+000  0.000000000000000E+000
         393  0.000000000000000E+000  0.000000000000000E+000
         394  0.000000000000000E+000  0.000000000000000E+000
         395  0.000000000000000E+000  0.000000000000000E+000
         396  0.000000000000000E+000  0.000000000000000E+000
         397  0.000000000000000E+000  0.000000000000000E+000
         398  0.000000000000000E+000  0.000000000000000E+000
         399  0.000000000000000E+000  0.000000000000000E+000
         400  0.000000000000000E+000  0.000000000000000E+000
         401  0.000000000000000E+000  0.000000000000000E+000
         402  0.000000000000000E+000  0.000000000000000E+000
         403  0.000000000000000E+000  0.000000000000000E+000
         404  0.000000000000000E+000  0.000000000000000E+000
         405  0.000000000000000E+000  0.000000000000000E+000
         406  0.000000000000000E+000  0.000000000000000E+000
         407  0.000000000000000E+000  0.000000000000000E+000
         408  0.000000000000000E+000  0.000000000000000E+000
         409  0.000000000000000E+000  0.000000000000000E+000
         410  0.000000000000000E+000  0.000000000000000E+000
         411  0.000000000000000E+000  0.000000000000000E+000
         412  0.000000000000000E+000  0.000000000000000E+000
         413  0.000000000000000E+000  0.000000000000000E+000
         414  0.000000000000000E+000  0.000000000000000E+000
         415  0.000000000000000E+000  0.000000000000000E+000
         416  0.000000000000000E+000  0.000000000000000E+000
         417  0.000000000000000E+000  0.000000000000000E+000
         418  0.000000000000000E+000  0.000000000000000E+000
         419  0.000000000000000E+000  0.000000000000000E+000
         420  0.000000000000000E+000  0.000000000000000E+000
         421  0.000000000000000E+000  0.000000000000000E+000
         422  0.000000000000000E+000  0.000000000000000E+000
         423  0.000000000000000E+000  0.000000000000000E+000
         424  0.000000000000000E+000  0.000000000000000E+000
         425  0.000000000000000E+000  0.000000000000000E+000
         426  0.000000000000000E+000  0.000000000000000E+000
         427  0.000000000000000E+000  0.000000000000000E+000
         428  0.000000000000000E+000  0.000000000000000E+000
         429  0.000000000000000E+000  0.000000000000000E+000
         430  0.000000000000000E+000  0.000000000000000E+000
         431  0.000000000000000E+000  0.000000000000000E+000
         432  0.000000000000000E+000  0.000000000000000E+000
         433  0.000000000000000E+000  0.000000000000000E+000
         434  0.000000000000000E+000  0.000000000000000E+000
         435  0.000000000000000E+000  0.000000000000000E+000
         436  0.000000000000000E+000  0.000000000000000E+000
         437  0.000000000000000E+000  0.000000000000000E+000
         438  0.000000000000000E+000  0.000000000000000E+000
         439  0.000000000000000E+000  0.000000000000000E+000
         440  0.000000000000000E+000  0.000000000000000E+000
         441  0.000000000000000E+000  0.000000000000000E+000
         442  0.000000000000000E+000  0.000000000000000E+000
         443  0.000000000000000E+000  0.000000000000000E+000
         444  0.000000000000000E+000  0.000000000000000E+000
