           0  0.000000000000000E+000  0.000000000000000E+000
           1  0.754568900451466        1.50913780090293     
           2  0.601794942435388        2.79302868089595     
           3  0.254658260174586        2.46158737787383     
           4  0.235351644111487        3.72616590382702     
           5  0.131984848794405        3.33413077117115     
           6  0.104653098776619        3.91492783751203     
           7  8.480070380967195E-002   4.17757006848032     
           8  6.506125953905366E-002   4.13514332982295     
           9  6.050780358911223E-002   4.93849544542558     
          10  4.662511834654062E-002   4.73023914902643     
          11  3.808536709884027E-002   4.63753403260142     
          12  3.578776098341360E-002   5.17182600896085     
          13  3.208940816365231E-002   5.43530212292620     
          14  2.912044113605949E-002   5.72954189262371     
          15  2.540689698086337E-002   5.71487804990361     
          16  2.503438799311219E-002   6.39604954848445     
          17  2.146936447246134E-002   6.21721407493136     
          18  1.955710414307214E-002   6.36219737112467     
          19  1.684013085539485E-002   6.09137571421808     
          20  1.593107205265673E-002   6.37985553710638     
          21  1.477195019259926E-002   6.52867351329809     
          22  1.270196944865872E-002   6.15911678063080     
          23  1.205654594715774E-002   6.38413201405174     
          24  1.096706817139992E-002   6.31419677973376     
          25  1.055618198203908E-002   6.59619376941665     
          26  9.985462469112782E-003   6.75927277069800     
          27  8.745299590427490E-003   6.38541570775713     
          28  8.164597277466559E-003   6.40868331659555     
          29  7.495033274264224E-003   6.31046419002713     
          30  6.920129935389261E-003   6.23030283179738     
          31  6.514202874934056E-003   6.26251541198352     
          32  5.969333230405200E-003   6.11443720373279     
          33  5.799269310937613E-003   6.31296248954903     
          34  5.155575035450444E-003   5.96271073751706     
          35  4.785383914305876E-003   5.86465442342363     
          36  4.506788388441112E-003   5.84062891091608     
          37  4.137226519742405E-003   5.66697491862353     
          38  3.874035101007020E-003   5.59748060492825     
          39  3.515430224229609E-003   5.34884675979990     
          40  3.375540583336650E-003   5.39986552667190     
          41  3.210151164917551E-003   5.39835745358035     
          42  2.810222653649389E-003   4.96003479374490     
          43  2.755837594219701E-003   5.09845268930489     
          44  2.458367849927123E-003   4.76193216133039     
          45  2.401520051417147E-003   4.86501461906433     
          46  2.155889887067076E-003   4.56399045687840     
          47  2.051654999056665E-003   4.53170023402226     
          48  1.975936242269336E-003   4.55163816204359     
          49  1.820102417638369E-003   4.36977018187529     
          50  1.707696384687752E-003   4.27112006658982     
          51  1.549361691934080E-003   4.03063825803755     
          52  1.495808838445878E-003   4.04525239574469     
          53  1.382065850793682E-003   3.88319270732243     
          54  1.292115937499750E-003   3.76927350926321     
          55  1.187811773015925E-003   3.59383395675915     
          56  1.151253428019262E-003   3.60945418907984     
          57  1.093799362553081E-003   3.55436341032593     
          58  9.793197874979251E-004   3.29463770113498     
          59  9.131191110515598E-004   3.17871876166163     
          60  8.700519325210254E-004   3.13228276598599     
          61  8.181585009181398E-004   3.04506742871241     
          62  7.686215639898915E-004   2.95532467398852     
          63  7.037293743362802E-004   2.79310942730657     
          64  6.811006548753371E-004   2.78918137132945     
          65  6.378306670457192E-004   2.69467791331736     
          66  5.895147911253662E-004   2.56830099501771     
          67  5.544382095141367E-004   2.48912567993056     
          68  5.087112904631113E-004   2.35263279737345     
          69  4.888329341565272E-004   2.32766195602139     
          70  4.512011940829281E-004   2.21140201978606     
          71  4.202119776218462E-004   2.11823457987349     
          72  4.063709378086542E-004   2.10648251157577     
          73  3.763152127669692E-004   2.00543710825061     
          74  3.557523832061673E-004   1.94839358773623     
          75  3.258974293065665E-004   1.83336629238181     
          76  3.116677951563048E-004   1.80049545608788     
          77  2.912529795443825E-004   1.72705100355756     
          78  2.699489160676290E-004   1.64241363688118     
          79  2.540113346113038E-004   1.58513867195069     
          80  2.378480059659981E-004   1.52202426745311     
          81  2.272702893067911E-004   1.49102629368407     
          82  2.102252129177550E-004   1.41357368807878     
          83  1.956774264139635E-004   1.34804111900410     
          84  1.847382936867785E-004   1.30353712024705     
          85  1.759562076756467E-004   1.27131053579521     
          86  1.638844606501990E-004   1.21226243005442     
          87  1.522023307069876E-004   1.15209039041281     
          88  1.442629382966461E-004   1.11715512094292     
          89  1.361801264593934E-004   1.07872233430065     
          90  1.262326690121486E-004   1.02261211864688     
          91  1.183327550680739E-004  0.980048525312855     
          92  1.108690542142757E-004  0.938526436749825     
          93  1.045145668648714E-004  0.904012061470815     
          94  9.778663827716923E-005  0.864059216369882     
          95  9.082609820421486E-005  0.819632977117102     
          96  8.610131832337717E-005  0.793381382735903     
          97  8.121164498004950E-005  0.764051860116948     
          98  7.734742241471901E-005  0.742887711071460     
          99  7.085085704357005E-005  0.694449110310711     
         100  6.734259826398626E-005  0.673436750654582     
         101  6.317787941031595E-005  0.644481663139026     
         102  5.912703047123216E-005  0.615181567280208     
         103  5.578986223964407E-005  0.591912846103229     
         104  5.151731188526006E-005  0.557191005398104     
         105  4.948080801456186E-005  0.545490657701762     
         106  4.574119578141341E-005  0.513973845694606     
         107  4.280506443984109E-005  0.490069976444821     
         108  4.058491488832260E-005  0.473355865604302     
         109  3.842449815807836E-005  0.456525432415334     
         110  3.562584546605144E-005  0.431117852291425     
         111  3.304516013996512E-005  0.407151426009768     
         112  3.134404574530401E-005  0.393143810239423     
         113  2.946365101000647E-005  0.376206232677107     
         114  2.778160788560103E-005  0.361049762207296     
         115  2.583189456408902E-005  0.341626425292130     
         116  2.462350784745435E-005  0.331315147661535     
         117  2.305292531900014E-005  0.315588103460085     
         118  2.147028984664923E-005  0.298952827399961     
         119  2.014879936022099E-005  0.285294162724938     
         120  1.902877739487211E-005  0.273994179987900     
         121  1.793950157154742E-005  0.262637149536219     
         122  1.674612860389540E-005  0.249246648024819     
         123  1.574172983103696E-005  0.238158123053517     
         124  1.478640581826743E-005  0.227354204378900     
         125  1.408647590593568E-005  0.220108349742513     
         126  1.299924035305557E-005  0.206383877538893     
         127  1.221635123095249E-005  0.197035036839167     
         128  1.151576552213233E-005  0.188662199920843     
         129  1.095597423658422E-005  0.182314853115982     
         130  1.018187077198345E-005  0.172076374488367     
         131  9.514252391247246E-006  0.163271912891681     
         132  9.076426336497617E-006  0.158148113407902     
         133  8.440431045704728E-006  0.149305955783791     
         134  7.963787163794289E-006  0.143001454991785     
         135  7.471466638265767E-006  0.136168021017278     
         136  7.068662162794295E-006  0.130737460806283     
         137  6.687433220141590E-006  0.125518528937914     
         138  6.211038762712752E-006  0.118288313243794     
         139  5.886493571071020E-006  0.113732027329434     
         140  5.566719697810354E-006  0.109103310863305     
         141  5.218994622637422E-006  0.103758423469962     
         142  4.982423593144515E-006  0.100468709987064     
         143  4.606899380794981E-006  9.420568715596461E-002
         144  4.390411792481846E-006  9.103283188355531E-002
         145  4.152521262438989E-006  8.730106343128473E-002
         146  3.971461680176344E-006  8.465339352019657E-002
         147  3.699941522945331E-006  7.995187040917318E-002
         148  3.523167929071604E-006  7.717022995279010E-002
         149  3.354347099830457E-006  7.447288092247728E-002
         150  3.167512377527990E-006  7.127207099633802E-002
         151  3.005137465585599E-006  6.852203173667945E-002
         152  2.855377501739778E-006  6.597074682412234E-002
         153  2.730434694583840E-006  6.391602704999394E-002
         154  2.617377295900900E-006  6.207648835292760E-002
         155  2.459014529998942E-006  5.907916834486532E-002
         156  2.373147301453176E-006  5.775175113872991E-002
         157  2.286951765455859E-006  5.637157432837094E-002
         158  2.172481739897830E-006  5.423587129968085E-002
         159  2.092457100462287E-006  5.289759325665628E-002
         160  2.046262282240469E-006  5.238177511610053E-002
         161  1.987375575577211E-006  5.151619295888272E-002
         162  1.901233887018969E-006  4.989809239752434E-002
         163  1.882439642801921E-006  5.001615783504392E-002
         164  1.808610690459701E-006  4.864637067528816E-002
         165  1.800927923531682E-006  4.903240844028940E-002
         166  1.764973612156153E-006  4.863665855974556E-002
         167  1.776240103840406E-006  4.953819688984550E-002
         168  1.786759762267381E-006  5.043191738283316E-002
         169  1.826094510661978E-006  5.215871185398197E-002
         170  1.994176646544258E-006  5.764084557384286E-002
         171  3.303262956360329E-007  9.612397712760373E-003
         172  0.000000000000000E+000  0.000000000000000E+000
         173  0.000000000000000E+000  0.000000000000000E+000
         174  0.000000000000000E+000  0.000000000000000E+000
         175  0.000000000000000E+000  0.000000000000000E+000
         176  0.000000000000000E+000  0.000000000000000E+000
         177  0.000000000000000E+000  0.000000000000000E+000
         178  0.000000000000000E+000  0.000000000000000E+000
         179  0.000000000000000E+000  0.000000000000000E+000
         180  0.000000000000000E+000  0.000000000000000E+000
         181  0.000000000000000E+000  0.000000000000000E+000
         182  0.000000000000000E+000  0.000000000000000E+000
         183  0.000000000000000E+000  0.000000000000000E+000
         184  0.000000000000000E+000  0.000000000000000E+000
         185  0.000000000000000E+000  0.000000000000000E+000
         186  0.000000000000000E+000  0.000000000000000E+000
         187  0.000000000000000E+000  0.000000000000000E+000
         188  0.000000000000000E+000  0.000000000000000E+000
         189  0.000000000000000E+000  0.000000000000000E+000
         190  0.000000000000000E+000  0.000000000000000E+000
         191  0.000000000000000E+000  0.000000000000000E+000
         192  0.000000000000000E+000  0.000000000000000E+000
         193  0.000000000000000E+000  0.000000000000000E+000
         194  0.000000000000000E+000  0.000000000000000E+000
         195  0.000000000000000E+000  0.000000000000000E+000
         196  0.000000000000000E+000  0.000000000000000E+000
         197  0.000000000000000E+000  0.000000000000000E+000
         198  0.000000000000000E+000  0.000000000000000E+000
         199  0.000000000000000E+000  0.000000000000000E+000
         200  0.000000000000000E+000  0.000000000000000E+000
         201  0.000000000000000E+000  0.000000000000000E+000
         202  0.000000000000000E+000  0.000000000000000E+000
         203  0.000000000000000E+000  0.000000000000000E+000
         204  0.000000000000000E+000  0.000000000000000E+000
         205  0.000000000000000E+000  0.000000000000000E+000
         206  0.000000000000000E+000  0.000000000000000E+000
         207  0.000000000000000E+000  0.000000000000000E+000
         208  0.000000000000000E+000  0.000000000000000E+000
         209  0.000000000000000E+000  0.000000000000000E+000
         210  0.000000000000000E+000  0.000000000000000E+000
         211  0.000000000000000E+000  0.000000000000000E+000
         212  0.000000000000000E+000  0.000000000000000E+000
         213  0.000000000000000E+000  0.000000000000000E+000
         214  0.000000000000000E+000  0.000000000000000E+000
         215  0.000000000000000E+000  0.000000000000000E+000
         216  0.000000000000000E+000  0.000000000000000E+000
         217  0.000000000000000E+000  0.000000000000000E+000
         218  0.000000000000000E+000  0.000000000000000E+000
         219  0.000000000000000E+000  0.000000000000000E+000
         220  0.000000000000000E+000  0.000000000000000E+000
         221  0.000000000000000E+000  0.000000000000000E+000
         222  0.000000000000000E+000  0.000000000000000E+000
         223  0.000000000000000E+000  0.000000000000000E+000
         224  0.000000000000000E+000  0.000000000000000E+000
         225  0.000000000000000E+000  0.000000000000000E+000
         226  0.000000000000000E+000  0.000000000000000E+000
         227  0.000000000000000E+000  0.000000000000000E+000
         228  0.000000000000000E+000  0.000000000000000E+000
         229  0.000000000000000E+000  0.000000000000000E+000
         230  0.000000000000000E+000  0.000000000000000E+000
         231  0.000000000000000E+000  0.000000000000000E+000
         232  0.000000000000000E+000  0.000000000000000E+000
         233  0.000000000000000E+000  0.000000000000000E+000
         234  0.000000000000000E+000  0.000000000000000E+000
         235  0.000000000000000E+000  0.000000000000000E+000
         236  0.000000000000000E+000  0.000000000000000E+000
         237  0.000000000000000E+000  0.000000000000000E+000
         238  0.000000000000000E+000  0.000000000000000E+000
         239  0.000000000000000E+000  0.000000000000000E+000
         240  0.000000000000000E+000  0.000000000000000E+000
         241  0.000000000000000E+000  0.000000000000000E+000
         242  0.000000000000000E+000  0.000000000000000E+000
         243  0.000000000000000E+000  0.000000000000000E+000
         244  0.000000000000000E+000  0.000000000000000E+000
         245  0.000000000000000E+000  0.000000000000000E+000
         246  0.000000000000000E+000  0.000000000000000E+000
         247  0.000000000000000E+000  0.000000000000000E+000
         248  0.000000000000000E+000  0.000000000000000E+000
         249  0.000000000000000E+000  0.000000000000000E+000
         250  0.000000000000000E+000  0.000000000000000E+000
         251  0.000000000000000E+000  0.000000000000000E+000
         252  0.000000000000000E+000  0.000000000000000E+000
         253  0.000000000000000E+000  0.000000000000000E+000
         254  0.000000000000000E+000  0.000000000000000E+000
         255  0.000000000000000E+000  0.000000000000000E+000
         256  0.000000000000000E+000  0.000000000000000E+000
         257  0.000000000000000E+000  0.000000000000000E+000
         258  0.000000000000000E+000  0.000000000000000E+000
         259  0.000000000000000E+000  0.000000000000000E+000
         260  0.000000000000000E+000  0.000000000000000E+000
         261  0.000000000000000E+000  0.000000000000000E+000
         262  0.000000000000000E+000  0.000000000000000E+000
         263  0.000000000000000E+000  0.000000000000000E+000
         264  0.000000000000000E+000  0.000000000000000E+000
         265  0.000000000000000E+000  0.000000000000000E+000
         266  0.000000000000000E+000  0.000000000000000E+000
         267  0.000000000000000E+000  0.000000000000000E+000
         268  0.000000000000000E+000  0.000000000000000E+000
         269  0.000000000000000E+000  0.000000000000000E+000
         270  0.000000000000000E+000  0.000000000000000E+000
         271  0.000000000000000E+000  0.000000000000000E+000
         272  0.000000000000000E+000  0.000000000000000E+000
         273  0.000000000000000E+000  0.000000000000000E+000
         274  0.000000000000000E+000  0.000000000000000E+000
         275  0.000000000000000E+000  0.000000000000000E+000
         276  0.000000000000000E+000  0.000000000000000E+000
         277  0.000000000000000E+000  0.000000000000000E+000
         278  0.000000000000000E+000  0.000000000000000E+000
         279  0.000000000000000E+000  0.000000000000000E+000
         280  0.000000000000000E+000  0.000000000000000E+000
         281  0.000000000000000E+000  0.000000000000000E+000
         282  0.000000000000000E+000  0.000000000000000E+000
         283  0.000000000000000E+000  0.000000000000000E+000
         284  0.000000000000000E+000  0.000000000000000E+000
         285  0.000000000000000E+000  0.000000000000000E+000
         286  0.000000000000000E+000  0.000000000000000E+000
         287  0.000000000000000E+000  0.000000000000000E+000
         288  0.000000000000000E+000  0.000000000000000E+000
         289  0.000000000000000E+000  0.000000000000000E+000
         290  0.000000000000000E+000  0.000000000000000E+000
         291  0.000000000000000E+000  0.000000000000000E+000
         292  0.000000000000000E+000  0.000000000000000E+000
         293  0.000000000000000E+000  0.000000000000000E+000
         294  0.000000000000000E+000  0.000000000000000E+000
         295  0.000000000000000E+000  0.000000000000000E+000
         296  0.000000000000000E+000  0.000000000000000E+000
         297  0.000000000000000E+000  0.000000000000000E+000
         298  0.000000000000000E+000  0.000000000000000E+000
         299  0.000000000000000E+000  0.000000000000000E+000
         300  0.000000000000000E+000  0.000000000000000E+000
         301  0.000000000000000E+000  0.000000000000000E+000
         302  0.000000000000000E+000  0.000000000000000E+000
         303  0.000000000000000E+000  0.000000000000000E+000
         304  0.000000000000000E+000  0.000000000000000E+000
         305  0.000000000000000E+000  0.000000000000000E+000
         306  0.000000000000000E+000  0.000000000000000E+000
         307  0.000000000000000E+000  0.000000000000000E+000
         308  0.000000000000000E+000  0.000000000000000E+000
         309  0.000000000000000E+000  0.000000000000000E+000
         310  0.000000000000000E+000  0.000000000000000E+000
         311  0.000000000000000E+000  0.000000000000000E+000
         312  0.000000000000000E+000  0.000000000000000E+000
         313  0.000000000000000E+000  0.000000000000000E+000
         314  0.000000000000000E+000  0.000000000000000E+000
         315  0.000000000000000E+000  0.000000000000000E+000
         316  0.000000000000000E+000  0.000000000000000E+000
         317  0.000000000000000E+000  0.000000000000000E+000
         318  0.000000000000000E+000  0.000000000000000E+000
         319  0.000000000000000E+000  0.000000000000000E+000
         320  0.000000000000000E+000  0.000000000000000E+000
         321  0.000000000000000E+000  0.000000000000000E+000
         322  0.000000000000000E+000  0.000000000000000E+000
         323  0.000000000000000E+000  0.000000000000000E+000
         324  0.000000000000000E+000  0.000000000000000E+000
         325  0.000000000000000E+000  0.000000000000000E+000
         326  0.000000000000000E+000  0.000000000000000E+000
         327  0.000000000000000E+000  0.000000000000000E+000
         328  0.000000000000000E+000  0.000000000000000E+000
         329  0.000000000000000E+000  0.000000000000000E+000
         330  0.000000000000000E+000  0.000000000000000E+000
         331  0.000000000000000E+000  0.000000000000000E+000
         332  0.000000000000000E+000  0.000000000000000E+000
         333  0.000000000000000E+000  0.000000000000000E+000
         334  0.000000000000000E+000  0.000000000000000E+000
         335  0.000000000000000E+000  0.000000000000000E+000
         336  0.000000000000000E+000  0.000000000000000E+000
         337  0.000000000000000E+000  0.000000000000000E+000
         338  0.000000000000000E+000  0.000000000000000E+000
         339  0.000000000000000E+000  0.000000000000000E+000
         340  0.000000000000000E+000  0.000000000000000E+000
         341  0.000000000000000E+000  0.000000000000000E+000
         342  0.000000000000000E+000  0.000000000000000E+000
         343  0.000000000000000E+000  0.000000000000000E+000
         344  0.000000000000000E+000  0.000000000000000E+000
         345  0.000000000000000E+000  0.000000000000000E+000
         346  0.000000000000000E+000  0.000000000000000E+000
         347  0.000000000000000E+000  0.000000000000000E+000
         348  0.000000000000000E+000  0.000000000000000E+000
         349  0.000000000000000E+000  0.000000000000000E+000
         350  0.000000000000000E+000  0.000000000000000E+000
         351  0.000000000000000E+000  0.000000000000000E+000
         352  0.000000000000000E+000  0.000000000000000E+000
         353  0.000000000000000E+000  0.000000000000000E+000
         354  0.000000000000000E+000  0.000000000000000E+000
         355  0.000000000000000E+000  0.000000000000000E+000
         356  0.000000000000000E+000  0.000000000000000E+000
         357  0.000000000000000E+000  0.000000000000000E+000
         358  0.000000000000000E+000  0.000000000000000E+000
         359  0.000000000000000E+000  0.000000000000000E+000
         360  0.000000000000000E+000  0.000000000000000E+000
         361  0.000000000000000E+000  0.000000000000000E+000
         362  0.000000000000000E+000  0.000000000000000E+000
         363  0.000000000000000E+000  0.000000000000000E+000
         364  0.000000000000000E+000  0.000000000000000E+000
         365  0.000000000000000E+000  0.000000000000000E+000
         366  0.000000000000000E+000  0.000000000000000E+000
         367  0.000000000000000E+000  0.000000000000000E+000
         368  0.000000000000000E+000  0.000000000000000E+000
         369  0.000000000000000E+000  0.000000000000000E+000
         370  0.000000000000000E+000  0.000000000000000E+000
         371  0.000000000000000E+000  0.000000000000000E+000
         372  0.000000000000000E+000  0.000000000000000E+000
         373  0.000000000000000E+000  0.000000000000000E+000
         374  0.000000000000000E+000  0.000000000000000E+000
         375  0.000000000000000E+000  0.000000000000000E+000
         376  0.000000000000000E+000  0.000000000000000E+000
         377  0.000000000000000E+000  0.000000000000000E+000
         378  0.000000000000000E+000  0.000000000000000E+000
         379  0.000000000000000E+000  0.000000000000000E+000
         380  0.000000000000000E+000  0.000000000000000E+000
         381  0.000000000000000E+000  0.000000000000000E+000
         382  0.000000000000000E+000  0.000000000000000E+000
         383  0.000000000000000E+000  0.000000000000000E+000
         384  0.000000000000000E+000  0.000000000000000E+000
         385  0.000000000000000E+000  0.000000000000000E+000
         386  0.000000000000000E+000  0.000000000000000E+000
         387  0.000000000000000E+000  0.000000000000000E+000
         388  0.000000000000000E+000  0.000000000000000E+000
         389  0.000000000000000E+000  0.000000000000000E+000
         390  0.000000000000000E+000  0.000000000000000E+000
         391  0.000000000000000E+000  0.000000000000000E+000
         392  0.000000000000000E+000  0.000000000000000E+000
         393  0.000000000000000E+000  0.000000000000000E+000
         394  0.000000000000000E+000  0.000000000000000E+000
         395  0.000000000000000E+000  0.000000000000000E+000
         396  0.000000000000000E+000  0.000000000000000E+000
         397  0.000000000000000E+000  0.000000000000000E+000
         398  0.000000000000000E+000  0.000000000000000E+000
         399  0.000000000000000E+000  0.000000000000000E+000
         400  0.000000000000000E+000  0.000000000000000E+000
         401  0.000000000000000E+000  0.000000000000000E+000
         402  0.000000000000000E+000  0.000000000000000E+000
         403  0.000000000000000E+000  0.000000000000000E+000
         404  0.000000000000000E+000  0.000000000000000E+000
         405  0.000000000000000E+000  0.000000000000000E+000
         406  0.000000000000000E+000  0.000000000000000E+000
         407  0.000000000000000E+000  0.000000000000000E+000
         408  0.000000000000000E+000  0.000000000000000E+000
         409  0.000000000000000E+000  0.000000000000000E+000
         410  0.000000000000000E+000  0.000000000000000E+000
         411  0.000000000000000E+000  0.000000000000000E+000
         412  0.000000000000000E+000  0.000000000000000E+000
         413  0.000000000000000E+000  0.000000000000000E+000
         414  0.000000000000000E+000  0.000000000000000E+000
         415  0.000000000000000E+000  0.000000000000000E+000
         416  0.000000000000000E+000  0.000000000000000E+000
         417  0.000000000000000E+000  0.000000000000000E+000
         418  0.000000000000000E+000  0.000000000000000E+000
         419  0.000000000000000E+000  0.000000000000000E+000
         420  0.000000000000000E+000  0.000000000000000E+000
         421  0.000000000000000E+000  0.000000000000000E+000
         422  0.000000000000000E+000  0.000000000000000E+000
         423  0.000000000000000E+000  0.000000000000000E+000
         424  0.000000000000000E+000  0.000000000000000E+000
         425  0.000000000000000E+000  0.000000000000000E+000
         426  0.000000000000000E+000  0.000000000000000E+000
         427  0.000000000000000E+000  0.000000000000000E+000
         428  0.000000000000000E+000  0.000000000000000E+000
         429  0.000000000000000E+000  0.000000000000000E+000
         430  0.000000000000000E+000  0.000000000000000E+000
         431  0.000000000000000E+000  0.000000000000000E+000
         432  0.000000000000000E+000  0.000000000000000E+000
         433  0.000000000000000E+000  0.000000000000000E+000
         434  0.000000000000000E+000  0.000000000000000E+000
         435  0.000000000000000E+000  0.000000000000000E+000
         436  0.000000000000000E+000  0.000000000000000E+000
         437  0.000000000000000E+000  0.000000000000000E+000
         438  0.000000000000000E+000  0.000000000000000E+000
         439  0.000000000000000E+000  0.000000000000000E+000
         440  0.000000000000000E+000  0.000000000000000E+000
         441  0.000000000000000E+000  0.000000000000000E+000
         442  0.000000000000000E+000  0.000000000000000E+000
         443  0.000000000000000E+000  0.000000000000000E+000
         444  0.000000000000000E+000  0.000000000000000E+000
