           0  0.000000000000000E+000  0.000000000000000E+000
           1  0.584904400344408        1.16980880068882     
           2  0.716265117205985        3.19148899949476     
           3  0.182926945380907        1.78436114929483     
           4  0.215446329703468        3.45572971937776     
           5  0.140117203271348        3.54845654262976     
           6  9.037753644078018E-002   3.36021803834200     
           7  7.992486017058775E-002   3.96002747216603     
           8  6.723760496325863E-002   4.28108360015777     
           9  6.303091856142995E-002   5.16567310660893     
          10  4.532068365814663E-002   4.59202047083924     
          11  3.811464740815552E-002   4.66015294170325     
          12  3.756662703890037E-002   5.40378817411495     
          13  3.155556878678915E-002   5.34831054408633     
          14  2.837689691732804E-002   5.60051778008861     
          15  2.520090416181774E-002   5.67388507170516     
          16  2.382555788491041E-002   6.08389733929126     
          17  2.169213832094064E-002   6.28885751447886     
          18  1.980153615692255E-002   6.44690197039835     
          19  1.736317338626994E-002   6.27729506627919     
          20  1.597940973553926E-002   6.39435192851749     
          21  1.535625385058995E-002   6.78637405592395     
          22  1.336008164225553E-002   6.47947027955606     
          23  1.252703380983192E-002   6.63390692984000     
          24  1.159396175809304E-002   6.67916800270014     
          25  1.082210666561923E-002   6.76189104369492     
          26  1.002957396728939E-002   6.78343914156797     
          27  9.003197136298751E-003   6.57559030524283     
          28  8.622819830339549E-003   6.76829505773303     
          29  7.638789617207726E-003   6.43232061135711     
          30  7.108280938133739E-003   6.40131299018784     
          31  6.795968121675646E-003   6.53346048763363     
          32  5.961403087752750E-003   6.10407648980682     
          33  5.741388396665807E-003   6.25048878395256     
          34  5.413123723765127E-003   6.25975947506675     
          35  4.932305663837520E-003   6.04470636215112     
          36  4.685121561005676E-003   6.07294638084525     
          37  4.378944548915843E-003   5.99873772196598     
          38  4.085853676417584E-003   5.90336382139810     
          39  3.682616575085136E-003   5.60327309897494     
          40  3.526259357324881E-003   5.64150812613367     
          41  3.276726212033355E-003   5.51080250006418     
          42  2.951281392558415E-003   5.20830689107028     
          43  2.848280319192795E-003   5.26842979736730     
          44  2.597990913376154E-003   5.03120638643184     
          45  2.528037064660806E-003   5.12220538645902     
          46  2.256893249476340E-003   4.77756027130844     
          47  2.174475919813728E-003   4.80360818004525     
          48  2.085493775587524E-003   4.80398853087675     
          49  1.920777028395837E-003   4.61134422689029     
          50  1.810813932302223E-003   4.52915696090452     
          51  1.651563912711990E-003   4.29759578271130     
          52  1.568285425904424E-003   4.24171764422622     
          53  1.468240329796440E-003   4.12557546470193     
          54  1.355731765932830E-003   3.95457537648834     
          55  1.273986217842302E-003   3.85414172497496     
          56  1.218485284669605E-003   3.82021576291950     
          57  1.158922651972454E-003   3.76555220807265     
          58  1.056899873984378E-003   3.55629157654766     
          59  9.761051723699575E-004   3.39797606536875     
          60  9.466402204084133E-004   3.40816668766362     
          61  8.712915356556502E-004   3.24289371113857     
          62  8.218040866616586E-004   3.15955052808753     
          63  7.514340687559417E-004   2.98272937926134     
          64  7.214868349273006E-004   2.95452727167893     
          65  6.888197628492388E-004   2.91001709788989     
          66  6.319723890373100E-004   2.75304432486900     
          67  5.964591288874253E-004   2.67820607558943     
          68  5.505638567222451E-004   2.54623980104279     
          69  5.283210247776666E-004   2.51593981840351     
          70  4.849505025917431E-004   2.37652958014934     
          71  4.588317009200723E-004   2.31304672331214     
          72  4.333941986783174E-004   2.24656633730493     
          73  4.027552011320856E-004   2.14628135582469     
          74  3.842857824031365E-004   2.10454370038266     
          75  3.575967424041759E-004   2.01167027363768     
          76  3.391197715017613E-004   1.95892919145235     
          77  3.166891974275435E-004   1.87786383661025     
          78  2.947907849136112E-004   1.79371796693935     
          79  2.774161249414397E-004   1.73130214851185     
          80  2.627727241029581E-004   1.68145516275321     
          81  2.467099885207349E-004   1.61857414671966     
          82  2.301541236733522E-004   1.54759637108814     
          83  2.174337778217626E-004   1.49800395762402     
          84  2.039417396252342E-004   1.43904726175303     
          85  1.932682384423030E-004   1.39640649418738     
          86  1.825783998923160E-004   1.35047898473331     
          87  1.672743570729622E-004   1.26616980450736     
          88  1.584290817288179E-004   1.22686414952242     
          89  1.495949418628055E-004   1.18495328780856     
          90  1.412901081013541E-004   1.14458419744346     
          91  1.312732873653688E-004   1.08725049010748     
          92  1.237720047770905E-004   1.04773125826312     
          93  1.172369700568112E-004   1.01405683684231     
          94  1.093847792118574E-004  0.966529602123328     
          95  1.018073701833994E-004  0.918744737896710     
          96  9.647430487888279E-005  0.888923232845608     
          97  9.149947956108262E-005  0.860811296692301     
          98  8.662084382733920E-005  0.831951105898305     
          99  7.945951539351855E-005  0.778846843538765     
         100  7.541876882725936E-005  0.754205628243397     
         101  7.134905813895502E-005  0.727850867978723     
         102  6.654414288515121E-005  0.692358947459646     
         103  6.303665556027452E-005  0.668817328549417     
         104  5.824667467716299E-005  0.629986514052187     
         105  5.575363554143098E-005  0.614671256903045     
         106  5.167764278699386E-005  0.580694270102223     
         107  4.886756050650737E-005  0.559476279866916     
         108  4.564090482004693E-005  0.532327793327707     
         109  4.357657708640558E-005  0.517719763982848     
         110  4.042917496783325E-005  0.489243722776480     
         111  3.778166478279063E-005  0.465507109074782     
         112  3.610845781554967E-005  0.452906390965893     
         113  3.385586940432420E-005  0.432283046822404     
         114  3.223619544193442E-005  0.418952970047811     
         115  2.980366969152964E-005  0.394142009077354     
         116  2.822543869256565E-005  0.379780332648403     
         117  2.648445138551944E-005  0.362569406204894     
         118  2.464162462905719E-005  0.343118439462999     
         119  2.320886602551532E-005  0.328630794958531     
         120  2.212198908011306E-005  0.318527427042756     
         121  2.083199836516487E-005  0.304990410747563     
         122  1.951421872681871E-005  0.290448164799852     
         123  1.829703505465488E-005  0.276816426882560     
         124  1.714775934091765E-005  0.263659293575233     
         125  1.641852040471325E-005  0.256545501710332     
         126  1.518494327895469E-005  0.241089076050117     
         127  1.418697504996089E-005  0.228815871173752     
         128  1.357071285783245E-005  0.222326869464909     
         129  1.282744638669570E-005  0.213460333911203     
         130  1.195630035580717E-005  0.202070708419747     
         131  1.120227335009547E-005  0.192238479661160     
         132  1.070015589307338E-005  0.186439583570835     
         133  9.979852898033492E-006  0.176535912527852     
         134  9.406283584377931E-006  0.168902657804864     
         135  8.834512078747631E-006  0.161004808302887     
         136  8.375688702843935E-006  0.154913333453475     
         137  7.998843948571542E-006  0.150136253199385     
         138  7.390332595235541E-006  0.140746981222021     
         139  7.014817331128356E-006  0.135531798284476     
         140  6.663938948153764E-006  0.130605457067734     
         141  6.268676814755342E-006  0.124625374438007     
         142  5.955985480504464E-006  0.120100454325390     
         143  5.523189147196462E-006  0.112940706340736     
         144  5.301816324492353E-006  0.109932158144986     
         145  5.025475699336547E-006  0.105654874889576     
         146  4.770404530699327E-006  0.101683450628638     
         147  4.519933567266764E-006  9.766973919714081E-002
         148  4.290495784516477E-006  9.397929890926161E-002
         149  4.065373467335852E-006  9.025921008289245E-002
         150  3.839795563498754E-006  8.640042159902364E-002
         151  3.668383394900140E-006  8.364614588206688E-002
         152  3.499509400669661E-006  8.085177226878933E-002
         153  3.344920006376273E-006  7.830084991079875E-002
         154  3.213557399906731E-006  7.621626309723274E-002
         155  3.015285966378403E-006  7.244314125231084E-002
         156  2.936120833847072E-006  7.145152675734051E-002
         157  2.824720176516053E-006  6.962788178794757E-002
         158  2.691003320778368E-006  6.718027018313363E-002
         159  2.602043944273160E-006  6.578000044383724E-002
         160  2.531711096614120E-006  6.480893134281493E-002
         161  2.483560533373727E-006  6.437862419235801E-002
         162  2.369938218055781E-006  6.220002031430807E-002
         163  2.343972520068303E-006  6.227915477366887E-002
         164  2.267468288826415E-006  6.098745639683485E-002
         165  2.267771592047859E-006  6.174250340889320E-002
         166  2.223637099166269E-006  6.127613866934230E-002
         167  2.236506772178852E-006  6.237470184831006E-002
         168  2.251494415639326E-006  6.354964836015742E-002
         169  2.303480694462657E-006  6.579358608870942E-002
         170  2.511317352770065E-006  7.258815146637607E-002
         171  4.145878746016999E-007  1.206436129169817E-002
         172  0.000000000000000E+000  0.000000000000000E+000
         173  0.000000000000000E+000  0.000000000000000E+000
         174  0.000000000000000E+000  0.000000000000000E+000
         175  0.000000000000000E+000  0.000000000000000E+000
         176  0.000000000000000E+000  0.000000000000000E+000
         177  0.000000000000000E+000  0.000000000000000E+000
         178  0.000000000000000E+000  0.000000000000000E+000
         179  0.000000000000000E+000  0.000000000000000E+000
         180  0.000000000000000E+000  0.000000000000000E+000
         181  0.000000000000000E+000  0.000000000000000E+000
         182  0.000000000000000E+000  0.000000000000000E+000
         183  0.000000000000000E+000  0.000000000000000E+000
         184  0.000000000000000E+000  0.000000000000000E+000
         185  0.000000000000000E+000  0.000000000000000E+000
         186  0.000000000000000E+000  0.000000000000000E+000
         187  0.000000000000000E+000  0.000000000000000E+000
         188  0.000000000000000E+000  0.000000000000000E+000
         189  0.000000000000000E+000  0.000000000000000E+000
         190  0.000000000000000E+000  0.000000000000000E+000
         191  0.000000000000000E+000  0.000000000000000E+000
         192  0.000000000000000E+000  0.000000000000000E+000
         193  0.000000000000000E+000  0.000000000000000E+000
         194  0.000000000000000E+000  0.000000000000000E+000
         195  0.000000000000000E+000  0.000000000000000E+000
         196  0.000000000000000E+000  0.000000000000000E+000
         197  0.000000000000000E+000  0.000000000000000E+000
         198  0.000000000000000E+000  0.000000000000000E+000
         199  0.000000000000000E+000  0.000000000000000E+000
         200  0.000000000000000E+000  0.000000000000000E+000
         201  0.000000000000000E+000  0.000000000000000E+000
         202  0.000000000000000E+000  0.000000000000000E+000
         203  0.000000000000000E+000  0.000000000000000E+000
         204  0.000000000000000E+000  0.000000000000000E+000
         205  0.000000000000000E+000  0.000000000000000E+000
         206  0.000000000000000E+000  0.000000000000000E+000
         207  0.000000000000000E+000  0.000000000000000E+000
         208  0.000000000000000E+000  0.000000000000000E+000
         209  0.000000000000000E+000  0.000000000000000E+000
         210  0.000000000000000E+000  0.000000000000000E+000
         211  0.000000000000000E+000  0.000000000000000E+000
         212  0.000000000000000E+000  0.000000000000000E+000
         213  0.000000000000000E+000  0.000000000000000E+000
         214  0.000000000000000E+000  0.000000000000000E+000
         215  0.000000000000000E+000  0.000000000000000E+000
         216  0.000000000000000E+000  0.000000000000000E+000
         217  0.000000000000000E+000  0.000000000000000E+000
         218  0.000000000000000E+000  0.000000000000000E+000
         219  0.000000000000000E+000  0.000000000000000E+000
         220  0.000000000000000E+000  0.000000000000000E+000
         221  0.000000000000000E+000  0.000000000000000E+000
         222  0.000000000000000E+000  0.000000000000000E+000
         223  0.000000000000000E+000  0.000000000000000E+000
         224  0.000000000000000E+000  0.000000000000000E+000
         225  0.000000000000000E+000  0.000000000000000E+000
         226  0.000000000000000E+000  0.000000000000000E+000
         227  0.000000000000000E+000  0.000000000000000E+000
         228  0.000000000000000E+000  0.000000000000000E+000
         229  0.000000000000000E+000  0.000000000000000E+000
         230  0.000000000000000E+000  0.000000000000000E+000
         231  0.000000000000000E+000  0.000000000000000E+000
         232  0.000000000000000E+000  0.000000000000000E+000
         233  0.000000000000000E+000  0.000000000000000E+000
         234  0.000000000000000E+000  0.000000000000000E+000
         235  0.000000000000000E+000  0.000000000000000E+000
         236  0.000000000000000E+000  0.000000000000000E+000
         237  0.000000000000000E+000  0.000000000000000E+000
         238  0.000000000000000E+000  0.000000000000000E+000
         239  0.000000000000000E+000  0.000000000000000E+000
         240  0.000000000000000E+000  0.000000000000000E+000
         241  0.000000000000000E+000  0.000000000000000E+000
         242  0.000000000000000E+000  0.000000000000000E+000
         243  0.000000000000000E+000  0.000000000000000E+000
         244  0.000000000000000E+000  0.000000000000000E+000
         245  0.000000000000000E+000  0.000000000000000E+000
         246  0.000000000000000E+000  0.000000000000000E+000
         247  0.000000000000000E+000  0.000000000000000E+000
         248  0.000000000000000E+000  0.000000000000000E+000
         249  0.000000000000000E+000  0.000000000000000E+000
         250  0.000000000000000E+000  0.000000000000000E+000
         251  0.000000000000000E+000  0.000000000000000E+000
         252  0.000000000000000E+000  0.000000000000000E+000
         253  0.000000000000000E+000  0.000000000000000E+000
         254  0.000000000000000E+000  0.000000000000000E+000
         255  0.000000000000000E+000  0.000000000000000E+000
         256  0.000000000000000E+000  0.000000000000000E+000
         257  0.000000000000000E+000  0.000000000000000E+000
         258  0.000000000000000E+000  0.000000000000000E+000
         259  0.000000000000000E+000  0.000000000000000E+000
         260  0.000000000000000E+000  0.000000000000000E+000
         261  0.000000000000000E+000  0.000000000000000E+000
         262  0.000000000000000E+000  0.000000000000000E+000
         263  0.000000000000000E+000  0.000000000000000E+000
         264  0.000000000000000E+000  0.000000000000000E+000
         265  0.000000000000000E+000  0.000000000000000E+000
         266  0.000000000000000E+000  0.000000000000000E+000
         267  0.000000000000000E+000  0.000000000000000E+000
         268  0.000000000000000E+000  0.000000000000000E+000
         269  0.000000000000000E+000  0.000000000000000E+000
         270  0.000000000000000E+000  0.000000000000000E+000
         271  0.000000000000000E+000  0.000000000000000E+000
         272  0.000000000000000E+000  0.000000000000000E+000
         273  0.000000000000000E+000  0.000000000000000E+000
         274  0.000000000000000E+000  0.000000000000000E+000
         275  0.000000000000000E+000  0.000000000000000E+000
         276  0.000000000000000E+000  0.000000000000000E+000
         277  0.000000000000000E+000  0.000000000000000E+000
         278  0.000000000000000E+000  0.000000000000000E+000
         279  0.000000000000000E+000  0.000000000000000E+000
         280  0.000000000000000E+000  0.000000000000000E+000
         281  0.000000000000000E+000  0.000000000000000E+000
         282  0.000000000000000E+000  0.000000000000000E+000
         283  0.000000000000000E+000  0.000000000000000E+000
         284  0.000000000000000E+000  0.000000000000000E+000
         285  0.000000000000000E+000  0.000000000000000E+000
         286  0.000000000000000E+000  0.000000000000000E+000
         287  0.000000000000000E+000  0.000000000000000E+000
         288  0.000000000000000E+000  0.000000000000000E+000
         289  0.000000000000000E+000  0.000000000000000E+000
         290  0.000000000000000E+000  0.000000000000000E+000
         291  0.000000000000000E+000  0.000000000000000E+000
         292  0.000000000000000E+000  0.000000000000000E+000
         293  0.000000000000000E+000  0.000000000000000E+000
         294  0.000000000000000E+000  0.000000000000000E+000
         295  0.000000000000000E+000  0.000000000000000E+000
         296  0.000000000000000E+000  0.000000000000000E+000
         297  0.000000000000000E+000  0.000000000000000E+000
         298  0.000000000000000E+000  0.000000000000000E+000
         299  0.000000000000000E+000  0.000000000000000E+000
         300  0.000000000000000E+000  0.000000000000000E+000
         301  0.000000000000000E+000  0.000000000000000E+000
         302  0.000000000000000E+000  0.000000000000000E+000
         303  0.000000000000000E+000  0.000000000000000E+000
         304  0.000000000000000E+000  0.000000000000000E+000
         305  0.000000000000000E+000  0.000000000000000E+000
         306  0.000000000000000E+000  0.000000000000000E+000
         307  0.000000000000000E+000  0.000000000000000E+000
         308  0.000000000000000E+000  0.000000000000000E+000
         309  0.000000000000000E+000  0.000000000000000E+000
         310  0.000000000000000E+000  0.000000000000000E+000
         311  0.000000000000000E+000  0.000000000000000E+000
         312  0.000000000000000E+000  0.000000000000000E+000
         313  0.000000000000000E+000  0.000000000000000E+000
         314  0.000000000000000E+000  0.000000000000000E+000
         315  0.000000000000000E+000  0.000000000000000E+000
         316  0.000000000000000E+000  0.000000000000000E+000
         317  0.000000000000000E+000  0.000000000000000E+000
         318  0.000000000000000E+000  0.000000000000000E+000
         319  0.000000000000000E+000  0.000000000000000E+000
         320  0.000000000000000E+000  0.000000000000000E+000
         321  0.000000000000000E+000  0.000000000000000E+000
         322  0.000000000000000E+000  0.000000000000000E+000
         323  0.000000000000000E+000  0.000000000000000E+000
         324  0.000000000000000E+000  0.000000000000000E+000
         325  0.000000000000000E+000  0.000000000000000E+000
         326  0.000000000000000E+000  0.000000000000000E+000
         327  0.000000000000000E+000  0.000000000000000E+000
         328  0.000000000000000E+000  0.000000000000000E+000
         329  0.000000000000000E+000  0.000000000000000E+000
         330  0.000000000000000E+000  0.000000000000000E+000
         331  0.000000000000000E+000  0.000000000000000E+000
         332  0.000000000000000E+000  0.000000000000000E+000
         333  0.000000000000000E+000  0.000000000000000E+000
         334  0.000000000000000E+000  0.000000000000000E+000
         335  0.000000000000000E+000  0.000000000000000E+000
         336  0.000000000000000E+000  0.000000000000000E+000
         337  0.000000000000000E+000  0.000000000000000E+000
         338  0.000000000000000E+000  0.000000000000000E+000
         339  0.000000000000000E+000  0.000000000000000E+000
         340  0.000000000000000E+000  0.000000000000000E+000
         341  0.000000000000000E+000  0.000000000000000E+000
         342  0.000000000000000E+000  0.000000000000000E+000
         343  0.000000000000000E+000  0.000000000000000E+000
         344  0.000000000000000E+000  0.000000000000000E+000
         345  0.000000000000000E+000  0.000000000000000E+000
         346  0.000000000000000E+000  0.000000000000000E+000
         347  0.000000000000000E+000  0.000000000000000E+000
         348  0.000000000000000E+000  0.000000000000000E+000
         349  0.000000000000000E+000  0.000000000000000E+000
         350  0.000000000000000E+000  0.000000000000000E+000
         351  0.000000000000000E+000  0.000000000000000E+000
         352  0.000000000000000E+000  0.000000000000000E+000
         353  0.000000000000000E+000  0.000000000000000E+000
         354  0.000000000000000E+000  0.000000000000000E+000
         355  0.000000000000000E+000  0.000000000000000E+000
         356  0.000000000000000E+000  0.000000000000000E+000
         357  0.000000000000000E+000  0.000000000000000E+000
         358  0.000000000000000E+000  0.000000000000000E+000
         359  0.000000000000000E+000  0.000000000000000E+000
         360  0.000000000000000E+000  0.000000000000000E+000
         361  0.000000000000000E+000  0.000000000000000E+000
         362  0.000000000000000E+000  0.000000000000000E+000
         363  0.000000000000000E+000  0.000000000000000E+000
         364  0.000000000000000E+000  0.000000000000000E+000
         365  0.000000000000000E+000  0.000000000000000E+000
         366  0.000000000000000E+000  0.000000000000000E+000
         367  0.000000000000000E+000  0.000000000000000E+000
         368  0.000000000000000E+000  0.000000000000000E+000
         369  0.000000000000000E+000  0.000000000000000E+000
         370  0.000000000000000E+000  0.000000000000000E+000
         371  0.000000000000000E+000  0.000000000000000E+000
         372  0.000000000000000E+000  0.000000000000000E+000
         373  0.000000000000000E+000  0.000000000000000E+000
         374  0.000000000000000E+000  0.000000000000000E+000
         375  0.000000000000000E+000  0.000000000000000E+000
         376  0.000000000000000E+000  0.000000000000000E+000
         377  0.000000000000000E+000  0.000000000000000E+000
         378  0.000000000000000E+000  0.000000000000000E+000
         379  0.000000000000000E+000  0.000000000000000E+000
         380  0.000000000000000E+000  0.000000000000000E+000
         381  0.000000000000000E+000  0.000000000000000E+000
         382  0.000000000000000E+000  0.000000000000000E+000
         383  0.000000000000000E+000  0.000000000000000E+000
         384  0.000000000000000E+000  0.000000000000000E+000
         385  0.000000000000000E+000  0.000000000000000E+000
         386  0.000000000000000E+000  0.000000000000000E+000
         387  0.000000000000000E+000  0.000000000000000E+000
         388  0.000000000000000E+000  0.000000000000000E+000
         389  0.000000000000000E+000  0.000000000000000E+000
         390  0.000000000000000E+000  0.000000000000000E+000
         391  0.000000000000000E+000  0.000000000000000E+000
         392  0.000000000000000E+000  0.000000000000000E+000
         393  0.000000000000000E+000  0.000000000000000E+000
         394  0.000000000000000E+000  0.000000000000000E+000
         395  0.000000000000000E+000  0.000000000000000E+000
         396  0.000000000000000E+000  0.000000000000000E+000
         397  0.000000000000000E+000  0.000000000000000E+000
         398  0.000000000000000E+000  0.000000000000000E+000
         399  0.000000000000000E+000  0.000000000000000E+000
         400  0.000000000000000E+000  0.000000000000000E+000
         401  0.000000000000000E+000  0.000000000000000E+000
         402  0.000000000000000E+000  0.000000000000000E+000
         403  0.000000000000000E+000  0.000000000000000E+000
         404  0.000000000000000E+000  0.000000000000000E+000
         405  0.000000000000000E+000  0.000000000000000E+000
         406  0.000000000000000E+000  0.000000000000000E+000
         407  0.000000000000000E+000  0.000000000000000E+000
         408  0.000000000000000E+000  0.000000000000000E+000
         409  0.000000000000000E+000  0.000000000000000E+000
         410  0.000000000000000E+000  0.000000000000000E+000
         411  0.000000000000000E+000  0.000000000000000E+000
         412  0.000000000000000E+000  0.000000000000000E+000
         413  0.000000000000000E+000  0.000000000000000E+000
         414  0.000000000000000E+000  0.000000000000000E+000
         415  0.000000000000000E+000  0.000000000000000E+000
         416  0.000000000000000E+000  0.000000000000000E+000
         417  0.000000000000000E+000  0.000000000000000E+000
         418  0.000000000000000E+000  0.000000000000000E+000
         419  0.000000000000000E+000  0.000000000000000E+000
         420  0.000000000000000E+000  0.000000000000000E+000
         421  0.000000000000000E+000  0.000000000000000E+000
         422  0.000000000000000E+000  0.000000000000000E+000
         423  0.000000000000000E+000  0.000000000000000E+000
         424  0.000000000000000E+000  0.000000000000000E+000
         425  0.000000000000000E+000  0.000000000000000E+000
         426  0.000000000000000E+000  0.000000000000000E+000
         427  0.000000000000000E+000  0.000000000000000E+000
         428  0.000000000000000E+000  0.000000000000000E+000
         429  0.000000000000000E+000  0.000000000000000E+000
         430  0.000000000000000E+000  0.000000000000000E+000
         431  0.000000000000000E+000  0.000000000000000E+000
         432  0.000000000000000E+000  0.000000000000000E+000
         433  0.000000000000000E+000  0.000000000000000E+000
         434  0.000000000000000E+000  0.000000000000000E+000
         435  0.000000000000000E+000  0.000000000000000E+000
         436  0.000000000000000E+000  0.000000000000000E+000
         437  0.000000000000000E+000  0.000000000000000E+000
         438  0.000000000000000E+000  0.000000000000000E+000
         439  0.000000000000000E+000  0.000000000000000E+000
         440  0.000000000000000E+000  0.000000000000000E+000
         441  0.000000000000000E+000  0.000000000000000E+000
         442  0.000000000000000E+000  0.000000000000000E+000
         443  0.000000000000000E+000  0.000000000000000E+000
         444  0.000000000000000E+000  0.000000000000000E+000
