           0  0.000000000000000E+000  0.000000000000000E+000
           1  0.663190235326737        1.32638047065347     
           2  0.562277556555597        2.57104008151567     
           3  0.239206056242415        2.32285402402731     
           4  0.224873191025603        3.62379056008389     
           5  0.142274487024539        3.58330984445138     
           6  9.360091242578938E-002   3.43152936560718     
           7  8.393339060591419E-002   4.11219847371356     
           8  6.819369023692844E-002   4.36713018520521     
           9  6.724641554446310E-002   5.51318884776988     
          10  5.028048087943649E-002   5.08196522694654     
          11  4.029419078587775E-002   4.91887924594198     
          12  3.838425759053966E-002   5.53144941294456     
          13  3.424053778703021E-002   5.80646907578859     
          14  2.881192338816591E-002   5.66683184276075     
          15  2.611106940668952E-002   5.88334823602089     
          16  2.461049121732720E-002   6.27720534418116     
          17  2.266970867676135E-002   6.56592786415143     
          18  1.941541348567516E-002   6.31387696183484     
          19  1.788329873074451E-002   6.46771199605441     
          20  1.697473296268804E-002   6.79163550514276     
          21  1.604521724436287E-002   7.09041183693002     
          22  1.397376243057395E-002   6.77348125770039     
          23  1.286712799147043E-002   6.81517128071100     
          24  1.213667548326362E-002   6.99077703172438     
          25  1.140309932452068E-002   7.12315251386010     
          26  1.049981068265771E-002   7.10575869321622     
          27  9.190512610386940E-003   6.70975469094063     
          28  8.840980464202826E-003   6.93943365234644     
          29  8.114459718037410E-003   6.83407240086146     
          30  7.491266206195902E-003   6.74896887902953     
          31  7.123497533278907E-003   6.85183201731317     
          32  6.587331205650044E-003   6.74668977910084     
          33  6.249340397040568E-003   6.80420561214842     
          34  5.796094815488352E-003   6.70319169822649     
          35  5.138889414656097E-003   6.29747520742083     
          36  4.958971597478263E-003   6.42854035736663     
          37  4.490350778068762E-003   6.15161536868406     
          38  4.211911144544194E-003   6.08438644629001     
          39  3.849841690375413E-003   5.85667237461480     
          40  3.691380677481749E-003   5.90577576540178     
          41  3.457618280523486E-003   5.81420084376447     
          42  3.162315567074215E-003   5.58074764240057     
          43  3.014416613238496E-003   5.57640167544444     
          44  2.764342522533084E-003   5.35408126604504     
          45  2.701340722969914E-003   5.47236389983820     
          46  2.395382962884472E-003   5.07049905602377     
          47  2.284317296062999E-003   5.04624801581961     
          48  2.199641382159246E-003   5.06720015764941     
          49  2.022273053055925E-003   4.85546508761479     
          50  1.932020929727808E-003   4.83246379112098     
          51  1.749653746221630E-003   4.55291930495237     
          52  1.697155738200128E-003   4.58953542830083     
          53  1.564254090675599E-003   4.39506561576721     
          54  1.449039544104808E-003   4.22671050574067     
          55  1.354980252068351E-003   4.09959664161581     
          56  1.293466228575931E-003   4.05535285596805     
          57  1.220072194917419E-003   3.96446613780119     
          58  1.122930351530083E-003   3.77838932752712     
          59  1.041795653831936E-003   3.62637606275013     
          60  1.006617682881194E-003   3.62412317682905     
          61  9.357973953925377E-004   3.48286151041391     
          62  8.807905033069665E-004   3.38630972878530     
          63  7.983742491171552E-004   3.16853043140466     
          64  7.706899135466841E-004   3.15636575681971     
          65  7.422786389498716E-004   3.13596354152595     
          66  6.745234486221210E-004   2.93855415981301     
          67  6.411682913236660E-004   2.87879583364467     
          68  5.911972183126989E-004   2.73412624847098     
          69  5.614412486377477E-004   2.67342962568167     
          70  5.234563816461881E-004   2.56538748138465     
          71  4.907824558198329E-004   2.47393817966933     
          72  4.704701387572258E-004   2.43888191722022     
          73  4.334828974652340E-004   2.31007160582350     
          74  4.123198323440988E-004   2.25826746778543     
          75  3.828943099292388E-004   2.15391118558389     
          76  3.638011925890369E-004   2.10153004926712     
          77  3.436045634804719E-004   2.03765831730434     
          78  3.205773139216765E-004   1.95059581983072     
          79  3.029993130609625E-004   1.89085308857895     
          80  2.840834704337815E-004   1.81785871390240     
          81  2.700693186240794E-004   1.77182592509164     
          82  2.489619525344775E-004   1.67407349382782     
          83  2.365259997472920E-004   1.62947013218274     
          84  2.191359618167782E-004   1.54636297250776     
          85  2.107115391240876E-004   1.52240482843216     
          86  1.963213377261392E-004   1.45220218757127     
          87  1.837246929554635E-004   1.39068087047763     
          88  1.729961870287449E-004   1.33964566148851     
          89  1.645507622735854E-004   1.30345663989319     
          90  1.538095825249355E-004   1.24604060522030     
          91  1.440237646425083E-004   1.19284067859808     
          92  1.353748877709651E-004   1.14593974393925     
          93  1.274621043235601E-004   1.10253964704492     
          94  1.210210956449190E-004   1.06936479320638     
          95  1.122463649980973E-004   1.01294388773309     
          96  1.062879938924715E-004  0.979361180426451     
          97  1.008810576398845E-004  0.949081027412840     
          98  9.580413305639208E-005  0.920145225493919     
          99  8.812504190728183E-005  0.863776291523671     
         100  8.375995667780458E-005  0.837604300263652     
         101  7.915275383595400E-005  0.807471906356401     
         102  7.426470954516635E-005  0.772683628217299     
         103  6.926965585141902E-005  0.734959746351435     
         104  6.479354748062633E-005  0.700770877962530     
         105  6.209300961702326E-005  0.684545299689047     
         106  5.782825576845516E-005  0.649762092141121     
         107  5.424944144144560E-005  0.621099552958040     
         108  5.127592259803548E-005  0.598050989701618     
         109  4.858513570622883E-005  0.577263410704854     
         110  4.507465280055583E-005  0.545462845192252     
         111  4.219316526499565E-005  0.519859828922018     
         112  4.021407093476668E-005  0.504401370961345     
         113  3.801479167752840E-005  0.485368274186758     
         114  3.580104900729690E-005  0.465272689688899     
         115  3.324824552202750E-005  0.439701075730092     
         116  3.184042645507700E-005  0.428436348423694     
         117  2.985782530129534E-005  0.408740587391479     
         118  2.782235921465158E-005  0.387407425304140     
         119  2.639673620687551E-005  0.373771390989419     
         120  2.497014019326376E-005  0.359540888738192     
         121  2.342773549370455E-005  0.342986151700404     
         122  2.188147318297663E-005  0.325677208628608     
         123  2.068195082222659E-005  0.312900943418393     
         124  1.942102130387246E-005  0.298619978872204     
         125  1.855041823994794E-005  0.289860161351233     
         126  1.715106927245954E-005  0.272303632681795     
         127  1.616517203340352E-005  0.260723345917350     
         128  1.545014881618379E-005  0.253115638762889     
         129  1.455441794919661E-005  0.242201848871682     
         130  1.367963597102891E-005  0.231192811079939     
         131  1.276808760386041E-005  0.219108566427170     
         132  1.231452927036165E-005  0.214566666703800     
         133  1.143579754399624E-005  0.202291737667339     
         134  1.080383742841059E-005  0.193997032464921     
         135  1.012820376967846E-005  0.184585080452744     
         136  9.625067515067578E-006  0.178018372147247     
         137  9.186468561020856E-006  0.172422194508767     
         138  8.540477520368109E-006  0.162651620887410     
         139  8.073711864994674E-006  0.155989554790026     
         140  7.680343126420617E-006  0.150528105739864     
         141  7.257228582922627E-006  0.144279860619324     
         142  6.873138513040073E-006  0.138590762764995     
         143  6.440833808435167E-006  0.131707725982095     
         144  6.144443985855315E-006  0.127403417669893     
         145  5.840625192657088E-006  0.122792044175698     
         146  5.584519822720260E-006  0.119038271311704     
         147  5.247336559083268E-006  0.113387300635240     
         148  5.006463473696167E-006  0.109660909470616     
         149  4.777858518958498E-006  0.106078898055318     
         150  4.499921058053383E-006  0.101255335672661     
         151  4.296389518489354E-006  9.796526875771490E-002
         152  4.095544618210610E-006  9.462213154057816E-002
         153  3.920419057597816E-006  9.177389692209949E-002
         154  3.766843697686714E-006  8.933800987160967E-002
         155  3.563817791767966E-006  8.562272848719174E-002
         156  3.468082572540173E-006  8.439810324247922E-002
         157  3.338009537118400E-006  8.228014004321267E-002
         158  3.180665056846069E-006  7.940578302023432E-002
         159  3.079220186857287E-006  7.784509318253620E-002
         160  3.016817981213147E-006  7.722654248650541E-002
         161  2.951368518314085E-006  7.650495020252204E-002
         162  2.829795986045551E-006  7.426843947515623E-002
         163  2.792097849415022E-006  7.418675681601092E-002
         164  2.710506251516863E-006  7.290449982907676E-002
         165  2.714045066453178E-006  7.389373871230097E-002
         166  2.659309348503141E-006  7.328156337030797E-002
         167  2.678910318208443E-006  7.471312628239352E-002
         168  2.709148538162181E-006  7.646618642506163E-002
         169  2.774876300397680E-006  7.925776861842193E-002
         170  3.015489708159082E-006  8.716035082124114E-002
         171  4.937201386512707E-007  1.436721822963292E-002
         172  0.000000000000000E+000  0.000000000000000E+000
         173  0.000000000000000E+000  0.000000000000000E+000
         174  0.000000000000000E+000  0.000000000000000E+000
         175  0.000000000000000E+000  0.000000000000000E+000
         176  0.000000000000000E+000  0.000000000000000E+000
         177  0.000000000000000E+000  0.000000000000000E+000
         178  0.000000000000000E+000  0.000000000000000E+000
         179  0.000000000000000E+000  0.000000000000000E+000
         180  0.000000000000000E+000  0.000000000000000E+000
         181  0.000000000000000E+000  0.000000000000000E+000
         182  0.000000000000000E+000  0.000000000000000E+000
         183  0.000000000000000E+000  0.000000000000000E+000
         184  0.000000000000000E+000  0.000000000000000E+000
         185  0.000000000000000E+000  0.000000000000000E+000
         186  0.000000000000000E+000  0.000000000000000E+000
         187  0.000000000000000E+000  0.000000000000000E+000
         188  0.000000000000000E+000  0.000000000000000E+000
         189  0.000000000000000E+000  0.000000000000000E+000
         190  0.000000000000000E+000  0.000000000000000E+000
         191  0.000000000000000E+000  0.000000000000000E+000
         192  0.000000000000000E+000  0.000000000000000E+000
         193  0.000000000000000E+000  0.000000000000000E+000
         194  0.000000000000000E+000  0.000000000000000E+000
         195  0.000000000000000E+000  0.000000000000000E+000
         196  0.000000000000000E+000  0.000000000000000E+000
         197  0.000000000000000E+000  0.000000000000000E+000
         198  0.000000000000000E+000  0.000000000000000E+000
         199  0.000000000000000E+000  0.000000000000000E+000
         200  0.000000000000000E+000  0.000000000000000E+000
         201  0.000000000000000E+000  0.000000000000000E+000
         202  0.000000000000000E+000  0.000000000000000E+000
         203  0.000000000000000E+000  0.000000000000000E+000
         204  0.000000000000000E+000  0.000000000000000E+000
         205  0.000000000000000E+000  0.000000000000000E+000
         206  0.000000000000000E+000  0.000000000000000E+000
         207  0.000000000000000E+000  0.000000000000000E+000
         208  0.000000000000000E+000  0.000000000000000E+000
         209  0.000000000000000E+000  0.000000000000000E+000
         210  0.000000000000000E+000  0.000000000000000E+000
         211  0.000000000000000E+000  0.000000000000000E+000
         212  0.000000000000000E+000  0.000000000000000E+000
         213  0.000000000000000E+000  0.000000000000000E+000
         214  0.000000000000000E+000  0.000000000000000E+000
         215  0.000000000000000E+000  0.000000000000000E+000
         216  0.000000000000000E+000  0.000000000000000E+000
         217  0.000000000000000E+000  0.000000000000000E+000
         218  0.000000000000000E+000  0.000000000000000E+000
         219  0.000000000000000E+000  0.000000000000000E+000
         220  0.000000000000000E+000  0.000000000000000E+000
         221  0.000000000000000E+000  0.000000000000000E+000
         222  0.000000000000000E+000  0.000000000000000E+000
         223  0.000000000000000E+000  0.000000000000000E+000
         224  0.000000000000000E+000  0.000000000000000E+000
         225  0.000000000000000E+000  0.000000000000000E+000
         226  0.000000000000000E+000  0.000000000000000E+000
         227  0.000000000000000E+000  0.000000000000000E+000
         228  0.000000000000000E+000  0.000000000000000E+000
         229  0.000000000000000E+000  0.000000000000000E+000
         230  0.000000000000000E+000  0.000000000000000E+000
         231  0.000000000000000E+000  0.000000000000000E+000
         232  0.000000000000000E+000  0.000000000000000E+000
         233  0.000000000000000E+000  0.000000000000000E+000
         234  0.000000000000000E+000  0.000000000000000E+000
         235  0.000000000000000E+000  0.000000000000000E+000
         236  0.000000000000000E+000  0.000000000000000E+000
         237  0.000000000000000E+000  0.000000000000000E+000
         238  0.000000000000000E+000  0.000000000000000E+000
         239  0.000000000000000E+000  0.000000000000000E+000
         240  0.000000000000000E+000  0.000000000000000E+000
         241  0.000000000000000E+000  0.000000000000000E+000
         242  0.000000000000000E+000  0.000000000000000E+000
         243  0.000000000000000E+000  0.000000000000000E+000
         244  0.000000000000000E+000  0.000000000000000E+000
         245  0.000000000000000E+000  0.000000000000000E+000
         246  0.000000000000000E+000  0.000000000000000E+000
         247  0.000000000000000E+000  0.000000000000000E+000
         248  0.000000000000000E+000  0.000000000000000E+000
         249  0.000000000000000E+000  0.000000000000000E+000
         250  0.000000000000000E+000  0.000000000000000E+000
         251  0.000000000000000E+000  0.000000000000000E+000
         252  0.000000000000000E+000  0.000000000000000E+000
         253  0.000000000000000E+000  0.000000000000000E+000
         254  0.000000000000000E+000  0.000000000000000E+000
         255  0.000000000000000E+000  0.000000000000000E+000
         256  0.000000000000000E+000  0.000000000000000E+000
         257  0.000000000000000E+000  0.000000000000000E+000
         258  0.000000000000000E+000  0.000000000000000E+000
         259  0.000000000000000E+000  0.000000000000000E+000
         260  0.000000000000000E+000  0.000000000000000E+000
         261  0.000000000000000E+000  0.000000000000000E+000
         262  0.000000000000000E+000  0.000000000000000E+000
         263  0.000000000000000E+000  0.000000000000000E+000
         264  0.000000000000000E+000  0.000000000000000E+000
         265  0.000000000000000E+000  0.000000000000000E+000
         266  0.000000000000000E+000  0.000000000000000E+000
         267  0.000000000000000E+000  0.000000000000000E+000
         268  0.000000000000000E+000  0.000000000000000E+000
         269  0.000000000000000E+000  0.000000000000000E+000
         270  0.000000000000000E+000  0.000000000000000E+000
         271  0.000000000000000E+000  0.000000000000000E+000
         272  0.000000000000000E+000  0.000000000000000E+000
         273  0.000000000000000E+000  0.000000000000000E+000
         274  0.000000000000000E+000  0.000000000000000E+000
         275  0.000000000000000E+000  0.000000000000000E+000
         276  0.000000000000000E+000  0.000000000000000E+000
         277  0.000000000000000E+000  0.000000000000000E+000
         278  0.000000000000000E+000  0.000000000000000E+000
         279  0.000000000000000E+000  0.000000000000000E+000
         280  0.000000000000000E+000  0.000000000000000E+000
         281  0.000000000000000E+000  0.000000000000000E+000
         282  0.000000000000000E+000  0.000000000000000E+000
         283  0.000000000000000E+000  0.000000000000000E+000
         284  0.000000000000000E+000  0.000000000000000E+000
         285  0.000000000000000E+000  0.000000000000000E+000
         286  0.000000000000000E+000  0.000000000000000E+000
         287  0.000000000000000E+000  0.000000000000000E+000
         288  0.000000000000000E+000  0.000000000000000E+000
         289  0.000000000000000E+000  0.000000000000000E+000
         290  0.000000000000000E+000  0.000000000000000E+000
         291  0.000000000000000E+000  0.000000000000000E+000
         292  0.000000000000000E+000  0.000000000000000E+000
         293  0.000000000000000E+000  0.000000000000000E+000
         294  0.000000000000000E+000  0.000000000000000E+000
         295  0.000000000000000E+000  0.000000000000000E+000
         296  0.000000000000000E+000  0.000000000000000E+000
         297  0.000000000000000E+000  0.000000000000000E+000
         298  0.000000000000000E+000  0.000000000000000E+000
         299  0.000000000000000E+000  0.000000000000000E+000
         300  0.000000000000000E+000  0.000000000000000E+000
         301  0.000000000000000E+000  0.000000000000000E+000
         302  0.000000000000000E+000  0.000000000000000E+000
         303  0.000000000000000E+000  0.000000000000000E+000
         304  0.000000000000000E+000  0.000000000000000E+000
         305  0.000000000000000E+000  0.000000000000000E+000
         306  0.000000000000000E+000  0.000000000000000E+000
         307  0.000000000000000E+000  0.000000000000000E+000
         308  0.000000000000000E+000  0.000000000000000E+000
         309  0.000000000000000E+000  0.000000000000000E+000
         310  0.000000000000000E+000  0.000000000000000E+000
         311  0.000000000000000E+000  0.000000000000000E+000
         312  0.000000000000000E+000  0.000000000000000E+000
         313  0.000000000000000E+000  0.000000000000000E+000
         314  0.000000000000000E+000  0.000000000000000E+000
         315  0.000000000000000E+000  0.000000000000000E+000
         316  0.000000000000000E+000  0.000000000000000E+000
         317  0.000000000000000E+000  0.000000000000000E+000
         318  0.000000000000000E+000  0.000000000000000E+000
         319  0.000000000000000E+000  0.000000000000000E+000
         320  0.000000000000000E+000  0.000000000000000E+000
         321  0.000000000000000E+000  0.000000000000000E+000
         322  0.000000000000000E+000  0.000000000000000E+000
         323  0.000000000000000E+000  0.000000000000000E+000
         324  0.000000000000000E+000  0.000000000000000E+000
         325  0.000000000000000E+000  0.000000000000000E+000
         326  0.000000000000000E+000  0.000000000000000E+000
         327  0.000000000000000E+000  0.000000000000000E+000
         328  0.000000000000000E+000  0.000000000000000E+000
         329  0.000000000000000E+000  0.000000000000000E+000
         330  0.000000000000000E+000  0.000000000000000E+000
         331  0.000000000000000E+000  0.000000000000000E+000
         332  0.000000000000000E+000  0.000000000000000E+000
         333  0.000000000000000E+000  0.000000000000000E+000
         334  0.000000000000000E+000  0.000000000000000E+000
         335  0.000000000000000E+000  0.000000000000000E+000
         336  0.000000000000000E+000  0.000000000000000E+000
         337  0.000000000000000E+000  0.000000000000000E+000
         338  0.000000000000000E+000  0.000000000000000E+000
         339  0.000000000000000E+000  0.000000000000000E+000
         340  0.000000000000000E+000  0.000000000000000E+000
         341  0.000000000000000E+000  0.000000000000000E+000
         342  0.000000000000000E+000  0.000000000000000E+000
         343  0.000000000000000E+000  0.000000000000000E+000
         344  0.000000000000000E+000  0.000000000000000E+000
         345  0.000000000000000E+000  0.000000000000000E+000
         346  0.000000000000000E+000  0.000000000000000E+000
         347  0.000000000000000E+000  0.000000000000000E+000
         348  0.000000000000000E+000  0.000000000000000E+000
         349  0.000000000000000E+000  0.000000000000000E+000
         350  0.000000000000000E+000  0.000000000000000E+000
         351  0.000000000000000E+000  0.000000000000000E+000
         352  0.000000000000000E+000  0.000000000000000E+000
         353  0.000000000000000E+000  0.000000000000000E+000
         354  0.000000000000000E+000  0.000000000000000E+000
         355  0.000000000000000E+000  0.000000000000000E+000
         356  0.000000000000000E+000  0.000000000000000E+000
         357  0.000000000000000E+000  0.000000000000000E+000
         358  0.000000000000000E+000  0.000000000000000E+000
         359  0.000000000000000E+000  0.000000000000000E+000
         360  0.000000000000000E+000  0.000000000000000E+000
         361  0.000000000000000E+000  0.000000000000000E+000
         362  0.000000000000000E+000  0.000000000000000E+000
         363  0.000000000000000E+000  0.000000000000000E+000
         364  0.000000000000000E+000  0.000000000000000E+000
         365  0.000000000000000E+000  0.000000000000000E+000
         366  0.000000000000000E+000  0.000000000000000E+000
         367  0.000000000000000E+000  0.000000000000000E+000
         368  0.000000000000000E+000  0.000000000000000E+000
         369  0.000000000000000E+000  0.000000000000000E+000
         370  0.000000000000000E+000  0.000000000000000E+000
         371  0.000000000000000E+000  0.000000000000000E+000
         372  0.000000000000000E+000  0.000000000000000E+000
         373  0.000000000000000E+000  0.000000000000000E+000
         374  0.000000000000000E+000  0.000000000000000E+000
         375  0.000000000000000E+000  0.000000000000000E+000
         376  0.000000000000000E+000  0.000000000000000E+000
         377  0.000000000000000E+000  0.000000000000000E+000
         378  0.000000000000000E+000  0.000000000000000E+000
         379  0.000000000000000E+000  0.000000000000000E+000
         380  0.000000000000000E+000  0.000000000000000E+000
         381  0.000000000000000E+000  0.000000000000000E+000
         382  0.000000000000000E+000  0.000000000000000E+000
         383  0.000000000000000E+000  0.000000000000000E+000
         384  0.000000000000000E+000  0.000000000000000E+000
         385  0.000000000000000E+000  0.000000000000000E+000
         386  0.000000000000000E+000  0.000000000000000E+000
         387  0.000000000000000E+000  0.000000000000000E+000
         388  0.000000000000000E+000  0.000000000000000E+000
         389  0.000000000000000E+000  0.000000000000000E+000
         390  0.000000000000000E+000  0.000000000000000E+000
         391  0.000000000000000E+000  0.000000000000000E+000
         392  0.000000000000000E+000  0.000000000000000E+000
         393  0.000000000000000E+000  0.000000000000000E+000
         394  0.000000000000000E+000  0.000000000000000E+000
         395  0.000000000000000E+000  0.000000000000000E+000
         396  0.000000000000000E+000  0.000000000000000E+000
         397  0.000000000000000E+000  0.000000000000000E+000
         398  0.000000000000000E+000  0.000000000000000E+000
         399  0.000000000000000E+000  0.000000000000000E+000
         400  0.000000000000000E+000  0.000000000000000E+000
         401  0.000000000000000E+000  0.000000000000000E+000
         402  0.000000000000000E+000  0.000000000000000E+000
         403  0.000000000000000E+000  0.000000000000000E+000
         404  0.000000000000000E+000  0.000000000000000E+000
         405  0.000000000000000E+000  0.000000000000000E+000
         406  0.000000000000000E+000  0.000000000000000E+000
         407  0.000000000000000E+000  0.000000000000000E+000
         408  0.000000000000000E+000  0.000000000000000E+000
         409  0.000000000000000E+000  0.000000000000000E+000
         410  0.000000000000000E+000  0.000000000000000E+000
         411  0.000000000000000E+000  0.000000000000000E+000
         412  0.000000000000000E+000  0.000000000000000E+000
         413  0.000000000000000E+000  0.000000000000000E+000
         414  0.000000000000000E+000  0.000000000000000E+000
         415  0.000000000000000E+000  0.000000000000000E+000
         416  0.000000000000000E+000  0.000000000000000E+000
         417  0.000000000000000E+000  0.000000000000000E+000
         418  0.000000000000000E+000  0.000000000000000E+000
         419  0.000000000000000E+000  0.000000000000000E+000
         420  0.000000000000000E+000  0.000000000000000E+000
         421  0.000000000000000E+000  0.000000000000000E+000
         422  0.000000000000000E+000  0.000000000000000E+000
         423  0.000000000000000E+000  0.000000000000000E+000
         424  0.000000000000000E+000  0.000000000000000E+000
         425  0.000000000000000E+000  0.000000000000000E+000
         426  0.000000000000000E+000  0.000000000000000E+000
         427  0.000000000000000E+000  0.000000000000000E+000
         428  0.000000000000000E+000  0.000000000000000E+000
         429  0.000000000000000E+000  0.000000000000000E+000
         430  0.000000000000000E+000  0.000000000000000E+000
         431  0.000000000000000E+000  0.000000000000000E+000
         432  0.000000000000000E+000  0.000000000000000E+000
         433  0.000000000000000E+000  0.000000000000000E+000
         434  0.000000000000000E+000  0.000000000000000E+000
         435  0.000000000000000E+000  0.000000000000000E+000
         436  0.000000000000000E+000  0.000000000000000E+000
         437  0.000000000000000E+000  0.000000000000000E+000
         438  0.000000000000000E+000  0.000000000000000E+000
         439  0.000000000000000E+000  0.000000000000000E+000
         440  0.000000000000000E+000  0.000000000000000E+000
         441  0.000000000000000E+000  0.000000000000000E+000
         442  0.000000000000000E+000  0.000000000000000E+000
         443  0.000000000000000E+000  0.000000000000000E+000
         444  0.000000000000000E+000  0.000000000000000E+000
