           0  0.000000000000000E+000  0.000000000000000E+000
           1  0.644410052571041        1.28882010514208     
           2  0.620096308278148        2.96829593702333     
           3  0.252408933121777        2.41973522528340     
           4  0.216409046149416        3.43977883054555     
           5  0.148697023981555        3.75935473214570     
           6  9.908155269091282E-002   3.65052447742049     
           7  8.496239944868000E-002   4.21317402451516     
           8  6.359553847798061E-002   4.06331268430621     
           9  6.452631587896766E-002   5.28917064381496     
          10  4.716562859185086E-002   4.77154111109140     
          11  3.780966606163542E-002   4.62181775128676     
          12  3.780386302583498E-002   5.44536224061848     
          13  3.364863344326700E-002   5.69721683476617     
          14  2.848011599600788E-002   5.60769929940944     
          15  2.369590348890382E-002   5.33795428705648     
          16  2.423986257938827E-002   6.17900798452781     
          17  2.240125161759137E-002   6.48370551613257     
          18  1.925212738476502E-002   6.26180810523526     
          19  1.696842002443998E-002   6.14082124624922     
          20  1.586933259915500E-002   6.35209044284238     
          21  1.529925392595055E-002   6.76180959287012     
          22  1.345188540286067E-002   6.52546594796845     
          23  1.221048677515096E-002   6.46141041582360     
          24  1.104262716312041E-002   6.35928553972225     
          25  1.073348452604292E-002   6.70542064271930     
          26  9.835387589498744E-003   6.65667780833091     
          27  8.812757696170284E-003   6.43360783285155     
          28  8.338869966597219E-003   6.54470849266887     
          29  7.771349342222835E-003   6.54442904718049     
          30  7.119382975481739E-003   6.41185969083312     
          31  6.745081438003991E-003   6.48450811533346     
          32  6.122223710661054E-003   6.27084564588635     
          33  5.844220110782319E-003   6.36133060045884     
          34  5.395471468091044E-003   6.24110048648234     
          35  4.845191407826624E-003   5.93742884077929     
          36  4.611594438580701E-003   5.97921733392801     
          37  4.361857332781004E-003   5.97291041581538     
          38  3.992538408260005E-003   5.76751112825613     
          39  3.611677054516730E-003   5.49465782148174     
          40  3.525003178194808E-003   5.64005249109317     
          41  3.259808198910542E-003   5.48293925809794     
          42  3.001238477224598E-003   5.29768878813474     
          43  2.863362093067992E-003   5.29694091473051     
          44  2.601740481869636E-003   5.03858650808673     
          45  2.517539610867718E-003   5.10067443075359     
          46  2.247866860793017E-003   4.75955565436796     
          47  2.129304794991047E-003   4.70346302608318     
          48  2.053540555087342E-003   4.73054579060595     
          49  1.869258840627450E-003   4.48883564148293     
          50  1.776677543030478E-003   4.44318038356801     
          51  1.622453923329823E-003   4.22110024488061     
          52  1.563045149131202E-003   4.22750437882957     
          53  1.444685824892035E-003   4.05938861736783     
          54  1.335592342556141E-003   3.89538311739757     
          55  1.246584818883078E-003   3.77158745486918     
          56  1.179043287485534E-003   3.69683239394856     
          57  1.134949210787887E-003   3.68799665104443     
          58  1.031323804031082E-003   3.47050214466384     
          59  9.649208218173510E-004   3.35906948951465     
          60  9.297589428333668E-004   3.34743690570457     
          61  8.609665400713468E-004   3.20390534201059     
          62  8.029545328210150E-004   3.08740881660741     
          63  7.352316167809525E-004   2.91812070356236     
          64  7.098659365300366E-004   2.90692093358014     
          65  6.763971344592269E-004   2.85763346422332     
          66  6.226148392432969E-004   2.71247283224355     
          67  5.823849971439791E-004   2.61486379144421     
          68  5.422927302296822E-004   2.50783685036512     
          69  5.225329464314838E-004   2.48795509395715     
          70  4.739504987278210E-004   2.32283479867045     
          71  4.448523688083459E-004   2.24258088428820     
          72  4.281890527914134E-004   2.21957533115184     
          73  3.949493739220448E-004   2.10470855213746     
          74  3.750789164066118E-004   2.05421039967875     
          75  3.501758602139563E-004   1.96996521558382     
          76  3.267411378762695E-004   1.88751942485443     
          77  3.115792402800876E-004   1.84770280032792     
          78  2.884235175766293E-004   1.75489465189472     
          79  2.729986325364657E-004   1.70367142886637     
          80  2.567198659276984E-004   1.64270334869047     
          81  2.418127642388333E-004   1.58640644772041     
          82  2.272128940266230E-004   1.52780925966309     
          83  2.133494021145645E-004   1.46988550287168     
          84  1.986895043250520E-004   1.40190246772475     
          85  1.891102647025062E-004   1.36635411670816     
          86  1.763871703048633E-004   1.30476732748523     
          87  1.632194987400165E-004   1.23543011774757     
          88  1.550269564802037E-004   1.20052334280572     
          89  1.462245505397754E-004   1.15830501036564     
          90  1.373490187300331E-004   1.11265353443625     
          91  1.286166022646936E-004   1.06521102844740     
          92  1.205329163153978E-004   1.02028415783271     
          93  1.124059368770026E-004  0.972285660097315     
          94  1.064289781488406E-004  0.940434617061568     
          95  9.834294057700321E-005  0.887417339070863     
          96  9.260771886950948E-005  0.853340056901685     
          97  8.866672489746933E-005  0.834159545077888     
          98  8.348952434832675E-005  0.801893203973162     
          99  7.710638473630221E-005  0.755766118551796     
         100  7.332380643549879E-005  0.733234640479511     
         101  6.914531965136307E-005  0.705382199404292     
         102  6.490195448495466E-005  0.675265895656105     
         103  6.018748190969147E-005  0.638588558826897     
         104  5.629286129465369E-005  0.608852259686034     
         105  5.375359960130975E-005  0.592605330171791     
         106  4.992424332347474E-005  0.560959619526169     
         107  4.698712297393069E-005  0.537964318908811     
         108  4.446020262948356E-005  0.518562835435370     
         109  4.213708685857429E-005  0.500640644488605     
         110  3.906207707035690E-005  0.472711416667787     
         111  3.664280662108764E-005  0.451467467357032     
         112  3.454866200733135E-005  0.433334959679017     
         113  3.263375411786028E-005  0.416678668529102     
         114  3.062113334012529E-005  0.397965752319092     
         115  2.853913744917454E-005  0.377433637329073     
         116  2.719794251111061E-005  0.365966083339479     
         117  2.557241767649167E-005  0.350083026605998     
         118  2.366719201995744E-005  0.329546531400382     
         119  2.247729218619431E-005  0.318275975411445     
         120  2.121616483224435E-005  0.305484002221461     
         121  1.993269533387053E-005  0.291821206412500     
         122  1.855661068780537E-005  0.276189368059106     
         123  1.757987398171319E-005  0.265953171390639     
         124  1.644711259551524E-005  0.252891855119733     
         125  1.566986909426329E-005  0.244853415154464     
         126  1.452438009072106E-005  0.230598417200416     
         127  1.367769053192410E-005  0.220600746483253     
         128  1.293863408429184E-005  0.211972060658065     
         129  1.223657757738626E-005  0.203628432149728     
         130  1.140576023476218E-005  0.192763548851313     
         131  1.071211265320265E-005  0.183828302548756     
         132  1.021052667129875E-005  0.177908362117751     
         133  9.476869160605550E-006  0.167640286443984     
         134  8.966616566952230E-006  0.161006239537686     
         135  8.398237298192499E-006  0.153053498885837     
         136  7.994319441382624E-006  0.147860349962394     
         137  7.569594736782621E-006  0.142076172212551     
         138  7.051971088732187E-006  0.134305255744602     
         139  6.654268223783355E-006  0.128565970829735     
         140  6.286703522759303E-006  0.123214053467888     
         141  5.915557086246444E-006  0.117606481961207     
         142  5.673894651622888E-006  0.114411883006398     
         143  5.232907203574660E-006  0.107006140544133     
         144  4.960658462803198E-006  0.102855054951055     
         145  4.716801345572603E-006  9.916562798161038E-002
         146  4.502190633631299E-006  9.596743116021250E-002
         147  4.246688065739952E-006  9.176445604737299E-002
         148  4.047102188817087E-006  8.864605171822382E-002
         149  3.831012315302653E-006  8.505548487839168E-002
         150  3.636410877798295E-006  8.182396848950299E-002
         151  3.456029178508409E-006  7.880490970941532E-002
         152  3.288824019917482E-006  7.598449842551082E-002
         153  3.130426535190363E-006  7.328087519044413E-002
         154  3.003700029626846E-006  7.123743425190082E-002
         155  2.841375279174770E-006  6.826579014636232E-002
         156  2.743657059004429E-006  6.676872124922185E-002
         157  2.638386176838012E-006  6.503483745652948E-002
         158  2.516298296628105E-006  6.281907592850755E-002
         159  2.437688200619502E-006  6.162550909234452E-002
         160  2.370480212034280E-006  6.068112983846061E-002
         161  2.312540549383958E-006  5.994526921439139E-002
         162  2.212155545823398E-006  5.805862868724239E-002
         163  2.189960129162575E-006  5.818762682293068E-002
         164  2.108516276217863E-006  5.671287721352380E-002
         165  2.107261746857625E-006  5.737297370758108E-002
         166  2.059965946170699E-006  5.676592459079395E-002
         167  2.072585703918295E-006  5.780282841185578E-002
         168  2.090103709521881E-006  5.899364511041189E-002
         169  2.144566622748364E-006  6.125525302004763E-002
         170  2.317182261047493E-006  6.697630716327982E-002
         171  3.800888910402044E-007  1.106053477631678E-002
         172  0.000000000000000E+000  0.000000000000000E+000
         173  0.000000000000000E+000  0.000000000000000E+000
         174  0.000000000000000E+000  0.000000000000000E+000
         175  0.000000000000000E+000  0.000000000000000E+000
         176  0.000000000000000E+000  0.000000000000000E+000
         177  0.000000000000000E+000  0.000000000000000E+000
         178  0.000000000000000E+000  0.000000000000000E+000
         179  0.000000000000000E+000  0.000000000000000E+000
         180  0.000000000000000E+000  0.000000000000000E+000
         181  0.000000000000000E+000  0.000000000000000E+000
         182  0.000000000000000E+000  0.000000000000000E+000
         183  0.000000000000000E+000  0.000000000000000E+000
         184  0.000000000000000E+000  0.000000000000000E+000
         185  0.000000000000000E+000  0.000000000000000E+000
         186  0.000000000000000E+000  0.000000000000000E+000
         187  0.000000000000000E+000  0.000000000000000E+000
         188  0.000000000000000E+000  0.000000000000000E+000
         189  0.000000000000000E+000  0.000000000000000E+000
         190  0.000000000000000E+000  0.000000000000000E+000
         191  0.000000000000000E+000  0.000000000000000E+000
         192  0.000000000000000E+000  0.000000000000000E+000
         193  0.000000000000000E+000  0.000000000000000E+000
         194  0.000000000000000E+000  0.000000000000000E+000
         195  0.000000000000000E+000  0.000000000000000E+000
         196  0.000000000000000E+000  0.000000000000000E+000
         197  0.000000000000000E+000  0.000000000000000E+000
         198  0.000000000000000E+000  0.000000000000000E+000
         199  0.000000000000000E+000  0.000000000000000E+000
         200  0.000000000000000E+000  0.000000000000000E+000
         201  0.000000000000000E+000  0.000000000000000E+000
         202  0.000000000000000E+000  0.000000000000000E+000
         203  0.000000000000000E+000  0.000000000000000E+000
         204  0.000000000000000E+000  0.000000000000000E+000
         205  0.000000000000000E+000  0.000000000000000E+000
         206  0.000000000000000E+000  0.000000000000000E+000
         207  0.000000000000000E+000  0.000000000000000E+000
         208  0.000000000000000E+000  0.000000000000000E+000
         209  0.000000000000000E+000  0.000000000000000E+000
         210  0.000000000000000E+000  0.000000000000000E+000
         211  0.000000000000000E+000  0.000000000000000E+000
         212  0.000000000000000E+000  0.000000000000000E+000
         213  0.000000000000000E+000  0.000000000000000E+000
         214  0.000000000000000E+000  0.000000000000000E+000
         215  0.000000000000000E+000  0.000000000000000E+000
         216  0.000000000000000E+000  0.000000000000000E+000
         217  0.000000000000000E+000  0.000000000000000E+000
         218  0.000000000000000E+000  0.000000000000000E+000
         219  0.000000000000000E+000  0.000000000000000E+000
         220  0.000000000000000E+000  0.000000000000000E+000
         221  0.000000000000000E+000  0.000000000000000E+000
         222  0.000000000000000E+000  0.000000000000000E+000
         223  0.000000000000000E+000  0.000000000000000E+000
         224  0.000000000000000E+000  0.000000000000000E+000
         225  0.000000000000000E+000  0.000000000000000E+000
         226  0.000000000000000E+000  0.000000000000000E+000
         227  0.000000000000000E+000  0.000000000000000E+000
         228  0.000000000000000E+000  0.000000000000000E+000
         229  0.000000000000000E+000  0.000000000000000E+000
         230  0.000000000000000E+000  0.000000000000000E+000
         231  0.000000000000000E+000  0.000000000000000E+000
         232  0.000000000000000E+000  0.000000000000000E+000
         233  0.000000000000000E+000  0.000000000000000E+000
         234  0.000000000000000E+000  0.000000000000000E+000
         235  0.000000000000000E+000  0.000000000000000E+000
         236  0.000000000000000E+000  0.000000000000000E+000
         237  0.000000000000000E+000  0.000000000000000E+000
         238  0.000000000000000E+000  0.000000000000000E+000
         239  0.000000000000000E+000  0.000000000000000E+000
         240  0.000000000000000E+000  0.000000000000000E+000
         241  0.000000000000000E+000  0.000000000000000E+000
         242  0.000000000000000E+000  0.000000000000000E+000
         243  0.000000000000000E+000  0.000000000000000E+000
         244  0.000000000000000E+000  0.000000000000000E+000
         245  0.000000000000000E+000  0.000000000000000E+000
         246  0.000000000000000E+000  0.000000000000000E+000
         247  0.000000000000000E+000  0.000000000000000E+000
         248  0.000000000000000E+000  0.000000000000000E+000
         249  0.000000000000000E+000  0.000000000000000E+000
         250  0.000000000000000E+000  0.000000000000000E+000
         251  0.000000000000000E+000  0.000000000000000E+000
         252  0.000000000000000E+000  0.000000000000000E+000
         253  0.000000000000000E+000  0.000000000000000E+000
         254  0.000000000000000E+000  0.000000000000000E+000
         255  0.000000000000000E+000  0.000000000000000E+000
         256  0.000000000000000E+000  0.000000000000000E+000
         257  0.000000000000000E+000  0.000000000000000E+000
         258  0.000000000000000E+000  0.000000000000000E+000
         259  0.000000000000000E+000  0.000000000000000E+000
         260  0.000000000000000E+000  0.000000000000000E+000
         261  0.000000000000000E+000  0.000000000000000E+000
         262  0.000000000000000E+000  0.000000000000000E+000
         263  0.000000000000000E+000  0.000000000000000E+000
         264  0.000000000000000E+000  0.000000000000000E+000
         265  0.000000000000000E+000  0.000000000000000E+000
         266  0.000000000000000E+000  0.000000000000000E+000
         267  0.000000000000000E+000  0.000000000000000E+000
         268  0.000000000000000E+000  0.000000000000000E+000
         269  0.000000000000000E+000  0.000000000000000E+000
         270  0.000000000000000E+000  0.000000000000000E+000
         271  0.000000000000000E+000  0.000000000000000E+000
         272  0.000000000000000E+000  0.000000000000000E+000
         273  0.000000000000000E+000  0.000000000000000E+000
         274  0.000000000000000E+000  0.000000000000000E+000
         275  0.000000000000000E+000  0.000000000000000E+000
         276  0.000000000000000E+000  0.000000000000000E+000
         277  0.000000000000000E+000  0.000000000000000E+000
         278  0.000000000000000E+000  0.000000000000000E+000
         279  0.000000000000000E+000  0.000000000000000E+000
         280  0.000000000000000E+000  0.000000000000000E+000
         281  0.000000000000000E+000  0.000000000000000E+000
         282  0.000000000000000E+000  0.000000000000000E+000
         283  0.000000000000000E+000  0.000000000000000E+000
         284  0.000000000000000E+000  0.000000000000000E+000
         285  0.000000000000000E+000  0.000000000000000E+000
         286  0.000000000000000E+000  0.000000000000000E+000
         287  0.000000000000000E+000  0.000000000000000E+000
         288  0.000000000000000E+000  0.000000000000000E+000
         289  0.000000000000000E+000  0.000000000000000E+000
         290  0.000000000000000E+000  0.000000000000000E+000
         291  0.000000000000000E+000  0.000000000000000E+000
         292  0.000000000000000E+000  0.000000000000000E+000
         293  0.000000000000000E+000  0.000000000000000E+000
         294  0.000000000000000E+000  0.000000000000000E+000
         295  0.000000000000000E+000  0.000000000000000E+000
         296  0.000000000000000E+000  0.000000000000000E+000
         297  0.000000000000000E+000  0.000000000000000E+000
         298  0.000000000000000E+000  0.000000000000000E+000
         299  0.000000000000000E+000  0.000000000000000E+000
         300  0.000000000000000E+000  0.000000000000000E+000
         301  0.000000000000000E+000  0.000000000000000E+000
         302  0.000000000000000E+000  0.000000000000000E+000
         303  0.000000000000000E+000  0.000000000000000E+000
         304  0.000000000000000E+000  0.000000000000000E+000
         305  0.000000000000000E+000  0.000000000000000E+000
         306  0.000000000000000E+000  0.000000000000000E+000
         307  0.000000000000000E+000  0.000000000000000E+000
         308  0.000000000000000E+000  0.000000000000000E+000
         309  0.000000000000000E+000  0.000000000000000E+000
         310  0.000000000000000E+000  0.000000000000000E+000
         311  0.000000000000000E+000  0.000000000000000E+000
         312  0.000000000000000E+000  0.000000000000000E+000
         313  0.000000000000000E+000  0.000000000000000E+000
         314  0.000000000000000E+000  0.000000000000000E+000
         315  0.000000000000000E+000  0.000000000000000E+000
         316  0.000000000000000E+000  0.000000000000000E+000
         317  0.000000000000000E+000  0.000000000000000E+000
         318  0.000000000000000E+000  0.000000000000000E+000
         319  0.000000000000000E+000  0.000000000000000E+000
         320  0.000000000000000E+000  0.000000000000000E+000
         321  0.000000000000000E+000  0.000000000000000E+000
         322  0.000000000000000E+000  0.000000000000000E+000
         323  0.000000000000000E+000  0.000000000000000E+000
         324  0.000000000000000E+000  0.000000000000000E+000
         325  0.000000000000000E+000  0.000000000000000E+000
         326  0.000000000000000E+000  0.000000000000000E+000
         327  0.000000000000000E+000  0.000000000000000E+000
         328  0.000000000000000E+000  0.000000000000000E+000
         329  0.000000000000000E+000  0.000000000000000E+000
         330  0.000000000000000E+000  0.000000000000000E+000
         331  0.000000000000000E+000  0.000000000000000E+000
         332  0.000000000000000E+000  0.000000000000000E+000
         333  0.000000000000000E+000  0.000000000000000E+000
         334  0.000000000000000E+000  0.000000000000000E+000
         335  0.000000000000000E+000  0.000000000000000E+000
         336  0.000000000000000E+000  0.000000000000000E+000
         337  0.000000000000000E+000  0.000000000000000E+000
         338  0.000000000000000E+000  0.000000000000000E+000
         339  0.000000000000000E+000  0.000000000000000E+000
         340  0.000000000000000E+000  0.000000000000000E+000
         341  0.000000000000000E+000  0.000000000000000E+000
         342  0.000000000000000E+000  0.000000000000000E+000
         343  0.000000000000000E+000  0.000000000000000E+000
         344  0.000000000000000E+000  0.000000000000000E+000
         345  0.000000000000000E+000  0.000000000000000E+000
         346  0.000000000000000E+000  0.000000000000000E+000
         347  0.000000000000000E+000  0.000000000000000E+000
         348  0.000000000000000E+000  0.000000000000000E+000
         349  0.000000000000000E+000  0.000000000000000E+000
         350  0.000000000000000E+000  0.000000000000000E+000
         351  0.000000000000000E+000  0.000000000000000E+000
         352  0.000000000000000E+000  0.000000000000000E+000
         353  0.000000000000000E+000  0.000000000000000E+000
         354  0.000000000000000E+000  0.000000000000000E+000
         355  0.000000000000000E+000  0.000000000000000E+000
         356  0.000000000000000E+000  0.000000000000000E+000
         357  0.000000000000000E+000  0.000000000000000E+000
         358  0.000000000000000E+000  0.000000000000000E+000
         359  0.000000000000000E+000  0.000000000000000E+000
         360  0.000000000000000E+000  0.000000000000000E+000
         361  0.000000000000000E+000  0.000000000000000E+000
         362  0.000000000000000E+000  0.000000000000000E+000
         363  0.000000000000000E+000  0.000000000000000E+000
         364  0.000000000000000E+000  0.000000000000000E+000
         365  0.000000000000000E+000  0.000000000000000E+000
         366  0.000000000000000E+000  0.000000000000000E+000
         367  0.000000000000000E+000  0.000000000000000E+000
         368  0.000000000000000E+000  0.000000000000000E+000
         369  0.000000000000000E+000  0.000000000000000E+000
         370  0.000000000000000E+000  0.000000000000000E+000
         371  0.000000000000000E+000  0.000000000000000E+000
         372  0.000000000000000E+000  0.000000000000000E+000
         373  0.000000000000000E+000  0.000000000000000E+000
         374  0.000000000000000E+000  0.000000000000000E+000
         375  0.000000000000000E+000  0.000000000000000E+000
         376  0.000000000000000E+000  0.000000000000000E+000
         377  0.000000000000000E+000  0.000000000000000E+000
         378  0.000000000000000E+000  0.000000000000000E+000
         379  0.000000000000000E+000  0.000000000000000E+000
         380  0.000000000000000E+000  0.000000000000000E+000
         381  0.000000000000000E+000  0.000000000000000E+000
         382  0.000000000000000E+000  0.000000000000000E+000
         383  0.000000000000000E+000  0.000000000000000E+000
         384  0.000000000000000E+000  0.000000000000000E+000
         385  0.000000000000000E+000  0.000000000000000E+000
         386  0.000000000000000E+000  0.000000000000000E+000
         387  0.000000000000000E+000  0.000000000000000E+000
         388  0.000000000000000E+000  0.000000000000000E+000
         389  0.000000000000000E+000  0.000000000000000E+000
         390  0.000000000000000E+000  0.000000000000000E+000
         391  0.000000000000000E+000  0.000000000000000E+000
         392  0.000000000000000E+000  0.000000000000000E+000
         393  0.000000000000000E+000  0.000000000000000E+000
         394  0.000000000000000E+000  0.000000000000000E+000
         395  0.000000000000000E+000  0.000000000000000E+000
         396  0.000000000000000E+000  0.000000000000000E+000
         397  0.000000000000000E+000  0.000000000000000E+000
         398  0.000000000000000E+000  0.000000000000000E+000
         399  0.000000000000000E+000  0.000000000000000E+000
         400  0.000000000000000E+000  0.000000000000000E+000
         401  0.000000000000000E+000  0.000000000000000E+000
         402  0.000000000000000E+000  0.000000000000000E+000
         403  0.000000000000000E+000  0.000000000000000E+000
         404  0.000000000000000E+000  0.000000000000000E+000
         405  0.000000000000000E+000  0.000000000000000E+000
         406  0.000000000000000E+000  0.000000000000000E+000
         407  0.000000000000000E+000  0.000000000000000E+000
         408  0.000000000000000E+000  0.000000000000000E+000
         409  0.000000000000000E+000  0.000000000000000E+000
         410  0.000000000000000E+000  0.000000000000000E+000
         411  0.000000000000000E+000  0.000000000000000E+000
         412  0.000000000000000E+000  0.000000000000000E+000
         413  0.000000000000000E+000  0.000000000000000E+000
         414  0.000000000000000E+000  0.000000000000000E+000
         415  0.000000000000000E+000  0.000000000000000E+000
         416  0.000000000000000E+000  0.000000000000000E+000
         417  0.000000000000000E+000  0.000000000000000E+000
         418  0.000000000000000E+000  0.000000000000000E+000
         419  0.000000000000000E+000  0.000000000000000E+000
         420  0.000000000000000E+000  0.000000000000000E+000
         421  0.000000000000000E+000  0.000000000000000E+000
         422  0.000000000000000E+000  0.000000000000000E+000
         423  0.000000000000000E+000  0.000000000000000E+000
         424  0.000000000000000E+000  0.000000000000000E+000
         425  0.000000000000000E+000  0.000000000000000E+000
         426  0.000000000000000E+000  0.000000000000000E+000
         427  0.000000000000000E+000  0.000000000000000E+000
         428  0.000000000000000E+000  0.000000000000000E+000
         429  0.000000000000000E+000  0.000000000000000E+000
         430  0.000000000000000E+000  0.000000000000000E+000
         431  0.000000000000000E+000  0.000000000000000E+000
         432  0.000000000000000E+000  0.000000000000000E+000
         433  0.000000000000000E+000  0.000000000000000E+000
         434  0.000000000000000E+000  0.000000000000000E+000
         435  0.000000000000000E+000  0.000000000000000E+000
         436  0.000000000000000E+000  0.000000000000000E+000
         437  0.000000000000000E+000  0.000000000000000E+000
         438  0.000000000000000E+000  0.000000000000000E+000
         439  0.000000000000000E+000  0.000000000000000E+000
         440  0.000000000000000E+000  0.000000000000000E+000
         441  0.000000000000000E+000  0.000000000000000E+000
         442  0.000000000000000E+000  0.000000000000000E+000
         443  0.000000000000000E+000  0.000000000000000E+000
         444  0.000000000000000E+000  0.000000000000000E+000
