           0  0.000000000000000E+000  0.000000000000000E+000
           1  0.567564336418317       0.848681011954576     
           2  0.598504778302300        2.83327909546857     
           3  0.190704792453837        1.81990323826657     
           4  0.157426969326166        2.52719298749721     
           5  0.120333257499011        3.07146013153761     
           6  7.067767694723301E-002   2.61696026559467     
           7  6.405467839709865E-002   3.16452745739007     
           8  5.028955998456890E-002   3.21958885842411     
           9  5.297650608830112E-002   4.31586589038244     
          10  4.127138171316269E-002   4.18638183739806     
          11  3.233242533473814E-002   3.93733232596339     
          12  3.081047008703904E-002   4.45564661796072     
          13  2.867201681825409E-002   4.86071780279572     
          14  2.528034506990124E-002   4.97656973777054     
          15  2.026180553645330E-002   4.56455586538033     
          16  2.133197393334727E-002   5.45216306714083     
          17  1.869794709537539E-002   5.41682816779162     
          18  1.757512764608733E-002   5.71576452107343     
          19  1.470994590619470E-002   5.32282092390366     
          20  1.415878034177939E-002   5.66714086791585     
          21  1.334861111445748E-002   5.90096635655597     
          22  1.188069949900013E-002   5.76426287302574     
          23  1.091756317054778E-002   5.77978594013793     
          24  1.011486932863358E-002   5.82427964741147     
          25  9.613842720824561E-003   6.00856256541589     
          26  8.857176891021229E-003   5.99698211013868     
          27  8.092014760195934E-003   5.90604093875861     
          28  7.733719319982128E-003   6.07190472692784     
          29  7.091358800063462E-003   5.97037508006166     
          30  6.605253980857086E-003   5.95131835776972     
          31  6.212107776080842E-003   5.97291792814762     
          32  5.729349259982719E-003   5.86824914642324     
          33  5.344992515730205E-003   5.82161382845739     
          34  5.072778352478911E-003   5.86614131619889     
          35  4.555226800784263E-003   5.58405339208661     
          36  4.444637017393629E-003   5.76262758795360     
          37  4.107869886722014E-003   5.62761544970677     
          38  3.907607685860628E-003   5.64645411974896     
          39  3.553991592187653E-003   5.40741881788535     
          40  3.423221791880593E-003   5.47717504635275     
          41  3.254927663037975E-003   5.47325409829191     
          42  2.953724945769184E-003   5.21370030741340     
          43  2.847223401123135E-003   5.26710481620232     
          44  2.621638737783115E-003   5.07771672228442     
          45  2.546451700845785E-003   5.15863607918981     
          46  2.300381298482235E-003   4.86943235739328     
          47  2.189911551054006E-003   4.83724398601375     
          48  2.105386608687343E-003   4.84978825344664     
          49  1.981898227490341E-003   4.75953868901276     
          50  1.879381117089854E-003   4.70052674299128     
          51  1.720069794133150E-003   4.47589373002730     
          52  1.648541360997109E-003   4.45893928118280     
          53  1.561215630450813E-003   4.38735435665914     
          54  1.452263891099210E-003   4.23680528025995     
          55  1.379776062041193E-003   4.17379888280069     
          56  1.317387889718439E-003   4.13087333720389     
          57  1.264758591994936E-003   4.10960574229123     
          58  1.166439256729467E-003   3.92484495714226     
          59  1.098212368605161E-003   3.82316226772407     
          60  1.056572523922100E-003   3.80372911190632     
          61  9.884227505033182E-004   3.67879018571650     
          62  9.457615975159999E-004   3.63638450683690     
          63  8.716550349100889E-004   3.45947835968058     
          64  8.491068763177217E-004   3.47701210780240     
          65  8.065008784939551E-004   3.40762916743793     
          66  7.464821141849156E-004   3.25228899899071     
          67  7.210457426722164E-004   3.23744707918908     
          68  6.677159615860050E-004   3.08803952396263     
          69  6.490911823350404E-004   3.09105879169496     
          70  6.043973810058405E-004   2.96229441482819     
          71  5.736913465744899E-004   2.89236154877336     
          72  5.563507674316061E-004   2.88418038149008     
          73  5.182013523127865E-004   2.76147776752438     
          74  5.014878064499213E-004   2.74638772904292     
          75  4.585788108997120E-004   2.58005498207783     
          76  4.439453035859900E-004   2.56447109835479     
          77  4.233622549991791E-004   2.51042189385145     
          78  3.935954203030595E-004   2.39484245072332     
          79  3.807764337268947E-004   2.37645135280939     
          80  3.594278212163877E-004   2.30011519058672     
          81  3.464909685639419E-004   2.27329875428957     
          82  3.280451142167769E-004   2.20593073755175     
          83  3.096226976837678E-004   2.13322288911352     
          84  2.920491608377959E-004   2.06072803880256     
          85  2.812901421840028E-004   2.03239469135577     
          86  2.656419087662639E-004   1.96489095052375     
          87  2.513701207911976E-004   1.90285540344273     
          88  2.400032526060170E-004   1.85862927182204     
          89  2.279160863204159E-004   1.80537925596197     
          90  2.192555569361478E-004   1.77617512693223     
          91  2.065256707155851E-004   1.71052473665459     
          92  1.979945466121028E-004   1.67598080709748     
          93  1.885271761676706E-004   1.63073458689020     
          94  1.783233721792435E-004   1.57567508513773     
          95  1.683324569634217E-004   1.51908349237572     
          96  1.614520212547439E-004   1.48771234030407     
          97  1.543873533181023E-004   1.45251863495933     
          98  1.477334332262299E-004   1.41894550247304     
          99  1.378526175642453E-004   1.35127593677342     
         100  1.337255940395007E-004   1.33732030797004     
         101  1.269893582942968E-004   1.29543300366942     
         102  1.214255504090682E-004   1.26340304293370     
         103  1.152610381474020E-004   1.22297085133541     
         104  1.080196331823410E-004   1.16829416853972     
         105  1.056984246649263E-004   1.16530590800760     
         106  9.958241364030481E-005   1.11899135245385     
         107  9.474232022334088E-005   1.08474051433124     
         108  9.076894422968227E-005   1.05867321712712     
         109  8.712845802750119E-005   1.03521940914007     
         110  8.248733192279488E-005  0.998237615400088     
         111  7.862018041921054E-005  0.968667270305486     
         112  7.512109775323002E-005  0.942253201691443     
         113  7.180592455012883E-005  0.916874609704073     
         114  6.860721017370067E-005  0.891662263571140     
         115  6.499123176020172E-005  0.859514398342459     
         116  6.266265196837029E-005  0.843148292132621     
         117  5.981420744754580E-005  0.818857309636045     
         118  5.648969162694719E-005  0.786616123502636     
         119  5.401220268384427E-005  0.764833967242858     
         120  5.238669542992543E-005  0.754335941631217     
         121  4.964125404426080E-005  0.726802749868149     
         122  4.741706379025635E-005  0.705788289378529     
         123  4.519660999651053E-005  0.683791466396452     
         124  4.305311320128624E-005  0.662010360000622     
         125  4.176555032822204E-005  0.652615271031747     
         126  3.928512088571755E-005  0.623743725893598     
         127  3.795748336818325E-005  0.612219090812264     
         128  3.623974717947452E-005  0.593723556818528     
         129  3.505893214189304E-005  0.583420229972642     
         130  3.332409372506164E-005  0.563213851678773     
         131  3.160734506162506E-005  0.542421291791766     
         132  3.077767902180588E-005  0.536274957564994     
         133  2.931600398168985E-005  0.518605712227637     
         134  2.821133114046080E-005  0.506594958590566     
         135  2.684938442606301E-005  0.489341934370665     
         136  2.596935253741457E-005  0.480315952560070     
         137  2.519085964880899E-005  0.472826013770465     
         138  2.401157139183269E-005  0.457307697628645     
         139  2.295787439239387E-005  0.443579198672181     
         140  2.241881753841714E-005  0.439401184501547     
         141  2.150806084199331E-005  0.427605170543874     
         142  2.086501402229899E-005  0.420736067547711     
         143  1.985504166298688E-005  0.406021621185713     
         144  1.932167288452935E-005  0.400634111313230     
         145  1.880102727098442E-005  0.395269250051312     
         146  1.821159033648807E-005  0.388193669989464     
         147  1.751022236602436E-005  0.378394210786174     
         148  1.703516296554602E-005  0.373149674235918     
         149  1.663483513261724E-005  0.369327263200704     
         150  1.606546101409491E-005  0.361507380478762     
         151  1.563645716590439E-005  0.356550370301629     
         152  1.530665689461052E-005  0.353649596201058     
         153  1.504723719127047E-005  0.352247930721937     
         154  1.476377094024649E-005  0.350157832033815     
         155  1.441279634039150E-005  0.346281008154280     
         156  1.419876670045935E-005  0.345547236826713     
         157  1.411101995765013E-005  0.347838072758446     
         158  1.396987813828720E-005  0.348763688365323     
         159  1.381760479414248E-005  0.349325671166779     
         160  1.382432308391536E-005  0.353899257568691     
         161  1.395485913702968E-005  0.361743125211623     
         162  1.384391007153747E-005  0.363348068192655     
         163  1.408443928389195E-005  0.374243861311829     
         164  1.417633307872886E-005  0.381312514102047     
         165  1.463895658274443E-005  0.398576151788586     
         166  1.495019990878280E-005  0.411997366153125     
         167  1.558846890270818E-005  0.434766662093085     
         168  1.634076208918126E-005  0.461239230959360     
         169  1.761948652125130E-005  0.503285636033862     
         170  2.018649778420116E-005  0.583513504964434     
         171  3.436045219454476E-006  9.998838101509311E-002
         172  0.000000000000000E+000  0.000000000000000E+000
         173  0.000000000000000E+000  0.000000000000000E+000
         174  0.000000000000000E+000  0.000000000000000E+000
         175  0.000000000000000E+000  0.000000000000000E+000
         176  0.000000000000000E+000  0.000000000000000E+000
         177  0.000000000000000E+000  0.000000000000000E+000
         178  0.000000000000000E+000  0.000000000000000E+000
         179  0.000000000000000E+000  0.000000000000000E+000
         180  0.000000000000000E+000  0.000000000000000E+000
         181  0.000000000000000E+000  0.000000000000000E+000
         182  0.000000000000000E+000  0.000000000000000E+000
         183  0.000000000000000E+000  0.000000000000000E+000
         184  0.000000000000000E+000  0.000000000000000E+000
         185  0.000000000000000E+000  0.000000000000000E+000
         186  0.000000000000000E+000  0.000000000000000E+000
         187  0.000000000000000E+000  0.000000000000000E+000
         188  0.000000000000000E+000  0.000000000000000E+000
         189  0.000000000000000E+000  0.000000000000000E+000
         190  0.000000000000000E+000  0.000000000000000E+000
         191  0.000000000000000E+000  0.000000000000000E+000
         192  0.000000000000000E+000  0.000000000000000E+000
         193  0.000000000000000E+000  0.000000000000000E+000
         194  0.000000000000000E+000  0.000000000000000E+000
         195  0.000000000000000E+000  0.000000000000000E+000
         196  0.000000000000000E+000  0.000000000000000E+000
         197  0.000000000000000E+000  0.000000000000000E+000
         198  0.000000000000000E+000  0.000000000000000E+000
         199  0.000000000000000E+000  0.000000000000000E+000
         200  0.000000000000000E+000  0.000000000000000E+000
         201  0.000000000000000E+000  0.000000000000000E+000
         202  0.000000000000000E+000  0.000000000000000E+000
         203  0.000000000000000E+000  0.000000000000000E+000
         204  0.000000000000000E+000  0.000000000000000E+000
         205  0.000000000000000E+000  0.000000000000000E+000
         206  0.000000000000000E+000  0.000000000000000E+000
         207  0.000000000000000E+000  0.000000000000000E+000
         208  0.000000000000000E+000  0.000000000000000E+000
         209  0.000000000000000E+000  0.000000000000000E+000
         210  0.000000000000000E+000  0.000000000000000E+000
         211  0.000000000000000E+000  0.000000000000000E+000
         212  0.000000000000000E+000  0.000000000000000E+000
         213  0.000000000000000E+000  0.000000000000000E+000
         214  0.000000000000000E+000  0.000000000000000E+000
         215  0.000000000000000E+000  0.000000000000000E+000
         216  0.000000000000000E+000  0.000000000000000E+000
         217  0.000000000000000E+000  0.000000000000000E+000
         218  0.000000000000000E+000  0.000000000000000E+000
         219  0.000000000000000E+000  0.000000000000000E+000
         220  0.000000000000000E+000  0.000000000000000E+000
         221  0.000000000000000E+000  0.000000000000000E+000
         222  0.000000000000000E+000  0.000000000000000E+000
         223  0.000000000000000E+000  0.000000000000000E+000
         224  0.000000000000000E+000  0.000000000000000E+000
         225  0.000000000000000E+000  0.000000000000000E+000
         226  0.000000000000000E+000  0.000000000000000E+000
         227  0.000000000000000E+000  0.000000000000000E+000
         228  0.000000000000000E+000  0.000000000000000E+000
         229  0.000000000000000E+000  0.000000000000000E+000
         230  0.000000000000000E+000  0.000000000000000E+000
         231  0.000000000000000E+000  0.000000000000000E+000
         232  0.000000000000000E+000  0.000000000000000E+000
         233  0.000000000000000E+000  0.000000000000000E+000
         234  0.000000000000000E+000  0.000000000000000E+000
         235  0.000000000000000E+000  0.000000000000000E+000
         236  0.000000000000000E+000  0.000000000000000E+000
         237  0.000000000000000E+000  0.000000000000000E+000
         238  0.000000000000000E+000  0.000000000000000E+000
         239  0.000000000000000E+000  0.000000000000000E+000
         240  0.000000000000000E+000  0.000000000000000E+000
         241  0.000000000000000E+000  0.000000000000000E+000
         242  0.000000000000000E+000  0.000000000000000E+000
         243  0.000000000000000E+000  0.000000000000000E+000
         244  0.000000000000000E+000  0.000000000000000E+000
         245  0.000000000000000E+000  0.000000000000000E+000
         246  0.000000000000000E+000  0.000000000000000E+000
         247  0.000000000000000E+000  0.000000000000000E+000
         248  0.000000000000000E+000  0.000000000000000E+000
         249  0.000000000000000E+000  0.000000000000000E+000
         250  0.000000000000000E+000  0.000000000000000E+000
         251  0.000000000000000E+000  0.000000000000000E+000
         252  0.000000000000000E+000  0.000000000000000E+000
         253  0.000000000000000E+000  0.000000000000000E+000
         254  0.000000000000000E+000  0.000000000000000E+000
         255  0.000000000000000E+000  0.000000000000000E+000
         256  0.000000000000000E+000  0.000000000000000E+000
         257  0.000000000000000E+000  0.000000000000000E+000
         258  0.000000000000000E+000  0.000000000000000E+000
         259  0.000000000000000E+000  0.000000000000000E+000
         260  0.000000000000000E+000  0.000000000000000E+000
         261  0.000000000000000E+000  0.000000000000000E+000
         262  0.000000000000000E+000  0.000000000000000E+000
         263  0.000000000000000E+000  0.000000000000000E+000
         264  0.000000000000000E+000  0.000000000000000E+000
         265  0.000000000000000E+000  0.000000000000000E+000
         266  0.000000000000000E+000  0.000000000000000E+000
         267  0.000000000000000E+000  0.000000000000000E+000
         268  0.000000000000000E+000  0.000000000000000E+000
         269  0.000000000000000E+000  0.000000000000000E+000
         270  0.000000000000000E+000  0.000000000000000E+000
         271  0.000000000000000E+000  0.000000000000000E+000
         272  0.000000000000000E+000  0.000000000000000E+000
         273  0.000000000000000E+000  0.000000000000000E+000
         274  0.000000000000000E+000  0.000000000000000E+000
         275  0.000000000000000E+000  0.000000000000000E+000
         276  0.000000000000000E+000  0.000000000000000E+000
         277  0.000000000000000E+000  0.000000000000000E+000
         278  0.000000000000000E+000  0.000000000000000E+000
         279  0.000000000000000E+000  0.000000000000000E+000
         280  0.000000000000000E+000  0.000000000000000E+000
         281  0.000000000000000E+000  0.000000000000000E+000
         282  0.000000000000000E+000  0.000000000000000E+000
         283  0.000000000000000E+000  0.000000000000000E+000
         284  0.000000000000000E+000  0.000000000000000E+000
         285  0.000000000000000E+000  0.000000000000000E+000
         286  0.000000000000000E+000  0.000000000000000E+000
         287  0.000000000000000E+000  0.000000000000000E+000
         288  0.000000000000000E+000  0.000000000000000E+000
         289  0.000000000000000E+000  0.000000000000000E+000
         290  0.000000000000000E+000  0.000000000000000E+000
         291  0.000000000000000E+000  0.000000000000000E+000
         292  0.000000000000000E+000  0.000000000000000E+000
         293  0.000000000000000E+000  0.000000000000000E+000
         294  0.000000000000000E+000  0.000000000000000E+000
         295  0.000000000000000E+000  0.000000000000000E+000
         296  0.000000000000000E+000  0.000000000000000E+000
         297  0.000000000000000E+000  0.000000000000000E+000
         298  0.000000000000000E+000  0.000000000000000E+000
         299  0.000000000000000E+000  0.000000000000000E+000
         300  0.000000000000000E+000  0.000000000000000E+000
         301  0.000000000000000E+000  0.000000000000000E+000
         302  0.000000000000000E+000  0.000000000000000E+000
         303  0.000000000000000E+000  0.000000000000000E+000
         304  0.000000000000000E+000  0.000000000000000E+000
         305  0.000000000000000E+000  0.000000000000000E+000
         306  0.000000000000000E+000  0.000000000000000E+000
         307  0.000000000000000E+000  0.000000000000000E+000
         308  0.000000000000000E+000  0.000000000000000E+000
         309  0.000000000000000E+000  0.000000000000000E+000
         310  0.000000000000000E+000  0.000000000000000E+000
         311  0.000000000000000E+000  0.000000000000000E+000
         312  0.000000000000000E+000  0.000000000000000E+000
         313  0.000000000000000E+000  0.000000000000000E+000
         314  0.000000000000000E+000  0.000000000000000E+000
         315  0.000000000000000E+000  0.000000000000000E+000
         316  0.000000000000000E+000  0.000000000000000E+000
         317  0.000000000000000E+000  0.000000000000000E+000
         318  0.000000000000000E+000  0.000000000000000E+000
         319  0.000000000000000E+000  0.000000000000000E+000
         320  0.000000000000000E+000  0.000000000000000E+000
         321  0.000000000000000E+000  0.000000000000000E+000
         322  0.000000000000000E+000  0.000000000000000E+000
         323  0.000000000000000E+000  0.000000000000000E+000
         324  0.000000000000000E+000  0.000000000000000E+000
         325  0.000000000000000E+000  0.000000000000000E+000
         326  0.000000000000000E+000  0.000000000000000E+000
         327  0.000000000000000E+000  0.000000000000000E+000
         328  0.000000000000000E+000  0.000000000000000E+000
         329  0.000000000000000E+000  0.000000000000000E+000
         330  0.000000000000000E+000  0.000000000000000E+000
         331  0.000000000000000E+000  0.000000000000000E+000
         332  0.000000000000000E+000  0.000000000000000E+000
         333  0.000000000000000E+000  0.000000000000000E+000
         334  0.000000000000000E+000  0.000000000000000E+000
         335  0.000000000000000E+000  0.000000000000000E+000
         336  0.000000000000000E+000  0.000000000000000E+000
         337  0.000000000000000E+000  0.000000000000000E+000
         338  0.000000000000000E+000  0.000000000000000E+000
         339  0.000000000000000E+000  0.000000000000000E+000
         340  0.000000000000000E+000  0.000000000000000E+000
         341  0.000000000000000E+000  0.000000000000000E+000
         342  0.000000000000000E+000  0.000000000000000E+000
         343  0.000000000000000E+000  0.000000000000000E+000
         344  0.000000000000000E+000  0.000000000000000E+000
         345  0.000000000000000E+000  0.000000000000000E+000
         346  0.000000000000000E+000  0.000000000000000E+000
         347  0.000000000000000E+000  0.000000000000000E+000
         348  0.000000000000000E+000  0.000000000000000E+000
         349  0.000000000000000E+000  0.000000000000000E+000
         350  0.000000000000000E+000  0.000000000000000E+000
         351  0.000000000000000E+000  0.000000000000000E+000
         352  0.000000000000000E+000  0.000000000000000E+000
         353  0.000000000000000E+000  0.000000000000000E+000
         354  0.000000000000000E+000  0.000000000000000E+000
         355  0.000000000000000E+000  0.000000000000000E+000
         356  0.000000000000000E+000  0.000000000000000E+000
         357  0.000000000000000E+000  0.000000000000000E+000
         358  0.000000000000000E+000  0.000000000000000E+000
         359  0.000000000000000E+000  0.000000000000000E+000
         360  0.000000000000000E+000  0.000000000000000E+000
         361  0.000000000000000E+000  0.000000000000000E+000
         362  0.000000000000000E+000  0.000000000000000E+000
         363  0.000000000000000E+000  0.000000000000000E+000
         364  0.000000000000000E+000  0.000000000000000E+000
         365  0.000000000000000E+000  0.000000000000000E+000
         366  0.000000000000000E+000  0.000000000000000E+000
         367  0.000000000000000E+000  0.000000000000000E+000
         368  0.000000000000000E+000  0.000000000000000E+000
         369  0.000000000000000E+000  0.000000000000000E+000
         370  0.000000000000000E+000  0.000000000000000E+000
         371  0.000000000000000E+000  0.000000000000000E+000
         372  0.000000000000000E+000  0.000000000000000E+000
         373  0.000000000000000E+000  0.000000000000000E+000
         374  0.000000000000000E+000  0.000000000000000E+000
         375  0.000000000000000E+000  0.000000000000000E+000
         376  0.000000000000000E+000  0.000000000000000E+000
         377  0.000000000000000E+000  0.000000000000000E+000
         378  0.000000000000000E+000  0.000000000000000E+000
         379  0.000000000000000E+000  0.000000000000000E+000
         380  0.000000000000000E+000  0.000000000000000E+000
         381  0.000000000000000E+000  0.000000000000000E+000
         382  0.000000000000000E+000  0.000000000000000E+000
         383  0.000000000000000E+000  0.000000000000000E+000
         384  0.000000000000000E+000  0.000000000000000E+000
         385  0.000000000000000E+000  0.000000000000000E+000
         386  0.000000000000000E+000  0.000000000000000E+000
         387  0.000000000000000E+000  0.000000000000000E+000
         388  0.000000000000000E+000  0.000000000000000E+000
         389  0.000000000000000E+000  0.000000000000000E+000
         390  0.000000000000000E+000  0.000000000000000E+000
         391  0.000000000000000E+000  0.000000000000000E+000
         392  0.000000000000000E+000  0.000000000000000E+000
         393  0.000000000000000E+000  0.000000000000000E+000
         394  0.000000000000000E+000  0.000000000000000E+000
         395  0.000000000000000E+000  0.000000000000000E+000
         396  0.000000000000000E+000  0.000000000000000E+000
         397  0.000000000000000E+000  0.000000000000000E+000
         398  0.000000000000000E+000  0.000000000000000E+000
         399  0.000000000000000E+000  0.000000000000000E+000
         400  0.000000000000000E+000  0.000000000000000E+000
         401  0.000000000000000E+000  0.000000000000000E+000
         402  0.000000000000000E+000  0.000000000000000E+000
         403  0.000000000000000E+000  0.000000000000000E+000
         404  0.000000000000000E+000  0.000000000000000E+000
         405  0.000000000000000E+000  0.000000000000000E+000
         406  0.000000000000000E+000  0.000000000000000E+000
         407  0.000000000000000E+000  0.000000000000000E+000
         408  0.000000000000000E+000  0.000000000000000E+000
         409  0.000000000000000E+000  0.000000000000000E+000
         410  0.000000000000000E+000  0.000000000000000E+000
         411  0.000000000000000E+000  0.000000000000000E+000
         412  0.000000000000000E+000  0.000000000000000E+000
         413  0.000000000000000E+000  0.000000000000000E+000
         414  0.000000000000000E+000  0.000000000000000E+000
         415  0.000000000000000E+000  0.000000000000000E+000
         416  0.000000000000000E+000  0.000000000000000E+000
         417  0.000000000000000E+000  0.000000000000000E+000
         418  0.000000000000000E+000  0.000000000000000E+000
         419  0.000000000000000E+000  0.000000000000000E+000
         420  0.000000000000000E+000  0.000000000000000E+000
         421  0.000000000000000E+000  0.000000000000000E+000
         422  0.000000000000000E+000  0.000000000000000E+000
         423  0.000000000000000E+000  0.000000000000000E+000
         424  0.000000000000000E+000  0.000000000000000E+000
         425  0.000000000000000E+000  0.000000000000000E+000
         426  0.000000000000000E+000  0.000000000000000E+000
         427  0.000000000000000E+000  0.000000000000000E+000
         428  0.000000000000000E+000  0.000000000000000E+000
         429  0.000000000000000E+000  0.000000000000000E+000
         430  0.000000000000000E+000  0.000000000000000E+000
         431  0.000000000000000E+000  0.000000000000000E+000
         432  0.000000000000000E+000  0.000000000000000E+000
         433  0.000000000000000E+000  0.000000000000000E+000
         434  0.000000000000000E+000  0.000000000000000E+000
         435  0.000000000000000E+000  0.000000000000000E+000
         436  0.000000000000000E+000  0.000000000000000E+000
         437  0.000000000000000E+000  0.000000000000000E+000
         438  0.000000000000000E+000  0.000000000000000E+000
         439  0.000000000000000E+000  0.000000000000000E+000
         440  0.000000000000000E+000  0.000000000000000E+000
         441  0.000000000000000E+000  0.000000000000000E+000
         442  0.000000000000000E+000  0.000000000000000E+000
         443  0.000000000000000E+000  0.000000000000000E+000
         444  0.000000000000000E+000  0.000000000000000E+000
