           0  0.000000000000000E+000  0.000000000000000E+000
           1  0.707287839531175       0.954279373691465     
           2  0.523829156447570        2.38647666107500     
           3  0.168630705286037        1.63090114231810     
           4  0.178831459955309        2.85052146095700     
           5  0.127074553600322        3.24550449455271     
           6  7.804895507024898E-002   2.89723002124758     
           7  6.089460708391406E-002   3.03216248038027     
           8  4.716303549518595E-002   3.01165101924116     
           9  4.702763729899094E-002   3.81979190455298     
          10  3.929550040230653E-002   3.99001283647313     
          11  3.330771128580386E-002   4.05261947835386     
          12  2.999183198480013E-002   4.33393132924490     
          13  2.798266671560205E-002   4.75405292775100     
          14  2.401024811133710E-002   4.73118596645062     
          15  1.979509560835556E-002   4.45663084528202     
          16  2.008742136757628E-002   5.13176149018482     
          17  1.733761810102401E-002   5.01808609982633     
          18  1.612175971136456E-002   5.24389822375289     
          19  1.384186928058921E-002   5.00935144937742     
          20  1.326735135458791E-002   5.30860862343790     
          21  1.241114803179339E-002   5.48050935148367     
          22  1.109521709998759E-002   5.38178933907644     
          23  1.026846277748623E-002   5.43865434603729     
          24  9.553034226785981E-003   5.50270507229739     
          25  9.014805121528189E-003   5.63597673384788     
          26  8.401108657857181E-003   5.68722912914090     
          27  7.404222456482590E-003   5.40307067691228     
          28  7.247579775689465E-003   5.68878246467659     
          29  6.333857480018829E-003   5.33397632590262     
          30  5.991714825654071E-003   5.39664965159973     
          31  5.618131974607098E-003   5.40220474157988     
          32  5.180825171160489E-003   5.30543947952201     
          33  4.963247170236147E-003   5.40481161329159     
          34  4.620272381015292E-003   5.34360947396673     
          35  4.254464816627473E-003   5.21530930926302     
          36  3.939933047386136E-003   5.10876472775010     
          37  3.705698954469040E-003   5.07542221417494     
          38  3.557335032054760E-003   5.14035107294635     
          39  3.238870697589541E-003   4.92783516253263     
          40  3.117596085429333E-003   4.98747940198448     
          41  2.936058036239226E-003   4.93661010307231     
          42  2.654759622802503E-003   4.68650102443768     
          43  2.549772086107378E-003   4.71719802435398     
          44  2.398402137994062E-003   4.64535794977281     
          45  2.284733761330543E-003   4.62934367549851     
          46  2.079622021789302E-003   4.40285454288806     
          47  1.960854221344286E-003   4.33166241579189     
          48  1.899050927822916E-003   4.37449212639740     
          49  1.775873005469379E-003   4.26477886998005     
          50  1.674370480028215E-003   4.18813510194231     
          51  1.527434526933469E-003   3.97444504694983     
          52  1.482047997389690E-003   4.00837070113943     
          53  1.397900482949430E-003   3.92882064874667     
          54  1.296253532537293E-003   3.78139512259975     
          55  1.209427405723649E-003   3.65862299136190     
          56  1.154881289389559E-003   3.62127411184114     
          57  1.107261516453917E-003   3.59798943546805     
          58  1.022836772131780E-003   3.44168759764778     
          59  9.691649612625941E-004   3.37399173379706     
          60  9.257492836291824E-004   3.33320505679512     
          61  8.643541629211168E-004   3.21696568428221     
          62  8.265343485679282E-004   3.17816247111607     
          63  7.602471071958403E-004   3.01741905476810     
          64  7.407717878286772E-004   3.03353492305282     
          65  7.089206239728041E-004   2.99519344625091     
          66  6.533574690488841E-004   2.84671737817645     
          67  6.268602042265463E-004   2.81448912941345     
          68  5.816944896026605E-004   2.69015657385548     
          69  5.703005687507930E-004   2.71567283924856     
          70  5.302278367175859E-004   2.59880625917981     
          71  4.931955441382896E-004   2.48621421383141     
          72  4.806459518875694E-004   2.49170770742995     
          73  4.476784005192676E-004   2.38576721496436     
          74  4.333754696260648E-004   2.37338664750214     
          75  4.006781893958222E-004   2.25429676997350     
          76  3.829885730679273E-004   2.21221701886077     
          77  3.663127042783697E-004   2.17217022754719     
          78  3.418972477124202E-004   2.08026835653837     
          79  3.255745270357677E-004   2.03184662074569     
          80  3.076865817296633E-004   1.96891961001789     
          81  2.989952924987958E-004   1.96161455881860     
          82  2.793214711350847E-004   1.87833481046087     
          83  2.655228290491658E-004   1.82933570885987     
          84  2.513695252876052E-004   1.77372018776863     
          85  2.412883368125479E-004   1.74340156678207     
          86  2.280287750796227E-004   1.68676745298867     
          87  2.130989949356517E-004   1.61310478376556     
          88  2.046000450407643E-004   1.58443077922188     
          89  1.947920906237187E-004   1.54293152812978     
          90  1.865731330860226E-004   1.51144106086325     
          91  1.757511999783781E-004   1.45562209628833     
          92  1.672829532152641E-004   1.41602379435560     
          93  1.580728437877099E-004   1.36729536342314     
          94  1.504313606352600E-004   1.32928952728181     
          95  1.428151664939392E-004   1.28883605583131     
          96  1.364406313283982E-004   1.25723721150929     
          97  1.297541262878174E-004   1.22070121674586     
          98  1.244884788568966E-004   1.19565156194275     
          99  1.159626268581201E-004   1.13667163528090     
         100  1.121052489637127E-004   1.12115258833320     
         101  1.060172206761325E-004   1.08152719320601     
         102  1.011726461458275E-004   1.05265026860721     
         103  9.655644778095717E-005   1.02447113854475     
         104  8.978078229867272E-005  0.971023611956118     
         105  8.855609418815018E-005  0.976322368911787     
         106  8.253899075421169E-005  0.927472157741233     
         107  7.916922222080532E-005  0.906431169734004     
         108  7.523502087547297E-005  0.877530870571448     
         109  7.230909789012904E-005  0.859107815104841     
         110  6.810810646718903E-005  0.824210095822593     
         111  6.468738778949421E-005  0.797013063743997     
         112  6.244576159687815E-005  0.783284963598335     
         113  5.950002496684171E-005  0.759740627686708     
         114  5.667351756514718E-005  0.736550011168046     
         115  5.350975598780688E-005  0.707670747095724     
         116  5.129685818494901E-005  0.690239068905225     
         117  4.886281290486557E-005  0.668933841481553     
         118  4.641062821408038E-005  0.646274920803932     
         119  4.421863827921397E-005  0.626151271635137     
         120  4.255155541683892E-005  0.612710648919020     
         121  4.047578038498619E-005  0.592588633586909     
         122  3.878577177094699E-005  0.577306396869357     
         123  3.702518882487618E-005  0.560185067527954     
         124  3.505076791739418E-005  0.538958566632612     
         125  3.411022210805092E-005  0.532994431464062     
         126  3.205474406517154E-005  0.508938515292220     
         127  3.064521086829243E-005  0.494275427067875     
         128  2.925552002608444E-005  0.479301170450004     
         129  2.816037768798101E-005  0.468619372433880     
         130  2.691502028778654E-005  0.454893658453943     
         131  2.551768638450759E-005  0.437902395916895     
         132  2.494977529391509E-005  0.434728822536077     
         133  2.349691204396738E-005  0.415658639535348     
         134  2.260031261758668E-005  0.405829831877289     
         135  2.146098783756598E-005  0.391125362681271     
         136  2.084779707486714E-005  0.385594260169529     
         137  2.009561164658520E-005  0.377190150454922     
         138  1.905261269605454E-005  0.362869970344756     
         139  1.829329952668504E-005  0.353449471644330     
         140  1.768843718695488E-005  0.346682729363414     
         141  1.698491456496332E-005  0.337673907839301     
         142  1.651022604414835E-005  0.332919730341248     
         143  1.568402621224536E-005  0.320724596655381     
         144  1.518355219890160E-005  0.314826343134935     
         145  1.473760323308516E-005  0.309842549890719     
         146  1.423238783564144E-005  0.303375879466175     
         147  1.372592224464142E-005  0.296612507535793     
         148  1.339297997684624E-005  0.293366371230195     
         149  1.299347388113612E-005  0.288481946069973     
         150  1.252049011133447E-005  0.281737073684213     
         151  1.215367703770575E-005  0.277133228357172     
         152  1.188795894200283E-005  0.274661038995029     
         153  1.164452674548880E-005  0.272592597272584     
         154  1.148898094326899E-005  0.272490666309163     
         155  1.110278350872980E-005  0.266762877908858     
         156  1.098343421357530E-005  0.267300294866411     
         157  1.088273973971539E-005  0.268261689415464     
         158  1.070149831525828E-005  0.267164893547573     
         159  1.056707193225934E-005  0.267146069227516     
         160  1.063511245850380E-005  0.272258394045722     
         161  1.067411053276305E-005  0.276702942854094     
         162  1.062169189680005E-005  0.278780265735436     
         163  1.083283507379008E-005  0.287840305896878     
         164  1.089568119018969E-005  0.293068281461746     
         165  1.127178158745599E-005  0.306896100856607     
         166  1.145782445014101E-005  0.315755384211320     
         167  1.203363433100479E-005  0.335623945345825     
         168  1.267029202327331E-005  0.357636988747546     
         169  1.371175788787106E-005  0.391668177723223     
         170  1.564396402074793E-005  0.452201613704514     
         171  2.626737984270430E-006  7.643735188682589E-002
         172  0.000000000000000E+000  0.000000000000000E+000
         173  0.000000000000000E+000  0.000000000000000E+000
         174  0.000000000000000E+000  0.000000000000000E+000
         175  0.000000000000000E+000  0.000000000000000E+000
         176  0.000000000000000E+000  0.000000000000000E+000
         177  0.000000000000000E+000  0.000000000000000E+000
         178  0.000000000000000E+000  0.000000000000000E+000
         179  0.000000000000000E+000  0.000000000000000E+000
         180  0.000000000000000E+000  0.000000000000000E+000
         181  0.000000000000000E+000  0.000000000000000E+000
         182  0.000000000000000E+000  0.000000000000000E+000
         183  0.000000000000000E+000  0.000000000000000E+000
         184  0.000000000000000E+000  0.000000000000000E+000
         185  0.000000000000000E+000  0.000000000000000E+000
         186  0.000000000000000E+000  0.000000000000000E+000
         187  0.000000000000000E+000  0.000000000000000E+000
         188  0.000000000000000E+000  0.000000000000000E+000
         189  0.000000000000000E+000  0.000000000000000E+000
         190  0.000000000000000E+000  0.000000000000000E+000
         191  0.000000000000000E+000  0.000000000000000E+000
         192  0.000000000000000E+000  0.000000000000000E+000
         193  0.000000000000000E+000  0.000000000000000E+000
         194  0.000000000000000E+000  0.000000000000000E+000
         195  0.000000000000000E+000  0.000000000000000E+000
         196  0.000000000000000E+000  0.000000000000000E+000
         197  0.000000000000000E+000  0.000000000000000E+000
         198  0.000000000000000E+000  0.000000000000000E+000
         199  0.000000000000000E+000  0.000000000000000E+000
         200  0.000000000000000E+000  0.000000000000000E+000
         201  0.000000000000000E+000  0.000000000000000E+000
         202  0.000000000000000E+000  0.000000000000000E+000
         203  0.000000000000000E+000  0.000000000000000E+000
         204  0.000000000000000E+000  0.000000000000000E+000
         205  0.000000000000000E+000  0.000000000000000E+000
         206  0.000000000000000E+000  0.000000000000000E+000
         207  0.000000000000000E+000  0.000000000000000E+000
         208  0.000000000000000E+000  0.000000000000000E+000
         209  0.000000000000000E+000  0.000000000000000E+000
         210  0.000000000000000E+000  0.000000000000000E+000
         211  0.000000000000000E+000  0.000000000000000E+000
         212  0.000000000000000E+000  0.000000000000000E+000
         213  0.000000000000000E+000  0.000000000000000E+000
         214  0.000000000000000E+000  0.000000000000000E+000
         215  0.000000000000000E+000  0.000000000000000E+000
         216  0.000000000000000E+000  0.000000000000000E+000
         217  0.000000000000000E+000  0.000000000000000E+000
         218  0.000000000000000E+000  0.000000000000000E+000
         219  0.000000000000000E+000  0.000000000000000E+000
         220  0.000000000000000E+000  0.000000000000000E+000
         221  0.000000000000000E+000  0.000000000000000E+000
         222  0.000000000000000E+000  0.000000000000000E+000
         223  0.000000000000000E+000  0.000000000000000E+000
         224  0.000000000000000E+000  0.000000000000000E+000
         225  0.000000000000000E+000  0.000000000000000E+000
         226  0.000000000000000E+000  0.000000000000000E+000
         227  0.000000000000000E+000  0.000000000000000E+000
         228  0.000000000000000E+000  0.000000000000000E+000
         229  0.000000000000000E+000  0.000000000000000E+000
         230  0.000000000000000E+000  0.000000000000000E+000
         231  0.000000000000000E+000  0.000000000000000E+000
         232  0.000000000000000E+000  0.000000000000000E+000
         233  0.000000000000000E+000  0.000000000000000E+000
         234  0.000000000000000E+000  0.000000000000000E+000
         235  0.000000000000000E+000  0.000000000000000E+000
         236  0.000000000000000E+000  0.000000000000000E+000
         237  0.000000000000000E+000  0.000000000000000E+000
         238  0.000000000000000E+000  0.000000000000000E+000
         239  0.000000000000000E+000  0.000000000000000E+000
         240  0.000000000000000E+000  0.000000000000000E+000
         241  0.000000000000000E+000  0.000000000000000E+000
         242  0.000000000000000E+000  0.000000000000000E+000
         243  0.000000000000000E+000  0.000000000000000E+000
         244  0.000000000000000E+000  0.000000000000000E+000
         245  0.000000000000000E+000  0.000000000000000E+000
         246  0.000000000000000E+000  0.000000000000000E+000
         247  0.000000000000000E+000  0.000000000000000E+000
         248  0.000000000000000E+000  0.000000000000000E+000
         249  0.000000000000000E+000  0.000000000000000E+000
         250  0.000000000000000E+000  0.000000000000000E+000
         251  0.000000000000000E+000  0.000000000000000E+000
         252  0.000000000000000E+000  0.000000000000000E+000
         253  0.000000000000000E+000  0.000000000000000E+000
         254  0.000000000000000E+000  0.000000000000000E+000
         255  0.000000000000000E+000  0.000000000000000E+000
         256  0.000000000000000E+000  0.000000000000000E+000
         257  0.000000000000000E+000  0.000000000000000E+000
         258  0.000000000000000E+000  0.000000000000000E+000
         259  0.000000000000000E+000  0.000000000000000E+000
         260  0.000000000000000E+000  0.000000000000000E+000
         261  0.000000000000000E+000  0.000000000000000E+000
         262  0.000000000000000E+000  0.000000000000000E+000
         263  0.000000000000000E+000  0.000000000000000E+000
         264  0.000000000000000E+000  0.000000000000000E+000
         265  0.000000000000000E+000  0.000000000000000E+000
         266  0.000000000000000E+000  0.000000000000000E+000
         267  0.000000000000000E+000  0.000000000000000E+000
         268  0.000000000000000E+000  0.000000000000000E+000
         269  0.000000000000000E+000  0.000000000000000E+000
         270  0.000000000000000E+000  0.000000000000000E+000
         271  0.000000000000000E+000  0.000000000000000E+000
         272  0.000000000000000E+000  0.000000000000000E+000
         273  0.000000000000000E+000  0.000000000000000E+000
         274  0.000000000000000E+000  0.000000000000000E+000
         275  0.000000000000000E+000  0.000000000000000E+000
         276  0.000000000000000E+000  0.000000000000000E+000
         277  0.000000000000000E+000  0.000000000000000E+000
         278  0.000000000000000E+000  0.000000000000000E+000
         279  0.000000000000000E+000  0.000000000000000E+000
         280  0.000000000000000E+000  0.000000000000000E+000
         281  0.000000000000000E+000  0.000000000000000E+000
         282  0.000000000000000E+000  0.000000000000000E+000
         283  0.000000000000000E+000  0.000000000000000E+000
         284  0.000000000000000E+000  0.000000000000000E+000
         285  0.000000000000000E+000  0.000000000000000E+000
         286  0.000000000000000E+000  0.000000000000000E+000
         287  0.000000000000000E+000  0.000000000000000E+000
         288  0.000000000000000E+000  0.000000000000000E+000
         289  0.000000000000000E+000  0.000000000000000E+000
         290  0.000000000000000E+000  0.000000000000000E+000
         291  0.000000000000000E+000  0.000000000000000E+000
         292  0.000000000000000E+000  0.000000000000000E+000
         293  0.000000000000000E+000  0.000000000000000E+000
         294  0.000000000000000E+000  0.000000000000000E+000
         295  0.000000000000000E+000  0.000000000000000E+000
         296  0.000000000000000E+000  0.000000000000000E+000
         297  0.000000000000000E+000  0.000000000000000E+000
         298  0.000000000000000E+000  0.000000000000000E+000
         299  0.000000000000000E+000  0.000000000000000E+000
         300  0.000000000000000E+000  0.000000000000000E+000
         301  0.000000000000000E+000  0.000000000000000E+000
         302  0.000000000000000E+000  0.000000000000000E+000
         303  0.000000000000000E+000  0.000000000000000E+000
         304  0.000000000000000E+000  0.000000000000000E+000
         305  0.000000000000000E+000  0.000000000000000E+000
         306  0.000000000000000E+000  0.000000000000000E+000
         307  0.000000000000000E+000  0.000000000000000E+000
         308  0.000000000000000E+000  0.000000000000000E+000
         309  0.000000000000000E+000  0.000000000000000E+000
         310  0.000000000000000E+000  0.000000000000000E+000
         311  0.000000000000000E+000  0.000000000000000E+000
         312  0.000000000000000E+000  0.000000000000000E+000
         313  0.000000000000000E+000  0.000000000000000E+000
         314  0.000000000000000E+000  0.000000000000000E+000
         315  0.000000000000000E+000  0.000000000000000E+000
         316  0.000000000000000E+000  0.000000000000000E+000
         317  0.000000000000000E+000  0.000000000000000E+000
         318  0.000000000000000E+000  0.000000000000000E+000
         319  0.000000000000000E+000  0.000000000000000E+000
         320  0.000000000000000E+000  0.000000000000000E+000
         321  0.000000000000000E+000  0.000000000000000E+000
         322  0.000000000000000E+000  0.000000000000000E+000
         323  0.000000000000000E+000  0.000000000000000E+000
         324  0.000000000000000E+000  0.000000000000000E+000
         325  0.000000000000000E+000  0.000000000000000E+000
         326  0.000000000000000E+000  0.000000000000000E+000
         327  0.000000000000000E+000  0.000000000000000E+000
         328  0.000000000000000E+000  0.000000000000000E+000
         329  0.000000000000000E+000  0.000000000000000E+000
         330  0.000000000000000E+000  0.000000000000000E+000
         331  0.000000000000000E+000  0.000000000000000E+000
         332  0.000000000000000E+000  0.000000000000000E+000
         333  0.000000000000000E+000  0.000000000000000E+000
         334  0.000000000000000E+000  0.000000000000000E+000
         335  0.000000000000000E+000  0.000000000000000E+000
         336  0.000000000000000E+000  0.000000000000000E+000
         337  0.000000000000000E+000  0.000000000000000E+000
         338  0.000000000000000E+000  0.000000000000000E+000
         339  0.000000000000000E+000  0.000000000000000E+000
         340  0.000000000000000E+000  0.000000000000000E+000
         341  0.000000000000000E+000  0.000000000000000E+000
         342  0.000000000000000E+000  0.000000000000000E+000
         343  0.000000000000000E+000  0.000000000000000E+000
         344  0.000000000000000E+000  0.000000000000000E+000
         345  0.000000000000000E+000  0.000000000000000E+000
         346  0.000000000000000E+000  0.000000000000000E+000
         347  0.000000000000000E+000  0.000000000000000E+000
         348  0.000000000000000E+000  0.000000000000000E+000
         349  0.000000000000000E+000  0.000000000000000E+000
         350  0.000000000000000E+000  0.000000000000000E+000
         351  0.000000000000000E+000  0.000000000000000E+000
         352  0.000000000000000E+000  0.000000000000000E+000
         353  0.000000000000000E+000  0.000000000000000E+000
         354  0.000000000000000E+000  0.000000000000000E+000
         355  0.000000000000000E+000  0.000000000000000E+000
         356  0.000000000000000E+000  0.000000000000000E+000
         357  0.000000000000000E+000  0.000000000000000E+000
         358  0.000000000000000E+000  0.000000000000000E+000
         359  0.000000000000000E+000  0.000000000000000E+000
         360  0.000000000000000E+000  0.000000000000000E+000
         361  0.000000000000000E+000  0.000000000000000E+000
         362  0.000000000000000E+000  0.000000000000000E+000
         363  0.000000000000000E+000  0.000000000000000E+000
         364  0.000000000000000E+000  0.000000000000000E+000
         365  0.000000000000000E+000  0.000000000000000E+000
         366  0.000000000000000E+000  0.000000000000000E+000
         367  0.000000000000000E+000  0.000000000000000E+000
         368  0.000000000000000E+000  0.000000000000000E+000
         369  0.000000000000000E+000  0.000000000000000E+000
         370  0.000000000000000E+000  0.000000000000000E+000
         371  0.000000000000000E+000  0.000000000000000E+000
         372  0.000000000000000E+000  0.000000000000000E+000
         373  0.000000000000000E+000  0.000000000000000E+000
         374  0.000000000000000E+000  0.000000000000000E+000
         375  0.000000000000000E+000  0.000000000000000E+000
         376  0.000000000000000E+000  0.000000000000000E+000
         377  0.000000000000000E+000  0.000000000000000E+000
         378  0.000000000000000E+000  0.000000000000000E+000
         379  0.000000000000000E+000  0.000000000000000E+000
         380  0.000000000000000E+000  0.000000000000000E+000
         381  0.000000000000000E+000  0.000000000000000E+000
         382  0.000000000000000E+000  0.000000000000000E+000
         383  0.000000000000000E+000  0.000000000000000E+000
         384  0.000000000000000E+000  0.000000000000000E+000
         385  0.000000000000000E+000  0.000000000000000E+000
         386  0.000000000000000E+000  0.000000000000000E+000
         387  0.000000000000000E+000  0.000000000000000E+000
         388  0.000000000000000E+000  0.000000000000000E+000
         389  0.000000000000000E+000  0.000000000000000E+000
         390  0.000000000000000E+000  0.000000000000000E+000
         391  0.000000000000000E+000  0.000000000000000E+000
         392  0.000000000000000E+000  0.000000000000000E+000
         393  0.000000000000000E+000  0.000000000000000E+000
         394  0.000000000000000E+000  0.000000000000000E+000
         395  0.000000000000000E+000  0.000000000000000E+000
         396  0.000000000000000E+000  0.000000000000000E+000
         397  0.000000000000000E+000  0.000000000000000E+000
         398  0.000000000000000E+000  0.000000000000000E+000
         399  0.000000000000000E+000  0.000000000000000E+000
         400  0.000000000000000E+000  0.000000000000000E+000
         401  0.000000000000000E+000  0.000000000000000E+000
         402  0.000000000000000E+000  0.000000000000000E+000
         403  0.000000000000000E+000  0.000000000000000E+000
         404  0.000000000000000E+000  0.000000000000000E+000
         405  0.000000000000000E+000  0.000000000000000E+000
         406  0.000000000000000E+000  0.000000000000000E+000
         407  0.000000000000000E+000  0.000000000000000E+000
         408  0.000000000000000E+000  0.000000000000000E+000
         409  0.000000000000000E+000  0.000000000000000E+000
         410  0.000000000000000E+000  0.000000000000000E+000
         411  0.000000000000000E+000  0.000000000000000E+000
         412  0.000000000000000E+000  0.000000000000000E+000
         413  0.000000000000000E+000  0.000000000000000E+000
         414  0.000000000000000E+000  0.000000000000000E+000
         415  0.000000000000000E+000  0.000000000000000E+000
         416  0.000000000000000E+000  0.000000000000000E+000
         417  0.000000000000000E+000  0.000000000000000E+000
         418  0.000000000000000E+000  0.000000000000000E+000
         419  0.000000000000000E+000  0.000000000000000E+000
         420  0.000000000000000E+000  0.000000000000000E+000
         421  0.000000000000000E+000  0.000000000000000E+000
         422  0.000000000000000E+000  0.000000000000000E+000
         423  0.000000000000000E+000  0.000000000000000E+000
         424  0.000000000000000E+000  0.000000000000000E+000
         425  0.000000000000000E+000  0.000000000000000E+000
         426  0.000000000000000E+000  0.000000000000000E+000
         427  0.000000000000000E+000  0.000000000000000E+000
         428  0.000000000000000E+000  0.000000000000000E+000
         429  0.000000000000000E+000  0.000000000000000E+000
         430  0.000000000000000E+000  0.000000000000000E+000
         431  0.000000000000000E+000  0.000000000000000E+000
         432  0.000000000000000E+000  0.000000000000000E+000
         433  0.000000000000000E+000  0.000000000000000E+000
         434  0.000000000000000E+000  0.000000000000000E+000
         435  0.000000000000000E+000  0.000000000000000E+000
         436  0.000000000000000E+000  0.000000000000000E+000
         437  0.000000000000000E+000  0.000000000000000E+000
         438  0.000000000000000E+000  0.000000000000000E+000
         439  0.000000000000000E+000  0.000000000000000E+000
         440  0.000000000000000E+000  0.000000000000000E+000
         441  0.000000000000000E+000  0.000000000000000E+000
         442  0.000000000000000E+000  0.000000000000000E+000
         443  0.000000000000000E+000  0.000000000000000E+000
         444  0.000000000000000E+000  0.000000000000000E+000
