           0  0.000000000000000E+000  0.000000000000000E+000
           1  0.698071677294604       0.986787518008026     
           2  0.520969333480158        2.38757518552098     
           3  0.176384300186371        1.72309052034038     
           4  0.163092449011481        2.61862251749395     
           5  0.127093046179380        3.23200392795256     
           6  7.420806299825954E-002   2.75245834264087     
           7  6.003062924032029E-002   2.97244792534670     
           8  5.125066225479014E-002   3.26503187208391     
           9  5.095825323604307E-002   4.14494591037706     
          10  3.672873911975441E-002   3.72108002328109     
          11  3.106134174993158E-002   3.78419198105920     
          12  2.963271899677224E-002   4.27548560793885     
          13  2.648386113192558E-002   4.48306013421601     
          14  2.387202404027751E-002   4.70287476901998     
          15  1.852960898187882E-002   4.17411721946561     
          16  1.929435011091707E-002   4.92908727142332     
          17  1.725241352414930E-002   5.00211162061929     
          18  1.593598662864934E-002   5.18422419162017     
          19  1.351115500033622E-002   4.89059342719577     
          20  1.334461089518126E-002   5.33839352525784     
          21  1.213583724576478E-002   5.35744267649539     
          22  1.101742681864297E-002   5.34751297374935     
          23  9.815554002952255E-003   5.19666822814337     
          24  9.287327133160092E-003   5.34817176715278     
          25  8.619471894684361E-003   5.38645472657828     
          26  8.135371846567634E-003   5.50752418275184     
          27  7.312075490384968E-003   5.33992469728895     
          28  6.899927517350656E-003   5.41477609554190     
          29  6.276483967923093E-003   5.28593180894765     
          30  5.726111955272580E-003   5.15821704552347     
          31  5.517724666377519E-003   5.30598130732886     
          32  5.087012541439217E-003   5.20915012460405     
          33  4.871289838867601E-003   5.30339182442494     
          34  4.572458117044780E-003   5.28862388019544     
          35  4.025342821152798E-003   4.93334386523243     
          36  3.902156482442579E-003   5.05902361817141     
          37  3.601524227052753E-003   4.93259207290642     
          38  3.402105002815163E-003   4.91514163178505     
          39  3.079001188804583E-003   4.68500761487684     
          40  3.004367675844390E-003   4.80577879281829     
          41  2.826438416170653E-003   4.75239681649574     
          42  2.600374630628622E-003   4.58991609213741     
          43  2.479208979171532E-003   4.58689092314403     
          44  2.280637060195911E-003   4.41742263915651     
          45  2.222854650940121E-003   4.50371155564127     
          46  1.984368397003047E-003   4.20170463652765     
          47  1.882966076594413E-003   4.15880335593426     
          48  1.808460432828529E-003   4.16522289559509     
          49  1.708095537972744E-003   4.10206361475362     
          50  1.611128495978626E-003   4.02992836395775     
          51  1.486792957960511E-003   3.86805301191598     
          52  1.419761006341200E-003   3.83985980086085     
          53  1.349621802776787E-003   3.79269320606868     
          54  1.238033311476622E-003   3.61146227283103     
          55  1.163204210660955E-003   3.51890019327082     
          56  1.116833566183644E-003   3.50180073994010     
          57  1.071782320220495E-003   3.48260585902325     
          58  9.853364332035152E-004   3.31533989751215     
          59  9.321408117748608E-004   3.24518416591951     
          60  8.974511021831852E-004   3.23108029529171     
          61  8.346692223576622E-004   3.10668860679862     
          62  7.989078102066604E-004   3.07195492508106     
          63  7.364331657178907E-004   2.92281834242325     
          64  7.047956551831169E-004   2.88623329016693     
          65  6.800857233379941E-004   2.87358000745511     
          66  6.248501649072169E-004   2.72225321584153     
          67  5.993907617200415E-004   2.69118550438797     
          68  5.584418129712936E-004   2.58271897247747     
          69  5.410638170377986E-004   2.57657997917830     
          70  5.065334916607002E-004   2.48269611613856     
          71  4.723714217581337E-004   2.38143344742814     
          72  4.563251897571326E-004   2.36548084764742     
          73  4.279238608888347E-004   2.28048617033338     
          74  4.097227988017955E-004   2.24376236342319     
          75  3.818792718242724E-004   2.14847607666699     
          76  3.682186326168908E-004   2.12694244128938     
          77  3.500904679241876E-004   2.07608699947576     
          78  3.252132579779152E-004   1.97877267058608     
          79  3.090716641682340E-004   1.92881296974872     
          80  2.949955688295342E-004   1.88773386763662     
          81  2.842323550189430E-004   1.86482120605160     
          82  2.665703661341666E-004   1.79251716373142     
          83  2.536372132131913E-004   1.74751974942529     
          84  2.396597891312327E-004   1.69103650600208     
          85  2.305608424008901E-004   1.66585263579062     
          86  2.159713632306546E-004   1.59751697797587     
          87  2.023536058886487E-004   1.53179482926311     
          88  1.948649753238543E-004   1.50908571798902     
          89  1.853365742539326E-004   1.46806697586164     
          90  1.764018638587627E-004   1.42899341177065     
          91  1.665128740809903E-004   1.37912361677224     
          92  1.577076402279770E-004   1.33500087313473     
          93  1.497169169293080E-004   1.29507660097428     
          94  1.426578009864179E-004   1.26056776063160     
          95  1.345713173968030E-004   1.21444395084337     
          96  1.293949594312672E-004   1.19229740401585     
          97  1.234580235427937E-004   1.16148914613119     
          98  1.176789148311131E-004   1.13028535445985     
          99  1.102358970942115E-004   1.08052790753304     
         100  1.054382543129815E-004   1.05440975990931     
         101  1.004182325057707E-004   1.02441197459322     
         102  9.571131367412191E-005  0.995834532116247     
         103  9.103892400597589E-005  0.965926793921825     
         104  8.514396760030907E-005  0.920891660631684     
         105  8.348662192178446E-005  0.920433267636659     
         106  7.815541506597643E-005  0.878207464901483     
         107  7.453141123953030E-005  0.853329583021277     
         108  7.101408999892572E-005  0.828291057254117     
         109  6.785803132361391E-005  0.806253322097802     
         110  6.413175654457099E-005  0.776095918605688     
         111  6.075843812498490E-005  0.748602279199524     
         112  5.810992165653734E-005  0.728868605944405     
         113  5.554139849455339E-005  0.709192441258610     
         114  5.315178078953280E-005  0.690761404252687     
         115  5.007204944178140E-005  0.662223395139073     
         116  4.841116604754660E-005  0.651405976703175     
         117  4.611465016319372E-005  0.631295733561056     
         118  4.316632911694700E-005  0.601089195065704     
         119  4.149916128410576E-005  0.587640735110441     
         120  4.005805360618995E-005  0.576786515864691     
         121  3.789779494634921E-005  0.554846173999111     
         122  3.619313567586443E-005  0.538710553991253     
         123  3.435832627067146E-005  0.519810485317900     
         124  3.288070837271725E-005  0.505592461506625     
         125  3.155662957541322E-005  0.493094089175554     
         126  2.980257222383922E-005  0.473183062101738     
         127  2.851242362974509E-005  0.459875466985984     
         128  2.727286683057120E-005  0.446819400169676     
         129  2.624633261595481E-005  0.436767365670557     
         130  2.503956795705278E-005  0.423188794889587     
         131  2.369835416666053E-005  0.406681663850590     
         132  2.310752812211177E-005  0.402624176847757     
         133  2.166746720066684E-005  0.383294974147243     
         134  2.096429561669165E-005  0.376450594503092     
         135  1.983859475951134E-005  0.361558720148494     
         136  1.929468947815323E-005  0.356859660597521     
         137  1.857176251868380E-005  0.348588525169276     
         138  1.767976350640886E-005  0.336717017923196     
         139  1.685085523755209E-005  0.325575533956950     
         140  1.627689788267982E-005  0.319019214162874     
         141  1.564442523792294E-005  0.311029883895431     
         142  1.514281708918861E-005  0.305346837510992     
         143  1.441640503482679E-005  0.294801918648996     
         144  1.401922204973014E-005  0.290687927788563     
         145  1.353622489399611E-005  0.284584741566105     
         146  1.313886246930070E-005  0.280065166109293     
         147  1.260923739196056E-005  0.272479415822871     
         148  1.223537985677504E-005  0.268009393041454     
         149  1.185526955150010E-005  0.263213114655705     
         150  1.148640526054888E-005  0.258465203931960     
         151  1.108274069581599E-005  0.252712481318721     
         152  1.085441426518499E-005  0.250784895389921     
         153  1.063352780536855E-005  0.248929329804347     
         154  1.044595262272149E-005  0.247751678575597     
         155  1.011696013746797E-005  0.243068951987614     
         156  1.001925128152230E-005  0.243835343759593     
         157  9.904764698744782E-006  0.244150902851834     
         158  9.768937087217295E-006  0.243882943010697     
         159  9.593889551495262E-006  0.242542342240166     
         160  9.610960249402928E-006  0.246036507894593     
         161  9.667753015155450E-006  0.250610773294295     
         162  9.619945516536838E-006  0.252488309711805     
         163  9.794816517646964E-006  0.260258537849614     
         164  9.828836323381350E-006  0.264372135073912     
         165  1.021648414648989E-005  0.278166235410902     
         166  1.036919847500941E-005  0.285754903644237     
         167  1.092738326626412E-005  0.304775423921064     
         168  1.153347774175691E-005  0.325547242799782     
         169  1.249570945668574E-005  0.356927083057425     
         170  1.423011099818488E-005  0.411334546121026     
         171  2.413699187549184E-006  7.023782751923811E-002
         172  0.000000000000000E+000  0.000000000000000E+000
         173  0.000000000000000E+000  0.000000000000000E+000
         174  0.000000000000000E+000  0.000000000000000E+000
         175  0.000000000000000E+000  0.000000000000000E+000
         176  0.000000000000000E+000  0.000000000000000E+000
         177  0.000000000000000E+000  0.000000000000000E+000
         178  0.000000000000000E+000  0.000000000000000E+000
         179  0.000000000000000E+000  0.000000000000000E+000
         180  0.000000000000000E+000  0.000000000000000E+000
         181  0.000000000000000E+000  0.000000000000000E+000
         182  0.000000000000000E+000  0.000000000000000E+000
         183  0.000000000000000E+000  0.000000000000000E+000
         184  0.000000000000000E+000  0.000000000000000E+000
         185  0.000000000000000E+000  0.000000000000000E+000
         186  0.000000000000000E+000  0.000000000000000E+000
         187  0.000000000000000E+000  0.000000000000000E+000
         188  0.000000000000000E+000  0.000000000000000E+000
         189  0.000000000000000E+000  0.000000000000000E+000
         190  0.000000000000000E+000  0.000000000000000E+000
         191  0.000000000000000E+000  0.000000000000000E+000
         192  0.000000000000000E+000  0.000000000000000E+000
         193  0.000000000000000E+000  0.000000000000000E+000
         194  0.000000000000000E+000  0.000000000000000E+000
         195  0.000000000000000E+000  0.000000000000000E+000
         196  0.000000000000000E+000  0.000000000000000E+000
         197  0.000000000000000E+000  0.000000000000000E+000
         198  0.000000000000000E+000  0.000000000000000E+000
         199  0.000000000000000E+000  0.000000000000000E+000
         200  0.000000000000000E+000  0.000000000000000E+000
         201  0.000000000000000E+000  0.000000000000000E+000
         202  0.000000000000000E+000  0.000000000000000E+000
         203  0.000000000000000E+000  0.000000000000000E+000
         204  0.000000000000000E+000  0.000000000000000E+000
         205  0.000000000000000E+000  0.000000000000000E+000
         206  0.000000000000000E+000  0.000000000000000E+000
         207  0.000000000000000E+000  0.000000000000000E+000
         208  0.000000000000000E+000  0.000000000000000E+000
         209  0.000000000000000E+000  0.000000000000000E+000
         210  0.000000000000000E+000  0.000000000000000E+000
         211  0.000000000000000E+000  0.000000000000000E+000
         212  0.000000000000000E+000  0.000000000000000E+000
         213  0.000000000000000E+000  0.000000000000000E+000
         214  0.000000000000000E+000  0.000000000000000E+000
         215  0.000000000000000E+000  0.000000000000000E+000
         216  0.000000000000000E+000  0.000000000000000E+000
         217  0.000000000000000E+000  0.000000000000000E+000
         218  0.000000000000000E+000  0.000000000000000E+000
         219  0.000000000000000E+000  0.000000000000000E+000
         220  0.000000000000000E+000  0.000000000000000E+000
         221  0.000000000000000E+000  0.000000000000000E+000
         222  0.000000000000000E+000  0.000000000000000E+000
         223  0.000000000000000E+000  0.000000000000000E+000
         224  0.000000000000000E+000  0.000000000000000E+000
         225  0.000000000000000E+000  0.000000000000000E+000
         226  0.000000000000000E+000  0.000000000000000E+000
         227  0.000000000000000E+000  0.000000000000000E+000
         228  0.000000000000000E+000  0.000000000000000E+000
         229  0.000000000000000E+000  0.000000000000000E+000
         230  0.000000000000000E+000  0.000000000000000E+000
         231  0.000000000000000E+000  0.000000000000000E+000
         232  0.000000000000000E+000  0.000000000000000E+000
         233  0.000000000000000E+000  0.000000000000000E+000
         234  0.000000000000000E+000  0.000000000000000E+000
         235  0.000000000000000E+000  0.000000000000000E+000
         236  0.000000000000000E+000  0.000000000000000E+000
         237  0.000000000000000E+000  0.000000000000000E+000
         238  0.000000000000000E+000  0.000000000000000E+000
         239  0.000000000000000E+000  0.000000000000000E+000
         240  0.000000000000000E+000  0.000000000000000E+000
         241  0.000000000000000E+000  0.000000000000000E+000
         242  0.000000000000000E+000  0.000000000000000E+000
         243  0.000000000000000E+000  0.000000000000000E+000
         244  0.000000000000000E+000  0.000000000000000E+000
         245  0.000000000000000E+000  0.000000000000000E+000
         246  0.000000000000000E+000  0.000000000000000E+000
         247  0.000000000000000E+000  0.000000000000000E+000
         248  0.000000000000000E+000  0.000000000000000E+000
         249  0.000000000000000E+000  0.000000000000000E+000
         250  0.000000000000000E+000  0.000000000000000E+000
         251  0.000000000000000E+000  0.000000000000000E+000
         252  0.000000000000000E+000  0.000000000000000E+000
         253  0.000000000000000E+000  0.000000000000000E+000
         254  0.000000000000000E+000  0.000000000000000E+000
         255  0.000000000000000E+000  0.000000000000000E+000
         256  0.000000000000000E+000  0.000000000000000E+000
         257  0.000000000000000E+000  0.000000000000000E+000
         258  0.000000000000000E+000  0.000000000000000E+000
         259  0.000000000000000E+000  0.000000000000000E+000
         260  0.000000000000000E+000  0.000000000000000E+000
         261  0.000000000000000E+000  0.000000000000000E+000
         262  0.000000000000000E+000  0.000000000000000E+000
         263  0.000000000000000E+000  0.000000000000000E+000
         264  0.000000000000000E+000  0.000000000000000E+000
         265  0.000000000000000E+000  0.000000000000000E+000
         266  0.000000000000000E+000  0.000000000000000E+000
         267  0.000000000000000E+000  0.000000000000000E+000
         268  0.000000000000000E+000  0.000000000000000E+000
         269  0.000000000000000E+000  0.000000000000000E+000
         270  0.000000000000000E+000  0.000000000000000E+000
         271  0.000000000000000E+000  0.000000000000000E+000
         272  0.000000000000000E+000  0.000000000000000E+000
         273  0.000000000000000E+000  0.000000000000000E+000
         274  0.000000000000000E+000  0.000000000000000E+000
         275  0.000000000000000E+000  0.000000000000000E+000
         276  0.000000000000000E+000  0.000000000000000E+000
         277  0.000000000000000E+000  0.000000000000000E+000
         278  0.000000000000000E+000  0.000000000000000E+000
         279  0.000000000000000E+000  0.000000000000000E+000
         280  0.000000000000000E+000  0.000000000000000E+000
         281  0.000000000000000E+000  0.000000000000000E+000
         282  0.000000000000000E+000  0.000000000000000E+000
         283  0.000000000000000E+000  0.000000000000000E+000
         284  0.000000000000000E+000  0.000000000000000E+000
         285  0.000000000000000E+000  0.000000000000000E+000
         286  0.000000000000000E+000  0.000000000000000E+000
         287  0.000000000000000E+000  0.000000000000000E+000
         288  0.000000000000000E+000  0.000000000000000E+000
         289  0.000000000000000E+000  0.000000000000000E+000
         290  0.000000000000000E+000  0.000000000000000E+000
         291  0.000000000000000E+000  0.000000000000000E+000
         292  0.000000000000000E+000  0.000000000000000E+000
         293  0.000000000000000E+000  0.000000000000000E+000
         294  0.000000000000000E+000  0.000000000000000E+000
         295  0.000000000000000E+000  0.000000000000000E+000
         296  0.000000000000000E+000  0.000000000000000E+000
         297  0.000000000000000E+000  0.000000000000000E+000
         298  0.000000000000000E+000  0.000000000000000E+000
         299  0.000000000000000E+000  0.000000000000000E+000
         300  0.000000000000000E+000  0.000000000000000E+000
         301  0.000000000000000E+000  0.000000000000000E+000
         302  0.000000000000000E+000  0.000000000000000E+000
         303  0.000000000000000E+000  0.000000000000000E+000
         304  0.000000000000000E+000  0.000000000000000E+000
         305  0.000000000000000E+000  0.000000000000000E+000
         306  0.000000000000000E+000  0.000000000000000E+000
         307  0.000000000000000E+000  0.000000000000000E+000
         308  0.000000000000000E+000  0.000000000000000E+000
         309  0.000000000000000E+000  0.000000000000000E+000
         310  0.000000000000000E+000  0.000000000000000E+000
         311  0.000000000000000E+000  0.000000000000000E+000
         312  0.000000000000000E+000  0.000000000000000E+000
         313  0.000000000000000E+000  0.000000000000000E+000
         314  0.000000000000000E+000  0.000000000000000E+000
         315  0.000000000000000E+000  0.000000000000000E+000
         316  0.000000000000000E+000  0.000000000000000E+000
         317  0.000000000000000E+000  0.000000000000000E+000
         318  0.000000000000000E+000  0.000000000000000E+000
         319  0.000000000000000E+000  0.000000000000000E+000
         320  0.000000000000000E+000  0.000000000000000E+000
         321  0.000000000000000E+000  0.000000000000000E+000
         322  0.000000000000000E+000  0.000000000000000E+000
         323  0.000000000000000E+000  0.000000000000000E+000
         324  0.000000000000000E+000  0.000000000000000E+000
         325  0.000000000000000E+000  0.000000000000000E+000
         326  0.000000000000000E+000  0.000000000000000E+000
         327  0.000000000000000E+000  0.000000000000000E+000
         328  0.000000000000000E+000  0.000000000000000E+000
         329  0.000000000000000E+000  0.000000000000000E+000
         330  0.000000000000000E+000  0.000000000000000E+000
         331  0.000000000000000E+000  0.000000000000000E+000
         332  0.000000000000000E+000  0.000000000000000E+000
         333  0.000000000000000E+000  0.000000000000000E+000
         334  0.000000000000000E+000  0.000000000000000E+000
         335  0.000000000000000E+000  0.000000000000000E+000
         336  0.000000000000000E+000  0.000000000000000E+000
         337  0.000000000000000E+000  0.000000000000000E+000
         338  0.000000000000000E+000  0.000000000000000E+000
         339  0.000000000000000E+000  0.000000000000000E+000
         340  0.000000000000000E+000  0.000000000000000E+000
         341  0.000000000000000E+000  0.000000000000000E+000
         342  0.000000000000000E+000  0.000000000000000E+000
         343  0.000000000000000E+000  0.000000000000000E+000
         344  0.000000000000000E+000  0.000000000000000E+000
         345  0.000000000000000E+000  0.000000000000000E+000
         346  0.000000000000000E+000  0.000000000000000E+000
         347  0.000000000000000E+000  0.000000000000000E+000
         348  0.000000000000000E+000  0.000000000000000E+000
         349  0.000000000000000E+000  0.000000000000000E+000
         350  0.000000000000000E+000  0.000000000000000E+000
         351  0.000000000000000E+000  0.000000000000000E+000
         352  0.000000000000000E+000  0.000000000000000E+000
         353  0.000000000000000E+000  0.000000000000000E+000
         354  0.000000000000000E+000  0.000000000000000E+000
         355  0.000000000000000E+000  0.000000000000000E+000
         356  0.000000000000000E+000  0.000000000000000E+000
         357  0.000000000000000E+000  0.000000000000000E+000
         358  0.000000000000000E+000  0.000000000000000E+000
         359  0.000000000000000E+000  0.000000000000000E+000
         360  0.000000000000000E+000  0.000000000000000E+000
         361  0.000000000000000E+000  0.000000000000000E+000
         362  0.000000000000000E+000  0.000000000000000E+000
         363  0.000000000000000E+000  0.000000000000000E+000
         364  0.000000000000000E+000  0.000000000000000E+000
         365  0.000000000000000E+000  0.000000000000000E+000
         366  0.000000000000000E+000  0.000000000000000E+000
         367  0.000000000000000E+000  0.000000000000000E+000
         368  0.000000000000000E+000  0.000000000000000E+000
         369  0.000000000000000E+000  0.000000000000000E+000
         370  0.000000000000000E+000  0.000000000000000E+000
         371  0.000000000000000E+000  0.000000000000000E+000
         372  0.000000000000000E+000  0.000000000000000E+000
         373  0.000000000000000E+000  0.000000000000000E+000
         374  0.000000000000000E+000  0.000000000000000E+000
         375  0.000000000000000E+000  0.000000000000000E+000
         376  0.000000000000000E+000  0.000000000000000E+000
         377  0.000000000000000E+000  0.000000000000000E+000
         378  0.000000000000000E+000  0.000000000000000E+000
         379  0.000000000000000E+000  0.000000000000000E+000
         380  0.000000000000000E+000  0.000000000000000E+000
         381  0.000000000000000E+000  0.000000000000000E+000
         382  0.000000000000000E+000  0.000000000000000E+000
         383  0.000000000000000E+000  0.000000000000000E+000
         384  0.000000000000000E+000  0.000000000000000E+000
         385  0.000000000000000E+000  0.000000000000000E+000
         386  0.000000000000000E+000  0.000000000000000E+000
         387  0.000000000000000E+000  0.000000000000000E+000
         388  0.000000000000000E+000  0.000000000000000E+000
         389  0.000000000000000E+000  0.000000000000000E+000
         390  0.000000000000000E+000  0.000000000000000E+000
         391  0.000000000000000E+000  0.000000000000000E+000
         392  0.000000000000000E+000  0.000000000000000E+000
         393  0.000000000000000E+000  0.000000000000000E+000
         394  0.000000000000000E+000  0.000000000000000E+000
         395  0.000000000000000E+000  0.000000000000000E+000
         396  0.000000000000000E+000  0.000000000000000E+000
         397  0.000000000000000E+000  0.000000000000000E+000
         398  0.000000000000000E+000  0.000000000000000E+000
         399  0.000000000000000E+000  0.000000000000000E+000
         400  0.000000000000000E+000  0.000000000000000E+000
         401  0.000000000000000E+000  0.000000000000000E+000
         402  0.000000000000000E+000  0.000000000000000E+000
         403  0.000000000000000E+000  0.000000000000000E+000
         404  0.000000000000000E+000  0.000000000000000E+000
         405  0.000000000000000E+000  0.000000000000000E+000
         406  0.000000000000000E+000  0.000000000000000E+000
         407  0.000000000000000E+000  0.000000000000000E+000
         408  0.000000000000000E+000  0.000000000000000E+000
         409  0.000000000000000E+000  0.000000000000000E+000
         410  0.000000000000000E+000  0.000000000000000E+000
         411  0.000000000000000E+000  0.000000000000000E+000
         412  0.000000000000000E+000  0.000000000000000E+000
         413  0.000000000000000E+000  0.000000000000000E+000
         414  0.000000000000000E+000  0.000000000000000E+000
         415  0.000000000000000E+000  0.000000000000000E+000
         416  0.000000000000000E+000  0.000000000000000E+000
         417  0.000000000000000E+000  0.000000000000000E+000
         418  0.000000000000000E+000  0.000000000000000E+000
         419  0.000000000000000E+000  0.000000000000000E+000
         420  0.000000000000000E+000  0.000000000000000E+000
         421  0.000000000000000E+000  0.000000000000000E+000
         422  0.000000000000000E+000  0.000000000000000E+000
         423  0.000000000000000E+000  0.000000000000000E+000
         424  0.000000000000000E+000  0.000000000000000E+000
         425  0.000000000000000E+000  0.000000000000000E+000
         426  0.000000000000000E+000  0.000000000000000E+000
         427  0.000000000000000E+000  0.000000000000000E+000
         428  0.000000000000000E+000  0.000000000000000E+000
         429  0.000000000000000E+000  0.000000000000000E+000
         430  0.000000000000000E+000  0.000000000000000E+000
         431  0.000000000000000E+000  0.000000000000000E+000
         432  0.000000000000000E+000  0.000000000000000E+000
         433  0.000000000000000E+000  0.000000000000000E+000
         434  0.000000000000000E+000  0.000000000000000E+000
         435  0.000000000000000E+000  0.000000000000000E+000
         436  0.000000000000000E+000  0.000000000000000E+000
         437  0.000000000000000E+000  0.000000000000000E+000
         438  0.000000000000000E+000  0.000000000000000E+000
         439  0.000000000000000E+000  0.000000000000000E+000
         440  0.000000000000000E+000  0.000000000000000E+000
         441  0.000000000000000E+000  0.000000000000000E+000
         442  0.000000000000000E+000  0.000000000000000E+000
         443  0.000000000000000E+000  0.000000000000000E+000
         444  0.000000000000000E+000  0.000000000000000E+000
