           0  0.000000000000000E+000  0.000000000000000E+000
           1  0.616398280377347       0.859652001380662     
           2  0.550895087715084        2.46742629510195     
           3  0.170406861800698        1.59439739765704     
           4  0.155029692108797        2.51078171399239     
           5  0.117863135560752        2.98990802774831     
           6  7.612086527680015E-002   2.82473038461847     
           7  6.415651924239603E-002   3.18197501729020     
           8  5.092351178871810E-002   3.24452339099966     
           9  5.037009780475163E-002   4.09457270147760     
          10  3.852715198881348E-002   3.90911439965015     
          11  3.307744428205336E-002   4.03186873553272     
          12  2.954716108542797E-002   4.26033456052649     
          13  2.827147717910380E-002   4.79333501108398     
          14  2.438394919458954E-002   4.80558790771201     
          15  2.024076421106669E-002   4.55411101527844     
          16  2.054043752704228E-002   5.25123917493176     
          17  1.892430032777347E-002   5.47577104619124     
          18  1.711740688931409E-002   5.56973625189296     
          19  1.446859995980710E-002   5.23470871861128     
          20  1.418351105425898E-002   5.67904702709822     
          21  1.325902940686418E-002   5.85606469365097     
          22  1.168656033511507E-002   5.66722678974517     
          23  1.078415377493824E-002   5.70956475395765     
          24  9.817153177441425E-003   5.65371309967540     
          25  9.701631249388732E-003   6.06300220468879     
          26  8.919323691406352E-003   6.03898044539697     
          27  7.946829231948943E-003   5.80031415538064     
          28  7.578576704479132E-003   5.94794556772132     
          29  6.932034602904252E-003   5.83785282084692     
          30  6.561365842528550E-003   5.90968445206757     
          31  6.133363464017769E-003   5.89736132963105     
          32  5.607006731422347E-003   5.74236101857973     
          33  5.383307528046880E-003   5.86306826847930     
          34  5.012037219240820E-003   5.79640032653783     
          35  4.570355308109722E-003   5.60244866711910     
          36  4.409773357204059E-003   5.71813016371884     
          37  4.040013462594011E-003   5.53334081162855     
          38  3.854432648386402E-003   5.56921630087382     
          39  3.552734257912128E-003   5.40415921107843     
          40  3.380103696776711E-003   5.40748556802997     
          41  3.219237224736200E-003   5.41169703468915     
          42  2.931884716213122E-003   5.17566904375239     
          43  2.803074264480831E-003   5.18475896303141     
          44  2.606540603548562E-003   5.04920888002122     
          45  2.537440629781281E-003   5.14084093764624     
          46  2.286055430721446E-003   4.84024127210949     
          47  2.155540989113393E-003   4.76129933043785     
          48  2.090580341381606E-003   4.81569211481205     
          49  1.952287140645301E-003   4.68827388146101     
          50  1.859095430007194E-003   4.64962999736108     
          51  1.708552028078038E-003   4.44591415758174     
          52  1.642749048730258E-003   4.44293110330083     
          53  1.543729663335033E-003   4.33831128411133     
          54  1.439372881958651E-003   4.19908546171367     
          55  1.360070800877929E-003   4.11471082188241     
          56  1.299485853840682E-003   4.07477557236387     
          57  1.236692212328741E-003   4.01811924837134     
          58  1.142511691767819E-003   3.84431658231702     
          59  1.079055228147517E-003   3.75638817763175     
          60  1.045003090365497E-003   3.76237743538044     
          61  9.799409642059153E-004   3.64723998265575     
          62  9.303365548890000E-004   3.57713593364159     
          63  8.580732964232807E-004   3.40536041753145     
          64  8.357204942656311E-004   3.42203811238132     
          65  7.957880095385859E-004   3.36234309475036     
          66  7.415631915122003E-004   3.23088938318617     
          67  7.108667812243672E-004   3.19201009115661     
          68  6.638319815218803E-004   3.06978903134586     
          69  6.373723979407058E-004   3.03521650938041     
          70  5.922137026269984E-004   2.90270022130689     
          71  5.613208660535492E-004   2.82966666540282     
          72  5.475240146104327E-004   2.83830841581832     
          73  5.078949516695210E-004   2.70670527383485     
          74  4.889996090888427E-004   2.67819944075869     
          75  4.558839122818543E-004   2.56494988283613     
          76  4.379608829680251E-004   2.52987236260763     
          77  4.154736400773653E-004   2.46375031298301     
          78  3.876451900358552E-004   2.35865588385115     
          79  3.710868902533560E-004   2.31584598380372     
          80  3.550867064706404E-004   2.27239834897319     
          81  3.404252303330532E-004   2.23346063236885     
          82  3.211232002227061E-004   2.15932059177948     
          83  3.065682378456200E-004   2.11214966422879     
          84  2.867222016692336E-004   2.02313561074191     
          85  2.792741863395836E-004   2.01788420527043     
          86  2.626211672360677E-004   1.94256516486408     
          87  2.472791685801825E-004   1.87185129772178     
          88  2.364055638756998E-004   1.83078017410763     
          89  2.274592219290886E-004   1.80183198494849     
          90  2.162254434978337E-004   1.75165000038349     
          91  2.045346162787616E-004   1.69398760918888     
          92  1.938235140060940E-004   1.64073967111722     
          93  1.841836014240384E-004   1.59320825374007     
          94  1.760455594556461E-004   1.55570051009169     
          95  1.654617256006397E-004   1.49314336906524     
          96  1.601548163279050E-004   1.47576125832458     
          97  1.528895389141011E-004   1.43839216121995     
          98  1.460541998089423E-004   1.40284535901113     
          99  1.360192319625660E-004   1.33328874572719     
         100  1.312576396002764E-004   1.31262596074727     
         101  1.250472107421427E-004   1.27565747948055     
         102  1.197878578194522E-004   1.24636000371248     
         103  1.137701961382849E-004   1.20712089923576     
         104  1.060036612132935E-004   1.14651968215373     
         105  1.039288516925713E-004   1.14579944544672     
         106  9.783820600968394E-005   1.09940585966568     
         107  9.377580180523210E-005   1.07364876594244     
         108  8.890292579948555E-005   1.03693679143124     
         109  8.616113471021627E-005   1.02372322222423     
         110  8.083666007410368E-005  0.978244486241235     
         111  7.707280023572615E-005  0.949618762655563     
         112  7.390681563065891E-005  0.927049352464329     
         113  7.074996147999540E-005  0.903402850491465     
         114  6.779439870115532E-005  0.881077525891039     
         115  6.400708580601529E-005  0.846510244727257     
         116  6.173519677860957E-005  0.830685856781589     
         117  5.899556927926266E-005  0.807628544806755     
         118  5.571756189639432E-005  0.775858815453730     
         119  5.327362928326078E-005  0.754360777410895     
         120  5.150505515517138E-005  0.741626994222605     
         121  4.887550591636061E-005  0.715584009342510     
         122  4.666556744034596E-005  0.694606815653034     
         123  4.469440908072701E-005  0.676212238945825     
         124  4.286410526237979E-005  0.659105405173312     
         125  4.140014513695530E-005  0.646917235245865     
         126  3.874526271311341E-005  0.615162664790798     
         127  3.721091027149671E-005  0.600176457374310     
         128  3.576947074472130E-005  0.586021698206583     
         129  3.464706731732215E-005  0.576560879754607     
         130  3.295686100403309E-005  0.557005517676883     
         131  3.128420021435141E-005  0.536868371488685     
         132  3.059977723173134E-005  0.533177284077598     
         133  2.888333993603010E-005  0.510952370325916     
         134  2.796266749993016E-005  0.502128911349701     
         135  2.662307053367756E-005  0.485201600946461     
         136  2.574932630259798E-005  0.476251422221351     
         137  2.489103632110175E-005  0.467200460035693     
         138  2.357132327451685E-005  0.448919254656724     
         139  2.270854240597597E-005  0.438763917964136     
         140  2.202922532963940E-005  0.431766147210933     
         141  2.119619740146115E-005  0.421399573772223     
         142  2.053318266183605E-005  0.414042877345655     
         143  1.958158868218276E-005  0.400429819558560     
         144  1.904252339485629E-005  0.394846005687881     
         145  1.852280149540262E-005  0.389419929000795     
         146  1.799613746582828E-005  0.383602116130619     
         147  1.735428571258286E-005  0.375017221969290     
         148  1.687587230278984E-005  0.369659695494167     
         149  1.645727141267751E-005  0.365388786247307     
         150  1.591976579536342E-005  0.358231616530670     
         151  1.547748153292769E-005  0.352925854296884     
         152  1.518060969116680E-005  0.350739099355414     
         153  1.487329528790255E-005  0.348175496642516     
         154  1.463594014966201E-005  0.347126944506375     
         155  1.425355653651730E-005  0.342462769906002     
         156  1.412460454896254E-005  0.343741532101991     
         157  1.406970639789006E-005  0.346817265249275     
         158  1.383558046924241E-005  0.345414234479271     
         159  1.368373147439283E-005  0.345943958334844     
         160  1.375676305929186E-005  0.352169556082807     
         161  1.387091435738067E-005  0.359573723386777     
         162  1.374165142155574E-005  0.360665863986597     
         163  1.404280172874919E-005  0.373132673522615     
         164  1.414653944442403E-005  0.380511850473616     
         165  1.456329330751210E-005  0.396515339290326     
         166  1.485589082816673E-005  0.409399157201726     
         167  1.563462758427220E-005  0.436060354156655     
         168  1.635197978348262E-005  0.461551364210919     
         169  1.765517329039181E-005  0.504296898118973     
         170  2.017326364674788E-005  0.583140891028134     
         171  3.441981585079216E-006  0.100160950395545     
         172  0.000000000000000E+000  0.000000000000000E+000
         173  0.000000000000000E+000  0.000000000000000E+000
         174  0.000000000000000E+000  0.000000000000000E+000
         175  0.000000000000000E+000  0.000000000000000E+000
         176  0.000000000000000E+000  0.000000000000000E+000
         177  0.000000000000000E+000  0.000000000000000E+000
         178  0.000000000000000E+000  0.000000000000000E+000
         179  0.000000000000000E+000  0.000000000000000E+000
         180  0.000000000000000E+000  0.000000000000000E+000
         181  0.000000000000000E+000  0.000000000000000E+000
         182  0.000000000000000E+000  0.000000000000000E+000
         183  0.000000000000000E+000  0.000000000000000E+000
         184  0.000000000000000E+000  0.000000000000000E+000
         185  0.000000000000000E+000  0.000000000000000E+000
         186  0.000000000000000E+000  0.000000000000000E+000
         187  0.000000000000000E+000  0.000000000000000E+000
         188  0.000000000000000E+000  0.000000000000000E+000
         189  0.000000000000000E+000  0.000000000000000E+000
         190  0.000000000000000E+000  0.000000000000000E+000
         191  0.000000000000000E+000  0.000000000000000E+000
         192  0.000000000000000E+000  0.000000000000000E+000
         193  0.000000000000000E+000  0.000000000000000E+000
         194  0.000000000000000E+000  0.000000000000000E+000
         195  0.000000000000000E+000  0.000000000000000E+000
         196  0.000000000000000E+000  0.000000000000000E+000
         197  0.000000000000000E+000  0.000000000000000E+000
         198  0.000000000000000E+000  0.000000000000000E+000
         199  0.000000000000000E+000  0.000000000000000E+000
         200  0.000000000000000E+000  0.000000000000000E+000
         201  0.000000000000000E+000  0.000000000000000E+000
         202  0.000000000000000E+000  0.000000000000000E+000
         203  0.000000000000000E+000  0.000000000000000E+000
         204  0.000000000000000E+000  0.000000000000000E+000
         205  0.000000000000000E+000  0.000000000000000E+000
         206  0.000000000000000E+000  0.000000000000000E+000
         207  0.000000000000000E+000  0.000000000000000E+000
         208  0.000000000000000E+000  0.000000000000000E+000
         209  0.000000000000000E+000  0.000000000000000E+000
         210  0.000000000000000E+000  0.000000000000000E+000
         211  0.000000000000000E+000  0.000000000000000E+000
         212  0.000000000000000E+000  0.000000000000000E+000
         213  0.000000000000000E+000  0.000000000000000E+000
         214  0.000000000000000E+000  0.000000000000000E+000
         215  0.000000000000000E+000  0.000000000000000E+000
         216  0.000000000000000E+000  0.000000000000000E+000
         217  0.000000000000000E+000  0.000000000000000E+000
         218  0.000000000000000E+000  0.000000000000000E+000
         219  0.000000000000000E+000  0.000000000000000E+000
         220  0.000000000000000E+000  0.000000000000000E+000
         221  0.000000000000000E+000  0.000000000000000E+000
         222  0.000000000000000E+000  0.000000000000000E+000
         223  0.000000000000000E+000  0.000000000000000E+000
         224  0.000000000000000E+000  0.000000000000000E+000
         225  0.000000000000000E+000  0.000000000000000E+000
         226  0.000000000000000E+000  0.000000000000000E+000
         227  0.000000000000000E+000  0.000000000000000E+000
         228  0.000000000000000E+000  0.000000000000000E+000
         229  0.000000000000000E+000  0.000000000000000E+000
         230  0.000000000000000E+000  0.000000000000000E+000
         231  0.000000000000000E+000  0.000000000000000E+000
         232  0.000000000000000E+000  0.000000000000000E+000
         233  0.000000000000000E+000  0.000000000000000E+000
         234  0.000000000000000E+000  0.000000000000000E+000
         235  0.000000000000000E+000  0.000000000000000E+000
         236  0.000000000000000E+000  0.000000000000000E+000
         237  0.000000000000000E+000  0.000000000000000E+000
         238  0.000000000000000E+000  0.000000000000000E+000
         239  0.000000000000000E+000  0.000000000000000E+000
         240  0.000000000000000E+000  0.000000000000000E+000
         241  0.000000000000000E+000  0.000000000000000E+000
         242  0.000000000000000E+000  0.000000000000000E+000
         243  0.000000000000000E+000  0.000000000000000E+000
         244  0.000000000000000E+000  0.000000000000000E+000
         245  0.000000000000000E+000  0.000000000000000E+000
         246  0.000000000000000E+000  0.000000000000000E+000
         247  0.000000000000000E+000  0.000000000000000E+000
         248  0.000000000000000E+000  0.000000000000000E+000
         249  0.000000000000000E+000  0.000000000000000E+000
         250  0.000000000000000E+000  0.000000000000000E+000
         251  0.000000000000000E+000  0.000000000000000E+000
         252  0.000000000000000E+000  0.000000000000000E+000
         253  0.000000000000000E+000  0.000000000000000E+000
         254  0.000000000000000E+000  0.000000000000000E+000
         255  0.000000000000000E+000  0.000000000000000E+000
         256  0.000000000000000E+000  0.000000000000000E+000
         257  0.000000000000000E+000  0.000000000000000E+000
         258  0.000000000000000E+000  0.000000000000000E+000
         259  0.000000000000000E+000  0.000000000000000E+000
         260  0.000000000000000E+000  0.000000000000000E+000
         261  0.000000000000000E+000  0.000000000000000E+000
         262  0.000000000000000E+000  0.000000000000000E+000
         263  0.000000000000000E+000  0.000000000000000E+000
         264  0.000000000000000E+000  0.000000000000000E+000
         265  0.000000000000000E+000  0.000000000000000E+000
         266  0.000000000000000E+000  0.000000000000000E+000
         267  0.000000000000000E+000  0.000000000000000E+000
         268  0.000000000000000E+000  0.000000000000000E+000
         269  0.000000000000000E+000  0.000000000000000E+000
         270  0.000000000000000E+000  0.000000000000000E+000
         271  0.000000000000000E+000  0.000000000000000E+000
         272  0.000000000000000E+000  0.000000000000000E+000
         273  0.000000000000000E+000  0.000000000000000E+000
         274  0.000000000000000E+000  0.000000000000000E+000
         275  0.000000000000000E+000  0.000000000000000E+000
         276  0.000000000000000E+000  0.000000000000000E+000
         277  0.000000000000000E+000  0.000000000000000E+000
         278  0.000000000000000E+000  0.000000000000000E+000
         279  0.000000000000000E+000  0.000000000000000E+000
         280  0.000000000000000E+000  0.000000000000000E+000
         281  0.000000000000000E+000  0.000000000000000E+000
         282  0.000000000000000E+000  0.000000000000000E+000
         283  0.000000000000000E+000  0.000000000000000E+000
         284  0.000000000000000E+000  0.000000000000000E+000
         285  0.000000000000000E+000  0.000000000000000E+000
         286  0.000000000000000E+000  0.000000000000000E+000
         287  0.000000000000000E+000  0.000000000000000E+000
         288  0.000000000000000E+000  0.000000000000000E+000
         289  0.000000000000000E+000  0.000000000000000E+000
         290  0.000000000000000E+000  0.000000000000000E+000
         291  0.000000000000000E+000  0.000000000000000E+000
         292  0.000000000000000E+000  0.000000000000000E+000
         293  0.000000000000000E+000  0.000000000000000E+000
         294  0.000000000000000E+000  0.000000000000000E+000
         295  0.000000000000000E+000  0.000000000000000E+000
         296  0.000000000000000E+000  0.000000000000000E+000
         297  0.000000000000000E+000  0.000000000000000E+000
         298  0.000000000000000E+000  0.000000000000000E+000
         299  0.000000000000000E+000  0.000000000000000E+000
         300  0.000000000000000E+000  0.000000000000000E+000
         301  0.000000000000000E+000  0.000000000000000E+000
         302  0.000000000000000E+000  0.000000000000000E+000
         303  0.000000000000000E+000  0.000000000000000E+000
         304  0.000000000000000E+000  0.000000000000000E+000
         305  0.000000000000000E+000  0.000000000000000E+000
         306  0.000000000000000E+000  0.000000000000000E+000
         307  0.000000000000000E+000  0.000000000000000E+000
         308  0.000000000000000E+000  0.000000000000000E+000
         309  0.000000000000000E+000  0.000000000000000E+000
         310  0.000000000000000E+000  0.000000000000000E+000
         311  0.000000000000000E+000  0.000000000000000E+000
         312  0.000000000000000E+000  0.000000000000000E+000
         313  0.000000000000000E+000  0.000000000000000E+000
         314  0.000000000000000E+000  0.000000000000000E+000
         315  0.000000000000000E+000  0.000000000000000E+000
         316  0.000000000000000E+000  0.000000000000000E+000
         317  0.000000000000000E+000  0.000000000000000E+000
         318  0.000000000000000E+000  0.000000000000000E+000
         319  0.000000000000000E+000  0.000000000000000E+000
         320  0.000000000000000E+000  0.000000000000000E+000
         321  0.000000000000000E+000  0.000000000000000E+000
         322  0.000000000000000E+000  0.000000000000000E+000
         323  0.000000000000000E+000  0.000000000000000E+000
         324  0.000000000000000E+000  0.000000000000000E+000
         325  0.000000000000000E+000  0.000000000000000E+000
         326  0.000000000000000E+000  0.000000000000000E+000
         327  0.000000000000000E+000  0.000000000000000E+000
         328  0.000000000000000E+000  0.000000000000000E+000
         329  0.000000000000000E+000  0.000000000000000E+000
         330  0.000000000000000E+000  0.000000000000000E+000
         331  0.000000000000000E+000  0.000000000000000E+000
         332  0.000000000000000E+000  0.000000000000000E+000
         333  0.000000000000000E+000  0.000000000000000E+000
         334  0.000000000000000E+000  0.000000000000000E+000
         335  0.000000000000000E+000  0.000000000000000E+000
         336  0.000000000000000E+000  0.000000000000000E+000
         337  0.000000000000000E+000  0.000000000000000E+000
         338  0.000000000000000E+000  0.000000000000000E+000
         339  0.000000000000000E+000  0.000000000000000E+000
         340  0.000000000000000E+000  0.000000000000000E+000
         341  0.000000000000000E+000  0.000000000000000E+000
         342  0.000000000000000E+000  0.000000000000000E+000
         343  0.000000000000000E+000  0.000000000000000E+000
         344  0.000000000000000E+000  0.000000000000000E+000
         345  0.000000000000000E+000  0.000000000000000E+000
         346  0.000000000000000E+000  0.000000000000000E+000
         347  0.000000000000000E+000  0.000000000000000E+000
         348  0.000000000000000E+000  0.000000000000000E+000
         349  0.000000000000000E+000  0.000000000000000E+000
         350  0.000000000000000E+000  0.000000000000000E+000
         351  0.000000000000000E+000  0.000000000000000E+000
         352  0.000000000000000E+000  0.000000000000000E+000
         353  0.000000000000000E+000  0.000000000000000E+000
         354  0.000000000000000E+000  0.000000000000000E+000
         355  0.000000000000000E+000  0.000000000000000E+000
         356  0.000000000000000E+000  0.000000000000000E+000
         357  0.000000000000000E+000  0.000000000000000E+000
         358  0.000000000000000E+000  0.000000000000000E+000
         359  0.000000000000000E+000  0.000000000000000E+000
         360  0.000000000000000E+000  0.000000000000000E+000
         361  0.000000000000000E+000  0.000000000000000E+000
         362  0.000000000000000E+000  0.000000000000000E+000
         363  0.000000000000000E+000  0.000000000000000E+000
         364  0.000000000000000E+000  0.000000000000000E+000
         365  0.000000000000000E+000  0.000000000000000E+000
         366  0.000000000000000E+000  0.000000000000000E+000
         367  0.000000000000000E+000  0.000000000000000E+000
         368  0.000000000000000E+000  0.000000000000000E+000
         369  0.000000000000000E+000  0.000000000000000E+000
         370  0.000000000000000E+000  0.000000000000000E+000
         371  0.000000000000000E+000  0.000000000000000E+000
         372  0.000000000000000E+000  0.000000000000000E+000
         373  0.000000000000000E+000  0.000000000000000E+000
         374  0.000000000000000E+000  0.000000000000000E+000
         375  0.000000000000000E+000  0.000000000000000E+000
         376  0.000000000000000E+000  0.000000000000000E+000
         377  0.000000000000000E+000  0.000000000000000E+000
         378  0.000000000000000E+000  0.000000000000000E+000
         379  0.000000000000000E+000  0.000000000000000E+000
         380  0.000000000000000E+000  0.000000000000000E+000
         381  0.000000000000000E+000  0.000000000000000E+000
         382  0.000000000000000E+000  0.000000000000000E+000
         383  0.000000000000000E+000  0.000000000000000E+000
         384  0.000000000000000E+000  0.000000000000000E+000
         385  0.000000000000000E+000  0.000000000000000E+000
         386  0.000000000000000E+000  0.000000000000000E+000
         387  0.000000000000000E+000  0.000000000000000E+000
         388  0.000000000000000E+000  0.000000000000000E+000
         389  0.000000000000000E+000  0.000000000000000E+000
         390  0.000000000000000E+000  0.000000000000000E+000
         391  0.000000000000000E+000  0.000000000000000E+000
         392  0.000000000000000E+000  0.000000000000000E+000
         393  0.000000000000000E+000  0.000000000000000E+000
         394  0.000000000000000E+000  0.000000000000000E+000
         395  0.000000000000000E+000  0.000000000000000E+000
         396  0.000000000000000E+000  0.000000000000000E+000
         397  0.000000000000000E+000  0.000000000000000E+000
         398  0.000000000000000E+000  0.000000000000000E+000
         399  0.000000000000000E+000  0.000000000000000E+000
         400  0.000000000000000E+000  0.000000000000000E+000
         401  0.000000000000000E+000  0.000000000000000E+000
         402  0.000000000000000E+000  0.000000000000000E+000
         403  0.000000000000000E+000  0.000000000000000E+000
         404  0.000000000000000E+000  0.000000000000000E+000
         405  0.000000000000000E+000  0.000000000000000E+000
         406  0.000000000000000E+000  0.000000000000000E+000
         407  0.000000000000000E+000  0.000000000000000E+000
         408  0.000000000000000E+000  0.000000000000000E+000
         409  0.000000000000000E+000  0.000000000000000E+000
         410  0.000000000000000E+000  0.000000000000000E+000
         411  0.000000000000000E+000  0.000000000000000E+000
         412  0.000000000000000E+000  0.000000000000000E+000
         413  0.000000000000000E+000  0.000000000000000E+000
         414  0.000000000000000E+000  0.000000000000000E+000
         415  0.000000000000000E+000  0.000000000000000E+000
         416  0.000000000000000E+000  0.000000000000000E+000
         417  0.000000000000000E+000  0.000000000000000E+000
         418  0.000000000000000E+000  0.000000000000000E+000
         419  0.000000000000000E+000  0.000000000000000E+000
         420  0.000000000000000E+000  0.000000000000000E+000
         421  0.000000000000000E+000  0.000000000000000E+000
         422  0.000000000000000E+000  0.000000000000000E+000
         423  0.000000000000000E+000  0.000000000000000E+000
         424  0.000000000000000E+000  0.000000000000000E+000
         425  0.000000000000000E+000  0.000000000000000E+000
         426  0.000000000000000E+000  0.000000000000000E+000
         427  0.000000000000000E+000  0.000000000000000E+000
         428  0.000000000000000E+000  0.000000000000000E+000
         429  0.000000000000000E+000  0.000000000000000E+000
         430  0.000000000000000E+000  0.000000000000000E+000
         431  0.000000000000000E+000  0.000000000000000E+000
         432  0.000000000000000E+000  0.000000000000000E+000
         433  0.000000000000000E+000  0.000000000000000E+000
         434  0.000000000000000E+000  0.000000000000000E+000
         435  0.000000000000000E+000  0.000000000000000E+000
         436  0.000000000000000E+000  0.000000000000000E+000
         437  0.000000000000000E+000  0.000000000000000E+000
         438  0.000000000000000E+000  0.000000000000000E+000
         439  0.000000000000000E+000  0.000000000000000E+000
         440  0.000000000000000E+000  0.000000000000000E+000
         441  0.000000000000000E+000  0.000000000000000E+000
         442  0.000000000000000E+000  0.000000000000000E+000
         443  0.000000000000000E+000  0.000000000000000E+000
         444  0.000000000000000E+000  0.000000000000000E+000
