           0  0.000000000000000E+000  0.000000000000000E+000
           1  0.637303304893833       0.932456535191169     
           2  0.574188876664784        2.70393886996199     
           3  0.200034041301248        1.89110988304450     
           4  0.180651264523830        2.87373404932287     
           5  0.121004013248130        3.04481836022897     
           6  7.747607298696971E-002   2.87472095606715     
           7  6.484941762516108E-002   3.21233254357300     
           8  5.007428973915595E-002   3.19158196485246     
           9  5.234218456129990E-002   4.24740261053871     
          10  3.895283184520548E-002   3.96032950013355     
          11  3.514801977009801E-002   4.28266818736074     
          12  3.187131184255823E-002   4.59338088764838     
          13  2.884887631883760E-002   4.88984093715963     
          14  2.453575459671043E-002   4.83506390658637     
          15  2.061911469924213E-002   4.64241743755672     
          16  2.139665339846090E-002   5.46733577435377     
          17  1.873081403221464E-002   5.42076821838487     
          18  1.715985415299637E-002   5.57836926613553     
          19  1.451929752052884E-002   5.26043296700632     
          20  1.394752193077830E-002   5.58425058554021     
          21  1.322224354821513E-002   5.84436893222053     
          22  1.180333759204256E-002   5.72598531847823     
          23  1.064199466572283E-002   5.63277533151398     
          24  1.001371978655404E-002   5.76985749644795     
          25  9.716671495293285E-003   6.07357800658039     
          26  8.792800471145532E-003   5.94885764042255     
          27  7.971084740628980E-003   5.81792967795101     
          28  7.687445803492414E-003   6.03541780788733     
          29  6.878929101869888E-003   5.79132106909054     
          30  6.382811889319741E-003   5.75082701160467     
          31  6.071771644598704E-003   5.83831368339427     
          32  5.499726852532033E-003   5.63344166691038     
          33  5.374944445549706E-003   5.85158209961477     
          34  4.877860583963143E-003   5.64101295794069     
          35  4.539414102672059E-003   5.56436894448010     
          36  4.294824519057421E-003   5.56842181266103     
          37  3.981555129409705E-003   5.45387367001382     
          38  3.815745226956992E-003   5.51350309933353     
          39  3.506956952637976E-003   5.33567322766884     
          40  3.375006325305619E-003   5.39903557360915     
          41  3.124490186928161E-003   5.25444766247656     
          42  2.854268962230549E-003   5.03770978938744     
          43  2.757406671998008E-003   5.10057128883019     
          44  2.536309817626500E-003   4.91231011370964     
          45  2.456993917223758E-003   4.97733657923090     
          46  2.207349145689071E-003   4.67306836834713     
          47  2.107136978214956E-003   4.65477257128965     
          48  1.991145823778027E-003   4.58619031383961     
          49  1.911240463096945E-003   4.58935407814214     
          50  1.797723287082597E-003   4.49697578370994     
          51  1.676208255710237E-003   4.36179402884126     
          52  1.582682285744036E-003   4.28028514454070     
          53  1.517382910019375E-003   4.26383060405579     
          54  1.403365636342039E-003   4.09376190998168     
          55  1.323757183071433E-003   4.00432459995966     
          56  1.257699869912861E-003   3.94329458212950     
          57  1.207326961327680E-003   3.92256125023220     
          58  1.127836229205794E-003   3.79511755403880     
          59  1.061727017448140E-003   3.69622408640503     
          60  1.020547323279862E-003   3.67442798714459     
          61  9.483563465943628E-004   3.52940123243942     
          62  9.013428396474421E-004   3.46567505376295     
          63  8.345896572311670E-004   3.31231616345815     
          64  8.134313489794183E-004   3.33093022411614     
          65  7.841290306810073E-004   3.31300477075350     
          66  7.210045604838792E-004   3.14147249956881     
          67  6.914448853682063E-004   3.10444885218160     
          68  6.388249188455425E-004   2.95440162741749     
          69  6.177142954428530E-004   2.94147932297037     
          70  5.776941308696707E-004   2.83157211167169     
          71  5.430429540374477E-004   2.73768131727746     
          72  5.280876821999461E-004   2.73760559604826     
          73  4.955115860453143E-004   2.64071109643689     
          74  4.775128617629692E-004   2.61523064120859     
          75  4.401306453271576E-004   2.47621404736753     
          76  4.242924876477726E-004   2.45084806253432     
          77  4.065287330655589E-004   2.41071203443480     
          78  3.797388385859545E-004   2.31054248459326     
          79  3.609341624091012E-004   2.25256683592031     
          80  3.407899991269742E-004   2.18080313365376     
          81  3.312016400153788E-004   2.17298687046326     
          82  3.110373351617505E-004   2.09155748466830     
          83  2.906043086404382E-004   2.00218525924603     
          84  2.782329415444962E-004   1.96314813190194     
          85  2.685026729355412E-004   1.94008795852450     
          86  2.516826270992226E-004   1.86160635131725     
          87  2.380502836485771E-004   1.80199287204883     
          88  2.290850537869156E-004   1.77409213237932     
          89  2.178362490990084E-004   1.72550598386222     
          90  2.091293770008369E-004   1.69415031260396     
          91  1.961265259658078E-004   1.62442271375952     
          92  1.865263652331783E-004   1.57895042438168     
          93  1.768458989613598E-004   1.52972235537180     
          94  1.671682385424615E-004   1.47720518830650     
          95  1.596377713955918E-004   1.44062687769484     
          96  1.527517283999383E-004   1.40751407304761     
          97  1.460676908004702E-004   1.37421117186597     
          98  1.410398143446057E-004   1.35466256449870     
          99  1.314830749617794E-004   1.28881473627167     
         100  1.261511120789994E-004   1.26157170093409     
         101  1.197961921781116E-004   1.22208725627184     
         102  1.143794963239820E-004   1.19004693874468     
         103  1.093335988330142E-004   1.16004667019880     
         104  1.020513092453324E-004   1.10375476917354     
         105  1.001674526259440E-004   1.10432909263055     
         106  9.380252250739460E-005   1.05403100571316     
         107  8.961819238458040E-005   1.02602992052271     
         108  8.544498759877016E-005  0.996594781776881     
         109  8.218479006610837E-005  0.976495935054507     
         110  7.720254074925401E-005  0.934282378063111     
         111  7.313391401314083E-005  0.901087984205138     
         112  7.060417669383531E-005  0.885621354547957     
         113  6.731965752399235E-005  0.859583706447062     
         114  6.423669417319161E-005  0.834846154197597     
         115  6.083039481187121E-005  0.804481408466847     
         116  5.875161659666111E-005  0.790549057631828     
         117  5.613854586229911E-005  0.768524648956971     
         118  5.296445893288217E-005  0.737509878716952     
         119  5.055969571621938E-005  0.715921498447165     
         120  4.862597782783082E-005  0.700166322677054     
         121  4.623653519682225E-005  0.676934565869269     
         122  4.448991561799366E-005  0.662216005029613     
         123  4.247482051780188E-005  0.642606314398078     
         124  4.036036029000025E-005  0.620586049872160     
         125  3.892836307083535E-005  0.608300909346913     
         126  3.677892408019881E-005  0.583943907910276     
         127  3.529953287881309E-005  0.569358249505206     
         128  3.388752618094685E-005  0.555193961154219     
         129  3.250179854394534E-005  0.540876999176452     
         130  3.107498492807673E-005  0.525203183692203     
         131  2.946884223122300E-005  0.505707229638976     
         132  2.889962008423837E-005  0.503548907506449     
         133  2.711555930249034E-005  0.479679838806278     
         134  2.631095886350914E-005  0.472459761145453     
         135  2.485662866236019E-005  0.453021240660148     
         136  2.420326505161096E-005  0.447653266792209     
         137  2.331967872621093E-005  0.437702106326249     
         138  2.223317825510720E-005  0.423442434934984     
         139  2.121601778422880E-005  0.409919131692501     
         140  2.059520593000957E-005  0.403653142439119     
         141  1.982569258767120E-005  0.394151567378949     
         142  1.925407464288652E-005  0.388248712886475     
         143  1.820508462477720E-005  0.372274058129207     
         144  1.782634904827927E-005  0.369627133820092     
         145  1.722770518844335E-005  0.362191336982349     
         146  1.661960965546247E-005  0.354260255664356     
         147  1.611822000921525E-005  0.348301971265834     
         148  1.566254644729611E-005  0.343083232621389     
         149  1.520032419184362E-005  0.337481196782901     
         150  1.477009682564262E-005  0.332356631306238     
         151  1.427163044380137E-005  0.325429279559139     
         152  1.401828394010944E-005  0.323882044626815     
         153  1.371196958045075E-005  0.320997104174827     
         154  1.352427655702443E-005  0.320762427215645     
         155  1.306817253099528E-005  0.313980919375851     
         156  1.298742435926002E-005  0.316074220081507     
         157  1.289597207861875E-005  0.317885529159757     
         158  1.270293305293701E-005  0.317131615251428     
         159  1.254276271566733E-005  0.317093330293797     
         160  1.255154451944690E-005  0.321313085040974     
         161  1.266936358781160E-005  0.328423629624133     
         162  1.255470054684183E-005  0.329509384689675     
         163  1.278822373342772E-005  0.339801553530343     
         164  1.295392536146878E-005  0.348428127235078     
         165  1.330795982148187E-005  0.362335035683220     
         166  1.354165862629793E-005  0.373176519787932     
         167  1.426298321763773E-005  0.397801365749819     
         168  1.504101509239853E-005  0.424554509277522     
         169  1.613457621503148E-005  0.460866313799512     
         170  1.853735579186233E-005  0.535845799312312     
         171  3.139671476355382E-006  9.136383369664668E-002
         172  0.000000000000000E+000  0.000000000000000E+000
         173  0.000000000000000E+000  0.000000000000000E+000
         174  0.000000000000000E+000  0.000000000000000E+000
         175  0.000000000000000E+000  0.000000000000000E+000
         176  0.000000000000000E+000  0.000000000000000E+000
         177  0.000000000000000E+000  0.000000000000000E+000
         178  0.000000000000000E+000  0.000000000000000E+000
         179  0.000000000000000E+000  0.000000000000000E+000
         180  0.000000000000000E+000  0.000000000000000E+000
         181  0.000000000000000E+000  0.000000000000000E+000
         182  0.000000000000000E+000  0.000000000000000E+000
         183  0.000000000000000E+000  0.000000000000000E+000
         184  0.000000000000000E+000  0.000000000000000E+000
         185  0.000000000000000E+000  0.000000000000000E+000
         186  0.000000000000000E+000  0.000000000000000E+000
         187  0.000000000000000E+000  0.000000000000000E+000
         188  0.000000000000000E+000  0.000000000000000E+000
         189  0.000000000000000E+000  0.000000000000000E+000
         190  0.000000000000000E+000  0.000000000000000E+000
         191  0.000000000000000E+000  0.000000000000000E+000
         192  0.000000000000000E+000  0.000000000000000E+000
         193  0.000000000000000E+000  0.000000000000000E+000
         194  0.000000000000000E+000  0.000000000000000E+000
         195  0.000000000000000E+000  0.000000000000000E+000
         196  0.000000000000000E+000  0.000000000000000E+000
         197  0.000000000000000E+000  0.000000000000000E+000
         198  0.000000000000000E+000  0.000000000000000E+000
         199  0.000000000000000E+000  0.000000000000000E+000
         200  0.000000000000000E+000  0.000000000000000E+000
         201  0.000000000000000E+000  0.000000000000000E+000
         202  0.000000000000000E+000  0.000000000000000E+000
         203  0.000000000000000E+000  0.000000000000000E+000
         204  0.000000000000000E+000  0.000000000000000E+000
         205  0.000000000000000E+000  0.000000000000000E+000
         206  0.000000000000000E+000  0.000000000000000E+000
         207  0.000000000000000E+000  0.000000000000000E+000
         208  0.000000000000000E+000  0.000000000000000E+000
         209  0.000000000000000E+000  0.000000000000000E+000
         210  0.000000000000000E+000  0.000000000000000E+000
         211  0.000000000000000E+000  0.000000000000000E+000
         212  0.000000000000000E+000  0.000000000000000E+000
         213  0.000000000000000E+000  0.000000000000000E+000
         214  0.000000000000000E+000  0.000000000000000E+000
         215  0.000000000000000E+000  0.000000000000000E+000
         216  0.000000000000000E+000  0.000000000000000E+000
         217  0.000000000000000E+000  0.000000000000000E+000
         218  0.000000000000000E+000  0.000000000000000E+000
         219  0.000000000000000E+000  0.000000000000000E+000
         220  0.000000000000000E+000  0.000000000000000E+000
         221  0.000000000000000E+000  0.000000000000000E+000
         222  0.000000000000000E+000  0.000000000000000E+000
         223  0.000000000000000E+000  0.000000000000000E+000
         224  0.000000000000000E+000  0.000000000000000E+000
         225  0.000000000000000E+000  0.000000000000000E+000
         226  0.000000000000000E+000  0.000000000000000E+000
         227  0.000000000000000E+000  0.000000000000000E+000
         228  0.000000000000000E+000  0.000000000000000E+000
         229  0.000000000000000E+000  0.000000000000000E+000
         230  0.000000000000000E+000  0.000000000000000E+000
         231  0.000000000000000E+000  0.000000000000000E+000
         232  0.000000000000000E+000  0.000000000000000E+000
         233  0.000000000000000E+000  0.000000000000000E+000
         234  0.000000000000000E+000  0.000000000000000E+000
         235  0.000000000000000E+000  0.000000000000000E+000
         236  0.000000000000000E+000  0.000000000000000E+000
         237  0.000000000000000E+000  0.000000000000000E+000
         238  0.000000000000000E+000  0.000000000000000E+000
         239  0.000000000000000E+000  0.000000000000000E+000
         240  0.000000000000000E+000  0.000000000000000E+000
         241  0.000000000000000E+000  0.000000000000000E+000
         242  0.000000000000000E+000  0.000000000000000E+000
         243  0.000000000000000E+000  0.000000000000000E+000
         244  0.000000000000000E+000  0.000000000000000E+000
         245  0.000000000000000E+000  0.000000000000000E+000
         246  0.000000000000000E+000  0.000000000000000E+000
         247  0.000000000000000E+000  0.000000000000000E+000
         248  0.000000000000000E+000  0.000000000000000E+000
         249  0.000000000000000E+000  0.000000000000000E+000
         250  0.000000000000000E+000  0.000000000000000E+000
         251  0.000000000000000E+000  0.000000000000000E+000
         252  0.000000000000000E+000  0.000000000000000E+000
         253  0.000000000000000E+000  0.000000000000000E+000
         254  0.000000000000000E+000  0.000000000000000E+000
         255  0.000000000000000E+000  0.000000000000000E+000
         256  0.000000000000000E+000  0.000000000000000E+000
         257  0.000000000000000E+000  0.000000000000000E+000
         258  0.000000000000000E+000  0.000000000000000E+000
         259  0.000000000000000E+000  0.000000000000000E+000
         260  0.000000000000000E+000  0.000000000000000E+000
         261  0.000000000000000E+000  0.000000000000000E+000
         262  0.000000000000000E+000  0.000000000000000E+000
         263  0.000000000000000E+000  0.000000000000000E+000
         264  0.000000000000000E+000  0.000000000000000E+000
         265  0.000000000000000E+000  0.000000000000000E+000
         266  0.000000000000000E+000  0.000000000000000E+000
         267  0.000000000000000E+000  0.000000000000000E+000
         268  0.000000000000000E+000  0.000000000000000E+000
         269  0.000000000000000E+000  0.000000000000000E+000
         270  0.000000000000000E+000  0.000000000000000E+000
         271  0.000000000000000E+000  0.000000000000000E+000
         272  0.000000000000000E+000  0.000000000000000E+000
         273  0.000000000000000E+000  0.000000000000000E+000
         274  0.000000000000000E+000  0.000000000000000E+000
         275  0.000000000000000E+000  0.000000000000000E+000
         276  0.000000000000000E+000  0.000000000000000E+000
         277  0.000000000000000E+000  0.000000000000000E+000
         278  0.000000000000000E+000  0.000000000000000E+000
         279  0.000000000000000E+000  0.000000000000000E+000
         280  0.000000000000000E+000  0.000000000000000E+000
         281  0.000000000000000E+000  0.000000000000000E+000
         282  0.000000000000000E+000  0.000000000000000E+000
         283  0.000000000000000E+000  0.000000000000000E+000
         284  0.000000000000000E+000  0.000000000000000E+000
         285  0.000000000000000E+000  0.000000000000000E+000
         286  0.000000000000000E+000  0.000000000000000E+000
         287  0.000000000000000E+000  0.000000000000000E+000
         288  0.000000000000000E+000  0.000000000000000E+000
         289  0.000000000000000E+000  0.000000000000000E+000
         290  0.000000000000000E+000  0.000000000000000E+000
         291  0.000000000000000E+000  0.000000000000000E+000
         292  0.000000000000000E+000  0.000000000000000E+000
         293  0.000000000000000E+000  0.000000000000000E+000
         294  0.000000000000000E+000  0.000000000000000E+000
         295  0.000000000000000E+000  0.000000000000000E+000
         296  0.000000000000000E+000  0.000000000000000E+000
         297  0.000000000000000E+000  0.000000000000000E+000
         298  0.000000000000000E+000  0.000000000000000E+000
         299  0.000000000000000E+000  0.000000000000000E+000
         300  0.000000000000000E+000  0.000000000000000E+000
         301  0.000000000000000E+000  0.000000000000000E+000
         302  0.000000000000000E+000  0.000000000000000E+000
         303  0.000000000000000E+000  0.000000000000000E+000
         304  0.000000000000000E+000  0.000000000000000E+000
         305  0.000000000000000E+000  0.000000000000000E+000
         306  0.000000000000000E+000  0.000000000000000E+000
         307  0.000000000000000E+000  0.000000000000000E+000
         308  0.000000000000000E+000  0.000000000000000E+000
         309  0.000000000000000E+000  0.000000000000000E+000
         310  0.000000000000000E+000  0.000000000000000E+000
         311  0.000000000000000E+000  0.000000000000000E+000
         312  0.000000000000000E+000  0.000000000000000E+000
         313  0.000000000000000E+000  0.000000000000000E+000
         314  0.000000000000000E+000  0.000000000000000E+000
         315  0.000000000000000E+000  0.000000000000000E+000
         316  0.000000000000000E+000  0.000000000000000E+000
         317  0.000000000000000E+000  0.000000000000000E+000
         318  0.000000000000000E+000  0.000000000000000E+000
         319  0.000000000000000E+000  0.000000000000000E+000
         320  0.000000000000000E+000  0.000000000000000E+000
         321  0.000000000000000E+000  0.000000000000000E+000
         322  0.000000000000000E+000  0.000000000000000E+000
         323  0.000000000000000E+000  0.000000000000000E+000
         324  0.000000000000000E+000  0.000000000000000E+000
         325  0.000000000000000E+000  0.000000000000000E+000
         326  0.000000000000000E+000  0.000000000000000E+000
         327  0.000000000000000E+000  0.000000000000000E+000
         328  0.000000000000000E+000  0.000000000000000E+000
         329  0.000000000000000E+000  0.000000000000000E+000
         330  0.000000000000000E+000  0.000000000000000E+000
         331  0.000000000000000E+000  0.000000000000000E+000
         332  0.000000000000000E+000  0.000000000000000E+000
         333  0.000000000000000E+000  0.000000000000000E+000
         334  0.000000000000000E+000  0.000000000000000E+000
         335  0.000000000000000E+000  0.000000000000000E+000
         336  0.000000000000000E+000  0.000000000000000E+000
         337  0.000000000000000E+000  0.000000000000000E+000
         338  0.000000000000000E+000  0.000000000000000E+000
         339  0.000000000000000E+000  0.000000000000000E+000
         340  0.000000000000000E+000  0.000000000000000E+000
         341  0.000000000000000E+000  0.000000000000000E+000
         342  0.000000000000000E+000  0.000000000000000E+000
         343  0.000000000000000E+000  0.000000000000000E+000
         344  0.000000000000000E+000  0.000000000000000E+000
         345  0.000000000000000E+000  0.000000000000000E+000
         346  0.000000000000000E+000  0.000000000000000E+000
         347  0.000000000000000E+000  0.000000000000000E+000
         348  0.000000000000000E+000  0.000000000000000E+000
         349  0.000000000000000E+000  0.000000000000000E+000
         350  0.000000000000000E+000  0.000000000000000E+000
         351  0.000000000000000E+000  0.000000000000000E+000
         352  0.000000000000000E+000  0.000000000000000E+000
         353  0.000000000000000E+000  0.000000000000000E+000
         354  0.000000000000000E+000  0.000000000000000E+000
         355  0.000000000000000E+000  0.000000000000000E+000
         356  0.000000000000000E+000  0.000000000000000E+000
         357  0.000000000000000E+000  0.000000000000000E+000
         358  0.000000000000000E+000  0.000000000000000E+000
         359  0.000000000000000E+000  0.000000000000000E+000
         360  0.000000000000000E+000  0.000000000000000E+000
         361  0.000000000000000E+000  0.000000000000000E+000
         362  0.000000000000000E+000  0.000000000000000E+000
         363  0.000000000000000E+000  0.000000000000000E+000
         364  0.000000000000000E+000  0.000000000000000E+000
         365  0.000000000000000E+000  0.000000000000000E+000
         366  0.000000000000000E+000  0.000000000000000E+000
         367  0.000000000000000E+000  0.000000000000000E+000
         368  0.000000000000000E+000  0.000000000000000E+000
         369  0.000000000000000E+000  0.000000000000000E+000
         370  0.000000000000000E+000  0.000000000000000E+000
         371  0.000000000000000E+000  0.000000000000000E+000
         372  0.000000000000000E+000  0.000000000000000E+000
         373  0.000000000000000E+000  0.000000000000000E+000
         374  0.000000000000000E+000  0.000000000000000E+000
         375  0.000000000000000E+000  0.000000000000000E+000
         376  0.000000000000000E+000  0.000000000000000E+000
         377  0.000000000000000E+000  0.000000000000000E+000
         378  0.000000000000000E+000  0.000000000000000E+000
         379  0.000000000000000E+000  0.000000000000000E+000
         380  0.000000000000000E+000  0.000000000000000E+000
         381  0.000000000000000E+000  0.000000000000000E+000
         382  0.000000000000000E+000  0.000000000000000E+000
         383  0.000000000000000E+000  0.000000000000000E+000
         384  0.000000000000000E+000  0.000000000000000E+000
         385  0.000000000000000E+000  0.000000000000000E+000
         386  0.000000000000000E+000  0.000000000000000E+000
         387  0.000000000000000E+000  0.000000000000000E+000
         388  0.000000000000000E+000  0.000000000000000E+000
         389  0.000000000000000E+000  0.000000000000000E+000
         390  0.000000000000000E+000  0.000000000000000E+000
         391  0.000000000000000E+000  0.000000000000000E+000
         392  0.000000000000000E+000  0.000000000000000E+000
         393  0.000000000000000E+000  0.000000000000000E+000
         394  0.000000000000000E+000  0.000000000000000E+000
         395  0.000000000000000E+000  0.000000000000000E+000
         396  0.000000000000000E+000  0.000000000000000E+000
         397  0.000000000000000E+000  0.000000000000000E+000
         398  0.000000000000000E+000  0.000000000000000E+000
         399  0.000000000000000E+000  0.000000000000000E+000
         400  0.000000000000000E+000  0.000000000000000E+000
         401  0.000000000000000E+000  0.000000000000000E+000
         402  0.000000000000000E+000  0.000000000000000E+000
         403  0.000000000000000E+000  0.000000000000000E+000
         404  0.000000000000000E+000  0.000000000000000E+000
         405  0.000000000000000E+000  0.000000000000000E+000
         406  0.000000000000000E+000  0.000000000000000E+000
         407  0.000000000000000E+000  0.000000000000000E+000
         408  0.000000000000000E+000  0.000000000000000E+000
         409  0.000000000000000E+000  0.000000000000000E+000
         410  0.000000000000000E+000  0.000000000000000E+000
         411  0.000000000000000E+000  0.000000000000000E+000
         412  0.000000000000000E+000  0.000000000000000E+000
         413  0.000000000000000E+000  0.000000000000000E+000
         414  0.000000000000000E+000  0.000000000000000E+000
         415  0.000000000000000E+000  0.000000000000000E+000
         416  0.000000000000000E+000  0.000000000000000E+000
         417  0.000000000000000E+000  0.000000000000000E+000
         418  0.000000000000000E+000  0.000000000000000E+000
         419  0.000000000000000E+000  0.000000000000000E+000
         420  0.000000000000000E+000  0.000000000000000E+000
         421  0.000000000000000E+000  0.000000000000000E+000
         422  0.000000000000000E+000  0.000000000000000E+000
         423  0.000000000000000E+000  0.000000000000000E+000
         424  0.000000000000000E+000  0.000000000000000E+000
         425  0.000000000000000E+000  0.000000000000000E+000
         426  0.000000000000000E+000  0.000000000000000E+000
         427  0.000000000000000E+000  0.000000000000000E+000
         428  0.000000000000000E+000  0.000000000000000E+000
         429  0.000000000000000E+000  0.000000000000000E+000
         430  0.000000000000000E+000  0.000000000000000E+000
         431  0.000000000000000E+000  0.000000000000000E+000
         432  0.000000000000000E+000  0.000000000000000E+000
         433  0.000000000000000E+000  0.000000000000000E+000
         434  0.000000000000000E+000  0.000000000000000E+000
         435  0.000000000000000E+000  0.000000000000000E+000
         436  0.000000000000000E+000  0.000000000000000E+000
         437  0.000000000000000E+000  0.000000000000000E+000
         438  0.000000000000000E+000  0.000000000000000E+000
         439  0.000000000000000E+000  0.000000000000000E+000
         440  0.000000000000000E+000  0.000000000000000E+000
         441  0.000000000000000E+000  0.000000000000000E+000
         442  0.000000000000000E+000  0.000000000000000E+000
         443  0.000000000000000E+000  0.000000000000000E+000
         444  0.000000000000000E+000  0.000000000000000E+000
