           0  0.000000000000000E+000  0.000000000000000E+000
           1  0.654319711175473        1.02617385301362     
           2  0.639176010123888        3.13802864085681     
           3  0.212800710975427        2.05355657936210     
           4  0.147900502992109        2.32482434111674     
           5  0.107929141946480        2.74936212227283     
           6  6.898786084944875E-002   2.57028803407396     
           7  5.672912767058401E-002   2.81061461536388     
           8  4.664158732573703E-002   2.97866742922015     
           9  4.781790308474246E-002   3.89990304012573     
          10  3.465373587358024E-002   3.52279573089689     
          11  3.181571540699434E-002   3.88788486134609     
          12  2.872258435945274E-002   4.13615075607185     
          13  2.628403479758105E-002   4.46084969534835     
          14  2.362445981505818E-002   4.65524328457411     
          15  1.967137323850631E-002   4.42477971928913     
          16  2.039815806105620E-002   5.21378329816002     
          17  1.770623699186961E-002   5.12891132709442     
          18  1.598971301065539E-002   5.20038185075620     
          19  1.387688332282538E-002   5.02146752379764     
          20  1.322836273681586E-002   5.29416655116507     
          21  1.297307973672427E-002   5.73493021399920     
          22  1.133713358535182E-002   5.49785699357881     
          23  1.081760036410736E-002   5.73003535490408     
          24  9.747772505536680E-003   5.61724800240439     
          25  9.454880654476736E-003   5.91152168162737     
          26  8.861190002798740E-003   5.99850501941145     
          27  8.060318898127479E-003   5.88253780644182     
          28  7.551441635011481E-003   5.92696902788852     
          29  7.131778350449243E-003   6.00691127412400     
          30  6.551408216568194E-003   5.90313493782031     
          31  6.159266705034645E-003   5.92411352742197     
          32  5.603862668506586E-003   5.73860656977459     
          33  5.430524256804552E-003   5.91404413384347     
          34  5.089173250193686E-003   5.88570417848493     
          35  4.587817232144038E-003   5.62297353809741     
          36  4.416013193751747E-003   5.72356686629568     
          37  4.143387652061617E-003   5.67510636541269     
          38  3.841570066116625E-003   5.55100169973394     
          39  3.564241780427188E-003   5.42190194202809     
          40  3.400228429532785E-003   5.44007410893551     
          41  3.248779361088329E-003   5.46343481550622     
          42  2.995500280368386E-003   5.28684077223738     
          43  2.865501612417747E-003   5.30069095471799     
          44  2.610510826830440E-003   5.05550791281036     
          45  2.539778171024424E-003   5.14560289824118     
          46  2.316011677260925E-003   4.90321870152575     
          47  2.171935967387891E-003   4.79692705121454     
          48  2.091287824393093E-003   4.81734235932912     
          49  1.943020453468313E-003   4.66549643949892     
          50  1.853904438516551E-003   4.63754917401556     
          51  1.708109067612833E-003   4.44462443155260     
          52  1.645522312491436E-003   4.45061360436387     
          53  1.558156542836854E-003   4.37835195520283     
          54  1.444395642353655E-003   4.21367665393270     
          55  1.367089889632399E-003   4.13559830612519     
          56  1.300424898206988E-003   4.07800761008172     
          57  1.255183704989135E-003   4.07851851759011     
          58  1.158710147949627E-003   3.89894444337737     
          59  1.095248700671975E-003   3.81310771702697     
          60  1.055913866475877E-003   3.80202075332921     
          61  9.840952124391998E-004   3.66289653493377     
          62  9.388879473180788E-004   3.61011284103469     
          63  8.680216931993819E-004   3.44511175840204     
          64  8.430668884264557E-004   3.45233406427619     
          65  8.126002724541074E-004   3.43311827852637     
          66  7.448480058299383E-004   3.24534995673015     
          67  7.191063404570156E-004   3.22893136948250     
          68  6.669736958697254E-004   3.08439412315125     
          69  6.558587856465229E-004   3.12325625310816     
          70  6.092555183608455E-004   2.98594522284037     
          71  5.725412542847157E-004   2.88621428108287     
          72  5.531400502206069E-004   2.86732167390951     
          73  5.228484270273157E-004   2.78634476413889     
          74  5.045653374713194E-004   2.76345260017890     
          75  4.666244856213546E-004   2.62524001323331     
          76  4.490125451166167E-004   2.59368247695729     
          77  4.284874353725020E-004   2.54086546864971     
          78  4.009565965405272E-004   2.43963507283837     
          79  3.850576097203535E-004   2.40304239087608     
          80  3.666837757169971E-004   2.34653239277558     
          81  3.520569990263369E-004   2.30975905412589     
          82  3.316391008802459E-004   2.23005942983079     
          83  3.155715922315174E-004   2.17414073206302     
          84  3.008716985183353E-004   2.12303871708196     
          85  2.899817673368427E-004   2.09510563176429     
          86  2.738443989448703E-004   2.02573489741634     
          87  2.580077566743810E-004   1.95303148053756     
          88  2.491643744255198E-004   1.92948848189128     
          89  2.383547106881037E-004   1.88801424746177     
          90  2.279473954573559E-004   1.84661314257736     
          91  2.155615515327862E-004   1.78539068145213     
          92  2.062076394120978E-004   1.74555207163773     
          93  1.969644883390756E-004   1.70370689983305     
          94  1.873444039297812E-004   1.65550730814799     
          95  1.787776927096040E-004   1.61342910885429     
          96  1.726187849106077E-004   1.59063551702708     
          97  1.654079248664436E-004   1.55609503523183     
          98  1.590925259649308E-004   1.52803951723028     
          99  1.489180877723988E-004   1.45972239210208     
         100  1.435288501201292E-004   1.43535060281023     
         101  1.377968698457940E-004   1.40574343363391     
         102  1.318434579041637E-004   1.37178542278793     
         103  1.270554111578468E-004   1.34810686119187     
         104  1.192630481555814E-004   1.28995340403153     
         105  1.168829667488503E-004   1.28861351577925     
         106  1.102286259981199E-004   1.23864327794474     
         107  1.055689507361242E-004   1.20871261275170     
         108  1.012455908947037E-004   1.18088843453805     
         109  9.857304598537778E-005   1.17118714637673     
         110  9.308082025471935E-005   1.12644439551727     
         111  8.860533524406146E-005   1.09173123713771     
         112  8.615196708202980E-005   1.08064065767920     
         113  8.272348131111194E-005   1.05629353001857     
         114  7.951793830579399E-005   1.03342382535403     
         115  7.532091631768270E-005  0.996133068925590     
         116  7.323170896614056E-005  0.985383288607243     
         117  7.049622878999831E-005  0.965090494634900     
         118  6.698658135001683E-005  0.932797375464016     
         119  6.452886860925669E-005  0.913763025228896     
         120  6.266397842098906E-005  0.902316481932168     
         121  6.024264800487668E-005  0.882029218713174     
         122  5.799884503308610E-005  0.863279837692784     
         123  5.533144410564930E-005  0.837162821124180     
         124  5.349373141367089E-005  0.822543053578680     
         125  5.200312137104863E-005  0.812609753156689     
         126  4.942904112163438E-005  0.784802220181411     
         127  4.766168682635981E-005  0.768731508127444     
         128  4.623381524981477E-005  0.757472121249691     
         129  4.496401693860525E-005  0.748269158184019     
         130  4.314754635786348E-005  0.729239761184025     
         131  4.148320265594411E-005  0.711914771958768     
         132  4.065912794664010E-005  0.708462151866625     
         133  3.899687868911128E-005  0.689855076488376     
         134  3.790671736425383E-005  0.680693338089770     
         135  3.628755770090001E-005  0.661348035709329     
         136  3.561913178975503E-005  0.658809624157297     
         137  3.486973464340105E-005  0.654509395885796     
         138  3.331696717969804E-005  0.634542944883071     
         139  3.239257774476038E-005  0.625874287965647     
         140  3.179627192784602E-005  0.623212290001258     
         141  3.096994278901209E-005  0.615722529742754     
         142  3.023299352722868E-005  0.609655361573528     
         143  2.912182128409265E-005  0.595529509598132     
         144  2.872617502467439E-005  0.595636279048483     
         145  2.824654927074519E-005  0.593857146548373     
         146  2.760418078131975E-005  0.588408234643561     
         147  2.712873797901624E-005  0.586249411862366     
         148  2.654140145789466E-005  0.581390522081109     
         149  2.628078765925186E-005  0.583509168844460     
         150  2.577762470380759E-005  0.580063308925168     
         151  2.532387627529368E-005  0.577459011255670     
         152  2.508106753560431E-005  0.579491705942699     
         153  2.491738965649408E-005  0.583319739009423     
         154  2.497556458995478E-005  0.592367257841723     
         155  2.457193572812516E-005  0.590376022449702     
         156  2.473778875151013E-005  0.602035916319629     
         157  2.491473660450497E-005  0.614159701299317     
         158  2.485753294554942E-005  0.620591824258888     
         159  2.505420551416084E-005  0.633407461354879     
         160  2.553240325855393E-005  0.653633420018177     
         161  2.623956016854475E-005  0.680209741930714     
         162  2.637229481443506E-005  0.692182596826649     
         163  2.738082938729762E-005  0.727549226155949     
         164  2.802226856941015E-005  0.753753009150632     
         165  2.940873839090316E-005  0.800727697010577     
         166  3.033249141868149E-005  0.835917777469921     
         167  3.264635497140127E-005  0.910546409367294     
         168  3.495976171643305E-005  0.986814094014040     
         169  3.872700718188826E-005   1.10623602538114     
         170  4.659233700926392E-005   1.34689669842434     
         171  8.167866967601405E-006  0.237683517593189     
         172  0.000000000000000E+000  0.000000000000000E+000
         173  0.000000000000000E+000  0.000000000000000E+000
         174  0.000000000000000E+000  0.000000000000000E+000
         175  0.000000000000000E+000  0.000000000000000E+000
         176  0.000000000000000E+000  0.000000000000000E+000
         177  0.000000000000000E+000  0.000000000000000E+000
         178  0.000000000000000E+000  0.000000000000000E+000
         179  0.000000000000000E+000  0.000000000000000E+000
         180  0.000000000000000E+000  0.000000000000000E+000
         181  0.000000000000000E+000  0.000000000000000E+000
         182  0.000000000000000E+000  0.000000000000000E+000
         183  0.000000000000000E+000  0.000000000000000E+000
         184  0.000000000000000E+000  0.000000000000000E+000
         185  0.000000000000000E+000  0.000000000000000E+000
         186  0.000000000000000E+000  0.000000000000000E+000
         187  0.000000000000000E+000  0.000000000000000E+000
         188  0.000000000000000E+000  0.000000000000000E+000
         189  0.000000000000000E+000  0.000000000000000E+000
         190  0.000000000000000E+000  0.000000000000000E+000
         191  0.000000000000000E+000  0.000000000000000E+000
         192  0.000000000000000E+000  0.000000000000000E+000
         193  0.000000000000000E+000  0.000000000000000E+000
         194  0.000000000000000E+000  0.000000000000000E+000
         195  0.000000000000000E+000  0.000000000000000E+000
         196  0.000000000000000E+000  0.000000000000000E+000
         197  0.000000000000000E+000  0.000000000000000E+000
         198  0.000000000000000E+000  0.000000000000000E+000
         199  0.000000000000000E+000  0.000000000000000E+000
         200  0.000000000000000E+000  0.000000000000000E+000
         201  0.000000000000000E+000  0.000000000000000E+000
         202  0.000000000000000E+000  0.000000000000000E+000
         203  0.000000000000000E+000  0.000000000000000E+000
         204  0.000000000000000E+000  0.000000000000000E+000
         205  0.000000000000000E+000  0.000000000000000E+000
         206  0.000000000000000E+000  0.000000000000000E+000
         207  0.000000000000000E+000  0.000000000000000E+000
         208  0.000000000000000E+000  0.000000000000000E+000
         209  0.000000000000000E+000  0.000000000000000E+000
         210  0.000000000000000E+000  0.000000000000000E+000
         211  0.000000000000000E+000  0.000000000000000E+000
         212  0.000000000000000E+000  0.000000000000000E+000
         213  0.000000000000000E+000  0.000000000000000E+000
         214  0.000000000000000E+000  0.000000000000000E+000
         215  0.000000000000000E+000  0.000000000000000E+000
         216  0.000000000000000E+000  0.000000000000000E+000
         217  0.000000000000000E+000  0.000000000000000E+000
         218  0.000000000000000E+000  0.000000000000000E+000
         219  0.000000000000000E+000  0.000000000000000E+000
         220  0.000000000000000E+000  0.000000000000000E+000
         221  0.000000000000000E+000  0.000000000000000E+000
         222  0.000000000000000E+000  0.000000000000000E+000
         223  0.000000000000000E+000  0.000000000000000E+000
         224  0.000000000000000E+000  0.000000000000000E+000
         225  0.000000000000000E+000  0.000000000000000E+000
         226  0.000000000000000E+000  0.000000000000000E+000
         227  0.000000000000000E+000  0.000000000000000E+000
         228  0.000000000000000E+000  0.000000000000000E+000
         229  0.000000000000000E+000  0.000000000000000E+000
         230  0.000000000000000E+000  0.000000000000000E+000
         231  0.000000000000000E+000  0.000000000000000E+000
         232  0.000000000000000E+000  0.000000000000000E+000
         233  0.000000000000000E+000  0.000000000000000E+000
         234  0.000000000000000E+000  0.000000000000000E+000
         235  0.000000000000000E+000  0.000000000000000E+000
         236  0.000000000000000E+000  0.000000000000000E+000
         237  0.000000000000000E+000  0.000000000000000E+000
         238  0.000000000000000E+000  0.000000000000000E+000
         239  0.000000000000000E+000  0.000000000000000E+000
         240  0.000000000000000E+000  0.000000000000000E+000
         241  0.000000000000000E+000  0.000000000000000E+000
         242  0.000000000000000E+000  0.000000000000000E+000
         243  0.000000000000000E+000  0.000000000000000E+000
         244  0.000000000000000E+000  0.000000000000000E+000
         245  0.000000000000000E+000  0.000000000000000E+000
         246  0.000000000000000E+000  0.000000000000000E+000
         247  0.000000000000000E+000  0.000000000000000E+000
         248  0.000000000000000E+000  0.000000000000000E+000
         249  0.000000000000000E+000  0.000000000000000E+000
         250  0.000000000000000E+000  0.000000000000000E+000
         251  0.000000000000000E+000  0.000000000000000E+000
         252  0.000000000000000E+000  0.000000000000000E+000
         253  0.000000000000000E+000  0.000000000000000E+000
         254  0.000000000000000E+000  0.000000000000000E+000
         255  0.000000000000000E+000  0.000000000000000E+000
         256  0.000000000000000E+000  0.000000000000000E+000
         257  0.000000000000000E+000  0.000000000000000E+000
         258  0.000000000000000E+000  0.000000000000000E+000
         259  0.000000000000000E+000  0.000000000000000E+000
         260  0.000000000000000E+000  0.000000000000000E+000
         261  0.000000000000000E+000  0.000000000000000E+000
         262  0.000000000000000E+000  0.000000000000000E+000
         263  0.000000000000000E+000  0.000000000000000E+000
         264  0.000000000000000E+000  0.000000000000000E+000
         265  0.000000000000000E+000  0.000000000000000E+000
         266  0.000000000000000E+000  0.000000000000000E+000
         267  0.000000000000000E+000  0.000000000000000E+000
         268  0.000000000000000E+000  0.000000000000000E+000
         269  0.000000000000000E+000  0.000000000000000E+000
         270  0.000000000000000E+000  0.000000000000000E+000
         271  0.000000000000000E+000  0.000000000000000E+000
         272  0.000000000000000E+000  0.000000000000000E+000
         273  0.000000000000000E+000  0.000000000000000E+000
         274  0.000000000000000E+000  0.000000000000000E+000
         275  0.000000000000000E+000  0.000000000000000E+000
         276  0.000000000000000E+000  0.000000000000000E+000
         277  0.000000000000000E+000  0.000000000000000E+000
         278  0.000000000000000E+000  0.000000000000000E+000
         279  0.000000000000000E+000  0.000000000000000E+000
         280  0.000000000000000E+000  0.000000000000000E+000
         281  0.000000000000000E+000  0.000000000000000E+000
         282  0.000000000000000E+000  0.000000000000000E+000
         283  0.000000000000000E+000  0.000000000000000E+000
         284  0.000000000000000E+000  0.000000000000000E+000
         285  0.000000000000000E+000  0.000000000000000E+000
         286  0.000000000000000E+000  0.000000000000000E+000
         287  0.000000000000000E+000  0.000000000000000E+000
         288  0.000000000000000E+000  0.000000000000000E+000
         289  0.000000000000000E+000  0.000000000000000E+000
         290  0.000000000000000E+000  0.000000000000000E+000
         291  0.000000000000000E+000  0.000000000000000E+000
         292  0.000000000000000E+000  0.000000000000000E+000
         293  0.000000000000000E+000  0.000000000000000E+000
         294  0.000000000000000E+000  0.000000000000000E+000
         295  0.000000000000000E+000  0.000000000000000E+000
         296  0.000000000000000E+000  0.000000000000000E+000
         297  0.000000000000000E+000  0.000000000000000E+000
         298  0.000000000000000E+000  0.000000000000000E+000
         299  0.000000000000000E+000  0.000000000000000E+000
         300  0.000000000000000E+000  0.000000000000000E+000
         301  0.000000000000000E+000  0.000000000000000E+000
         302  0.000000000000000E+000  0.000000000000000E+000
         303  0.000000000000000E+000  0.000000000000000E+000
         304  0.000000000000000E+000  0.000000000000000E+000
         305  0.000000000000000E+000  0.000000000000000E+000
         306  0.000000000000000E+000  0.000000000000000E+000
         307  0.000000000000000E+000  0.000000000000000E+000
         308  0.000000000000000E+000  0.000000000000000E+000
         309  0.000000000000000E+000  0.000000000000000E+000
         310  0.000000000000000E+000  0.000000000000000E+000
         311  0.000000000000000E+000  0.000000000000000E+000
         312  0.000000000000000E+000  0.000000000000000E+000
         313  0.000000000000000E+000  0.000000000000000E+000
         314  0.000000000000000E+000  0.000000000000000E+000
         315  0.000000000000000E+000  0.000000000000000E+000
         316  0.000000000000000E+000  0.000000000000000E+000
         317  0.000000000000000E+000  0.000000000000000E+000
         318  0.000000000000000E+000  0.000000000000000E+000
         319  0.000000000000000E+000  0.000000000000000E+000
         320  0.000000000000000E+000  0.000000000000000E+000
         321  0.000000000000000E+000  0.000000000000000E+000
         322  0.000000000000000E+000  0.000000000000000E+000
         323  0.000000000000000E+000  0.000000000000000E+000
         324  0.000000000000000E+000  0.000000000000000E+000
         325  0.000000000000000E+000  0.000000000000000E+000
         326  0.000000000000000E+000  0.000000000000000E+000
         327  0.000000000000000E+000  0.000000000000000E+000
         328  0.000000000000000E+000  0.000000000000000E+000
         329  0.000000000000000E+000  0.000000000000000E+000
         330  0.000000000000000E+000  0.000000000000000E+000
         331  0.000000000000000E+000  0.000000000000000E+000
         332  0.000000000000000E+000  0.000000000000000E+000
         333  0.000000000000000E+000  0.000000000000000E+000
         334  0.000000000000000E+000  0.000000000000000E+000
         335  0.000000000000000E+000  0.000000000000000E+000
         336  0.000000000000000E+000  0.000000000000000E+000
         337  0.000000000000000E+000  0.000000000000000E+000
         338  0.000000000000000E+000  0.000000000000000E+000
         339  0.000000000000000E+000  0.000000000000000E+000
         340  0.000000000000000E+000  0.000000000000000E+000
         341  0.000000000000000E+000  0.000000000000000E+000
         342  0.000000000000000E+000  0.000000000000000E+000
         343  0.000000000000000E+000  0.000000000000000E+000
         344  0.000000000000000E+000  0.000000000000000E+000
         345  0.000000000000000E+000  0.000000000000000E+000
         346  0.000000000000000E+000  0.000000000000000E+000
         347  0.000000000000000E+000  0.000000000000000E+000
         348  0.000000000000000E+000  0.000000000000000E+000
         349  0.000000000000000E+000  0.000000000000000E+000
         350  0.000000000000000E+000  0.000000000000000E+000
         351  0.000000000000000E+000  0.000000000000000E+000
         352  0.000000000000000E+000  0.000000000000000E+000
         353  0.000000000000000E+000  0.000000000000000E+000
         354  0.000000000000000E+000  0.000000000000000E+000
         355  0.000000000000000E+000  0.000000000000000E+000
         356  0.000000000000000E+000  0.000000000000000E+000
         357  0.000000000000000E+000  0.000000000000000E+000
         358  0.000000000000000E+000  0.000000000000000E+000
         359  0.000000000000000E+000  0.000000000000000E+000
         360  0.000000000000000E+000  0.000000000000000E+000
         361  0.000000000000000E+000  0.000000000000000E+000
         362  0.000000000000000E+000  0.000000000000000E+000
         363  0.000000000000000E+000  0.000000000000000E+000
         364  0.000000000000000E+000  0.000000000000000E+000
         365  0.000000000000000E+000  0.000000000000000E+000
         366  0.000000000000000E+000  0.000000000000000E+000
         367  0.000000000000000E+000  0.000000000000000E+000
         368  0.000000000000000E+000  0.000000000000000E+000
         369  0.000000000000000E+000  0.000000000000000E+000
         370  0.000000000000000E+000  0.000000000000000E+000
         371  0.000000000000000E+000  0.000000000000000E+000
         372  0.000000000000000E+000  0.000000000000000E+000
         373  0.000000000000000E+000  0.000000000000000E+000
         374  0.000000000000000E+000  0.000000000000000E+000
         375  0.000000000000000E+000  0.000000000000000E+000
         376  0.000000000000000E+000  0.000000000000000E+000
         377  0.000000000000000E+000  0.000000000000000E+000
         378  0.000000000000000E+000  0.000000000000000E+000
         379  0.000000000000000E+000  0.000000000000000E+000
         380  0.000000000000000E+000  0.000000000000000E+000
         381  0.000000000000000E+000  0.000000000000000E+000
         382  0.000000000000000E+000  0.000000000000000E+000
         383  0.000000000000000E+000  0.000000000000000E+000
         384  0.000000000000000E+000  0.000000000000000E+000
         385  0.000000000000000E+000  0.000000000000000E+000
         386  0.000000000000000E+000  0.000000000000000E+000
         387  0.000000000000000E+000  0.000000000000000E+000
         388  0.000000000000000E+000  0.000000000000000E+000
         389  0.000000000000000E+000  0.000000000000000E+000
         390  0.000000000000000E+000  0.000000000000000E+000
         391  0.000000000000000E+000  0.000000000000000E+000
         392  0.000000000000000E+000  0.000000000000000E+000
         393  0.000000000000000E+000  0.000000000000000E+000
         394  0.000000000000000E+000  0.000000000000000E+000
         395  0.000000000000000E+000  0.000000000000000E+000
         396  0.000000000000000E+000  0.000000000000000E+000
         397  0.000000000000000E+000  0.000000000000000E+000
         398  0.000000000000000E+000  0.000000000000000E+000
         399  0.000000000000000E+000  0.000000000000000E+000
         400  0.000000000000000E+000  0.000000000000000E+000
         401  0.000000000000000E+000  0.000000000000000E+000
         402  0.000000000000000E+000  0.000000000000000E+000
         403  0.000000000000000E+000  0.000000000000000E+000
         404  0.000000000000000E+000  0.000000000000000E+000
         405  0.000000000000000E+000  0.000000000000000E+000
         406  0.000000000000000E+000  0.000000000000000E+000
         407  0.000000000000000E+000  0.000000000000000E+000
         408  0.000000000000000E+000  0.000000000000000E+000
         409  0.000000000000000E+000  0.000000000000000E+000
         410  0.000000000000000E+000  0.000000000000000E+000
         411  0.000000000000000E+000  0.000000000000000E+000
         412  0.000000000000000E+000  0.000000000000000E+000
         413  0.000000000000000E+000  0.000000000000000E+000
         414  0.000000000000000E+000  0.000000000000000E+000
         415  0.000000000000000E+000  0.000000000000000E+000
         416  0.000000000000000E+000  0.000000000000000E+000
         417  0.000000000000000E+000  0.000000000000000E+000
         418  0.000000000000000E+000  0.000000000000000E+000
         419  0.000000000000000E+000  0.000000000000000E+000
         420  0.000000000000000E+000  0.000000000000000E+000
         421  0.000000000000000E+000  0.000000000000000E+000
         422  0.000000000000000E+000  0.000000000000000E+000
         423  0.000000000000000E+000  0.000000000000000E+000
         424  0.000000000000000E+000  0.000000000000000E+000
         425  0.000000000000000E+000  0.000000000000000E+000
         426  0.000000000000000E+000  0.000000000000000E+000
         427  0.000000000000000E+000  0.000000000000000E+000
         428  0.000000000000000E+000  0.000000000000000E+000
         429  0.000000000000000E+000  0.000000000000000E+000
         430  0.000000000000000E+000  0.000000000000000E+000
         431  0.000000000000000E+000  0.000000000000000E+000
         432  0.000000000000000E+000  0.000000000000000E+000
         433  0.000000000000000E+000  0.000000000000000E+000
         434  0.000000000000000E+000  0.000000000000000E+000
         435  0.000000000000000E+000  0.000000000000000E+000
         436  0.000000000000000E+000  0.000000000000000E+000
         437  0.000000000000000E+000  0.000000000000000E+000
         438  0.000000000000000E+000  0.000000000000000E+000
         439  0.000000000000000E+000  0.000000000000000E+000
         440  0.000000000000000E+000  0.000000000000000E+000
         441  0.000000000000000E+000  0.000000000000000E+000
         442  0.000000000000000E+000  0.000000000000000E+000
         443  0.000000000000000E+000  0.000000000000000E+000
         444  0.000000000000000E+000  0.000000000000000E+000
