           0  0.000000000000000E+000  0.000000000000000E+000
           1  0.595711711292888       0.868733473234977     
           2  0.598168689201108        2.70227586388113     
           3  0.166621483805711        1.62324368405129     
           4  0.159230677022819        2.50747182156264     
           5  0.101132683043067        2.58463400569721     
           6  6.644971471486361E-002   2.47008596362864     
           7  5.501560675883926E-002   2.71835566497655     
           8  4.497127231608339E-002   2.88092108525007     
           9  4.445427672048913E-002   3.61465409489079     
          10  3.277926467982353E-002   3.30964028581492     
          11  2.701383477721415E-002   3.30141365200342     
          12  2.520758684534140E-002   3.64548414049562     
          13  2.322738852572343E-002   3.94292986105006     
          14  2.152605754427917E-002   4.24242170674702     
          15  1.738878176964867E-002   3.90927099416048     
          16  1.829664846428539E-002   4.68193490255931     
          17  1.581195296622816E-002   4.57814574954307     
          18  1.450669431104005E-002   4.72084416050746     
          19  1.260202576761203E-002   4.56196048176167     
          20  1.226252932276824E-002   4.91029308170316     
          21  1.159150330137113E-002   5.11919103527270     
          22  9.947190604330015E-003   4.82655447048999     
          23  9.341369441485448E-003   4.94509500486795     
          24  8.810189759610381E-003   5.07305808473982     
          25  8.424589519645656E-003   5.26725720338888     
          26  7.732999324597244E-003   5.23454965773744     
          27  6.999481744884305E-003   5.10859822783635     
          28  6.743447256156160E-003   5.29491625604553     
          29  6.109376609216126E-003   5.14447259077124     
          30  5.661363208620213E-003   5.10013627050855     
          31  5.342299106905986E-003   5.13651392888709     
          32  4.906873778374444E-003   5.02525021819221     
          33  4.711286742725284E-003   5.13040572712003     
          34  4.436726474241467E-003   5.13104757236116     
          35  4.060036259293553E-003   4.97699832604647     
          36  3.847923095284800E-003   4.98868898885861     
          37  3.602722552475942E-003   4.93521571168572     
          38  3.373028750398146E-003   4.87384963183082     
          39  3.017644606178671E-003   4.59159865725990     
          40  2.957562566135421E-003   4.73212253345244     
          41  2.755772799716922E-003   4.63469098982714     
          42  2.543394460187401E-003   4.48857971302234     
          43  2.448368741916152E-003   4.52886013805558     
          44  2.250146627107927E-003   4.35796457400462     
          45  2.155762259472542E-003   4.36756075836437     
          46  1.959153961766304E-003   4.14821103931045     
          47  1.862964882071569E-003   4.11515969644773     
          48  1.785142316226845E-003   4.11192595057247     
          49  1.685742755381039E-003   4.04769535665365     
          50  1.588193272910671E-003   3.97267434330522     
          51  1.462128553618852E-003   3.80421349804441     
          52  1.402844866121134E-003   3.79433871640574     
          53  1.313733833638204E-003   3.69157450342649     
          54  1.238244772765199E-003   3.61204047858634     
          55  1.161110890245151E-003   3.51301528130264     
          56  1.084001625866410E-003   3.39928614960584     
          57  1.058859556758809E-003   3.44050608119710     
          58  9.784071455406884E-004   3.29225477201257     
          59  9.234556273810659E-004   3.21477795312401     
          60  8.927265458701905E-004   3.21422219921021     
          61  8.221609644094663E-004   3.05991586300540     
          62  7.892546899927452E-004   3.03459609120531     
          63  7.256047780309093E-004   2.87983873153417     
          64  7.054882871093384E-004   2.88885433062317     
          65  6.803316000327811E-004   2.87442414028070     
          66  6.241413195276813E-004   2.71932864339561     
          67  5.979052679175071E-004   2.68444168027772     
          68  5.527831278458094E-004   2.55654168158204     
          69  5.408509393708204E-004   2.57550758691893     
          70  5.055989297775751E-004   2.47796238183892     
          71  4.759886665176140E-004   2.39949015359826     
          72  4.598592644281537E-004   2.38387329175484     
          73  4.275564249395700E-004   2.27854556943264     
          74  4.175127476687862E-004   2.28659724281241     
          75  3.845100266296362E-004   2.16311876565693     
          76  3.698755559369094E-004   2.13655365622695     
          77  3.533465085710188E-004   2.09531204251186     
          78  3.310794448131267E-004   2.01450437803507     
          79  3.176678749989030E-004   1.98242057194606     
          80  2.995024031938093E-004   1.91661555725650     
          81  2.916114415025361E-004   1.91308667016390     
          82  2.740904342294771E-004   1.84312865343196     
          83  2.589779988770240E-004   1.78436424554753     
          84  2.465785687411383E-004   1.73986032225485     
          85  2.356944897952140E-004   1.70297922751833     
          86  2.237439047253213E-004   1.65509805597445     
          87  2.133905279607298E-004   1.61531490679597     
          88  2.027396682656117E-004   1.57003165595850     
          89  1.936356308228197E-004   1.53380502026679     
          90  1.855448895855329E-004   1.50304338278278     
          91  1.753487597558849E-004   1.45231103196307     
          92  1.677111697648954E-004   1.41970317498278     
          93  1.596910892197269E-004   1.38133181724753     
          94  1.506709377240507E-004   1.33139037967102     
          95  1.439478127815723E-004   1.29905118883090     
          96  1.386036101590333E-004   1.27717888460866     
          97  1.331136128794954E-004   1.25231311392955     
          98  1.280602873717960E-004   1.23000541818534     
          99  1.195100420546767E-004   1.17145699278149     
         100  1.157484068741753E-004   1.15757604772939     
         101  1.098265902262303E-004   1.12040070884677     
         102  1.059961573713122E-004   1.10288798372716     
         103  1.007342676569722E-004   1.06879392793328     
         104  9.433978304728877E-005   1.02035914122812     
         105  9.363599148359097E-005   1.03233282830366     
         106  8.768864102194903E-005  0.985357726617397     
         107  8.402833104757728E-005  0.962068315921831     
         108  8.005573904111771E-005  0.933742022797365     
         109  7.807566496828420E-005  0.927647905113085     
         110  7.340219083882169E-005  0.888303245843658     
         111  7.004659984872725E-005  0.863064746348854     
         112  6.793206024822026E-005  0.852116541159328     
         113  6.513064646406974E-005  0.831641002021767     
         114  6.258115268001696E-005  0.813338185461348     
         115  5.950039920020371E-005  0.786908743735488     
         116  5.727904456337009E-005  0.770733240786674     
         117  5.519175237579801E-005  0.755572117965765     
         118  5.221849123633350E-005  0.727146188370559     
         119  5.019088834760999E-005  0.710726479088478     
         120  4.858507062222109E-005  0.699580418928154     
         121  4.679705208698737E-005  0.685168722778609     
         122  4.519237511419654E-005  0.672680443705926     
         123  4.316366447347552E-005  0.653040301498611     
         124  4.135028871632429E-005  0.635810712501952     
         125  4.019320429842837E-005  0.628062522603183     
         126  3.825434152972386E-005  0.607383436282124     
         127  3.676341452141932E-005  0.592954818628227     
         128  3.551106666384136E-005  0.581792757709484     
         129  3.434746782293052E-005  0.571587481581251     
         130  3.302140814997005E-005  0.558089977278841     
         131  3.160127082544917E-005  0.542316534958167     
         132  3.105244970226835E-005  0.541070208367266     
         133  2.963978749609153E-005  0.524326952268498     
         134  2.873154628344955E-005  0.515930876003536     
         135  2.766082965354059E-005  0.504123408944226     
         136  2.696635175186951E-005  0.498763907599250     
         137  2.622550748137384E-005  0.492248661916593     
         138  2.518380528440985E-005  0.479646105684256     
         139  2.440054475787835E-005  0.471460301946969     
         140  2.384975476605124E-005  0.467455484926561     
         141  2.321344300418658E-005  0.461514784391361     
         142  2.256428268821641E-005  0.455009934055822     
         143  2.170426397773714E-005  0.443837801230900     
         144  2.139572738802560E-005  0.443641694499872     
         145  2.098737615417933E-005  0.441239405421820     
         146  2.052649139121055E-005  0.437557335018592     
         147  2.006967767990714E-005  0.433699930323262     
         148  1.966595317498112E-005  0.430776047552709     
         149  1.941021564180118E-005  0.430962733137613     
         150  1.901625286004432E-005  0.427908459936105     
         151  1.860797416165299E-005  0.424319835485091     
         152  1.854426004474212E-005  0.428462846855120     
         153  1.836485786724852E-005  0.429910200690372     
         154  1.829011642953851E-005  0.433801139534690     
         155  1.800168700806189E-005  0.432518585093981     
         156  1.808659635931083E-005  0.440167762793387     
         157  1.820275749213470E-005  0.448701838009659     
         158  1.814173680106679E-005  0.452918102974656     
         159  1.819570107819788E-005  0.460016193002225     
         160  1.861759859798407E-005  0.476612242820140     
         161  1.899950996562226E-005  0.492523003773543     
         162  1.919101705428909E-005  0.503693615442888     
         163  1.986577154017196E-005  0.527865428230703     
         164  2.040501366168702E-005  0.548863442379775     
         165  2.150558601045419E-005  0.585543498034004     
         166  2.224325016876493E-005  0.612990072238450     
         167  2.387152697145266E-005  0.665805986997391     
         168  2.557423234099535E-005  0.721889053468902     
         169  2.871187296705962E-005  0.820159894576814     
         170  3.465459156921820E-005   1.00176913388797     
         171  6.026225875333191E-006  0.175362038792658     
         172  0.000000000000000E+000  0.000000000000000E+000
         173  0.000000000000000E+000  0.000000000000000E+000
         174  0.000000000000000E+000  0.000000000000000E+000
         175  0.000000000000000E+000  0.000000000000000E+000
         176  0.000000000000000E+000  0.000000000000000E+000
         177  0.000000000000000E+000  0.000000000000000E+000
         178  0.000000000000000E+000  0.000000000000000E+000
         179  0.000000000000000E+000  0.000000000000000E+000
         180  0.000000000000000E+000  0.000000000000000E+000
         181  0.000000000000000E+000  0.000000000000000E+000
         182  0.000000000000000E+000  0.000000000000000E+000
         183  0.000000000000000E+000  0.000000000000000E+000
         184  0.000000000000000E+000  0.000000000000000E+000
         185  0.000000000000000E+000  0.000000000000000E+000
         186  0.000000000000000E+000  0.000000000000000E+000
         187  0.000000000000000E+000  0.000000000000000E+000
         188  0.000000000000000E+000  0.000000000000000E+000
         189  0.000000000000000E+000  0.000000000000000E+000
         190  0.000000000000000E+000  0.000000000000000E+000
         191  0.000000000000000E+000  0.000000000000000E+000
         192  0.000000000000000E+000  0.000000000000000E+000
         193  0.000000000000000E+000  0.000000000000000E+000
         194  0.000000000000000E+000  0.000000000000000E+000
         195  0.000000000000000E+000  0.000000000000000E+000
         196  0.000000000000000E+000  0.000000000000000E+000
         197  0.000000000000000E+000  0.000000000000000E+000
         198  0.000000000000000E+000  0.000000000000000E+000
         199  0.000000000000000E+000  0.000000000000000E+000
         200  0.000000000000000E+000  0.000000000000000E+000
         201  0.000000000000000E+000  0.000000000000000E+000
         202  0.000000000000000E+000  0.000000000000000E+000
         203  0.000000000000000E+000  0.000000000000000E+000
         204  0.000000000000000E+000  0.000000000000000E+000
         205  0.000000000000000E+000  0.000000000000000E+000
         206  0.000000000000000E+000  0.000000000000000E+000
         207  0.000000000000000E+000  0.000000000000000E+000
         208  0.000000000000000E+000  0.000000000000000E+000
         209  0.000000000000000E+000  0.000000000000000E+000
         210  0.000000000000000E+000  0.000000000000000E+000
         211  0.000000000000000E+000  0.000000000000000E+000
         212  0.000000000000000E+000  0.000000000000000E+000
         213  0.000000000000000E+000  0.000000000000000E+000
         214  0.000000000000000E+000  0.000000000000000E+000
         215  0.000000000000000E+000  0.000000000000000E+000
         216  0.000000000000000E+000  0.000000000000000E+000
         217  0.000000000000000E+000  0.000000000000000E+000
         218  0.000000000000000E+000  0.000000000000000E+000
         219  0.000000000000000E+000  0.000000000000000E+000
         220  0.000000000000000E+000  0.000000000000000E+000
         221  0.000000000000000E+000  0.000000000000000E+000
         222  0.000000000000000E+000  0.000000000000000E+000
         223  0.000000000000000E+000  0.000000000000000E+000
         224  0.000000000000000E+000  0.000000000000000E+000
         225  0.000000000000000E+000  0.000000000000000E+000
         226  0.000000000000000E+000  0.000000000000000E+000
         227  0.000000000000000E+000  0.000000000000000E+000
         228  0.000000000000000E+000  0.000000000000000E+000
         229  0.000000000000000E+000  0.000000000000000E+000
         230  0.000000000000000E+000  0.000000000000000E+000
         231  0.000000000000000E+000  0.000000000000000E+000
         232  0.000000000000000E+000  0.000000000000000E+000
         233  0.000000000000000E+000  0.000000000000000E+000
         234  0.000000000000000E+000  0.000000000000000E+000
         235  0.000000000000000E+000  0.000000000000000E+000
         236  0.000000000000000E+000  0.000000000000000E+000
         237  0.000000000000000E+000  0.000000000000000E+000
         238  0.000000000000000E+000  0.000000000000000E+000
         239  0.000000000000000E+000  0.000000000000000E+000
         240  0.000000000000000E+000  0.000000000000000E+000
         241  0.000000000000000E+000  0.000000000000000E+000
         242  0.000000000000000E+000  0.000000000000000E+000
         243  0.000000000000000E+000  0.000000000000000E+000
         244  0.000000000000000E+000  0.000000000000000E+000
         245  0.000000000000000E+000  0.000000000000000E+000
         246  0.000000000000000E+000  0.000000000000000E+000
         247  0.000000000000000E+000  0.000000000000000E+000
         248  0.000000000000000E+000  0.000000000000000E+000
         249  0.000000000000000E+000  0.000000000000000E+000
         250  0.000000000000000E+000  0.000000000000000E+000
         251  0.000000000000000E+000  0.000000000000000E+000
         252  0.000000000000000E+000  0.000000000000000E+000
         253  0.000000000000000E+000  0.000000000000000E+000
         254  0.000000000000000E+000  0.000000000000000E+000
         255  0.000000000000000E+000  0.000000000000000E+000
         256  0.000000000000000E+000  0.000000000000000E+000
         257  0.000000000000000E+000  0.000000000000000E+000
         258  0.000000000000000E+000  0.000000000000000E+000
         259  0.000000000000000E+000  0.000000000000000E+000
         260  0.000000000000000E+000  0.000000000000000E+000
         261  0.000000000000000E+000  0.000000000000000E+000
         262  0.000000000000000E+000  0.000000000000000E+000
         263  0.000000000000000E+000  0.000000000000000E+000
         264  0.000000000000000E+000  0.000000000000000E+000
         265  0.000000000000000E+000  0.000000000000000E+000
         266  0.000000000000000E+000  0.000000000000000E+000
         267  0.000000000000000E+000  0.000000000000000E+000
         268  0.000000000000000E+000  0.000000000000000E+000
         269  0.000000000000000E+000  0.000000000000000E+000
         270  0.000000000000000E+000  0.000000000000000E+000
         271  0.000000000000000E+000  0.000000000000000E+000
         272  0.000000000000000E+000  0.000000000000000E+000
         273  0.000000000000000E+000  0.000000000000000E+000
         274  0.000000000000000E+000  0.000000000000000E+000
         275  0.000000000000000E+000  0.000000000000000E+000
         276  0.000000000000000E+000  0.000000000000000E+000
         277  0.000000000000000E+000  0.000000000000000E+000
         278  0.000000000000000E+000  0.000000000000000E+000
         279  0.000000000000000E+000  0.000000000000000E+000
         280  0.000000000000000E+000  0.000000000000000E+000
         281  0.000000000000000E+000  0.000000000000000E+000
         282  0.000000000000000E+000  0.000000000000000E+000
         283  0.000000000000000E+000  0.000000000000000E+000
         284  0.000000000000000E+000  0.000000000000000E+000
         285  0.000000000000000E+000  0.000000000000000E+000
         286  0.000000000000000E+000  0.000000000000000E+000
         287  0.000000000000000E+000  0.000000000000000E+000
         288  0.000000000000000E+000  0.000000000000000E+000
         289  0.000000000000000E+000  0.000000000000000E+000
         290  0.000000000000000E+000  0.000000000000000E+000
         291  0.000000000000000E+000  0.000000000000000E+000
         292  0.000000000000000E+000  0.000000000000000E+000
         293  0.000000000000000E+000  0.000000000000000E+000
         294  0.000000000000000E+000  0.000000000000000E+000
         295  0.000000000000000E+000  0.000000000000000E+000
         296  0.000000000000000E+000  0.000000000000000E+000
         297  0.000000000000000E+000  0.000000000000000E+000
         298  0.000000000000000E+000  0.000000000000000E+000
         299  0.000000000000000E+000  0.000000000000000E+000
         300  0.000000000000000E+000  0.000000000000000E+000
         301  0.000000000000000E+000  0.000000000000000E+000
         302  0.000000000000000E+000  0.000000000000000E+000
         303  0.000000000000000E+000  0.000000000000000E+000
         304  0.000000000000000E+000  0.000000000000000E+000
         305  0.000000000000000E+000  0.000000000000000E+000
         306  0.000000000000000E+000  0.000000000000000E+000
         307  0.000000000000000E+000  0.000000000000000E+000
         308  0.000000000000000E+000  0.000000000000000E+000
         309  0.000000000000000E+000  0.000000000000000E+000
         310  0.000000000000000E+000  0.000000000000000E+000
         311  0.000000000000000E+000  0.000000000000000E+000
         312  0.000000000000000E+000  0.000000000000000E+000
         313  0.000000000000000E+000  0.000000000000000E+000
         314  0.000000000000000E+000  0.000000000000000E+000
         315  0.000000000000000E+000  0.000000000000000E+000
         316  0.000000000000000E+000  0.000000000000000E+000
         317  0.000000000000000E+000  0.000000000000000E+000
         318  0.000000000000000E+000  0.000000000000000E+000
         319  0.000000000000000E+000  0.000000000000000E+000
         320  0.000000000000000E+000  0.000000000000000E+000
         321  0.000000000000000E+000  0.000000000000000E+000
         322  0.000000000000000E+000  0.000000000000000E+000
         323  0.000000000000000E+000  0.000000000000000E+000
         324  0.000000000000000E+000  0.000000000000000E+000
         325  0.000000000000000E+000  0.000000000000000E+000
         326  0.000000000000000E+000  0.000000000000000E+000
         327  0.000000000000000E+000  0.000000000000000E+000
         328  0.000000000000000E+000  0.000000000000000E+000
         329  0.000000000000000E+000  0.000000000000000E+000
         330  0.000000000000000E+000  0.000000000000000E+000
         331  0.000000000000000E+000  0.000000000000000E+000
         332  0.000000000000000E+000  0.000000000000000E+000
         333  0.000000000000000E+000  0.000000000000000E+000
         334  0.000000000000000E+000  0.000000000000000E+000
         335  0.000000000000000E+000  0.000000000000000E+000
         336  0.000000000000000E+000  0.000000000000000E+000
         337  0.000000000000000E+000  0.000000000000000E+000
         338  0.000000000000000E+000  0.000000000000000E+000
         339  0.000000000000000E+000  0.000000000000000E+000
         340  0.000000000000000E+000  0.000000000000000E+000
         341  0.000000000000000E+000  0.000000000000000E+000
         342  0.000000000000000E+000  0.000000000000000E+000
         343  0.000000000000000E+000  0.000000000000000E+000
         344  0.000000000000000E+000  0.000000000000000E+000
         345  0.000000000000000E+000  0.000000000000000E+000
         346  0.000000000000000E+000  0.000000000000000E+000
         347  0.000000000000000E+000  0.000000000000000E+000
         348  0.000000000000000E+000  0.000000000000000E+000
         349  0.000000000000000E+000  0.000000000000000E+000
         350  0.000000000000000E+000  0.000000000000000E+000
         351  0.000000000000000E+000  0.000000000000000E+000
         352  0.000000000000000E+000  0.000000000000000E+000
         353  0.000000000000000E+000  0.000000000000000E+000
         354  0.000000000000000E+000  0.000000000000000E+000
         355  0.000000000000000E+000  0.000000000000000E+000
         356  0.000000000000000E+000  0.000000000000000E+000
         357  0.000000000000000E+000  0.000000000000000E+000
         358  0.000000000000000E+000  0.000000000000000E+000
         359  0.000000000000000E+000  0.000000000000000E+000
         360  0.000000000000000E+000  0.000000000000000E+000
         361  0.000000000000000E+000  0.000000000000000E+000
         362  0.000000000000000E+000  0.000000000000000E+000
         363  0.000000000000000E+000  0.000000000000000E+000
         364  0.000000000000000E+000  0.000000000000000E+000
         365  0.000000000000000E+000  0.000000000000000E+000
         366  0.000000000000000E+000  0.000000000000000E+000
         367  0.000000000000000E+000  0.000000000000000E+000
         368  0.000000000000000E+000  0.000000000000000E+000
         369  0.000000000000000E+000  0.000000000000000E+000
         370  0.000000000000000E+000  0.000000000000000E+000
         371  0.000000000000000E+000  0.000000000000000E+000
         372  0.000000000000000E+000  0.000000000000000E+000
         373  0.000000000000000E+000  0.000000000000000E+000
         374  0.000000000000000E+000  0.000000000000000E+000
         375  0.000000000000000E+000  0.000000000000000E+000
         376  0.000000000000000E+000  0.000000000000000E+000
         377  0.000000000000000E+000  0.000000000000000E+000
         378  0.000000000000000E+000  0.000000000000000E+000
         379  0.000000000000000E+000  0.000000000000000E+000
         380  0.000000000000000E+000  0.000000000000000E+000
         381  0.000000000000000E+000  0.000000000000000E+000
         382  0.000000000000000E+000  0.000000000000000E+000
         383  0.000000000000000E+000  0.000000000000000E+000
         384  0.000000000000000E+000  0.000000000000000E+000
         385  0.000000000000000E+000  0.000000000000000E+000
         386  0.000000000000000E+000  0.000000000000000E+000
         387  0.000000000000000E+000  0.000000000000000E+000
         388  0.000000000000000E+000  0.000000000000000E+000
         389  0.000000000000000E+000  0.000000000000000E+000
         390  0.000000000000000E+000  0.000000000000000E+000
         391  0.000000000000000E+000  0.000000000000000E+000
         392  0.000000000000000E+000  0.000000000000000E+000
         393  0.000000000000000E+000  0.000000000000000E+000
         394  0.000000000000000E+000  0.000000000000000E+000
         395  0.000000000000000E+000  0.000000000000000E+000
         396  0.000000000000000E+000  0.000000000000000E+000
         397  0.000000000000000E+000  0.000000000000000E+000
         398  0.000000000000000E+000  0.000000000000000E+000
         399  0.000000000000000E+000  0.000000000000000E+000
         400  0.000000000000000E+000  0.000000000000000E+000
         401  0.000000000000000E+000  0.000000000000000E+000
         402  0.000000000000000E+000  0.000000000000000E+000
         403  0.000000000000000E+000  0.000000000000000E+000
         404  0.000000000000000E+000  0.000000000000000E+000
         405  0.000000000000000E+000  0.000000000000000E+000
         406  0.000000000000000E+000  0.000000000000000E+000
         407  0.000000000000000E+000  0.000000000000000E+000
         408  0.000000000000000E+000  0.000000000000000E+000
         409  0.000000000000000E+000  0.000000000000000E+000
         410  0.000000000000000E+000  0.000000000000000E+000
         411  0.000000000000000E+000  0.000000000000000E+000
         412  0.000000000000000E+000  0.000000000000000E+000
         413  0.000000000000000E+000  0.000000000000000E+000
         414  0.000000000000000E+000  0.000000000000000E+000
         415  0.000000000000000E+000  0.000000000000000E+000
         416  0.000000000000000E+000  0.000000000000000E+000
         417  0.000000000000000E+000  0.000000000000000E+000
         418  0.000000000000000E+000  0.000000000000000E+000
         419  0.000000000000000E+000  0.000000000000000E+000
         420  0.000000000000000E+000  0.000000000000000E+000
         421  0.000000000000000E+000  0.000000000000000E+000
         422  0.000000000000000E+000  0.000000000000000E+000
         423  0.000000000000000E+000  0.000000000000000E+000
         424  0.000000000000000E+000  0.000000000000000E+000
         425  0.000000000000000E+000  0.000000000000000E+000
         426  0.000000000000000E+000  0.000000000000000E+000
         427  0.000000000000000E+000  0.000000000000000E+000
         428  0.000000000000000E+000  0.000000000000000E+000
         429  0.000000000000000E+000  0.000000000000000E+000
         430  0.000000000000000E+000  0.000000000000000E+000
         431  0.000000000000000E+000  0.000000000000000E+000
         432  0.000000000000000E+000  0.000000000000000E+000
         433  0.000000000000000E+000  0.000000000000000E+000
         434  0.000000000000000E+000  0.000000000000000E+000
         435  0.000000000000000E+000  0.000000000000000E+000
         436  0.000000000000000E+000  0.000000000000000E+000
         437  0.000000000000000E+000  0.000000000000000E+000
         438  0.000000000000000E+000  0.000000000000000E+000
         439  0.000000000000000E+000  0.000000000000000E+000
         440  0.000000000000000E+000  0.000000000000000E+000
         441  0.000000000000000E+000  0.000000000000000E+000
         442  0.000000000000000E+000  0.000000000000000E+000
         443  0.000000000000000E+000  0.000000000000000E+000
         444  0.000000000000000E+000  0.000000000000000E+000
