           0  0.000000000000000E+000  0.000000000000000E+000
           1  0.751604595437628       0.955558224912826     
           2  0.555945231318770        2.50770910038154     
           3  0.171685453291522        1.62964870966064     
           4  0.142361765786265        2.28328529495221     
           5  9.141018633414150E-002   2.34682575888772     
           6  6.229943644631501E-002   2.30674750655213     
           7  5.121501427092499E-002   2.55150441333159     
           8  4.208665853967722E-002   2.69308686037640     
           9  4.272190513259057E-002   3.49087665791475     
          10  3.305547276163300E-002   3.34494100991065     
          11  2.758968163280354E-002   3.35926335284344     
          12  2.649605159531622E-002   3.81759089088447     
          13  2.335974055981450E-002   3.95708065429999     
          14  2.174883306733797E-002   4.28196117721738     
          15  1.721465814792492E-002   3.87546953639969     
          16  1.797346094183167E-002   4.59567611027700     
          17  1.672239810809318E-002   4.84433598132317     
          18  1.514108531119249E-002   4.92740930294775     
          19  1.317319466692092E-002   4.76910236996376     
          20  1.297734887538510E-002   5.19169315349201     
          21  1.190959980572835E-002   5.26321110672533     
          22  1.070053052294786E-002   5.19003410744815     
          23  9.957713291513947E-003   5.27132153698639     
          24  9.260457598925027E-003   5.33268970637724     
          25  9.033266522451873E-003   5.64883478017627     
          26  8.211864219883448E-003   5.55724126806358     
          27  7.340430569882031E-003   5.36038813340988     
          28  7.133326391683886E-003   5.59847577402402     
          29  6.536016757363336E-003   5.50383850125558     
          30  6.070845600124837E-003   5.47036063888748     
          31  5.728091289719130E-003   5.50765707196784     
          32  5.195752998580079E-003   5.32176627844924     
          33  4.996421737208418E-003   5.44158735300448     
          34  4.709000090635319E-003   5.44516467098609     
          35  4.327235609344863E-003   5.30398384827677     
          36  4.159875149618211E-003   5.39165311045647     
          37  3.806892274057460E-003   5.21491814412538     
          38  3.591347083717536E-003   5.18899620548796     
          39  3.244757365221093E-003   4.93671483955921     
          40  3.165381007552392E-003   5.06353071591177     
          41  2.950640846786809E-003   4.96142058469673     
          42  2.715878725320678E-003   4.79398628188693     
          43  2.599250906559266E-003   4.80882658980202     
          44  2.400682636552664E-003   4.64919504616445     
          45  2.343327420389568E-003   4.74739226175081     
          46  2.097075735280804E-003   4.43980703648426     
          47  2.004593787567232E-003   4.42782348721407     
          48  1.909554507637315E-003   4.39852031918999     
          49  1.810098247130876E-003   4.34589393398274     
          50  1.718626969909738E-003   4.29831303839246     
          51  1.580080232917545E-003   4.11122244367100     
          52  1.512008677772633E-003   4.08975207919472     
          53  1.409671534463200E-003   3.96119544224094     
          54  1.316798208342556E-003   3.84141572799039     
          55  1.250457637261779E-003   3.78294628514410     
          56  1.189250181515753E-003   3.72931764414595     
          57  1.143512413408447E-003   3.71518994276791     
          58  1.051488759716794E-003   3.53785488745807     
          59  9.891023650193717E-004   3.44339069828458     
          60  9.510663116082981E-004   3.42412965275699     
          61  8.921122218432115E-004   3.32044862678329     
          62  8.487838427886805E-004   3.26367336114782     
          63  7.891026158159169E-004   3.13196701397717     
          64  7.600632146932804E-004   3.11263017857937     
          65  7.280665564238939E-004   3.07622992910635     
          66  6.746675080395752E-004   2.93946606145843     
          67  6.501685977137468E-004   2.91917372022458     
          68  5.979583936312948E-004   2.76530680493393     
          69  5.863624076271283E-004   2.79216811636275     
          70  5.452523122410632E-004   2.67238383147331     
          71  5.117937414144768E-004   2.57991851053104     
          72  4.955021161749727E-004   2.56850141634817     
          73  4.646652579944095E-004   2.47626646676230     
          74  4.451206958713175E-004   2.43781096510245     
          75  4.151522110246629E-004   2.33562095611246     
          76  3.991077165719944E-004   2.30555051431280     
          77  3.831558507115853E-004   2.27209974683879     
          78  3.561194476462689E-004   2.16687780089461     
          79  3.411898909762460E-004   2.12934101627951     
          80  3.228045257313252E-004   2.06569163908778     
          81  3.116125966877021E-004   2.04438805812328     
          82  2.972792647712921E-004   1.99897857803565     
          83  2.801100156927249E-004   1.92996670725247     
          84  2.637391858186922E-004   1.86089169171284     
          85  2.553315660859369E-004   1.84484435890229     
          86  2.413188133339609E-004   1.78506571567971     
          87  2.277913749970580E-004   1.72425176552708     
          88  2.191320130475368E-004   1.69705244578369     
          89  2.082988639043628E-004   1.64996006126753     
          90  2.001188485588638E-004   1.62120335005779     
          91  1.892544672530317E-004   1.56746908830689     
          92  1.802555710188583E-004   1.52593382728491     
          93  1.714253328804283E-004   1.48281674878691     
          94  1.641910314771113E-004   1.45091993832621     
          95  1.558314693718825E-004   1.40632657123205     
          96  1.503371215225000E-004   1.38528200835335     
          97  1.443540128895447E-004   1.35805204832822     
          98  1.379346080280311E-004   1.32482342419259     
          99  1.291160961499421E-004   1.26560528953765     
         100  1.245039782396087E-004   1.24509214169348     
         101  1.193998563560966E-004   1.21805339199686     
         102  1.135612767481745E-004   1.18156248871542     
         103  1.090517455062040E-004   1.15706477467983     
         104  1.022547747621343E-004   1.10598704805761     
         105  1.010656203585957E-004   1.11421466944237     
         106  9.480095571307673E-005   1.06527478782406     
         107  9.077377413237399E-005   1.03928000024283     
         108  8.711507678743208E-005   1.01607258604781     
         109  8.411131488221969E-005  0.999364718075083     
         110  7.987952221274233E-005  0.966681549814781     
         111  7.568713761530891E-005  0.932579522265187     
         112  7.309566190937901E-005  0.916864791534598     
         113  7.044725083115013E-005  0.899521523454346     
         114  6.768386378018957E-005  0.879655326376247     
         115  6.384843089184539E-005  0.844411464573567     
         116  6.207594871838473E-005  0.835289239414571     
         117  5.993621943542388E-005  0.820523253570497     
         118  5.650991030164548E-005  0.786889096523728     
         119  5.429996038482247E-005  0.768899582777180     
         120  5.289419944364953E-005  0.761623472522064     
         121  5.068674083817504E-005  0.742102535690288     
         122  4.862659921712474E-005  0.723796435509260     
         123  4.676412616866209E-005  0.707514923620528     
         124  4.497753886213823E-005  0.691593955068173     
         125  4.370266651831632E-005  0.682906129105492     
         126  4.123774746135454E-005  0.654749149245943     
         127  3.991793429763050E-005  0.643846176827350     
         128  3.857195678871201E-005  0.631935932194926     
         129  3.749013545052397E-005  0.623874095286270     
         130  3.595443945290872E-005  0.607675354960194     
         131  3.435695473713800E-005  0.589593619601120     
         132  3.370346364950237E-005  0.587254241856470     
         133  3.233634513495694E-005  0.572031863999028     
         134  3.132756852812174E-005  0.562547438635392     
         135  3.006032061958383E-005  0.547857326485513     
         136  2.926039798056795E-005  0.541189814657533     
         137  2.848980381746822E-005  0.534752061219247     
         138  2.727577376746438E-005  0.519490122613425     
         139  2.640011659666118E-005  0.510087423314427     
         140  2.591031878330346E-005  0.507839208509672     
         141  2.518148333975614E-005  0.500643400612420     
         142  2.464284041668651E-005  0.496927390139278     
         143  2.363966421548802E-005  0.483415948713525     
         144  2.324585688888112E-005  0.482001535909210     
         145  2.279693432040785E-005  0.479287290076650     
         146  2.233396372672425E-005  0.476073017144687     
         147  2.172973731950373E-005  0.469576771354079     
         148  2.131981519672574E-005  0.467009653763575     
         149  2.108979925191146E-005  0.468247127069348     
         150  2.063859744187191E-005  0.464416572519544     
         151  2.029608334571746E-005  0.462806873169617     
         152  2.005463483813358E-005  0.463358419125183     
         153  1.997323717014602E-005  0.467566333398169     
         154  1.983700305386228E-005  0.470491900974694     
         155  1.957133708492303E-005  0.470236306315094     
         156  1.966411613600048E-005  0.478560264752154     
         157  1.978114458024911E-005  0.487609236366884     
         158  1.984080301912275E-005  0.495344223520035     
         159  1.989719228516695E-005  0.503031822868778     
         160  2.023829491429693E-005  0.518099313499779     
         161  2.074178725991854E-005  0.537690495369379     
         162  2.098876104607143E-005  0.550878733130334     
         163  2.172820885036822E-005  0.577354777756075     
         164  2.222325436680578E-005  0.597766280120242     
         165  2.339532755116391E-005  0.637003136877728     
         166  2.418426523076875E-005  0.666486083026244     
         167  2.588236656109511E-005  0.721891917701191     
         168  2.782335623596024E-005  0.785374396999488     
         169  3.094536470186233E-005  0.883965772569354     
         170  3.704485765501764E-005   1.07087370533272     
         171  6.465248253408875E-006  0.188137475044874     
         172  0.000000000000000E+000  0.000000000000000E+000
         173  0.000000000000000E+000  0.000000000000000E+000
         174  0.000000000000000E+000  0.000000000000000E+000
         175  0.000000000000000E+000  0.000000000000000E+000
         176  0.000000000000000E+000  0.000000000000000E+000
         177  0.000000000000000E+000  0.000000000000000E+000
         178  0.000000000000000E+000  0.000000000000000E+000
         179  0.000000000000000E+000  0.000000000000000E+000
         180  0.000000000000000E+000  0.000000000000000E+000
         181  0.000000000000000E+000  0.000000000000000E+000
         182  0.000000000000000E+000  0.000000000000000E+000
         183  0.000000000000000E+000  0.000000000000000E+000
         184  0.000000000000000E+000  0.000000000000000E+000
         185  0.000000000000000E+000  0.000000000000000E+000
         186  0.000000000000000E+000  0.000000000000000E+000
         187  0.000000000000000E+000  0.000000000000000E+000
         188  0.000000000000000E+000  0.000000000000000E+000
         189  0.000000000000000E+000  0.000000000000000E+000
         190  0.000000000000000E+000  0.000000000000000E+000
         191  0.000000000000000E+000  0.000000000000000E+000
         192  0.000000000000000E+000  0.000000000000000E+000
         193  0.000000000000000E+000  0.000000000000000E+000
         194  0.000000000000000E+000  0.000000000000000E+000
         195  0.000000000000000E+000  0.000000000000000E+000
         196  0.000000000000000E+000  0.000000000000000E+000
         197  0.000000000000000E+000  0.000000000000000E+000
         198  0.000000000000000E+000  0.000000000000000E+000
         199  0.000000000000000E+000  0.000000000000000E+000
         200  0.000000000000000E+000  0.000000000000000E+000
         201  0.000000000000000E+000  0.000000000000000E+000
         202  0.000000000000000E+000  0.000000000000000E+000
         203  0.000000000000000E+000  0.000000000000000E+000
         204  0.000000000000000E+000  0.000000000000000E+000
         205  0.000000000000000E+000  0.000000000000000E+000
         206  0.000000000000000E+000  0.000000000000000E+000
         207  0.000000000000000E+000  0.000000000000000E+000
         208  0.000000000000000E+000  0.000000000000000E+000
         209  0.000000000000000E+000  0.000000000000000E+000
         210  0.000000000000000E+000  0.000000000000000E+000
         211  0.000000000000000E+000  0.000000000000000E+000
         212  0.000000000000000E+000  0.000000000000000E+000
         213  0.000000000000000E+000  0.000000000000000E+000
         214  0.000000000000000E+000  0.000000000000000E+000
         215  0.000000000000000E+000  0.000000000000000E+000
         216  0.000000000000000E+000  0.000000000000000E+000
         217  0.000000000000000E+000  0.000000000000000E+000
         218  0.000000000000000E+000  0.000000000000000E+000
         219  0.000000000000000E+000  0.000000000000000E+000
         220  0.000000000000000E+000  0.000000000000000E+000
         221  0.000000000000000E+000  0.000000000000000E+000
         222  0.000000000000000E+000  0.000000000000000E+000
         223  0.000000000000000E+000  0.000000000000000E+000
         224  0.000000000000000E+000  0.000000000000000E+000
         225  0.000000000000000E+000  0.000000000000000E+000
         226  0.000000000000000E+000  0.000000000000000E+000
         227  0.000000000000000E+000  0.000000000000000E+000
         228  0.000000000000000E+000  0.000000000000000E+000
         229  0.000000000000000E+000  0.000000000000000E+000
         230  0.000000000000000E+000  0.000000000000000E+000
         231  0.000000000000000E+000  0.000000000000000E+000
         232  0.000000000000000E+000  0.000000000000000E+000
         233  0.000000000000000E+000  0.000000000000000E+000
         234  0.000000000000000E+000  0.000000000000000E+000
         235  0.000000000000000E+000  0.000000000000000E+000
         236  0.000000000000000E+000  0.000000000000000E+000
         237  0.000000000000000E+000  0.000000000000000E+000
         238  0.000000000000000E+000  0.000000000000000E+000
         239  0.000000000000000E+000  0.000000000000000E+000
         240  0.000000000000000E+000  0.000000000000000E+000
         241  0.000000000000000E+000  0.000000000000000E+000
         242  0.000000000000000E+000  0.000000000000000E+000
         243  0.000000000000000E+000  0.000000000000000E+000
         244  0.000000000000000E+000  0.000000000000000E+000
         245  0.000000000000000E+000  0.000000000000000E+000
         246  0.000000000000000E+000  0.000000000000000E+000
         247  0.000000000000000E+000  0.000000000000000E+000
         248  0.000000000000000E+000  0.000000000000000E+000
         249  0.000000000000000E+000  0.000000000000000E+000
         250  0.000000000000000E+000  0.000000000000000E+000
         251  0.000000000000000E+000  0.000000000000000E+000
         252  0.000000000000000E+000  0.000000000000000E+000
         253  0.000000000000000E+000  0.000000000000000E+000
         254  0.000000000000000E+000  0.000000000000000E+000
         255  0.000000000000000E+000  0.000000000000000E+000
         256  0.000000000000000E+000  0.000000000000000E+000
         257  0.000000000000000E+000  0.000000000000000E+000
         258  0.000000000000000E+000  0.000000000000000E+000
         259  0.000000000000000E+000  0.000000000000000E+000
         260  0.000000000000000E+000  0.000000000000000E+000
         261  0.000000000000000E+000  0.000000000000000E+000
         262  0.000000000000000E+000  0.000000000000000E+000
         263  0.000000000000000E+000  0.000000000000000E+000
         264  0.000000000000000E+000  0.000000000000000E+000
         265  0.000000000000000E+000  0.000000000000000E+000
         266  0.000000000000000E+000  0.000000000000000E+000
         267  0.000000000000000E+000  0.000000000000000E+000
         268  0.000000000000000E+000  0.000000000000000E+000
         269  0.000000000000000E+000  0.000000000000000E+000
         270  0.000000000000000E+000  0.000000000000000E+000
         271  0.000000000000000E+000  0.000000000000000E+000
         272  0.000000000000000E+000  0.000000000000000E+000
         273  0.000000000000000E+000  0.000000000000000E+000
         274  0.000000000000000E+000  0.000000000000000E+000
         275  0.000000000000000E+000  0.000000000000000E+000
         276  0.000000000000000E+000  0.000000000000000E+000
         277  0.000000000000000E+000  0.000000000000000E+000
         278  0.000000000000000E+000  0.000000000000000E+000
         279  0.000000000000000E+000  0.000000000000000E+000
         280  0.000000000000000E+000  0.000000000000000E+000
         281  0.000000000000000E+000  0.000000000000000E+000
         282  0.000000000000000E+000  0.000000000000000E+000
         283  0.000000000000000E+000  0.000000000000000E+000
         284  0.000000000000000E+000  0.000000000000000E+000
         285  0.000000000000000E+000  0.000000000000000E+000
         286  0.000000000000000E+000  0.000000000000000E+000
         287  0.000000000000000E+000  0.000000000000000E+000
         288  0.000000000000000E+000  0.000000000000000E+000
         289  0.000000000000000E+000  0.000000000000000E+000
         290  0.000000000000000E+000  0.000000000000000E+000
         291  0.000000000000000E+000  0.000000000000000E+000
         292  0.000000000000000E+000  0.000000000000000E+000
         293  0.000000000000000E+000  0.000000000000000E+000
         294  0.000000000000000E+000  0.000000000000000E+000
         295  0.000000000000000E+000  0.000000000000000E+000
         296  0.000000000000000E+000  0.000000000000000E+000
         297  0.000000000000000E+000  0.000000000000000E+000
         298  0.000000000000000E+000  0.000000000000000E+000
         299  0.000000000000000E+000  0.000000000000000E+000
         300  0.000000000000000E+000  0.000000000000000E+000
         301  0.000000000000000E+000  0.000000000000000E+000
         302  0.000000000000000E+000  0.000000000000000E+000
         303  0.000000000000000E+000  0.000000000000000E+000
         304  0.000000000000000E+000  0.000000000000000E+000
         305  0.000000000000000E+000  0.000000000000000E+000
         306  0.000000000000000E+000  0.000000000000000E+000
         307  0.000000000000000E+000  0.000000000000000E+000
         308  0.000000000000000E+000  0.000000000000000E+000
         309  0.000000000000000E+000  0.000000000000000E+000
         310  0.000000000000000E+000  0.000000000000000E+000
         311  0.000000000000000E+000  0.000000000000000E+000
         312  0.000000000000000E+000  0.000000000000000E+000
         313  0.000000000000000E+000  0.000000000000000E+000
         314  0.000000000000000E+000  0.000000000000000E+000
         315  0.000000000000000E+000  0.000000000000000E+000
         316  0.000000000000000E+000  0.000000000000000E+000
         317  0.000000000000000E+000  0.000000000000000E+000
         318  0.000000000000000E+000  0.000000000000000E+000
         319  0.000000000000000E+000  0.000000000000000E+000
         320  0.000000000000000E+000  0.000000000000000E+000
         321  0.000000000000000E+000  0.000000000000000E+000
         322  0.000000000000000E+000  0.000000000000000E+000
         323  0.000000000000000E+000  0.000000000000000E+000
         324  0.000000000000000E+000  0.000000000000000E+000
         325  0.000000000000000E+000  0.000000000000000E+000
         326  0.000000000000000E+000  0.000000000000000E+000
         327  0.000000000000000E+000  0.000000000000000E+000
         328  0.000000000000000E+000  0.000000000000000E+000
         329  0.000000000000000E+000  0.000000000000000E+000
         330  0.000000000000000E+000  0.000000000000000E+000
         331  0.000000000000000E+000  0.000000000000000E+000
         332  0.000000000000000E+000  0.000000000000000E+000
         333  0.000000000000000E+000  0.000000000000000E+000
         334  0.000000000000000E+000  0.000000000000000E+000
         335  0.000000000000000E+000  0.000000000000000E+000
         336  0.000000000000000E+000  0.000000000000000E+000
         337  0.000000000000000E+000  0.000000000000000E+000
         338  0.000000000000000E+000  0.000000000000000E+000
         339  0.000000000000000E+000  0.000000000000000E+000
         340  0.000000000000000E+000  0.000000000000000E+000
         341  0.000000000000000E+000  0.000000000000000E+000
         342  0.000000000000000E+000  0.000000000000000E+000
         343  0.000000000000000E+000  0.000000000000000E+000
         344  0.000000000000000E+000  0.000000000000000E+000
         345  0.000000000000000E+000  0.000000000000000E+000
         346  0.000000000000000E+000  0.000000000000000E+000
         347  0.000000000000000E+000  0.000000000000000E+000
         348  0.000000000000000E+000  0.000000000000000E+000
         349  0.000000000000000E+000  0.000000000000000E+000
         350  0.000000000000000E+000  0.000000000000000E+000
         351  0.000000000000000E+000  0.000000000000000E+000
         352  0.000000000000000E+000  0.000000000000000E+000
         353  0.000000000000000E+000  0.000000000000000E+000
         354  0.000000000000000E+000  0.000000000000000E+000
         355  0.000000000000000E+000  0.000000000000000E+000
         356  0.000000000000000E+000  0.000000000000000E+000
         357  0.000000000000000E+000  0.000000000000000E+000
         358  0.000000000000000E+000  0.000000000000000E+000
         359  0.000000000000000E+000  0.000000000000000E+000
         360  0.000000000000000E+000  0.000000000000000E+000
         361  0.000000000000000E+000  0.000000000000000E+000
         362  0.000000000000000E+000  0.000000000000000E+000
         363  0.000000000000000E+000  0.000000000000000E+000
         364  0.000000000000000E+000  0.000000000000000E+000
         365  0.000000000000000E+000  0.000000000000000E+000
         366  0.000000000000000E+000  0.000000000000000E+000
         367  0.000000000000000E+000  0.000000000000000E+000
         368  0.000000000000000E+000  0.000000000000000E+000
         369  0.000000000000000E+000  0.000000000000000E+000
         370  0.000000000000000E+000  0.000000000000000E+000
         371  0.000000000000000E+000  0.000000000000000E+000
         372  0.000000000000000E+000  0.000000000000000E+000
         373  0.000000000000000E+000  0.000000000000000E+000
         374  0.000000000000000E+000  0.000000000000000E+000
         375  0.000000000000000E+000  0.000000000000000E+000
         376  0.000000000000000E+000  0.000000000000000E+000
         377  0.000000000000000E+000  0.000000000000000E+000
         378  0.000000000000000E+000  0.000000000000000E+000
         379  0.000000000000000E+000  0.000000000000000E+000
         380  0.000000000000000E+000  0.000000000000000E+000
         381  0.000000000000000E+000  0.000000000000000E+000
         382  0.000000000000000E+000  0.000000000000000E+000
         383  0.000000000000000E+000  0.000000000000000E+000
         384  0.000000000000000E+000  0.000000000000000E+000
         385  0.000000000000000E+000  0.000000000000000E+000
         386  0.000000000000000E+000  0.000000000000000E+000
         387  0.000000000000000E+000  0.000000000000000E+000
         388  0.000000000000000E+000  0.000000000000000E+000
         389  0.000000000000000E+000  0.000000000000000E+000
         390  0.000000000000000E+000  0.000000000000000E+000
         391  0.000000000000000E+000  0.000000000000000E+000
         392  0.000000000000000E+000  0.000000000000000E+000
         393  0.000000000000000E+000  0.000000000000000E+000
         394  0.000000000000000E+000  0.000000000000000E+000
         395  0.000000000000000E+000  0.000000000000000E+000
         396  0.000000000000000E+000  0.000000000000000E+000
         397  0.000000000000000E+000  0.000000000000000E+000
         398  0.000000000000000E+000  0.000000000000000E+000
         399  0.000000000000000E+000  0.000000000000000E+000
         400  0.000000000000000E+000  0.000000000000000E+000
         401  0.000000000000000E+000  0.000000000000000E+000
         402  0.000000000000000E+000  0.000000000000000E+000
         403  0.000000000000000E+000  0.000000000000000E+000
         404  0.000000000000000E+000  0.000000000000000E+000
         405  0.000000000000000E+000  0.000000000000000E+000
         406  0.000000000000000E+000  0.000000000000000E+000
         407  0.000000000000000E+000  0.000000000000000E+000
         408  0.000000000000000E+000  0.000000000000000E+000
         409  0.000000000000000E+000  0.000000000000000E+000
         410  0.000000000000000E+000  0.000000000000000E+000
         411  0.000000000000000E+000  0.000000000000000E+000
         412  0.000000000000000E+000  0.000000000000000E+000
         413  0.000000000000000E+000  0.000000000000000E+000
         414  0.000000000000000E+000  0.000000000000000E+000
         415  0.000000000000000E+000  0.000000000000000E+000
         416  0.000000000000000E+000  0.000000000000000E+000
         417  0.000000000000000E+000  0.000000000000000E+000
         418  0.000000000000000E+000  0.000000000000000E+000
         419  0.000000000000000E+000  0.000000000000000E+000
         420  0.000000000000000E+000  0.000000000000000E+000
         421  0.000000000000000E+000  0.000000000000000E+000
         422  0.000000000000000E+000  0.000000000000000E+000
         423  0.000000000000000E+000  0.000000000000000E+000
         424  0.000000000000000E+000  0.000000000000000E+000
         425  0.000000000000000E+000  0.000000000000000E+000
         426  0.000000000000000E+000  0.000000000000000E+000
         427  0.000000000000000E+000  0.000000000000000E+000
         428  0.000000000000000E+000  0.000000000000000E+000
         429  0.000000000000000E+000  0.000000000000000E+000
         430  0.000000000000000E+000  0.000000000000000E+000
         431  0.000000000000000E+000  0.000000000000000E+000
         432  0.000000000000000E+000  0.000000000000000E+000
         433  0.000000000000000E+000  0.000000000000000E+000
         434  0.000000000000000E+000  0.000000000000000E+000
         435  0.000000000000000E+000  0.000000000000000E+000
         436  0.000000000000000E+000  0.000000000000000E+000
         437  0.000000000000000E+000  0.000000000000000E+000
         438  0.000000000000000E+000  0.000000000000000E+000
         439  0.000000000000000E+000  0.000000000000000E+000
         440  0.000000000000000E+000  0.000000000000000E+000
         441  0.000000000000000E+000  0.000000000000000E+000
         442  0.000000000000000E+000  0.000000000000000E+000
         443  0.000000000000000E+000  0.000000000000000E+000
         444  0.000000000000000E+000  0.000000000000000E+000
