           0  0.000000000000000E+000  0.000000000000000E+000
           1  0.742046316425031       0.952695827647852     
           2  0.518677841839868        2.56962892562410     
           3  0.202968526702297        1.93014536731242     
           4  0.138638475506253        2.22663454339288     
           5  9.341593620038574E-002   2.35772156781744     
           6  7.574436700992254E-002   2.81496089024439     
           7  5.440310471099549E-002   2.69145310271077     
           8  4.164800596082019E-002   2.65533160816823     
           9  4.179291967363775E-002   3.40360636600547     
          10  3.163515993683298E-002   3.20917705162664     
          11  2.961004326522906E-002   3.60420012574470     
          12  2.643402399841822E-002   3.81767210878299     
          13  2.375260226033850E-002   4.02964122273375     
          14  2.107536503200356E-002   4.15057833475332     
          15  1.799760438901164E-002   4.05779401241465     
          16  1.854123188837939E-002   4.74077987472189     
          17  1.700743375138208E-002   4.92239277029250     
          18  1.480002685635550E-002   4.81375741353858     
          19  1.293953833282260E-002   4.68307048948318     
          20  1.251212874271279E-002   5.00777320741525     
          21  1.167198825242297E-002   5.15607376425316     
          22  1.073037312675718E-002   5.20569477649742     
          23  9.813972091327906E-003   5.19628612223481     
          24  9.050358552287132E-003   5.21223328160019     
          25  8.472469829935391E-003   5.29652272063653     
          26  7.962662706692355E-003   5.39131297257077     
          27  7.145957010992856E-003   5.21500348748076     
          28  6.931459443461562E-003   5.44151729700364     
          29  6.300112864945782E-003   5.30594735560059     
          30  5.952200698452284E-003   5.36362964875788     
          31  5.554873811877145E-003   5.34148900254272     
          32  4.948284790305659E-003   5.06965205952297     
          33  4.959393607673224E-003   5.39927392375533     
          34  4.479179712760034E-003   5.18027925270780     
          35  4.181716991472418E-003   5.12435908584739     
          36  3.970386783670604E-003   5.14890807700267     
          37  3.716945969855329E-003   5.09188129921553     
          38  3.425532481926378E-003   4.94896540628955     
          39  3.188965750550873E-003   4.85205827965867     
          40  3.052673495034749E-003   4.88409719558775     
          41  2.903757609696519E-003   4.88329645287276     
          42  2.670028629083063E-003   4.71230653121695     
          43  2.508859609099875E-003   4.64098880830216     
          44  2.303054721203393E-003   4.46114405959883     
          45  2.258509986711537E-003   4.57623962481862     
          46  2.062191890180609E-003   4.36635097226576     
          47  1.952359858979992E-003   4.31263067842046     
          48  1.848345373595564E-003   4.25777304391481     
          49  1.758319169054143E-003   4.22164475664969     
          50  1.655593484036936E-003   4.14080630520476     
          51  1.503820104680415E-003   3.91320859697859     
          52  1.460861355807974E-003   3.95070481779288     
          53  1.363691578367372E-003   3.83205039392218     
          54  1.276256824053665E-003   3.72295496730352     
          55  1.195591575918292E-003   3.61707144365152     
          56  1.139694150889288E-003   3.57382814298044     
          57  1.095771476717335E-003   3.56024225273345     
          58  1.012394881049631E-003   3.40639861770939     
          59  9.490322124087839E-004   3.30417131791647     
          60  9.239107316926079E-004   3.32633622240857     
          61  8.562779526839132E-004   3.18690943069226     
          62  8.193865471857241E-004   3.15057902813384     
          63  7.517100803185775E-004   2.98339588143037     
          64  7.260744183508222E-004   2.97339360392040     
          65  6.989873649179769E-004   2.95332484112489     
          66  6.474431500377825E-004   2.82081330495442     
          67  6.236992008185720E-004   2.80032317080853     
          68  5.787189666374016E-004   2.67635642989414     
          69  5.596805744279759E-004   2.66521593033656     
          70  5.253302126909887E-004   2.57475875771202     
          71  4.946678542080169E-004   2.49354209718398     
          72  4.768487872278823E-004   2.47188459997360     
          73  4.490764302461686E-004   2.39313591478432     
          74  4.302419457046597E-004   2.35622563164144     
          75  4.009804798590897E-004   2.25590300239617     
          76  3.855622712647249E-004   2.22712383908175     
          77  3.679395410234906E-004   2.18192233211352     
          78  3.443862853445506E-004   2.09553352618635     
          79  3.290993305961166E-004   2.05383582872351     
          80  3.113124886974063E-004   1.99229865154155     
          81  2.997465448824967E-004   1.96648181557956     
          82  2.830888198525037E-004   1.90367171110212     
          83  2.705974135423185E-004   1.86435257435894     
          84  2.545875944795577E-004   1.79640042152100     
          85  2.456975824818561E-004   1.77521703653412     
          86  2.308923143360813E-004   1.70785019609289     
          87  2.185081528237506E-004   1.65400910609635     
          88  2.085586464101335E-004   1.61506371459181     
          89  2.005021928732837E-004   1.58819601053030     
          90  1.922987935429690E-004   1.55777922614553     
          91  1.804117904367958E-004   1.49425677148623     
          92  1.726773655761195E-004   1.46168631352981     
          93  1.642121778811811E-004   1.42042452314281     
          94  1.561739174939481E-004   1.38004257121636     
          95  1.490771007556632E-004   1.34538263897502     
          96  1.435078301263630E-004   1.32236383778964     
          97  1.371465104200926E-004   1.29025568915717     
          98  1.323338453117137E-004   1.27103623144662     
          99  1.230603821427771E-004   1.20625497374270     
         100  1.192370369504747E-004   1.19242855409046     
         101  1.136253922969463E-004   1.15915265027925     
         102  1.085049368587834E-004   1.12896685168050     
         103  1.039449180535803E-004   1.10286389823354     
         104  9.800162242089137E-005   1.05997892679263     
         105  9.606664149807857E-005   1.05914542845306     
         106  9.037289256522612E-005   1.01554217330112     
         107  8.665778962820871E-005  0.992154778423540     
         108  8.319145696275313E-005  0.970348226336726     
         109  8.029442054015287E-005  0.954007725326540     
         110  7.620403851637091E-005  0.922177776190747     
         111  7.204027048064496E-005  0.887637942488913     
         112  7.004670299152568E-005  0.878632628486163     
         113  6.738468045411187E-005  0.860425681149838     
         114  6.448142728411148E-005  0.838011173488376     
         115  6.113411138482277E-005  0.808487091402767     
         116  5.916074228064899E-005  0.796043782527608     
         117  5.685971584446747E-005  0.778417747206752     
         118  5.400312300143087E-005  0.751976853088635     
         119  5.168513836282978E-005  0.731893683657712     
         120  5.034327991822153E-005  0.724908095893223     
         121  4.827804584859627E-005  0.706835520380649     
         122  4.629113198149766E-005  0.689031706026668     
         123  4.449328723176271E-005  0.673165330915320     
         124  4.244076220179429E-005  0.652584765724968     
         125  4.158661545248354E-005  0.649832925405848     
         126  3.943531110570624E-005  0.626133263131717     
         127  3.810891227626608E-005  0.614659566925656     
         128  3.653466688861884E-005  0.598565179976231     
         129  3.564263486840979E-005  0.593133412019519     
         130  3.413695116964070E-005  0.576937996982402     
         131  3.250965653945286E-005  0.557904498082815     
         132  3.212278719367616E-005  0.559715270552953     
         133  3.052317661776090E-005  0.539956466528937     
         134  2.968797686833384E-005  0.533107278610213     
         135  2.851117892587736E-005  0.519629605514769     
         136  2.783877455113284E-005  0.514904585943453     
         137  2.705307630861713E-005  0.507783150417769     
         138  2.587589701519684E-005  0.492819751061851     
         139  2.502612656692367E-005  0.483545152537313     
         140  2.451681264841372E-005  0.480527325982990     
         141  2.387870742877880E-005  0.474741411002547     
         142  2.322854064313739E-005  0.468408767247800     
         143  2.226079594050087E-005  0.455217529537459     
         144  2.195993616566001E-005  0.455334818531381     
         145  2.144727107204121E-005  0.450912135287889     
         146  2.101639490217316E-005  0.447977137478695     
         147  2.054938934705643E-005  0.444063112944482     
         148  2.023403185768528E-005  0.443227002065812     
         149  1.991062392953007E-005  0.442069732796128     
         150  1.948892371719159E-005  0.438543161174612     
         151  1.910721246261382E-005  0.435701007718699     
         152  1.893961544190818E-005  0.437599975920995     
         153  1.888664985655799E-005  0.442133273999294     
         154  1.876138086366620E-005  0.444974893660632     
         155  1.847178489566188E-005  0.443813613964853     
         156  1.857481052396740E-005  0.452047772821544     
         157  1.870755931505491E-005  0.461145748859782     
         158  1.865888084292364E-005  0.465827728731327     
         159  1.884404102602846E-005  0.476405331355050     
         160  1.914041730738374E-005  0.489998499081229     
         161  1.959650135001977E-005  0.508002491609412     
         162  1.969501403725645E-005  0.516924299189146     
         163  2.051189630899421E-005  0.545036063883056     
         164  2.096306180739681E-005  0.563874402997706     
         165  2.209093763959708E-005  0.601486396149002     
         166  2.285894639142194E-005  0.629964548759576     
         167  2.450420407984149E-005  0.683442489305516     
         168  2.635560710012867E-005  0.743951274827703     
         169  2.924187040518976E-005  0.835286972482283     
         170  3.464052391244855E-005   1.00138387124478     
         171  6.050406237642143E-006  0.176065864376790     
         172  0.000000000000000E+000  0.000000000000000E+000
         173  0.000000000000000E+000  0.000000000000000E+000
         174  0.000000000000000E+000  0.000000000000000E+000
         175  0.000000000000000E+000  0.000000000000000E+000
         176  0.000000000000000E+000  0.000000000000000E+000
         177  0.000000000000000E+000  0.000000000000000E+000
         178  0.000000000000000E+000  0.000000000000000E+000
         179  0.000000000000000E+000  0.000000000000000E+000
         180  0.000000000000000E+000  0.000000000000000E+000
         181  0.000000000000000E+000  0.000000000000000E+000
         182  0.000000000000000E+000  0.000000000000000E+000
         183  0.000000000000000E+000  0.000000000000000E+000
         184  0.000000000000000E+000  0.000000000000000E+000
         185  0.000000000000000E+000  0.000000000000000E+000
         186  0.000000000000000E+000  0.000000000000000E+000
         187  0.000000000000000E+000  0.000000000000000E+000
         188  0.000000000000000E+000  0.000000000000000E+000
         189  0.000000000000000E+000  0.000000000000000E+000
         190  0.000000000000000E+000  0.000000000000000E+000
         191  0.000000000000000E+000  0.000000000000000E+000
         192  0.000000000000000E+000  0.000000000000000E+000
         193  0.000000000000000E+000  0.000000000000000E+000
         194  0.000000000000000E+000  0.000000000000000E+000
         195  0.000000000000000E+000  0.000000000000000E+000
         196  0.000000000000000E+000  0.000000000000000E+000
         197  0.000000000000000E+000  0.000000000000000E+000
         198  0.000000000000000E+000  0.000000000000000E+000
         199  0.000000000000000E+000  0.000000000000000E+000
         200  0.000000000000000E+000  0.000000000000000E+000
         201  0.000000000000000E+000  0.000000000000000E+000
         202  0.000000000000000E+000  0.000000000000000E+000
         203  0.000000000000000E+000  0.000000000000000E+000
         204  0.000000000000000E+000  0.000000000000000E+000
         205  0.000000000000000E+000  0.000000000000000E+000
         206  0.000000000000000E+000  0.000000000000000E+000
         207  0.000000000000000E+000  0.000000000000000E+000
         208  0.000000000000000E+000  0.000000000000000E+000
         209  0.000000000000000E+000  0.000000000000000E+000
         210  0.000000000000000E+000  0.000000000000000E+000
         211  0.000000000000000E+000  0.000000000000000E+000
         212  0.000000000000000E+000  0.000000000000000E+000
         213  0.000000000000000E+000  0.000000000000000E+000
         214  0.000000000000000E+000  0.000000000000000E+000
         215  0.000000000000000E+000  0.000000000000000E+000
         216  0.000000000000000E+000  0.000000000000000E+000
         217  0.000000000000000E+000  0.000000000000000E+000
         218  0.000000000000000E+000  0.000000000000000E+000
         219  0.000000000000000E+000  0.000000000000000E+000
         220  0.000000000000000E+000  0.000000000000000E+000
         221  0.000000000000000E+000  0.000000000000000E+000
         222  0.000000000000000E+000  0.000000000000000E+000
         223  0.000000000000000E+000  0.000000000000000E+000
         224  0.000000000000000E+000  0.000000000000000E+000
         225  0.000000000000000E+000  0.000000000000000E+000
         226  0.000000000000000E+000  0.000000000000000E+000
         227  0.000000000000000E+000  0.000000000000000E+000
         228  0.000000000000000E+000  0.000000000000000E+000
         229  0.000000000000000E+000  0.000000000000000E+000
         230  0.000000000000000E+000  0.000000000000000E+000
         231  0.000000000000000E+000  0.000000000000000E+000
         232  0.000000000000000E+000  0.000000000000000E+000
         233  0.000000000000000E+000  0.000000000000000E+000
         234  0.000000000000000E+000  0.000000000000000E+000
         235  0.000000000000000E+000  0.000000000000000E+000
         236  0.000000000000000E+000  0.000000000000000E+000
         237  0.000000000000000E+000  0.000000000000000E+000
         238  0.000000000000000E+000  0.000000000000000E+000
         239  0.000000000000000E+000  0.000000000000000E+000
         240  0.000000000000000E+000  0.000000000000000E+000
         241  0.000000000000000E+000  0.000000000000000E+000
         242  0.000000000000000E+000  0.000000000000000E+000
         243  0.000000000000000E+000  0.000000000000000E+000
         244  0.000000000000000E+000  0.000000000000000E+000
         245  0.000000000000000E+000  0.000000000000000E+000
         246  0.000000000000000E+000  0.000000000000000E+000
         247  0.000000000000000E+000  0.000000000000000E+000
         248  0.000000000000000E+000  0.000000000000000E+000
         249  0.000000000000000E+000  0.000000000000000E+000
         250  0.000000000000000E+000  0.000000000000000E+000
         251  0.000000000000000E+000  0.000000000000000E+000
         252  0.000000000000000E+000  0.000000000000000E+000
         253  0.000000000000000E+000  0.000000000000000E+000
         254  0.000000000000000E+000  0.000000000000000E+000
         255  0.000000000000000E+000  0.000000000000000E+000
         256  0.000000000000000E+000  0.000000000000000E+000
         257  0.000000000000000E+000  0.000000000000000E+000
         258  0.000000000000000E+000  0.000000000000000E+000
         259  0.000000000000000E+000  0.000000000000000E+000
         260  0.000000000000000E+000  0.000000000000000E+000
         261  0.000000000000000E+000  0.000000000000000E+000
         262  0.000000000000000E+000  0.000000000000000E+000
         263  0.000000000000000E+000  0.000000000000000E+000
         264  0.000000000000000E+000  0.000000000000000E+000
         265  0.000000000000000E+000  0.000000000000000E+000
         266  0.000000000000000E+000  0.000000000000000E+000
         267  0.000000000000000E+000  0.000000000000000E+000
         268  0.000000000000000E+000  0.000000000000000E+000
         269  0.000000000000000E+000  0.000000000000000E+000
         270  0.000000000000000E+000  0.000000000000000E+000
         271  0.000000000000000E+000  0.000000000000000E+000
         272  0.000000000000000E+000  0.000000000000000E+000
         273  0.000000000000000E+000  0.000000000000000E+000
         274  0.000000000000000E+000  0.000000000000000E+000
         275  0.000000000000000E+000  0.000000000000000E+000
         276  0.000000000000000E+000  0.000000000000000E+000
         277  0.000000000000000E+000  0.000000000000000E+000
         278  0.000000000000000E+000  0.000000000000000E+000
         279  0.000000000000000E+000  0.000000000000000E+000
         280  0.000000000000000E+000  0.000000000000000E+000
         281  0.000000000000000E+000  0.000000000000000E+000
         282  0.000000000000000E+000  0.000000000000000E+000
         283  0.000000000000000E+000  0.000000000000000E+000
         284  0.000000000000000E+000  0.000000000000000E+000
         285  0.000000000000000E+000  0.000000000000000E+000
         286  0.000000000000000E+000  0.000000000000000E+000
         287  0.000000000000000E+000  0.000000000000000E+000
         288  0.000000000000000E+000  0.000000000000000E+000
         289  0.000000000000000E+000  0.000000000000000E+000
         290  0.000000000000000E+000  0.000000000000000E+000
         291  0.000000000000000E+000  0.000000000000000E+000
         292  0.000000000000000E+000  0.000000000000000E+000
         293  0.000000000000000E+000  0.000000000000000E+000
         294  0.000000000000000E+000  0.000000000000000E+000
         295  0.000000000000000E+000  0.000000000000000E+000
         296  0.000000000000000E+000  0.000000000000000E+000
         297  0.000000000000000E+000  0.000000000000000E+000
         298  0.000000000000000E+000  0.000000000000000E+000
         299  0.000000000000000E+000  0.000000000000000E+000
         300  0.000000000000000E+000  0.000000000000000E+000
         301  0.000000000000000E+000  0.000000000000000E+000
         302  0.000000000000000E+000  0.000000000000000E+000
         303  0.000000000000000E+000  0.000000000000000E+000
         304  0.000000000000000E+000  0.000000000000000E+000
         305  0.000000000000000E+000  0.000000000000000E+000
         306  0.000000000000000E+000  0.000000000000000E+000
         307  0.000000000000000E+000  0.000000000000000E+000
         308  0.000000000000000E+000  0.000000000000000E+000
         309  0.000000000000000E+000  0.000000000000000E+000
         310  0.000000000000000E+000  0.000000000000000E+000
         311  0.000000000000000E+000  0.000000000000000E+000
         312  0.000000000000000E+000  0.000000000000000E+000
         313  0.000000000000000E+000  0.000000000000000E+000
         314  0.000000000000000E+000  0.000000000000000E+000
         315  0.000000000000000E+000  0.000000000000000E+000
         316  0.000000000000000E+000  0.000000000000000E+000
         317  0.000000000000000E+000  0.000000000000000E+000
         318  0.000000000000000E+000  0.000000000000000E+000
         319  0.000000000000000E+000  0.000000000000000E+000
         320  0.000000000000000E+000  0.000000000000000E+000
         321  0.000000000000000E+000  0.000000000000000E+000
         322  0.000000000000000E+000  0.000000000000000E+000
         323  0.000000000000000E+000  0.000000000000000E+000
         324  0.000000000000000E+000  0.000000000000000E+000
         325  0.000000000000000E+000  0.000000000000000E+000
         326  0.000000000000000E+000  0.000000000000000E+000
         327  0.000000000000000E+000  0.000000000000000E+000
         328  0.000000000000000E+000  0.000000000000000E+000
         329  0.000000000000000E+000  0.000000000000000E+000
         330  0.000000000000000E+000  0.000000000000000E+000
         331  0.000000000000000E+000  0.000000000000000E+000
         332  0.000000000000000E+000  0.000000000000000E+000
         333  0.000000000000000E+000  0.000000000000000E+000
         334  0.000000000000000E+000  0.000000000000000E+000
         335  0.000000000000000E+000  0.000000000000000E+000
         336  0.000000000000000E+000  0.000000000000000E+000
         337  0.000000000000000E+000  0.000000000000000E+000
         338  0.000000000000000E+000  0.000000000000000E+000
         339  0.000000000000000E+000  0.000000000000000E+000
         340  0.000000000000000E+000  0.000000000000000E+000
         341  0.000000000000000E+000  0.000000000000000E+000
         342  0.000000000000000E+000  0.000000000000000E+000
         343  0.000000000000000E+000  0.000000000000000E+000
         344  0.000000000000000E+000  0.000000000000000E+000
         345  0.000000000000000E+000  0.000000000000000E+000
         346  0.000000000000000E+000  0.000000000000000E+000
         347  0.000000000000000E+000  0.000000000000000E+000
         348  0.000000000000000E+000  0.000000000000000E+000
         349  0.000000000000000E+000  0.000000000000000E+000
         350  0.000000000000000E+000  0.000000000000000E+000
         351  0.000000000000000E+000  0.000000000000000E+000
         352  0.000000000000000E+000  0.000000000000000E+000
         353  0.000000000000000E+000  0.000000000000000E+000
         354  0.000000000000000E+000  0.000000000000000E+000
         355  0.000000000000000E+000  0.000000000000000E+000
         356  0.000000000000000E+000  0.000000000000000E+000
         357  0.000000000000000E+000  0.000000000000000E+000
         358  0.000000000000000E+000  0.000000000000000E+000
         359  0.000000000000000E+000  0.000000000000000E+000
         360  0.000000000000000E+000  0.000000000000000E+000
         361  0.000000000000000E+000  0.000000000000000E+000
         362  0.000000000000000E+000  0.000000000000000E+000
         363  0.000000000000000E+000  0.000000000000000E+000
         364  0.000000000000000E+000  0.000000000000000E+000
         365  0.000000000000000E+000  0.000000000000000E+000
         366  0.000000000000000E+000  0.000000000000000E+000
         367  0.000000000000000E+000  0.000000000000000E+000
         368  0.000000000000000E+000  0.000000000000000E+000
         369  0.000000000000000E+000  0.000000000000000E+000
         370  0.000000000000000E+000  0.000000000000000E+000
         371  0.000000000000000E+000  0.000000000000000E+000
         372  0.000000000000000E+000  0.000000000000000E+000
         373  0.000000000000000E+000  0.000000000000000E+000
         374  0.000000000000000E+000  0.000000000000000E+000
         375  0.000000000000000E+000  0.000000000000000E+000
         376  0.000000000000000E+000  0.000000000000000E+000
         377  0.000000000000000E+000  0.000000000000000E+000
         378  0.000000000000000E+000  0.000000000000000E+000
         379  0.000000000000000E+000  0.000000000000000E+000
         380  0.000000000000000E+000  0.000000000000000E+000
         381  0.000000000000000E+000  0.000000000000000E+000
         382  0.000000000000000E+000  0.000000000000000E+000
         383  0.000000000000000E+000  0.000000000000000E+000
         384  0.000000000000000E+000  0.000000000000000E+000
         385  0.000000000000000E+000  0.000000000000000E+000
         386  0.000000000000000E+000  0.000000000000000E+000
         387  0.000000000000000E+000  0.000000000000000E+000
         388  0.000000000000000E+000  0.000000000000000E+000
         389  0.000000000000000E+000  0.000000000000000E+000
         390  0.000000000000000E+000  0.000000000000000E+000
         391  0.000000000000000E+000  0.000000000000000E+000
         392  0.000000000000000E+000  0.000000000000000E+000
         393  0.000000000000000E+000  0.000000000000000E+000
         394  0.000000000000000E+000  0.000000000000000E+000
         395  0.000000000000000E+000  0.000000000000000E+000
         396  0.000000000000000E+000  0.000000000000000E+000
         397  0.000000000000000E+000  0.000000000000000E+000
         398  0.000000000000000E+000  0.000000000000000E+000
         399  0.000000000000000E+000  0.000000000000000E+000
         400  0.000000000000000E+000  0.000000000000000E+000
         401  0.000000000000000E+000  0.000000000000000E+000
         402  0.000000000000000E+000  0.000000000000000E+000
         403  0.000000000000000E+000  0.000000000000000E+000
         404  0.000000000000000E+000  0.000000000000000E+000
         405  0.000000000000000E+000  0.000000000000000E+000
         406  0.000000000000000E+000  0.000000000000000E+000
         407  0.000000000000000E+000  0.000000000000000E+000
         408  0.000000000000000E+000  0.000000000000000E+000
         409  0.000000000000000E+000  0.000000000000000E+000
         410  0.000000000000000E+000  0.000000000000000E+000
         411  0.000000000000000E+000  0.000000000000000E+000
         412  0.000000000000000E+000  0.000000000000000E+000
         413  0.000000000000000E+000  0.000000000000000E+000
         414  0.000000000000000E+000  0.000000000000000E+000
         415  0.000000000000000E+000  0.000000000000000E+000
         416  0.000000000000000E+000  0.000000000000000E+000
         417  0.000000000000000E+000  0.000000000000000E+000
         418  0.000000000000000E+000  0.000000000000000E+000
         419  0.000000000000000E+000  0.000000000000000E+000
         420  0.000000000000000E+000  0.000000000000000E+000
         421  0.000000000000000E+000  0.000000000000000E+000
         422  0.000000000000000E+000  0.000000000000000E+000
         423  0.000000000000000E+000  0.000000000000000E+000
         424  0.000000000000000E+000  0.000000000000000E+000
         425  0.000000000000000E+000  0.000000000000000E+000
         426  0.000000000000000E+000  0.000000000000000E+000
         427  0.000000000000000E+000  0.000000000000000E+000
         428  0.000000000000000E+000  0.000000000000000E+000
         429  0.000000000000000E+000  0.000000000000000E+000
         430  0.000000000000000E+000  0.000000000000000E+000
         431  0.000000000000000E+000  0.000000000000000E+000
         432  0.000000000000000E+000  0.000000000000000E+000
         433  0.000000000000000E+000  0.000000000000000E+000
         434  0.000000000000000E+000  0.000000000000000E+000
         435  0.000000000000000E+000  0.000000000000000E+000
         436  0.000000000000000E+000  0.000000000000000E+000
         437  0.000000000000000E+000  0.000000000000000E+000
         438  0.000000000000000E+000  0.000000000000000E+000
         439  0.000000000000000E+000  0.000000000000000E+000
         440  0.000000000000000E+000  0.000000000000000E+000
         441  0.000000000000000E+000  0.000000000000000E+000
         442  0.000000000000000E+000  0.000000000000000E+000
         443  0.000000000000000E+000  0.000000000000000E+000
         444  0.000000000000000E+000  0.000000000000000E+000
