           0  0.000000000000000E+000  0.000000000000000E+000
           1  0.670544008985500       0.986996970350064     
           2  0.564881674527208        2.76536464627008     
           3  0.228094713530781        2.18957758532693     
           4  0.141759638017342        2.28669848458180     
           5  0.109540643897316        2.76218277959208     
           6  6.769666485285164E-002   2.50292732182639     
           7  5.491102890216194E-002   2.71490575410187     
           8  4.379604375606706E-002   2.80140524148936     
           9  4.503971863097195E-002   3.66142316712382     
          10  3.194092214774731E-002   3.24417560529698     
          11  2.827806656893718E-002   3.45225570201924     
          12  2.724398117596263E-002   3.92626602755936     
          13  2.504696549979655E-002   4.24940917258416     
          14  2.173506615870762E-002   4.27815912554939     
          15  1.937452796399293E-002   4.36193632282243     
          16  1.875457083234534E-002   4.79583437231641     
          17  1.667150164722276E-002   4.82947975242807     
          18  1.570928462795810E-002   5.11050955484118     
          19  1.325821166421463E-002   4.79938964609225     
          20  1.227918914328788E-002   4.91483435466140     
          21  1.193354574731617E-002   5.27058824442700     
          22  1.062718743242073E-002   5.15469559041718     
          23  9.681068785985795E-003   5.12684705661912     
          24  9.143801671774922E-003   5.26587828281567     
          25  8.651531394509275E-003   5.40694179611503     
          26  8.078436038213047E-003   5.46755543422281     
          27  7.436955762727658E-003   5.42747829592043     
          28  6.926067206971838E-003   5.43824672077272     
          29  6.303464834942963E-003   5.30829782633082     
          30  5.918836891208955E-003   5.33291005138437     
          31  5.594087714658894E-003   5.37939244041556     
          32  5.198952188568909E-003   5.32586038128651     
          33  4.930839395150990E-003   5.36957376355358     
          34  4.613015174735026E-003   5.33469225444126     
          35  4.183353038039216E-003   5.12764479468484     
          36  4.008628180818129E-003   5.19692064835216     
          37  3.687178926176444E-003   5.05047372982549     
          38  3.552897074410150E-003   5.13359619857442     
          39  3.242032403388180E-003   4.93162647827788     
          40  3.115087475926914E-003   4.98402710767081     
          41  2.950694722450820E-003   4.96123597738246     
          42  2.684806420034325E-003   4.73886015188559     
          43  2.583520376776980E-003   4.77863834922172     
          44  2.384765897797338E-003   4.61852127058385     
          45  2.304575438727557E-003   4.66953473957867     
          46  2.047840775658311E-003   4.33515915200345     
          47  1.981044359621111E-003   4.37511267185369     
          48  1.891188000499046E-003   4.35682085195151     
          49  1.793119446889845E-003   4.30537846259621     
          50  1.683196808484667E-003   4.20997379772627     
          51  1.538042612327597E-003   4.00201717063235     
          52  1.486057601471272E-003   4.01941852217205     
          53  1.406430388993683E-003   3.95214934627985     
          54  1.300744189760633E-003   3.79448687681016     
          55  1.220005429634272E-003   3.69083767160856     
          56  1.174730882304408E-003   3.68328620131084     
          57  1.112533450583334E-003   3.61529724923105     
          58  1.025985199476843E-003   3.45240855499878     
          59  9.895570680271729E-004   3.44464848872726     
          60  9.482022701814328E-004   3.41399856230332     
          61  8.865059846613993E-004   3.29961750303053     
          62  8.386166102417716E-004   3.22445036611916     
          63  7.754240995080466E-004   3.07777352061851     
          64  7.528673963544404E-004   3.08295337735665     
          65  7.278824841855662E-004   3.07561328364249     
          66  6.692403480739506E-004   2.91585570363910     
          67  6.433657621239670E-004   2.88859848018971     
          68  6.016156407299386E-004   2.78231542176433     
          69  5.857805603198306E-004   2.78938703927031     
          70  5.400783169925640E-004   2.64710254701689     
          71  5.117966397354306E-004   2.58005870647092     
          72  4.982208583464390E-004   2.58275632882605     
          73  4.653691134835718E-004   2.47994004363023     
          74  4.496116661033147E-004   2.46240212643768     
          75  4.162603115229700E-004   2.34181675764452     
          76  3.985374724041846E-004   2.30220036130738     
          77  3.830852134551502E-004   2.27171975161080     
          78  3.568614005111389E-004   2.17140376817426     
          79  3.431361409696638E-004   2.14147771934065     
          80  3.210096334676191E-004   2.05431268733779     
          81  3.143028064502854E-004   2.06203971821825     
          82  2.950867219545148E-004   1.98425436806527     
          83  2.801062576020818E-004   1.92986755696969     
          84  2.668842831925645E-004   1.88315660654214     
          85  2.565247469689259E-004   1.85345331072523     
          86  2.451337831350296E-004   1.81328250599620     
          87  2.304676983689555E-004   1.74462659149159     
          88  2.224679721517387E-004   1.72284470836974     
          89  2.106572002383628E-004   1.66866544175694     
          90  2.021577859569535E-004   1.63761580710409     
          91  1.913311128944767E-004   1.58467918491218     
          92  1.816493769570693E-004   1.53764363846328     
          93  1.745352210348293E-004   1.50970089608387     
          94  1.650364525899742E-004   1.45833328083719     
          95  1.578509110790248E-004   1.42453927778872     
          96  1.519851847997242E-004   1.40048024191575     
          97  1.462056858458776E-004   1.37548631419384     
          98  1.409536695433602E-004   1.35385941920327     
          99  1.316999143913052E-004   1.29093614812489     
         100  1.269269322081131E-004   1.26934080423130     
         101  1.215834225009417E-004   1.24032042178768     
         102  1.160285847817574E-004   1.20725383970111     
         103  1.109163671426112E-004   1.17687118042723     
         104  1.045468067303632E-004   1.13074577483024     
         105  1.028286492902084E-004   1.13365512890754     
         106  9.620617719176605E-005   1.08106333328762     
         107  9.347023447345284E-005   1.07018273129250     
         108  8.884721384876542E-005   1.03629686194666     
         109  8.608945381619919E-005   1.02288625225179     
         110  8.186947365599177E-005  0.990734510473938     
         111  7.799610086165376E-005  0.961026334090561     
         112  7.549244411862027E-005  0.946941024725019     
         113  7.240959226507310E-005  0.924576971379733     
         114  6.966417506005084E-005  0.905406655880306     
         115  6.592747710632058E-005  0.871906227153046     
         116  6.395935802151981E-005  0.860616738049443     
         117  6.190725870588636E-005  0.847512176244830     
         118  5.865711925193231E-005  0.816793988261316     
         119  5.641555615970068E-005  0.798877745158857     
         120  5.466598225737601E-005  0.787139195130520     
         121  5.271588634967183E-005  0.771815219460309     
         122  5.053000033272231E-005  0.752099200201466     
         123  4.858909555189291E-005  0.735129672982801     
         124  4.675104575541423E-005  0.718853982822305     
         125  4.557583611286418E-005  0.712181832455779     
         126  4.313602227997017E-005  0.684886598686520     
         127  4.155679670215934E-005  0.670268520040380     
         128  4.006483167115290E-005  0.656392747152070     
         129  3.914428035787729E-005  0.651407167597665     
         130  3.761619394287996E-005  0.635753876158944     
         131  3.586320520751810E-005  0.615445108488541     
         132  3.544674415528274E-005  0.617636164208268     
         133  3.405060629144232E-005  0.602358403326988     
         134  3.310616448843582E-005  0.594490916716883     
         135  3.164876022899164E-005  0.576809289804785     
         136  3.099499855875571E-005  0.573280685552534     
         137  3.016562892882575E-005  0.566208009755045     
         138  2.896941258874430E-005  0.551743530479036     
         139  2.819678564553916E-005  0.544804627915529     
         140  2.757736610006256E-005  0.540514150625783     
         141  2.669899677451568E-005  0.530810366353661     
         142  2.627366046656413E-005  0.529816306955124     
         143  2.518118381228318E-005  0.514948539615263     
         144  2.491470328928399E-005  0.516601344326854     
         145  2.441311303238419E-005  0.513264940860234     
         146  2.393278490518265E-005  0.510153033768767     
         147  2.340336209872971E-005  0.505731413722180     
         148  2.305151660519289E-005  0.504944059612180     
         149  2.273781315164534E-005  0.504837029165027     
         150  2.235037092929084E-005  0.502937587013835     
         151  2.191633843816940E-005  0.499755929165355     
         152  2.183321817691078E-005  0.504447388957579     
         153  2.169172008569839E-005  0.507800093690688     
         154  2.162836232584485E-005  0.512975109259079     
         155  2.132290738969284E-005  0.512323659504138     
         156  2.145285635312494E-005  0.522095422810547     
         157  2.157987823235591E-005  0.531951436758261     
         158  2.147881537180552E-005  0.536230081527901     
         159  2.159320731986943E-005  0.545914007804103     
         160  2.208403307050565E-005  0.565350930486738     
         161  2.255526730200534E-005  0.584698800911937     
         162  2.261761395308886E-005  0.593627615731118     
         163  2.349620498335778E-005  0.624326230352166     
         164  2.407484362823686E-005  0.647580852365305     
         165  2.532365095164630E-005  0.689506414629343     
         166  2.618547345800258E-005  0.721635285677172     
         167  2.815486171524390E-005  0.785272487771806     
         168  3.014643038961486E-005  0.850942576504413     
         169  3.350091285385531E-005  0.956977145139994     
         170  4.059401866846426E-005   1.17349690196857     
         171  7.036284975368887E-006  0.204754860712176     
         172  0.000000000000000E+000  0.000000000000000E+000
         173  0.000000000000000E+000  0.000000000000000E+000
         174  0.000000000000000E+000  0.000000000000000E+000
         175  0.000000000000000E+000  0.000000000000000E+000
         176  0.000000000000000E+000  0.000000000000000E+000
         177  0.000000000000000E+000  0.000000000000000E+000
         178  0.000000000000000E+000  0.000000000000000E+000
         179  0.000000000000000E+000  0.000000000000000E+000
         180  0.000000000000000E+000  0.000000000000000E+000
         181  0.000000000000000E+000  0.000000000000000E+000
         182  0.000000000000000E+000  0.000000000000000E+000
         183  0.000000000000000E+000  0.000000000000000E+000
         184  0.000000000000000E+000  0.000000000000000E+000
         185  0.000000000000000E+000  0.000000000000000E+000
         186  0.000000000000000E+000  0.000000000000000E+000
         187  0.000000000000000E+000  0.000000000000000E+000
         188  0.000000000000000E+000  0.000000000000000E+000
         189  0.000000000000000E+000  0.000000000000000E+000
         190  0.000000000000000E+000  0.000000000000000E+000
         191  0.000000000000000E+000  0.000000000000000E+000
         192  0.000000000000000E+000  0.000000000000000E+000
         193  0.000000000000000E+000  0.000000000000000E+000
         194  0.000000000000000E+000  0.000000000000000E+000
         195  0.000000000000000E+000  0.000000000000000E+000
         196  0.000000000000000E+000  0.000000000000000E+000
         197  0.000000000000000E+000  0.000000000000000E+000
         198  0.000000000000000E+000  0.000000000000000E+000
         199  0.000000000000000E+000  0.000000000000000E+000
         200  0.000000000000000E+000  0.000000000000000E+000
         201  0.000000000000000E+000  0.000000000000000E+000
         202  0.000000000000000E+000  0.000000000000000E+000
         203  0.000000000000000E+000  0.000000000000000E+000
         204  0.000000000000000E+000  0.000000000000000E+000
         205  0.000000000000000E+000  0.000000000000000E+000
         206  0.000000000000000E+000  0.000000000000000E+000
         207  0.000000000000000E+000  0.000000000000000E+000
         208  0.000000000000000E+000  0.000000000000000E+000
         209  0.000000000000000E+000  0.000000000000000E+000
         210  0.000000000000000E+000  0.000000000000000E+000
         211  0.000000000000000E+000  0.000000000000000E+000
         212  0.000000000000000E+000  0.000000000000000E+000
         213  0.000000000000000E+000  0.000000000000000E+000
         214  0.000000000000000E+000  0.000000000000000E+000
         215  0.000000000000000E+000  0.000000000000000E+000
         216  0.000000000000000E+000  0.000000000000000E+000
         217  0.000000000000000E+000  0.000000000000000E+000
         218  0.000000000000000E+000  0.000000000000000E+000
         219  0.000000000000000E+000  0.000000000000000E+000
         220  0.000000000000000E+000  0.000000000000000E+000
         221  0.000000000000000E+000  0.000000000000000E+000
         222  0.000000000000000E+000  0.000000000000000E+000
         223  0.000000000000000E+000  0.000000000000000E+000
         224  0.000000000000000E+000  0.000000000000000E+000
         225  0.000000000000000E+000  0.000000000000000E+000
         226  0.000000000000000E+000  0.000000000000000E+000
         227  0.000000000000000E+000  0.000000000000000E+000
         228  0.000000000000000E+000  0.000000000000000E+000
         229  0.000000000000000E+000  0.000000000000000E+000
         230  0.000000000000000E+000  0.000000000000000E+000
         231  0.000000000000000E+000  0.000000000000000E+000
         232  0.000000000000000E+000  0.000000000000000E+000
         233  0.000000000000000E+000  0.000000000000000E+000
         234  0.000000000000000E+000  0.000000000000000E+000
         235  0.000000000000000E+000  0.000000000000000E+000
         236  0.000000000000000E+000  0.000000000000000E+000
         237  0.000000000000000E+000  0.000000000000000E+000
         238  0.000000000000000E+000  0.000000000000000E+000
         239  0.000000000000000E+000  0.000000000000000E+000
         240  0.000000000000000E+000  0.000000000000000E+000
         241  0.000000000000000E+000  0.000000000000000E+000
         242  0.000000000000000E+000  0.000000000000000E+000
         243  0.000000000000000E+000  0.000000000000000E+000
         244  0.000000000000000E+000  0.000000000000000E+000
         245  0.000000000000000E+000  0.000000000000000E+000
         246  0.000000000000000E+000  0.000000000000000E+000
         247  0.000000000000000E+000  0.000000000000000E+000
         248  0.000000000000000E+000  0.000000000000000E+000
         249  0.000000000000000E+000  0.000000000000000E+000
         250  0.000000000000000E+000  0.000000000000000E+000
         251  0.000000000000000E+000  0.000000000000000E+000
         252  0.000000000000000E+000  0.000000000000000E+000
         253  0.000000000000000E+000  0.000000000000000E+000
         254  0.000000000000000E+000  0.000000000000000E+000
         255  0.000000000000000E+000  0.000000000000000E+000
         256  0.000000000000000E+000  0.000000000000000E+000
         257  0.000000000000000E+000  0.000000000000000E+000
         258  0.000000000000000E+000  0.000000000000000E+000
         259  0.000000000000000E+000  0.000000000000000E+000
         260  0.000000000000000E+000  0.000000000000000E+000
         261  0.000000000000000E+000  0.000000000000000E+000
         262  0.000000000000000E+000  0.000000000000000E+000
         263  0.000000000000000E+000  0.000000000000000E+000
         264  0.000000000000000E+000  0.000000000000000E+000
         265  0.000000000000000E+000  0.000000000000000E+000
         266  0.000000000000000E+000  0.000000000000000E+000
         267  0.000000000000000E+000  0.000000000000000E+000
         268  0.000000000000000E+000  0.000000000000000E+000
         269  0.000000000000000E+000  0.000000000000000E+000
         270  0.000000000000000E+000  0.000000000000000E+000
         271  0.000000000000000E+000  0.000000000000000E+000
         272  0.000000000000000E+000  0.000000000000000E+000
         273  0.000000000000000E+000  0.000000000000000E+000
         274  0.000000000000000E+000  0.000000000000000E+000
         275  0.000000000000000E+000  0.000000000000000E+000
         276  0.000000000000000E+000  0.000000000000000E+000
         277  0.000000000000000E+000  0.000000000000000E+000
         278  0.000000000000000E+000  0.000000000000000E+000
         279  0.000000000000000E+000  0.000000000000000E+000
         280  0.000000000000000E+000  0.000000000000000E+000
         281  0.000000000000000E+000  0.000000000000000E+000
         282  0.000000000000000E+000  0.000000000000000E+000
         283  0.000000000000000E+000  0.000000000000000E+000
         284  0.000000000000000E+000  0.000000000000000E+000
         285  0.000000000000000E+000  0.000000000000000E+000
         286  0.000000000000000E+000  0.000000000000000E+000
         287  0.000000000000000E+000  0.000000000000000E+000
         288  0.000000000000000E+000  0.000000000000000E+000
         289  0.000000000000000E+000  0.000000000000000E+000
         290  0.000000000000000E+000  0.000000000000000E+000
         291  0.000000000000000E+000  0.000000000000000E+000
         292  0.000000000000000E+000  0.000000000000000E+000
         293  0.000000000000000E+000  0.000000000000000E+000
         294  0.000000000000000E+000  0.000000000000000E+000
         295  0.000000000000000E+000  0.000000000000000E+000
         296  0.000000000000000E+000  0.000000000000000E+000
         297  0.000000000000000E+000  0.000000000000000E+000
         298  0.000000000000000E+000  0.000000000000000E+000
         299  0.000000000000000E+000  0.000000000000000E+000
         300  0.000000000000000E+000  0.000000000000000E+000
         301  0.000000000000000E+000  0.000000000000000E+000
         302  0.000000000000000E+000  0.000000000000000E+000
         303  0.000000000000000E+000  0.000000000000000E+000
         304  0.000000000000000E+000  0.000000000000000E+000
         305  0.000000000000000E+000  0.000000000000000E+000
         306  0.000000000000000E+000  0.000000000000000E+000
         307  0.000000000000000E+000  0.000000000000000E+000
         308  0.000000000000000E+000  0.000000000000000E+000
         309  0.000000000000000E+000  0.000000000000000E+000
         310  0.000000000000000E+000  0.000000000000000E+000
         311  0.000000000000000E+000  0.000000000000000E+000
         312  0.000000000000000E+000  0.000000000000000E+000
         313  0.000000000000000E+000  0.000000000000000E+000
         314  0.000000000000000E+000  0.000000000000000E+000
         315  0.000000000000000E+000  0.000000000000000E+000
         316  0.000000000000000E+000  0.000000000000000E+000
         317  0.000000000000000E+000  0.000000000000000E+000
         318  0.000000000000000E+000  0.000000000000000E+000
         319  0.000000000000000E+000  0.000000000000000E+000
         320  0.000000000000000E+000  0.000000000000000E+000
         321  0.000000000000000E+000  0.000000000000000E+000
         322  0.000000000000000E+000  0.000000000000000E+000
         323  0.000000000000000E+000  0.000000000000000E+000
         324  0.000000000000000E+000  0.000000000000000E+000
         325  0.000000000000000E+000  0.000000000000000E+000
         326  0.000000000000000E+000  0.000000000000000E+000
         327  0.000000000000000E+000  0.000000000000000E+000
         328  0.000000000000000E+000  0.000000000000000E+000
         329  0.000000000000000E+000  0.000000000000000E+000
         330  0.000000000000000E+000  0.000000000000000E+000
         331  0.000000000000000E+000  0.000000000000000E+000
         332  0.000000000000000E+000  0.000000000000000E+000
         333  0.000000000000000E+000  0.000000000000000E+000
         334  0.000000000000000E+000  0.000000000000000E+000
         335  0.000000000000000E+000  0.000000000000000E+000
         336  0.000000000000000E+000  0.000000000000000E+000
         337  0.000000000000000E+000  0.000000000000000E+000
         338  0.000000000000000E+000  0.000000000000000E+000
         339  0.000000000000000E+000  0.000000000000000E+000
         340  0.000000000000000E+000  0.000000000000000E+000
         341  0.000000000000000E+000  0.000000000000000E+000
         342  0.000000000000000E+000  0.000000000000000E+000
         343  0.000000000000000E+000  0.000000000000000E+000
         344  0.000000000000000E+000  0.000000000000000E+000
         345  0.000000000000000E+000  0.000000000000000E+000
         346  0.000000000000000E+000  0.000000000000000E+000
         347  0.000000000000000E+000  0.000000000000000E+000
         348  0.000000000000000E+000  0.000000000000000E+000
         349  0.000000000000000E+000  0.000000000000000E+000
         350  0.000000000000000E+000  0.000000000000000E+000
         351  0.000000000000000E+000  0.000000000000000E+000
         352  0.000000000000000E+000  0.000000000000000E+000
         353  0.000000000000000E+000  0.000000000000000E+000
         354  0.000000000000000E+000  0.000000000000000E+000
         355  0.000000000000000E+000  0.000000000000000E+000
         356  0.000000000000000E+000  0.000000000000000E+000
         357  0.000000000000000E+000  0.000000000000000E+000
         358  0.000000000000000E+000  0.000000000000000E+000
         359  0.000000000000000E+000  0.000000000000000E+000
         360  0.000000000000000E+000  0.000000000000000E+000
         361  0.000000000000000E+000  0.000000000000000E+000
         362  0.000000000000000E+000  0.000000000000000E+000
         363  0.000000000000000E+000  0.000000000000000E+000
         364  0.000000000000000E+000  0.000000000000000E+000
         365  0.000000000000000E+000  0.000000000000000E+000
         366  0.000000000000000E+000  0.000000000000000E+000
         367  0.000000000000000E+000  0.000000000000000E+000
         368  0.000000000000000E+000  0.000000000000000E+000
         369  0.000000000000000E+000  0.000000000000000E+000
         370  0.000000000000000E+000  0.000000000000000E+000
         371  0.000000000000000E+000  0.000000000000000E+000
         372  0.000000000000000E+000  0.000000000000000E+000
         373  0.000000000000000E+000  0.000000000000000E+000
         374  0.000000000000000E+000  0.000000000000000E+000
         375  0.000000000000000E+000  0.000000000000000E+000
         376  0.000000000000000E+000  0.000000000000000E+000
         377  0.000000000000000E+000  0.000000000000000E+000
         378  0.000000000000000E+000  0.000000000000000E+000
         379  0.000000000000000E+000  0.000000000000000E+000
         380  0.000000000000000E+000  0.000000000000000E+000
         381  0.000000000000000E+000  0.000000000000000E+000
         382  0.000000000000000E+000  0.000000000000000E+000
         383  0.000000000000000E+000  0.000000000000000E+000
         384  0.000000000000000E+000  0.000000000000000E+000
         385  0.000000000000000E+000  0.000000000000000E+000
         386  0.000000000000000E+000  0.000000000000000E+000
         387  0.000000000000000E+000  0.000000000000000E+000
         388  0.000000000000000E+000  0.000000000000000E+000
         389  0.000000000000000E+000  0.000000000000000E+000
         390  0.000000000000000E+000  0.000000000000000E+000
         391  0.000000000000000E+000  0.000000000000000E+000
         392  0.000000000000000E+000  0.000000000000000E+000
         393  0.000000000000000E+000  0.000000000000000E+000
         394  0.000000000000000E+000  0.000000000000000E+000
         395  0.000000000000000E+000  0.000000000000000E+000
         396  0.000000000000000E+000  0.000000000000000E+000
         397  0.000000000000000E+000  0.000000000000000E+000
         398  0.000000000000000E+000  0.000000000000000E+000
         399  0.000000000000000E+000  0.000000000000000E+000
         400  0.000000000000000E+000  0.000000000000000E+000
         401  0.000000000000000E+000  0.000000000000000E+000
         402  0.000000000000000E+000  0.000000000000000E+000
         403  0.000000000000000E+000  0.000000000000000E+000
         404  0.000000000000000E+000  0.000000000000000E+000
         405  0.000000000000000E+000  0.000000000000000E+000
         406  0.000000000000000E+000  0.000000000000000E+000
         407  0.000000000000000E+000  0.000000000000000E+000
         408  0.000000000000000E+000  0.000000000000000E+000
         409  0.000000000000000E+000  0.000000000000000E+000
         410  0.000000000000000E+000  0.000000000000000E+000
         411  0.000000000000000E+000  0.000000000000000E+000
         412  0.000000000000000E+000  0.000000000000000E+000
         413  0.000000000000000E+000  0.000000000000000E+000
         414  0.000000000000000E+000  0.000000000000000E+000
         415  0.000000000000000E+000  0.000000000000000E+000
         416  0.000000000000000E+000  0.000000000000000E+000
         417  0.000000000000000E+000  0.000000000000000E+000
         418  0.000000000000000E+000  0.000000000000000E+000
         419  0.000000000000000E+000  0.000000000000000E+000
         420  0.000000000000000E+000  0.000000000000000E+000
         421  0.000000000000000E+000  0.000000000000000E+000
         422  0.000000000000000E+000  0.000000000000000E+000
         423  0.000000000000000E+000  0.000000000000000E+000
         424  0.000000000000000E+000  0.000000000000000E+000
         425  0.000000000000000E+000  0.000000000000000E+000
         426  0.000000000000000E+000  0.000000000000000E+000
         427  0.000000000000000E+000  0.000000000000000E+000
         428  0.000000000000000E+000  0.000000000000000E+000
         429  0.000000000000000E+000  0.000000000000000E+000
         430  0.000000000000000E+000  0.000000000000000E+000
         431  0.000000000000000E+000  0.000000000000000E+000
         432  0.000000000000000E+000  0.000000000000000E+000
         433  0.000000000000000E+000  0.000000000000000E+000
         434  0.000000000000000E+000  0.000000000000000E+000
         435  0.000000000000000E+000  0.000000000000000E+000
         436  0.000000000000000E+000  0.000000000000000E+000
         437  0.000000000000000E+000  0.000000000000000E+000
         438  0.000000000000000E+000  0.000000000000000E+000
         439  0.000000000000000E+000  0.000000000000000E+000
         440  0.000000000000000E+000  0.000000000000000E+000
         441  0.000000000000000E+000  0.000000000000000E+000
         442  0.000000000000000E+000  0.000000000000000E+000
         443  0.000000000000000E+000  0.000000000000000E+000
         444  0.000000000000000E+000  0.000000000000000E+000
