           0  0.000000000000000E+000  0.000000000000000E+000
           1   1.18488523795103        1.30966596519446     
           2  0.509743120476263        2.49819088555064     
           3  0.224906000793720        2.13933061286124     
           4  0.173928401367103        2.76056846942392     
           5  0.121723142366643        3.10394340080166     
           6  7.556593826633415E-002   2.82154089462121     
           7  6.184142359415883E-002   3.04649664454895     
           8  5.046562599617449E-002   3.22961203422940     
           9  4.927523636089054E-002   4.00859750747258     
          10  3.868306831748499E-002   3.91927603777982     
          11  3.183391963997442E-002   3.89090533903036     
          12  2.896080712925170E-002   4.17890617763850     
          13  2.708141207776827E-002   4.59215559188114     
          14  2.400467904600671E-002   4.72258445194045     
          15  1.966341071584250E-002   4.42136291945210     
          16  1.928609930818153E-002   4.92656432987417     
          17  1.756759807438208E-002   5.08525884313944     
          18  1.633524001426648E-002   5.31418542918383     
          19  1.385545626168986E-002   5.01047330467587     
          20  1.307635538313059E-002   5.23141068136289     
          21  1.220806467875817E-002   5.39313655112668     
          22  1.080795798160280E-002   5.24437527039146     
          23  1.027414557887621E-002   5.43590340903326     
          24  8.919229647397733E-003   5.13878490527839     
          25  8.805768343709974E-003   5.50383298165147     
          26  7.961912756283857E-003   5.38969020201539     
          27  7.179567570105585E-003   5.24155713629307     
          28  6.945776499159698E-003   5.44985804960245     
          29  6.339908380062000E-003   5.33772403161332     
          30  5.794495571648465E-003   5.21760086247859     
          31  5.576405014577394E-003   5.36303371179770     
          32  4.928886891539106E-003   5.04934348187685     
          33  4.786494933325940E-003   5.21296878489906     
          34  4.559309611850110E-003   5.27403724796181     
          35  4.044195542057279E-003   4.95824759622149     
          36  3.870633806004953E-003   5.01801066563831     
          37  3.586768636961796E-003   4.91331526869240     
          38  3.396750052877297E-003   4.90719245250600     
          39  3.116080734294008E-003   4.74055142891824     
          40  2.973185765318503E-003   4.75628625663955     
          41  2.812712229859463E-003   4.73053304450694     
          42  2.546285580275776E-003   4.49352227525866     
          43  2.470139259196426E-003   4.56974520417396     
          44  2.269601656417800E-003   4.39535073175208     
          45  2.194721482400882E-003   4.44694666725065     
          46  1.951421885912651E-003   4.13157424539395     
          47  1.867641708462390E-003   4.12581489952001     
          48  1.794560627029383E-003   4.13313740517153     
          49  1.676109227924600E-003   4.02451891647008     
          50  1.563091069439053E-003   3.90972218510381     
          51  1.464570038030073E-003   3.81096728883545     
          52  1.390894774711234E-003   3.76189477996742     
          53  1.318578974331493E-003   3.70554909183522     
          54  1.222652733742573E-003   3.56644848814812     
          55  1.159265809029626E-003   3.50750712159905     
          56  1.082538227814528E-003   3.39423847826838     
          57  1.049646228761775E-003   3.41060140103507     
          58  9.725499903261548E-004   3.27257640495182     
          59  9.086839208181641E-004   3.16304611327764     
          60  8.713935029164814E-004   3.13703307988893     
          61  8.168951928151156E-004   3.04043030109479     
          62  7.817398877966891E-004   3.00554814731645     
          63  7.080240630267728E-004   2.81020386512552     
          64  6.852977471896487E-004   2.80605678773105     
          65  6.688934659154438E-004   2.82599067828390     
          66  6.098691329842114E-004   2.65695557526042     
          67  5.839426949390007E-004   2.62190856408608     
          68  5.395285697079737E-004   2.49517400874404     
          69  5.283544843122504E-004   2.51590996800737     
          70  4.859018044555654E-004   2.38143961709651     
          71  4.540944502461646E-004   2.28915928162993     
          72  4.395038774985344E-004   2.27825304856150     
          73  4.132738206566150E-004   2.20239919557984     
          74  3.987380034563721E-004   2.18373446054383     
          75  3.659854504014548E-004   2.05894123957082     
          76  3.544014883046834E-004   2.04719982244340     
          77  3.313027930461190E-004   1.96459328393170     
          78  3.136484023410213E-004   1.90852500619444     
          79  2.997836521833155E-004   1.87077793365481     
          80  2.823530395314010E-004   1.80689451716480     
          81  2.697536111120677E-004   1.76983327522130     
          82  2.555650852818479E-004   1.71854779707853     
          83  2.417706582175912E-004   1.66561933776606     
          84  2.265412468597586E-004   1.59852568075662     
          85  2.190175399591325E-004   1.58243352009582     
          86  2.051132693611248E-004   1.51727868448701     
          87  1.927846435514584E-004   1.45923690400959     
          88  1.864168028111297E-004   1.44363087715726     
          89  1.752887837566789E-004   1.38847262925691     
          90  1.669202939995052E-004   1.35224497186711     
          91  1.577707566947286E-004   1.30673542879702     
          92  1.490425002639882E-004   1.26157866289480     
          93  1.415752604807985E-004   1.22458967579740     
          94  1.341062014475282E-004   1.18499017415242     
          95  1.268294015644052E-004   1.14454249622016     
          96  1.225009336397572E-004   1.12876760788048     
          97  1.150604184937977E-004   1.08246710690680     
          98  1.111261142665994E-004   1.06730911586282     
          99  1.028714052767332E-004   1.00834275024771     
         100  9.926222853173706E-005  0.992678962693899     
         101  9.424628732549934E-005  0.961474460223310     
         102  8.966470447298922E-005  0.932926833343988     
         103  8.484071174461982E-005  0.900166001548441     
         104  7.943368401169908E-005  0.859128327239009     
         105  7.691282892350034E-005  0.847937124047508     
         106  7.221923356587257E-005  0.811507283960709     
         107  6.908605173030771E-005  0.790986917115523     
         108  6.587887339669825E-005  0.768382346526864     
         109  6.307508128649959E-005  0.749420237637973     
         110  5.936336794808221E-005  0.718374527650541     
         111  5.609747257682922E-005  0.691178676030605     
         112  5.390082364693574E-005  0.676089247347666     
         113  5.148166137771350E-005  0.657345919532411     
         114  4.893341078411840E-005  0.635948262638616     
         115  4.605889805641104E-005  0.609131405680428     
         116  4.451389245213900E-005  0.598955583917172     
         117  4.218810788382300E-005  0.577548609435747     
         118  3.980871747087395E-005  0.554322471339865     
         119  3.779690087374998E-005  0.535214622033011     
         120  3.644244884913709E-005  0.524730384428398     
         121  3.471036460393203E-005  0.508178591413057     
         122  3.300013801851918E-005  0.491182658727959     
         123  3.148807043273948E-005  0.476392530629745     
         124  2.990406854774432E-005  0.459808380886989     
         125  2.886625198084806E-005  0.451053612721852     
         126  2.701324652596521E-005  0.428898919655209     
         127  2.596617865906005E-005  0.418800045501221     
         128  2.486442688198750E-005  0.407366200577473     
         129  2.401175044284150E-005  0.399582565190572     
         130  2.272630331378982E-005  0.384094374492531     
         131  2.151496634956093E-005  0.369211222143637     
         132  2.088380251293130E-005  0.363875098795874     
         133  1.963746885894041E-005  0.347378316081797     
         134  1.893440284784995E-005  0.340005318324892     
         135  1.800540577208159E-005  0.328149052559423     
         136  1.737346957283214E-005  0.321329235850649     
         137  1.675824464138992E-005  0.314546863930920     
         138  1.579010757767594E-005  0.300730998867191     
         139  1.512887576525172E-005  0.292305993332527     
         140  1.466468049550306E-005  0.287423515720584     
         141  1.403155173186487E-005  0.278961480712026     
         142  1.351750319357218E-005  0.272580418690699     
         143  1.285781510010513E-005  0.262930021731964     
         144  1.251613819564727E-005  0.259514092615917     
         145  1.208515729247741E-005  0.254077193140434     
         146  1.164655498881295E-005  0.248258769050824     
         147  1.116729068480884E-005  0.241317551577498     
         148  1.086621004291558E-005  0.238020546024396     
         149  1.052834938583954E-005  0.233755295630051     
         150  1.019445975935663E-005  0.229393635646159     
         151  9.865066847155643E-006  0.224948967539499     
         152  9.581753041701949E-006  0.221380399237142     
         153  9.369611451608102E-006  0.219338177113031     
         154  9.219902268727855E-006  0.218669711806678     
         155  8.896772348745509E-006  0.213755788307740     
         156  8.822200989196262E-006  0.214700350711260     
         157  8.675556925519151E-006  0.213853060800003     
         158  8.514217907843410E-006  0.212558180617787     
         159  8.416643694187821E-006  0.212783263099296     
         160  8.407896726165344E-006  0.215239900923794     
         161  8.499178411646093E-006  0.220318946518880     
         162  8.361157841019045E-006  0.219444212726766     
         163  8.536295891778338E-006  0.226817127409607     
         164  8.518349077832570E-006  0.229123881140589     
         165  8.789078202100845E-006  0.239301068657810     
         166  8.907408229990041E-006  0.245471655414734     
         167  9.333364827718630E-006  0.260312905415853     
         168  9.809886103992665E-006  0.276897973495451     
         169  1.068096348004551E-005  0.305097619288032     
         170  1.228138929574690E-005  0.355012864398501     
         171  2.109343207667222E-006  6.138115883706784E-002
         172  0.000000000000000E+000  0.000000000000000E+000
         173  0.000000000000000E+000  0.000000000000000E+000
         174  0.000000000000000E+000  0.000000000000000E+000
         175  0.000000000000000E+000  0.000000000000000E+000
         176  0.000000000000000E+000  0.000000000000000E+000
         177  0.000000000000000E+000  0.000000000000000E+000
         178  0.000000000000000E+000  0.000000000000000E+000
         179  0.000000000000000E+000  0.000000000000000E+000
         180  0.000000000000000E+000  0.000000000000000E+000
         181  0.000000000000000E+000  0.000000000000000E+000
         182  0.000000000000000E+000  0.000000000000000E+000
         183  0.000000000000000E+000  0.000000000000000E+000
         184  0.000000000000000E+000  0.000000000000000E+000
         185  0.000000000000000E+000  0.000000000000000E+000
         186  0.000000000000000E+000  0.000000000000000E+000
         187  0.000000000000000E+000  0.000000000000000E+000
         188  0.000000000000000E+000  0.000000000000000E+000
         189  0.000000000000000E+000  0.000000000000000E+000
         190  0.000000000000000E+000  0.000000000000000E+000
         191  0.000000000000000E+000  0.000000000000000E+000
         192  0.000000000000000E+000  0.000000000000000E+000
         193  0.000000000000000E+000  0.000000000000000E+000
         194  0.000000000000000E+000  0.000000000000000E+000
         195  0.000000000000000E+000  0.000000000000000E+000
         196  0.000000000000000E+000  0.000000000000000E+000
         197  0.000000000000000E+000  0.000000000000000E+000
         198  0.000000000000000E+000  0.000000000000000E+000
         199  0.000000000000000E+000  0.000000000000000E+000
         200  0.000000000000000E+000  0.000000000000000E+000
         201  0.000000000000000E+000  0.000000000000000E+000
         202  0.000000000000000E+000  0.000000000000000E+000
         203  0.000000000000000E+000  0.000000000000000E+000
         204  0.000000000000000E+000  0.000000000000000E+000
         205  0.000000000000000E+000  0.000000000000000E+000
         206  0.000000000000000E+000  0.000000000000000E+000
         207  0.000000000000000E+000  0.000000000000000E+000
         208  0.000000000000000E+000  0.000000000000000E+000
         209  0.000000000000000E+000  0.000000000000000E+000
         210  0.000000000000000E+000  0.000000000000000E+000
         211  0.000000000000000E+000  0.000000000000000E+000
         212  0.000000000000000E+000  0.000000000000000E+000
         213  0.000000000000000E+000  0.000000000000000E+000
         214  0.000000000000000E+000  0.000000000000000E+000
         215  0.000000000000000E+000  0.000000000000000E+000
         216  0.000000000000000E+000  0.000000000000000E+000
         217  0.000000000000000E+000  0.000000000000000E+000
         218  0.000000000000000E+000  0.000000000000000E+000
         219  0.000000000000000E+000  0.000000000000000E+000
         220  0.000000000000000E+000  0.000000000000000E+000
         221  0.000000000000000E+000  0.000000000000000E+000
         222  0.000000000000000E+000  0.000000000000000E+000
         223  0.000000000000000E+000  0.000000000000000E+000
         224  0.000000000000000E+000  0.000000000000000E+000
         225  0.000000000000000E+000  0.000000000000000E+000
         226  0.000000000000000E+000  0.000000000000000E+000
         227  0.000000000000000E+000  0.000000000000000E+000
         228  0.000000000000000E+000  0.000000000000000E+000
         229  0.000000000000000E+000  0.000000000000000E+000
         230  0.000000000000000E+000  0.000000000000000E+000
         231  0.000000000000000E+000  0.000000000000000E+000
         232  0.000000000000000E+000  0.000000000000000E+000
         233  0.000000000000000E+000  0.000000000000000E+000
         234  0.000000000000000E+000  0.000000000000000E+000
         235  0.000000000000000E+000  0.000000000000000E+000
         236  0.000000000000000E+000  0.000000000000000E+000
         237  0.000000000000000E+000  0.000000000000000E+000
         238  0.000000000000000E+000  0.000000000000000E+000
         239  0.000000000000000E+000  0.000000000000000E+000
         240  0.000000000000000E+000  0.000000000000000E+000
         241  0.000000000000000E+000  0.000000000000000E+000
         242  0.000000000000000E+000  0.000000000000000E+000
         243  0.000000000000000E+000  0.000000000000000E+000
         244  0.000000000000000E+000  0.000000000000000E+000
         245  0.000000000000000E+000  0.000000000000000E+000
         246  0.000000000000000E+000  0.000000000000000E+000
         247  0.000000000000000E+000  0.000000000000000E+000
         248  0.000000000000000E+000  0.000000000000000E+000
         249  0.000000000000000E+000  0.000000000000000E+000
         250  0.000000000000000E+000  0.000000000000000E+000
         251  0.000000000000000E+000  0.000000000000000E+000
         252  0.000000000000000E+000  0.000000000000000E+000
         253  0.000000000000000E+000  0.000000000000000E+000
         254  0.000000000000000E+000  0.000000000000000E+000
         255  0.000000000000000E+000  0.000000000000000E+000
         256  0.000000000000000E+000  0.000000000000000E+000
         257  0.000000000000000E+000  0.000000000000000E+000
         258  0.000000000000000E+000  0.000000000000000E+000
         259  0.000000000000000E+000  0.000000000000000E+000
         260  0.000000000000000E+000  0.000000000000000E+000
         261  0.000000000000000E+000  0.000000000000000E+000
         262  0.000000000000000E+000  0.000000000000000E+000
         263  0.000000000000000E+000  0.000000000000000E+000
         264  0.000000000000000E+000  0.000000000000000E+000
         265  0.000000000000000E+000  0.000000000000000E+000
         266  0.000000000000000E+000  0.000000000000000E+000
         267  0.000000000000000E+000  0.000000000000000E+000
         268  0.000000000000000E+000  0.000000000000000E+000
         269  0.000000000000000E+000  0.000000000000000E+000
         270  0.000000000000000E+000  0.000000000000000E+000
         271  0.000000000000000E+000  0.000000000000000E+000
         272  0.000000000000000E+000  0.000000000000000E+000
         273  0.000000000000000E+000  0.000000000000000E+000
         274  0.000000000000000E+000  0.000000000000000E+000
         275  0.000000000000000E+000  0.000000000000000E+000
         276  0.000000000000000E+000  0.000000000000000E+000
         277  0.000000000000000E+000  0.000000000000000E+000
         278  0.000000000000000E+000  0.000000000000000E+000
         279  0.000000000000000E+000  0.000000000000000E+000
         280  0.000000000000000E+000  0.000000000000000E+000
         281  0.000000000000000E+000  0.000000000000000E+000
         282  0.000000000000000E+000  0.000000000000000E+000
         283  0.000000000000000E+000  0.000000000000000E+000
         284  0.000000000000000E+000  0.000000000000000E+000
         285  0.000000000000000E+000  0.000000000000000E+000
         286  0.000000000000000E+000  0.000000000000000E+000
         287  0.000000000000000E+000  0.000000000000000E+000
         288  0.000000000000000E+000  0.000000000000000E+000
         289  0.000000000000000E+000  0.000000000000000E+000
         290  0.000000000000000E+000  0.000000000000000E+000
         291  0.000000000000000E+000  0.000000000000000E+000
         292  0.000000000000000E+000  0.000000000000000E+000
         293  0.000000000000000E+000  0.000000000000000E+000
         294  0.000000000000000E+000  0.000000000000000E+000
         295  0.000000000000000E+000  0.000000000000000E+000
         296  0.000000000000000E+000  0.000000000000000E+000
         297  0.000000000000000E+000  0.000000000000000E+000
         298  0.000000000000000E+000  0.000000000000000E+000
         299  0.000000000000000E+000  0.000000000000000E+000
         300  0.000000000000000E+000  0.000000000000000E+000
         301  0.000000000000000E+000  0.000000000000000E+000
         302  0.000000000000000E+000  0.000000000000000E+000
         303  0.000000000000000E+000  0.000000000000000E+000
         304  0.000000000000000E+000  0.000000000000000E+000
         305  0.000000000000000E+000  0.000000000000000E+000
         306  0.000000000000000E+000  0.000000000000000E+000
         307  0.000000000000000E+000  0.000000000000000E+000
         308  0.000000000000000E+000  0.000000000000000E+000
         309  0.000000000000000E+000  0.000000000000000E+000
         310  0.000000000000000E+000  0.000000000000000E+000
         311  0.000000000000000E+000  0.000000000000000E+000
         312  0.000000000000000E+000  0.000000000000000E+000
         313  0.000000000000000E+000  0.000000000000000E+000
         314  0.000000000000000E+000  0.000000000000000E+000
         315  0.000000000000000E+000  0.000000000000000E+000
         316  0.000000000000000E+000  0.000000000000000E+000
         317  0.000000000000000E+000  0.000000000000000E+000
         318  0.000000000000000E+000  0.000000000000000E+000
         319  0.000000000000000E+000  0.000000000000000E+000
         320  0.000000000000000E+000  0.000000000000000E+000
         321  0.000000000000000E+000  0.000000000000000E+000
         322  0.000000000000000E+000  0.000000000000000E+000
         323  0.000000000000000E+000  0.000000000000000E+000
         324  0.000000000000000E+000  0.000000000000000E+000
         325  0.000000000000000E+000  0.000000000000000E+000
         326  0.000000000000000E+000  0.000000000000000E+000
         327  0.000000000000000E+000  0.000000000000000E+000
         328  0.000000000000000E+000  0.000000000000000E+000
         329  0.000000000000000E+000  0.000000000000000E+000
         330  0.000000000000000E+000  0.000000000000000E+000
         331  0.000000000000000E+000  0.000000000000000E+000
         332  0.000000000000000E+000  0.000000000000000E+000
         333  0.000000000000000E+000  0.000000000000000E+000
         334  0.000000000000000E+000  0.000000000000000E+000
         335  0.000000000000000E+000  0.000000000000000E+000
         336  0.000000000000000E+000  0.000000000000000E+000
         337  0.000000000000000E+000  0.000000000000000E+000
         338  0.000000000000000E+000  0.000000000000000E+000
         339  0.000000000000000E+000  0.000000000000000E+000
         340  0.000000000000000E+000  0.000000000000000E+000
         341  0.000000000000000E+000  0.000000000000000E+000
         342  0.000000000000000E+000  0.000000000000000E+000
         343  0.000000000000000E+000  0.000000000000000E+000
         344  0.000000000000000E+000  0.000000000000000E+000
         345  0.000000000000000E+000  0.000000000000000E+000
         346  0.000000000000000E+000  0.000000000000000E+000
         347  0.000000000000000E+000  0.000000000000000E+000
         348  0.000000000000000E+000  0.000000000000000E+000
         349  0.000000000000000E+000  0.000000000000000E+000
         350  0.000000000000000E+000  0.000000000000000E+000
         351  0.000000000000000E+000  0.000000000000000E+000
         352  0.000000000000000E+000  0.000000000000000E+000
         353  0.000000000000000E+000  0.000000000000000E+000
         354  0.000000000000000E+000  0.000000000000000E+000
         355  0.000000000000000E+000  0.000000000000000E+000
         356  0.000000000000000E+000  0.000000000000000E+000
         357  0.000000000000000E+000  0.000000000000000E+000
         358  0.000000000000000E+000  0.000000000000000E+000
         359  0.000000000000000E+000  0.000000000000000E+000
         360  0.000000000000000E+000  0.000000000000000E+000
         361  0.000000000000000E+000  0.000000000000000E+000
         362  0.000000000000000E+000  0.000000000000000E+000
         363  0.000000000000000E+000  0.000000000000000E+000
         364  0.000000000000000E+000  0.000000000000000E+000
         365  0.000000000000000E+000  0.000000000000000E+000
         366  0.000000000000000E+000  0.000000000000000E+000
         367  0.000000000000000E+000  0.000000000000000E+000
         368  0.000000000000000E+000  0.000000000000000E+000
         369  0.000000000000000E+000  0.000000000000000E+000
         370  0.000000000000000E+000  0.000000000000000E+000
         371  0.000000000000000E+000  0.000000000000000E+000
         372  0.000000000000000E+000  0.000000000000000E+000
         373  0.000000000000000E+000  0.000000000000000E+000
         374  0.000000000000000E+000  0.000000000000000E+000
         375  0.000000000000000E+000  0.000000000000000E+000
         376  0.000000000000000E+000  0.000000000000000E+000
         377  0.000000000000000E+000  0.000000000000000E+000
         378  0.000000000000000E+000  0.000000000000000E+000
         379  0.000000000000000E+000  0.000000000000000E+000
         380  0.000000000000000E+000  0.000000000000000E+000
         381  0.000000000000000E+000  0.000000000000000E+000
         382  0.000000000000000E+000  0.000000000000000E+000
         383  0.000000000000000E+000  0.000000000000000E+000
         384  0.000000000000000E+000  0.000000000000000E+000
         385  0.000000000000000E+000  0.000000000000000E+000
         386  0.000000000000000E+000  0.000000000000000E+000
         387  0.000000000000000E+000  0.000000000000000E+000
         388  0.000000000000000E+000  0.000000000000000E+000
         389  0.000000000000000E+000  0.000000000000000E+000
         390  0.000000000000000E+000  0.000000000000000E+000
         391  0.000000000000000E+000  0.000000000000000E+000
         392  0.000000000000000E+000  0.000000000000000E+000
         393  0.000000000000000E+000  0.000000000000000E+000
         394  0.000000000000000E+000  0.000000000000000E+000
         395  0.000000000000000E+000  0.000000000000000E+000
         396  0.000000000000000E+000  0.000000000000000E+000
         397  0.000000000000000E+000  0.000000000000000E+000
         398  0.000000000000000E+000  0.000000000000000E+000
         399  0.000000000000000E+000  0.000000000000000E+000
         400  0.000000000000000E+000  0.000000000000000E+000
         401  0.000000000000000E+000  0.000000000000000E+000
         402  0.000000000000000E+000  0.000000000000000E+000
         403  0.000000000000000E+000  0.000000000000000E+000
         404  0.000000000000000E+000  0.000000000000000E+000
         405  0.000000000000000E+000  0.000000000000000E+000
         406  0.000000000000000E+000  0.000000000000000E+000
         407  0.000000000000000E+000  0.000000000000000E+000
         408  0.000000000000000E+000  0.000000000000000E+000
         409  0.000000000000000E+000  0.000000000000000E+000
         410  0.000000000000000E+000  0.000000000000000E+000
         411  0.000000000000000E+000  0.000000000000000E+000
         412  0.000000000000000E+000  0.000000000000000E+000
         413  0.000000000000000E+000  0.000000000000000E+000
         414  0.000000000000000E+000  0.000000000000000E+000
         415  0.000000000000000E+000  0.000000000000000E+000
         416  0.000000000000000E+000  0.000000000000000E+000
         417  0.000000000000000E+000  0.000000000000000E+000
         418  0.000000000000000E+000  0.000000000000000E+000
         419  0.000000000000000E+000  0.000000000000000E+000
         420  0.000000000000000E+000  0.000000000000000E+000
         421  0.000000000000000E+000  0.000000000000000E+000
         422  0.000000000000000E+000  0.000000000000000E+000
         423  0.000000000000000E+000  0.000000000000000E+000
         424  0.000000000000000E+000  0.000000000000000E+000
         425  0.000000000000000E+000  0.000000000000000E+000
         426  0.000000000000000E+000  0.000000000000000E+000
         427  0.000000000000000E+000  0.000000000000000E+000
         428  0.000000000000000E+000  0.000000000000000E+000
         429  0.000000000000000E+000  0.000000000000000E+000
         430  0.000000000000000E+000  0.000000000000000E+000
         431  0.000000000000000E+000  0.000000000000000E+000
         432  0.000000000000000E+000  0.000000000000000E+000
         433  0.000000000000000E+000  0.000000000000000E+000
         434  0.000000000000000E+000  0.000000000000000E+000
         435  0.000000000000000E+000  0.000000000000000E+000
         436  0.000000000000000E+000  0.000000000000000E+000
         437  0.000000000000000E+000  0.000000000000000E+000
         438  0.000000000000000E+000  0.000000000000000E+000
         439  0.000000000000000E+000  0.000000000000000E+000
         440  0.000000000000000E+000  0.000000000000000E+000
         441  0.000000000000000E+000  0.000000000000000E+000
         442  0.000000000000000E+000  0.000000000000000E+000
         443  0.000000000000000E+000  0.000000000000000E+000
         444  0.000000000000000E+000  0.000000000000000E+000
