           0  0.000000000000000E+000  0.000000000000000E+000
           1   1.00526851096828        1.23786359642396     
           2  0.533206535859543        2.52604305191201     
           3  0.178786480600270        1.72351740845901     
           4  0.187913571032640        3.02829806722673     
           5  0.137377681854937        3.51211062666054     
           6  8.423909403817720E-002   3.10761112520783     
           7  6.615171634222028E-002   3.29320452728985     
           8  5.263474482285652E-002   3.34465493627004     
           9  5.510031013439153E-002   4.49578268403942     
          10  3.908222506575376E-002   3.94821313532651     
          11  3.298872579015617E-002   4.02921696284101     
          12  3.066602780647985E-002   4.42269706229513     
          13  2.910048078443321E-002   4.93199484416830     
          14  2.541799118276697E-002   5.01218652225226     
          15  2.036058800797848E-002   4.58321221700757     
          16  2.111354045043246E-002   5.39562526199017     
          17  1.939281736818817E-002   5.61134488608417     
          18  1.738136598912114E-002   5.65306027399328     
          19  1.498695393180610E-002   5.42579155277814     
          20  1.400290217035612E-002   5.59727996875674     
          21  1.355381768681049E-002   5.98719791622156     
          22  1.190759664010682E-002   5.77525276810173     
          23  1.094854052371555E-002   5.79415447382781     
          24  9.852301338305312E-003   5.67530467108103     
          25  9.434845463426465E-003   5.89656799154941     
          26  8.772067555435289E-003   5.93854648506377     
          27  7.816449178363780E-003   5.70597655426285     
          28  7.551136948749216E-003   5.92707898629108     
          29  6.901134401281810E-003   5.81124056714592     
          30  6.388250409693550E-003   5.75530249377560     
          31  6.112592773290652E-003   5.87843036273445     
          32  5.508544663848538E-003   5.64215996202648     
          33  5.445242686983587E-003   5.92958199627313     
          34  5.035365869197039E-003   5.82589752151589     
          35  4.480865900458333E-003   5.49168803621710     
          36  4.317218430144239E-003   5.59611339787761     
          37  3.983660062186155E-003   5.45638082323318     
          38  3.754834350444899E-003   5.42597583163113     
          39  3.483412145414051E-003   5.29961373388605     
          40  3.312774775883082E-003   5.29947018349684     
          41  3.118812042312360E-003   5.24513007410520     
          42  2.832420657099239E-003   4.99899505049168     
          43  2.716497792252980E-003   5.02593178892856     
          44  2.534941848500478E-003   4.90937788874158     
          45  2.443448710101014E-003   4.95089473365143     
          46  2.203674946224375E-003   4.66559562884152     
          47  2.127327279949647E-003   4.69868126834444     
          48  2.009094193110834E-003   4.62802865769351     
          49  1.897613222977885E-003   4.55668047294508     
          50  1.779746100667317E-003   4.45170719823003     
          51  1.644919906439681E-003   4.27999903026712     
          52  1.567400516866993E-003   4.23934995505879     
          53  1.482375330051748E-003   4.16524334867067     
          54  1.374108879959763E-003   4.00831130665996     
          55  1.302177358467040E-003   3.93943999600682     
          56  1.248657930583415E-003   3.91490189440388     
          57  1.186550615979351E-003   3.85511382795667     
          58  1.095715486431930E-003   3.68725687770791     
          59  1.051209259715299E-003   3.65975874444759     
          60  1.003465832126687E-003   3.61291218570222     
          61  9.317313060116720E-004   3.46817394744079     
          62  8.830752150711011E-004   3.39563398675426     
          63  8.188003011767512E-004   3.24957043772953     
          64  7.893741053201472E-004   3.23245870010995     
          65  7.598909828519601E-004   3.21071439545371     
          66  7.041582373201334E-004   3.06782537626412     
          67  6.722438949603590E-004   3.01826830364528     
          68  6.260292251149780E-004   2.89544154044072     
          69  6.043167678603457E-004   2.87755435892802     
          70  5.608157587439823E-004   2.74868297244000     
          71  5.293187623134070E-004   2.66841902321901     
          72  5.113435139526246E-004   2.65071502446370     
          73  4.821346665932887E-004   2.56942308930288     
          74  4.620741923385827E-004   2.53082737902651     
          75  4.245243845930686E-004   2.38847777537379     
          76  4.141386446092779E-004   2.39240388539651     
          77  3.883134933173433E-004   2.30262975265445     
          78  3.660191671459401E-004   2.22711512966994     
          79  3.487177720644550E-004   2.17615953417542     
          80  3.311539080042030E-004   2.11912114446305     
          81  3.182188908895954E-004   2.08786235284441     
          82  2.978969102501647E-004   2.00323641803402     
          83  2.846633235324709E-004   1.96116566400879     
          84  2.662313559043682E-004   1.87862696710664     
          85  2.583056954839593E-004   1.86625869462149     
          86  2.432490262639613E-004   1.79936862945401     
          87  2.285948841206293E-004   1.73029978059473     
          88  2.190498428028132E-004   1.69633172480594     
          89  2.087638448026857E-004   1.65373637441675     
          90  1.993431393435108E-004   1.61488553040558     
          91  1.879065735302748E-004   1.55636886632683     
          92  1.791605902296535E-004   1.51660500780940     
          93  1.702828938495130E-004   1.47290261699413     
          94  1.612865284025975E-004   1.42526356214242     
          95  1.520911231329354E-004   1.37254111626265     
          96  1.453731105210345E-004   1.33954854869686     
          97  1.392332712218114E-004   1.30986000251083     
          98  1.333468620583538E-004   1.28077924346478     
          99  1.243284037890669E-004   1.21866736240756     
         100  1.194694935173743E-004   1.19473302786245     
         101  1.138888478805193E-004   1.16181167420241     
         102  1.082145614422597E-004   1.12595291738054     
         103  1.030346830079857E-004   1.09324200340805     
         104  9.603706526667491E-005   1.03870950500915     
         105  9.396829124564868E-005   1.03597016367887     
         106  8.801083572588778E-005  0.988955205227027     
         107  8.444451886862854E-005  0.966839068684913     
         108  8.027442072704427E-005  0.936299611693404     
         109  7.732866816971989E-005  0.918784869643474     
         110  7.268013466274908E-005  0.879512996899344     
         111  6.916013910120994E-005  0.852125876647047     
         112  6.628395192997174E-005  0.831439474521664     
         113  6.301714078652190E-005  0.804624896807037     
         114  6.035012926070566E-005  0.784341921727826     
         115  5.684173547304004E-005  0.751709978787047     
         116  5.511226406208579E-005  0.741556372037269     
         117  5.267902871071583E-005  0.721150145163804     
         118  4.927852875264131E-005  0.686194398745493     
         119  4.713112001918406E-005  0.667392084201524     
         120  4.543760396047697E-005  0.654253019507013     
         121  4.342167886786656E-005  0.635730689938564     
         122  4.144855635638552E-005  0.616944504529244     
         123  3.939088937692843E-005  0.595952851808056     
         124  3.767653846834981E-005  0.579323453646285     
         125  3.618018604907539E-005  0.565340350277179     
         126  3.405559683209394E-005  0.540700946761339     
         127  3.269650534397220E-005  0.527353456468391     
         128  3.133388685387211E-005  0.513352686921454     
         129  3.026662393657454E-005  0.503671672066770     
         130  2.858039454938568E-005  0.483033920106762     
         131  2.720380137689920E-005  0.466850240568079     
         132  2.659763024045093E-005  0.463432647719762     
         133  2.508444743883875E-005  0.443732585546688     
         134  2.417261029055356E-005  0.434068348561767     
         135  2.301156926936446E-005  0.419387285095520     
         136  2.216064705046727E-005  0.409873164378311     
         137  2.150301048387822E-005  0.403611169855296     
         138  2.024813354494288E-005  0.385637392554832     
         139  1.942086336721193E-005  0.375234293854238     
         140  1.887417155556777E-005  0.369925863978647     
         141  1.809286706093436E-005  0.359710468797207     
         142  1.744749675615037E-005  0.351828392080420     
         143  1.663080993415477E-005  0.340088034155515     
         144  1.622694440444597E-005  0.336457582092492     
         145  1.568678296262692E-005  0.329796564950599     
         146  1.515408141991420E-005  0.323024338265794     
         147  1.463377032865583E-005  0.316224898627476     
         148  1.419383453086660E-005  0.310912816247779     
         149  1.380904969112964E-005  0.306597243910422     
         150  1.340800522953497E-005  0.301707197267017     
         151  1.296240116993011E-005  0.295574464071351     
         152  1.266048507806194E-005  0.292510107650843     
         153  1.235971075182866E-005  0.289334656585068     
         154  1.217961001601117E-005  0.288870741459762     
         155  1.185366567842920E-005  0.284797337418950     
         156  1.170144309781741E-005  0.284773316507044     
         157  1.159854441303334E-005  0.285905020041232     
         158  1.134383935260224E-005  0.283204780573859     
         159  1.124968916295064E-005  0.284403160792754     
         160  1.123377040464451E-005  0.287578295592682     
         161  1.136412461207564E-005  0.294588440815924     
         162  1.120690751375779E-005  0.294136827424586     
         163  1.147525877384241E-005  0.304914534258142     
         164  1.148179835455002E-005  0.308834523992234     
         165  1.187019438785476E-005  0.323190603250072     
         166  1.199271236171718E-005  0.330496977164501     
         167  1.259164305046934E-005  0.351189716108699     
         168  1.319426755894919E-005  0.372427280575961     
         169  1.426610660422354E-005  0.407498335159015     
         170  1.620642637812441E-005  0.468459690597971     
         171  2.739714996124366E-006  7.972495788706323E-002
         172  0.000000000000000E+000  0.000000000000000E+000
         173  0.000000000000000E+000  0.000000000000000E+000
         174  0.000000000000000E+000  0.000000000000000E+000
         175  0.000000000000000E+000  0.000000000000000E+000
         176  0.000000000000000E+000  0.000000000000000E+000
         177  0.000000000000000E+000  0.000000000000000E+000
         178  0.000000000000000E+000  0.000000000000000E+000
         179  0.000000000000000E+000  0.000000000000000E+000
         180  0.000000000000000E+000  0.000000000000000E+000
         181  0.000000000000000E+000  0.000000000000000E+000
         182  0.000000000000000E+000  0.000000000000000E+000
         183  0.000000000000000E+000  0.000000000000000E+000
         184  0.000000000000000E+000  0.000000000000000E+000
         185  0.000000000000000E+000  0.000000000000000E+000
         186  0.000000000000000E+000  0.000000000000000E+000
         187  0.000000000000000E+000  0.000000000000000E+000
         188  0.000000000000000E+000  0.000000000000000E+000
         189  0.000000000000000E+000  0.000000000000000E+000
         190  0.000000000000000E+000  0.000000000000000E+000
         191  0.000000000000000E+000  0.000000000000000E+000
         192  0.000000000000000E+000  0.000000000000000E+000
         193  0.000000000000000E+000  0.000000000000000E+000
         194  0.000000000000000E+000  0.000000000000000E+000
         195  0.000000000000000E+000  0.000000000000000E+000
         196  0.000000000000000E+000  0.000000000000000E+000
         197  0.000000000000000E+000  0.000000000000000E+000
         198  0.000000000000000E+000  0.000000000000000E+000
         199  0.000000000000000E+000  0.000000000000000E+000
         200  0.000000000000000E+000  0.000000000000000E+000
         201  0.000000000000000E+000  0.000000000000000E+000
         202  0.000000000000000E+000  0.000000000000000E+000
         203  0.000000000000000E+000  0.000000000000000E+000
         204  0.000000000000000E+000  0.000000000000000E+000
         205  0.000000000000000E+000  0.000000000000000E+000
         206  0.000000000000000E+000  0.000000000000000E+000
         207  0.000000000000000E+000  0.000000000000000E+000
         208  0.000000000000000E+000  0.000000000000000E+000
         209  0.000000000000000E+000  0.000000000000000E+000
         210  0.000000000000000E+000  0.000000000000000E+000
         211  0.000000000000000E+000  0.000000000000000E+000
         212  0.000000000000000E+000  0.000000000000000E+000
         213  0.000000000000000E+000  0.000000000000000E+000
         214  0.000000000000000E+000  0.000000000000000E+000
         215  0.000000000000000E+000  0.000000000000000E+000
         216  0.000000000000000E+000  0.000000000000000E+000
         217  0.000000000000000E+000  0.000000000000000E+000
         218  0.000000000000000E+000  0.000000000000000E+000
         219  0.000000000000000E+000  0.000000000000000E+000
         220  0.000000000000000E+000  0.000000000000000E+000
         221  0.000000000000000E+000  0.000000000000000E+000
         222  0.000000000000000E+000  0.000000000000000E+000
         223  0.000000000000000E+000  0.000000000000000E+000
         224  0.000000000000000E+000  0.000000000000000E+000
         225  0.000000000000000E+000  0.000000000000000E+000
         226  0.000000000000000E+000  0.000000000000000E+000
         227  0.000000000000000E+000  0.000000000000000E+000
         228  0.000000000000000E+000  0.000000000000000E+000
         229  0.000000000000000E+000  0.000000000000000E+000
         230  0.000000000000000E+000  0.000000000000000E+000
         231  0.000000000000000E+000  0.000000000000000E+000
         232  0.000000000000000E+000  0.000000000000000E+000
         233  0.000000000000000E+000  0.000000000000000E+000
         234  0.000000000000000E+000  0.000000000000000E+000
         235  0.000000000000000E+000  0.000000000000000E+000
         236  0.000000000000000E+000  0.000000000000000E+000
         237  0.000000000000000E+000  0.000000000000000E+000
         238  0.000000000000000E+000  0.000000000000000E+000
         239  0.000000000000000E+000  0.000000000000000E+000
         240  0.000000000000000E+000  0.000000000000000E+000
         241  0.000000000000000E+000  0.000000000000000E+000
         242  0.000000000000000E+000  0.000000000000000E+000
         243  0.000000000000000E+000  0.000000000000000E+000
         244  0.000000000000000E+000  0.000000000000000E+000
         245  0.000000000000000E+000  0.000000000000000E+000
         246  0.000000000000000E+000  0.000000000000000E+000
         247  0.000000000000000E+000  0.000000000000000E+000
         248  0.000000000000000E+000  0.000000000000000E+000
         249  0.000000000000000E+000  0.000000000000000E+000
         250  0.000000000000000E+000  0.000000000000000E+000
         251  0.000000000000000E+000  0.000000000000000E+000
         252  0.000000000000000E+000  0.000000000000000E+000
         253  0.000000000000000E+000  0.000000000000000E+000
         254  0.000000000000000E+000  0.000000000000000E+000
         255  0.000000000000000E+000  0.000000000000000E+000
         256  0.000000000000000E+000  0.000000000000000E+000
         257  0.000000000000000E+000  0.000000000000000E+000
         258  0.000000000000000E+000  0.000000000000000E+000
         259  0.000000000000000E+000  0.000000000000000E+000
         260  0.000000000000000E+000  0.000000000000000E+000
         261  0.000000000000000E+000  0.000000000000000E+000
         262  0.000000000000000E+000  0.000000000000000E+000
         263  0.000000000000000E+000  0.000000000000000E+000
         264  0.000000000000000E+000  0.000000000000000E+000
         265  0.000000000000000E+000  0.000000000000000E+000
         266  0.000000000000000E+000  0.000000000000000E+000
         267  0.000000000000000E+000  0.000000000000000E+000
         268  0.000000000000000E+000  0.000000000000000E+000
         269  0.000000000000000E+000  0.000000000000000E+000
         270  0.000000000000000E+000  0.000000000000000E+000
         271  0.000000000000000E+000  0.000000000000000E+000
         272  0.000000000000000E+000  0.000000000000000E+000
         273  0.000000000000000E+000  0.000000000000000E+000
         274  0.000000000000000E+000  0.000000000000000E+000
         275  0.000000000000000E+000  0.000000000000000E+000
         276  0.000000000000000E+000  0.000000000000000E+000
         277  0.000000000000000E+000  0.000000000000000E+000
         278  0.000000000000000E+000  0.000000000000000E+000
         279  0.000000000000000E+000  0.000000000000000E+000
         280  0.000000000000000E+000  0.000000000000000E+000
         281  0.000000000000000E+000  0.000000000000000E+000
         282  0.000000000000000E+000  0.000000000000000E+000
         283  0.000000000000000E+000  0.000000000000000E+000
         284  0.000000000000000E+000  0.000000000000000E+000
         285  0.000000000000000E+000  0.000000000000000E+000
         286  0.000000000000000E+000  0.000000000000000E+000
         287  0.000000000000000E+000  0.000000000000000E+000
         288  0.000000000000000E+000  0.000000000000000E+000
         289  0.000000000000000E+000  0.000000000000000E+000
         290  0.000000000000000E+000  0.000000000000000E+000
         291  0.000000000000000E+000  0.000000000000000E+000
         292  0.000000000000000E+000  0.000000000000000E+000
         293  0.000000000000000E+000  0.000000000000000E+000
         294  0.000000000000000E+000  0.000000000000000E+000
         295  0.000000000000000E+000  0.000000000000000E+000
         296  0.000000000000000E+000  0.000000000000000E+000
         297  0.000000000000000E+000  0.000000000000000E+000
         298  0.000000000000000E+000  0.000000000000000E+000
         299  0.000000000000000E+000  0.000000000000000E+000
         300  0.000000000000000E+000  0.000000000000000E+000
         301  0.000000000000000E+000  0.000000000000000E+000
         302  0.000000000000000E+000  0.000000000000000E+000
         303  0.000000000000000E+000  0.000000000000000E+000
         304  0.000000000000000E+000  0.000000000000000E+000
         305  0.000000000000000E+000  0.000000000000000E+000
         306  0.000000000000000E+000  0.000000000000000E+000
         307  0.000000000000000E+000  0.000000000000000E+000
         308  0.000000000000000E+000  0.000000000000000E+000
         309  0.000000000000000E+000  0.000000000000000E+000
         310  0.000000000000000E+000  0.000000000000000E+000
         311  0.000000000000000E+000  0.000000000000000E+000
         312  0.000000000000000E+000  0.000000000000000E+000
         313  0.000000000000000E+000  0.000000000000000E+000
         314  0.000000000000000E+000  0.000000000000000E+000
         315  0.000000000000000E+000  0.000000000000000E+000
         316  0.000000000000000E+000  0.000000000000000E+000
         317  0.000000000000000E+000  0.000000000000000E+000
         318  0.000000000000000E+000  0.000000000000000E+000
         319  0.000000000000000E+000  0.000000000000000E+000
         320  0.000000000000000E+000  0.000000000000000E+000
         321  0.000000000000000E+000  0.000000000000000E+000
         322  0.000000000000000E+000  0.000000000000000E+000
         323  0.000000000000000E+000  0.000000000000000E+000
         324  0.000000000000000E+000  0.000000000000000E+000
         325  0.000000000000000E+000  0.000000000000000E+000
         326  0.000000000000000E+000  0.000000000000000E+000
         327  0.000000000000000E+000  0.000000000000000E+000
         328  0.000000000000000E+000  0.000000000000000E+000
         329  0.000000000000000E+000  0.000000000000000E+000
         330  0.000000000000000E+000  0.000000000000000E+000
         331  0.000000000000000E+000  0.000000000000000E+000
         332  0.000000000000000E+000  0.000000000000000E+000
         333  0.000000000000000E+000  0.000000000000000E+000
         334  0.000000000000000E+000  0.000000000000000E+000
         335  0.000000000000000E+000  0.000000000000000E+000
         336  0.000000000000000E+000  0.000000000000000E+000
         337  0.000000000000000E+000  0.000000000000000E+000
         338  0.000000000000000E+000  0.000000000000000E+000
         339  0.000000000000000E+000  0.000000000000000E+000
         340  0.000000000000000E+000  0.000000000000000E+000
         341  0.000000000000000E+000  0.000000000000000E+000
         342  0.000000000000000E+000  0.000000000000000E+000
         343  0.000000000000000E+000  0.000000000000000E+000
         344  0.000000000000000E+000  0.000000000000000E+000
         345  0.000000000000000E+000  0.000000000000000E+000
         346  0.000000000000000E+000  0.000000000000000E+000
         347  0.000000000000000E+000  0.000000000000000E+000
         348  0.000000000000000E+000  0.000000000000000E+000
         349  0.000000000000000E+000  0.000000000000000E+000
         350  0.000000000000000E+000  0.000000000000000E+000
         351  0.000000000000000E+000  0.000000000000000E+000
         352  0.000000000000000E+000  0.000000000000000E+000
         353  0.000000000000000E+000  0.000000000000000E+000
         354  0.000000000000000E+000  0.000000000000000E+000
         355  0.000000000000000E+000  0.000000000000000E+000
         356  0.000000000000000E+000  0.000000000000000E+000
         357  0.000000000000000E+000  0.000000000000000E+000
         358  0.000000000000000E+000  0.000000000000000E+000
         359  0.000000000000000E+000  0.000000000000000E+000
         360  0.000000000000000E+000  0.000000000000000E+000
         361  0.000000000000000E+000  0.000000000000000E+000
         362  0.000000000000000E+000  0.000000000000000E+000
         363  0.000000000000000E+000  0.000000000000000E+000
         364  0.000000000000000E+000  0.000000000000000E+000
         365  0.000000000000000E+000  0.000000000000000E+000
         366  0.000000000000000E+000  0.000000000000000E+000
         367  0.000000000000000E+000  0.000000000000000E+000
         368  0.000000000000000E+000  0.000000000000000E+000
         369  0.000000000000000E+000  0.000000000000000E+000
         370  0.000000000000000E+000  0.000000000000000E+000
         371  0.000000000000000E+000  0.000000000000000E+000
         372  0.000000000000000E+000  0.000000000000000E+000
         373  0.000000000000000E+000  0.000000000000000E+000
         374  0.000000000000000E+000  0.000000000000000E+000
         375  0.000000000000000E+000  0.000000000000000E+000
         376  0.000000000000000E+000  0.000000000000000E+000
         377  0.000000000000000E+000  0.000000000000000E+000
         378  0.000000000000000E+000  0.000000000000000E+000
         379  0.000000000000000E+000  0.000000000000000E+000
         380  0.000000000000000E+000  0.000000000000000E+000
         381  0.000000000000000E+000  0.000000000000000E+000
         382  0.000000000000000E+000  0.000000000000000E+000
         383  0.000000000000000E+000  0.000000000000000E+000
         384  0.000000000000000E+000  0.000000000000000E+000
         385  0.000000000000000E+000  0.000000000000000E+000
         386  0.000000000000000E+000  0.000000000000000E+000
         387  0.000000000000000E+000  0.000000000000000E+000
         388  0.000000000000000E+000  0.000000000000000E+000
         389  0.000000000000000E+000  0.000000000000000E+000
         390  0.000000000000000E+000  0.000000000000000E+000
         391  0.000000000000000E+000  0.000000000000000E+000
         392  0.000000000000000E+000  0.000000000000000E+000
         393  0.000000000000000E+000  0.000000000000000E+000
         394  0.000000000000000E+000  0.000000000000000E+000
         395  0.000000000000000E+000  0.000000000000000E+000
         396  0.000000000000000E+000  0.000000000000000E+000
         397  0.000000000000000E+000  0.000000000000000E+000
         398  0.000000000000000E+000  0.000000000000000E+000
         399  0.000000000000000E+000  0.000000000000000E+000
         400  0.000000000000000E+000  0.000000000000000E+000
         401  0.000000000000000E+000  0.000000000000000E+000
         402  0.000000000000000E+000  0.000000000000000E+000
         403  0.000000000000000E+000  0.000000000000000E+000
         404  0.000000000000000E+000  0.000000000000000E+000
         405  0.000000000000000E+000  0.000000000000000E+000
         406  0.000000000000000E+000  0.000000000000000E+000
         407  0.000000000000000E+000  0.000000000000000E+000
         408  0.000000000000000E+000  0.000000000000000E+000
         409  0.000000000000000E+000  0.000000000000000E+000
         410  0.000000000000000E+000  0.000000000000000E+000
         411  0.000000000000000E+000  0.000000000000000E+000
         412  0.000000000000000E+000  0.000000000000000E+000
         413  0.000000000000000E+000  0.000000000000000E+000
         414  0.000000000000000E+000  0.000000000000000E+000
         415  0.000000000000000E+000  0.000000000000000E+000
         416  0.000000000000000E+000  0.000000000000000E+000
         417  0.000000000000000E+000  0.000000000000000E+000
         418  0.000000000000000E+000  0.000000000000000E+000
         419  0.000000000000000E+000  0.000000000000000E+000
         420  0.000000000000000E+000  0.000000000000000E+000
         421  0.000000000000000E+000  0.000000000000000E+000
         422  0.000000000000000E+000  0.000000000000000E+000
         423  0.000000000000000E+000  0.000000000000000E+000
         424  0.000000000000000E+000  0.000000000000000E+000
         425  0.000000000000000E+000  0.000000000000000E+000
         426  0.000000000000000E+000  0.000000000000000E+000
         427  0.000000000000000E+000  0.000000000000000E+000
         428  0.000000000000000E+000  0.000000000000000E+000
         429  0.000000000000000E+000  0.000000000000000E+000
         430  0.000000000000000E+000  0.000000000000000E+000
         431  0.000000000000000E+000  0.000000000000000E+000
         432  0.000000000000000E+000  0.000000000000000E+000
         433  0.000000000000000E+000  0.000000000000000E+000
         434  0.000000000000000E+000  0.000000000000000E+000
         435  0.000000000000000E+000  0.000000000000000E+000
         436  0.000000000000000E+000  0.000000000000000E+000
         437  0.000000000000000E+000  0.000000000000000E+000
         438  0.000000000000000E+000  0.000000000000000E+000
         439  0.000000000000000E+000  0.000000000000000E+000
         440  0.000000000000000E+000  0.000000000000000E+000
         441  0.000000000000000E+000  0.000000000000000E+000
         442  0.000000000000000E+000  0.000000000000000E+000
         443  0.000000000000000E+000  0.000000000000000E+000
         444  0.000000000000000E+000  0.000000000000000E+000
