           0  0.000000000000000E+000  0.000000000000000E+000
           1   1.33423415310001        1.49948852303160     
           2  0.526826744109157        2.48664088815059     
           3  0.182016773236588        1.78420843189367     
           4  0.166425029079438        2.69481859678584     
           5  0.121397569954632        3.05252924693273     
           6  8.253772714292015E-002   3.05799915288484     
           7  6.254719859264055E-002   3.09447612457833     
           8  5.585181207322162E-002   3.56661460038366     
           9  5.166157566678182E-002   4.22201857524880     
          10  3.862069150371469E-002   3.90303640219660     
          11  3.505859601565466E-002   4.27196531923624     
          12  3.081868732736093E-002   4.45464940817938     
          13  2.738636202854413E-002   4.63512810427043     
          14  2.463764730013721E-002   4.85142889036634     
          15  2.076259966084681E-002   4.67455754004627     
          16  2.013414889175289E-002   5.14941699804922     
          17  1.901270451687446E-002   5.50198874874644     
          18  1.698841838339220E-002   5.52792153992495     
          19  1.442531422663989E-002   5.22104520858990     
          20  1.366040746099940E-002   5.46355583052962     
          21  1.295100356266887E-002   5.72459721309846     
          22  1.162353335555761E-002   5.63829698122698     
          23  1.061890984367697E-002   5.61981578900617     
          24  9.738542910467510E-003   5.60709057955012     
          25  9.372807964367024E-003   5.85798970779485     
          26  8.663516027427787E-003   5.86318140878381     
          27  7.782918654710937E-003   5.68176066419977     
          28  7.452121279234452E-003   5.84820722471889     
          29  6.728511616413354E-003   5.66532081729518     
          30  6.221270198715012E-003   5.60412408047362     
          31  5.913519072508333E-003   5.68595215898083     
          32  5.466847079121959E-003   5.59956828213008     
          33  5.178785701420285E-003   5.63897318348625     
          34  4.851443546625828E-003   5.61088602633332     
          35  4.437773818711859E-003   5.44004795577670     
          36  4.209645086543598E-003   5.45799767236056     
          37  3.899527433812442E-003   5.34135860760595     
          38  3.647245685514108E-003   5.27053835776682     
          39  3.371265835569874E-003   5.12846156770498     
          40  3.248689492401890E-003   5.19670452394092     
          41  3.041288571893504E-003   5.11365279598697     
          42  2.796210361229646E-003   4.93457860616630     
          43  2.649006725458532E-003   4.90087816323690     
          44  2.457447470446824E-003   4.75987428062064     
          45  2.360635955363353E-003   4.78298681900519     
          46  2.161093916867495E-003   4.57526121863695     
          47  2.045625963272627E-003   4.51860917577173     
          48  1.957127450442084E-003   4.50746365257101     
          49  1.852609409021221E-003   4.44841332521489     
          50  1.721662890628305E-003   4.30648570954406     
          51  1.603937877890917E-003   4.17333062770330     
          52  1.550052234682225E-003   4.19254038512924     
          53  1.435621356312505E-003   4.03458558632352     
          54  1.334077387915546E-003   3.89188230092968     
          55  1.274793523122571E-003   3.85636954935804     
          56  1.202078364792619E-003   3.76918204742107     
          57  1.162156663215189E-003   3.77601328436195     
          58  1.068460781078462E-003   3.59545567551969     
          59  1.008258751412316E-003   3.50982665828918     
          60  9.659585312075959E-004   3.47767233386102     
          61  9.037576377681107E-004   3.36388849237823     
          62  8.587502537602082E-004   3.30185260694170     
          63  7.926980281865774E-004   3.14618849967692     
          64  7.616395291970902E-004   3.11903883095542     
          65  7.287991451851985E-004   3.07923944916626     
          66  6.749636889707430E-004   2.94040128869195     
          67  6.555470620310054E-004   2.94330628517173     
          68  5.987055343341507E-004   2.76886684908619     
          69  5.842323975214197E-004   2.78206485112179     
          70  5.362933927622653E-004   2.62822598525812     
          71  5.049347727923877E-004   2.54539286540993     
          72  4.979657012361687E-004   2.58127218101265     
          73  4.617537390534047E-004   2.46081704191642     
          74  4.453994304771290E-004   2.43935436516766     
          75  4.155011619476945E-004   2.33747042988684     
          76  3.941222431529964E-004   2.27675739105422     
          77  3.744542207074599E-004   2.22054305312099     
          78  3.512076354410599E-004   2.13697580192314     
          79  3.374557025655513E-004   2.10600981399325     
          80  3.172619496050802E-004   2.03029941552315     
          81  3.054359975076987E-004   2.00381703495389     
          82  2.863973709551905E-004   1.92588458427468     
          83  2.730604811704339E-004   1.88126228892910     
          84  2.573108415478763E-004   1.81571512139965     
          85  2.488371752275028E-004   1.79789959134742     
          86  2.336654439772842E-004   1.72851146268541     
          87  2.201719169118572E-004   1.66662363070395     
          88  2.108081570849018E-004   1.63257281338244     
          89  2.006644641258299E-004   1.58957145172367     
          90  1.905208724571702E-004   1.54338266895504     
          91  1.800018455213307E-004   1.49086811173838     
          92  1.722898745442098E-004   1.45844865891126     
          93  1.621245994432515E-004   1.40234336922199     
          94  1.539286818792518E-004   1.36016666756054     
          95  1.448670005078708E-004   1.30731177011080     
          96  1.390923176749966E-004   1.28163960937007     
          97  1.332311876849486E-004   1.25340974687085     
          98  1.277218867855322E-004   1.22674574489294     
          99  1.182146179302781E-004   1.15874096646480     
         100  1.137338618960154E-004   1.13738929716728     
         101  1.084029321360520E-004   1.10586823761218     
         102  1.034470888508601E-004   1.07637740250772     
         103  9.771609093887391E-005   1.03681254146326     
         104  9.133651519346914E-005  0.987875157735986     
         105  8.976311114435930E-005  0.989582637879067     
         106  8.402479324373541E-005  0.944173019360841     
         107  7.993284353279893E-005  0.915161231650248     
         108  7.645232467189941E-005  0.891689241659844     
         109  7.334255508679253E-005  0.871406886413422     
         110  6.905660376131933E-005  0.835677861281798     
         111  6.518233633486531E-005  0.803127181175157     
         112  6.265898689088872E-005  0.785936138026819     
         113  5.977979957970002E-005  0.763307283226916     
         114  5.728430836077279E-005  0.744483247410791     
         115  5.389538108109093E-005  0.712766186461574     
         116  5.192204231449426E-005  0.698638419644665     
         117  4.949257751198846E-005  0.677556340064738     
         118  4.653633881702876E-005  0.648013720316411     
         119  4.442689331110047E-005  0.629087125691135     
         120  4.263985401549225E-005  0.613970638557159     
         121  4.084356202954624E-005  0.597991818650003     
         122  3.886565143802711E-005  0.578479339953556     
         123  3.702761247105142E-005  0.560200555397515     
         124  3.523789657424515E-005  0.541822608497887     
         125  3.409620449224730E-005  0.532774789118053     
         126  3.205124971914466E-005  0.508877424377077     
         127  3.076230784956958E-005  0.496158392114637     
         128  2.940036627826448E-005  0.481666883042810     
         129  2.810640190495113E-005  0.467726060645289     
         130  2.681072294289141E-005  0.453127184789312     
         131  2.557836452186832E-005  0.438946390924212     
         132  2.488158366784236E-005  0.433536590764489     
         133  2.345160231835424E-005  0.414856892819721     
         134  2.264823122685292E-005  0.406688119526452     
         135  2.154203500652248E-005  0.392599827909238     
         136  2.071942933944653E-005  0.383216739895362     
         137  2.001995068408133E-005  0.375770744590118     
         138  1.896650933664549E-005  0.361224645006222     
         139  1.812447710935312E-005  0.350189476663259     
         140  1.754436660945376E-005  0.343859583045868     
         141  1.688033020105029E-005  0.335599202423750     
         142  1.631858999298697E-005  0.329059343746971     
         143  1.547728225985005E-005  0.316494476798291     
         144  1.504386157034739E-005  0.311925944419921     
         145  1.457352661926080E-005  0.306393527364593     
         146  1.409665880971983E-005  0.300480215235453     
         147  1.357778764066910E-005  0.293405976334737     
         148  1.315821949987272E-005  0.288223990231267     
         149  1.280640175211483E-005  0.284335594154462     
         150  1.242693633855122E-005  0.279632054945805     
         151  1.202433525349265E-005  0.274186887420629     
         152  1.171676737267743E-005  0.270711348967691     
         153  1.142324452105660E-005  0.267412522098263     
         154  1.125302791149231E-005  0.266893096370866     
         155  1.091365033739533E-005  0.262210600317968     
         156  1.078132616551376E-005  0.262380786053524     
         157  1.065334006784878E-005  0.262608601300193     
         158  1.047838907304992E-005  0.261599203324557     
         159  1.040424777166467E-005  0.263030947343460     
         160  1.038556319310607E-005  0.265866177327387     
         161  1.039095006564433E-005  0.269357492324904     
         162  1.031175401901065E-005  0.270641949432723     
         163  1.050998981429989E-005  0.279262645410911     
         164  1.044298959117457E-005  0.280893850106702     
         165  1.085905750260224E-005  0.295661742298708     
         166  1.099665666604091E-005  0.303040644049792     
         167  1.153817434621360E-005  0.321806425530740     
         168  1.210319268247958E-005  0.341626767932192     
         169  1.300390781308025E-005  0.371443098170339     
         170  1.473435382449429E-005  0.425903622847931     
         171  2.495358419025860E-006  7.261454315357539E-002
         172  0.000000000000000E+000  0.000000000000000E+000
         173  0.000000000000000E+000  0.000000000000000E+000
         174  0.000000000000000E+000  0.000000000000000E+000
         175  0.000000000000000E+000  0.000000000000000E+000
         176  0.000000000000000E+000  0.000000000000000E+000
         177  0.000000000000000E+000  0.000000000000000E+000
         178  0.000000000000000E+000  0.000000000000000E+000
         179  0.000000000000000E+000  0.000000000000000E+000
         180  0.000000000000000E+000  0.000000000000000E+000
         181  0.000000000000000E+000  0.000000000000000E+000
         182  0.000000000000000E+000  0.000000000000000E+000
         183  0.000000000000000E+000  0.000000000000000E+000
         184  0.000000000000000E+000  0.000000000000000E+000
         185  0.000000000000000E+000  0.000000000000000E+000
         186  0.000000000000000E+000  0.000000000000000E+000
         187  0.000000000000000E+000  0.000000000000000E+000
         188  0.000000000000000E+000  0.000000000000000E+000
         189  0.000000000000000E+000  0.000000000000000E+000
         190  0.000000000000000E+000  0.000000000000000E+000
         191  0.000000000000000E+000  0.000000000000000E+000
         192  0.000000000000000E+000  0.000000000000000E+000
         193  0.000000000000000E+000  0.000000000000000E+000
         194  0.000000000000000E+000  0.000000000000000E+000
         195  0.000000000000000E+000  0.000000000000000E+000
         196  0.000000000000000E+000  0.000000000000000E+000
         197  0.000000000000000E+000  0.000000000000000E+000
         198  0.000000000000000E+000  0.000000000000000E+000
         199  0.000000000000000E+000  0.000000000000000E+000
         200  0.000000000000000E+000  0.000000000000000E+000
         201  0.000000000000000E+000  0.000000000000000E+000
         202  0.000000000000000E+000  0.000000000000000E+000
         203  0.000000000000000E+000  0.000000000000000E+000
         204  0.000000000000000E+000  0.000000000000000E+000
         205  0.000000000000000E+000  0.000000000000000E+000
         206  0.000000000000000E+000  0.000000000000000E+000
         207  0.000000000000000E+000  0.000000000000000E+000
         208  0.000000000000000E+000  0.000000000000000E+000
         209  0.000000000000000E+000  0.000000000000000E+000
         210  0.000000000000000E+000  0.000000000000000E+000
         211  0.000000000000000E+000  0.000000000000000E+000
         212  0.000000000000000E+000  0.000000000000000E+000
         213  0.000000000000000E+000  0.000000000000000E+000
         214  0.000000000000000E+000  0.000000000000000E+000
         215  0.000000000000000E+000  0.000000000000000E+000
         216  0.000000000000000E+000  0.000000000000000E+000
         217  0.000000000000000E+000  0.000000000000000E+000
         218  0.000000000000000E+000  0.000000000000000E+000
         219  0.000000000000000E+000  0.000000000000000E+000
         220  0.000000000000000E+000  0.000000000000000E+000
         221  0.000000000000000E+000  0.000000000000000E+000
         222  0.000000000000000E+000  0.000000000000000E+000
         223  0.000000000000000E+000  0.000000000000000E+000
         224  0.000000000000000E+000  0.000000000000000E+000
         225  0.000000000000000E+000  0.000000000000000E+000
         226  0.000000000000000E+000  0.000000000000000E+000
         227  0.000000000000000E+000  0.000000000000000E+000
         228  0.000000000000000E+000  0.000000000000000E+000
         229  0.000000000000000E+000  0.000000000000000E+000
         230  0.000000000000000E+000  0.000000000000000E+000
         231  0.000000000000000E+000  0.000000000000000E+000
         232  0.000000000000000E+000  0.000000000000000E+000
         233  0.000000000000000E+000  0.000000000000000E+000
         234  0.000000000000000E+000  0.000000000000000E+000
         235  0.000000000000000E+000  0.000000000000000E+000
         236  0.000000000000000E+000  0.000000000000000E+000
         237  0.000000000000000E+000  0.000000000000000E+000
         238  0.000000000000000E+000  0.000000000000000E+000
         239  0.000000000000000E+000  0.000000000000000E+000
         240  0.000000000000000E+000  0.000000000000000E+000
         241  0.000000000000000E+000  0.000000000000000E+000
         242  0.000000000000000E+000  0.000000000000000E+000
         243  0.000000000000000E+000  0.000000000000000E+000
         244  0.000000000000000E+000  0.000000000000000E+000
         245  0.000000000000000E+000  0.000000000000000E+000
         246  0.000000000000000E+000  0.000000000000000E+000
         247  0.000000000000000E+000  0.000000000000000E+000
         248  0.000000000000000E+000  0.000000000000000E+000
         249  0.000000000000000E+000  0.000000000000000E+000
         250  0.000000000000000E+000  0.000000000000000E+000
         251  0.000000000000000E+000  0.000000000000000E+000
         252  0.000000000000000E+000  0.000000000000000E+000
         253  0.000000000000000E+000  0.000000000000000E+000
         254  0.000000000000000E+000  0.000000000000000E+000
         255  0.000000000000000E+000  0.000000000000000E+000
         256  0.000000000000000E+000  0.000000000000000E+000
         257  0.000000000000000E+000  0.000000000000000E+000
         258  0.000000000000000E+000  0.000000000000000E+000
         259  0.000000000000000E+000  0.000000000000000E+000
         260  0.000000000000000E+000  0.000000000000000E+000
         261  0.000000000000000E+000  0.000000000000000E+000
         262  0.000000000000000E+000  0.000000000000000E+000
         263  0.000000000000000E+000  0.000000000000000E+000
         264  0.000000000000000E+000  0.000000000000000E+000
         265  0.000000000000000E+000  0.000000000000000E+000
         266  0.000000000000000E+000  0.000000000000000E+000
         267  0.000000000000000E+000  0.000000000000000E+000
         268  0.000000000000000E+000  0.000000000000000E+000
         269  0.000000000000000E+000  0.000000000000000E+000
         270  0.000000000000000E+000  0.000000000000000E+000
         271  0.000000000000000E+000  0.000000000000000E+000
         272  0.000000000000000E+000  0.000000000000000E+000
         273  0.000000000000000E+000  0.000000000000000E+000
         274  0.000000000000000E+000  0.000000000000000E+000
         275  0.000000000000000E+000  0.000000000000000E+000
         276  0.000000000000000E+000  0.000000000000000E+000
         277  0.000000000000000E+000  0.000000000000000E+000
         278  0.000000000000000E+000  0.000000000000000E+000
         279  0.000000000000000E+000  0.000000000000000E+000
         280  0.000000000000000E+000  0.000000000000000E+000
         281  0.000000000000000E+000  0.000000000000000E+000
         282  0.000000000000000E+000  0.000000000000000E+000
         283  0.000000000000000E+000  0.000000000000000E+000
         284  0.000000000000000E+000  0.000000000000000E+000
         285  0.000000000000000E+000  0.000000000000000E+000
         286  0.000000000000000E+000  0.000000000000000E+000
         287  0.000000000000000E+000  0.000000000000000E+000
         288  0.000000000000000E+000  0.000000000000000E+000
         289  0.000000000000000E+000  0.000000000000000E+000
         290  0.000000000000000E+000  0.000000000000000E+000
         291  0.000000000000000E+000  0.000000000000000E+000
         292  0.000000000000000E+000  0.000000000000000E+000
         293  0.000000000000000E+000  0.000000000000000E+000
         294  0.000000000000000E+000  0.000000000000000E+000
         295  0.000000000000000E+000  0.000000000000000E+000
         296  0.000000000000000E+000  0.000000000000000E+000
         297  0.000000000000000E+000  0.000000000000000E+000
         298  0.000000000000000E+000  0.000000000000000E+000
         299  0.000000000000000E+000  0.000000000000000E+000
         300  0.000000000000000E+000  0.000000000000000E+000
         301  0.000000000000000E+000  0.000000000000000E+000
         302  0.000000000000000E+000  0.000000000000000E+000
         303  0.000000000000000E+000  0.000000000000000E+000
         304  0.000000000000000E+000  0.000000000000000E+000
         305  0.000000000000000E+000  0.000000000000000E+000
         306  0.000000000000000E+000  0.000000000000000E+000
         307  0.000000000000000E+000  0.000000000000000E+000
         308  0.000000000000000E+000  0.000000000000000E+000
         309  0.000000000000000E+000  0.000000000000000E+000
         310  0.000000000000000E+000  0.000000000000000E+000
         311  0.000000000000000E+000  0.000000000000000E+000
         312  0.000000000000000E+000  0.000000000000000E+000
         313  0.000000000000000E+000  0.000000000000000E+000
         314  0.000000000000000E+000  0.000000000000000E+000
         315  0.000000000000000E+000  0.000000000000000E+000
         316  0.000000000000000E+000  0.000000000000000E+000
         317  0.000000000000000E+000  0.000000000000000E+000
         318  0.000000000000000E+000  0.000000000000000E+000
         319  0.000000000000000E+000  0.000000000000000E+000
         320  0.000000000000000E+000  0.000000000000000E+000
         321  0.000000000000000E+000  0.000000000000000E+000
         322  0.000000000000000E+000  0.000000000000000E+000
         323  0.000000000000000E+000  0.000000000000000E+000
         324  0.000000000000000E+000  0.000000000000000E+000
         325  0.000000000000000E+000  0.000000000000000E+000
         326  0.000000000000000E+000  0.000000000000000E+000
         327  0.000000000000000E+000  0.000000000000000E+000
         328  0.000000000000000E+000  0.000000000000000E+000
         329  0.000000000000000E+000  0.000000000000000E+000
         330  0.000000000000000E+000  0.000000000000000E+000
         331  0.000000000000000E+000  0.000000000000000E+000
         332  0.000000000000000E+000  0.000000000000000E+000
         333  0.000000000000000E+000  0.000000000000000E+000
         334  0.000000000000000E+000  0.000000000000000E+000
         335  0.000000000000000E+000  0.000000000000000E+000
         336  0.000000000000000E+000  0.000000000000000E+000
         337  0.000000000000000E+000  0.000000000000000E+000
         338  0.000000000000000E+000  0.000000000000000E+000
         339  0.000000000000000E+000  0.000000000000000E+000
         340  0.000000000000000E+000  0.000000000000000E+000
         341  0.000000000000000E+000  0.000000000000000E+000
         342  0.000000000000000E+000  0.000000000000000E+000
         343  0.000000000000000E+000  0.000000000000000E+000
         344  0.000000000000000E+000  0.000000000000000E+000
         345  0.000000000000000E+000  0.000000000000000E+000
         346  0.000000000000000E+000  0.000000000000000E+000
         347  0.000000000000000E+000  0.000000000000000E+000
         348  0.000000000000000E+000  0.000000000000000E+000
         349  0.000000000000000E+000  0.000000000000000E+000
         350  0.000000000000000E+000  0.000000000000000E+000
         351  0.000000000000000E+000  0.000000000000000E+000
         352  0.000000000000000E+000  0.000000000000000E+000
         353  0.000000000000000E+000  0.000000000000000E+000
         354  0.000000000000000E+000  0.000000000000000E+000
         355  0.000000000000000E+000  0.000000000000000E+000
         356  0.000000000000000E+000  0.000000000000000E+000
         357  0.000000000000000E+000  0.000000000000000E+000
         358  0.000000000000000E+000  0.000000000000000E+000
         359  0.000000000000000E+000  0.000000000000000E+000
         360  0.000000000000000E+000  0.000000000000000E+000
         361  0.000000000000000E+000  0.000000000000000E+000
         362  0.000000000000000E+000  0.000000000000000E+000
         363  0.000000000000000E+000  0.000000000000000E+000
         364  0.000000000000000E+000  0.000000000000000E+000
         365  0.000000000000000E+000  0.000000000000000E+000
         366  0.000000000000000E+000  0.000000000000000E+000
         367  0.000000000000000E+000  0.000000000000000E+000
         368  0.000000000000000E+000  0.000000000000000E+000
         369  0.000000000000000E+000  0.000000000000000E+000
         370  0.000000000000000E+000  0.000000000000000E+000
         371  0.000000000000000E+000  0.000000000000000E+000
         372  0.000000000000000E+000  0.000000000000000E+000
         373  0.000000000000000E+000  0.000000000000000E+000
         374  0.000000000000000E+000  0.000000000000000E+000
         375  0.000000000000000E+000  0.000000000000000E+000
         376  0.000000000000000E+000  0.000000000000000E+000
         377  0.000000000000000E+000  0.000000000000000E+000
         378  0.000000000000000E+000  0.000000000000000E+000
         379  0.000000000000000E+000  0.000000000000000E+000
         380  0.000000000000000E+000  0.000000000000000E+000
         381  0.000000000000000E+000  0.000000000000000E+000
         382  0.000000000000000E+000  0.000000000000000E+000
         383  0.000000000000000E+000  0.000000000000000E+000
         384  0.000000000000000E+000  0.000000000000000E+000
         385  0.000000000000000E+000  0.000000000000000E+000
         386  0.000000000000000E+000  0.000000000000000E+000
         387  0.000000000000000E+000  0.000000000000000E+000
         388  0.000000000000000E+000  0.000000000000000E+000
         389  0.000000000000000E+000  0.000000000000000E+000
         390  0.000000000000000E+000  0.000000000000000E+000
         391  0.000000000000000E+000  0.000000000000000E+000
         392  0.000000000000000E+000  0.000000000000000E+000
         393  0.000000000000000E+000  0.000000000000000E+000
         394  0.000000000000000E+000  0.000000000000000E+000
         395  0.000000000000000E+000  0.000000000000000E+000
         396  0.000000000000000E+000  0.000000000000000E+000
         397  0.000000000000000E+000  0.000000000000000E+000
         398  0.000000000000000E+000  0.000000000000000E+000
         399  0.000000000000000E+000  0.000000000000000E+000
         400  0.000000000000000E+000  0.000000000000000E+000
         401  0.000000000000000E+000  0.000000000000000E+000
         402  0.000000000000000E+000  0.000000000000000E+000
         403  0.000000000000000E+000  0.000000000000000E+000
         404  0.000000000000000E+000  0.000000000000000E+000
         405  0.000000000000000E+000  0.000000000000000E+000
         406  0.000000000000000E+000  0.000000000000000E+000
         407  0.000000000000000E+000  0.000000000000000E+000
         408  0.000000000000000E+000  0.000000000000000E+000
         409  0.000000000000000E+000  0.000000000000000E+000
         410  0.000000000000000E+000  0.000000000000000E+000
         411  0.000000000000000E+000  0.000000000000000E+000
         412  0.000000000000000E+000  0.000000000000000E+000
         413  0.000000000000000E+000  0.000000000000000E+000
         414  0.000000000000000E+000  0.000000000000000E+000
         415  0.000000000000000E+000  0.000000000000000E+000
         416  0.000000000000000E+000  0.000000000000000E+000
         417  0.000000000000000E+000  0.000000000000000E+000
         418  0.000000000000000E+000  0.000000000000000E+000
         419  0.000000000000000E+000  0.000000000000000E+000
         420  0.000000000000000E+000  0.000000000000000E+000
         421  0.000000000000000E+000  0.000000000000000E+000
         422  0.000000000000000E+000  0.000000000000000E+000
         423  0.000000000000000E+000  0.000000000000000E+000
         424  0.000000000000000E+000  0.000000000000000E+000
         425  0.000000000000000E+000  0.000000000000000E+000
         426  0.000000000000000E+000  0.000000000000000E+000
         427  0.000000000000000E+000  0.000000000000000E+000
         428  0.000000000000000E+000  0.000000000000000E+000
         429  0.000000000000000E+000  0.000000000000000E+000
         430  0.000000000000000E+000  0.000000000000000E+000
         431  0.000000000000000E+000  0.000000000000000E+000
         432  0.000000000000000E+000  0.000000000000000E+000
         433  0.000000000000000E+000  0.000000000000000E+000
         434  0.000000000000000E+000  0.000000000000000E+000
         435  0.000000000000000E+000  0.000000000000000E+000
         436  0.000000000000000E+000  0.000000000000000E+000
         437  0.000000000000000E+000  0.000000000000000E+000
         438  0.000000000000000E+000  0.000000000000000E+000
         439  0.000000000000000E+000  0.000000000000000E+000
         440  0.000000000000000E+000  0.000000000000000E+000
         441  0.000000000000000E+000  0.000000000000000E+000
         442  0.000000000000000E+000  0.000000000000000E+000
         443  0.000000000000000E+000  0.000000000000000E+000
         444  0.000000000000000E+000  0.000000000000000E+000
