           0  0.000000000000000E+000  0.000000000000000E+000
           1   1.08516097604589        1.36537159685148     
           2  0.672467154267669        2.95147952007716     
           3  0.203081548174852        1.96354617036077     
           4  0.181592569291603        2.87099620498886     
           5  0.136703580899795        3.46891897688123     
           6  9.403346697435339E-002   3.49370100954303     
           7  7.305487711921783E-002   3.63944332255430     
           8  5.992193163284312E-002   3.84293092584138     
           9  5.770054705354671E-002   4.70636482211182     
          10  4.199945201814377E-002   4.25751347679098     
          11  3.565620433898449E-002   4.35528882029615     
          12  3.364388278021679E-002   4.84681308622408     
          13  2.906559171864279E-002   4.91814073261474     
          14  2.622645004435861E-002   5.16522216003548     
          15  2.186386114370328E-002   4.92880882092339     
          16  2.265678181928306E-002   5.78801263223792     
          17  1.940028923399530E-002   5.61912132894207     
          18  1.798484585751669E-002   5.85115085931750     
          19  1.540288846640955E-002   5.57404036706625     
          20  1.466596828736124E-002   5.86717458225843     
          21  1.411737623901946E-002   6.23387010434789     
          22  1.220930933611017E-002   5.92070434490890     
          23  1.114318924471999E-002   5.89753794431641     
          24  1.010222312272719E-002   5.81887515713337     
          25  9.734824477299651E-003   6.08386281833043     
          26  8.829178167109890E-003   5.97895992040934     
          27  8.050616114303785E-003   5.87535920746270     
          28  7.568050928956037E-003   5.93971539504162     
          29  7.167007293901208E-003   6.03416503075440     
          30  6.463303483800940E-003   5.82293472435484     
          31  6.215240314036507E-003   5.97794143321038     
          32  5.571974777842712E-003   5.70859229813171     
          33  5.366306734062323E-003   5.84358379565715     
          34  5.109393767853860E-003   5.91041532049597     
          35  4.593942106842748E-003   5.63096079283718     
          36  4.415281658635507E-003   5.72405595898226     
          37  3.974290741406338E-003   5.44475304130609     
          38  3.821255453080637E-003   5.52042708355755     
          39  3.497860336004048E-003   5.32217142789744     
          40  3.318183997278632E-003   5.30832933250051     
          41  3.195181954249659E-003   5.37337801259849     
          42  2.881446749417769E-003   5.08559871315429     
          43  2.767695568315726E-003   5.11968417920897     
          44  2.551757819199506E-003   4.94151423882778     
          45  2.470949447142405E-003   5.00615915499126     
          46  2.225605545697005E-003   4.71211671327321     
          47  2.142787775883135E-003   4.73329747941092     
          48  2.021150187051415E-003   4.65542891394449     
          49  1.938367387836586E-003   4.65410235794333     
          50  1.791286927199493E-003   4.48003294500965     
          51  1.655197705484480E-003   4.30704202440579     
          52  1.597279029451291E-003   4.32008707603780     
          53  1.521679062730699E-003   4.27591955880476     
          54  1.408908149425491E-003   4.10999610405782     
          55  1.312595195560327E-003   3.97104335324667     
          56  1.252852020892251E-003   3.92813794108943     
          57  1.207168828130125E-003   3.92209376557468     
          58  1.118843608595262E-003   3.76468939406042     
          59  1.058352688374594E-003   3.68457889914769     
          60  1.014863318154693E-003   3.65402494702016     
          61  9.498727166289806E-004   3.53532150734190     
          62  9.019268556263388E-004   3.46788607946739     
          63  8.273262532384003E-004   3.28365278565419     
          64  7.997737317364984E-004   3.27500681969861     
          65  7.759669038825437E-004   3.27855012288916     
          66  7.149100735101505E-004   3.11457542835950     
          67  6.896290263460484E-004   3.09638445340218     
          68  6.347550214193704E-004   2.93569670630758     
          69  6.113031758219876E-004   2.91096829986673     
          70  5.732651457595963E-004   2.80979651556930     
          71  5.387155104194938E-004   2.71582878778414     
          72  5.181706100727936E-004   2.68605808081467     
          73  4.918916454536037E-004   2.62123487750439     
          74  4.723221375757451E-004   2.58702357359354     
          75  4.327626094826741E-004   2.43460319651614     
          76  4.194143765088252E-004   2.42280385025766     
          77  3.960139078111906E-004   2.34820740084730     
          78  3.726058109820764E-004   2.26711081466599     
          79  3.569586442343312E-004   2.22762811478294     
          80  3.379043265616899E-004   2.16236991545145     
          81  3.242842147162418E-004   2.12755000301532     
          82  3.032405151981504E-004   2.03904435020451     
          83  2.909279737605872E-004   2.00432832977130     
          84  2.707842332946705E-004   1.91072360225098     
          85  2.630435861747378E-004   1.90054374204041     
          86  2.492038989447458E-004   1.84331861941774     
          87  2.324075988047466E-004   1.75925437823183     
          88  2.251568003896442E-004   1.74361511470184     
          89  2.117338555395042E-004   1.67724325850432     
          90  2.031757980258062E-004   1.64593738296874     
          91  1.906518329092635E-004   1.57902224395898     
          92  1.820861103598629E-004   1.54140566502667     
          93  1.726283152158253E-004   1.49326946830502     
          94  1.634718539561968E-004   1.44448654664986     
          95  1.547542539553837E-004   1.39655083506178     
          96  1.483953581376132E-004   1.36734670502298     
          97  1.420316463210667E-004   1.33628275630043     
          98  1.370379297584423E-004   1.31622173896868     
          99  1.265044457478148E-004   1.24000367463778     
         100  1.218264482529838E-004   1.21832308020996     
         101  1.158046128885448E-004   1.18135933051628     
         102  1.103784777578996E-004   1.14845780657681     
         103  1.046758846450284E-004   1.11065992436645     
         104  9.842780982169473E-005   1.06459439488927     
         105  9.568533988835757E-005   1.05493093689753     
         106  9.014976854003800E-005   1.01299517422656     
         107  8.615827885083704E-005  0.986449245851612     
         108  8.112443953791162E-005  0.946212066541756     
         109  7.864755284157479E-005  0.934462490756236     
         110  7.399010237059953E-005  0.895403681413598     
         111  6.975661069324479E-005  0.859479811631389     
         112  6.746097256006050E-005  0.846199182219368     
         113  6.426007241448848E-005  0.820495974327049     
         114  6.134154497483039E-005  0.797233029315058     
         115  5.793829886112256E-005  0.766223559752512     
         116  5.588969750724423E-005  0.752021401845149     
         117  5.359093260757649E-005  0.733665318468553     
         118  5.032901566113250E-005  0.700827458467196     
         119  4.809338298273349E-005  0.681006733342426     
         120  4.621737175031716E-005  0.665470676635923     
         121  4.405934988182642E-005  0.645058370782005     
         122  4.202978663325625E-005  0.625591871669565     
         123  3.999456118714721E-005  0.605088432251520     
         124  3.824523993071998E-005  0.588050167400716     
         125  3.684442976487415E-005  0.575724368367933     
         126  3.450543521827064E-005  0.547845001104409     
         127  3.302612311088792E-005  0.532680383591182     
         128  3.181774921610246E-005  0.521288653137499     
         129  3.052387581710453E-005  0.507951028762030     
         130  2.910790477849414E-005  0.491945205932877     
         131  2.759998189613472E-005  0.473648921048582     
         132  2.699150681217965E-005  0.470300952812788     
         133  2.548611624887279E-005  0.450839316207432     
         134  2.453566845121553E-005  0.440585155379172     
         135  2.324370115842342E-005  0.423621291290216     
         136  2.249351303689099E-005  0.416034301942048     
         137  2.181128044736506E-005  0.409397737246271     
         138  2.059266133414754E-005  0.392193378874667     
         139  1.975466968021960E-005  0.381692933600677     
         140  1.919731167224012E-005  0.376253959522702     
         141  1.838676945935523E-005  0.365551435418463     
         142  1.780295077759634E-005  0.358989382214273     
         143  1.690705221503704E-005  0.345738024081250     
         144  1.648645710036021E-005  0.341842478438700     
         145  1.590155365949931E-005  0.334313349078719     
         146  1.538059642525582E-005  0.327853236190664     
         147  1.482419336686832E-005  0.320339047549910     
         148  1.440228232460616E-005  0.315478031267291     
         149  1.400589630068027E-005  0.310963511785333     
         150  1.352260121774738E-005  0.304285792932626     
         151  1.314471079844730E-005  0.299732397481124     
         152  1.284418402514920E-005  0.296758411404267     
         153  1.257883593293458E-005  0.294465061108772     
         154  1.235351956966188E-005  0.292990817268283     
         155  1.194115040815486E-005  0.286898520809463     
         156  1.183910516713156E-005  0.288121694000259     
         157  1.172710606254495E-005  0.289073715554559     
         158  1.149954573047042E-005  0.287091337239467     
         159  1.139503308445308E-005  0.288079524042262     
         160  1.141383228540970E-005  0.292186612194024     
         161  1.145968285941702E-005  0.297065499548274     
         162  1.137230017222611E-005  0.298474267497118     
         163  1.156577326901226E-005  0.307318607407851     
         164  1.155690317512119E-005  0.310854204608474     
         165  1.196645737943427E-005  0.325812988050139     
         166  1.209587619153319E-005  0.333339034013154     
         167  1.268701790659961E-005  0.353853204445463     
         168  1.333808071158248E-005  0.376486201789222     
         169  1.439574454440006E-005  0.411199675302232     
         170  1.640482618379374E-005  0.474199899274850     
         171  2.781861104255855E-006  8.095104339805544E-002
         172  0.000000000000000E+000  0.000000000000000E+000
         173  0.000000000000000E+000  0.000000000000000E+000
         174  0.000000000000000E+000  0.000000000000000E+000
         175  0.000000000000000E+000  0.000000000000000E+000
         176  0.000000000000000E+000  0.000000000000000E+000
         177  0.000000000000000E+000  0.000000000000000E+000
         178  0.000000000000000E+000  0.000000000000000E+000
         179  0.000000000000000E+000  0.000000000000000E+000
         180  0.000000000000000E+000  0.000000000000000E+000
         181  0.000000000000000E+000  0.000000000000000E+000
         182  0.000000000000000E+000  0.000000000000000E+000
         183  0.000000000000000E+000  0.000000000000000E+000
         184  0.000000000000000E+000  0.000000000000000E+000
         185  0.000000000000000E+000  0.000000000000000E+000
         186  0.000000000000000E+000  0.000000000000000E+000
         187  0.000000000000000E+000  0.000000000000000E+000
         188  0.000000000000000E+000  0.000000000000000E+000
         189  0.000000000000000E+000  0.000000000000000E+000
         190  0.000000000000000E+000  0.000000000000000E+000
         191  0.000000000000000E+000  0.000000000000000E+000
         192  0.000000000000000E+000  0.000000000000000E+000
         193  0.000000000000000E+000  0.000000000000000E+000
         194  0.000000000000000E+000  0.000000000000000E+000
         195  0.000000000000000E+000  0.000000000000000E+000
         196  0.000000000000000E+000  0.000000000000000E+000
         197  0.000000000000000E+000  0.000000000000000E+000
         198  0.000000000000000E+000  0.000000000000000E+000
         199  0.000000000000000E+000  0.000000000000000E+000
         200  0.000000000000000E+000  0.000000000000000E+000
         201  0.000000000000000E+000  0.000000000000000E+000
         202  0.000000000000000E+000  0.000000000000000E+000
         203  0.000000000000000E+000  0.000000000000000E+000
         204  0.000000000000000E+000  0.000000000000000E+000
         205  0.000000000000000E+000  0.000000000000000E+000
         206  0.000000000000000E+000  0.000000000000000E+000
         207  0.000000000000000E+000  0.000000000000000E+000
         208  0.000000000000000E+000  0.000000000000000E+000
         209  0.000000000000000E+000  0.000000000000000E+000
         210  0.000000000000000E+000  0.000000000000000E+000
         211  0.000000000000000E+000  0.000000000000000E+000
         212  0.000000000000000E+000  0.000000000000000E+000
         213  0.000000000000000E+000  0.000000000000000E+000
         214  0.000000000000000E+000  0.000000000000000E+000
         215  0.000000000000000E+000  0.000000000000000E+000
         216  0.000000000000000E+000  0.000000000000000E+000
         217  0.000000000000000E+000  0.000000000000000E+000
         218  0.000000000000000E+000  0.000000000000000E+000
         219  0.000000000000000E+000  0.000000000000000E+000
         220  0.000000000000000E+000  0.000000000000000E+000
         221  0.000000000000000E+000  0.000000000000000E+000
         222  0.000000000000000E+000  0.000000000000000E+000
         223  0.000000000000000E+000  0.000000000000000E+000
         224  0.000000000000000E+000  0.000000000000000E+000
         225  0.000000000000000E+000  0.000000000000000E+000
         226  0.000000000000000E+000  0.000000000000000E+000
         227  0.000000000000000E+000  0.000000000000000E+000
         228  0.000000000000000E+000  0.000000000000000E+000
         229  0.000000000000000E+000  0.000000000000000E+000
         230  0.000000000000000E+000  0.000000000000000E+000
         231  0.000000000000000E+000  0.000000000000000E+000
         232  0.000000000000000E+000  0.000000000000000E+000
         233  0.000000000000000E+000  0.000000000000000E+000
         234  0.000000000000000E+000  0.000000000000000E+000
         235  0.000000000000000E+000  0.000000000000000E+000
         236  0.000000000000000E+000  0.000000000000000E+000
         237  0.000000000000000E+000  0.000000000000000E+000
         238  0.000000000000000E+000  0.000000000000000E+000
         239  0.000000000000000E+000  0.000000000000000E+000
         240  0.000000000000000E+000  0.000000000000000E+000
         241  0.000000000000000E+000  0.000000000000000E+000
         242  0.000000000000000E+000  0.000000000000000E+000
         243  0.000000000000000E+000  0.000000000000000E+000
         244  0.000000000000000E+000  0.000000000000000E+000
         245  0.000000000000000E+000  0.000000000000000E+000
         246  0.000000000000000E+000  0.000000000000000E+000
         247  0.000000000000000E+000  0.000000000000000E+000
         248  0.000000000000000E+000  0.000000000000000E+000
         249  0.000000000000000E+000  0.000000000000000E+000
         250  0.000000000000000E+000  0.000000000000000E+000
         251  0.000000000000000E+000  0.000000000000000E+000
         252  0.000000000000000E+000  0.000000000000000E+000
         253  0.000000000000000E+000  0.000000000000000E+000
         254  0.000000000000000E+000  0.000000000000000E+000
         255  0.000000000000000E+000  0.000000000000000E+000
         256  0.000000000000000E+000  0.000000000000000E+000
         257  0.000000000000000E+000  0.000000000000000E+000
         258  0.000000000000000E+000  0.000000000000000E+000
         259  0.000000000000000E+000  0.000000000000000E+000
         260  0.000000000000000E+000  0.000000000000000E+000
         261  0.000000000000000E+000  0.000000000000000E+000
         262  0.000000000000000E+000  0.000000000000000E+000
         263  0.000000000000000E+000  0.000000000000000E+000
         264  0.000000000000000E+000  0.000000000000000E+000
         265  0.000000000000000E+000  0.000000000000000E+000
         266  0.000000000000000E+000  0.000000000000000E+000
         267  0.000000000000000E+000  0.000000000000000E+000
         268  0.000000000000000E+000  0.000000000000000E+000
         269  0.000000000000000E+000  0.000000000000000E+000
         270  0.000000000000000E+000  0.000000000000000E+000
         271  0.000000000000000E+000  0.000000000000000E+000
         272  0.000000000000000E+000  0.000000000000000E+000
         273  0.000000000000000E+000  0.000000000000000E+000
         274  0.000000000000000E+000  0.000000000000000E+000
         275  0.000000000000000E+000  0.000000000000000E+000
         276  0.000000000000000E+000  0.000000000000000E+000
         277  0.000000000000000E+000  0.000000000000000E+000
         278  0.000000000000000E+000  0.000000000000000E+000
         279  0.000000000000000E+000  0.000000000000000E+000
         280  0.000000000000000E+000  0.000000000000000E+000
         281  0.000000000000000E+000  0.000000000000000E+000
         282  0.000000000000000E+000  0.000000000000000E+000
         283  0.000000000000000E+000  0.000000000000000E+000
         284  0.000000000000000E+000  0.000000000000000E+000
         285  0.000000000000000E+000  0.000000000000000E+000
         286  0.000000000000000E+000  0.000000000000000E+000
         287  0.000000000000000E+000  0.000000000000000E+000
         288  0.000000000000000E+000  0.000000000000000E+000
         289  0.000000000000000E+000  0.000000000000000E+000
         290  0.000000000000000E+000  0.000000000000000E+000
         291  0.000000000000000E+000  0.000000000000000E+000
         292  0.000000000000000E+000  0.000000000000000E+000
         293  0.000000000000000E+000  0.000000000000000E+000
         294  0.000000000000000E+000  0.000000000000000E+000
         295  0.000000000000000E+000  0.000000000000000E+000
         296  0.000000000000000E+000  0.000000000000000E+000
         297  0.000000000000000E+000  0.000000000000000E+000
         298  0.000000000000000E+000  0.000000000000000E+000
         299  0.000000000000000E+000  0.000000000000000E+000
         300  0.000000000000000E+000  0.000000000000000E+000
         301  0.000000000000000E+000  0.000000000000000E+000
         302  0.000000000000000E+000  0.000000000000000E+000
         303  0.000000000000000E+000  0.000000000000000E+000
         304  0.000000000000000E+000  0.000000000000000E+000
         305  0.000000000000000E+000  0.000000000000000E+000
         306  0.000000000000000E+000  0.000000000000000E+000
         307  0.000000000000000E+000  0.000000000000000E+000
         308  0.000000000000000E+000  0.000000000000000E+000
         309  0.000000000000000E+000  0.000000000000000E+000
         310  0.000000000000000E+000  0.000000000000000E+000
         311  0.000000000000000E+000  0.000000000000000E+000
         312  0.000000000000000E+000  0.000000000000000E+000
         313  0.000000000000000E+000  0.000000000000000E+000
         314  0.000000000000000E+000  0.000000000000000E+000
         315  0.000000000000000E+000  0.000000000000000E+000
         316  0.000000000000000E+000  0.000000000000000E+000
         317  0.000000000000000E+000  0.000000000000000E+000
         318  0.000000000000000E+000  0.000000000000000E+000
         319  0.000000000000000E+000  0.000000000000000E+000
         320  0.000000000000000E+000  0.000000000000000E+000
         321  0.000000000000000E+000  0.000000000000000E+000
         322  0.000000000000000E+000  0.000000000000000E+000
         323  0.000000000000000E+000  0.000000000000000E+000
         324  0.000000000000000E+000  0.000000000000000E+000
         325  0.000000000000000E+000  0.000000000000000E+000
         326  0.000000000000000E+000  0.000000000000000E+000
         327  0.000000000000000E+000  0.000000000000000E+000
         328  0.000000000000000E+000  0.000000000000000E+000
         329  0.000000000000000E+000  0.000000000000000E+000
         330  0.000000000000000E+000  0.000000000000000E+000
         331  0.000000000000000E+000  0.000000000000000E+000
         332  0.000000000000000E+000  0.000000000000000E+000
         333  0.000000000000000E+000  0.000000000000000E+000
         334  0.000000000000000E+000  0.000000000000000E+000
         335  0.000000000000000E+000  0.000000000000000E+000
         336  0.000000000000000E+000  0.000000000000000E+000
         337  0.000000000000000E+000  0.000000000000000E+000
         338  0.000000000000000E+000  0.000000000000000E+000
         339  0.000000000000000E+000  0.000000000000000E+000
         340  0.000000000000000E+000  0.000000000000000E+000
         341  0.000000000000000E+000  0.000000000000000E+000
         342  0.000000000000000E+000  0.000000000000000E+000
         343  0.000000000000000E+000  0.000000000000000E+000
         344  0.000000000000000E+000  0.000000000000000E+000
         345  0.000000000000000E+000  0.000000000000000E+000
         346  0.000000000000000E+000  0.000000000000000E+000
         347  0.000000000000000E+000  0.000000000000000E+000
         348  0.000000000000000E+000  0.000000000000000E+000
         349  0.000000000000000E+000  0.000000000000000E+000
         350  0.000000000000000E+000  0.000000000000000E+000
         351  0.000000000000000E+000  0.000000000000000E+000
         352  0.000000000000000E+000  0.000000000000000E+000
         353  0.000000000000000E+000  0.000000000000000E+000
         354  0.000000000000000E+000  0.000000000000000E+000
         355  0.000000000000000E+000  0.000000000000000E+000
         356  0.000000000000000E+000  0.000000000000000E+000
         357  0.000000000000000E+000  0.000000000000000E+000
         358  0.000000000000000E+000  0.000000000000000E+000
         359  0.000000000000000E+000  0.000000000000000E+000
         360  0.000000000000000E+000  0.000000000000000E+000
         361  0.000000000000000E+000  0.000000000000000E+000
         362  0.000000000000000E+000  0.000000000000000E+000
         363  0.000000000000000E+000  0.000000000000000E+000
         364  0.000000000000000E+000  0.000000000000000E+000
         365  0.000000000000000E+000  0.000000000000000E+000
         366  0.000000000000000E+000  0.000000000000000E+000
         367  0.000000000000000E+000  0.000000000000000E+000
         368  0.000000000000000E+000  0.000000000000000E+000
         369  0.000000000000000E+000  0.000000000000000E+000
         370  0.000000000000000E+000  0.000000000000000E+000
         371  0.000000000000000E+000  0.000000000000000E+000
         372  0.000000000000000E+000  0.000000000000000E+000
         373  0.000000000000000E+000  0.000000000000000E+000
         374  0.000000000000000E+000  0.000000000000000E+000
         375  0.000000000000000E+000  0.000000000000000E+000
         376  0.000000000000000E+000  0.000000000000000E+000
         377  0.000000000000000E+000  0.000000000000000E+000
         378  0.000000000000000E+000  0.000000000000000E+000
         379  0.000000000000000E+000  0.000000000000000E+000
         380  0.000000000000000E+000  0.000000000000000E+000
         381  0.000000000000000E+000  0.000000000000000E+000
         382  0.000000000000000E+000  0.000000000000000E+000
         383  0.000000000000000E+000  0.000000000000000E+000
         384  0.000000000000000E+000  0.000000000000000E+000
         385  0.000000000000000E+000  0.000000000000000E+000
         386  0.000000000000000E+000  0.000000000000000E+000
         387  0.000000000000000E+000  0.000000000000000E+000
         388  0.000000000000000E+000  0.000000000000000E+000
         389  0.000000000000000E+000  0.000000000000000E+000
         390  0.000000000000000E+000  0.000000000000000E+000
         391  0.000000000000000E+000  0.000000000000000E+000
         392  0.000000000000000E+000  0.000000000000000E+000
         393  0.000000000000000E+000  0.000000000000000E+000
         394  0.000000000000000E+000  0.000000000000000E+000
         395  0.000000000000000E+000  0.000000000000000E+000
         396  0.000000000000000E+000  0.000000000000000E+000
         397  0.000000000000000E+000  0.000000000000000E+000
         398  0.000000000000000E+000  0.000000000000000E+000
         399  0.000000000000000E+000  0.000000000000000E+000
         400  0.000000000000000E+000  0.000000000000000E+000
         401  0.000000000000000E+000  0.000000000000000E+000
         402  0.000000000000000E+000  0.000000000000000E+000
         403  0.000000000000000E+000  0.000000000000000E+000
         404  0.000000000000000E+000  0.000000000000000E+000
         405  0.000000000000000E+000  0.000000000000000E+000
         406  0.000000000000000E+000  0.000000000000000E+000
         407  0.000000000000000E+000  0.000000000000000E+000
         408  0.000000000000000E+000  0.000000000000000E+000
         409  0.000000000000000E+000  0.000000000000000E+000
         410  0.000000000000000E+000  0.000000000000000E+000
         411  0.000000000000000E+000  0.000000000000000E+000
         412  0.000000000000000E+000  0.000000000000000E+000
         413  0.000000000000000E+000  0.000000000000000E+000
         414  0.000000000000000E+000  0.000000000000000E+000
         415  0.000000000000000E+000  0.000000000000000E+000
         416  0.000000000000000E+000  0.000000000000000E+000
         417  0.000000000000000E+000  0.000000000000000E+000
         418  0.000000000000000E+000  0.000000000000000E+000
         419  0.000000000000000E+000  0.000000000000000E+000
         420  0.000000000000000E+000  0.000000000000000E+000
         421  0.000000000000000E+000  0.000000000000000E+000
         422  0.000000000000000E+000  0.000000000000000E+000
         423  0.000000000000000E+000  0.000000000000000E+000
         424  0.000000000000000E+000  0.000000000000000E+000
         425  0.000000000000000E+000  0.000000000000000E+000
         426  0.000000000000000E+000  0.000000000000000E+000
         427  0.000000000000000E+000  0.000000000000000E+000
         428  0.000000000000000E+000  0.000000000000000E+000
         429  0.000000000000000E+000  0.000000000000000E+000
         430  0.000000000000000E+000  0.000000000000000E+000
         431  0.000000000000000E+000  0.000000000000000E+000
         432  0.000000000000000E+000  0.000000000000000E+000
         433  0.000000000000000E+000  0.000000000000000E+000
         434  0.000000000000000E+000  0.000000000000000E+000
         435  0.000000000000000E+000  0.000000000000000E+000
         436  0.000000000000000E+000  0.000000000000000E+000
         437  0.000000000000000E+000  0.000000000000000E+000
         438  0.000000000000000E+000  0.000000000000000E+000
         439  0.000000000000000E+000  0.000000000000000E+000
         440  0.000000000000000E+000  0.000000000000000E+000
         441  0.000000000000000E+000  0.000000000000000E+000
         442  0.000000000000000E+000  0.000000000000000E+000
         443  0.000000000000000E+000  0.000000000000000E+000
         444  0.000000000000000E+000  0.000000000000000E+000
