           0  0.000000000000000E+000  0.000000000000000E+000
           1   1.23673302588772        1.43710457966433     
           2  0.669959406258039        3.26179723083615     
           3  0.219288762918936        2.10634787841171     
           4  0.187298601607246        2.99488016823664     
           5  0.129280677434299        3.28629289047753     
           6  9.075291886022367E-002   3.36453913342437     
           7  7.062140604959091E-002   3.48391274768725     
           8  5.584245556202764E-002   3.57440304668531     
           9  5.638407911949705E-002   4.59656636354988     
          10  4.099723876637833E-002   4.15668266623237     
          11  3.424622487280927E-002   4.16680549072599     
          12  3.105320717477092E-002   4.48278421543174     
          13  2.966769413246979E-002   5.02567738900006     
          14  2.605705411552462E-002   5.13256089839033     
          15  2.175872098730614E-002   4.89847223561839     
          16  2.177641982344931E-002   5.55597297421719     
          17  1.981231172413585E-002   5.74091396736382     
          18  1.737920505596927E-002   5.65353886142940     
          19  1.516753863765557E-002   5.48864036000219     
          20  1.406952486926475E-002   5.62920519797609     
          21  1.313448678115531E-002   5.80327367847231     
          22  1.220924069929845E-002   5.92038043650177     
          23  1.105566842520672E-002   5.85185167621784     
          24  1.022230144176115E-002   5.88493052904494     
          25  9.591130095995321E-003   5.99464922995775     
          26  8.934639182995807E-003   6.04361267398039     
          27  7.955960817723474E-003   5.80677465929607     
          28  7.449200107017033E-003   5.84764421488754     
          29  6.808072546067200E-003   5.73513719226209     
          30  6.370689232690003E-003   5.73887626862097     
          31  5.980414440250615E-003   5.75167588246925     
          32  5.442935559603317E-003   5.57265021941960     
          33  5.209952048759939E-003   5.67145247862647     
          34  4.923839636883059E-003   5.69409634875097     
          35  4.434263484994012E-003   5.43409610533450     
          36  4.236465659700430E-003   5.49244474775868     
          37  3.886465754164415E-003   5.32370457077195     
          38  3.682600041517432E-003   5.32127634340619     
          39  3.370354893860725E-003   5.12614897704198     
          40  3.265435624925228E-003   5.22408033795833     
          41  3.069428110503477E-003   5.16105095588003     
          42  2.821986683002498E-003   4.98004895652026     
          43  2.679800757755448E-003   4.95785225507593     
          44  2.470571417889672E-003   4.78466890666637     
          45  2.392145369366269E-003   4.84639872392665     
          46  2.154663205652142E-003   4.56090903785299     
          47  2.039989090818244E-003   4.50617675304327     
          48  1.958115820882548E-003   4.50943342689574     
          49  1.847545780223803E-003   4.43586816175818     
          50  1.747529464600953E-003   4.37051717490115     
          51  1.598272180685421E-003   4.15857413872935     
          52  1.520201204426866E-003   4.11173751640068     
          53  1.451224715155498E-003   4.07819334014472     
          54  1.332757790640150E-003   3.88732605903947     
          55  1.275693499331459E-003   3.85931271982307     
          56  1.218669185177523E-003   3.82114827521896     
          57  1.161712018368998E-003   3.77472176170185     
          58  1.070661311425618E-003   3.60264971350246     
          59  1.009430896229605E-003   3.51404723198769     
          60  9.673608476602953E-004   3.48289380931138     
          61  9.051969389406184E-004   3.36913736631778     
          62  8.566975227269124E-004   3.29398999740141     
          63  7.921985561941953E-004   3.14432408806394     
          64  7.681012984590772E-004   3.14540143470961     
          65  7.385031856176467E-004   3.12034070396406     
          66  6.787620480963693E-004   2.95702644076344     
          67  6.521341555088389E-004   2.92797477924589     
          68  6.017653333993416E-004   2.78315229907412     
          69  5.844218681081629E-004   2.78290836583039     
          70  5.406011492862790E-004   2.64946984700958     
          71  5.073844466428481E-004   2.55772317490996     
          72  4.951376204486566E-004   2.56663341859704     
          73  4.636367239426513E-004   2.47066887215816     
          74  4.445710911788793E-004   2.43474005553446     
          75  4.108394486892728E-004   2.31123539963034     
          76  3.962682419581191E-004   2.28900896240430     
          77  3.758712760820035E-004   2.22887647104064     
          78  3.496480284422433E-004   2.12750732314707     
          79  3.378474107922436E-004   2.10835191934285     
          80  3.163856822557276E-004   2.02469095541336     
          81  3.037808695324897E-004   1.99300803430289     
          82  2.869979740846144E-004   1.92988021141454     
          83  2.702863394734000E-004   1.86214132053902     
          84  2.547598294689997E-004   1.79771248462578     
          85  2.452755226791612E-004   1.77217155382866     
          86  2.336952904852998E-004   1.72866065166501     
          87  2.192349854014230E-004   1.65953198649809     
          88  2.096302871930486E-004   1.62338275374215     
          89  1.988639210521043E-004   1.57522118867604     
          90  1.897445067023226E-004   1.53712687686741     
          91  1.785721785731101E-004   1.47903797418069     
          92  1.699199903527013E-004   1.43835629765266     
          93  1.604776381338212E-004   1.38816163929595     
          94  1.523631309678265E-004   1.34636803167729     
          95  1.436356854660947E-004   1.29622639222300     
          96  1.372259300691480E-004   1.26445589386854     
          97  1.319090973237920E-004   1.24099939636557     
          98  1.262628626131467E-004   1.21272525844851     
          99  1.177271540882172E-004   1.15398324360965     
         100  1.133077822154179E-004   1.13314190197377     
         101  1.070892393101983E-004   1.09246745803231     
         102  1.023187008270454E-004   1.06464770953391     
         103  9.686947840634017E-005   1.02782029694733     
         104  9.064729542958752E-005  0.980410535654559     
         105  8.838055527849939E-005  0.974357950972131     
         106  8.283999377365248E-005  0.930866860858457     
         107  7.891733749052739E-005  0.903550335536111     
         108  7.507383396122540E-005  0.875638094024415     
         109  7.233708598037940E-005  0.859474576605954     
         110  6.807023917855114E-005  0.823743325178000     
         111  6.465967814076048E-005  0.796672479718614     
         112  6.224170204546669E-005  0.780712764683115     
         113  5.913431979391847E-005  0.755054701876909     
         114  5.627700938099924E-005  0.731402174357266     
         115  5.324747168314706E-005  0.704208319090953     
         116  5.128745615993210E-005  0.690115637270913     
         117  4.883626088959994E-005  0.668562315444262     
         118  4.578462447030227E-005  0.637547724352855     
         119  4.368803291591884E-005  0.618628350149071     
         120  4.210944544431099E-005  0.606335970549614     
         121  4.013430987107358E-005  0.587605999917741     
         122  3.833197853608073E-005  0.570541292466934     
         123  3.641412645067991E-005  0.550927385348888     
         124  3.459549231604754E-005  0.531945215676914     
         125  3.351767626225583E-005  0.523736252689449     
         126  3.146912136378085E-005  0.499621781133737     
         127  3.012498306191294E-005  0.485876531669895     
         128  2.892265522577542E-005  0.473852384829150     
         129  2.779254075477698E-005  0.462495441277858     
         130  2.647716641360514E-005  0.447486132037859     
         131  2.507738578217854E-005  0.430353572940134     
         132  2.431206039170731E-005  0.423617627500687     
         133  2.300647960526079E-005  0.406973808791738     
         134  2.211610386166696E-005  0.397131066344387     
         135  2.101560777833352E-005  0.383010191998059     
         136  2.029998076903845E-005  0.375455592655884     
         137  1.956101708659737E-005  0.367164022784524     
         138  1.859218828292402E-005  0.354091711691528     
         139  1.779382200477231E-005  0.343797071111259     
         140  1.723079138310622E-005  0.337717741714154     
         141  1.647855616274838E-005  0.327617146929730     
         142  1.589962027198443E-005  0.320612568982368     
         143  1.504906485363976E-005  0.307738138350905     
         144  1.470798653075630E-005  0.304963291456924     
         145  1.423174287755791E-005  0.299207101557069     
         146  1.371413184457763E-005  0.292328836285777     
         147  1.320863334514334E-005  0.285433324569473     
         148  1.279193928532862E-005  0.280201989691087     
         149  1.242338539734357E-005  0.275831930533751     
         150  1.205422457305068E-005  0.271242620060294     
         151  1.164661063295846E-005  0.265563293815073     
         152  1.134911663968045E-005  0.262211902641420     
         153  1.108624129955252E-005  0.259522115637371     
         154  1.088211391036060E-005  0.258094100896737     
         155  1.061401505133322E-005  0.255014542570606     
         156  1.048860951335188E-005  0.255256036377370     
         157  1.032120879647319E-005  0.254417748254670     
         158  1.013273443519703E-005  0.252969844075739     
         159  1.006869377318163E-005  0.254547964935558     
         160  1.000860137209953E-005  0.256214443157234     
         161  1.006648066896255E-005  0.260946638260585     
         162  9.942375673288560E-006  0.260944952273551     
         163  1.016335635665999E-005  0.270053851884431     
         164  1.012720385542892E-005  0.272398165540161     
         165  1.048236926791753E-005  0.285404919439998     
         166  1.058794782098786E-005  0.291785470350792     
         167  1.112016734991359E-005  0.310149946939570     
         168  1.165959880025676E-005  0.329106162346735     
         169  1.253885174109667E-005  0.358155664554121     
         170  1.439395208073145E-005  0.416083817709960     
         171  2.469075314026669E-006  7.184954850442909E-002
         172  0.000000000000000E+000  0.000000000000000E+000
         173  0.000000000000000E+000  0.000000000000000E+000
         174  0.000000000000000E+000  0.000000000000000E+000
         175  0.000000000000000E+000  0.000000000000000E+000
         176  0.000000000000000E+000  0.000000000000000E+000
         177  0.000000000000000E+000  0.000000000000000E+000
         178  0.000000000000000E+000  0.000000000000000E+000
         179  0.000000000000000E+000  0.000000000000000E+000
         180  0.000000000000000E+000  0.000000000000000E+000
         181  0.000000000000000E+000  0.000000000000000E+000
         182  0.000000000000000E+000  0.000000000000000E+000
         183  0.000000000000000E+000  0.000000000000000E+000
         184  0.000000000000000E+000  0.000000000000000E+000
         185  0.000000000000000E+000  0.000000000000000E+000
         186  0.000000000000000E+000  0.000000000000000E+000
         187  0.000000000000000E+000  0.000000000000000E+000
         188  0.000000000000000E+000  0.000000000000000E+000
         189  0.000000000000000E+000  0.000000000000000E+000
         190  0.000000000000000E+000  0.000000000000000E+000
         191  0.000000000000000E+000  0.000000000000000E+000
         192  0.000000000000000E+000  0.000000000000000E+000
         193  0.000000000000000E+000  0.000000000000000E+000
         194  0.000000000000000E+000  0.000000000000000E+000
         195  0.000000000000000E+000  0.000000000000000E+000
         196  0.000000000000000E+000  0.000000000000000E+000
         197  0.000000000000000E+000  0.000000000000000E+000
         198  0.000000000000000E+000  0.000000000000000E+000
         199  0.000000000000000E+000  0.000000000000000E+000
         200  0.000000000000000E+000  0.000000000000000E+000
         201  0.000000000000000E+000  0.000000000000000E+000
         202  0.000000000000000E+000  0.000000000000000E+000
         203  0.000000000000000E+000  0.000000000000000E+000
         204  0.000000000000000E+000  0.000000000000000E+000
         205  0.000000000000000E+000  0.000000000000000E+000
         206  0.000000000000000E+000  0.000000000000000E+000
         207  0.000000000000000E+000  0.000000000000000E+000
         208  0.000000000000000E+000  0.000000000000000E+000
         209  0.000000000000000E+000  0.000000000000000E+000
         210  0.000000000000000E+000  0.000000000000000E+000
         211  0.000000000000000E+000  0.000000000000000E+000
         212  0.000000000000000E+000  0.000000000000000E+000
         213  0.000000000000000E+000  0.000000000000000E+000
         214  0.000000000000000E+000  0.000000000000000E+000
         215  0.000000000000000E+000  0.000000000000000E+000
         216  0.000000000000000E+000  0.000000000000000E+000
         217  0.000000000000000E+000  0.000000000000000E+000
         218  0.000000000000000E+000  0.000000000000000E+000
         219  0.000000000000000E+000  0.000000000000000E+000
         220  0.000000000000000E+000  0.000000000000000E+000
         221  0.000000000000000E+000  0.000000000000000E+000
         222  0.000000000000000E+000  0.000000000000000E+000
         223  0.000000000000000E+000  0.000000000000000E+000
         224  0.000000000000000E+000  0.000000000000000E+000
         225  0.000000000000000E+000  0.000000000000000E+000
         226  0.000000000000000E+000  0.000000000000000E+000
         227  0.000000000000000E+000  0.000000000000000E+000
         228  0.000000000000000E+000  0.000000000000000E+000
         229  0.000000000000000E+000  0.000000000000000E+000
         230  0.000000000000000E+000  0.000000000000000E+000
         231  0.000000000000000E+000  0.000000000000000E+000
         232  0.000000000000000E+000  0.000000000000000E+000
         233  0.000000000000000E+000  0.000000000000000E+000
         234  0.000000000000000E+000  0.000000000000000E+000
         235  0.000000000000000E+000  0.000000000000000E+000
         236  0.000000000000000E+000  0.000000000000000E+000
         237  0.000000000000000E+000  0.000000000000000E+000
         238  0.000000000000000E+000  0.000000000000000E+000
         239  0.000000000000000E+000  0.000000000000000E+000
         240  0.000000000000000E+000  0.000000000000000E+000
         241  0.000000000000000E+000  0.000000000000000E+000
         242  0.000000000000000E+000  0.000000000000000E+000
         243  0.000000000000000E+000  0.000000000000000E+000
         244  0.000000000000000E+000  0.000000000000000E+000
         245  0.000000000000000E+000  0.000000000000000E+000
         246  0.000000000000000E+000  0.000000000000000E+000
         247  0.000000000000000E+000  0.000000000000000E+000
         248  0.000000000000000E+000  0.000000000000000E+000
         249  0.000000000000000E+000  0.000000000000000E+000
         250  0.000000000000000E+000  0.000000000000000E+000
         251  0.000000000000000E+000  0.000000000000000E+000
         252  0.000000000000000E+000  0.000000000000000E+000
         253  0.000000000000000E+000  0.000000000000000E+000
         254  0.000000000000000E+000  0.000000000000000E+000
         255  0.000000000000000E+000  0.000000000000000E+000
         256  0.000000000000000E+000  0.000000000000000E+000
         257  0.000000000000000E+000  0.000000000000000E+000
         258  0.000000000000000E+000  0.000000000000000E+000
         259  0.000000000000000E+000  0.000000000000000E+000
         260  0.000000000000000E+000  0.000000000000000E+000
         261  0.000000000000000E+000  0.000000000000000E+000
         262  0.000000000000000E+000  0.000000000000000E+000
         263  0.000000000000000E+000  0.000000000000000E+000
         264  0.000000000000000E+000  0.000000000000000E+000
         265  0.000000000000000E+000  0.000000000000000E+000
         266  0.000000000000000E+000  0.000000000000000E+000
         267  0.000000000000000E+000  0.000000000000000E+000
         268  0.000000000000000E+000  0.000000000000000E+000
         269  0.000000000000000E+000  0.000000000000000E+000
         270  0.000000000000000E+000  0.000000000000000E+000
         271  0.000000000000000E+000  0.000000000000000E+000
         272  0.000000000000000E+000  0.000000000000000E+000
         273  0.000000000000000E+000  0.000000000000000E+000
         274  0.000000000000000E+000  0.000000000000000E+000
         275  0.000000000000000E+000  0.000000000000000E+000
         276  0.000000000000000E+000  0.000000000000000E+000
         277  0.000000000000000E+000  0.000000000000000E+000
         278  0.000000000000000E+000  0.000000000000000E+000
         279  0.000000000000000E+000  0.000000000000000E+000
         280  0.000000000000000E+000  0.000000000000000E+000
         281  0.000000000000000E+000  0.000000000000000E+000
         282  0.000000000000000E+000  0.000000000000000E+000
         283  0.000000000000000E+000  0.000000000000000E+000
         284  0.000000000000000E+000  0.000000000000000E+000
         285  0.000000000000000E+000  0.000000000000000E+000
         286  0.000000000000000E+000  0.000000000000000E+000
         287  0.000000000000000E+000  0.000000000000000E+000
         288  0.000000000000000E+000  0.000000000000000E+000
         289  0.000000000000000E+000  0.000000000000000E+000
         290  0.000000000000000E+000  0.000000000000000E+000
         291  0.000000000000000E+000  0.000000000000000E+000
         292  0.000000000000000E+000  0.000000000000000E+000
         293  0.000000000000000E+000  0.000000000000000E+000
         294  0.000000000000000E+000  0.000000000000000E+000
         295  0.000000000000000E+000  0.000000000000000E+000
         296  0.000000000000000E+000  0.000000000000000E+000
         297  0.000000000000000E+000  0.000000000000000E+000
         298  0.000000000000000E+000  0.000000000000000E+000
         299  0.000000000000000E+000  0.000000000000000E+000
         300  0.000000000000000E+000  0.000000000000000E+000
         301  0.000000000000000E+000  0.000000000000000E+000
         302  0.000000000000000E+000  0.000000000000000E+000
         303  0.000000000000000E+000  0.000000000000000E+000
         304  0.000000000000000E+000  0.000000000000000E+000
         305  0.000000000000000E+000  0.000000000000000E+000
         306  0.000000000000000E+000  0.000000000000000E+000
         307  0.000000000000000E+000  0.000000000000000E+000
         308  0.000000000000000E+000  0.000000000000000E+000
         309  0.000000000000000E+000  0.000000000000000E+000
         310  0.000000000000000E+000  0.000000000000000E+000
         311  0.000000000000000E+000  0.000000000000000E+000
         312  0.000000000000000E+000  0.000000000000000E+000
         313  0.000000000000000E+000  0.000000000000000E+000
         314  0.000000000000000E+000  0.000000000000000E+000
         315  0.000000000000000E+000  0.000000000000000E+000
         316  0.000000000000000E+000  0.000000000000000E+000
         317  0.000000000000000E+000  0.000000000000000E+000
         318  0.000000000000000E+000  0.000000000000000E+000
         319  0.000000000000000E+000  0.000000000000000E+000
         320  0.000000000000000E+000  0.000000000000000E+000
         321  0.000000000000000E+000  0.000000000000000E+000
         322  0.000000000000000E+000  0.000000000000000E+000
         323  0.000000000000000E+000  0.000000000000000E+000
         324  0.000000000000000E+000  0.000000000000000E+000
         325  0.000000000000000E+000  0.000000000000000E+000
         326  0.000000000000000E+000  0.000000000000000E+000
         327  0.000000000000000E+000  0.000000000000000E+000
         328  0.000000000000000E+000  0.000000000000000E+000
         329  0.000000000000000E+000  0.000000000000000E+000
         330  0.000000000000000E+000  0.000000000000000E+000
         331  0.000000000000000E+000  0.000000000000000E+000
         332  0.000000000000000E+000  0.000000000000000E+000
         333  0.000000000000000E+000  0.000000000000000E+000
         334  0.000000000000000E+000  0.000000000000000E+000
         335  0.000000000000000E+000  0.000000000000000E+000
         336  0.000000000000000E+000  0.000000000000000E+000
         337  0.000000000000000E+000  0.000000000000000E+000
         338  0.000000000000000E+000  0.000000000000000E+000
         339  0.000000000000000E+000  0.000000000000000E+000
         340  0.000000000000000E+000  0.000000000000000E+000
         341  0.000000000000000E+000  0.000000000000000E+000
         342  0.000000000000000E+000  0.000000000000000E+000
         343  0.000000000000000E+000  0.000000000000000E+000
         344  0.000000000000000E+000  0.000000000000000E+000
         345  0.000000000000000E+000  0.000000000000000E+000
         346  0.000000000000000E+000  0.000000000000000E+000
         347  0.000000000000000E+000  0.000000000000000E+000
         348  0.000000000000000E+000  0.000000000000000E+000
         349  0.000000000000000E+000  0.000000000000000E+000
         350  0.000000000000000E+000  0.000000000000000E+000
         351  0.000000000000000E+000  0.000000000000000E+000
         352  0.000000000000000E+000  0.000000000000000E+000
         353  0.000000000000000E+000  0.000000000000000E+000
         354  0.000000000000000E+000  0.000000000000000E+000
         355  0.000000000000000E+000  0.000000000000000E+000
         356  0.000000000000000E+000  0.000000000000000E+000
         357  0.000000000000000E+000  0.000000000000000E+000
         358  0.000000000000000E+000  0.000000000000000E+000
         359  0.000000000000000E+000  0.000000000000000E+000
         360  0.000000000000000E+000  0.000000000000000E+000
         361  0.000000000000000E+000  0.000000000000000E+000
         362  0.000000000000000E+000  0.000000000000000E+000
         363  0.000000000000000E+000  0.000000000000000E+000
         364  0.000000000000000E+000  0.000000000000000E+000
         365  0.000000000000000E+000  0.000000000000000E+000
         366  0.000000000000000E+000  0.000000000000000E+000
         367  0.000000000000000E+000  0.000000000000000E+000
         368  0.000000000000000E+000  0.000000000000000E+000
         369  0.000000000000000E+000  0.000000000000000E+000
         370  0.000000000000000E+000  0.000000000000000E+000
         371  0.000000000000000E+000  0.000000000000000E+000
         372  0.000000000000000E+000  0.000000000000000E+000
         373  0.000000000000000E+000  0.000000000000000E+000
         374  0.000000000000000E+000  0.000000000000000E+000
         375  0.000000000000000E+000  0.000000000000000E+000
         376  0.000000000000000E+000  0.000000000000000E+000
         377  0.000000000000000E+000  0.000000000000000E+000
         378  0.000000000000000E+000  0.000000000000000E+000
         379  0.000000000000000E+000  0.000000000000000E+000
         380  0.000000000000000E+000  0.000000000000000E+000
         381  0.000000000000000E+000  0.000000000000000E+000
         382  0.000000000000000E+000  0.000000000000000E+000
         383  0.000000000000000E+000  0.000000000000000E+000
         384  0.000000000000000E+000  0.000000000000000E+000
         385  0.000000000000000E+000  0.000000000000000E+000
         386  0.000000000000000E+000  0.000000000000000E+000
         387  0.000000000000000E+000  0.000000000000000E+000
         388  0.000000000000000E+000  0.000000000000000E+000
         389  0.000000000000000E+000  0.000000000000000E+000
         390  0.000000000000000E+000  0.000000000000000E+000
         391  0.000000000000000E+000  0.000000000000000E+000
         392  0.000000000000000E+000  0.000000000000000E+000
         393  0.000000000000000E+000  0.000000000000000E+000
         394  0.000000000000000E+000  0.000000000000000E+000
         395  0.000000000000000E+000  0.000000000000000E+000
         396  0.000000000000000E+000  0.000000000000000E+000
         397  0.000000000000000E+000  0.000000000000000E+000
         398  0.000000000000000E+000  0.000000000000000E+000
         399  0.000000000000000E+000  0.000000000000000E+000
         400  0.000000000000000E+000  0.000000000000000E+000
         401  0.000000000000000E+000  0.000000000000000E+000
         402  0.000000000000000E+000  0.000000000000000E+000
         403  0.000000000000000E+000  0.000000000000000E+000
         404  0.000000000000000E+000  0.000000000000000E+000
         405  0.000000000000000E+000  0.000000000000000E+000
         406  0.000000000000000E+000  0.000000000000000E+000
         407  0.000000000000000E+000  0.000000000000000E+000
         408  0.000000000000000E+000  0.000000000000000E+000
         409  0.000000000000000E+000  0.000000000000000E+000
         410  0.000000000000000E+000  0.000000000000000E+000
         411  0.000000000000000E+000  0.000000000000000E+000
         412  0.000000000000000E+000  0.000000000000000E+000
         413  0.000000000000000E+000  0.000000000000000E+000
         414  0.000000000000000E+000  0.000000000000000E+000
         415  0.000000000000000E+000  0.000000000000000E+000
         416  0.000000000000000E+000  0.000000000000000E+000
         417  0.000000000000000E+000  0.000000000000000E+000
         418  0.000000000000000E+000  0.000000000000000E+000
         419  0.000000000000000E+000  0.000000000000000E+000
         420  0.000000000000000E+000  0.000000000000000E+000
         421  0.000000000000000E+000  0.000000000000000E+000
         422  0.000000000000000E+000  0.000000000000000E+000
         423  0.000000000000000E+000  0.000000000000000E+000
         424  0.000000000000000E+000  0.000000000000000E+000
         425  0.000000000000000E+000  0.000000000000000E+000
         426  0.000000000000000E+000  0.000000000000000E+000
         427  0.000000000000000E+000  0.000000000000000E+000
         428  0.000000000000000E+000  0.000000000000000E+000
         429  0.000000000000000E+000  0.000000000000000E+000
         430  0.000000000000000E+000  0.000000000000000E+000
         431  0.000000000000000E+000  0.000000000000000E+000
         432  0.000000000000000E+000  0.000000000000000E+000
         433  0.000000000000000E+000  0.000000000000000E+000
         434  0.000000000000000E+000  0.000000000000000E+000
         435  0.000000000000000E+000  0.000000000000000E+000
         436  0.000000000000000E+000  0.000000000000000E+000
         437  0.000000000000000E+000  0.000000000000000E+000
         438  0.000000000000000E+000  0.000000000000000E+000
         439  0.000000000000000E+000  0.000000000000000E+000
         440  0.000000000000000E+000  0.000000000000000E+000
         441  0.000000000000000E+000  0.000000000000000E+000
         442  0.000000000000000E+000  0.000000000000000E+000
         443  0.000000000000000E+000  0.000000000000000E+000
         444  0.000000000000000E+000  0.000000000000000E+000
