0.000000000000000000e+00 2.365153965592884956e-06 0.000000000000000000e+00 0.000000000000000000e+00 0.000000000000000000e+00 0.000000000000000000e+00 -9.861289220866851306e-19 0.000000000000000000e+00
1.000000000000000000e+00 1.995504901420525057e-02 -4.630097934956088038e-05 -1.913456656150039912e-03 0.000000000000000000e+00 0.000000000000000000e+00 -1.686218519199909893e-01 0.000000000000000000e+00
2.000000000000000000e+00 1.054906618628175495e-02 -5.868290601309496328e-05 -9.160282525447367968e-05 0.000000000000000000e+00 0.000000000000000000e+00 -9.186152744105293163e-18 0.000000000000000000e+00
3.000000000000000000e+00 3.365604695502736905e-03 -4.309757997745049637e-05 4.213514469090188776e-05 0.000000000000000000e+00 0.000000000000000000e+00 2.566788423856068484e-18 0.000000000000000000e+00
4.000000000000000000e+00 3.315547840560270545e-03 -7.066529987644165991e-05 8.155163814620672725e-05 0.000000000000000000e+00 0.000000000000000000e+00 -8.459108436173515889e-19 0.000000000000000000e+00
5.000000000000000000e+00 2.574701136854484762e-03 -8.758676300796530657e-05 9.925373257166455099e-05 0.000000000000000000e+00 0.000000000000000000e+00 2.846645841495892790e-19 0.000000000000000000e+00
6.000000000000000000e+00 1.680810599748593266e-03 -8.304614526050763319e-05 6.051645002147410017e-05 0.000000000000000000e+00 0.000000000000000000e+00 7.983984192962164687e-20 0.000000000000000000e+00
7.000000000000000000e+00 1.404141840877248283e-03 -9.284176271701854533e-05 1.120194487626236321e-04 0.000000000000000000e+00 0.000000000000000000e+00 -6.045336532320671292e-20 0.000000000000000000e+00
8.000000000000000000e+00 1.061434566829320665e-03 -9.059003058720889792e-05 4.451776870367753545e-05 0.000000000000000000e+00 0.000000000000000000e+00 6.036741402254913727e-20 0.000000000000000000e+00
9.000000000000000000e+00 1.027168521172933330e-03 -1.113108393379080174e-04 1.087536021998384509e-04 0.000000000000000000e+00 0.000000000000000000e+00 -1.186579630267266959e-19 0.000000000000000000e+00
1.000000000000000000e+01 7.242878525396575758e-04 -9.794985467291344918e-05 7.446972913319263316e-05 0.000000000000000000e+00 0.000000000000000000e+00 9.203225688392998731e-20 0.000000000000000000e+00
1.100000000000000000e+01 5.664886287267282064e-04 -9.194624390896537561e-05 7.664594493097757609e-05 0.000000000000000000e+00 0.000000000000000000e+00 -5.853766509315176551e-20 0.000000000000000000e+00
1.200000000000000000e+01 4.971340372573878090e-04 -9.551399769512851736e-05 9.958182763673558791e-05 0.000000000000000000e+00 0.000000000000000000e+00 1.679760094252919823e-21 0.000000000000000000e+00
1.300000000000000000e+01 4.057733841010947948e-04 -9.171908889480240160e-05 8.711676053615054736e-05 0.000000000000000000e+00 0.000000000000000000e+00 -3.153707869317331851e-20 0.000000000000000000e+00
1.400000000000000000e+01 3.296715138845877913e-04 -8.652389009459436891e-05 8.164025907289483499e-05 0.000000000000000000e+00 0.000000000000000000e+00 2.221315621655625535e-20 0.000000000000000000e+00
1.500000000000000000e+01 2.501227505444688346e-04 -7.500484388701045768e-05 8.006135987584538289e-05 0.000000000000000000e+00 0.000000000000000000e+00 -3.565994154076319003e-21 0.000000000000000000e+00
1.600000000000000000e+01 2.320503447330874835e-04 -7.900438950350398553e-05 6.947736560761044245e-05 0.000000000000000000e+00 0.000000000000000000e+00 1.096539012765165636e-20 0.000000000000000000e+00
1.700000000000000000e+01 1.899617672055719869e-04 -7.327242127216924744e-05 6.843336779862155587e-05 0.000000000000000000e+00 0.000000000000000000e+00 -2.269740912862477238e-20 0.000000000000000000e+00
1.800000000000000000e+01 1.580538721102410244e-04 -6.852009683241978291e-05 6.304270392612405262e-05 0.000000000000000000e+00 0.000000000000000000e+00 5.099318306617670297e-21 0.000000000000000000e+00
1.900000000000000000e+01 1.225552863980310179e-04 -5.910957625373641213e-05 5.949760738033838995e-05 0.000000000000000000e+00 0.000000000000000000e+00 2.111642330598514002e-21 0.000000000000000000e+00
2.000000000000000000e+01 1.084446045348632840e-04 -5.780506867529933368e-05 5.825546344105384048e-05 0.000000000000000000e+00 0.000000000000000000e+00 5.358353145113648892e-21 0.000000000000000000e+00
2.100000000000000000e+01 9.304905528712243779e-05 -5.476638993357092338e-05 5.349607399711202408e-05 0.000000000000000000e+00 0.000000000000000000e+00 -7.073809408744765952e-21 0.000000000000000000e+00
2.200000000000000000e+01 7.523412266547043761e-05 -4.862850226955298463e-05 4.733125949370354792e-05 0.000000000000000000e+00 0.000000000000000000e+00 -3.201785770214395783e-21 0.000000000000000000e+00
2.300000000000000000e+01 6.381529912773948969e-05 -4.501397245011854934e-05 4.500521696279758841e-05 0.000000000000000000e+00 0.000000000000000000e+00 -1.139671852521758446e-20 0.000000000000000000e+00
2.400000000000000000e+01 5.392780157257615769e-05 -4.138431604822149753e-05 3.781112426936825458e-05 0.000000000000000000e+00 0.000000000000000000e+00 3.302842313976778786e-21 0.000000000000000000e+00
2.500000000000000000e+01 4.754323197440118369e-05 -3.960212446697672839e-05 3.819761040490304897e-05 0.000000000000000000e+00 0.000000000000000000e+00 5.238767312586328263e-21 0.000000000000000000e+00
2.600000000000000000e+01 3.970164610286518409e-05 -3.581011383951381559e-05 3.456996351869689657e-05 0.000000000000000000e+00 0.000000000000000000e+00 -1.923744089234086383e-21 0.000000000000000000e+00
2.700000000000000000e+01 3.314746447352271932e-05 -3.224731710378863286e-05 3.159199882826914098e-05 0.000000000000000000e+00 0.000000000000000000e+00 4.470703379565299446e-21 0.000000000000000000e+00
2.800000000000000000e+01 2.899627609868341414e-05 -3.033169960023921892e-05 2.859087179849474910e-05 0.000000000000000000e+00 0.000000000000000000e+00 -1.470695181850837228e-21 0.000000000000000000e+00
2.900000000000000000e+01 2.451415391803230391e-05 -2.750829716618858321e-05 2.729267465590943183e-05 0.000000000000000000e+00 0.000000000000000000e+00 1.150616123736201772e-21 0.000000000000000000e+00
3.000000000000000000e+01 2.094117679235655007e-05 -2.514635637589146338e-05 2.481788707831063148e-05 0.000000000000000000e+00 0.000000000000000000e+00 6.562081256953501052e-22 0.000000000000000000e+00
3.100000000000000000e+01 1.811214885424288518e-05 -2.321332759609703175e-05 2.383663605823171594e-05 0.000000000000000000e+00 0.000000000000000000e+00 -3.022543892594491152e-21 0.000000000000000000e+00
3.200000000000000000e+01 1.516360219415599984e-05 -2.070014410783141306e-05 1.975589826026353404e-05 0.000000000000000000e+00 0.000000000000000000e+00 -3.133566023312735216e-21 0.000000000000000000e+00
3.300000000000000000e+01 1.343208549908908216e-05 -1.949205223122379727e-05 1.919253428039148284e-05 0.000000000000000000e+00 0.000000000000000000e+00 -5.959331672915703207e-22 0.000000000000000000e+00
3.400000000000000000e+01 1.168712724779951666e-05 -1.801508080608263287e-05 1.768281279231486517e-05 0.000000000000000000e+00 0.000000000000000000e+00 2.649085549080294407e-22 0.000000000000000000e+00
3.500000000000000000e+01 9.799407626744658921e-06 -1.600987468852658376e-05 1.562655567000631796e-05 0.000000000000000000e+00 0.000000000000000000e+00 -7.331516525689383375e-22 0.000000000000000000e+00
3.600000000000000000e+01 8.660383728060614916e-06 -1.496506840146610118e-05 1.486607758908913473e-05 0.000000000000000000e+00 0.000000000000000000e+00 -1.833675158073386622e-21 0.000000000000000000e+00
3.700000000000000000e+01 7.416192343528552900e-06 -1.353962408346243440e-05 1.325873349484133110e-05 0.000000000000000000e+00 0.000000000000000000e+00 -7.382120727033540259e-22 0.000000000000000000e+00
3.800000000000000000e+01 6.521944602464634826e-06 -1.256074094157074778e-05 1.239225157442093537e-05 0.000000000000000000e+00 0.000000000000000000e+00 3.821658006367268728e-22 0.000000000000000000e+00
3.900000000000000000e+01 5.503077214408194091e-06 -1.115966079953329433e-05 1.107980246280967543e-05 0.000000000000000000e+00 0.000000000000000000e+00 1.578960800337654343e-21 0.000000000000000000e+00
4.000000000000000000e+01 4.912954871759985592e-06 -1.047657485852694836e-05 1.032227180621049600e-05 0.000000000000000000e+00 0.000000000000000000e+00 -1.394454433167733637e-22 0.000000000000000000e+00
4.100000000000000000e+01 4.318307966194263731e-06 -9.679061233299762084e-06 9.392453119401313356e-06 0.000000000000000000e+00 0.000000000000000000e+00 3.020726069583786704e-22 0.000000000000000000e+00
4.200000000000000000e+01 3.696163112536894683e-06 -8.695935090139074401e-06 8.499886122520733815e-06 0.000000000000000000e+00 0.000000000000000000e+00 -3.084424676516047493e-23 0.000000000000000000e+00
4.300000000000000000e+01 3.278716297718283285e-06 -8.084454325673874498e-06 7.940355146628966810e-06 0.000000000000000000e+00 0.000000000000000000e+00 5.111752642718223417e-22 0.000000000000000000e+00
4.400000000000000000e+01 2.787684603169890411e-06 -7.196815013780979201e-06 7.106262636504973548e-06 0.000000000000000000e+00 0.000000000000000000e+00 -4.232539209128173525e-22 0.000000000000000000e+00
4.500000000000000000e+01 2.529253723435280093e-06 -6.830580351599531468e-06 6.622824378406621191e-06 0.000000000000000000e+00 0.000000000000000000e+00 -8.172881431423361187e-22 0.000000000000000000e+00
4.600000000000000000e+01 2.141372846732021878e-06 -6.043090525732380304e-06 5.977104820410090189e-06 0.000000000000000000e+00 0.000000000000000000e+00 -2.376614654140071402e-22 0.000000000000000000e+00
4.700000000000000000e+01 1.889960140938351300e-06 -5.564816749843271429e-06 5.454832701643074818e-06 0.000000000000000000e+00 0.000000000000000000e+00 -7.261645622236975860e-22 0.000000000000000000e+00
4.800000000000000000e+01 1.687583136485254768e-06 -5.181759167148254366e-06 5.083657867523617848e-06 0.000000000000000000e+00 0.000000000000000000e+00 1.482751035850417766e-21 0.000000000000000000e+00
4.900000000000000000e+01 1.486542096844176860e-06 -4.758170427491141900e-06 4.677818787723195025e-06 0.000000000000000000e+00 0.000000000000000000e+00 1.790137720477846385e-23 0.000000000000000000e+00
5.000000000000000000e+01 1.309312277063961857e-06 -4.365198001739000665e-06 4.311231063092741674e-06 0.000000000000000000e+00 0.000000000000000000e+00 -5.337997055629927981e-22 0.000000000000000000e+00
5.100000000000000000e+01 1.120487236727121433e-06 -3.886336646280525997e-06 3.814341091310756624e-06 0.000000000000000000e+00 0.000000000000000000e+00 -2.157299595108596329e-22 0.000000000000000000e+00
5.200000000000000000e+01 1.012635962336519900e-06 -3.650944877560088370e-06 3.588928319846558166e-06 0.000000000000000000e+00 0.000000000000000000e+00 -1.410424321281221821e-22 0.000000000000000000e+00
5.300000000000000000e+01 8.878479756212325576e-07 -3.325915964198111361e-06 3.231832197583820348e-06 0.000000000000000000e+00 0.000000000000000000e+00 3.921359829649531307e-22 0.000000000000000000e+00
5.400000000000000000e+01 7.774524198608092535e-07 -3.023238856055393457e-06 2.966511173133069802e-06 0.000000000000000000e+00 0.000000000000000000e+00 -2.415516245095100640e-22 0.000000000000000000e+00
5.500000000000000000e+01 6.860111962279639199e-07 -2.766716661302120452e-06 2.728872193229303324e-06 0.000000000000000000e+00 0.000000000000000000e+00 8.058117371800786378e-24 0.000000000000000000e+00
5.600000000000000000e+01 6.076481735626162854e-07 -2.539981942896245311e-06 2.520414694726241584e-06 0.000000000000000000e+00 0.000000000000000000e+00 -1.331132869208888423e-22 0.000000000000000000e+00
5.700000000000000000e+01 5.489078088317062029e-07 -2.377648575415035164e-06 2.332233100736168288e-06 0.000000000000000000e+00 0.000000000000000000e+00 -2.919027352775191868e-22 0.000000000000000000e+00
5.800000000000000000e+01 4.750530509982142546e-07 -2.130914527510394603e-06 2.087770219560429834e-06 0.000000000000000000e+00 0.000000000000000000e+00 -9.245230013690235059e-24 0.000000000000000000e+00
5.900000000000000000e+01 4.216369242455129972e-07 -1.956733835744581626e-06 1.942824523345123123e-06 0.000000000000000000e+00 0.000000000000000000e+00 -1.507174066711251417e-22 0.000000000000000000e+00
6.000000000000000000e+01 3.777925886764754662e-07 -1.813262592757413160e-06 1.802122371827650098e-06 0.000000000000000000e+00 0.000000000000000000e+00 -1.738083821349284953e-22 0.000000000000000000e+00
6.100000000000000000e+01 3.296967347187730532e-07 -1.635803359878348264e-06 1.617355544375279913e-06 0.000000000000000000e+00 0.000000000000000000e+00 2.861107155975924923e-23 0.000000000000000000e+00
6.200000000000000000e+01 2.950464009223323785e-07 -1.512381811545968320e-06 1.494031234469933265e-06 0.000000000000000000e+00 0.000000000000000000e+00 -3.578538900521905045e-23 0.000000000000000000e+00
6.300000000000000000e+01 2.558302452531788069e-07 -1.353599195096911570e-06 1.342342277312050103e-06 0.000000000000000000e+00 0.000000000000000000e+00 -1.858375605498708521e-22 0.000000000000000000e+00
6.400000000000000000e+01 2.326067404809581415e-07 -1.269813091368386543e-06 1.254451547226399956e-06 0.000000000000000000e+00 0.000000000000000000e+00 -5.850033274575113730e-23 0.000000000000000000e+00
6.500000000000000000e+01 2.092112434023400026e-07 -1.178408381739194885e-06 1.171962533305993296e-06 0.000000000000000000e+00 0.000000000000000000e+00 -3.716361937700383650e-23 0.000000000000000000e+00
6.600000000000000000e+01 1.813029960715033493e-07 -1.053030947394792151e-06 1.038764791780802787e-06 0.000000000000000000e+00 0.000000000000000000e+00 -2.812510598883383251e-23 0.000000000000000000e+00
6.700000000000000000e+01 1.638390723045643136e-07 -9.806771612075633482e-07 9.724468203292952894e-07 0.000000000000000000e+00 0.000000000000000000e+00 -1.494050926848250947e-22 0.000000000000000000e+00
6.800000000000000000e+01 1.428999779882751735e-07 -8.810169656548299871e-07 8.783991978904039752e-07 0.000000000000000000e+00 0.000000000000000000e+00 -2.664739648813374485e-23 0.000000000000000000e+00
6.900000000000000000e+01 1.302636606955233353e-07 -8.269473229821909274e-07 8.194851267176850765e-07 0.000000000000000000e+00 0.000000000000000000e+00 3.368623943094701657e-23 0.000000000000000000e+00
7.000000000000000000e+01 1.134776124859639255e-07 -7.414680027466149545e-07 7.385502911317747182e-07 0.000000000000000000e+00 0.000000000000000000e+00 1.789762805323434515e-23 0.000000000000000000e+00
7.100000000000000000e+01 1.007584069144912452e-07 -6.771458914383328491e-07 6.732722507028391427e-07 0.000000000000000000e+00 0.000000000000000000e+00 6.292444179293945917e-23 0.000000000000000000e+00
7.200000000000000000e+01 9.153004338103600795e-08 -6.325472884990324176e-07 6.327493442838024661e-07 0.000000000000000000e+00 0.000000000000000000e+00 -3.724496822623067747e-23 0.000000000000000000e+00
7.300000000000000000e+01 8.068118245194397607e-08 -5.732035534292545348e-07 5.726449858884127852e-07 0.000000000000000000e+00 0.000000000000000000e+00 8.827254961942823328e-24 0.000000000000000000e+00
7.400000000000000000e+01 7.302071287729092624e-08 -5.331477597707170289e-07 5.324439715230588596e-07 0.000000000000000000e+00 0.000000000000000000e+00 1.729729787655851103e-23 0.000000000000000000e+00
7.500000000000000000e+01 6.364586590886263300e-08 -4.773524945549059121e-07 4.757210111800587059e-07 0.000000000000000000e+00 0.000000000000000000e+00 3.164734986620306455e-23 0.000000000000000000e+00
7.600000000000000000e+01 5.742479831591230794e-08 -4.422260553784793015e-07 4.416382054712285455e-07 0.000000000000000000e+00 0.000000000000000000e+00 4.079113102754956297e-23 0.000000000000000000e+00
7.700000000000000000e+01 5.144922878376610383e-08 -4.067318929053163553e-07 4.069675326433330028e-07 0.000000000000000000e+00 0.000000000000000000e+00 -9.854358778311946874e-23 0.000000000000000000e+00
7.800000000000000000e+01 4.530665555471553353e-08 -3.675130835988476881e-07 3.711336307806483822e-07 0.000000000000000000e+00 0.000000000000000000e+00 3.656956900411549775e-23 0.000000000000000000e+00
7.900000000000000000e+01 4.073831762936951010e-08 -3.389411001852286450e-07 3.391872214921400516e-07 0.000000000000000000e+00 0.000000000000000000e+00 -7.010063763392680328e-23 0.000000000000000000e+00
8.000000000000000000e+01 3.631137664394978443e-08 -3.097861496851965327e-07 3.099230155776615312e-07 0.000000000000000000e+00 0.000000000000000000e+00 -5.090076334235230755e-23 0.000000000000000000e+00
8.100000000000000000e+01 3.284813254804328685e-08 -2.873108791450590067e-07 2.886888275918588253e-07 0.000000000000000000e+00 0.000000000000000000e+00 2.171005020967393802e-23 0.000000000000000000e+00
8.200000000000000000e+01 2.921906435334198664e-08 -2.619446092067251854e-07 2.640263326062781765e-07 0.000000000000000000e+00 0.000000000000000000e+00 3.956786135543963821e-24 0.000000000000000000e+00
8.300000000000000000e+01 2.596627019663578281e-08 -2.385035585738309016e-07 2.400065008443026945e-07 0.000000000000000000e+00 0.000000000000000000e+00 2.531116134793349521e-23 0.000000000000000000e+00
8.400000000000000000e+01 2.311365422959761750e-08 -2.174309731064306870e-07 2.193740975699299805e-07 0.000000000000000000e+00 0.000000000000000000e+00 -1.144752595483952741e-23 0.000000000000000000e+00
8.500000000000000000e+01 2.098251754591290151e-08 -2.021154112714469965e-07 2.036924553543798491e-07 0.000000000000000000e+00 0.000000000000000000e+00 1.666443209501804896e-23 0.000000000000000000e+00
8.600000000000000000e+01 1.865068035153309909e-08 -1.839258172375518458e-07 1.857617505439941378e-07 0.000000000000000000e+00 0.000000000000000000e+00 2.710108619508455317e-23 0.000000000000000000e+00
8.700000000000000000e+01 1.654497488551579999e-08 -1.669682971011068375e-07 1.683141821258304825e-07 0.000000000000000000e+00 0.000000000000000000e+00 -8.026196133563467598e-24 0.000000000000000000e+00
8.800000000000000000e+01 1.491837554951941609e-08 -1.540209450829254906e-07 1.559410993794470120e-07 0.000000000000000000e+00 0.000000000000000000e+00 5.507336173528508047e-24 0.000000000000000000e+00
8.900000000000000000e+01 1.333982180240756553e-08 -1.408730937343019809e-07 1.434827060735229965e-07 0.000000000000000000e+00 0.000000000000000000e+00 1.652220552721298061e-23 0.000000000000000000e+00
9.000000000000000000e+01 1.199746681331056995e-08 -1.295729572072914825e-07 1.317003922036365017e-07 0.000000000000000000e+00 0.000000000000000000e+00 -9.401141749384734390e-24 0.000000000000000000e+00
9.100000000000000000e+01 1.064417502032930400e-08 -1.175335750356870389e-07 1.196625321434009845e-07 0.000000000000000000e+00 0.000000000000000000e+00 1.437471685758683524e-23 0.000000000000000000e+00
9.200000000000000000e+01 9.567439418118458273e-09 -1.079725441155918305e-07 1.101342552069641203e-07 0.000000000000000000e+00 0.000000000000000000e+00 -2.110679436135558442e-23 0.000000000000000000e+00
9.300000000000000000e+01 8.544997968203904288e-09 -9.854221902397769970e-08 1.005481373408399720e-07 0.000000000000000000e+00 0.000000000000000000e+00 -1.725701115012726715e-23 0.000000000000000000e+00
9.400000000000000000e+01 7.657323892171241101e-09 -9.020939170986685331e-08 9.190305994320585035e-08 0.000000000000000000e+00 0.000000000000000000e+00 -5.619853213334633293e-24 0.000000000000000000e+00
9.500000000000000000e+01 6.806665205108019934e-09 -8.189418471665429857e-08 8.369434025939495690e-08 0.000000000000000000e+00 0.000000000000000000e+00 6.202548465951914024e-23 0.000000000000000000e+00
9.600000000000000000e+01 6.175662750209374510e-09 -7.586638115599680543e-08 7.743183962076989301e-08 0.000000000000000000e+00 0.000000000000000000e+00 1.142360758748567434e-24 0.000000000000000000e+00
9.700000000000000000e+01 5.543704727629211415e-09 -6.953268664971487898e-08 7.080866812173680174e-08 0.000000000000000000e+00 0.000000000000000000e+00 5.110512559727046261e-23 0.000000000000000000e+00
9.800000000000000000e+01 5.021722079638793042e-09 -6.430305166807496600e-08 6.564333828846593371e-08 0.000000000000000000e+00 0.000000000000000000e+00 8.039679912503462006e-24 0.000000000000000000e+00
9.900000000000000000e+01 4.399150295591625448e-09 -5.748821733875815289e-08 5.894340021398023146e-08 0.000000000000000000e+00 0.000000000000000000e+00 2.002686258673009503e-23 0.000000000000000000e+00
1.000000000000000000e+02 3.988242266640369393e-09 -5.317348820104347431e-08 5.439398175101139426e-08 0.000000000000000000e+00 0.000000000000000000e+00 4.913812066263228627e-24 0.000000000000000000e+00
1.010000000000000000e+02 3.579055598543584841e-09 -4.867673793985680500e-08 4.992447448700369385e-08 0.000000000000000000e+00 0.000000000000000000e+00 -3.209577919568242459e-24 0.000000000000000000e+00
1.020000000000000000e+02 3.215127072499043550e-09 -4.459880634974131234e-08 4.580845223474066345e-08 0.000000000000000000e+00 0.000000000000000000e+00 -2.500528119131916686e-24 0.000000000000000000e+00
1.030000000000000000e+02 2.890142595969265209e-09 -4.088287591080022067e-08 4.207578122752173705e-08 0.000000000000000000e+00 0.000000000000000000e+00 4.027707753796898221e-25 0.000000000000000000e+00
1.040000000000000000e+02 2.549240098337518145e-09 -3.675943332531509432e-08 3.783419742468252013e-08 0.000000000000000000e+00 0.000000000000000000e+00 -3.878596620064594938e-24 0.000000000000000000e+00
1.050000000000000000e+02 2.353345913893508253e-09 -3.458993113050383712e-08 3.583221619277746812e-08 0.000000000000000000e+00 0.000000000000000000e+00 1.184130586681216378e-23 0.000000000000000000e+00
1.060000000000000000e+02 2.070004977819131638e-09 -3.101092462259946571e-08 3.203766621146516820e-08 0.000000000000000000e+00 0.000000000000000000e+00 1.975653509742112062e-24 0.000000000000000000e+00
1.070000000000000000e+02 1.864957860720935177e-09 -2.846697624077276977e-08 2.948365542046769472e-08 0.000000000000000000e+00 0.000000000000000000e+00 -6.720653798670165051e-25 0.000000000000000000e+00
1.080000000000000000e+02 1.676384687447911403e-09 -2.606798881258594871e-08 2.692828096450366645e-08 0.000000000000000000e+00 0.000000000000000000e+00 8.210725031734353832e-24 0.000000000000000000e+00
1.090000000000000000e+02 1.522236023396303259e-09 -2.411293947229297111e-08 2.502850052006923460e-08 0.000000000000000000e+00 0.000000000000000000e+00 8.382620693637101896e-24 0.000000000000000000e+00
1.100000000000000000e+02 1.352617101882807143e-09 -2.182316263508191611e-08 2.265057239301563249e-08 0.000000000000000000e+00 0.000000000000000000e+00 3.925968033683382965e-25 0.000000000000000000e+00
1.110000000000000000e+02 1.203706632714075599e-09 -1.977302653051274854e-08 2.052782316086633351e-08 0.000000000000000000e+00 0.000000000000000000e+00 4.315986229222356394e-24 0.000000000000000000e+00
1.120000000000000000e+02 1.095022617860494344e-09 -1.831203995386736462e-08 1.908017000837463531e-08 0.000000000000000000e+00 0.000000000000000000e+00 -5.147562801965501123e-24 0.000000000000000000e+00
1.130000000000000000e+02 9.835209272606893874e-10 -1.674282592738858423e-08 1.740375143225546631e-08 0.000000000000000000e+00 0.000000000000000000e+00 -7.689674722341927870e-24 0.000000000000000000e+00
1.140000000000000000e+02 8.870681203121095334e-10 -1.537019407271208450e-08 1.604421777969111574e-08 0.000000000000000000e+00 0.000000000000000000e+00 -2.505445423405432406e-24 0.000000000000000000e+00
1.150000000000000000e+02 7.870078419593513493e-10 -1.387655074751602196e-08 1.447236531083174927e-08 0.000000000000000000e+00 0.000000000000000000e+00 -7.129804942216986140e-25 0.000000000000000000e+00
1.160000000000000000e+02 7.156409436785273691e-10 -1.283810192764551256e-08 1.342336107355266656e-08 0.000000000000000000e+00 0.000000000000000000e+00 -4.514870284277356728e-24 0.000000000000000000e+00
1.170000000000000000e+02 6.442286227421430341e-10 -1.175821632883565638e-08 1.227337967693300856e-08 0.000000000000000000e+00 0.000000000000000000e+00 4.369625261845003380e-24 0.000000000000000000e+00
1.180000000000000000e+02 5.725526908822811213e-10 -1.062930343397541583e-08 1.112047712716945813e-08 0.000000000000000000e+00 0.000000000000000000e+00 -2.159031152835184802e-24 0.000000000000000000e+00
1.190000000000000000e+02 5.152111581146089048e-10 -9.726529874108102716e-09 1.022255534215772196e-08 0.000000000000000000e+00 0.000000000000000000e+00 -1.792393372724824437e-24 0.000000000000000000e+00
1.200000000000000000e+02 4.677535444824622858e-10 -8.979446654586625313e-09 9.435109798891637578e-09 0.000000000000000000e+00 0.000000000000000000e+00 -1.568199717122173397e-24 0.000000000000000000e+00
1.210000000000000000e+02 4.202266608175128521e-10 -8.202596593507634256e-09 8.589380654386985226e-09 0.000000000000000000e+00 0.000000000000000000e+00 3.417656187185268990e-24 0.000000000000000000e+00
1.220000000000000000e+02 3.772956367800881537e-10 -7.487120403849964731e-09 7.880554041789020285e-09 0.000000000000000000e+00 0.000000000000000000e+00 -1.822482810284500185e-24 0.000000000000000000e+00
1.230000000000000000e+02 3.390123635551515161e-10 -6.838176424597570174e-09 7.192236414279019272e-09 0.000000000000000000e+00 0.000000000000000000e+00 -5.823773287631912366e-25 0.000000000000000000e+00
1.240000000000000000e+02 3.039278838162758422e-10 -6.230486576052690109e-09 6.548673583324295897e-09 0.000000000000000000e+00 0.000000000000000000e+00 4.314824804980384288e-25 0.000000000000000000e+00
1.250000000000000000e+02 2.775132208461787064e-10 -5.781390053778889474e-09 6.078855772938272314e-09 0.000000000000000000e+00 0.000000000000000000e+00 6.692489522918759753e-25 0.000000000000000000e+00
1.260000000000000000e+02 2.449416648235501819e-10 -5.184912694169717613e-09 5.475145328212178704e-09 0.000000000000000000e+00 0.000000000000000000e+00 -1.960672289956019906e-25 0.000000000000000000e+00
1.270000000000000000e+02 2.217959034131401837e-10 -4.769434248901128452e-09 5.026449293502163692e-09 0.000000000000000000e+00 0.000000000000000000e+00 2.356952858434505114e-24 0.000000000000000000e+00
1.280000000000000000e+02 1.999939204698464850e-10 -4.368318294673429530e-09 4.612735827789193726e-09 0.000000000000000000e+00 0.000000000000000000e+00 -2.445304868684957264e-24 0.000000000000000000e+00
1.290000000000000000e+02 1.818339961776363259e-10 -4.034237854278179427e-09 4.253763452733101798e-09 0.000000000000000000e+00 0.000000000000000000e+00 -1.061289999522597488e-24 0.000000000000000000e+00
1.300000000000000000e+02 1.623439340800388115e-10 -3.658041970188957626e-09 3.868695164308065857e-09 0.000000000000000000e+00 0.000000000000000000e+00 7.142413984490668385e-26 0.000000000000000000e+00
1.310000000000000000e+02 1.448865794316727582e-10 -3.314923413072501232e-09 3.501740961415479822e-09 0.000000000000000000e+00 0.000000000000000000e+00 7.268196886561159959e-25 0.000000000000000000e+00
1.320000000000000000e+02 1.330605032616640239e-10 -3.091017681641615145e-09 3.266327700051633359e-09 0.000000000000000000e+00 0.000000000000000000e+00 -1.769683207721449597e-25 0.000000000000000000e+00
1.330000000000000000e+02 1.181947064591133870e-10 -2.787555468778903284e-09 2.956966415508330021e-09 0.000000000000000000e+00 0.000000000000000000e+00 8.417319887813238112e-25 0.000000000000000000e+00
1.340000000000000000e+02 1.071046522070136653e-10 -2.564136923195488589e-09 2.716106715026098364e-09 0.000000000000000000e+00 0.000000000000000000e+00 2.426116995926739259e-25 0.000000000000000000e+00
1.350000000000000000e+02 9.553919479673732915e-11 -2.321426220859181781e-09 2.459912827945413670e-09 0.000000000000000000e+00 0.000000000000000000e+00 -1.157226103333120472e-25 0.000000000000000000e+00
1.360000000000000000e+02 8.700587578478324607e-11 -2.145455197313742823e-09 2.272868041759696664e-09 0.000000000000000000e+00 0.000000000000000000e+00 -4.987278835807510753e-25 0.000000000000000000e+00
1.370000000000000000e+02 7.885761510742794880e-11 -1.973365814903103081e-09 2.098103366663983011e-09 0.000000000000000000e+00 0.000000000000000000e+00 -9.034600755134299738e-25 0.000000000000000000e+00
1.380000000000000000e+02 7.020721124168804331e-11 -1.782693203912929870e-09 1.892204154239051885e-09 0.000000000000000000e+00 0.000000000000000000e+00 -2.385834223994776339e-25 0.000000000000000000e+00
1.390000000000000000e+02 6.324315774342226785e-11 -1.629124664216191624e-09 1.728451128253586839e-09 0.000000000000000000e+00 0.000000000000000000e+00 -2.304491734705990239e-25 0.000000000000000000e+00
1.400000000000000000e+02 5.738931347611914340e-11 -1.499622793867806648e-09 1.593907060238252277e-09 0.000000000000000000e+00 0.000000000000000000e+00 2.416786918143296839e-25 0.000000000000000000e+00
1.410000000000000000e+02 5.169994082093126053e-11 -1.370350324368625269e-09 1.457787144672269995e-09 0.000000000000000000e+00 0.000000000000000000e+00 -5.458411438576391053e-25 0.000000000000000000e+00
1.420000000000000000e+02 4.686174324621655672e-11 -1.259826593048201596e-09 1.340010312748981679e-09 0.000000000000000000e+00 0.000000000000000000e+00 -9.106946066370318343e-26 0.000000000000000000e+00
1.430000000000000000e+02 4.166003930539579109e-11 -1.135786779073402815e-09 1.208299315979182498e-09 0.000000000000000000e+00 0.000000000000000000e+00 -9.788958521419615542e-25 0.000000000000000000e+00
1.440000000000000000e+02 3.793684957652417238e-11 -1.048721408837307226e-09 1.117486933334417377e-09 0.000000000000000000e+00 0.000000000000000000e+00 7.099657992665183764e-25 0.000000000000000000e+00
1.450000000000000000e+02 3.436856144180623476e-11 -9.633312192968206660e-10 1.026557906190104135e-09 0.000000000000000000e+00 0.000000000000000000e+00 5.767814459994948774e-26 0.000000000000000000e+00
1.460000000000000000e+02 3.097659526069116400e-11 -8.803154979674228771e-10 9.375712227133541956e-10 0.000000000000000000e+00 0.000000000000000000e+00 -4.846183317049308455e-25 0.000000000000000000e+00
1.470000000000000000e+02 2.786435906961805082e-11 -8.027721597513374267e-10 8.555823389900903697e-10 0.000000000000000000e+00 0.000000000000000000e+00 -1.439502974621013481e-25 0.000000000000000000e+00
1.480000000000000000e+02 2.517725645704117955e-11 -7.352700818382832110e-10 7.845571419859428871e-10 0.000000000000000000e+00 0.000000000000000000e+00 -2.088630101461098185e-25 0.000000000000000000e+00
1.490000000000000000e+02 2.277002807407480188e-11 -6.740086166004979791e-10 7.200708284424136871e-10 0.000000000000000000e+00 0.000000000000000000e+00 7.432399721744880898e-25 0.000000000000000000e+00
1.500000000000000000e+02 2.046419116230743345e-11 -6.139269761995202861e-10 6.556117952317431342e-10 0.000000000000000000e+00 0.000000000000000000e+00 -4.999586822693453960e-25 0.000000000000000000e+00
1.510000000000000000e+02 1.843074768200128323e-11 -5.603054665040745677e-10 5.985977823184889428e-10 0.000000000000000000e+00 0.000000000000000000e+00 -6.871167457215925346e-25 0.000000000000000000e+00
1.520000000000000000e+02 1.668580231089773254e-11 -5.139745407398552526e-10 5.482452233375313418e-10 0.000000000000000000e+00 0.000000000000000000e+00 8.742004224338443054e-26 0.000000000000000000e+00
1.530000000000000000e+02 1.512868381814819712e-11 -4.721637718358670819e-10 5.045997040434353362e-10 0.000000000000000000e+00 0.000000000000000000e+00 2.726409117427266640e-26 0.000000000000000000e+00
1.540000000000000000e+02 1.371686795477901047e-11 -4.337301614310309898e-10 4.635836129376666693e-10 0.000000000000000000e+00 0.000000000000000000e+00 -3.065939944788211225e-25 0.000000000000000000e+00
1.550000000000000000e+02 1.225759590270105797e-11 -3.926345582418680505e-10 4.197810757780676978e-10 0.000000000000000000e+00 0.000000000000000000e+00 3.434290597092611980e-25 0.000000000000000000e+00
1.560000000000000000e+02 1.115671742476552931e-11 -3.619856458919173135e-10 3.875010570260511122e-10 0.000000000000000000e+00 0.000000000000000000e+00 -1.667137450771594588e-25 0.000000000000000000e+00
1.570000000000000000e+02 1.010321428511057952e-11 -3.320247345610700051e-10 3.548730349351553074e-10 0.000000000000000000e+00 0.000000000000000000e+00 -3.467517098589948053e-25 0.000000000000000000e+00
1.580000000000000000e+02 9.099582565090544443e-12 -3.028696874280151895e-10 3.236153559513441481e-10 0.000000000000000000e+00 0.000000000000000000e+00 1.303092275945116347e-25 0.000000000000000000e+00
1.590000000000000000e+02 8.208999499980463485e-12 -2.766824736945406962e-10 2.959296226374003910e-10 0.000000000000000000e+00 0.000000000000000000e+00 3.190475403792557282e-25 0.000000000000000000e+00
1.600000000000000000e+02 7.461267536482116659e-12 -2.546487618754310364e-10 2.721983063407135154e-10 0.000000000000000000e+00 0.000000000000000000e+00 7.690755757268662149e-27 0.000000000000000000e+00
1.610000000000000000e+02 6.802888795189526724e-12 -2.351046170011038376e-10 2.514390514031433395e-10 0.000000000000000000e+00 0.000000000000000000e+00 -2.936049658127901092e-25 0.000000000000000000e+00
1.620000000000000000e+02 6.056536016687906874e-12 -2.119233969188787267e-10 2.262134512252530376e-10 0.000000000000000000e+00 0.000000000000000000e+00 -1.532516281186300323e-25 0.000000000000000000e+00
1.630000000000000000e+02 5.546619491217298938e-12 -1.964821067805963503e-10 2.100509997435078323e-10 0.000000000000000000e+00 0.000000000000000000e+00 5.431025285061699861e-26 0.000000000000000000e+00
1.640000000000000000e+02 4.971655288588292156e-12 -1.782804314778828165e-10 1.905782868944950282e-10 0.000000000000000000e+00 0.000000000000000000e+00 -6.978076437929148306e-27 0.000000000000000000e+00
1.650000000000000000e+02 4.554241032946378788e-12 -1.653105573110728505e-10 1.763986373976183933e-10 0.000000000000000000e+00 0.000000000000000000e+00 -5.438659830061596654e-26 0.000000000000000000e+00
1.660000000000000000e+02 4.069364503136989690e-12 -1.495041620699218221e-10 1.596397264350916393e-10 0.000000000000000000e+00 0.000000000000000000e+00 -1.157311916165473831e-25 0.000000000000000000e+00
1.670000000000000000e+02 3.723431342287287583e-12 -1.384438286271271901e-10 1.478019751698822496e-10 0.000000000000000000e+00 0.000000000000000000e+00 -2.538437551247301987e-26 0.000000000000000000e+00
1.680000000000000000e+02 3.360325063830770086e-12 -1.264463231167698208e-10 1.350429134904506374e-10 0.000000000000000000e+00 0.000000000000000000e+00 -4.337044920856206072e-27 0.000000000000000000e+00
1.690000000000000000e+02 3.047300077367188352e-12 -1.160356479821760696e-10 1.235826189197911340e-10 0.000000000000000000e+00 0.000000000000000000e+00 5.592961742481869088e-26 0.000000000000000000e+00
1.700000000000000000e+02 2.788300064121118278e-12 -1.074380334273894638e-10 1.144921613502981395e-10 0.000000000000000000e+00 0.000000000000000000e+00 9.566411459194901147e-26 0.000000000000000000e+00
1.710000000000000000e+02 2.494159292675944893e-12 -9.724014843363070811e-11 1.037793719943874263e-10 0.000000000000000000e+00 0.000000000000000000e+00 6.556062325256946833e-26 0.000000000000000000e+00
1.720000000000000000e+02 2.272195958922870006e-12 -8.962253250239235621e-11 9.540486241343806971e-11 0.000000000000000000e+00 0.000000000000000000e+00 1.184919444962403933e-25 0.000000000000000000e+00
1.730000000000000000e+02 2.058842713792321972e-12 -8.215449226692129990e-11 8.740788171698544334e-11 0.000000000000000000e+00 0.000000000000000000e+00 -1.084044476393036772e-25 0.000000000000000000e+00
1.740000000000000000e+02 1.881582809323196857e-12 -7.595310909306306462e-11 8.087513056118733793e-11 0.000000000000000000e+00 0.000000000000000000e+00 -5.248546417512390996e-26 0.000000000000000000e+00
1.750000000000000000e+02 1.684578032908190320e-12 -6.878367412111835262e-11 7.318306803265964962e-11 0.000000000000000000e+00 0.000000000000000000e+00 -2.168551828835504810e-26 0.000000000000000000e+00
1.760000000000000000e+02 1.545139602106603029e-12 -6.381042668786742012e-11 6.783470386222863704e-11 0.000000000000000000e+00 0.000000000000000000e+00 6.119091089829166769e-26 0.000000000000000000e+00
1.770000000000000000e+02 1.402353411216848321e-12 -5.857435617617258289e-11 6.214105533819513252e-11 0.000000000000000000e+00 0.000000000000000000e+00 2.037317902884784199e-26 0.000000000000000000e+00
1.780000000000000000e+02 1.275401038834291594e-12 -5.387639231321773279e-11 5.722204118521035909e-11 0.000000000000000000e+00 0.000000000000000000e+00 -4.122243142317769107e-26 0.000000000000000000e+00
1.790000000000000000e+02 1.155343107067632673e-12 -4.935506679842873187e-11 5.225342353013733295e-11 0.000000000000000000e+00 0.000000000000000000e+00 5.569428602520451985e-26 0.000000000000000000e+00
1.800000000000000000e+02 1.048640837695727515e-12 -4.529881532350372232e-11 4.800081051169962482e-11 0.000000000000000000e+00 0.000000000000000000e+00 1.954535099478623120e-26 0.000000000000000000e+00
1.810000000000000000e+02 9.577286919294924531e-13 -4.183258649798819615e-11 4.431492265582286994e-11 0.000000000000000000e+00 0.000000000000000000e+00 -2.071488381759604854e-26 0.000000000000000000e+00
1.820000000000000000e+02 8.671655236885597368e-13 -3.829687339291456890e-11 4.046097252770330384e-11 0.000000000000000000e+00 0.000000000000000000e+00 4.023821798389004016e-26 0.000000000000000000e+00
1.830000000000000000e+02 7.912650904245464436e-13 -3.532958056412129876e-11 3.730998821615198546e-11 0.000000000000000000e+00 0.000000000000000000e+00 -7.477642697140902643e-26 0.000000000000000000e+00
1.840000000000000000e+02 7.181787247753114584e-13 -3.241771218151811017e-11 3.413116224744514911e-11 0.000000000000000000e+00 0.000000000000000000e+00 1.020350270313131844e-25 0.000000000000000000e+00
1.850000000000000000e+02 6.566534830274534391e-13 -2.996390222639206627e-11 3.159368465664824788e-11 0.000000000000000000e+00 0.000000000000000000e+00 3.491410592432566259e-26 0.000000000000000000e+00
1.860000000000000000e+02 5.961811670933388436e-13 -2.749953923945434802e-11 2.896084638647231742e-11 0.000000000000000000e+00 0.000000000000000000e+00 -3.332708245093059418e-26 0.000000000000000000e+00
1.870000000000000000e+02 5.437113016593648558e-13 -2.534979653533528541e-11 2.673108931939799580e-11 0.000000000000000000e+00 0.000000000000000000e+00 -1.510968517348088178e-26 0.000000000000000000e+00
1.880000000000000000e+02 4.958023979454447554e-13 -2.336402945977130226e-11 2.459520199893281785e-11 0.000000000000000000e+00 0.000000000000000000e+00 -3.604255100962241183e-26 0.000000000000000000e+00
1.890000000000000000e+02 4.511237730191224643e-13 -2.148563901486929968e-11 2.254156762190946571e-11 0.000000000000000000e+00 0.000000000000000000e+00 7.820431629765006116e-27 0.000000000000000000e+00
1.900000000000000000e+02 4.083494815256110116e-13 -1.965399330074311458e-11 2.062864032895823071e-11 0.000000000000000000e+00 0.000000000000000000e+00 2.810952126761994626e-26 0.000000000000000000e+00
1.910000000000000000e+02 3.765335835808299839e-13 -1.831347539038291931e-11 1.919023681287171369e-11 0.000000000000000000e+00 0.000000000000000000e+00 6.562272698111618496e-26 0.000000000000000000e+00
1.920000000000000000e+02 3.425853723236835462e-13 -1.683761977864076779e-11 1.765114174595898042e-11 0.000000000000000000e+00 0.000000000000000000e+00 1.105604342870361365e-26 0.000000000000000000e+00
1.930000000000000000e+02 3.117616086382896885e-13 -1.548242537616356812e-11 1.618867271156898750e-11 0.000000000000000000e+00 0.000000000000000000e+00 -6.977638040818563743e-26 0.000000000000000000e+00
1.940000000000000000e+02 2.864910188559363268e-13 -1.437550798093743180e-11 1.500600485936129755e-11 0.000000000000000000e+00 0.000000000000000000e+00 -1.329452689334165776e-26 0.000000000000000000e+00
1.950000000000000000e+02 2.601207805563013199e-13 -1.318735038097242634e-11 1.375572136255593431e-11 0.000000000000000000e+00 0.000000000000000000e+00 2.501766707895483515e-27 0.000000000000000000e+00
1.960000000000000000e+02 2.390987997101086625e-13 -1.224642927622273040e-11 1.273345751519333029e-11 0.000000000000000000e+00 0.000000000000000000e+00 -1.096871627265444501e-26 0.000000000000000000e+00
1.970000000000000000e+02 2.170484871183536676e-13 -1.123089807268637445e-11 1.169515908217698764e-11 0.000000000000000000e+00 0.000000000000000000e+00 5.983540729401909864e-27 0.000000000000000000e+00
1.980000000000000000e+02 1.990587863467616868e-13 -1.040487648848193001e-11 1.079536810769494215e-11 0.000000000000000000e+00 0.000000000000000000e+00 1.617020849476218302e-26 0.000000000000000000e+00
1.990000000000000000e+02 1.813068056960301776e-13 -9.572944601584258507e-12 9.937322981372613990e-12 0.000000000000000000e+00 0.000000000000000000e+00 -1.739806786842260815e-26 0.000000000000000000e+00
2.000000000000000000e+02 1.659671038185541562e-13 -8.850988457585931980e-12 9.174085187995955147e-12 0.000000000000000000e+00 0.000000000000000000e+00 2.670875816236573759e-26 0.000000000000000000e+00
2.010000000000000000e+02 1.528398635689236714e-13 -8.232671088892857162e-12 8.514048479277103747e-12 0.000000000000000000e+00 0.000000000000000000e+00 -2.418065212232944658e-26 0.000000000000000000e+00
2.020000000000000000e+02 1.396798660927952385e-13 -7.599065506398161338e-12 7.854175561601636846e-12 0.000000000000000000e+00 0.000000000000000000e+00 -1.372705348060928505e-26 0.000000000000000000e+00
2.030000000000000000e+02 1.272547708831428091e-13 -6.991797094485307316e-12 7.204559635507549644e-12 0.000000000000000000e+00 0.000000000000000000e+00 -8.425358814488670776e-27 0.000000000000000000e+00
2.040000000000000000e+02 1.168066101533351235e-13 -6.481015317198333277e-12 6.675704227069337639e-12 0.000000000000000000e+00 0.000000000000000000e+00 2.128845558239577949e-27 0.000000000000000000e+00
2.050000000000000000e+02 1.076943460547727898e-13 -6.034214486857944831e-12 6.204504806294381204e-12 0.000000000000000000e+00 0.000000000000000000e+00 -1.165115086905936737e-26 0.000000000000000000e+00
2.060000000000000000e+02 9.766683073346651646e-14 -5.525876580071122348e-12 5.668262998317686328e-12 0.000000000000000000e+00 0.000000000000000000e+00 -5.896336075113294948e-27 0.000000000000000000e+00
2.070000000000000000e+02 9.022920297814695864e-14 -5.154608614066985014e-12 5.277953934070856929e-12 0.000000000000000000e+00 0.000000000000000000e+00 -2.033538597931606023e-26 0.000000000000000000e+00
2.080000000000000000e+02 8.282895669410158035e-14 -4.777725090684340084e-12 4.879955509486203762e-12 0.000000000000000000e+00 0.000000000000000000e+00 7.709313558096168326e-27 0.000000000000000000e+00
2.090000000000000000e+02 7.614286720292887566e-14 -4.434500963677126769e-12 4.532761944197873343e-12 0.000000000000000000e+00 0.000000000000000000e+00 5.482118389196636617e-27 0.000000000000000000e+00
2.100000000000000000e+02 6.956700611668509590e-14 -4.090448213537394734e-12 4.158318492753299601e-12 0.000000000000000000e+00 0.000000000000000000e+00 -6.557076301946257660e-28 0.000000000000000000e+00
2.110000000000000000e+02 6.387742538705438031e-14 -3.791737214409677876e-12 3.854400447864101389e-12 0.000000000000000000e+00 0.000000000000000000e+00 6.207885379481149496e-28 0.000000000000000000e+00
2.120000000000000000e+02 5.875340703429887784e-14 -3.520653923619524609e-12 3.574768541647401689e-12 0.000000000000000000e+00 0.000000000000000000e+00 -1.869902582621349872e-27 0.000000000000000000e+00
2.130000000000000000e+02 5.405793990037256380e-14 -3.269927168643935254e-12 3.312335549003181381e-12 0.000000000000000000e+00 0.000000000000000000e+00 2.605935618463633291e-28 0.000000000000000000e+00
2.140000000000000000e+02 4.979211774609727851e-14 -3.040277999000039717e-12 3.075994778103656816e-12 0.000000000000000000e+00 0.000000000000000000e+00 -4.342665819489987118e-27 0.000000000000000000e+00
2.150000000000000000e+02 4.545910819191312728e-14 -2.801678708141789620e-12 2.823353501418130157e-12 0.000000000000000000e+00 0.000000000000000000e+00 -1.581728881217698851e-27 0.000000000000000000e+00
2.160000000000000000e+02 4.206697344967234964e-14 -2.616734109498589536e-12 2.636225596986361966e-12 0.000000000000000000e+00 0.000000000000000000e+00 3.883985774622632378e-27 0.000000000000000000e+00
2.170000000000000000e+02 3.887876260995615296e-14 -2.440903925219029665e-12 2.451414004107136564e-12 0.000000000000000000e+00 0.000000000000000000e+00 -5.223176848339424962e-27 0.000000000000000000e+00
2.180000000000000000e+02 3.555026648538157751e-14 -2.252572903450799628e-12 2.259362170989836692e-12 0.000000000000000000e+00 0.000000000000000000e+00 2.273186310968541776e-27 0.000000000000000000e+00
2.190000000000000000e+02 3.283668029387423325e-14 -2.099731630392563391e-12 2.102739525834978762e-12 0.000000000000000000e+00 0.000000000000000000e+00 4.985759169332840911e-28 0.000000000000000000e+00
2.200000000000000000e+02 3.025575443292734707e-14 -1.952402673881521727e-12 1.947679558035580003e-12 0.000000000000000000e+00 0.000000000000000000e+00 -1.593038718483478222e-27 0.000000000000000000e+00
2.210000000000000000e+02 2.803248028314193186e-14 -1.825453375771031277e-12 1.817852205080333328e-12 0.000000000000000000e+00 0.000000000000000000e+00 4.997749119788678313e-27 0.000000000000000000e+00
2.220000000000000000e+02 2.559565069611650084e-14 -1.681888256017971414e-12 1.670005642533651487e-12 0.000000000000000000e+00 0.000000000000000000e+00 3.792323428246761919e-27 0.000000000000000000e+00
2.230000000000000000e+02 2.376723556571276506e-14 -1.575817978736151559e-12 1.561772935479125060e-12 0.000000000000000000e+00 0.000000000000000000e+00 3.310293510266418392e-27 0.000000000000000000e+00
2.240000000000000000e+02 2.179308363842847040e-14 -1.457885181769641895e-12 1.442416702503839505e-12 0.000000000000000000e+00 0.000000000000000000e+00 9.514519797971383271e-28 0.000000000000000000e+00
2.250000000000000000e+02 2.035840795028915124e-14 -1.374107642842787181e-12 1.354735352685195767e-12 0.000000000000000000e+00 0.000000000000000000e+00 -6.158170256850746713e-27 0.000000000000000000e+00
2.260000000000000000e+02 1.869978304355631410e-14 -1.273440131236991645e-12 1.253741565459540111e-12 0.000000000000000000e+00 0.000000000000000000e+00 -4.585109108032719428e-27 0.000000000000000000e+00
2.270000000000000000e+02 1.725050530741701814e-14 -1.185163498860838982e-12 1.161616974178090768e-12 0.000000000000000000e+00 0.000000000000000000e+00 -1.261515191483100136e-28 0.000000000000000000e+00
2.280000000000000000e+02 1.597931218014943167e-14 -1.107518779424973414e-12 1.084871509335525717e-12 0.000000000000000000e+00 0.000000000000000000e+00 3.564064310434336949e-27 0.000000000000000000e+00
2.290000000000000000e+02 1.478182226828290189e-14 -1.033537663735903478e-12 1.009000025947246662e-12 0.000000000000000000e+00 0.000000000000000000e+00 -5.488551793918331975e-28 0.000000000000000000e+00
2.300000000000000000e+02 1.368947186217755273e-14 -9.655476456496032256e-13 9.402112738712916759e-13 0.000000000000000000e+00 0.000000000000000000e+00 6.202384545977251035e-28 0.000000000000000000e+00
2.310000000000000000e+02 1.256871958253831194e-14 -8.942070627040151358e-13 8.692763314497057652e-13 0.000000000000000000e+00 0.000000000000000000e+00 1.642628394974570094e-27 0.000000000000000000e+00
2.320000000000000000e+02 1.177210767377145162e-14 -8.447902520777865402e-13 8.180382327854894588e-13 0.000000000000000000e+00 0.000000000000000000e+00 2.664733407652882631e-27 0.000000000000000000e+00
2.330000000000000000e+02 1.086007650311072250e-14 -7.860902029006527567e-13 7.596570566776079817e-13 0.000000000000000000e+00 0.000000000000000000e+00 6.843525646248842761e-28 0.000000000000000000e+00
2.340000000000000000e+02 1.011472385903590992e-14 -7.384540049323460553e-13 7.112245417473997460e-13 0.000000000000000000e+00 0.000000000000000000e+00 -3.325869222800068729e-27 0.000000000000000000e+00
2.350000000000000000e+02 9.256931667395498433e-15 -6.816124004371526679e-13 6.548619062549347991e-13 0.000000000000000000e+00 0.000000000000000000e+00 -4.230929390597159495e-28 0.000000000000000000e+00
2.360000000000000000e+02 8.657457006051511173e-15 -6.428872761016756745e-13 6.162131334326785609e-13 0.000000000000000000e+00 0.000000000000000000e+00 -1.194159494462371344e-27 0.000000000000000000e+00
2.370000000000000000e+02 8.038344369695273663e-15 -6.019854488263383911e-13 5.744195726425463079e-13 0.000000000000000000e+00 0.000000000000000000e+00 1.930355631513872994e-27 0.000000000000000000e+00
2.380000000000000000e+02 7.440626496549194445e-15 -5.619299121859810144e-13 5.360858888462905082e-13 0.000000000000000000e+00 0.000000000000000000e+00 4.145490101366065885e-28 0.000000000000000000e+00
2.390000000000000000e+02 6.959544563185611484e-15 -5.300210441525928977e-13 5.029067331977877510e-13 0.000000000000000000e+00 0.000000000000000000e+00 4.828105809948843635e-27 0.000000000000000000e+00
2.400000000000000000e+02 6.435646227268479432e-15 -4.942351372337826862e-13 4.678574054505969897e-13 0.000000000000000000e+00 0.000000000000000000e+00 -1.843818611301433075e-28 0.000000000000000000e+00
2.410000000000000000e+02 6.011153375106704531e-15 -4.654893441989996278e-13 4.391625005374284407e-13 0.000000000000000000e+00 0.000000000000000000e+00 3.537632741512305144e-27 0.000000000000000000e+00
2.420000000000000000e+02 5.592006193703327852e-15 -4.366387051837792414e-13 4.108174670482083307e-13 0.000000000000000000e+00 0.000000000000000000e+00 -4.451479067033583269e-28 0.000000000000000000e+00
2.430000000000000000e+02 5.196962739817734717e-15 -4.091527955196591919e-13 3.841692522206236462e-13 0.000000000000000000e+00 0.000000000000000000e+00 -2.209999294589509315e-27 0.000000000000000000e+00
2.440000000000000000e+02 4.854507012428672988e-15 -3.853444406715741869e-13 3.606044635800860356e-13 0.000000000000000000e+00 0.000000000000000000e+00 1.517513323783720867e-27 0.000000000000000000e+00
2.450000000000000000e+02 4.528116950893760141e-15 -3.623932918466607596e-13 3.378812501491551793e-13 0.000000000000000000e+00 0.000000000000000000e+00 1.407979646301415466e-27 0.000000000000000000e+00
2.460000000000000000e+02 4.221879899326971389e-15 -3.406509763838161395e-13 3.169240421658890356e-13 0.000000000000000000e+00 0.000000000000000000e+00 6.762588927159603244e-28 0.000000000000000000e+00
2.470000000000000000e+02 3.926956991027857326e-15 -3.194333301898578695e-13 2.959665507397676325e-13 0.000000000000000000e+00 0.000000000000000000e+00 2.364881923795104693e-27 0.000000000000000000e+00
2.480000000000000000e+02 3.683698352702645137e-15 -3.020730019083424877e-13 2.793180625220060210e-13 0.000000000000000000e+00 0.000000000000000000e+00 1.360948172690779757e-27 0.000000000000000000e+00
2.490000000000000000e+02 3.450318649850773028e-15 -2.852241209174541546e-13 2.626476701927505256e-13 0.000000000000000000e+00 0.000000000000000000e+00 1.522616736641532580e-27 0.000000000000000000e+00
2.500000000000000000e+02 3.221372653188463799e-15 -2.684399916631594900e-13 2.469164716859889826e-13 0.000000000000000000e+00 0.000000000000000000e+00 -2.125596889392806787e-27 0.000000000000000000e+00
2.510000000000000000e+02 3.026186514390930169e-15 -2.541944248478679650e-13 2.327611362381614817e-13 0.000000000000000000e+00 0.000000000000000000e+00 6.888357617147523540e-28 0.000000000000000000e+00
2.520000000000000000e+02 2.848537611696493865e-15 -2.411845407995134847e-13 2.203401715373256499e-13 0.000000000000000000e+00 0.000000000000000000e+00 9.264985794060307712e-28 0.000000000000000000e+00
2.530000000000000000e+02 2.671247561454420301e-15 -2.279748696659711816e-13 2.075480540311829962e-13 0.000000000000000000e+00 0.000000000000000000e+00 -4.249908015703330689e-28 0.000000000000000000e+00
2.540000000000000000e+02 2.507814877634748417e-15 -2.157219935627966969e-13 1.960241307887133142e-13 0.000000000000000000e+00 0.000000000000000000e+00 4.649592478344778523e-28 0.000000000000000000e+00
2.550000000000000000e+02 2.355760437198398522e-15 -2.042350859091873270e-13 1.851375660150220101e-13 0.000000000000000000e+00 0.000000000000000000e+00 -2.700030804909455079e-27 0.000000000000000000e+00
2.560000000000000000e+02 2.248280603295044994e-15 -1.964498442189331742e-13 1.774936714130850170e-13 0.000000000000000000e+00 0.000000000000000000e+00 1.019737548763100246e-28 0.000000000000000000e+00
