0.000000000000000000e+00 2.015870254805280912e-37 0.000000000000000000e+00 0.000000000000000000e+00 0.000000000000000000e+00 0.000000000000000000e+00 -9.849072919839255133e-35 0.000000000000000000e+00
1.000000000000000000e+00 3.919463537220595900e-02 -8.835668983568616553e-05 -4.451659780108694719e-04 0.000000000000000000e+00 0.000000000000000000e+00 -3.177463051273063388e-01 0.000000000000000000e+00
2.000000000000000000e+00 1.546329388300863271e-02 -8.422873809036877902e-05 -2.473379558701713525e-04 0.000000000000000000e+00 0.000000000000000000e+00 5.970973145820242043e-18 0.000000000000000000e+00
3.000000000000000000e+00 2.498861617849448477e-03 -3.429130978551772098e-05 2.058020283935094055e-04 0.000000000000000000e+00 0.000000000000000000e+00 4.502616816596539852e-18 0.000000000000000000e+00
4.000000000000000000e+00 2.507128782238363888e-03 -5.372438037682444862e-05 1.988943528900069806e-04 0.000000000000000000e+00 0.000000000000000000e+00 -1.854214142018859276e-19 0.000000000000000000e+00
5.000000000000000000e+00 9.725370007146695236e-04 -3.241575052924741424e-05 1.525535920747300787e-04 0.000000000000000000e+00 0.000000000000000000e+00 5.886393207073475561e-20 0.000000000000000000e+00
6.000000000000000000e+00 3.509704415569589475e-04 -1.716546985058055037e-05 4.030848573917986366e-05 0.000000000000000000e+00 0.000000000000000000e+00 4.815097511040633126e-20 0.000000000000000000e+00
7.000000000000000000e+00 2.831013520386147972e-04 -1.836472665029561832e-05 3.525210416121216751e-05 0.000000000000000000e+00 0.000000000000000000e+00 5.102941947967863216e-19 0.000000000000000000e+00
8.000000000000000000e+00 1.555599530411106758e-04 -1.314404458417278266e-05 2.099119634325801031e-05 0.000000000000000000e+00 0.000000000000000000e+00 -4.108973788190930520e-21 0.000000000000000000e+00
9.000000000000000000e+00 9.007179862024312315e-05 -9.613315883228692172e-06 1.290918957205136479e-05 0.000000000000000000e+00 0.000000000000000000e+00 8.432633829486814455e-20 0.000000000000000000e+00
1.000000000000000000e+01 4.864645352546239856e-05 -6.570074757843940231e-06 9.136882527912440372e-06 0.000000000000000000e+00 0.000000000000000000e+00 1.495704651283145265e-19 0.000000000000000000e+00
1.100000000000000000e+01 2.240523994989881734e-05 -3.622006798446522839e-06 5.409187443241218997e-06 0.000000000000000000e+00 0.000000000000000000e+00 3.114863350195546186e-20 0.000000000000000000e+00
1.200000000000000000e+01 1.806647398022084839e-05 -3.452912547543064052e-06 4.406934717609253588e-06 0.000000000000000000e+00 0.000000000000000000e+00 -1.347931037917081285e-20 0.000000000000000000e+00
1.300000000000000000e+01 9.036022696328106394e-06 -2.038188614604680109e-06 2.765077524781446550e-06 0.000000000000000000e+00 0.000000000000000000e+00 2.780903279663779952e-22 0.000000000000000000e+00
1.400000000000000000e+01 4.992214467508551274e-06 -1.301820232572073229e-06 1.868637485659645031e-06 0.000000000000000000e+00 0.000000000000000000e+00 4.390583810979443617e-22 0.000000000000000000e+00
1.500000000000000000e+01 2.506510311218786790e-06 -7.495063137370013676e-07 9.594881934942029950e-07 0.000000000000000000e+00 0.000000000000000000e+00 -1.084896489792864711e-21 0.000000000000000000e+00
1.600000000000000000e+01 1.613967627811648477e-06 -5.488515981468614520e-07 7.291224106022172519e-07 0.000000000000000000e+00 0.000000000000000000e+00 1.561305153493821090e-21 0.000000000000000000e+00
1.700000000000000000e+01 8.108224429694861923e-07 -3.106067220185579301e-07 4.159392798280563745e-07 0.000000000000000000e+00 0.000000000000000000e+00 1.161883894345768642e-21 0.000000000000000000e+00
1.800000000000000000e+01 4.935721914900186703e-07 -2.134066985226724958e-07 2.783740379475033404e-07 0.000000000000000000e+00 0.000000000000000000e+00 -2.070655873235259266e-21 0.000000000000000000e+00
1.900000000000000000e+01 2.324205565774985050e-07 -1.117278998790340345e-07 1.464542720223148213e-07 0.000000000000000000e+00 0.000000000000000000e+00 -1.140926562673298670e-21 0.000000000000000000e+00
2.000000000000000000e+01 1.357752283921416748e-07 -7.221392494916957258e-08 9.103802324728479879e-08 0.000000000000000000e+00 0.000000000000000000e+00 3.168892028438402960e-22 0.000000000000000000e+00
2.100000000000000000e+01 7.534395763880604944e-08 -4.420143762625329691e-08 5.739757982980633229e-08 0.000000000000000000e+00 0.000000000000000000e+00 -1.848021654024467955e-23 0.000000000000000000e+00
2.200000000000000000e+01 3.945931249961981937e-08 -2.545994978259938386e-08 3.274503100004166312e-08 0.000000000000000000e+00 0.000000000000000000e+00 -2.664725940902500091e-22 0.000000000000000000e+00
2.300000000000000000e+01 2.192451101228208601e-08 -1.543481024775951395e-08 1.995185478068490153e-08 0.000000000000000000e+00 0.000000000000000000e+00 5.066876428969070137e-22 0.000000000000000000e+00
2.400000000000000000e+01 1.119263974936687415e-08 -8.568527699574682416e-09 1.162153084101833554e-08 0.000000000000000000e+00 0.000000000000000000e+00 3.907061171582051031e-23 0.000000000000000000e+00
2.500000000000000000e+01 6.374079693590639293e-09 -5.298018314638844169e-09 6.582805716517750669e-09 0.000000000000000000e+00 0.000000000000000000e+00 -2.123048748051577401e-23 0.000000000000000000e+00
2.600000000000000000e+01 3.547405630285680089e-09 -3.188124259683830375e-09 4.044717929193274478e-09 0.000000000000000000e+00 0.000000000000000000e+00 -5.310101669082706237e-23 0.000000000000000000e+00
2.700000000000000000e+01 1.718222040407476693e-09 -1.668849229267038531e-09 2.100162416290653238e-09 0.000000000000000000e+00 0.000000000000000000e+00 -2.065806709314419832e-24 0.000000000000000000e+00
2.800000000000000000e+01 9.664136689323621057e-10 -1.008887994460376609e-09 1.244960996316542107e-09 0.000000000000000000e+00 0.000000000000000000e+00 6.323217189996431014e-24 0.000000000000000000e+00
2.900000000000000000e+01 5.218579977885390208e-10 -5.846867047276938778e-10 7.136348569950193915e-10 0.000000000000000000e+00 0.000000000000000000e+00 1.539788846407663469e-23 0.000000000000000000e+00
3.000000000000000000e+01 2.722160065132350156e-10 -3.260535691665347346e-10 4.008649434003638073e-10 0.000000000000000000e+00 0.000000000000000000e+00 -8.087593106258432832e-24 0.000000000000000000e+00
3.100000000000000000e+01 1.492785985246170009e-10 -1.908201627412054983e-10 2.320876481659237028e-10 0.000000000000000000e+00 0.000000000000000000e+00 -1.186691969124038950e-23 0.000000000000000000e+00
3.200000000000000000e+01 7.680982267315392623e-11 -1.045751682739435603e-10 1.280086627067898469e-10 0.000000000000000000e+00 0.000000000000000000e+00 2.669566735170269484e-23 0.000000000000000000e+00
3.300000000000000000e+01 4.200146015102671363e-11 -6.075085358969742532e-11 7.527947687358825478e-11 0.000000000000000000e+00 0.000000000000000000e+00 1.124923152121245428e-24 0.000000000000000000e+00
3.400000000000000000e+01 2.334058684046308394e-11 -3.586106580653878599e-11 4.366086120828242427e-11 0.000000000000000000e+00 0.000000000000000000e+00 2.034513029573841689e-24 0.000000000000000000e+00
3.500000000000000000e+01 1.129197891787971158e-11 -1.842614375105296520e-11 2.289513358163113463e-11 0.000000000000000000e+00 0.000000000000000000e+00 5.696203468222599734e-26 0.000000000000000000e+00
3.600000000000000000e+01 6.257561200578335494e-12 -1.079409477699167323e-11 1.349098726487957334e-11 0.000000000000000000e+00 0.000000000000000000e+00 -2.897109498957452014e-24 0.000000000000000000e+00
3.700000000000000000e+01 3.050235320473072206e-12 -5.555627600906496302e-12 6.874723043916961997e-12 0.000000000000000000e+00 0.000000000000000000e+00 2.940714947822626796e-25 0.000000000000000000e+00
3.800000000000000000e+01 1.718330836738229955e-12 -3.301047888528103053e-12 4.049407080470504997e-12 0.000000000000000000e+00 0.000000000000000000e+00 -4.538076353032622873e-25 0.000000000000000000e+00
3.900000000000000000e+01 8.366801269199958564e-13 -1.693020877301575215e-12 2.088547968315256670e-12 0.000000000000000000e+00 0.000000000000000000e+00 7.492906817974418363e-25 0.000000000000000000e+00
4.000000000000000000e+01 4.470563222685224550e-13 -9.513143578220385818e-13 1.160751555639214123e-12 0.000000000000000000e+00 0.000000000000000000e+00 -2.256620283221673365e-25 0.000000000000000000e+00
4.100000000000000000e+01 2.419989557274494811e-13 -5.412631140221760440e-13 6.539493498004209514e-13 0.000000000000000000e+00 0.000000000000000000e+00 6.176530269884520562e-25 0.000000000000000000e+00
4.200000000000000000e+01 1.263295636768995426e-13 -2.967059629958741247e-13 3.600848720052829172e-13 0.000000000000000000e+00 0.000000000000000000e+00 -7.447445643716185784e-27 0.000000000000000000e+00
4.300000000000000000e+01 6.502989054836833667e-14 -1.600081567960699787e-13 1.948348242266985340e-13 0.000000000000000000e+00 0.000000000000000000e+00 1.343852256262270129e-25 0.000000000000000000e+00
4.400000000000000000e+01 3.305363500809280149e-14 -8.515400368522397000e-14 1.019972614421912363e-13 0.000000000000000000e+00 0.000000000000000000e+00 -3.859418232194349121e-26 0.000000000000000000e+00
4.500000000000000000e+01 1.791088471622541850e-14 -4.829977870783374726e-14 5.777657513135722954e-14 0.000000000000000000e+00 0.000000000000000000e+00 -8.176300462950485560e-27 0.000000000000000000e+00
4.600000000000000000e+01 8.707392943337022773e-15 -2.453076195942434838e-14 3.028042795176104524e-14 0.000000000000000000e+00 0.000000000000000000e+00 -5.793831436185419680e-26 0.000000000000000000e+00
4.700000000000000000e+01 4.859962671678937894e-15 -1.428219727771880569e-14 1.730090490200786623e-14 0.000000000000000000e+00 0.000000000000000000e+00 2.078647507182781235e-26 0.000000000000000000e+00
4.800000000000000000e+01 2.457262516014003343e-15 -7.533298085137778412e-15 9.138032949695207977e-15 0.000000000000000000e+00 0.000000000000000000e+00 -1.014825959019876980e-25 0.000000000000000000e+00
4.900000000000000000e+01 1.260174587058243303e-15 -4.027032642724305696e-15 4.883720829907498421e-15 0.000000000000000000e+00 0.000000000000000000e+00 -1.170386185443341076e-26 0.000000000000000000e+00
5.000000000000000000e+01 6.591933929610672582e-16 -2.193890079194546415e-15 2.660687052325556811e-15 0.000000000000000000e+00 0.000000000000000000e+00 1.815947574563034034e-27 0.000000000000000000e+00
5.100000000000000000e+01 3.379171696251191410e-16 -1.169866107799583070e-15 1.414199379294118483e-15 0.000000000000000000e+00 0.000000000000000000e+00 -5.626539688714410997e-27 0.000000000000000000e+00
5.200000000000000000e+01 1.855932106140733279e-16 -6.681094315005646345e-16 7.994074668588452822e-16 0.000000000000000000e+00 0.000000000000000000e+00 6.179920339995334861e-28 0.000000000000000000e+00
5.300000000000000000e+01 9.467116361766045351e-17 -3.541219428008551989e-16 4.256059633159755482e-16 0.000000000000000000e+00 0.000000000000000000e+00 1.268125464656840356e-27 0.000000000000000000e+00
5.400000000000000000e+01 4.971269507160396745e-17 -1.929807731489355100e-16 2.323899504282881404e-16 0.000000000000000000e+00 0.000000000000000000e+00 -5.359682490251383412e-27 0.000000000000000000e+00
5.500000000000000000e+01 2.518701947216103300e-17 -1.014581028316860930e-16 1.226560027354619740e-16 0.000000000000000000e+00 0.000000000000000000e+00 4.416467668973754087e-28 0.000000000000000000e+00
5.600000000000000000e+01 1.304694142550274641e-17 -5.445345434466648905e-17 6.636983808668307710e-17 0.000000000000000000e+00 0.000000000000000000e+00 -1.013097231230524872e-27 0.000000000000000000e+00
5.700000000000000000e+01 7.387884859485114412e-18 -3.194639019253253256e-17 3.801807673021038085e-17 0.000000000000000000e+00 0.000000000000000000e+00 1.125602734756260728e-27 0.000000000000000000e+00
5.800000000000000000e+01 3.546895683137838455e-18 -1.588984637863550273e-17 1.931931901740035189e-17 0.000000000000000000e+00 0.000000000000000000e+00 1.443307842759680656e-28 0.000000000000000000e+00
5.900000000000000000e+01 1.961220852005496582e-18 -9.085620261424252962e-18 1.089595423249830040e-17 0.000000000000000000e+00 0.000000000000000000e+00 3.312893508492797768e-28 0.000000000000000000e+00
6.000000000000000000e+01 1.003145296629453651e-18 -4.808020348470536135e-18 5.810243952272788369e-18 0.000000000000000000e+00 0.000000000000000000e+00 2.090711323918998583e-28 0.000000000000000000e+00
6.100000000000000000e+01 5.066452409624229592e-19 -2.510316592622487019e-18 3.047599186193245532e-18 0.000000000000000000e+00 0.000000000000000000e+00 -4.363300197689406018e-28 0.000000000000000000e+00
6.200000000000000000e+01 2.778589191269500068e-19 -1.421670229773501807e-18 1.719821901204553342e-18 0.000000000000000000e+00 0.000000000000000000e+00 7.589594005798603259e-31 0.000000000000000000e+00
6.300000000000000000e+01 1.358607826490025101e-19 -7.176530728498068684e-19 8.750390575576630361e-19 0.000000000000000000e+00 0.000000000000000000e+00 -3.501580253073393305e-28 0.000000000000000000e+00
6.400000000000000000e+01 7.125584835526792045e-20 -3.884702189296791925e-19 4.724040809050926274e-19 0.000000000000000000e+00 0.000000000000000000e+00 -5.544086324987366438e-29 0.000000000000000000e+00
6.500000000000000000e+01 3.950214830062094862e-20 -2.221243758633855824e-19 2.700672138802441797e-19 0.000000000000000000e+00 0.000000000000000000e+00 -5.284749966591449568e-28 0.000000000000000000e+00
6.600000000000000000e+01 1.804850825620491644e-20 -1.047151621436502525e-19 1.288583640591370848e-19 0.000000000000000000e+00 0.000000000000000000e+00 1.368299970146581338e-29 0.000000000000000000e+00
6.700000000000000000e+01 1.004798739008962808e-20 -6.008384254498392376e-20 7.327769381881523718e-20 0.000000000000000000e+00 0.000000000000000000e+00 2.317377784894933468e-29 0.000000000000000000e+00
6.800000000000000000e+01 5.185330427658984749e-21 -3.193764400521103701e-20 3.873458303497591543e-20 0.000000000000000000e+00 0.000000000000000000e+00 -9.016175644276717257e-30 0.000000000000000000e+00
6.900000000000000000e+01 2.763598919614700743e-21 -1.752305311834719631e-20 2.149478933042231831e-20 0.000000000000000000e+00 0.000000000000000000e+00 2.249422204946058212e-29 0.000000000000000000e+00
7.000000000000000000e+01 1.373713818666932281e-21 -8.967382143862624122e-21 1.103731602752335460e-20 0.000000000000000000e+00 0.000000000000000000e+00 3.216770148059557926e-30 0.000000000000000000e+00
7.100000000000000000e+01 7.106115359131047537e-22 -4.769378102148441753e-21 5.782809548903874835e-21 0.000000000000000000e+00 0.000000000000000000e+00 5.205604953305822369e-30 0.000000000000000000e+00
7.200000000000000000e+01 3.987809849215786530e-22 -2.751159548010636581e-21 3.373166070146013145e-21 0.000000000000000000e+00 0.000000000000000000e+00 8.482689428311099052e-30 0.000000000000000000e+00
7.300000000000000000e+01 2.009928639637568662e-22 -1.426576802838113542e-21 1.753103055703855820e-21 0.000000000000000000e+00 0.000000000000000000e+00 9.425915273307642507e-31 0.000000000000000000e+00
7.400000000000000000e+01 1.088944703813034783e-22 -7.941287273431894442e-22 9.651809660244022994e-22 0.000000000000000000e+00 0.000000000000000000e+00 -1.972019263231839940e-30 0.000000000000000000e+00
7.500000000000000000e+01 5.162704620856589845e-23 -3.867575682758388230e-22 4.760506707611591097e-22 0.000000000000000000e+00 0.000000000000000000e+00 -1.829826478585989486e-30 0.000000000000000000e+00
7.600000000000000000e+01 2.805641180777597867e-23 -2.158278331398465208e-22 2.630794832922604543e-22 0.000000000000000000e+00 0.000000000000000000e+00 3.196547682572873590e-31 0.000000000000000000e+00
7.700000000000000000e+01 1.460317186751399671e-23 -1.153025137765911506e-22 1.414793074808834965e-22 0.000000000000000000e+00 0.000000000000000000e+00 -5.859625963778241234e-31 0.000000000000000000e+00
7.800000000000000000e+01 7.534171154496417524e-24 -6.103732460626431657e-23 7.497877084084946673e-23 0.000000000000000000e+00 0.000000000000000000e+00 -4.842652909511439993e-31 0.000000000000000000e+00
7.900000000000000000e+01 4.050896205992130731e-24 -3.367105100839485764e-23 4.110755330708300947e-23 0.000000000000000000e+00 0.000000000000000000e+00 -5.332246368657041933e-31 0.000000000000000000e+00
8.000000000000000000e+01 2.040192128930272633e-24 -1.738694863824519557e-23 2.143945043406716662e-23 0.000000000000000000e+00 0.000000000000000000e+00 -5.594230891159329460e-31 0.000000000000000000e+00
8.100000000000000000e+01 1.114170804527913559e-24 -9.734501609705808396e-24 1.197268177264863130e-23 0.000000000000000000e+00 0.000000000000000000e+00 1.419898469872360035e-31 0.000000000000000000e+00
8.200000000000000000e+01 5.850518584820594712e-25 -5.238170996987751198e-24 6.478300379700315568e-24 0.000000000000000000e+00 0.000000000000000000e+00 1.009674733321603364e-31 0.000000000000000000e+00
8.300000000000000000e+01 2.967704083607203635e-25 -2.723943019179497319e-24 3.338428503604754921e-24 0.000000000000000000e+00 0.000000000000000000e+00 -2.364725131113841888e-32 0.000000000000000000e+00
8.400000000000000000e+01 1.607730035712030805e-25 -1.510384169157215817e-24 1.851088070799769040e-24 0.000000000000000000e+00 0.000000000000000000e+00 1.414276406354502338e-31 0.000000000000000000e+00
8.500000000000000000e+01 8.213235589897162966e-26 -7.905328075812919868e-25 9.661147423239043885e-25 0.000000000000000000e+00 0.000000000000000000e+00 -3.010908568166755374e-33 0.000000000000000000e+00
8.600000000000000000e+01 4.386374588633526045e-26 -4.321586536839983276e-25 5.288231328508425569e-25 0.000000000000000000e+00 0.000000000000000000e+00 1.226197796531009682e-33 0.000000000000000000e+00
8.700000000000000000e+01 2.329174720321171556e-26 -2.348324786962398212e-25 2.889636885737774214e-25 0.000000000000000000e+00 0.000000000000000000e+00 -4.271261122578378357e-32 0.000000000000000000e+00
8.800000000000000000e+01 1.230086653751403646e-26 -1.268796680614742133e-25 1.558161569232754392e-25 0.000000000000000000e+00 0.000000000000000000e+00 -2.131933870136347210e-32 0.000000000000000000e+00
8.900000000000000000e+01 6.474361824375452953e-27 -6.830448629554163345e-26 8.374308482033593348e-26 0.000000000000000000e+00 0.000000000000000000e+00 -1.193053435155918704e-32 0.000000000000000000e+00
9.000000000000000000e+01 3.351828802773319865e-27 -3.616482777754823731e-26 4.522609325778410808e-26 0.000000000000000000e+00 0.000000000000000000e+00 1.527395217871360971e-33 0.000000000000000000e+00
9.100000000000000000e+01 1.720507831385620351e-27 -1.897909557568390297e-26 2.369613293251233548e-26 0.000000000000000000e+00 0.000000000000000000e+00 4.598596706654082886e-33 0.000000000000000000e+00
9.200000000000000000e+01 9.502846700235679256e-28 -1.071292587414906141e-26 1.320001820826024169e-26 0.000000000000000000e+00 0.000000000000000000e+00 -1.716153766314725114e-33 0.000000000000000000e+00
9.300000000000000000e+01 4.934028821440297330e-28 -5.685348485067524985e-27 7.057030544449769390e-27 0.000000000000000000e+00 0.000000000000000000e+00 -4.757991284067652262e-33 0.000000000000000000e+00
9.400000000000000000e+01 2.640296791279325545e-28 -3.106719367256176782e-27 3.852479768995749999e-27 0.000000000000000000e+00 0.000000000000000000e+00 1.011604425871872591e-32 0.000000000000000000e+00
9.500000000000000000e+01 1.433249054152872120e-28 -1.722869926952789416e-27 2.105098345081851291e-27 0.000000000000000000e+00 0.000000000000000000e+00 1.279575439171468511e-32 0.000000000000000000e+00
9.600000000000000000e+01 7.170199657935193145e-29 -8.801576424084651338e-28 1.109021040378015612e-27 0.000000000000000000e+00 0.000000000000000000e+00 -3.552657344551018329e-33 0.000000000000000000e+00
9.700000000000000000e+01 4.068292800332552017e-29 -5.097212033098850231e-28 6.273600287179030371e-28 0.000000000000000000e+00 0.000000000000000000e+00 1.526515172310126174e-32 0.000000000000000000e+00
9.800000000000000000e+01 2.067213325912942325e-29 -2.645426413595347852e-28 3.297692625608870830e-28 0.000000000000000000e+00 0.000000000000000000e+00 -2.604760947892378242e-33 0.000000000000000000e+00
9.900000000000000000e+01 1.085037329138361203e-29 -1.416854269990146019e-28 1.763201499035841748e-28 0.000000000000000000e+00 0.000000000000000000e+00 -2.459664950041868267e-33 0.000000000000000000e+00
1.000000000000000000e+02 5.668018038658811620e-30 -7.552104722267960934e-29 9.470057685139607290e-29 0.000000000000000000e+00 0.000000000000000000e+00 -3.122351150264246945e-34 0.000000000000000000e+00
1.010000000000000000e+02 3.073969839269263375e-30 -4.176675832209348023e-29 5.179082697713105985e-29 0.000000000000000000e+00 0.000000000000000000e+00 4.531254879824265320e-34 0.000000000000000000e+00
1.020000000000000000e+02 1.685263966158471287e-30 -2.335870007618736641e-29 2.814989193375710264e-29 0.000000000000000000e+00 0.000000000000000000e+00 -3.275592040217343277e-34 0.000000000000000000e+00
1.030000000000000000e+02 9.228317368657316538e-31 -1.304169390851078379e-29 1.578482480325318540e-29 0.000000000000000000e+00 0.000000000000000000e+00 6.270935763452005156e-34 0.000000000000000000e+00
1.040000000000000000e+02 4.801229337873925571e-31 -6.919823622219036763e-30 8.510790792206639031e-30 0.000000000000000000e+00 0.000000000000000000e+00 5.687082438439970817e-34 0.000000000000000000e+00
1.050000000000000000e+02 2.551688089534054107e-31 -3.747221273471672999e-30 4.614762042372946529e-30 0.000000000000000000e+00 0.000000000000000000e+00 3.021010337577495295e-34 0.000000000000000000e+00
1.060000000000000000e+02 1.941518394036282819e-31 -2.907126415158053296e-30 2.296116235198530667e-30 0.000000000000000000e+00 0.000000000000000000e+00 -6.178803745727044854e-33 0.000000000000000000e+00
1.070000000000000000e+02 9.349676698192286935e-32 -1.426352139966918134e-30 1.523510577931149601e-30 0.000000000000000000e+00 0.000000000000000000e+00 -5.283264698042974066e-34 0.000000000000000000e+00
1.080000000000000000e+02 5.754180841417973976e-32 -8.946530478620694037e-31 1.105610081195024198e-30 0.000000000000000000e+00 0.000000000000000000e+00 -8.501362875051693641e-34 0.000000000000000000e+00
1.090000000000000000e+02 8.167793149799658973e-32 -1.294223483861657135e-30 7.298272756043741063e-31 0.000000000000000000e+00 0.000000000000000000e+00 -7.304063472190670617e-34 0.000000000000000000e+00
1.100000000000000000e+02 1.033204785024528961e-31 -1.667674091320553347e-30 2.120565956032799813e-30 0.000000000000000000e+00 0.000000000000000000e+00 -1.107918719426179960e-33 0.000000000000000000e+00
1.110000000000000000e+02 4.033130076496578928e-31 -6.627723968115319100e-30 -3.253848984128204257e-30 0.000000000000000000e+00 0.000000000000000000e+00 -1.667494022928446683e-33 0.000000000000000000e+00
1.120000000000000000e+02 2.085057398609749776e-31 -3.488721530718466605e-30 4.456428270282613586e-30 0.000000000000000000e+00 0.000000000000000000e+00 5.204398775237385696e-34 0.000000000000000000e+00
1.130000000000000000e+02 7.274922060220287704e-31 -1.238941594360180012e-29 -7.752662907305337591e-30 0.000000000000000000e+00 0.000000000000000000e+00 -1.109483632969395592e-32 0.000000000000000000e+00
1.140000000000000000e+02 1.419501029323051909e-31 -2.460657123690791570e-30 3.079996396679486878e-30 0.000000000000000000e+00 0.000000000000000000e+00 1.945314150360819521e-33 0.000000000000000000e+00
1.150000000000000000e+02 8.295855483735793045e-32 -1.463564757342081586e-30 5.165987544145999781e-31 0.000000000000000000e+00 0.000000000000000000e+00 8.190992148412134687e-34 0.000000000000000000e+00
1.160000000000000000e+02 1.925124956490960218e-32 -3.456602214663197726e-31 3.593189304245207009e-31 0.000000000000000000e+00 0.000000000000000000e+00 5.238153692974718103e-34 0.000000000000000000e+00
1.170000000000000000e+02 1.497881079964473266e-32 -2.736703153080451692e-31 1.624307206142533582e-31 0.000000000000000000e+00 0.000000000000000000e+00 2.096247455460206816e-34 0.000000000000000000e+00
1.180000000000000000e+02 3.838481680332832094e-32 -7.129608724442187448e-31 -8.781505526088489352e-32 0.000000000000000000e+00 0.000000000000000000e+00 4.421686436742073457e-34 0.000000000000000000e+00
1.190000000000000000e+02 1.317103131368369401e-32 -2.489447976788546614e-31 6.590895252735417584e-32 0.000000000000000000e+00 0.000000000000000000e+00 -2.528686249155508791e-34 0.000000000000000000e+00
1.200000000000000000e+02 8.278358930206030876e-33 -1.590878380627930191e-31 8.265898566796522612e-32 0.000000000000000000e+00 0.000000000000000000e+00 2.098016785542992004e-34 0.000000000000000000e+00
1.210000000000000000e+02 1.383156417604731499e-32 -2.702604335420808139e-31 2.038917413126614978e-31 0.000000000000000000e+00 0.000000000000000000e+00 4.435761911760735639e-34 0.000000000000000000e+00
1.220000000000000000e+02 7.036789614583458302e-32 -1.397939477935408399e-30 -3.615826121184153189e-31 0.000000000000000000e+00 0.000000000000000000e+00 4.945176863490231619e-34 0.000000000000000000e+00
1.230000000000000000e+02 3.811269094945414648e-32 -7.694757829498580424e-31 9.472980503040936866e-32 0.000000000000000000e+00 0.000000000000000000e+00 1.133103162471829381e-33 0.000000000000000000e+00
1.240000000000000000e+02 3.227657431386942974e-32 -6.621249202523816343e-31 4.212281510283710093e-31 0.000000000000000000e+00 0.000000000000000000e+00 3.102319298197375448e-34 0.000000000000000000e+00
1.250000000000000000e+02 7.897439858890577284e-32 -1.646177741553651822e-30 5.008884413002026635e-31 0.000000000000000000e+00 0.000000000000000000e+00 -1.645084574644463579e-33 0.000000000000000000e+00
1.260000000000000000e+02 1.256239194275389063e-31 -2.659947909938594940e-30 2.385639232965616812e-30 0.000000000000000000e+00 0.000000000000000000e+00 -1.825457057704088246e-33 0.000000000000000000e+00
1.270000000000000000e+02 4.355505282428685307e-31 -9.367793466324919893e-30 -4.847395652294260737e-30 0.000000000000000000e+00 0.000000000000000000e+00 2.173082288083764034e-32 0.000000000000000000e+00
1.280000000000000000e+02 7.642092298993962302e-32 -1.670015664154399936e-30 2.265394552417545147e-30 0.000000000000000000e+00 0.000000000000000000e+00 1.004236619017042382e-32 0.000000000000000000e+00
1.290000000000000000e+02 2.109259865101786783e-31 -4.681172200986142656e-30 -1.299251995993850215e-30 0.000000000000000000e+00 0.000000000000000000e+00 3.734550244659385507e-33 0.000000000000000000e+00
1.300000000000000000e+02 5.480189057543501232e-32 -1.235437360341991738e-30 7.673594261657090532e-31 0.000000000000000000e+00 0.000000000000000000e+00 -1.298816391072565809e-33 0.000000000000000000e+00
1.310000000000000000e+02 7.442023038691768813e-32 -1.703627213334519819e-30 -3.912285588327394861e-31 0.000000000000000000e+00 0.000000000000000000e+00 -3.873317219630325347e-33 0.000000000000000000e+00
1.320000000000000000e+02 2.399550005823134840e-32 -5.577768995517965857e-31 2.378877179965411725e-31 0.000000000000000000e+00 0.000000000000000000e+00 6.555573656760739047e-35 0.000000000000000000e+00
1.330000000000000000e+02 3.690788319519340076e-32 -8.712012919134262223e-31 1.416745874635876974e-31 0.000000000000000000e+00 0.000000000000000000e+00 -2.792183910939006834e-34 0.000000000000000000e+00
1.340000000000000000e+02 6.528107528024770436e-32 -1.564200950939480050e-30 -4.497627856583199802e-31 0.000000000000000000e+00 0.000000000000000000e+00 -1.324798294410287156e-33 0.000000000000000000e+00
1.350000000000000000e+02 1.049824095271522534e-32 -2.552504933989575017e-31 2.242247848846122342e-31 0.000000000000000000e+00 0.000000000000000000e+00 -2.384509622880672014e-36 0.000000000000000000e+00
1.360000000000000000e+02 6.920438676289624058e-33 -1.708045726167398309e-31 6.397473736000334614e-32 0.000000000000000000e+00 0.000000000000000000e+00 -5.668622260127625914e-34 0.000000000000000000e+00
1.370000000000000000e+02 8.379791119026667683e-33 -2.098890266150108216e-31 4.138739801108897781e-32 0.000000000000000000e+00 0.000000000000000000e+00 -2.266515164903544662e-35 0.000000000000000000e+00
1.380000000000000000e+02 1.930990861026751959e-32 -4.905209623842698810e-31 -7.452358945309246121e-32 0.000000000000000000e+00 0.000000000000000000e+00 2.242076279041914557e-33 0.000000000000000000e+00
1.390000000000000000e+02 7.955701927650952755e-33 -2.050454734558340221e-31 6.127697031647039866e-32 0.000000000000000000e+00 0.000000000000000000e+00 -5.127711227976006804e-34 0.000000000000000000e+00
1.400000000000000000e+02 5.975322226751996746e-33 -1.562435592551696761e-31 1.210784524036898268e-31 0.000000000000000000e+00 0.000000000000000000e+00 -3.505182605285936106e-34 0.000000000000000000e+00
1.410000000000000000e+02 2.176318659971525030e-32 -5.771304827594395634e-31 1.474658474783907264e-31 0.000000000000000000e+00 0.000000000000000000e+00 -1.115225913934521129e-33 0.000000000000000000e+00
1.420000000000000000e+02 3.049738639052526620e-32 -8.202267478333988945e-31 1.051735399839007063e-30 0.000000000000000000e+00 0.000000000000000000e+00 9.361572750021220645e-34 0.000000000000000000e+00
1.430000000000000000e+02 2.821959264653718458e-31 -7.695333942472349057e-30 -1.961819556684364986e-30 0.000000000000000000e+00 0.000000000000000000e+00 -9.666985662531094540e-33 0.000000000000000000e+00
1.440000000000000000e+02 3.989091796066738366e-32 -1.103260639969315151e-30 1.516020763855546779e-30 0.000000000000000000e+00 0.000000000000000000e+00 -2.374197769567407970e-33 0.000000000000000000e+00
1.450000000000000000e+02 3.356455952811895407e-31 -9.410652114325596088e-30 -2.821186574922528206e-30 0.000000000000000000e+00 0.000000000000000000e+00 1.723920356588280868e-33 0.000000000000000000e+00
1.460000000000000000e+02 3.913552938910009796e-32 -1.112584664855577754e-30 1.415090980502873036e-30 0.000000000000000000e+00 0.000000000000000000e+00 -2.338175524571669293e-33 0.000000000000000000e+00
1.470000000000000000e+02 1.969111128609098493e-32 -5.675583392908087514e-31 3.410702564318948517e-31 0.000000000000000000e+00 0.000000000000000000e+00 1.972486957664784887e-33 0.000000000000000000e+00
1.480000000000000000e+02 5.464367616901401944e-33 -1.596531607725484930e-31 1.206810128379384885e-31 0.000000000000000000e+00 0.000000000000000000e+00 2.646507242368560934e-35 0.000000000000000000e+00
1.490000000000000000e+02 7.212114826260716776e-33 -2.135715136386013277e-31 3.745407029418683493e-32 0.000000000000000000e+00 0.000000000000000000e+00 8.972948636487933625e-35 0.000000000000000000e+00
1.500000000000000000e+02 1.864402249849802840e-32 -5.594411189049273581e-31 -4.646259257206206778e-32 0.000000000000000000e+00 0.000000000000000000e+00 -8.247905629181762906e-34 0.000000000000000000e+00
1.510000000000000000e+02 4.313786385014094580e-33 -1.311897503142478497e-31 2.900797924797236954e-32 0.000000000000000000e+00 0.000000000000000000e+00 5.081371912394833982e-34 0.000000000000000000e+00
1.520000000000000000e+02 3.998682486037814336e-33 -1.232443024552976677e-31 2.243951366268152011e-32 0.000000000000000000e+00 0.000000000000000000e+00 -8.967980839600306949e-35 0.000000000000000000e+00
1.530000000000000000e+02 3.827304130332610017e-33 -1.194934861300661935e-31 5.075221837173130367e-32 0.000000000000000000e+00 0.000000000000000000e+00 -1.577393014919499872e-34 0.000000000000000000e+00
1.540000000000000000e+02 1.686801399151230164e-32 -5.334977807889887239e-31 -8.911266705093521727e-32 0.000000000000000000e+00 0.000000000000000000e+00 -3.165696325770857038e-33 0.000000000000000000e+00
1.550000000000000000e+02 7.330574822260301990e-33 -2.348947202121468302e-31 5.849329584454535593e-34 0.000000000000000000e+00 0.000000000000000000e+00 6.254977862625852517e-34 0.000000000000000000e+00
1.560000000000000000e+02 2.698585068813951541e-33 -8.758352905833190979e-32 4.270108906179435023e-32 0.000000000000000000e+00 0.000000000000000000e+00 -2.238216645065188751e-34 0.000000000000000000e+00
1.570000000000000000e+02 4.280706073154097239e-33 -1.407095160452940160e-31 5.390681909466062148e-32 0.000000000000000000e+00 0.000000000000000000e+00 2.434380313749295051e-34 0.000000000000000000e+00
1.580000000000000000e+02 1.828749443611747574e-32 -6.088026796167600548e-31 -7.070060757783407302e-33 0.000000000000000000e+00 0.000000000000000000e+00 3.797879683739242045e-33 0.000000000000000000e+00
1.590000000000000000e+02 1.177330502187751775e-32 -3.969156846786493703e-31 -9.244204952275177236e-32 0.000000000000000000e+00 0.000000000000000000e+00 -2.117791596935262716e-35 0.000000000000000000e+00
1.600000000000000000e+02 4.853327472073447822e-33 -1.656933793195250244e-31 8.016033449980336860e-32 0.000000000000000000e+00 0.000000000000000000e+00 1.727593792049919887e-35 0.000000000000000000e+00
1.610000000000000000e+02 1.352109470315081577e-32 -4.673661298664003287e-31 -7.061021755773421481e-32 0.000000000000000000e+00 0.000000000000000000e+00 1.118439940881639915e-33 0.000000000000000000e+00
1.620000000000000000e+02 1.337594391913950153e-32 -4.681413507560363690e-31 -8.002187218063540833e-33 0.000000000000000000e+00 0.000000000000000000e+00 1.018789647722021228e-34 0.000000000000000000e+00
1.630000000000000000e+02 3.682560021071175264e-33 -1.304811021763858336e-31 1.948162762245116566e-32 0.000000000000000000e+00 0.000000000000000000e+00 -3.889663700642162832e-34 0.000000000000000000e+00
1.640000000000000000e+02 2.868919084414146847e-33 -1.029122479658821024e-31 4.853852011896463859e-32 0.000000000000000000e+00 0.000000000000000000e+00 -2.145886199375398387e-34 0.000000000000000000e+00
1.650000000000000000e+02 7.300253132072428144e-33 -2.650630185288359835e-31 -1.445063577014001658e-33 0.000000000000000000e+00 0.000000000000000000e+00 6.399233786486755140e-34 0.000000000000000000e+00
1.660000000000000000e+02 1.390055940716558248e-32 -5.108358263318700822e-31 -7.889043448410611189e-32 0.000000000000000000e+00 0.000000000000000000e+00 -1.025234691602966221e-34 0.000000000000000000e+00
1.670000000000000000e+02 3.153113815174051999e-33 -1.172754304317794930e-31 3.740568023797449859e-32 0.000000000000000000e+00 0.000000000000000000e+00 1.430908623223639074e-34 0.000000000000000000e+00
1.680000000000000000e+02 2.982347562603045164e-33 -1.122766076556819285e-31 1.577566286157967480e-32 0.000000000000000000e+00 0.000000000000000000e+00 2.928584169050870743e-35 0.000000000000000000e+00
1.690000000000000000e+02 3.815121035327711587e-33 -1.453003808183586673e-31 5.219449498989835021e-32 0.000000000000000000e+00 0.000000000000000000e+00 -1.578491191450012661e-34 0.000000000000000000e+00
1.700000000000000000e+02 1.129755951697189689e-32 -4.354097691549795101e-31 -9.628937554820143704e-32 0.000000000000000000e+00 0.000000000000000000e+00 7.766340559888232096e-34 0.000000000000000000e+00
1.710000000000000000e+02 4.371189835178964995e-33 -1.704852133876019637e-31 5.442247522982471496e-32 0.000000000000000000e+00 0.000000000000000000e+00 5.404709350902185923e-34 0.000000000000000000e+00
1.720000000000000000e+02 3.191453486562438060e-33 -1.259219864709073379e-31 8.987424119915743845e-32 0.000000000000000000e+00 0.000000000000000000e+00 1.032040955435997665e-33 0.000000000000000000e+00
1.730000000000000000e+02 1.321090106918813002e-32 -5.273007131576614602e-31 1.180586858744862209e-31 0.000000000000000000e+00 0.000000000000000000e+00 -1.159020343324132750e-33 0.000000000000000000e+00
1.740000000000000000e+02 1.979159357762446620e-32 -7.991060112665442064e-31 1.225504112463443390e-30 0.000000000000000000e+00 0.000000000000000000e+00 -9.287324899686721725e-34 0.000000000000000000e+00
1.750000000000000000e+02 2.530820873566158303e-31 -1.033507464251593124e-29 -2.611829333117860298e-30 0.000000000000000000e+00 0.000000000000000000e+00 -1.045645044453254898e-32 0.000000000000000000e+00
1.760000000000000000e+02 3.403544488703035231e-32 -1.405902322730097022e-30 2.350650618784904624e-30 0.000000000000000000e+00 0.000000000000000000e+00 -3.096693856297683344e-33 0.000000000000000000e+00
1.770000000000000000e+02 2.929456039844013591e-31 -1.223757834110988119e-29 -2.484704404560843300e-30 0.000000000000000000e+00 0.000000000000000000e+00 -7.156092681641186591e-33 0.000000000000000000e+00
1.780000000000000000e+02 1.727595131098960055e-32 -7.299257540380725321e-31 1.156322779009517227e-30 0.000000000000000000e+00 0.000000000000000000e+00 2.975430802527504295e-34 0.000000000000000000e+00
1.790000000000000000e+02 1.351699076206008267e-32 -5.775688553721224442e-31 4.438952878444448255e-32 0.000000000000000000e+00 0.000000000000000000e+00 9.987860762947970428e-34 0.000000000000000000e+00
1.800000000000000000e+02 3.121608252337073311e-33 -1.348767226354374934e-31 8.090114494255140068e-32 0.000000000000000000e+00 0.000000000000000000e+00 4.276366612613568567e-35 0.000000000000000000e+00
1.810000000000000000e+02 3.855595799972139955e-33 -1.684588197703925069e-31 3.916626608056641695e-32 0.000000000000000000e+00 0.000000000000000000e+00 9.144432180973043416e-34 0.000000000000000000e+00
1.820000000000000000e+02 9.052440035809527578e-33 -3.998850424653551151e-31 -8.402028733332170310e-32 0.000000000000000000e+00 0.000000000000000000e+00 -3.623482185050181573e-34 0.000000000000000000e+00
1.830000000000000000e+02 3.972260881949472139e-33 -1.774008052649164784e-31 5.725558298474556174e-32 0.000000000000000000e+00 0.000000000000000000e+00 1.015584402726893188e-33 0.000000000000000000e+00
1.840000000000000000e+02 2.578681745726562731e-33 -1.164343811412864011e-31 6.121272236077743342e-32 0.000000000000000000e+00 0.000000000000000000e+00 8.548534159699453932e-36 0.000000000000000000e+00
1.850000000000000000e+02 7.109168888852886908e-33 -3.245238971868176863e-31 4.482764612309264836e-32 0.000000000000000000e+00 0.000000000000000000e+00 -7.451099827134857033e-34 0.000000000000000000e+00
1.860000000000000000e+02 2.217867368471571555e-32 -1.023304509556920916e-30 -2.473317255402232986e-33 0.000000000000000000e+00 0.000000000000000000e+00 -1.505284826308299994e-33 0.000000000000000000e+00
1.870000000000000000e+02 2.086706333515580171e-32 -9.733350182907477606e-31 1.018091937752170884e-31 0.000000000000000000e+00 0.000000000000000000e+00 -1.647604414759889235e-34 0.000000000000000000e+00
1.880000000000000000e+02 4.125575459495853744e-32 -1.944939624918798365e-30 3.514534682831731797e-32 0.000000000000000000e+00 0.000000000000000000e+00 7.210152608897398024e-36 0.000000000000000000e+00
1.890000000000000000e+02 4.904699056289753283e-32 -2.336609684778355070e-30 4.171992153570476515e-31 0.000000000000000000e+00 0.000000000000000000e+00 4.683394579574346940e-34 0.000000000000000000e+00
1.900000000000000000e+02 7.806305797737480489e-32 -3.758246180795924505e-30 3.343166325498804659e-30 0.000000000000000000e+00 0.000000000000000000e+00 -8.112441733730002901e-33 0.000000000000000000e+00
1.910000000000000000e+02 8.173310009940225244e-31 -3.975824329212708742e-29 -8.835103183161260006e-30 0.000000000000000000e+00 0.000000000000000000e+00 2.679931321011226829e-32 0.000000000000000000e+00
1.920000000000000000e+02 7.406401594725386749e-32 -3.640891647036471484e-30 7.022590878632654730e-30 0.000000000000000000e+00 0.000000000000000000e+00 5.746615484981470579e-33 0.000000000000000000e+00
1.930000000000000000e+02 4.833594276035733369e-31 -2.400760052344901966e-29 -5.296821087471642459e-30 0.000000000000000000e+00 0.000000000000000000e+00 1.519343215318425056e-32 0.000000000000000000e+00
1.940000000000000000e+02 1.227173813344106521e-31 -6.159003216746769013e-30 3.114436559739368096e-30 0.000000000000000000e+00 0.000000000000000000e+00 1.218733612310995236e-32 0.000000000000000000e+00
1.950000000000000000e+02 8.679502118423819610e-32 -4.401143145005325753e-30 -1.732897144250168772e-31 0.000000000000000000e+00 0.000000000000000000e+00 2.343315624342431046e-33 0.000000000000000000e+00
1.960000000000000000e+02 7.108694780774353489e-32 -3.642076683376682579e-30 -6.576849616837838458e-32 0.000000000000000000e+00 0.000000000000000000e+00 2.127360932243757799e-35 0.000000000000000000e+00
1.970000000000000000e+02 2.098845914704303381e-32 -1.086463472788744314e-30 1.612226376600373789e-31 0.000000000000000000e+00 0.000000000000000000e+00 -8.069244450796906438e-35 0.000000000000000000e+00
1.980000000000000000e+02 1.458955080157534922e-32 -7.628214418192229879e-31 4.318414895437101662e-33 0.000000000000000000e+00 0.000000000000000000e+00 1.041953431997268655e-33 0.000000000000000000e+00
1.990000000000000000e+02 7.854445936479622923e-33 -4.148222841126697087e-31 3.754123575397625335e-32 0.000000000000000000e+00 0.000000000000000000e+00 3.561967316816806443e-34 0.000000000000000000e+00
2.000000000000000000e+02 2.455293946618526824e-33 -1.309583535361981689e-31 4.350498495785759939e-32 0.000000000000000000e+00 0.000000000000000000e+00 -2.402607379934010833e-35 0.000000000000000000e+00
2.010000000000000000e+02 2.535835886953324709e-33 -1.366171754860704997e-31 5.384814876161933333e-32 0.000000000000000000e+00 0.000000000000000000e+00 -6.648968760511498205e-34 0.000000000000000000e+00
2.020000000000000000e+02 1.137128421898558904e-32 -6.187267440382284860e-31 -7.107804425859333590e-32 0.000000000000000000e+00 0.000000000000000000e+00 3.871641115004046285e-35 0.000000000000000000e+00
2.030000000000000000e+02 3.540200617581723095e-33 -1.945591731529539832e-31 3.880410258938498693e-32 0.000000000000000000e+00 0.000000000000000000e+00 -2.607636607187565495e-34 0.000000000000000000e+00
2.040000000000000000e+02 2.638641648249323363e-33 -1.464430582403354973e-31 7.545295767959816806e-32 0.000000000000000000e+00 0.000000000000000000e+00 -1.041209889618750036e-34 0.000000000000000000e+00
2.050000000000000000e+02 1.196642364172167773e-32 -6.705957620367259249e-31 -3.666250290056860388e-32 0.000000000000000000e+00 0.000000000000000000e+00 -2.801887168065445252e-34 0.000000000000000000e+00
2.060000000000000000e+02 1.072799850703145260e-32 -6.070731363809529606e-31 1.194293452448214915e-30 0.000000000000000000e+00 0.000000000000000000e+00 5.491025720486134368e-34 0.000000000000000000e+00
2.070000000000000000e+02 2.155307599306261431e-31 -1.231424670637254872e-29 -2.223062697661088544e-30 0.000000000000000000e+00 0.000000000000000000e+00 -1.468411192813700045e-32 0.000000000000000000e+00
2.080000000000000000e+02 1.084193831523168453e-32 -6.254927530650058921e-31 1.265543658069179908e-30 0.000000000000000000e+00 0.000000000000000000e+00 -1.047446582131280137e-33 0.000000000000000000e+00
2.090000000000000000e+02 1.616129333471676602e-31 -9.413121117920737289e-30 -9.030610176500032493e-31 0.000000000000000000e+00 0.000000000000000000e+00 -2.596313607986776241e-33 0.000000000000000000e+00
2.100000000000000000e+02 5.887867587267888523e-33 -3.462576579305038894e-31 5.727980606303388398e-31 0.000000000000000000e+00 0.000000000000000000e+00 -1.057402062789940453e-34 0.000000000000000000e+00
2.110000000000000000e+02 7.890343443983877200e-33 -4.684361017536795430e-31 -4.226246144570687756e-33 0.000000000000000000e+00 0.000000000000000000e+00 1.656207758622106461e-34 0.000000000000000000e+00
2.120000000000000000e+02 2.423416354396238666e-33 -1.452408502526050190e-31 5.181978850123646681e-32 0.000000000000000000e+00 0.000000000000000000e+00 3.178173150460851963e-35 0.000000000000000000e+00
2.130000000000000000e+02 4.012354717741896799e-33 -2.427502251620726512e-31 4.305324669201442915e-32 0.000000000000000000e+00 0.000000000000000000e+00 -4.191198288941430043e-34 0.000000000000000000e+00
2.140000000000000000e+02 1.322213002010941613e-32 -8.074320902374115296e-31 -6.633137416721323229e-32 0.000000000000000000e+00 0.000000000000000000e+00 9.782964657195986737e-34 0.000000000000000000e+00
2.150000000000000000e+02 2.355347779394988147e-33 -1.451789172327513449e-31 2.510707103083983267e-32 0.000000000000000000e+00 0.000000000000000000e+00 3.273667469361871133e-34 0.000000000000000000e+00
2.160000000000000000e+02 2.801309086243449858e-33 -1.742820102677934819e-31 8.790292169874866291e-34 0.000000000000000000e+00 0.000000000000000000e+00 3.778332250716406434e-35 0.000000000000000000e+00
2.170000000000000000e+02 2.954457053148026710e-33 -1.855304563175256591e-31 4.791891332642338446e-32 0.000000000000000000e+00 0.000000000000000000e+00 -2.577981894648030177e-34 0.000000000000000000e+00
2.180000000000000000e+02 1.205073513537138418e-32 -7.636546443862502726e-31 -8.024009290680581229e-32 0.000000000000000000e+00 0.000000000000000000e+00 -2.279254646029449837e-33 0.000000000000000000e+00
2.190000000000000000e+02 3.551788549664196376e-33 -2.271713647305414633e-31 1.992430743749466531e-32 0.000000000000000000e+00 0.000000000000000000e+00 1.850603362769781752e-34 0.000000000000000000e+00
2.200000000000000000e+02 1.789407411608946672e-33 -1.154941546558503370e-31 1.601783191834679873e-32 0.000000000000000000e+00 0.000000000000000000e+00 1.734612115649620436e-35 0.000000000000000000e+00
2.210000000000000000e+02 2.856790604034991685e-33 -1.860638135380623109e-31 1.233289757108832866e-32 0.000000000000000000e+00 0.000000000000000000e+00 -8.056557309447752213e-35 0.000000000000000000e+00
2.220000000000000000e+02 9.318306123625080354e-33 -6.123873461450176946e-31 3.130731924077678519e-32 0.000000000000000000e+00 0.000000000000000000e+00 1.043766732546723615e-32 0.000000000000000000e+00
2.230000000000000000e+02 1.490306256049111569e-32 -9.882092370384591062e-31 -1.028904505043812727e-31 0.000000000000000000e+00 0.000000000000000000e+00 -2.422894026922082603e-33 0.000000000000000000e+00
2.240000000000000000e+02 3.240812698560081476e-33 -2.168465889263346032e-31 1.099718732124219128e-31 0.000000000000000000e+00 0.000000000000000000e+00 -2.266972269064897914e-33 0.000000000000000000e+00
2.250000000000000000e+02 1.345843958322441692e-32 -9.084612417683920555e-31 -5.361285932023023002e-32 0.000000000000000000e+00 0.000000000000000000e+00 -8.191376586951454495e-33 0.000000000000000000e+00
2.260000000000000000e+02 8.711042314311376086e-33 -5.932719081443018612e-31 -2.052506776655412202e-32 0.000000000000000000e+00 0.000000000000000000e+00 -3.020789475928665995e-33 0.000000000000000000e+00
2.270000000000000000e+02 2.674031502821569999e-33 -1.837386670256610345e-31 1.580325676278750567e-32 0.000000000000000000e+00 0.000000000000000000e+00 -1.324138231020969416e-34 0.000000000000000000e+00
2.280000000000000000e+02 1.757713708466601878e-33 -1.218562149860178192e-31 1.072641729970809688e-32 0.000000000000000000e+00 0.000000000000000000e+00 9.494120060495854557e-35 0.000000000000000000e+00
2.290000000000000000e+02 3.624456582662056738e-33 -2.534576013636543522e-31 6.603048264617325270e-33 0.000000000000000000e+00 0.000000000000000000e+00 -6.418090125899811256e-35 0.000000000000000000e+00
2.300000000000000000e+02 9.116282032653140075e-33 -6.430799195039684475e-31 -2.404523387965661645e-32 0.000000000000000000e+00 0.000000000000000000e+00 8.406522543441611004e-35 0.000000000000000000e+00
2.310000000000000000e+02 2.784025434576103290e-33 -1.981003150056649821e-31 9.258669677031983499e-33 0.000000000000000000e+00 0.000000000000000000e+00 4.453073340905793345e-33 0.000000000000000000e+00
2.320000000000000000e+02 2.736657618880717003e-33 -1.964446017453953026e-31 2.572067717079517227e-33 0.000000000000000000e+00 0.000000000000000000e+00 -2.169880204659861293e-33 0.000000000000000000e+00
2.330000000000000000e+02 3.201434872282956504e-33 -2.317577354266258636e-31 1.492959508583828252e-32 0.000000000000000000e+00 0.000000000000000000e+00 -1.279787947391246188e-33 0.000000000000000000e+00
2.340000000000000000e+02 6.650348726693340132e-33 -4.855795009621614636e-31 -2.181690121021486596e-32 0.000000000000000000e+00 0.000000000000000000e+00 4.536788988661832087e-34 0.000000000000000000e+00
2.350000000000000000e+02 3.926998415421609114e-33 -2.891938657561815279e-31 8.279087056594613950e-33 0.000000000000000000e+00 0.000000000000000000e+00 -4.214045275648853153e-34 0.000000000000000000e+00
2.360000000000000000e+02 2.114855624765208595e-33 -1.570656377751999973e-31 9.713137373339498010e-33 0.000000000000000000e+00 0.000000000000000000e+00 3.419380445012613614e-35 0.000000000000000000e+00
2.370000000000000000e+02 5.894271485695368650e-33 -4.414796718997480700e-31 -6.954040558897278666e-33 0.000000000000000000e+00 0.000000000000000000e+00 2.683304558928945843e-34 0.000000000000000000e+00
2.380000000000000000e+02 3.396051219693981596e-33 -2.565139778356126851e-31 3.671456762901743368e-31 0.000000000000000000e+00 0.000000000000000000e+00 6.954335674369439677e-34 0.000000000000000000e+00
2.390000000000000000e+02 1.290829083503300003e-31 -9.831571524617511826e-30 -8.280052729991366810e-31 0.000000000000000000e+00 0.000000000000000000e+00 1.082383792699815939e-32 0.000000000000000000e+00
2.400000000000000000e+02 4.342912064154660762e-33 -3.335611200965795073e-31 1.090358555043450968e-30 0.000000000000000000e+00 0.000000000000000000e+00 5.551232953774255380e-34 0.000000000000000000e+00
2.410000000000000000e+02 2.560644720429490145e-31 -1.983048641261349902e-29 -1.080108114299753763e-30 0.000000000000000000e+00 0.000000000000000000e+00 -1.337684139495180883e-32 0.000000000000000000e+00
2.420000000000000000e+02 3.225384693092783578e-33 -2.518633125287381658e-31 4.314133516558669493e-31 0.000000000000000000e+00 0.000000000000000000e+00 1.576176510187794278e-35 0.000000000000000000e+00
2.430000000000000000e+02 6.529645292699228990e-33 -5.141743672505158620e-31 -2.645857671904441716e-33 0.000000000000000000e+00 0.000000000000000000e+00 -1.739416267526397291e-34 0.000000000000000000e+00
2.440000000000000000e+02 3.243265996435979919e-33 -2.574902015948634376e-31 1.269283745833886537e-32 0.000000000000000000e+00 0.000000000000000000e+00 -5.351812707537042512e-35 0.000000000000000000e+00
2.450000000000000000e+02 3.553304432961388598e-33 -2.844245232510723758e-31 7.739571429773568723e-33 0.000000000000000000e+00 0.000000000000000000e+00 1.285434140979358191e-34 0.000000000000000000e+00
2.460000000000000000e+02 8.639805961243047855e-33 -6.972636690558426197e-31 -5.281962486637606277e-33 0.000000000000000000e+00 0.000000000000000000e+00 -3.436890527774925177e-35 0.000000000000000000e+00
2.470000000000000000e+02 3.798213713664038132e-33 -3.090445966102038113e-31 2.099616979589787633e-32 0.000000000000000000e+00 0.000000000000000000e+00 9.533052338589903791e-35 0.000000000000000000e+00
2.480000000000000000e+02 1.786946860326558272e-32 -1.465859744464464742e-30 -1.671002751802832714e-32 0.000000000000000000e+00 0.000000000000000000e+00 3.848654319826770440e-34 0.000000000000000000e+00
2.490000000000000000e+02 4.972374188856629978e-33 -4.111173285144049717e-31 2.829308601793525276e-32 0.000000000000000000e+00 0.000000000000000000e+00 2.592470267740527784e-35 0.000000000000000000e+00
2.500000000000000000e+02 1.076593148313973449e-32 -8.972931439465398616e-31 4.096658919649455041e-32 0.000000000000000000e+00 0.000000000000000000e+00 1.862983726253076845e-34 0.000000000000000000e+00
2.510000000000000000e+02 5.225993050279169854e-32 -4.390952183432138925e-30 9.202877035619673092e-32 0.000000000000000000e+00 0.000000000000000000e+00 -3.483747393314437626e-34 0.000000000000000000e+00
2.520000000000000000e+02 3.338314328281458946e-32 -2.826941559705084934e-30 7.080923902101933162e-31 0.000000000000000000e+00 0.000000000000000000e+00 -2.769938276006384891e-34 0.000000000000000000e+00
2.530000000000000000e+02 6.596257078203342008e-31 -5.630297322401577351e-29 8.751752721209741981e-31 0.000000000000000000e+00 0.000000000000000000e+00 1.611295873470140009e-33 0.000000000000000000e+00
2.540000000000000000e+02 8.030312728437905844e-31 -6.908411041326331297e-29 -5.101597045062578148e-31 0.000000000000000000e+00 0.000000000000000000e+00 3.722388216679414966e-32 0.000000000000000000e+00
2.550000000000000000e+02 7.686778347284866986e-30 -6.664710988913912711e-28 -1.808794457848589872e-30 0.000000000000000000e+00 0.000000000000000000e+00 -4.088433556533214068e-33 0.000000000000000000e+00
2.560000000000000000e+02 4.749089734068842065e-33 -4.150361468654783476e-31 5.180833888818211257e-32 0.000000000000000000e+00 0.000000000000000000e+00 -1.107377182993942592e-33 0.000000000000000000e+00
