0.000000000000000000e+00 9.251430145750389925e-38 0.000000000000000000e+00 0.000000000000000000e+00 0.000000000000000000e+00 0.000000000000000000e+00 1.149659889729719261e-34 0.000000000000000000e+00
1.000000000000000000e+00 3.111782822435196424e-02 -6.272403946232169350e-05 -1.014035843710113646e-03 0.000000000000000000e+00 0.000000000000000000e+00 -2.118039930946596650e-01 0.000000000000000000e+00
2.000000000000000000e+00 1.524572776665508202e-02 -7.735711455310731379e-05 -6.268462288970930607e-05 0.000000000000000000e+00 0.000000000000000000e+00 1.480900180213479749e-18 0.000000000000000000e+00
3.000000000000000000e+00 4.148212596475331880e-03 -5.319212305285182498e-05 1.187195586730507732e-04 0.000000000000000000e+00 0.000000000000000000e+00 -7.376128902146875521e-20 0.000000000000000000e+00
4.000000000000000000e+00 3.615422300137686919e-03 -7.474363773104276433e-05 1.528774996470529460e-04 0.000000000000000000e+00 0.000000000000000000e+00 1.684994193735200252e-19 0.000000000000000000e+00
5.000000000000000000e+00 2.316729398368333557e-03 -7.802483709977161782e-05 1.276402049098236918e-04 0.000000000000000000e+00 0.000000000000000000e+00 7.624579117577533436e-20 0.000000000000000000e+00
6.000000000000000000e+00 1.303729558565836595e-03 -6.428830403304067838e-05 6.746637287548979680e-05 0.000000000000000000e+00 0.000000000000000000e+00 -8.101734844531434746e-20 0.000000000000000000e+00
7.000000000000000000e+00 9.186372065370483489e-04 -6.007176091978337412e-05 7.845017653625365611e-05 0.000000000000000000e+00 0.000000000000000000e+00 6.075625042376328605e-19 0.000000000000000000e+00
8.000000000000000000e+00 8.023467822405222537e-04 -6.801210209742481925e-05 6.053469058691694315e-05 0.000000000000000000e+00 0.000000000000000000e+00 -2.125141523003472859e-19 0.000000000000000000e+00
9.000000000000000000e+00 6.478243358907298044e-04 -6.983323479025427608e-05 8.967136164922997468e-05 0.000000000000000000e+00 0.000000000000000000e+00 -2.472037340955986541e-19 0.000000000000000000e+00
1.000000000000000000e+01 4.010801205131862379e-04 -5.432349937795860308e-05 5.314095355496383351e-05 0.000000000000000000e+00 0.000000000000000000e+00 -2.050707732644399014e-20 0.000000000000000000e+00
1.100000000000000000e+01 2.914025387888082865e-04 -4.704512801277010368e-05 5.090816104531586446e-05 0.000000000000000000e+00 0.000000000000000000e+00 -1.007951289464866856e-19 0.000000000000000000e+00
1.200000000000000000e+01 2.334380037021838606e-04 -4.475306823262106755e-05 4.089971617176037325e-05 0.000000000000000000e+00 0.000000000000000000e+00 9.987659635258258173e-20 0.000000000000000000e+00
1.300000000000000000e+01 1.650561718539866483e-04 -3.723617282902998474e-05 4.107932198521577688e-05 0.000000000000000000e+00 0.000000000000000000e+00 2.882257242285283828e-21 0.000000000000000000e+00
1.400000000000000000e+01 1.216516781656776583e-04 -3.178496046624564562e-05 3.360619036802248958e-05 0.000000000000000000e+00 0.000000000000000000e+00 7.372261871289652335e-21 0.000000000000000000e+00
1.500000000000000000e+01 8.522481245417447586e-05 -2.552570821680664852e-05 2.631304907299104932e-05 0.000000000000000000e+00 0.000000000000000000e+00 -1.875932274828944888e-20 0.000000000000000000e+00
1.600000000000000000e+01 6.828106293803274805e-05 -2.326856307632205100e-05 2.585112261241454893e-05 0.000000000000000000e+00 0.000000000000000000e+00 6.073970546583848549e-21 0.000000000000000000e+00
1.700000000000000000e+01 4.754131385315309291e-05 -1.831717988536419740e-05 2.216222527075499747e-05 0.000000000000000000e+00 0.000000000000000000e+00 8.191430205702142475e-22 0.000000000000000000e+00
1.800000000000000000e+01 3.600638279334946828e-05 -1.559738253821639820e-05 1.619703314396634913e-05 0.000000000000000000e+00 0.000000000000000000e+00 3.933804885008494803e-21 0.000000000000000000e+00
1.900000000000000000e+01 2.485751619489358472e-05 -1.196637985242446650e-05 1.243041072274149874e-05 0.000000000000000000e+00 0.000000000000000000e+00 5.911335007736160659e-21 0.000000000000000000e+00
2.000000000000000000e+01 1.980025903173889915e-05 -1.054097852470157874e-05 1.048009814451846027e-05 0.000000000000000000e+00 0.000000000000000000e+00 -5.454381618875978113e-22 0.000000000000000000e+00
2.100000000000000000e+01 1.449424878083193246e-05 -8.529745383356834471e-06 8.924670110859037593e-06 0.000000000000000000e+00 0.000000000000000000e+00 1.458856486255622864e-21 0.000000000000000000e+00
2.200000000000000000e+01 1.012546076349004578e-05 -6.540758692827496760e-06 7.131977456014154799e-06 0.000000000000000000e+00 0.000000000000000000e+00 1.831938555786881655e-21 0.000000000000000000e+00
2.300000000000000000e+01 7.629132547461940375e-06 -5.376168050491750290e-06 5.646281854384907946e-06 0.000000000000000000e+00 0.000000000000000000e+00 -3.701763361172120950e-21 0.000000000000000000e+00
2.400000000000000000e+01 5.403520139410437772e-06 -4.143076893039133046e-06 4.478954880364995426e-06 0.000000000000000000e+00 0.000000000000000000e+00 -4.834046448203327385e-23 0.000000000000000000e+00
2.500000000000000000e+01 4.240192454935721977e-06 -3.529252309758526408e-06 3.501944504212175357e-06 0.000000000000000000e+00 0.000000000000000000e+00 -1.596986864663410630e-21 0.000000000000000000e+00
2.600000000000000000e+01 3.112620711068050118e-06 -2.806810535280836904e-06 2.979146792445504921e-06 0.000000000000000000e+00 0.000000000000000000e+00 1.387346143637624214e-21 0.000000000000000000e+00
2.700000000000000000e+01 2.142164376151163569e-06 -2.082628423392781518e-06 2.189598349551293100e-06 0.000000000000000000e+00 0.000000000000000000e+00 -9.985786928722359505e-22 0.000000000000000000e+00
2.800000000000000000e+01 1.664889815738435004e-06 -1.739504184745571704e-06 1.819733538268399991e-06 0.000000000000000000e+00 0.000000000000000000e+00 3.683197011348136106e-23 0.000000000000000000e+00
2.900000000000000000e+01 1.176074578429621628e-06 -1.319298602978401642e-06 1.421066697702107981e-06 0.000000000000000000e+00 0.000000000000000000e+00 -1.917228102663836636e-21 0.000000000000000000e+00
3.000000000000000000e+01 8.733627663271472141e-07 -1.047619919858281628e-06 1.095628346536203255e-06 0.000000000000000000e+00 0.000000000000000000e+00 5.033897231497992871e-22 0.000000000000000000e+00
3.100000000000000000e+01 6.395588034166316209e-07 -8.190386614375387540e-07 8.520109970314558730e-07 0.000000000000000000e+00 0.000000000000000000e+00 2.132962629265268990e-23 0.000000000000000000e+00
3.200000000000000000e+01 4.588513505354436550e-07 -6.258410499836535826e-07 6.677449418985282615e-07 0.000000000000000000e+00 0.000000000000000000e+00 9.976546941975125530e-22 0.000000000000000000e+00
3.300000000000000000e+01 3.466809489806472885e-07 -5.025443729554660581e-07 5.285097988764118293e-07 0.000000000000000000e+00 0.000000000000000000e+00 2.090368330700523110e-22 0.000000000000000000e+00
3.400000000000000000e+01 2.546310743900521897e-07 -3.919715595951881609e-07 4.103144651982147855e-07 0.000000000000000000e+00 0.000000000000000000e+00 -4.364642591553856417e-22 0.000000000000000000e+00
3.500000000000000000e+01 1.773414697503245026e-07 -2.894965769615166618e-07 3.038239109719050052e-07 0.000000000000000000e+00 0.000000000000000000e+00 -8.856793428107976271e-23 0.000000000000000000e+00
3.600000000000000000e+01 1.347276423249563408e-07 -2.326124936987478460e-07 2.476864213874013218e-07 0.000000000000000000e+00 0.000000000000000000e+00 -1.696817603160438716e-22 0.000000000000000000e+00
3.700000000000000000e+01 9.490177051600549455e-08 -1.731084082257053374e-07 1.806964030731676572e-07 0.000000000000000000e+00 0.000000000000000000e+00 1.731131114414201679e-22 0.000000000000000000e+00
3.800000000000000000e+01 7.174027724433657133e-08 -1.380443451392256369e-07 1.449550543856823448e-07 0.000000000000000000e+00 0.000000000000000000e+00 1.815990736252229426e-22 0.000000000000000000e+00
3.900000000000000000e+01 4.944628184594532230e-08 -1.001687606486323321e-07 1.057343614654946439e-07 0.000000000000000000e+00 0.000000000000000000e+00 -7.107528890622061986e-23 0.000000000000000000e+00
4.000000000000000000e+01 3.758293539355369780e-08 -8.006347943358340477e-08 8.499805964043825649e-08 0.000000000000000000e+00 0.000000000000000000e+00 -1.476556072261483334e-23 0.000000000000000000e+00
4.100000000000000000e+01 2.717376401629868065e-08 -6.086406488748276955e-08 6.414582047576124710e-08 0.000000000000000000e+00 0.000000000000000000e+00 1.722017423778128543e-22 0.000000000000000000e+00
4.200000000000000000e+01 1.963141193923053229e-08 -4.615071563409428328e-08 4.883084220543981926e-08 0.000000000000000000e+00 0.000000000000000000e+00 1.016958304159161254e-23 0.000000000000000000e+00
4.300000000000000000e+01 1.447031893982453345e-08 -3.564844162205983273e-08 3.712836090030926387e-08 0.000000000000000000e+00 0.000000000000000000e+00 -2.480724555720978616e-23 0.000000000000000000e+00
4.400000000000000000e+01 1.019480033506418832e-08 -2.629999791785058566e-08 2.768988636179091812e-08 0.000000000000000000e+00 0.000000000000000000e+00 -2.423742751506353622e-24 0.000000000000000000e+00
4.500000000000000000e+01 7.666593769222021884e-09 -2.068956422059284865e-08 2.175478883707643280e-08 0.000000000000000000e+00 0.000000000000000000e+00 3.099238035865109993e-23 0.000000000000000000e+00
4.600000000000000000e+01 5.200814365216389476e-09 -1.466834857080908372e-08 1.550175140523926831e-08 0.000000000000000000e+00 0.000000000000000000e+00 -9.145510757878402006e-23 0.000000000000000000e+00
4.700000000000000000e+01 3.920275168352441738e-09 -1.153590503506509874e-08 1.225034328029286603e-08 0.000000000000000000e+00 0.000000000000000000e+00 -2.664592460874120974e-24 0.000000000000000000e+00
4.800000000000000000e+01 2.827299977872972740e-09 -8.675992597623871105e-09 9.265637300416302047e-09 0.000000000000000000e+00 0.000000000000000000e+00 -3.833904923985513520e-23 0.000000000000000000e+00
4.900000000000000000e+01 2.043093512352236908e-09 -6.535478520516733402e-09 6.969925221663060216e-09 0.000000000000000000e+00 0.000000000000000000e+00 -1.348879386084775521e-23 0.000000000000000000e+00
5.000000000000000000e+01 1.477118192590060039e-09 -4.921448318502703996e-09 5.208174533495345081e-09 0.000000000000000000e+00 0.000000000000000000e+00 3.794804022817540783e-24 0.000000000000000000e+00
5.100000000000000000e+01 1.043924884623374530e-09 -3.618797203140333594e-09 3.873002843103054331e-09 0.000000000000000000e+00 0.000000000000000000e+00 -2.438067273144992684e-23 0.000000000000000000e+00
5.200000000000000000e+01 7.865434307371003674e-10 -2.834040996316689818e-09 3.009707554977138287e-09 0.000000000000000000e+00 0.000000000000000000e+00 1.208749433798110490e-23 0.000000000000000000e+00
5.300000000000000000e+01 5.698407371149892970e-10 -2.133190165611604899e-09 2.252636683611733479e-09 0.000000000000000000e+00 0.000000000000000000e+00 -1.781192503859951451e-23 0.000000000000000000e+00
5.400000000000000000e+01 3.975352868870971662e-10 -1.544966608000086645e-09 1.639318418822848239e-09 0.000000000000000000e+00 0.000000000000000000e+00 -1.518420419745851690e-23 0.000000000000000000e+00
5.500000000000000000e+01 2.862165412816570228e-10 -1.153718522285386550e-09 1.215709625550700060e-09 0.000000000000000000e+00 0.000000000000000000e+00 3.957426278686280569e-24 0.000000000000000000e+00
5.600000000000000000e+01 2.077844045189215093e-10 -8.681900662534088505e-10 9.136539690126760293e-10 0.000000000000000000e+00 0.000000000000000000e+00 5.394767627475353778e-24 0.000000000000000000e+00
5.700000000000000000e+01 1.558736484069736494e-10 -6.747656923930383394e-10 7.088265519805118798e-10 0.000000000000000000e+00 0.000000000000000000e+00 7.322118812101731572e-24 0.000000000000000000e+00
5.800000000000000000e+01 1.085424808658026748e-10 -4.866754812820718867e-10 5.161353507321012724e-10 0.000000000000000000e+00 0.000000000000000000e+00 3.021817086732106521e-24 0.000000000000000000e+00
5.900000000000000000e+01 7.797590075173842891e-11 -3.616358032055059842e-10 3.812318968940881445e-10 0.000000000000000000e+00 0.000000000000000000e+00 -1.998900845439110858e-24 0.000000000000000000e+00
6.000000000000000000e+01 5.768721647788158688e-11 -2.766982472284281631e-10 2.941769476759123241e-10 0.000000000000000000e+00 0.000000000000000000e+00 -7.382579481720946262e-25 0.000000000000000000e+00
6.100000000000000000e+01 4.131154076715169008e-11 -2.048416541129934908e-10 2.173268347075423353e-10 0.000000000000000000e+00 0.000000000000000000e+00 2.297469929511083446e-24 0.000000000000000000e+00
6.200000000000000000e+01 3.037830988935856656e-11 -1.556092989738298492e-10 1.647303548827558473e-10 0.000000000000000000e+00 0.000000000000000000e+00 1.456085550618969807e-24 0.000000000000000000e+00
6.300000000000000000e+01 2.116926940865395184e-11 -1.119298393656553697e-10 1.187146691181063181e-10 0.000000000000000000e+00 0.000000000000000000e+00 1.011187145813252122e-24 0.000000000000000000e+00
6.400000000000000000e+01 1.569499968708874814e-11 -8.563329463883239569e-11 9.077201686289374866e-11 0.000000000000000000e+00 0.000000000000000000e+00 3.076659300476091924e-24 0.000000000000000000e+00
6.500000000000000000e+01 1.153418517439376647e-11 -6.492978930042303194e-11 6.903016430534382024e-11 0.000000000000000000e+00 0.000000000000000000e+00 1.429007618530050186e-24 0.000000000000000000e+00
6.600000000000000000e+01 7.934182471669730706e-12 -4.606037739771024632e-11 4.917621769887426145e-11 0.000000000000000000e+00 0.000000000000000000e+00 3.916748981790082107e-25 0.000000000000000000e+00
6.700000000000000000e+01 5.929052964804212327e-12 -3.546942980374979242e-11 3.783376611704008180e-11 0.000000000000000000e+00 0.000000000000000000e+00 1.144582956727610141e-25 0.000000000000000000e+00
6.800000000000000000e+01 4.176966732481280610e-12 -2.573772383059080077e-11 2.741243965989489612e-11 0.000000000000000000e+00 0.000000000000000000e+00 -1.094275300650777511e-25 0.000000000000000000e+00
6.900000000000000000e+01 3.080559323449961645e-12 -1.954666780200385018e-11 2.086207633845053049e-11 0.000000000000000000e+00 0.000000000000000000e+00 4.939027566811934805e-26 0.000000000000000000e+00
7.000000000000000000e+01 2.161784663482714770e-12 -1.411863584424870018e-11 1.505976076603844731e-11 0.000000000000000000e+00 0.000000000000000000e+00 1.142088246082359499e-25 0.000000000000000000e+00
7.100000000000000000e+01 1.568954216821548062e-12 -1.053933659361196833e-11 1.126161261755455823e-11 0.000000000000000000e+00 0.000000000000000000e+00 -2.564227628346212621e-25 0.000000000000000000e+00
7.200000000000000000e+01 1.159827201341051539e-12 -8.010592841943994036e-12 8.586189345765824224e-12 0.000000000000000000e+00 0.000000000000000000e+00 -1.436065553950009981e-25 0.000000000000000000e+00
7.300000000000000000e+01 8.177371105574136443e-13 -5.807301478070796697e-12 6.222626614780709994e-12 0.000000000000000000e+00 0.000000000000000000e+00 -2.386447350822838223e-25 0.000000000000000000e+00
7.400000000000000000e+01 6.004726765247180259e-13 -4.382083654141590263e-12 4.694179847267633828e-12 0.000000000000000000e+00 0.000000000000000000e+00 1.600976497199867322e-26 0.000000000000000000e+00
7.500000000000000000e+01 4.268805689492469985e-13 -3.200085463643949746e-12 3.439148194783234928e-12 0.000000000000000000e+00 0.000000000000000000e+00 1.629631617203841713e-25 0.000000000000000000e+00
7.600000000000000000e+01 3.125298499626465616e-13 -2.405645859410449704e-12 2.585659743886560092e-12 0.000000000000000000e+00 0.000000000000000000e+00 -9.751375630450475067e-27 0.000000000000000000e+00
7.700000000000000000e+01 2.253978216128419914e-13 -1.780934498804623180e-12 1.916562795055516645e-12 0.000000000000000000e+00 0.000000000000000000e+00 -8.409461544032210125e-26 0.000000000000000000e+00
7.800000000000000000e+01 1.593912067108373493e-13 -1.292388575029068143e-12 1.387581521161068411e-12 0.000000000000000000e+00 0.000000000000000000e+00 -6.476980110027054337e-26 0.000000000000000000e+00
7.900000000000000000e+01 1.196905136554798189e-13 -9.953019439850214002e-13 1.070442179128074204e-12 0.000000000000000000e+00 0.000000000000000000e+00 -2.537371474559501327e-25 0.000000000000000000e+00
8.000000000000000000e+01 8.421342643014135605e-14 -7.181441882388193069e-13 7.786878743670018256e-13 0.000000000000000000e+00 0.000000000000000000e+00 2.462402031651918850e-26 0.000000000000000000e+00
8.100000000000000000e+01 6.219500199316287936e-14 -5.436888719608600084e-13 5.867469891050255124e-13 0.000000000000000000e+00 0.000000000000000000e+00 -9.994733483370925115e-27 0.000000000000000000e+00
8.200000000000000000e+01 4.461732078145817750e-14 -3.998189702843063567e-13 4.317455048925626208e-13 0.000000000000000000e+00 0.000000000000000000e+00 -1.721856439881173119e-26 0.000000000000000000e+00
8.300000000000000000e+01 3.188175720010456954e-14 -2.927181720238013241e-13 3.170166055165404614e-13 0.000000000000000000e+00 0.000000000000000000e+00 -2.950752911351006227e-26 0.000000000000000000e+00
8.400000000000000000e+01 2.328994235960108440e-14 -2.189821829886874912e-13 2.381768423412351778e-13 0.000000000000000000e+00 0.000000000000000000e+00 -3.514776389251126688e-26 0.000000000000000000e+00
8.500000000000000000e+01 1.693268966892601666e-14 -1.630329292440640064e-13 1.771886664378935084e-13 0.000000000000000000e+00 0.000000000000000000e+00 -9.187204678948489037e-27 0.000000000000000000e+00
8.600000000000000000e+01 1.225642310902368357e-14 -1.208104207024436465e-13 1.307741670483715072e-13 0.000000000000000000e+00 0.000000000000000000e+00 2.720943427226699999e-27 0.000000000000000000e+00
8.700000000000000000e+01 8.845108904629356140e-15 -8.922548879134399344e-14 9.707699458601478959e-14 0.000000000000000000e+00 0.000000000000000000e+00 6.934887530230867947e-28 0.000000000000000000e+00
8.800000000000000000e+01 6.392859497320115261e-15 -6.597271411997457260e-14 7.176344326421891986e-14 0.000000000000000000e+00 0.000000000000000000e+00 -1.083661467632158152e-26 0.000000000000000000e+00
8.900000000000000000e+01 4.718036593182447381e-15 -4.980511905028700455e-14 5.429929339932341038e-14 0.000000000000000000e+00 0.000000000000000000e+00 -1.693090324695599667e-27 0.000000000000000000e+00
9.000000000000000000e+01 3.393611855927419982e-15 -3.663686325857683389e-14 4.002111689927511922e-14 0.000000000000000000e+00 0.000000000000000000e+00 6.110193320746316974e-27 0.000000000000000000e+00
9.100000000000000000e+01 2.432330194472925138e-15 -2.684655739644579845e-14 2.936218426472088623e-14 0.000000000000000000e+00 0.000000000000000000e+00 5.577703423292885672e-27 0.000000000000000000e+00
9.200000000000000000e+01 1.772452769290524862e-15 -1.999577095328667786e-14 2.190953544775957968e-14 0.000000000000000000e+00 0.000000000000000000e+00 1.144054113959157501e-27 0.000000000000000000e+00
9.300000000000000000e+01 1.292645827903181655e-15 -1.490090042936660024e-14 1.636166931999693449e-14 0.000000000000000000e+00 0.000000000000000000e+00 9.859719784845559514e-30 0.000000000000000000e+00
9.400000000000000000e+01 9.363774321425380456e-16 -1.102709900724721133e-14 1.210259937958371572e-14 0.000000000000000000e+00 0.000000000000000000e+00 -8.419631401488705567e-27 0.000000000000000000e+00
9.500000000000000000e+01 6.754369080441230720e-16 -8.123955853210088346e-15 8.891781392252855838e-15 0.000000000000000000e+00 0.000000000000000000e+00 8.317880767557893694e-27 0.000000000000000000e+00
9.600000000000000000e+01 5.009719737214577039e-16 -6.151954673253418621e-15 6.742021992248579661e-15 0.000000000000000000e+00 0.000000000000000000e+00 5.139505951375713270e-28 0.000000000000000000e+00
9.700000000000000000e+01 3.673197699874198507e-16 -4.605571473571734340e-15 5.056767531590226812e-15 0.000000000000000000e+00 0.000000000000000000e+00 -4.192255311305998283e-27 0.000000000000000000e+00
9.800000000000000000e+01 2.678806933866465252e-16 -3.429163408191026840e-15 3.775246879030405274e-15 0.000000000000000000e+00 0.000000000000000000e+00 -4.410252377515513104e-27 0.000000000000000000e+00
9.900000000000000000e+01 1.918145354520859807e-16 -2.505780223586691222e-15 2.759079416887263301e-15 0.000000000000000000e+00 0.000000000000000000e+00 -2.475609486020191796e-27 0.000000000000000000e+00
1.000000000000000000e+02 1.402775240855608307e-16 -1.869674997968716454e-15 2.064040127554301522e-15 0.000000000000000000e+00 0.000000000000000000e+00 2.394673046916015935e-27 0.000000000000000000e+00
1.010000000000000000e+02 1.030812979612677195e-16 -1.401498605318168163e-15 1.546221820205570028e-15 0.000000000000000000e+00 0.000000000000000000e+00 -1.303210265129698491e-27 0.000000000000000000e+00
1.020000000000000000e+02 7.586139801008121720e-17 -1.051976846510123692e-15 1.162957448030243048e-15 0.000000000000000000e+00 0.000000000000000000e+00 -1.606103161033236271e-29 0.000000000000000000e+00
1.030000000000000000e+02 5.551444588245428639e-17 -7.849973358890889594e-16 8.692242869321119212e-16 0.000000000000000000e+00 0.000000000000000000e+00 -1.496818369397209842e-27 0.000000000000000000e+00
1.040000000000000000e+02 3.961570942667448697e-17 -5.711071069662655402e-16 6.337893648847091680e-16 0.000000000000000000e+00 0.000000000000000000e+00 1.912657888908740110e-27 0.000000000000000000e+00
1.050000000000000000e+02 2.988627708113895234e-17 -4.391394407059084584e-16 4.864864455802992873e-16 0.000000000000000000e+00 0.000000000000000000e+00 5.525929023933284177e-28 0.000000000000000000e+00
1.060000000000000000e+02 2.142771336886111662e-17 -3.208942182920686640e-16 3.555463200348433462e-16 0.000000000000000000e+00 0.000000000000000000e+00 -1.176894289166060928e-27 0.000000000000000000e+00
1.070000000000000000e+02 1.601731009479741500e-17 -2.444011204941033070e-16 2.706229906860793320e-16 0.000000000000000000e+00 0.000000000000000000e+00 -3.766113607690835380e-28 0.000000000000000000e+00
1.080000000000000000e+02 1.168278733966248941e-17 -1.816188750878915159e-16 2.012546128884553235e-16 0.000000000000000000e+00 0.000000000000000000e+00 4.905668479344871320e-29 0.000000000000000000e+00
1.090000000000000000e+02 8.591745090663947040e-18 -1.360575198786563446e-16 1.509825863576863104e-16 0.000000000000000000e+00 0.000000000000000000e+00 1.090779397294793360e-28 0.000000000000000000e+00
1.100000000000000000e+02 6.307764065583889137e-18 -1.017362151564800576e-16 1.130532673117452340e-16 0.000000000000000000e+00 0.000000000000000000e+00 2.611202414681026910e-28 0.000000000000000000e+00
1.110000000000000000e+02 4.604425546444664779e-18 -7.561458996882433723e-17 8.401584178229703957e-17 0.000000000000000000e+00 0.000000000000000000e+00 -1.265882654357946688e-28 0.000000000000000000e+00
1.120000000000000000e+02 3.437243406172936744e-18 -5.746470837544951138e-17 6.403368616789960114e-17 0.000000000000000000e+00 0.000000000000000000e+00 -1.636982615657454773e-28 0.000000000000000000e+00
1.130000000000000000e+02 2.533574961256213697e-18 -4.311578538378725162e-17 4.829762746747806815e-17 0.000000000000000000e+00 0.000000000000000000e+00 -2.908329441257368026e-29 0.000000000000000000e+00
1.140000000000000000e+02 1.859083112233944808e-18 -3.220277636617906824e-17 3.592038927693316710e-17 0.000000000000000000e+00 0.000000000000000000e+00 7.851344960316712178e-29 0.000000000000000000e+00
1.150000000000000000e+02 1.366294288631111828e-18 -2.408314772981765042e-17 2.695122673217656372e-17 0.000000000000000000e+00 0.000000000000000000e+00 -1.941851015628283621e-28 0.000000000000000000e+00
1.160000000000000000e+02 1.013387537643854481e-18 -1.817449562579679792e-17 2.036511326858538695e-17 0.000000000000000000e+00 0.000000000000000000e+00 -1.886758877558417188e-29 0.000000000000000000e+00
1.170000000000000000e+02 7.425718045152282937e-19 -1.354994056460157915e-17 1.513818864271561695e-17 0.000000000000000000e+00 0.000000000000000000e+00 1.545967299397175462e-28 0.000000000000000000e+00
1.180000000000000000e+02 5.467137502692849465e-19 -1.014664040003777156e-17 1.134600046107795740e-17 0.000000000000000000e+00 0.000000000000000000e+00 7.986745245648885082e-30 0.000000000000000000e+00
1.190000000000000000e+02 4.062302985812608969e-19 -7.666960307843875170e-18 8.542462820091613273e-18 0.000000000000000000e+00 0.000000000000000000e+00 -7.293864138157347772e-29 0.000000000000000000e+00
1.200000000000000000e+02 3.056921163259453723e-19 -5.866658194830144881e-18 6.578986518561983237e-18 0.000000000000000000e+00 0.000000000000000000e+00 5.784172280077231630e-29 0.000000000000000000e+00
1.210000000000000000e+02 2.241742942918741808e-19 -4.374475569687068459e-18 4.911276600498108420e-18 0.000000000000000000e+00 0.000000000000000000e+00 3.798441251058340381e-29 0.000000000000000000e+00
1.220000000000000000e+02 1.651462562296141725e-19 -3.276469170753694947e-18 3.666707410057928466e-18 0.000000000000000000e+00 0.000000000000000000e+00 -2.651620393923471541e-29 0.000000000000000000e+00
1.230000000000000000e+02 1.235211679109658616e-19 -2.490715962656407942e-18 2.789939448827513725e-18 0.000000000000000000e+00 0.000000000000000000e+00 -2.748267482613872053e-29 0.000000000000000000e+00
1.240000000000000000e+02 9.093774032781422134e-20 -1.863839514621498001e-18 2.091982691597301554e-18 0.000000000000000000e+00 0.000000000000000000e+00 1.787496581898961603e-29 0.000000000000000000e+00
1.250000000000000000e+02 6.834353980802861950e-20 -1.423438695304038346e-18 1.597358644479986599e-18 0.000000000000000000e+00 0.000000000000000000e+00 -6.603340035425954960e-29 0.000000000000000000e+00
1.260000000000000000e+02 4.974383508737117913e-20 -1.052651717914427222e-18 1.182849224550692197e-18 0.000000000000000000e+00 0.000000000000000000e+00 -2.216816208839538619e-29 0.000000000000000000e+00
1.270000000000000000e+02 3.776686153150808332e-20 -8.118736940463225759e-19 9.114031064156321468e-19 0.000000000000000000e+00 0.000000000000000000e+00 -1.791211074738566361e-30 0.000000000000000000e+00
1.280000000000000000e+02 2.784042508452428467e-20 -6.079630421372838556e-19 6.825020310126308185e-19 0.000000000000000000e+00 0.000000000000000000e+00 -8.754378471488962839e-30 0.000000000000000000e+00
1.290000000000000000e+02 2.097277872179071363e-20 -4.652007004481779983e-19 5.213627223105789942e-19 0.000000000000000000e+00 0.000000000000000000e+00 2.499482412262638498e-29 0.000000000000000000e+00
1.300000000000000000e+02 1.560692348816513305e-20 -3.515923055211497638e-19 3.951342904341386396e-19 0.000000000000000000e+00 0.000000000000000000e+00 1.462291268188966201e-29 0.000000000000000000e+00
1.310000000000000000e+02 1.140761385937767344e-20 -2.609295195955754681e-19 2.939198767422093298e-19 0.000000000000000000e+00 0.000000000000000000e+00 1.690016438390064250e-29 0.000000000000000000e+00
1.320000000000000000e+02 8.804125201870331043e-21 -2.044656319411671735e-19 2.305850312413466893e-19 0.000000000000000000e+00 0.000000000000000000e+00 9.328873880165618306e-30 0.000000000000000000e+00
1.330000000000000000e+02 6.389992410082680007e-21 -1.506622806942469794e-19 1.701118061912204965e-19 0.000000000000000000e+00 0.000000000000000000e+00 -1.254894932594421685e-29 0.000000000000000000e+00
1.340000000000000000e+02 4.848828476124475970e-21 -1.160572633884832946e-19 1.305949694850531218e-19 0.000000000000000000e+00 0.000000000000000000e+00 -2.277800235581356201e-30 0.000000000000000000e+00
1.350000000000000000e+02 3.564227940889112793e-21 -8.658360252073156498e-20 9.765583357072426552e-20 0.000000000000000000e+00 0.000000000000000000e+00 6.260282834352034443e-30 0.000000000000000000e+00
1.360000000000000000e+02 2.707421988730339678e-21 -6.674388040648805990e-20 7.519275360088162315e-20 0.000000000000000000e+00 0.000000000000000000e+00 -1.753838485235626425e-30 0.000000000000000000e+00
1.370000000000000000e+02 2.075883536994468403e-21 -5.193509117256989654e-20 5.859098903471499236e-20 0.000000000000000000e+00 0.000000000000000000e+00 -1.092607083511093739e-31 0.000000000000000000e+00
1.380000000000000000e+02 1.505611360836109982e-21 -3.822072458078210323e-20 4.308158130882215056e-20 0.000000000000000000e+00 0.000000000000000000e+00 -9.672069692538247125e-30 0.000000000000000000e+00
1.390000000000000000e+02 1.142963594229215533e-21 -2.943468581044819771e-20 3.321456240083233182e-20 0.000000000000000000e+00 0.000000000000000000e+00 3.934465577988209596e-30 0.000000000000000000e+00
1.400000000000000000e+02 8.557104109427091293e-22 -2.235594376691653480e-20 2.524160913540833477e-20 0.000000000000000000e+00 0.000000000000000000e+00 -1.533919789679595024e-30 0.000000000000000000e+00
1.410000000000000000e+02 6.357718313482804528e-22 -1.684808642390795684e-20 1.904565704584251814e-20 0.000000000000000000e+00 0.000000000000000000e+00 3.358026790384238930e-31 0.000000000000000000e+00
1.420000000000000000e+02 4.864247060178810049e-22 -1.307412836448408019e-20 1.477393880103830414e-20 0.000000000000000000e+00 0.000000000000000000e+00 6.754305877045992817e-30 0.000000000000000000e+00
1.430000000000000000e+02 3.560067401407840562e-22 -9.703461763918970755e-21 1.101648643301012550e-20 0.000000000000000000e+00 0.000000000000000000e+00 -4.306691610082764634e-31 0.000000000000000000e+00
1.440000000000000000e+02 2.739306834144051570e-22 -7.570749266504179165e-21 8.533762563426556712e-21 0.000000000000000000e+00 0.000000000000000000e+00 -1.440246507414025475e-30 0.000000000000000000e+00
1.450000000000000000e+02 2.055381910780223449e-22 -5.759974013455797679e-21 6.525230598149294869e-21 0.000000000000000000e+00 0.000000000000000000e+00 -3.943385433547686524e-31 0.000000000000000000e+00
1.460000000000000000e+02 1.543526811098454365e-22 -4.385780505258220405e-21 4.961584199264118574e-21 0.000000000000000000e+00 0.000000000000000000e+00 4.392870179135515387e-30 0.000000000000000000e+00
1.470000000000000000e+02 1.164186031682984315e-22 -3.353564958506914484e-21 3.799118233267538723e-21 0.000000000000000000e+00 0.000000000000000000e+00 -7.667238959598778700e-31 0.000000000000000000e+00
1.480000000000000000e+02 8.649155315727820563e-23 -2.525289126973455356e-21 2.860787965147528823e-21 0.000000000000000000e+00 0.000000000000000000e+00 -9.254414832275999158e-31 0.000000000000000000e+00
1.490000000000000000e+02 6.615989891596884086e-23 -1.957879862881414500e-21 2.226793138074391986e-21 0.000000000000000000e+00 0.000000000000000000e+00 2.382008814449062387e-32 0.000000000000000000e+00
1.500000000000000000e+02 4.887948051209935552e-23 -1.466140177073225540e-21 1.668009759560157822e-21 0.000000000000000000e+00 0.000000000000000000e+00 1.283449951365105501e-30 0.000000000000000000e+00
1.510000000000000000e+02 3.649982972168899548e-23 -1.109387645199427979e-21 1.263029212095711484e-21 0.000000000000000000e+00 0.000000000000000000e+00 -5.607565196483924453e-31 0.000000000000000000e+00
1.520000000000000000e+02 2.769108901337100446e-23 -8.527678862392269283e-22 9.712456681356758955e-22 0.000000000000000000e+00 0.000000000000000000e+00 4.035123596685415568e-32 0.000000000000000000e+00
1.530000000000000000e+02 2.109732532255363663e-23 -6.583167798297575617e-22 7.483635729828064055e-22 0.000000000000000000e+00 0.000000000000000000e+00 -2.981320909150780165e-31 0.000000000000000000e+00
1.540000000000000000e+02 1.580318587440039218e-23 -4.995868093140287483e-22 5.682145955650318813e-22 0.000000000000000000e+00 0.000000000000000000e+00 1.256533972358463175e-31 0.000000000000000000e+00
1.550000000000000000e+02 1.187389643650634415e-23 -3.802631755856178083e-22 4.345469689914943347e-22 0.000000000000000000e+00 0.000000000000000000e+00 -5.866186034219776657e-31 0.000000000000000000e+00
1.560000000000000000e+02 9.003147110686986153e-24 -2.920509436958316102e-22 3.327639180694361476e-22 0.000000000000000000e+00 0.000000000000000000e+00 -2.494665302471926531e-32 0.000000000000000000e+00
1.570000000000000000e+02 6.849562326733075835e-24 -2.250552408750603911e-22 2.567614587855093986e-22 0.000000000000000000e+00 0.000000000000000000e+00 -2.192402540396297511e-31 0.000000000000000000e+00
1.580000000000000000e+02 5.102884149662831667e-24 -1.698115784542446783e-22 1.943084926884372824e-22 0.000000000000000000e+00 0.000000000000000000e+00 -7.335605321305530356e-32 0.000000000000000000e+00
1.590000000000000000e+02 3.815463230959371561e-24 -1.285772593463709499e-22 1.476358140539362661e-22 0.000000000000000000e+00 0.000000000000000000e+00 1.643522743993974964e-31 0.000000000000000000e+00
1.600000000000000000e+02 2.880721479743158104e-24 -9.829383294894416161e-23 1.126258148219827623e-22 0.000000000000000000e+00 0.000000000000000000e+00 2.139915458013214754e-31 0.000000000000000000e+00
1.610000000000000000e+02 2.253680467055624544e-24 -7.786650025558589451e-23 8.913572816724904123e-23 0.000000000000000000e+00 0.000000000000000000e+00 -1.371042532003769945e-31 0.000000000000000000e+00
1.620000000000000000e+02 1.642947321045758528e-24 -5.747840286875430971e-23 6.599713476820614358e-23 0.000000000000000000e+00 0.000000000000000000e+00 -7.240382131777515911e-32 0.000000000000000000e+00
1.630000000000000000e+02 1.252710999922927997e-24 -4.436825190024311829e-23 5.083420642182646058e-23 0.000000000000000000e+00 0.000000000000000000e+00 6.648425945964558405e-32 0.000000000000000000e+00
1.640000000000000000e+02 9.384256275798811360e-25 -3.364512592112951110e-23 3.864794945228518487e-23 0.000000000000000000e+00 0.000000000000000000e+00 -3.447261711848296643e-32 0.000000000000000000e+00
1.650000000000000000e+02 7.058753571969817469e-25 -2.561691768493021231e-23 2.945635143593760298e-23 0.000000000000000000e+00 0.000000000000000000e+00 8.388928687994671207e-32 0.000000000000000000e+00
1.660000000000000000e+02 5.380638525415831308e-25 -1.976442015591720751e-23 2.284100795310586336e-23 0.000000000000000000e+00 0.000000000000000000e+00 1.594338394079640633e-31 0.000000000000000000e+00
1.670000000000000000e+02 3.992961680542956710e-25 -1.484400242060077312e-23 1.707903458084288486e-23 0.000000000000000000e+00 0.000000000000000000e+00 1.354923454787435968e-31 0.000000000000000000e+00
1.680000000000000000e+02 3.065302956893494882e-25 -1.153214836878848286e-23 1.332194771974086937e-23 0.000000000000000000e+00 0.000000000000000000e+00 -7.522352268579588654e-32 0.000000000000000000e+00
1.690000000000000000e+02 2.301676508153454694e-25 -8.762548230386442642e-24 1.011194826479421329e-23 0.000000000000000000e+00 0.000000000000000000e+00 -3.614114246633619507e-32 0.000000000000000000e+00
1.700000000000000000e+02 1.763120834881435104e-25 -6.792598772699693828e-24 7.827505055435846539e-24 0.000000000000000000e+00 0.000000000000000000e+00 1.355547583082585421e-33 0.000000000000000000e+00
1.710000000000000000e+02 1.315294946980524685e-25 -5.126954228276997759e-24 5.951214794786737909e-24 0.000000000000000000e+00 0.000000000000000000e+00 -4.694655897269942958e-32 0.000000000000000000e+00
1.720000000000000000e+02 9.889090448997554640e-26 -3.899794883918321797e-24 4.526461095013704366e-24 0.000000000000000000e+00 0.000000000000000000e+00 -6.265724898937928556e-32 0.000000000000000000e+00
1.730000000000000000e+02 7.622651829267871362e-26 -3.040955026025434862e-24 3.524101823982322761e-24 0.000000000000000000e+00 0.000000000000000000e+00 -1.712794204073033823e-32 0.000000000000000000e+00
1.740000000000000000e+02 5.662330673512718385e-26 -2.285239182976921696e-24 2.646492938385149408e-24 0.000000000000000000e+00 0.000000000000000000e+00 4.421542385308876340e-32 0.000000000000000000e+00
1.750000000000000000e+02 4.267677479853063535e-26 -1.742277690530705346e-24 2.034108353516806256e-24 0.000000000000000000e+00 0.000000000000000000e+00 -2.682257900960376846e-32 0.000000000000000000e+00
1.760000000000000000e+02 3.261031543872227027e-26 -1.346513855082420835e-24 1.565000602502487044e-24 0.000000000000000000e+00 0.000000000000000000e+00 1.950171022878515406e-32 0.000000000000000000e+00
1.770000000000000000e+02 2.429156640672167357e-26 -1.014429406952018278e-24 1.175110325593825408e-24 0.000000000000000000e+00 0.000000000000000000e+00 1.962740144070887523e-32 0.000000000000000000e+00
1.780000000000000000e+02 1.864202290335695065e-26 -7.873345413336297811e-25 9.167965017937906848e-25 0.000000000000000000e+00 0.000000000000000000e+00 -2.757599350009700145e-32 0.000000000000000000e+00
1.790000000000000000e+02 1.394099026073652214e-26 -5.954501994804551765e-25 6.936667983990964860e-25 0.000000000000000000e+00 0.000000000000000000e+00 1.835912546075015844e-32 0.000000000000000000e+00
1.800000000000000000e+02 1.062740848672485887e-26 -4.590031772797428781e-25 5.359552161775333018e-25 0.000000000000000000e+00 0.000000000000000000e+00 -2.263742776684059033e-32 0.000000000000000000e+00
1.810000000000000000e+02 7.901553708490992317e-27 -3.450727800864617122e-25 4.038930404177724077e-25 0.000000000000000000e+00 0.000000000000000000e+00 -5.787532656647780104e-33 0.000000000000000000e+00
1.820000000000000000e+02 5.963315249508802487e-27 -2.633091903424749777e-25 3.074490334953777038e-25 0.000000000000000000e+00 0.000000000000000000e+00 1.075105793430197681e-32 0.000000000000000000e+00
1.830000000000000000e+02 4.603785594424728372e-27 -2.055201611102575945e-25 2.406779447889919407e-25 0.000000000000000000e+00 0.000000000000000000e+00 -2.945895224335013984e-33 0.000000000000000000e+00
1.840000000000000000e+02 3.400687329696576205e-27 -1.534740512424834242e-25 1.799990438845844128e-25 0.000000000000000000e+00 0.000000000000000000e+00 4.787293806470301962e-33 0.000000000000000000e+00
1.850000000000000000e+02 2.583072442205628665e-27 -1.178492982794875461e-25 1.384318691997071758e-25 0.000000000000000000e+00 0.000000000000000000e+00 -5.203524419984840280e-33 0.000000000000000000e+00
1.860000000000000000e+02 1.957696844272889788e-27 -9.028953855389772278e-26 1.057627956463844961e-25 0.000000000000000000e+00 0.000000000000000000e+00 -1.231196377409892238e-32 0.000000000000000000e+00
1.870000000000000000e+02 1.456690110770604865e-27 -6.790430935441848377e-26 8.000561695543799147e-26 0.000000000000000000e+00 0.000000000000000000e+00 -7.940338791320497660e-33 0.000000000000000000e+00
1.880000000000000000e+02 1.124434374370174045e-27 -5.297721497418966922e-26 6.235641683035729891e-26 0.000000000000000000e+00 0.000000000000000000e+00 1.953164055045346702e-33 0.000000000000000000e+00
1.890000000000000000e+02 8.303931774886530930e-28 -3.954291457217952284e-26 4.649147120947610683e-26 0.000000000000000000e+00 0.000000000000000000e+00 -2.370186191246511479e-34 0.000000000000000000e+00
1.900000000000000000e+02 6.341688927666463404e-28 -3.051707086951528731e-26 3.595276057615343735e-26 0.000000000000000000e+00 0.000000000000000000e+00 -5.582482897126823484e-33 0.000000000000000000e+00
1.910000000000000000e+02 4.849029270959705481e-28 -2.358003578653570836e-26 2.770574813270561995e-26 0.000000000000000000e+00 0.000000000000000000e+00 -6.165234208691853835e-33 0.000000000000000000e+00
1.920000000000000000e+02 3.598054314844121790e-28 -1.768159709014571807e-26 2.083171301662315128e-26 0.000000000000000000e+00 0.000000000000000000e+00 2.000455298005873054e-32 0.000000000000000000e+00
1.930000000000000000e+02 2.719536925784543497e-28 -1.350345804611759237e-26 1.578649265435305090e-26 0.000000000000000000e+00 0.000000000000000000e+00 -9.433757577640783503e-32 0.000000000000000000e+00
1.940000000000000000e+02 2.046472744983590938e-28 -1.026715246033434740e-26 1.207947847056015878e-26 0.000000000000000000e+00 0.000000000000000000e+00 -2.542666975350392699e-33 0.000000000000000000e+00
1.950000000000000000e+02 1.566195769616500162e-28 -7.938434429445344627e-27 9.356454629988616430e-27 0.000000000000000000e+00 0.000000000000000000e+00 5.413901462914824780e-33 0.000000000000000000e+00
1.960000000000000000e+02 1.167539225443393709e-28 -5.979207803882898657e-27 7.013065775118843498e-27 0.000000000000000000e+00 0.000000000000000000e+00 -2.452331162965333690e-33 0.000000000000000000e+00
1.970000000000000000e+02 8.863933371685594326e-29 -4.585881080728163808e-27 5.411174992145426930e-27 0.000000000000000000e+00 0.000000000000000000e+00 -1.003709965440381512e-34 0.000000000000000000e+00
1.980000000000000000e+02 6.632497002167933725e-29 -3.466288182435466400e-27 4.070199801111881831e-27 0.000000000000000000e+00 0.000000000000000000e+00 -7.905362567247950648e-34 0.000000000000000000e+00
1.990000000000000000e+02 5.049178859252733472e-29 -2.665437502463337422e-27 3.133873268445728928e-27 0.000000000000000000e+00 0.000000000000000000e+00 8.680213160692225210e-35 0.000000000000000000e+00
2.000000000000000000e+02 3.808314886289252781e-29 -2.030601724157664793e-27 2.401695786837617077e-27 0.000000000000000000e+00 0.000000000000000000e+00 6.180268859999254827e-34 0.000000000000000000e+00
2.010000000000000000e+02 2.824997316238392930e-29 -1.521421217964224134e-27 1.799780086708386194e-27 0.000000000000000000e+00 0.000000000000000000e+00 -1.163394717746808821e-33 0.000000000000000000e+00
2.020000000000000000e+02 2.171834242496424479e-29 -1.181369983184844860e-27 1.390329508409186165e-27 0.000000000000000000e+00 0.000000000000000000e+00 -3.454716713345645231e-35 0.000000000000000000e+00
2.030000000000000000e+02 1.637078122894634412e-29 -8.993213025954607970e-28 1.059464279882141530e-27 0.000000000000000000e+00 0.000000000000000000e+00 -5.109838164327725546e-34 0.000000000000000000e+00
2.040000000000000000e+02 1.225255014366973883e-29 -6.797369423854047592e-28 7.988000335622885052e-28 0.000000000000000000e+00 0.000000000000000000e+00 -1.875561554744526705e-34 0.000000000000000000e+00
2.050000000000000000e+02 9.263900872780344031e-30 -5.189810370582586956e-28 6.080861118198580046e-28 0.000000000000000000e+00 0.000000000000000000e+00 -5.386867278306817694e-34 0.000000000000000000e+00
2.060000000000000000e+02 6.902869487286333673e-30 -3.904940726725373713e-28 4.584765441848662001e-28 0.000000000000000000e+00 0.000000000000000000e+00 -5.216562635565021232e-34 0.000000000000000000e+00
2.070000000000000000e+02 5.500756413757783576e-30 -3.141863255415798893e-28 3.479283747753985325e-28 0.000000000000000000e+00 0.000000000000000000e+00 -3.467929701771498557e-33 0.000000000000000000e+00
2.080000000000000000e+02 4.010986908895188572e-30 -2.313284665744985820e-28 2.718781573832814552e-28 0.000000000000000000e+00 0.000000000000000000e+00 -1.666374013209649574e-33 0.000000000000000000e+00
2.090000000000000000e+02 3.264494776886915194e-30 -1.901011336290676379e-28 1.994353901950379554e-28 0.000000000000000000e+00 0.000000000000000000e+00 7.246367844651220691e-34 0.000000000000000000e+00
2.100000000000000000e+02 2.288602146711864993e-30 -1.345511609061534124e-28 1.565964656096280909e-28 0.000000000000000000e+00 0.000000000000000000e+00 9.874213638879358653e-35 0.000000000000000000e+00
2.110000000000000000e+02 1.722308303870193216e-30 -1.022225178953782855e-28 1.176190737640870739e-28 0.000000000000000000e+00 0.000000000000000000e+00 -4.188503986336624029e-35 0.000000000000000000e+00
2.120000000000000000e+02 1.307921661478106653e-30 -7.835979657914951971e-29 9.071069976186376288e-29 0.000000000000000000e+00 0.000000000000000000e+00 -1.254496428129454968e-34 0.000000000000000000e+00
2.130000000000000000e+02 9.815284277860272468e-31 -5.936259794259407877e-29 6.841840531025221845e-29 0.000000000000000000e+00 0.000000000000000000e+00 1.930623616218909091e-34 0.000000000000000000e+00
2.140000000000000000e+02 7.508516217654818975e-31 -4.583998080560331262e-29 5.179068657348657956e-29 0.000000000000000000e+00 0.000000000000000000e+00 -5.340045972201098155e-36 0.000000000000000000e+00
2.150000000000000000e+02 5.542032168403694906e-31 -3.415072985853523371e-29 3.906333816517074349e-29 0.000000000000000000e+00 0.000000000000000000e+00 -3.372302666673442858e-34 0.000000000000000000e+00
2.160000000000000000e+02 4.330993091821192717e-31 -2.693644763618980624e-29 3.014759341122500028e-29 0.000000000000000000e+00 0.000000000000000000e+00 -1.746370369607497195e-35 0.000000000000000000e+00
2.170000000000000000e+02 3.288393692948881542e-31 -2.064295902430250285e-29 2.323675859719444736e-29 0.000000000000000000e+00 0.000000000000000000e+00 -9.610498165182300391e-35 0.000000000000000000e+00
2.180000000000000000e+02 2.617131995312931330e-31 -1.658080313565556089e-29 1.705670546102226399e-29 0.000000000000000000e+00 0.000000000000000000e+00 6.325051012877516691e-35 0.000000000000000000e+00
2.190000000000000000e+02 1.943835733500209801e-31 -1.242787131359282201e-29 1.317172976224679523e-29 0.000000000000000000e+00 0.000000000000000000e+00 2.319101162371533001e-34 0.000000000000000000e+00
2.200000000000000000e+02 1.423678266332554226e-31 -9.185522579387122647e-30 1.023149851206819014e-29 0.000000000000000000e+00 0.000000000000000000e+00 1.531907338742255470e-34 0.000000000000000000e+00
2.210000000000000000e+02 1.100184387362710409e-31 -7.163451536042638495e-30 7.785829457178441009e-30 0.000000000000000000e+00 0.000000000000000000e+00 5.206101346984873149e-34 0.000000000000000000e+00
2.220000000000000000e+02 9.920646470208676976e-32 -6.518438284602587456e-30 5.842566868718639475e-30 0.000000000000000000e+00 0.000000000000000000e+00 3.729178123667405154e-33 0.000000000000000000e+00
2.230000000000000000e+02 8.123301618658250048e-32 -5.385491400237100633e-30 4.215965997536587466e-30 0.000000000000000000e+00 0.000000000000000000e+00 9.704542488323392190e-34 0.000000000000000000e+00
2.240000000000000000e+02 5.115433841144916086e-32 -3.421492127604509606e-30 3.606726623525474023e-30 0.000000000000000000e+00 0.000000000000000000e+00 -2.313760610395692880e-33 0.000000000000000000e+00
2.250000000000000000e+02 5.155145269922399537e-32 -3.479224049156325701e-30 2.506887266615135058e-30 0.000000000000000000e+00 0.000000000000000000e+00 1.482543972304354746e-33 0.000000000000000000e+00
2.260000000000000000e+02 4.588435466207863108e-32 -3.124725827405104976e-30 1.872988558677381081e-30 0.000000000000000000e+00 0.000000000000000000e+00 -4.013263810020722059e-33 0.000000000000000000e+00
2.270000000000000000e+02 2.452316125134028733e-32 -1.684723767043828654e-30 1.543096242051938600e-30 0.000000000000000000e+00 0.000000000000000000e+00 -1.415034198977467210e-33 0.000000000000000000e+00
2.280000000000000000e+02 1.833383948242648121e-32 -1.270617871420700646e-30 1.188145552068344250e-30 0.000000000000000000e+00 0.000000000000000000e+00 1.634457089210269136e-34 0.000000000000000000e+00
2.290000000000000000e+02 2.448735393270891501e-32 -1.712365455014885172e-30 8.569927912011669738e-31 0.000000000000000000e+00 0.000000000000000000e+00 -7.180319233529968909e-35 0.000000000000000000e+00
2.300000000000000000e+02 2.740237513588200114e-32 -1.933038405819426567e-30 6.100666006733346010e-31 0.000000000000000000e+00 0.000000000000000000e+00 1.675702806465803193e-33 0.000000000000000000e+00
2.310000000000000000e+02 1.322955762414784950e-32 -9.413457919887341367e-31 5.442933863150361330e-31 0.000000000000000000e+00 0.000000000000000000e+00 -1.677976005293778089e-33 0.000000000000000000e+00
2.320000000000000000e+02 1.647327161806211672e-32 -1.182646552063662914e-30 3.694574956699918719e-31 0.000000000000000000e+00 0.000000000000000000e+00 -1.601370132519925771e-33 0.000000000000000000e+00
2.330000000000000000e+02 9.990628457299766876e-33 -7.232563196357277274e-31 3.576427440579313674e-31 0.000000000000000000e+00 0.000000000000000000e+00 -2.580739518433680097e-34 0.000000000000000000e+00
2.340000000000000000e+02 2.159018196667506694e-32 -1.576508111417558538e-30 1.810457935279269719e-31 0.000000000000000000e+00 0.000000000000000000e+00 2.755285462181838117e-33 0.000000000000000000e+00
2.350000000000000000e+02 1.240197190673100239e-32 -9.134890617043724185e-31 2.154888156910512568e-31 0.000000000000000000e+00 0.000000000000000000e+00 3.862705151387126598e-34 0.000000000000000000e+00
2.360000000000000000e+02 6.567215447404222951e-33 -4.877315261164456203e-31 2.383027085708833279e-31 0.000000000000000000e+00 0.000000000000000000e+00 9.107800046716455251e-35 0.000000000000000000e+00
2.370000000000000000e+02 1.861014731651391776e-32 -1.394088503973664997e-30 1.369596536016777838e-31 0.000000000000000000e+00 0.000000000000000000e+00 4.019145398037415479e-34 0.000000000000000000e+00
2.380000000000000000e+02 9.392114721651155996e-33 -7.095505722948412113e-31 7.364130096746821954e-31 0.000000000000000000e+00 0.000000000000000000e+00 6.592003961076024758e-35 0.000000000000000000e+00
2.390000000000000000e+02 2.301651558080374331e-31 -1.753069794984436840e-29 -1.286015603119213752e-30 0.000000000000000000e+00 0.000000000000000000e+00 3.041027841205146877e-32 0.000000000000000000e+00
2.400000000000000000e+02 8.691601250851418500e-33 -6.677252300029048854e-31 1.259247895538557827e-30 0.000000000000000000e+00 0.000000000000000000e+00 2.199846718306846259e-34 0.000000000000000000e+00
2.410000000000000000e+02 2.603762249617761293e-31 -2.016575093259121618e-29 -1.170065404512554480e-30 0.000000000000000000e+00 0.000000000000000000e+00 2.916882462788966607e-32 0.000000000000000000e+00
2.420000000000000000e+02 1.324700823490689961e-32 -1.034789721320417957e-30 6.778194745586388514e-31 0.000000000000000000e+00 0.000000000000000000e+00 4.812697913414922139e-34 0.000000000000000000e+00
2.430000000000000000e+02 5.542771166315833313e-32 -4.367234827621133347e-30 -5.142922711997464746e-32 0.000000000000000000e+00 0.000000000000000000e+00 -6.871529154863087198e-35 0.000000000000000000e+00
2.440000000000000000e+02 4.204839043108726734e-32 -3.340017158499785393e-30 2.214475387759433205e-31 0.000000000000000000e+00 0.000000000000000000e+00 -1.058892891412411741e-34 0.000000000000000000e+00
2.450000000000000000e+02 2.015619042520063203e-32 -1.613747375908533327e-30 1.807174675472576885e-31 0.000000000000000000e+00 0.000000000000000000e+00 -3.449608343457033471e-34 0.000000000000000000e+00
2.460000000000000000e+02 6.169021903725004346e-32 -4.980564439968222643e-30 2.300494915021186637e-31 0.000000000000000000e+00 0.000000000000000000e+00 1.220270496051444848e-33 0.000000000000000000e+00
2.470000000000000000e+02 2.995946334492688232e-32 -2.438345603432554948e-30 2.919793875542077799e-31 0.000000000000000000e+00 0.000000000000000000e+00 -5.406441430197914143e-34 0.000000000000000000e+00
2.480000000000000000e+02 1.761382882399946394e-31 -1.445365673352466855e-29 1.184049408381433291e-31 0.000000000000000000e+00 0.000000000000000000e+00 1.408037876325414549e-33 0.000000000000000000e+00
2.490000000000000000e+02 2.705268812594223222e-32 -2.236708299982349647e-30 5.056928347379602184e-31 0.000000000000000000e+00 0.000000000000000000e+00 -5.567412273419600672e-35 0.000000000000000000e+00
2.500000000000000000e+02 4.224475387693344586e-32 -3.521611318098268603e-30 1.163047313532141628e-30 0.000000000000000000e+00 0.000000000000000000e+00 9.081463222575654781e-34 0.000000000000000000e+00
2.510000000000000000e+02 2.803817928378793205e-31 -2.356249219734343197e-29 1.739485697350431507e-30 0.000000000000000000e+00 0.000000000000000000e+00 -6.811256843125073068e-34 0.000000000000000000e+00
2.520000000000000000e+02 1.006138713305475034e-31 -8.521607853976763504e-30 2.003336189025237900e-30 0.000000000000000000e+00 0.000000000000000000e+00 -2.462177674129721637e-34 0.000000000000000000e+00
2.530000000000000000e+02 2.254391206081916545e-30 -1.924415514268179999e-28 -1.541491677751631613e-30 0.000000000000000000e+00 0.000000000000000000e+00 -9.580586102707739971e-33 0.000000000000000000e+00
2.540000000000000000e+02 1.971467263817155085e-30 -1.696148128559901927e-28 2.658519892501858194e-29 0.000000000000000000e+00 0.000000000000000000e+00 6.977705009202116309e-33 0.000000000000000000e+00
2.550000000000000000e+02 1.858440598658930391e-29 -1.611336503216571640e-27 -2.351771825270911590e-29 0.000000000000000000e+00 0.000000000000000000e+00 -7.585989383140148625e-31 0.000000000000000000e+00
2.560000000000000000e+02 1.358770533276863422e-32 -1.186682370260888189e-30 1.488104642941698184e-31 0.000000000000000000e+00 0.000000000000000000e+00 -6.914666198908182801e-34 0.000000000000000000e+00
