0.000000000000000000e+00 2.365153966942148302e-06 0.000000000000000000e+00 0.000000000000000000e+00 0.000000000000000000e+00 0.000000000000000000e+00 -9.861289223679496730e-19 0.000000000000000000e+00
1.000000000000000000e+00 1.644384151630813584e-02 -3.580204155707977217e-05 -1.219353841642803688e-03 0.000000000000000000e+00 0.000000000000000000e+00 2.354769349677815482e-02 0.000000000000000000e+00
2.000000000000000000e+00 1.103977319213800788e-02 -6.322312383747823682e-05 -1.523694883934463085e-04 0.000000000000000000e+00 0.000000000000000000e+00 -2.200124774437711567e-18 0.000000000000000000e+00
3.000000000000000000e+00 4.205826288280179424e-03 -5.402046746276518719e-05 5.441081056389876583e-05 0.000000000000000000e+00 0.000000000000000000e+00 -1.051472222260442376e-18 0.000000000000000000e+00
4.000000000000000000e+00 3.013386352939778374e-03 -6.446030985161827008e-05 1.115089814525574798e-04 0.000000000000000000e+00 0.000000000000000000e+00 5.531269697997812194e-19 0.000000000000000000e+00
5.000000000000000000e+00 2.358528099589896152e-03 -8.040258255468406463e-05 1.253360891519965023e-04 0.000000000000000000e+00 0.000000000000000000e+00 -7.194507090213398934e-20 0.000000000000000000e+00
6.000000000000000000e+00 1.361792264756985123e-03 -6.718840030867057837e-05 6.893757496316938154e-05 0.000000000000000000e+00 0.000000000000000000e+00 5.766953334791693121e-20 0.000000000000000000e+00
7.000000000000000000e+00 1.141597292246264786e-03 -7.482549247022736102e-05 9.340471785770715840e-05 0.000000000000000000e+00 0.000000000000000000e+00 -3.238597449046579745e-19 0.000000000000000000e+00
8.000000000000000000e+00 8.874045828211294144e-04 -7.561050049449018814e-05 8.532493150661073613e-05 0.000000000000000000e+00 0.000000000000000000e+00 8.718839716411278498e-21 0.000000000000000000e+00
9.000000000000000000e+00 7.471359520293411119e-04 -8.086180918268338045e-05 8.921751130827132665e-05 0.000000000000000000e+00 0.000000000000000000e+00 -3.628724040889763010e-20 0.000000000000000000e+00
1.000000000000000000e+01 5.114455192795023392e-04 -6.912926528728685681e-05 7.203826854484900026e-05 0.000000000000000000e+00 0.000000000000000000e+00 3.656599344133588109e-20 0.000000000000000000e+00
1.100000000000000000e+01 3.785486670391741484e-04 -6.148429893658168856e-05 6.743981882120250835e-05 0.000000000000000000e+00 0.000000000000000000e+00 -5.640597587024036024e-20 0.000000000000000000e+00
1.200000000000000000e+01 3.351027028447999836e-04 -6.434924791325026192e-05 6.415917087843343966e-05 0.000000000000000000e+00 0.000000000000000000e+00 -4.476195508165240453e-20 0.000000000000000000e+00
1.300000000000000000e+01 2.474016663704456517e-04 -5.590484638855983010e-05 6.188350606356604264e-05 0.000000000000000000e+00 0.000000000000000000e+00 -1.223647942638815177e-21 0.000000000000000000e+00
1.400000000000000000e+01 1.987784670735181678e-04 -5.215398598366841613e-05 5.335631945924202080e-05 0.000000000000000000e+00 0.000000000000000000e+00 9.561362148058003460e-21 0.000000000000000000e+00
1.500000000000000000e+01 1.483650191280601587e-04 -4.447941415903248027e-05 5.016399652129746768e-05 0.000000000000000000e+00 0.000000000000000000e+00 2.911433897576352295e-20 0.000000000000000000e+00
1.600000000000000000e+01 1.306057922981953407e-04 -4.445899549924916297e-05 4.304354095962946203e-05 0.000000000000000000e+00 0.000000000000000000e+00 -1.080232853586736515e-21 0.000000000000000000e+00
1.700000000000000000e+01 1.020330770778163826e-04 -3.931575125258803688e-05 4.227151503515436549e-05 0.000000000000000000e+00 0.000000000000000000e+00 -1.262996160317262214e-21 0.000000000000000000e+00
1.800000000000000000e+01 8.140868223477106772e-05 -3.532334458425226610e-05 3.514539910136168290e-05 0.000000000000000000e+00 0.000000000000000000e+00 -2.346054404338108045e-21 0.000000000000000000e+00
1.900000000000000000e+01 6.115199912553417633e-05 -2.946907904898683390e-05 2.836810634420953441e-05 0.000000000000000000e+00 0.000000000000000000e+00 1.335988038295737619e-21 0.000000000000000000e+00
2.000000000000000000e+01 5.376869559827062470e-05 -2.864225499755531596e-05 2.913825417810710116e-05 0.000000000000000000e+00 0.000000000000000000e+00 -3.879598624484586979e-21 0.000000000000000000e+00
2.100000000000000000e+01 4.310014593852294846e-05 -2.536950193059820343e-05 2.722503412416618101e-05 0.000000000000000000e+00 0.000000000000000000e+00 -8.242195400920441795e-21 0.000000000000000000e+00
2.200000000000000000e+01 3.365689633879978424e-05 -2.176594969684748199e-05 2.172238753434339780e-05 0.000000000000000000e+00 0.000000000000000000e+00 -3.321729546547123583e-21 0.000000000000000000e+00
2.300000000000000000e+01 2.731226393969160405e-05 -1.926123005706106557e-05 2.073870527147321478e-05 0.000000000000000000e+00 0.000000000000000000e+00 -1.825902759508274908e-21 0.000000000000000000e+00
2.400000000000000000e+01 2.180270107672069348e-05 -1.672128225357193295e-05 1.688852190387169739e-05 0.000000000000000000e+00 0.000000000000000000e+00 3.119661994115077514e-21 0.000000000000000000e+00
2.500000000000000000e+01 1.855600090219770254e-05 -1.544685359185908217e-05 1.575389354907728609e-05 0.000000000000000000e+00 0.000000000000000000e+00 9.850973170939021108e-22 0.000000000000000000e+00
2.600000000000000000e+01 1.448601146976815203e-05 -1.306459180577124896e-05 1.315190333843058439e-05 0.000000000000000000e+00 0.000000000000000000e+00 -8.412294109438855579e-22 0.000000000000000000e+00
2.700000000000000000e+01 1.142046739567489866e-05 -1.110868382827831580e-05 1.149497530309543344e-05 0.000000000000000000e+00 0.000000000000000000e+00 -3.253725687713955018e-22 0.000000000000000000e+00
2.800000000000000000e+01 9.600454526811914356e-06 -1.004012120659810338e-05 9.876883865035174375e-06 0.000000000000000000e+00 0.000000000000000000e+00 -3.566947825155480877e-22 0.000000000000000000e+00
2.900000000000000000e+01 7.729867981145289966e-06 -8.673068649842959681e-06 8.774175677835473024e-06 0.000000000000000000e+00 0.000000000000000000e+00 2.721746729478031562e-21 0.000000000000000000e+00
3.000000000000000000e+01 6.206402836124054863e-06 -7.450353180923297942e-06 7.706198055985610340e-06 0.000000000000000000e+00 0.000000000000000000e+00 -1.797452099648493196e-21 0.000000000000000000e+00
3.100000000000000000e+01 5.113003794748921124e-06 -6.550560026317955055e-06 6.871572751165641033e-06 0.000000000000000000e+00 0.000000000000000000e+00 2.645338617799244049e-22 0.000000000000000000e+00
3.200000000000000000e+01 4.043976157301869375e-06 -5.517681259906266398e-06 5.774296730325549199e-06 0.000000000000000000e+00 0.000000000000000000e+00 -3.763679816443920120e-21 0.000000000000000000e+00
3.300000000000000000e+01 3.401428027054743609e-06 -4.934502138739103018e-06 5.041954806872342216e-06 0.000000000000000000e+00 0.000000000000000000e+00 -2.683636333702863176e-21 0.000000000000000000e+00
3.400000000000000000e+01 2.766412348403318339e-06 -4.261466038624122281e-06 4.287151077284211417e-06 0.000000000000000000e+00 0.000000000000000000e+00 2.074861971270700417e-22 0.000000000000000000e+00
3.500000000000000000e+01 2.168960803891250306e-06 -3.542601839356487129e-06 3.635389966619771658e-06 0.000000000000000000e+00 0.000000000000000000e+00 3.977173616392449795e-22 0.000000000000000000e+00
3.600000000000000000e+01 1.809063618481317072e-06 -3.124499233794558386e-06 3.161285542825453494e-06 0.000000000000000000e+00 0.000000000000000000e+00 5.808023850248406700e-22 0.000000000000000000e+00
3.700000000000000000e+01 1.455923446565193358e-06 -2.657193319818068399e-06 2.740682371747462927e-06 0.000000000000000000e+00 0.000000000000000000e+00 -9.328716945347369985e-23 0.000000000000000000e+00
3.800000000000000000e+01 1.201702257396874854e-06 -2.313904727735323577e-06 2.347290123118308288e-06 0.000000000000000000e+00 0.000000000000000000e+00 4.397465701251345049e-22 0.000000000000000000e+00
3.900000000000000000e+01 9.498531007024932542e-07 -1.925302474283684770e-06 1.988209835715274932e-06 0.000000000000000000e+00 0.000000000000000000e+00 1.750531895486079716e-22 0.000000000000000000e+00
4.000000000000000000e+01 7.913949107479015229e-07 -1.687173306098081612e-06 1.752146393858441602e-06 0.000000000000000000e+00 0.000000000000000000e+00 -3.081739094785102362e-22 0.000000000000000000e+00
4.100000000000000000e+01 6.459802603180505037e-07 -1.447510842274823499e-06 1.507414072408370013e-06 0.000000000000000000e+00 0.000000000000000000e+00 -1.005598940979279991e-21 0.000000000000000000e+00
4.200000000000000000e+01 5.185262846932381726e-07 -1.219449924070846861e-06 1.238876501531101834e-06 0.000000000000000000e+00 0.000000000000000000e+00 -1.432145760949922758e-22 0.000000000000000000e+00
4.300000000000000000e+01 4.258010173005631276e-07 -1.049714227309535196e-06 1.067714790710916905e-06 0.000000000000000000e+00 0.000000000000000000e+00 1.019519709210540535e-22 0.000000000000000000e+00
4.400000000000000000e+01 3.424170558672238595e-07 -8.836395832930800828e-07 8.965749935703779519e-07 0.000000000000000000e+00 0.000000000000000000e+00 4.720945778227165756e-23 0.000000000000000000e+00
4.500000000000000000e+01 2.872930294567496555e-07 -7.756698638289831940e-07 7.985971394040089496e-07 0.000000000000000000e+00 0.000000000000000000e+00 -8.613091990310118793e-23 0.000000000000000000e+00
4.600000000000000000e+01 2.223617657540586512e-07 -6.273501990512184908e-07 6.410901974090029928e-07 0.000000000000000000e+00 0.000000000000000000e+00 2.485580257420223818e-22 0.000000000000000000e+00
4.700000000000000000e+01 1.867999116509101709e-07 -5.498895781685816989e-07 5.648233442390261913e-07 0.000000000000000000e+00 0.000000000000000000e+00 1.936246645574784764e-22 0.000000000000000000e+00
4.800000000000000000e+01 1.540781912557689997e-07 -4.729624620748092669e-07 4.863180072012363933e-07 0.000000000000000000e+00 0.000000000000000000e+00 -1.456749317054441317e-22 0.000000000000000000e+00
4.900000000000000000e+01 1.249129395162836729e-07 -3.996904183171896803e-07 4.135448508318605226e-07 0.000000000000000000e+00 0.000000000000000000e+00 2.279645515010605405e-22 0.000000000000000000e+00
5.000000000000000000e+01 1.012067896653620386e-07 -3.373406802615400111e-07 3.468780187375246137e-07 0.000000000000000000e+00 0.000000000000000000e+00 -7.650424617094769196e-23 0.000000000000000000e+00
5.100000000000000000e+01 8.152069445033083113e-08 -2.826749596191703561e-07 2.901938194084006574e-07 0.000000000000000000e+00 0.000000000000000000e+00 1.678713754314785253e-23 0.000000000000000000e+00
5.200000000000000000e+01 6.823350445817390014e-08 -2.459643658650554975e-07 2.517202661872070320e-07 0.000000000000000000e+00 0.000000000000000000e+00 -2.851670128922133723e-23 0.000000000000000000e+00
5.300000000000000000e+01 5.535634953168068005e-08 -2.073068034945056877e-07 2.129605336811564969e-07 0.000000000000000000e+00 0.000000000000000000e+00 -4.406509789950742980e-23 0.000000000000000000e+00
5.400000000000000000e+01 4.480326258232117358e-08 -1.741849000148516661e-07 1.799513888155935186e-07 0.000000000000000000e+00 0.000000000000000000e+00 7.546284307406346543e-23 0.000000000000000000e+00
5.500000000000000000e+01 3.621377688698414687e-08 -1.460075324833329768e-07 1.515651064338818358e-07 0.000000000000000000e+00 0.000000000000000000e+00 -6.255336078434459938e-23 0.000000000000000000e+00
5.600000000000000000e+01 2.982030223807569805e-08 -1.246222926288456671e-07 1.276248387354364898e-07 0.000000000000000000e+00 0.000000000000000000e+00 9.794542398850017614e-24 0.000000000000000000e+00
5.700000000000000000e+01 2.493131079705244762e-08 -1.079571651218206704e-07 1.112946722997122650e-07 0.000000000000000000e+00 0.000000000000000000e+00 9.437590543647322195e-23 0.000000000000000000e+00
5.800000000000000000e+01 1.983802129636634830e-08 -8.896924197770576048e-08 9.171401603321037684e-08 0.000000000000000000e+00 0.000000000000000000e+00 4.538334385823924546e-23 0.000000000000000000e+00
5.900000000000000000e+01 1.613657347031666561e-08 -7.486968714224687262e-08 7.725594518107561914e-08 0.000000000000000000e+00 0.000000000000000000e+00 -3.042035743240078673e-23 0.000000000000000000e+00
6.000000000000000000e+01 1.348607265486475005e-08 -6.470615439675879544e-08 6.738874856765340462e-08 0.000000000000000000e+00 0.000000000000000000e+00 5.153228502779121673e-25 0.000000000000000000e+00
6.100000000000000000e+01 1.093979796190172609e-08 -5.426436427277818489e-08 5.625199301111277528e-08 0.000000000000000000e+00 0.000000000000000000e+00 1.244788895027613267e-23 0.000000000000000000e+00
6.200000000000000000e+01 8.965527974434554566e-09 -4.594280608128412138e-08 4.770158796493616484e-08 0.000000000000000000e+00 0.000000000000000000e+00 -6.356347609203933887e-24 0.000000000000000000e+00
6.300000000000000000e+01 7.184317466915899233e-09 -3.800228620563598550e-08 3.936007438371385297e-08 0.000000000000000000e+00 0.000000000000000000e+00 1.384798131263345385e-23 0.000000000000000000e+00
6.400000000000000000e+01 6.009395111479199405e-09 -3.279854638076146879e-08 3.400868790564653514e-08 0.000000000000000000e+00 0.000000000000000000e+00 -2.438359969226610222e-23 0.000000000000000000e+00
6.500000000000000000e+01 4.993696866070637885e-09 -2.811938432325759602e-08 2.937696160981768422e-08 0.000000000000000000e+00 0.000000000000000000e+00 -5.640220692759499097e-23 0.000000000000000000e+00
6.600000000000000000e+01 3.964968484832474814e-09 -2.302582195248304979e-08 2.394181122529129831e-08 0.000000000000000000e+00 0.000000000000000000e+00 -2.935723382517373216e-24 0.000000000000000000e+00
6.700000000000000000e+01 3.311652310839209046e-09 -1.981848998104089781e-08 2.060376405756193507e-08 0.000000000000000000e+00 0.000000000000000000e+00 -1.211902356263687511e-23 0.000000000000000000e+00
6.800000000000000000e+01 2.655060033866631434e-09 -1.636583706394257022e-08 1.708376051558441103e-08 0.000000000000000000e+00 0.000000000000000000e+00 6.108533238558643927e-24 0.000000000000000000e+00
6.900000000000000000e+01 2.226931453323614936e-09 -1.413493894425200141e-08 1.472131749520458441e-08 0.000000000000000000e+00 0.000000000000000000e+00 1.428869916117030136e-24 0.000000000000000000e+00
7.000000000000000000e+01 1.787823901116527913e-09 -1.167898126970619641e-08 1.218677050651104450e-08 0.000000000000000000e+00 0.000000000000000000e+00 4.233481220392099483e-24 0.000000000000000000e+00
7.100000000000000000e+01 1.459776045691205313e-09 -9.808912760583261267e-09 1.024485914414423693e-08 0.000000000000000000e+00 0.000000000000000000e+00 -3.633059555855660957e-24 0.000000000000000000e+00
7.200000000000000000e+01 1.227634281754601111e-09 -8.481912243245703464e-09 8.834718755538319843e-09 0.000000000000000000e+00 0.000000000000000000e+00 1.930827069352083207e-24 0.000000000000000000e+00
7.300000000000000000e+01 9.933065551306403704e-10 -7.055549199936361536e-09 7.364014152920766645e-09 0.000000000000000000e+00 0.000000000000000000e+00 4.361006952853284080e-24 0.000000000000000000e+00
7.400000000000000000e+01 8.243127958750166346e-10 -6.017527226563815498e-09 6.290118221906531081e-09 0.000000000000000000e+00 0.000000000000000000e+00 5.476009790352199430e-25 0.000000000000000000e+00
7.500000000000000000e+01 6.647205186152363714e-10 -4.984599948233058167e-09 5.216849761137738540e-09 0.000000000000000000e+00 0.000000000000000000e+00 -1.483881392567711657e-24 0.000000000000000000e+00
7.600000000000000000e+01 5.530859215103136378e-10 -4.258342639072164095e-09 4.444815110676218387e-09 0.000000000000000000e+00 0.000000000000000000e+00 -2.835477137361365405e-24 0.000000000000000000e+00
7.700000000000000000e+01 4.540760522255603847e-10 -3.588914441498649950e-09 3.768269019122746458e-09 0.000000000000000000e+00 0.000000000000000000e+00 -2.203358220311376027e-24 0.000000000000000000e+00
7.800000000000000000e+01 3.695474970804171313e-10 -2.997205324282641254e-09 3.132873613398579402e-09 0.000000000000000000e+00 0.000000000000000000e+00 -2.119927693521700291e-25 0.000000000000000000e+00
7.900000000000000000e+01 3.092658040799561988e-10 -2.572533383161730149e-09 2.698103476336450373e-09 0.000000000000000000e+00 0.000000000000000000e+00 -5.292035966838612284e-24 0.000000000000000000e+00
8.000000000000000000e+01 2.519212530703166727e-10 -2.148864422421873375e-09 2.250383344607270103e-09 0.000000000000000000e+00 0.000000000000000000e+00 2.611603527690810417e-24 0.000000000000000000e+00
8.100000000000000000e+01 2.098057678396073110e-10 -1.834686482728448462e-09 1.926100758470025513e-09 0.000000000000000000e+00 0.000000000000000000e+00 7.516226691027968931e-24 0.000000000000000000e+00
8.200000000000000000e+01 1.711561241770014955e-10 -1.534122075574333329e-09 1.607541795728870038e-09 0.000000000000000000e+00 0.000000000000000000e+00 -2.059930596275957720e-24 0.000000000000000000e+00
8.300000000000000000e+01 1.411571337111413636e-10 -1.296352882496109091e-09 1.363754191894107348e-09 0.000000000000000000e+00 0.000000000000000000e+00 3.688285262642798797e-24 0.000000000000000000e+00
8.400000000000000000e+01 1.159264630613176589e-10 -1.090364987911921350e-09 1.150988356501025500e-09 0.000000000000000000e+00 0.000000000000000000e+00 -1.281579906368591874e-25 0.000000000000000000e+00
8.500000000000000000e+01 9.632158206396027266e-11 -9.276771734199416950e-10 9.773416167460357042e-10 0.000000000000000000e+00 0.000000000000000000e+00 1.616122693877435452e-24 0.000000000000000000e+00
8.600000000000000000e+01 7.910434047125443817e-11 -7.799599732060705086e-10 8.237535105220009034e-10 0.000000000000000000e+00 0.000000000000000000e+00 9.461119052056167262e-26 0.000000000000000000e+00
8.700000000000000000e+01 6.465306068916378249e-11 -6.523683908135539037e-10 6.862937938907696841e-10 0.000000000000000000e+00 0.000000000000000000e+00 1.151201132534965198e-24 0.000000000000000000e+00
8.800000000000000000e+01 5.360244872332064093e-11 -5.532970339972227656e-10 5.847055251341648289e-10 0.000000000000000000e+00 0.000000000000000000e+00 -5.617046904824721227e-26 0.000000000000000000e+00
8.900000000000000000e+01 4.472673075791614919e-11 -4.722589662398111015e-10 4.993745848417109835e-10 0.000000000000000000e+00 0.000000000000000000e+00 -8.068148899846315719e-25 0.000000000000000000e+00
9.000000000000000000e+01 3.702973937433270692e-11 -3.998553627970835950e-10 4.227822824684329739e-10 0.000000000000000000e+00 0.000000000000000000e+00 1.326691086013435676e-24 0.000000000000000000e+00
9.100000000000000000e+01 3.007091643043795726e-11 -3.319883847978975462e-10 3.517244346130212920e-10 0.000000000000000000e+00 0.000000000000000000e+00 -4.464923638485970714e-25 0.000000000000000000e+00
9.200000000000000000e+01 2.497005036882036591e-11 -2.817561797391703169e-10 2.987786671841260236e-10 0.000000000000000000e+00 0.000000000000000000e+00 -6.275991669591582106e-25 0.000000000000000000e+00
9.300000000000000000e+01 2.064873253670533798e-11 -2.380879693600219985e-10 2.522718396923663352e-10 0.000000000000000000e+00 0.000000000000000000e+00 1.789642661080196814e-25 0.000000000000000000e+00
9.400000000000000000e+01 1.710054600231510040e-11 -2.014258443023661804e-10 2.137238754080289972e-10 0.000000000000000000e+00 0.000000000000000000e+00 -2.233401883412598513e-24 0.000000000000000000e+00
9.500000000000000000e+01 1.404064767023842752e-11 -1.689085885781834806e-10 1.798999754257778163e-10 0.000000000000000000e+00 0.000000000000000000e+00 1.369044560283184109e-24 0.000000000000000000e+00
9.600000000000000000e+01 1.170524019799434029e-11 -1.437721845446780177e-10 1.521395939211653343e-10 0.000000000000000000e+00 0.000000000000000000e+00 7.521976630513054266e-25 0.000000000000000000e+00
9.700000000000000000e+01 9.769947238704114466e-12 -1.225231133312077066e-10 1.307108036166047901e-10 0.000000000000000000e+00 0.000000000000000000e+00 2.106042471108467189e-24 0.000000000000000000e+00
9.800000000000000000e+01 8.101758845966462705e-12 -1.037285002961511192e-10 1.105029136904803449e-10 0.000000000000000000e+00 0.000000000000000000e+00 -4.376562183071519486e-25 0.000000000000000000e+00
9.900000000000000000e+01 6.553835761419482247e-12 -8.563354514949550262e-11 9.150441385217228701e-11 0.000000000000000000e+00 0.000000000000000000e+00 -2.289417482048517063e-25 0.000000000000000000e+00
1.000000000000000000e+02 5.460309753003896743e-12 -7.278916450917207002e-11 7.783492242390902460e-11 0.000000000000000000e+00 0.000000000000000000e+00 -1.525372741714700722e-25 0.000000000000000000e+00
1.010000000000000000e+02 4.538564975370778099e-12 -6.171693993304652675e-11 6.592565669700881366e-11 0.000000000000000000e+00 0.000000000000000000e+00 2.298328115620143222e-25 0.000000000000000000e+00
1.020000000000000000e+02 3.784273229798957222e-12 -5.248803674319418765e-11 5.612829655920463794e-11 0.000000000000000000e+00 0.000000000000000000e+00 -7.041137542776750104e-26 0.000000000000000000e+00
1.030000000000000000e+02 3.143167019038786120e-12 -4.445459553865694726e-11 4.777175930489921426e-11 0.000000000000000000e+00 0.000000000000000000e+00 2.091727669410156223e-25 0.000000000000000000e+00
1.040000000000000000e+02 2.570129449679480196e-12 -3.705627375241357260e-11 3.967123508287289836e-11 0.000000000000000000e+00 0.000000000000000000e+00 -1.070740078854545258e-25 0.000000000000000000e+00
1.050000000000000000e+02 2.180000458085143468e-12 -3.203844416807745241e-11 3.442897358149529733e-11 0.000000000000000000e+00 0.000000000000000000e+00 4.949432866816918087e-25 0.000000000000000000e+00
1.060000000000000000e+02 1.779217283709290166e-12 -2.665066956055770371e-11 2.865063280892785675e-11 0.000000000000000000e+00 0.000000000000000000e+00 -3.061588210736003695e-25 0.000000000000000000e+00
1.070000000000000000e+02 1.480037496248538006e-12 -2.258916121850010133e-11 2.431396870807441501e-11 0.000000000000000000e+00 0.000000000000000000e+00 1.707637116597872723e-25 0.000000000000000000e+00
1.080000000000000000e+02 1.231798342913639536e-12 -1.915281585979513515e-11 2.061549070202394641e-11 0.000000000000000000e+00 0.000000000000000000e+00 -1.630632998130917763e-25 0.000000000000000000e+00
1.090000000000000000e+02 1.030681240843585118e-12 -1.632447375194203020e-11 1.758779350766031621e-11 0.000000000000000000e+00 0.000000000000000000e+00 -6.453561364369858641e-26 0.000000000000000000e+00
1.100000000000000000e+02 8.520054378857281059e-13 -1.374427160675519115e-11 1.486351624285992873e-11 0.000000000000000000e+00 0.000000000000000000e+00 -1.213480789880783174e-25 0.000000000000000000e+00
1.110000000000000000e+02 7.000372389447564999e-13 -1.149781313789194351e-11 1.244967530287889674e-11 0.000000000000000000e+00 0.000000000000000000e+00 1.081021896573116622e-26 0.000000000000000000e+00
1.120000000000000000e+02 5.893114056914391667e-13 -9.853952567063720529e-12 1.067702065319394917e-11 0.000000000000000000e+00 0.000000000000000000e+00 3.720723086926483318e-26 0.000000000000000000e+00
1.130000000000000000e+02 4.893997380148780924e-13 -8.330217182673570776e-12 9.032425003784033897e-12 0.000000000000000000e+00 0.000000000000000000e+00 -8.848192814652674771e-26 0.000000000000000000e+00
1.140000000000000000e+02 4.095030996559702056e-13 -7.094597992638347546e-12 7.697175900830479420e-12 0.000000000000000000e+00 0.000000000000000000e+00 -1.745703910139147356e-26 0.000000000000000000e+00
1.150000000000000000e+02 3.355621052052143308e-13 -5.916136662018666877e-12 6.420570435604559878e-12 0.000000000000000000e+00 0.000000000000000000e+00 1.646001377794916357e-26 0.000000000000000000e+00
1.160000000000000000e+02 2.827356401108083174e-13 -5.071468919514592746e-12 5.505974467272724259e-12 0.000000000000000000e+00 0.000000000000000000e+00 -1.147164218808445009e-26 0.000000000000000000e+00
1.170000000000000000e+02 2.353725907556037275e-13 -4.295369046975773114e-12 4.664063609690175184e-12 0.000000000000000000e+00 0.000000000000000000e+00 -1.581841555973577052e-26 0.000000000000000000e+00
1.180000000000000000e+02 1.941589504064453241e-13 -3.604121568941764631e-12 3.926606178487983334e-12 0.000000000000000000e+00 0.000000000000000000e+00 -1.604312698393196545e-26 0.000000000000000000e+00
1.190000000000000000e+02 1.615632759489376633e-13 -3.049700492264177938e-12 3.319630073315903596e-12 0.000000000000000000e+00 0.000000000000000000e+00 -5.648301500194463973e-27 0.000000000000000000e+00
1.200000000000000000e+02 1.358990588716899240e-13 -2.608527670843436672e-12 2.844369321877636677e-12 0.000000000000000000e+00 0.000000000000000000e+00 -9.079268794074123920e-27 0.000000000000000000e+00
1.210000000000000000e+02 1.129282077744210074e-13 -2.204036244807831545e-12 2.401947266154810208e-12 0.000000000000000000e+00 0.000000000000000000e+00 -3.691859708458664297e-27 0.000000000000000000e+00
1.220000000000000000e+02 9.393383162597385891e-14 -1.863855929126003317e-12 2.033671728092304803e-12 0.000000000000000000e+00 0.000000000000000000e+00 -1.135434871674778407e-26 0.000000000000000000e+00
1.230000000000000000e+02 7.803776681672282819e-14 -1.573887587241815133e-12 1.718668697645921770e-12 0.000000000000000000e+00 0.000000000000000000e+00 -2.635502444901872817e-26 0.000000000000000000e+00
1.240000000000000000e+02 6.482499727396024557e-14 -1.328747488547566823e-12 1.453615646313273512e-12 0.000000000000000000e+00 0.000000000000000000e+00 1.265338643056343037e-27 0.000000000000000000e+00
1.250000000000000000e+02 5.493223274151431427e-14 -1.144273907859619320e-12 1.250990331231846347e-12 0.000000000000000000e+00 0.000000000000000000e+00 3.815731826573823105e-28 0.000000000000000000e+00
1.260000000000000000e+02 4.490813697898064559e-14 -9.505092184779675487e-13 1.039241501567436761e-12 0.000000000000000000e+00 0.000000000000000000e+00 1.273727965706981702e-26 0.000000000000000000e+00
1.270000000000000000e+02 3.776642652113070201e-14 -8.120126907273022374e-13 8.903057585531133086e-13 0.000000000000000000e+00 0.000000000000000000e+00 -7.786296772077196967e-27 0.000000000000000000e+00
1.280000000000000000e+02 3.156238918460787129e-14 -6.893264395890681796e-13 7.555062363125932649e-13 0.000000000000000000e+00 0.000000000000000000e+00 -2.987271377795125386e-26 0.000000000000000000e+00
1.290000000000000000e+02 2.656071281105232973e-14 -5.892170667986801391e-13 6.460444192084147389e-13 0.000000000000000000e+00 0.000000000000000000e+00 1.105803353736942004e-26 0.000000000000000000e+00
1.300000000000000000e+02 2.196882462603343248e-14 -4.949700389833074857e-13 5.425368093600039228e-13 0.000000000000000000e+00 0.000000000000000000e+00 8.205801783763929568e-29 0.000000000000000000e+00
1.310000000000000000e+02 1.820058538600924836e-14 -4.163785271011561340e-13 4.568131095304922109e-13 0.000000000000000000e+00 0.000000000000000000e+00 1.319299409670430028e-26 0.000000000000000000e+00
1.320000000000000000e+02 1.542799961220185506e-14 -3.583610032210302703e-13 3.936968751640919965e-13 0.000000000000000000e+00 0.000000000000000000e+00 8.493397062913797208e-28 0.000000000000000000e+00
1.330000000000000000e+02 1.275040423695459685e-14 -3.006850255015002688e-13 3.301576165908628298e-13 0.000000000000000000e+00 0.000000000000000000e+00 -1.374184214209916828e-27 0.000000000000000000e+00
1.340000000000000000e+02 1.071130319962439467e-14 -2.564094755677221806e-13 2.818822769803783350e-13 0.000000000000000000e+00 0.000000000000000000e+00 -3.691927343463365188e-27 0.000000000000000000e+00
1.350000000000000000e+02 8.844491956924468694e-15 -2.148876581533486896e-13 2.362029093764567108e-13 0.000000000000000000e+00 0.000000000000000000e+00 -4.839268807787395804e-28 0.000000000000000000e+00
1.360000000000000000e+02 7.462747866052997191e-15 -1.840033681774430126e-13 2.023935912056313497e-13 0.000000000000000000e+00 0.000000000000000000e+00 7.179769080622091254e-27 0.000000000000000000e+00
1.370000000000000000e+02 6.273828069281832056e-15 -1.569811090687115767e-13 1.728412569292679729e-13 0.000000000000000000e+00 0.000000000000000000e+00 -5.462277213528039401e-27 0.000000000000000000e+00
1.380000000000000000e+02 5.179398800573640648e-15 -1.315023011702899304e-13 1.447385886779884856e-13 0.000000000000000000e+00 0.000000000000000000e+00 5.412803341908200268e-27 0.000000000000000000e+00
1.390000000000000000e+02 4.321185618642065402e-15 -1.113027504840371881e-13 1.227575707394530394e-13 0.000000000000000000e+00 0.000000000000000000e+00 -3.208359395146474345e-27 0.000000000000000000e+00
1.400000000000000000e+02 3.640361364148791871e-15 -9.511583460265911916e-14 1.047514306495127567e-13 0.000000000000000000e+00 0.000000000000000000e+00 -3.426258470819437232e-27 0.000000000000000000e+00
1.410000000000000000e+02 3.035694715344536745e-15 -8.045707432387584566e-14 8.875403871869626446e-14 0.000000000000000000e+00 0.000000000000000000e+00 2.144015924519215052e-27 0.000000000000000000e+00
1.420000000000000000e+02 2.544358353959056711e-15 -6.839588291551233485e-14 7.560484340076098559e-14 0.000000000000000000e+00 0.000000000000000000e+00 -6.771724557625933655e-27 0.000000000000000000e+00
1.430000000000000000e+02 2.093779599071864862e-15 -5.707732084409708261e-14 6.300042225782733139e-14 0.000000000000000000e+00 0.000000000000000000e+00 1.252506554312050350e-27 0.000000000000000000e+00
1.440000000000000000e+02 1.774214678045280021e-15 -4.904192790616802307e-14 5.421685960198272819e-14 0.000000000000000000e+00 0.000000000000000000e+00 -1.495008594206614900e-27 0.000000000000000000e+00
1.450000000000000000e+02 1.483600854968824150e-15 -4.158145940133944827e-14 4.599353197181978356e-14 0.000000000000000000e+00 0.000000000000000000e+00 4.813485841810698627e-27 0.000000000000000000e+00
1.460000000000000000e+02 1.243343417399962360e-15 -3.533135160187296623e-14 3.901132870034909288e-14 0.000000000000000000e+00 0.000000000000000000e+00 -1.621831490058600269e-27 0.000000000000000000e+00
1.470000000000000000e+02 1.036505297833168514e-15 -2.985916118081728634e-14 3.297856490259790030e-14 0.000000000000000000e+00 0.000000000000000000e+00 -1.880395153613356791e-27 0.000000000000000000e+00
1.480000000000000000e+02 8.679146022028209073e-16 -2.534389450361738331e-14 2.805031769179550010e-14 0.000000000000000000e+00 0.000000000000000000e+00 -2.784104189924173577e-27 0.000000000000000000e+00
1.490000000000000000e+02 7.292485321854830653e-16 -2.158431084986601643e-14 2.390865590417745219e-14 0.000000000000000000e+00 0.000000000000000000e+00 -4.688236363029485042e-28 0.000000000000000000e+00
1.500000000000000000e+02 6.047825738562067774e-16 -1.814206304601895176e-14 2.005033506117741910e-14 0.000000000000000000e+00 0.000000000000000000e+00 -7.934013769582339169e-29 0.000000000000000000e+00
1.510000000000000000e+02 5.043483980987422654e-16 -1.533110669625740618e-14 1.698341755035984898e-14 0.000000000000000000e+00 0.000000000000000000e+00 1.752366864540654692e-27 0.000000000000000000e+00
1.520000000000000000e+02 4.246923643463299575e-16 -1.308067058543383357e-14 1.447768258399712600e-14 0.000000000000000000e+00 0.000000000000000000e+00 -7.891398715354146042e-28 0.000000000000000000e+00
1.530000000000000000e+02 3.549559335047250952e-16 -1.107725482334058199e-14 1.225924811849411592e-14 0.000000000000000000e+00 0.000000000000000000e+00 5.277121055774133483e-28 0.000000000000000000e+00
1.540000000000000000e+02 2.975916622072202076e-16 -9.409062113302316415e-15 1.042968866918923590e-14 0.000000000000000000e+00 0.000000000000000000e+00 -1.101231650254258243e-27 0.000000000000000000e+00
1.550000000000000000e+02 2.460884508290896602e-16 -7.882022874957988137e-15 8.717528151130708862e-15 0.000000000000000000e+00 0.000000000000000000e+00 3.581359284089325251e-28 0.000000000000000000e+00
1.560000000000000000e+02 2.080474175218384998e-16 -6.749535317438581731e-15 7.471060455288444895e-15 0.000000000000000000e+00 0.000000000000000000e+00 5.387475305396764568e-29 0.000000000000000000e+00
1.570000000000000000e+02 1.743430910234840140e-16 -5.728947385931017401e-15 6.337679230368505535e-15 0.000000000000000000e+00 0.000000000000000000e+00 -1.079300797046120935e-27 0.000000000000000000e+00
1.580000000000000000e+02 1.447943446752557090e-16 -4.818929762694671974e-15 5.323354036112039938e-15 0.000000000000000000e+00 0.000000000000000000e+00 -2.698901785224080935e-28 0.000000000000000000e+00
1.590000000000000000e+02 1.214094924187106964e-16 -4.091737908131216209e-15 4.528782020695207173e-15 0.000000000000000000e+00 0.000000000000000000e+00 -6.667612521060874483e-28 0.000000000000000000e+00
1.600000000000000000e+02 1.020114907019817141e-16 -3.481315716169294518e-15 3.852225070617386193e-15 0.000000000000000000e+00 0.000000000000000000e+00 -1.838059194994107042e-28 0.000000000000000000e+00
1.610000000000000000e+02 8.575359389987312639e-17 -2.963350225009911920e-15 3.280395634511924080e-15 0.000000000000000000e+00 0.000000000000000000e+00 -9.176054166773271848e-28 0.000000000000000000e+00
1.620000000000000000e+02 7.088654633729873473e-17 -2.480186683699961943e-15 2.742097525564535072e-15 0.000000000000000000e+00 0.000000000000000000e+00 6.430732669331081805e-28 0.000000000000000000e+00
1.630000000000000000e+02 5.999164565478440648e-17 -2.124972345109834945e-15 2.349997073403728184e-15 0.000000000000000000e+00 0.000000000000000000e+00 1.480877609069576396e-28 0.000000000000000000e+00
1.640000000000000000e+02 4.957699012197188205e-17 -1.777649289711835159e-15 1.963969138035089873e-15 0.000000000000000000e+00 0.000000000000000000e+00 6.983562782980623694e-28 0.000000000000000000e+00
1.650000000000000000e+02 4.210514356902100491e-17 -1.528217239685788926e-15 1.684966673822886065e-15 0.000000000000000000e+00 0.000000000000000000e+00 -5.435551052255719819e-28 0.000000000000000000e+00
1.660000000000000000e+02 3.490931208765726842e-17 -1.282418725066601627e-15 1.414829280651591503e-15 0.000000000000000000e+00 0.000000000000000000e+00 -7.050381071469037133e-28 0.000000000000000000e+00
1.670000000000000000e+02 2.955254319658351772e-17 -1.098720566581582033e-15 1.210985403951839944e-15 0.000000000000000000e+00 0.000000000000000000e+00 3.642894731488505829e-28 0.000000000000000000e+00
1.680000000000000000e+02 2.475079113314626917e-17 -9.312685399145631205e-16 1.026964699617894482e-15 0.000000000000000000e+00 0.000000000000000000e+00 4.807620765937288351e-29 0.000000000000000000e+00
1.690000000000000000e+02 2.066210453832243342e-17 -7.867230938867904801e-16 8.670672309081711986e-16 0.000000000000000000e+00 0.000000000000000000e+00 1.043155050841398694e-28 0.000000000000000000e+00
1.700000000000000000e+02 1.749513277870174649e-17 -6.740710877674463563e-16 7.420782597169533923e-16 0.000000000000000000e+00 0.000000000000000000e+00 3.314289360058477781e-28 0.000000000000000000e+00
1.710000000000000000e+02 1.444094795955020761e-17 -5.629728900695423559e-16 6.199977088276386403e-16 0.000000000000000000e+00 0.000000000000000000e+00 -3.193029873448155186e-28 0.000000000000000000e+00
1.720000000000000000e+02 1.216329336345251134e-17 -4.797187853750673243e-16 5.283772727828630549e-16 0.000000000000000000e+00 0.000000000000000000e+00 -1.157483306374969890e-28 0.000000000000000000e+00
1.730000000000000000e+02 1.020921502512656485e-17 -4.073501270431183674e-16 4.479843360454689195e-16 0.000000000000000000e+00 0.000000000000000000e+00 2.079802497681133259e-28 0.000000000000000000e+00
1.740000000000000000e+02 8.575319205070557691e-18 -3.461271238573773216e-16 3.801397596071075245e-16 0.000000000000000000e+00 0.000000000000000000e+00 -1.600743864555471043e-28 0.000000000000000000e+00
1.750000000000000000e+02 7.135101038708559685e-18 -2.913149395067366577e-16 3.193784238193688414e-16 0.000000000000000000e+00 0.000000000000000000e+00 2.515645313606834078e-29 0.000000000000000000e+00
1.760000000000000000e+02 6.032684383380760414e-18 -2.491167507924961603e-16 2.733442987327702281e-16 0.000000000000000000e+00 0.000000000000000000e+00 -1.676986869181971807e-28 0.000000000000000000e+00
1.770000000000000000e+02 5.061113435526023367e-18 -2.113779601573348245e-16 2.317261732934535247e-16 0.000000000000000000e+00 0.000000000000000000e+00 7.623954521702838089e-29 0.000000000000000000e+00
1.780000000000000000e+02 4.249342546138051763e-18 -1.794901297411936303e-16 1.964383726465435007e-16 0.000000000000000000e+00 0.000000000000000000e+00 -3.865318433017084647e-29 0.000000000000000000e+00
1.790000000000000000e+02 3.546369494320327171e-18 -1.514866281137745715e-16 1.656263133658534975e-16 0.000000000000000000e+00 0.000000000000000000e+00 1.772035658238758236e-28 0.000000000000000000e+00
1.800000000000000000e+02 2.972948176366341567e-18 -1.284148633385179856e-16 1.404662345684450188e-16 0.000000000000000000e+00 0.000000000000000000e+00 3.609717066583162756e-29 0.000000000000000000e+00
1.810000000000000000e+02 2.509974867407541068e-18 -1.096260044708229200e-16 1.196733485715372483e-16 0.000000000000000000e+00 0.000000000000000000e+00 1.149164104503935597e-28 0.000000000000000000e+00
1.820000000000000000e+02 2.082697250444920145e-18 -9.197278154116489758e-17 1.002236850865259068e-16 0.000000000000000000e+00 0.000000000000000000e+00 -2.414005649367469469e-29 0.000000000000000000e+00
1.830000000000000000e+02 1.763853720484839486e-18 -7.874991302163624689e-17 8.564400672034936932e-17 0.000000000000000000e+00 0.000000000000000000e+00 7.372335834385779389e-29 0.000000000000000000e+00
1.840000000000000000e+02 1.476708829962524134e-18 -6.665224925406844671e-17 7.248875034801456600e-17 0.000000000000000000e+00 0.000000000000000000e+00 -1.266251275219936387e-29 0.000000000000000000e+00
1.850000000000000000e+02 1.242578229787979089e-18 -5.669640565821267914e-17 6.153825487494192134e-17 0.000000000000000000e+00 0.000000000000000000e+00 5.563248392292625425e-29 0.000000000000000000e+00
1.860000000000000000e+02 1.041823259721877623e-18 -4.805175222603206931e-17 5.210759079934943365e-17 0.000000000000000000e+00 0.000000000000000000e+00 -5.183646280308924604e-29 0.000000000000000000e+00
1.870000000000000000e+02 8.774176539447995092e-19 -4.090525202295281035e-17 4.430012670796305004e-17 0.000000000000000000e+00 0.000000000000000000e+00 -6.120962050203651938e-29 0.000000000000000000e+00
1.880000000000000000e+02 7.354654091099332093e-19 -3.465533337127975633e-17 3.747804428033586104e-17 0.000000000000000000e+00 0.000000000000000000e+00 -3.586010245732366988e-30 0.000000000000000000e+00
1.890000000000000000e+02 6.180678776280706489e-19 -2.943429922132532345e-17 3.172999035573036809e-17 0.000000000000000000e+00 0.000000000000000000e+00 -6.828154045396182839e-29 0.000000000000000000e+00
1.900000000000000000e+02 5.167407738274767682e-19 -2.486890324920950031e-17 2.672137340238992923e-17 0.000000000000000000e+00 0.000000000000000000e+00 8.396410448577731439e-29 0.000000000000000000e+00
1.910000000000000000e+02 4.396063388443937241e-19 -2.137977856726939855e-17 2.299507734534531371e-17 0.000000000000000000e+00 0.000000000000000000e+00 6.305003072613544350e-29 0.000000000000000000e+00
1.920000000000000000e+02 3.671092815572837117e-19 -1.804177705491981775e-17 1.932743569839993640e-17 0.000000000000000000e+00 0.000000000000000000e+00 -7.439254501546624030e-29 0.000000000000000000e+00
1.930000000000000000e+02 3.077564731133245108e-19 -1.528250836384440874e-17 1.633016430792943098e-17 0.000000000000000000e+00 0.000000000000000000e+00 2.873634998853364114e-29 0.000000000000000000e+00
1.940000000000000000e+02 2.616595381638395144e-19 -1.312874601376985289e-17 1.401018016055832079e-17 0.000000000000000000e+00 0.000000000000000000e+00 -1.710058055538653916e-29 0.000000000000000000e+00
1.950000000000000000e+02 2.191085967812043324e-19 -1.110750081299643937e-17 1.181158587315194326e-17 0.000000000000000000e+00 0.000000000000000000e+00 7.087958565858786909e-30 0.000000000000000000e+00
1.960000000000000000e+02 1.849169558514604247e-19 -9.470650134115328475e-18 1.005747987510468915e-17 0.000000000000000000e+00 0.000000000000000000e+00 2.641057055433507245e-29 0.000000000000000000e+00
1.970000000000000000e+02 1.549737919933766929e-19 -8.018369001067858960e-18 8.484482570676941890e-18 0.000000000000000000e+00 0.000000000000000000e+00 -1.735399780110402433e-29 0.000000000000000000e+00
1.980000000000000000e+02 1.317019918317334508e-19 -6.883603391248738714e-18 7.287261990610846340e-18 0.000000000000000000e+00 0.000000000000000000e+00 -2.109235284427371846e-30 0.000000000000000000e+00
1.990000000000000000e+02 1.094148740633687787e-19 -5.776666674174010230e-18 6.080434696671831072e-18 0.000000000000000000e+00 0.000000000000000000e+00 1.289782263885559302e-29 0.000000000000000000e+00
2.000000000000000000e+02 9.272223537592476126e-20 -4.944495467287690124e-18 5.191564150812629838e-18 0.000000000000000000e+00 0.000000000000000000e+00 4.291542502729578326e-29 0.000000000000000000e+00
2.010000000000000000e+02 7.876138796863710082e-20 -4.242134044186235838e-18 4.443110239786965179e-18 0.000000000000000000e+00 0.000000000000000000e+00 8.971300761619790086e-30 0.000000000000000000e+00
2.020000000000000000e+02 6.618849918025830053e-20 -3.600613046457677837e-18 3.759114785276918686e-18 0.000000000000000000e+00 0.000000000000000000e+00 -2.127270082930637008e-29 0.000000000000000000e+00
2.030000000000000000e+02 5.569215495641667371e-20 -3.059682510150172014e-18 3.184392510109763240e-18 0.000000000000000000e+00 0.000000000000000000e+00 -1.259069047324757955e-29 0.000000000000000000e+00
2.040000000000000000e+02 4.691049003237086634e-20 -2.602644305385004995e-18 2.699154428574205307e-18 0.000000000000000000e+00 0.000000000000000000e+00 -3.904665841958910358e-30 0.000000000000000000e+00
2.050000000000000000e+02 3.990779917331398589e-20 -2.235900879297811989e-18 2.309816502774998370e-18 0.000000000000000000e+00 0.000000000000000000e+00 4.089392960341989211e-30 0.000000000000000000e+00
2.060000000000000000e+02 3.345173336334223950e-20 -1.892554040220658703e-18 1.949959675009982584e-18 0.000000000000000000e+00 0.000000000000000000e+00 6.202299127968194777e-30 0.000000000000000000e+00
2.070000000000000000e+02 2.845888086404077029e-20 -1.625698318038624675e-18 1.669179144020813202e-18 0.000000000000000000e+00 0.000000000000000000e+00 -4.401609363909072362e-31 0.000000000000000000e+00
2.080000000000000000e+02 2.404516624218635069e-20 -1.386888537580174445e-18 1.419610239781239646e-18 0.000000000000000000e+00 0.000000000000000000e+00 -6.342895117646827147e-30 0.000000000000000000e+00
2.090000000000000000e+02 2.029796080552164144e-20 -1.182050386429847458e-18 1.206715337882877708e-18 0.000000000000000000e+00 0.000000000000000000e+00 2.263747348150780328e-30 0.000000000000000000e+00
2.100000000000000000e+02 1.711418924270271122e-20 -1.006213975214937906e-18 1.022259488226691522e-18 0.000000000000000000e+00 0.000000000000000000e+00 1.390936388321916945e-30 0.000000000000000000e+00
2.110000000000000000e+02 1.448002928020199814e-20 -8.594821176099680773e-19 8.683376778895572190e-19 0.000000000000000000e+00 0.000000000000000000e+00 -2.090470633564435360e-30 0.000000000000000000e+00
2.120000000000000000e+02 1.226856173799425971e-20 -7.351176203824764609e-19 7.406879480743337193e-19 0.000000000000000000e+00 0.000000000000000000e+00 -3.427735872887157551e-30 0.000000000000000000e+00
2.130000000000000000e+02 1.040006399083212109e-20 -6.290530570058784465e-19 6.303163669818613041e-19 0.000000000000000000e+00 0.000000000000000000e+00 -2.365448639383679354e-30 0.000000000000000000e+00
2.140000000000000000e+02 8.802879571919074799e-21 -5.374643747391602245e-19 5.368064360068521696e-19 0.000000000000000000e+00 0.000000000000000000e+00 2.915465599035648153e-30 0.000000000000000000e+00
2.150000000000000000e+02 7.416099510687508338e-21 -4.570280597832454029e-19 4.536195996212184803e-19 0.000000000000000000e+00 0.000000000000000000e+00 2.192807166069726679e-30 0.000000000000000000e+00
2.160000000000000000e+02 6.307612245269028530e-21 -3.923363980105974624e-19 3.878032480908816632e-19 0.000000000000000000e+00 0.000000000000000000e+00 -8.324114926220575606e-30 0.000000000000000000e+00
2.170000000000000000e+02 5.386440213186781082e-21 -3.381526450207921881e-19 3.328332122431881287e-19 0.000000000000000000e+00 0.000000000000000000e+00 6.090421125177032009e-31 0.000000000000000000e+00
2.180000000000000000e+02 4.533430329272909706e-21 -2.872341567323336364e-19 2.817742470856614970e-19 0.000000000000000000e+00 0.000000000000000000e+00 -7.023513825026467281e-31 0.000000000000000000e+00
2.190000000000000000e+02 3.856422729112533917e-21 -2.465807330683174820e-19 2.410406657864993728e-19 0.000000000000000000e+00 0.000000000000000000e+00 -5.358119620028097064e-30 0.000000000000000000e+00
2.200000000000000000e+02 3.272439593712888751e-21 -2.111561030499341409e-19 2.048575257667859127e-19 0.000000000000000000e+00 0.000000000000000000e+00 -1.115054495519950899e-30 0.000000000000000000e+00
2.210000000000000000e+02 2.786488157419686090e-21 -1.814414155021465441e-19 1.752821299448909320e-19 0.000000000000000000e+00 0.000000000000000000e+00 7.612609325930182149e-31 0.000000000000000000e+00
2.220000000000000000e+02 2.356883522205778334e-21 -1.548605626953344195e-19 1.488260721870695100e-19 0.000000000000000000e+00 0.000000000000000000e+00 -1.300999173382170744e-30 0.000000000000000000e+00
2.230000000000000000e+02 2.006507208650518336e-21 -1.330288286283448678e-19 1.271274272539554333e-19 0.000000000000000000e+00 0.000000000000000000e+00 1.322258513447380854e-30 0.000000000000000000e+00
2.240000000000000000e+02 1.706425979376637838e-21 -1.141482815104340997e-19 1.084404819620791574e-19 0.000000000000000000e+00 0.000000000000000000e+00 2.235812795747920092e-30 0.000000000000000000e+00
2.250000000000000000e+02 1.463022909304303432e-21 -9.874295396039194021e-20 9.332069631139603571e-20 0.000000000000000000e+00 0.000000000000000000e+00 -9.927872394973848649e-31 0.000000000000000000e+00
2.260000000000000000e+02 1.241721044974210156e-21 -8.455482226445154119e-20 7.975792908983057001e-20 0.000000000000000000e+00 0.000000000000000000e+00 7.497996381881148010e-31 0.000000000000000000e+00
2.270000000000000000e+02 1.055017830615865120e-21 -7.247841976443997622e-20 6.789520593086455960e-20 0.000000000000000000e+00 0.000000000000000000e+00 6.967423702098091844e-31 0.000000000000000000e+00
2.280000000000000000e+02 9.001619240775942788e-22 -6.238577601836372861e-20 5.815126849153426860e-20 0.000000000000000000e+00 0.000000000000000000e+00 1.184860262764165633e-30 0.000000000000000000e+00
2.290000000000000000e+02 7.672324930114404775e-22 -5.364117388211475878e-20 4.966807992005146995e-20 0.000000000000000000e+00 0.000000000000000000e+00 -4.704200967990506720e-31 0.000000000000000000e+00
2.300000000000000000e+02 6.524692410907890644e-22 -4.601771405857120080e-20 4.229036322215654105e-20 0.000000000000000000e+00 0.000000000000000000e+00 2.958891342649687952e-31 0.000000000000000000e+00
2.310000000000000000e+02 5.535068701199381502e-22 -3.937714479157881867e-20 3.604666370962109739e-20 0.000000000000000000e+00 0.000000000000000000e+00 -4.923816191991562917e-31 0.000000000000000000e+00
2.320000000000000000e+02 4.778130635898869570e-22 -3.428664657678486742e-20 3.126670114696659994e-20 0.000000000000000000e+00 0.000000000000000000e+00 -8.877905215856117208e-31 0.000000000000000000e+00
2.330000000000000000e+02 4.053920119567008048e-22 -2.934212166580171896e-20 2.653510945294246786e-20 0.000000000000000000e+00 0.000000000000000000e+00 1.922683172583015336e-30 0.000000000000000000e+00
2.340000000000000000e+02 3.484582978858328220e-22 -2.543843223008610104e-20 2.292444318027576350e-20 0.000000000000000000e+00 0.000000000000000000e+00 -5.455188034041113099e-31 0.000000000000000000e+00
2.350000000000000000e+02 2.930355897476865147e-22 -2.157578086844175376e-20 1.929077377085108222e-20 0.000000000000000000e+00 0.000000000000000000e+00 -5.329527995087356603e-31 0.000000000000000000e+00
2.360000000000000000e+02 2.543330732777571738e-22 -1.888536957221094464e-20 1.678977989858840075e-20 0.000000000000000000e+00 0.000000000000000000e+00 6.322416843870295724e-32 0.000000000000000000e+00
2.370000000000000000e+02 2.162876686307322043e-22 -1.619681222815657971e-20 1.428374594463426802e-20 0.000000000000000000e+00 0.000000000000000000e+00 -5.134742378207308134e-31 0.000000000000000000e+00
2.380000000000000000e+02 1.843997774645194053e-22 -1.392533753901357271e-20 1.222915221101612167e-20 0.000000000000000000e+00 0.000000000000000000e+00 -3.362281404027676824e-32 0.000000000000000000e+00
2.390000000000000000e+02 1.594646360839520760e-22 -1.214362966699182733e-20 1.058392372406393703e-20 0.000000000000000000e+00 0.000000000000000000e+00 -5.816482428242817624e-32 0.000000000000000000e+00
2.400000000000000000e+02 1.359668207765064293e-22 -1.044114823355118474e-20 9.071903223283219492e-21 0.000000000000000000e+00 0.000000000000000000e+00 7.235775063975403399e-31 0.000000000000000000e+00
2.410000000000000000e+02 1.172349529657314730e-22 -9.077861506447042903e-21 7.834329324237972102e-21 0.000000000000000000e+00 0.000000000000000000e+00 -1.090103445389295961e-31 0.000000000000000000e+00
2.420000000000000000e+02 1.001067180952076161e-22 -7.816280399954540114e-21 6.709319653024480204e-21 0.000000000000000000e+00 0.000000000000000000e+00 -3.458622256511181973e-31 0.000000000000000000e+00
2.430000000000000000e+02 8.519023536116943405e-23 -6.706660073356450076e-21 5.716621374946522356e-21 0.000000000000000000e+00 0.000000000000000000e+00 2.108153209224162060e-31 0.000000000000000000e+00
2.440000000000000000e+02 7.367256475563149639e-23 -5.847726653098165097e-21 4.947585730410588763e-21 0.000000000000000000e+00 0.000000000000000000e+00 6.866523113461829413e-31 0.000000000000000000e+00
2.450000000000000000e+02 6.317339489779043905e-23 -5.055587680854983033e-21 4.250173282592224164e-21 0.000000000000000000e+00 0.000000000000000000e+00 4.483459777833792790e-31 0.000000000000000000e+00
2.460000000000000000e+02 5.435660342488829751e-23 -4.385535946673873073e-21 3.689359651359210238e-21 0.000000000000000000e+00 0.000000000000000000e+00 -5.351507779463402448e-32 0.000000000000000000e+00
2.470000000000000000e+02 4.657324153131258205e-23 -3.788200308456309971e-21 3.156900832624829668e-21 0.000000000000000000e+00 0.000000000000000000e+00 7.402647336184037674e-33 0.000000000000000000e+00
2.480000000000000000e+02 3.975758701198991577e-23 -3.260045072958116847e-21 2.691238526691255974e-21 0.000000000000000000e+00 0.000000000000000000e+00 -7.567765839923783130e-32 0.000000000000000000e+00
2.490000000000000000e+02 3.442751632861263816e-23 -2.845806349566551166e-21 2.335155776274508246e-21 0.000000000000000000e+00 0.000000000000000000e+00 -3.269219188531932811e-32 0.000000000000000000e+00
2.500000000000000000e+02 2.949740158483781763e-23 -2.457910240360019831e-21 2.010313249219616174e-21 0.000000000000000000e+00 0.000000000000000000e+00 -1.192876912765351756e-31 0.000000000000000000e+00
2.510000000000000000e+02 2.553783991073324661e-23 -2.145014070385376520e-21 1.742037998765113447e-21 0.000000000000000000e+00 0.000000000000000000e+00 1.293398435123619012e-32 0.000000000000000000e+00
2.520000000000000000e+02 2.189482869186086800e-23 -1.853705163305329643e-21 1.499985776358067229e-21 0.000000000000000000e+00 0.000000000000000000e+00 1.447551638164378176e-31 0.000000000000000000e+00
2.530000000000000000e+02 1.892631825892676009e-23 -1.615166549219655232e-21 1.293480057168540881e-21 0.000000000000000000e+00 0.000000000000000000e+00 -9.596214443895174533e-32 0.000000000000000000e+00
2.540000000000000000e+02 1.619905963245360740e-23 -1.393369397077517159e-21 1.109702893087585463e-21 0.000000000000000000e+00 0.000000000000000000e+00 3.001741656911035623e-32 0.000000000000000000e+00
2.550000000000000000e+02 1.394022220813286628e-23 -1.208508690612334038e-21 9.547788426410566092e-22 0.000000000000000000e+00 0.000000000000000000e+00 -2.703785143240177162e-32 0.000000000000000000e+00
2.560000000000000000e+02 1.221986087005138141e-23 -1.067694264937911065e-21 8.383044207693176285e-22 0.000000000000000000e+00 0.000000000000000000e+00 6.353102847453428975e-32 0.000000000000000000e+00
