           0  0.000000000000000E+000  0.000000000000000E+000
           1  0.637960591066913        1.10530073552880     
           2  0.675035189377530        3.22906861107301     
           3  0.242906497853201        2.38727498549659     
           4  0.224155374703118        3.65721160242158     
           5  0.176372797521187        4.53244569590555     
           6  0.106855476108426        3.99789624826141     
           7  8.525622776125505E-002   4.25630475544640     
           8  7.675479512440747E-002   4.89665892188558     
           9  7.139386561201942E-002   5.78878610401110     
          10  5.828795681670644E-002   5.89181648599321     
          11  4.909608040631407E-002   5.98417006040976     
          12  4.672776063983197E-002   6.71870657615571     
          13  4.212472897634965E-002   7.15407842227575     
          14  3.713190884328508E-002   7.32470359063781     
          15  2.780253213431221E-002   6.26465030217658     
          16  3.177124976289804E-002   8.12688534281370     
          17  2.637392949680354E-002   7.62784883594557     
          18  2.682655357376767E-002   8.73356043511651     
          19  2.098038483279812E-002   7.59754413726100     
          20  1.993524394010122E-002   7.97481054997966     
          21  1.840117676046583E-002   8.12693440711056     
          22  1.690389348571718E-002   8.20435217773270     
          23  1.541859663588667E-002   8.16191754602847     
          24  1.421116039393813E-002   8.19050050973657     
          25  1.329179953560624E-002   8.31157049061686     
          26  1.208541506278580E-002   8.17838478331780     
          27  1.040293351646860E-002   7.59602111083455     
          28  1.053703448459416E-002   8.27184186257462     
          29  9.541773060011536E-003   8.03508027321437     
          30  8.500768272560291E-003   7.66031150918839     
          31  7.886008131364407E-003   7.58407654101343     
          32  7.128728636374723E-003   7.30216055734743     
          33  6.933507890046318E-003   7.55261573597834     
          34  6.220478100572239E-003   7.19164141101378     
          35  5.660086518054708E-003   6.93818680001931     
          36  5.339295161636125E-003   6.92287413964830     
          37  4.831030536947872E-003   6.61784136255992     
          38  4.563013727871791E-003   6.59369659072720     
          39  4.096424726953925E-003   6.22951090068902     
          40  3.992687817099968E-003   6.38712554285574     
          41  3.611225060089821E-003   6.07076588755156     
          42  3.237612398530238E-003   5.71384430821325     
          43  3.074006249003169E-003   5.68599164377745     
          44  2.872437950614618E-003   5.56232114688155     
          45  2.651816520921290E-003   5.37163650959757     
          46  2.311226351293413E-003   4.89266127192011     
          47  2.224993724094120E-003   4.91497362680634     
          48  2.068986807730128E-003   4.76570830232889     
          49  1.914785569828795E-003   4.59790633801846     
          50  1.773060409448866E-003   4.43360458372598     
          51  1.605088629044835E-003   4.17560801821218     
          52  1.495836528787700E-003   4.04580845709754     
          53  1.415185797192357E-003   3.97631825732413     
          54  1.279788682330856E-003   3.73295978488987     
          55  1.198200279380831E-003   3.62454951671960     
          56  1.069409921561099E-003   3.35348939015776     
          57  1.002778511606902E-003   3.25798121949746     
          58  9.281277694557777E-004   3.12303750251175     
          59  8.657322492206601E-004   3.01347975751239     
          60  8.013217878438162E-004   2.88505484288184     
          61  7.257073081263582E-004   2.70097983672332     
          62  6.771106081315585E-004   2.60368652785464     
          63  6.176531852774442E-004   2.45116992283322     
          64  5.857482119258987E-004   2.39857595180136     
          65  5.508970672322003E-004   2.32753820861179     
          66  4.881482029580945E-004   2.12670794537606     
          67  4.659869065488677E-004   2.09217732526626     
          68  4.171643451434027E-004   1.92910683560794     
          69  3.875563905252162E-004   1.84551857218226     
          70  3.610653611933933E-004   1.76947895264576     
          71  3.277703660145368E-004   1.65238689202605     
          72  3.070307575587638E-004   1.59132824829429     
          73  2.889074839649495E-004   1.53952794294328     
          74  2.656870896270264E-004   1.45492559731131     
          75  2.389975965501409E-004   1.34455668848652     
          76  2.236643892072804E-004   1.29180390104014     
          77  2.075663091075774E-004   1.23084845018840     
          78  1.861989832399332E-004   1.13285349428035     
          79  1.752632952751775E-004   1.09364808217192     
          80  1.574958286514255E-004   1.00780326116161     
          81  1.504858246254031E-004  0.987215735972247     
          82  1.377023513616096E-004  0.925964423283349     
          83  1.260778447860338E-004  0.868589809407784     
          84  1.154244122871933E-004  0.814384368926515     
          85  1.068433717425288E-004  0.771889436981692     
          86  9.794834200306635E-005  0.724474916255248     
          87  8.929831112740160E-005  0.675970157654193     
          88  8.294810766910828E-005  0.642333229218539     
          89  7.615441330004115E-005  0.603141034251940     
          90  7.164399388328209E-005  0.580348030528491     
          91  6.460581588097263E-005  0.535043157928232     
          92  6.005934927470129E-005  0.508361830230931     
          93  5.502534729621510E-005  0.475947822779030     
          94  5.067139647231619E-005  0.447717081106697     
          95  4.699961516181712E-005  0.424147736372778     
          96  4.341761225848156E-005  0.400055972222991     
          97  3.984351624901177E-005  0.374791183517758     
          98  3.692904802672921E-005  0.354692389712685     
          99  3.308758004565013E-005  0.324325340146693     
         100  3.075423813139285E-005  0.307526940556466     
         101  2.839763137023402E-005  0.289654827019787     
         102  2.625782182890768E-005  0.273197184072983     
         103  2.426028876548865E-005  0.257385649252610     
         104  2.165549795124783E-005  0.234202758907165     
         105  2.085183339310882E-005  0.229875859651521     
         106  1.850297142136053E-005  0.207903269552319     
         107  1.694904770680074E-005  0.194050066371512     
         108  1.576571055310039E-005  0.183882640066736     
         109  1.446865001076811E-005  0.171896296040581     
         110  1.337261037622308E-005  0.161819299202773     
         111  1.208099772131433E-005  0.148844303888555     
         112  1.123516571740891E-005  0.140924291106004     
         113  1.032216970164071E-005  0.131793947869118     
         114  9.523721953364573E-006  0.123767270599163     
         115  8.635542397035334E-006  0.114201229996685     
         116  8.006374739265217E-006  0.107721225443669     
         117  7.347075416097054E-006  0.100573890574659     
         118  6.690311555321147E-006  9.316128002842310E-002
         119  6.133439855098195E-006  8.684488122643712E-002
         120  5.731276899196647E-006  8.252228509696774E-002
         121  5.149654678404300E-006  7.539362682321285E-002
         122  4.817148236697357E-006  7.169731705891244E-002
         123  4.370448790905232E-006  6.611957978039860E-002
         124  4.031677875081743E-006  6.198707991486441E-002
         125  3.728890973869571E-006  5.826329428829711E-002
         126  3.350277679739612E-006  5.319240947999518E-002
         127  3.112218615193319E-006  5.019373916390972E-002
         128  2.838274389764987E-006  4.649670810909544E-002
         129  2.641384264457598E-006  4.395227289702175E-002
         130  2.403337388947363E-006  4.061541730959878E-002
         131  2.186250444113088E-006  3.751720337720414E-002
         132  2.048495190616677E-006  3.569027652469715E-002
         133  1.847366122615632E-006  3.267885560301371E-002
         134  1.711207809500240E-006  3.072613081274707E-002
         135  1.523462988563858E-006  2.776373089044308E-002
         136  1.419410549585005E-006  2.625168361075198E-002
         137  1.312180144608317E-006  2.462789960398010E-002
         138  1.200204707324277E-006  2.285704651895674E-002
         139  1.089666372001493E-006  2.105281254141889E-002
         140  1.008170215823406E-006  1.975920905284118E-002
         141  9.310924647311598E-007  1.851027913700723E-002
         142  8.492235310991603E-007  1.712271163596123E-002
         143  7.744241037230675E-007  1.583527734080880E-002
         144  7.183688253685956E-007  1.489429508494153E-002
         145  6.636116214306642E-007  1.395046117820422E-002
         146  6.053968535513436E-007  1.290327969143492E-002
         147  5.519603589810105E-007  1.192705337194072E-002
         148  5.095252006393573E-007  1.116029834447472E-002
         149  4.696030607006812E-007  1.042582839960820E-002
         150  4.313597444386543E-007  9.705737914831529E-003
         151  3.888990798737917E-007  8.867216657154720E-003
         152  3.652683022755104E-007  8.438580657058863E-003
         153  3.374932082020781E-007  7.900064998480541E-003
         154  3.096211466164528E-007  7.342816874301560E-003
         155  2.830265752970803E-007  6.799781086037901E-003
         156  2.629657550791958E-007  6.399267181537055E-003
         157  2.443443803431356E-007  6.022453853804294E-003
         158  2.285239696932881E-007  5.704758027782215E-003
         159  2.086081206088072E-007  5.273450546787708E-003
         160  1.946877135459368E-007  4.983633112995779E-003
         161  1.811075465685873E-007  4.694386893042181E-003
         162  1.669341025200440E-007  4.381036013053064E-003
         163  1.579490652452191E-007  4.196515310200297E-003
         164  1.471934902323671E-007  3.958784505949295E-003
         165  1.400574904716859E-007  3.813084755756981E-003
         166  1.301510503201304E-007  3.586443123985655E-003
         167  1.247238748019489E-007  3.478302848067473E-003
         168  1.186080104488072E-007  3.347610905651964E-003
         169  1.159170939970044E-007  3.310669284576919E-003
         170  1.178292305802981E-007  3.405597490366850E-003
         171  1.934445464864853E-008  5.629203109651268E-004
         172  0.000000000000000E+000  0.000000000000000E+000
         173  0.000000000000000E+000  0.000000000000000E+000
         174  0.000000000000000E+000  0.000000000000000E+000
         175  0.000000000000000E+000  0.000000000000000E+000
         176  0.000000000000000E+000  0.000000000000000E+000
         177  0.000000000000000E+000  0.000000000000000E+000
         178  0.000000000000000E+000  0.000000000000000E+000
         179  0.000000000000000E+000  0.000000000000000E+000
         180  0.000000000000000E+000  0.000000000000000E+000
         181  0.000000000000000E+000  0.000000000000000E+000
         182  0.000000000000000E+000  0.000000000000000E+000
         183  0.000000000000000E+000  0.000000000000000E+000
         184  0.000000000000000E+000  0.000000000000000E+000
         185  0.000000000000000E+000  0.000000000000000E+000
         186  0.000000000000000E+000  0.000000000000000E+000
         187  0.000000000000000E+000  0.000000000000000E+000
         188  0.000000000000000E+000  0.000000000000000E+000
         189  0.000000000000000E+000  0.000000000000000E+000
         190  0.000000000000000E+000  0.000000000000000E+000
         191  0.000000000000000E+000  0.000000000000000E+000
         192  0.000000000000000E+000  0.000000000000000E+000
         193  0.000000000000000E+000  0.000000000000000E+000
         194  0.000000000000000E+000  0.000000000000000E+000
         195  0.000000000000000E+000  0.000000000000000E+000
         196  0.000000000000000E+000  0.000000000000000E+000
         197  0.000000000000000E+000  0.000000000000000E+000
         198  0.000000000000000E+000  0.000000000000000E+000
         199  0.000000000000000E+000  0.000000000000000E+000
         200  0.000000000000000E+000  0.000000000000000E+000
         201  0.000000000000000E+000  0.000000000000000E+000
         202  0.000000000000000E+000  0.000000000000000E+000
         203  0.000000000000000E+000  0.000000000000000E+000
         204  0.000000000000000E+000  0.000000000000000E+000
         205  0.000000000000000E+000  0.000000000000000E+000
         206  0.000000000000000E+000  0.000000000000000E+000
         207  0.000000000000000E+000  0.000000000000000E+000
         208  0.000000000000000E+000  0.000000000000000E+000
         209  0.000000000000000E+000  0.000000000000000E+000
         210  0.000000000000000E+000  0.000000000000000E+000
         211  0.000000000000000E+000  0.000000000000000E+000
         212  0.000000000000000E+000  0.000000000000000E+000
         213  0.000000000000000E+000  0.000000000000000E+000
         214  0.000000000000000E+000  0.000000000000000E+000
         215  0.000000000000000E+000  0.000000000000000E+000
         216  0.000000000000000E+000  0.000000000000000E+000
         217  0.000000000000000E+000  0.000000000000000E+000
         218  0.000000000000000E+000  0.000000000000000E+000
         219  0.000000000000000E+000  0.000000000000000E+000
         220  0.000000000000000E+000  0.000000000000000E+000
         221  0.000000000000000E+000  0.000000000000000E+000
         222  0.000000000000000E+000  0.000000000000000E+000
         223  0.000000000000000E+000  0.000000000000000E+000
         224  0.000000000000000E+000  0.000000000000000E+000
         225  0.000000000000000E+000  0.000000000000000E+000
         226  0.000000000000000E+000  0.000000000000000E+000
         227  0.000000000000000E+000  0.000000000000000E+000
         228  0.000000000000000E+000  0.000000000000000E+000
         229  0.000000000000000E+000  0.000000000000000E+000
         230  0.000000000000000E+000  0.000000000000000E+000
         231  0.000000000000000E+000  0.000000000000000E+000
         232  0.000000000000000E+000  0.000000000000000E+000
         233  0.000000000000000E+000  0.000000000000000E+000
         234  0.000000000000000E+000  0.000000000000000E+000
         235  0.000000000000000E+000  0.000000000000000E+000
         236  0.000000000000000E+000  0.000000000000000E+000
         237  0.000000000000000E+000  0.000000000000000E+000
         238  0.000000000000000E+000  0.000000000000000E+000
         239  0.000000000000000E+000  0.000000000000000E+000
         240  0.000000000000000E+000  0.000000000000000E+000
         241  0.000000000000000E+000  0.000000000000000E+000
         242  0.000000000000000E+000  0.000000000000000E+000
         243  0.000000000000000E+000  0.000000000000000E+000
         244  0.000000000000000E+000  0.000000000000000E+000
         245  0.000000000000000E+000  0.000000000000000E+000
         246  0.000000000000000E+000  0.000000000000000E+000
         247  0.000000000000000E+000  0.000000000000000E+000
         248  0.000000000000000E+000  0.000000000000000E+000
         249  0.000000000000000E+000  0.000000000000000E+000
         250  0.000000000000000E+000  0.000000000000000E+000
         251  0.000000000000000E+000  0.000000000000000E+000
         252  0.000000000000000E+000  0.000000000000000E+000
         253  0.000000000000000E+000  0.000000000000000E+000
         254  0.000000000000000E+000  0.000000000000000E+000
         255  0.000000000000000E+000  0.000000000000000E+000
         256  0.000000000000000E+000  0.000000000000000E+000
         257  0.000000000000000E+000  0.000000000000000E+000
         258  0.000000000000000E+000  0.000000000000000E+000
         259  0.000000000000000E+000  0.000000000000000E+000
         260  0.000000000000000E+000  0.000000000000000E+000
         261  0.000000000000000E+000  0.000000000000000E+000
         262  0.000000000000000E+000  0.000000000000000E+000
         263  0.000000000000000E+000  0.000000000000000E+000
         264  0.000000000000000E+000  0.000000000000000E+000
         265  0.000000000000000E+000  0.000000000000000E+000
         266  0.000000000000000E+000  0.000000000000000E+000
         267  0.000000000000000E+000  0.000000000000000E+000
         268  0.000000000000000E+000  0.000000000000000E+000
         269  0.000000000000000E+000  0.000000000000000E+000
         270  0.000000000000000E+000  0.000000000000000E+000
         271  0.000000000000000E+000  0.000000000000000E+000
         272  0.000000000000000E+000  0.000000000000000E+000
         273  0.000000000000000E+000  0.000000000000000E+000
         274  0.000000000000000E+000  0.000000000000000E+000
         275  0.000000000000000E+000  0.000000000000000E+000
         276  0.000000000000000E+000  0.000000000000000E+000
         277  0.000000000000000E+000  0.000000000000000E+000
         278  0.000000000000000E+000  0.000000000000000E+000
         279  0.000000000000000E+000  0.000000000000000E+000
         280  0.000000000000000E+000  0.000000000000000E+000
         281  0.000000000000000E+000  0.000000000000000E+000
         282  0.000000000000000E+000  0.000000000000000E+000
         283  0.000000000000000E+000  0.000000000000000E+000
         284  0.000000000000000E+000  0.000000000000000E+000
         285  0.000000000000000E+000  0.000000000000000E+000
         286  0.000000000000000E+000  0.000000000000000E+000
         287  0.000000000000000E+000  0.000000000000000E+000
         288  0.000000000000000E+000  0.000000000000000E+000
         289  0.000000000000000E+000  0.000000000000000E+000
         290  0.000000000000000E+000  0.000000000000000E+000
         291  0.000000000000000E+000  0.000000000000000E+000
         292  0.000000000000000E+000  0.000000000000000E+000
         293  0.000000000000000E+000  0.000000000000000E+000
         294  0.000000000000000E+000  0.000000000000000E+000
         295  0.000000000000000E+000  0.000000000000000E+000
         296  0.000000000000000E+000  0.000000000000000E+000
         297  0.000000000000000E+000  0.000000000000000E+000
         298  0.000000000000000E+000  0.000000000000000E+000
         299  0.000000000000000E+000  0.000000000000000E+000
         300  0.000000000000000E+000  0.000000000000000E+000
         301  0.000000000000000E+000  0.000000000000000E+000
         302  0.000000000000000E+000  0.000000000000000E+000
         303  0.000000000000000E+000  0.000000000000000E+000
         304  0.000000000000000E+000  0.000000000000000E+000
         305  0.000000000000000E+000  0.000000000000000E+000
         306  0.000000000000000E+000  0.000000000000000E+000
         307  0.000000000000000E+000  0.000000000000000E+000
         308  0.000000000000000E+000  0.000000000000000E+000
         309  0.000000000000000E+000  0.000000000000000E+000
         310  0.000000000000000E+000  0.000000000000000E+000
         311  0.000000000000000E+000  0.000000000000000E+000
         312  0.000000000000000E+000  0.000000000000000E+000
         313  0.000000000000000E+000  0.000000000000000E+000
         314  0.000000000000000E+000  0.000000000000000E+000
         315  0.000000000000000E+000  0.000000000000000E+000
         316  0.000000000000000E+000  0.000000000000000E+000
         317  0.000000000000000E+000  0.000000000000000E+000
         318  0.000000000000000E+000  0.000000000000000E+000
         319  0.000000000000000E+000  0.000000000000000E+000
         320  0.000000000000000E+000  0.000000000000000E+000
         321  0.000000000000000E+000  0.000000000000000E+000
         322  0.000000000000000E+000  0.000000000000000E+000
         323  0.000000000000000E+000  0.000000000000000E+000
         324  0.000000000000000E+000  0.000000000000000E+000
         325  0.000000000000000E+000  0.000000000000000E+000
         326  0.000000000000000E+000  0.000000000000000E+000
         327  0.000000000000000E+000  0.000000000000000E+000
         328  0.000000000000000E+000  0.000000000000000E+000
         329  0.000000000000000E+000  0.000000000000000E+000
         330  0.000000000000000E+000  0.000000000000000E+000
         331  0.000000000000000E+000  0.000000000000000E+000
         332  0.000000000000000E+000  0.000000000000000E+000
         333  0.000000000000000E+000  0.000000000000000E+000
         334  0.000000000000000E+000  0.000000000000000E+000
         335  0.000000000000000E+000  0.000000000000000E+000
         336  0.000000000000000E+000  0.000000000000000E+000
         337  0.000000000000000E+000  0.000000000000000E+000
         338  0.000000000000000E+000  0.000000000000000E+000
         339  0.000000000000000E+000  0.000000000000000E+000
         340  0.000000000000000E+000  0.000000000000000E+000
         341  0.000000000000000E+000  0.000000000000000E+000
         342  0.000000000000000E+000  0.000000000000000E+000
         343  0.000000000000000E+000  0.000000000000000E+000
         344  0.000000000000000E+000  0.000000000000000E+000
         345  0.000000000000000E+000  0.000000000000000E+000
         346  0.000000000000000E+000  0.000000000000000E+000
         347  0.000000000000000E+000  0.000000000000000E+000
         348  0.000000000000000E+000  0.000000000000000E+000
         349  0.000000000000000E+000  0.000000000000000E+000
         350  0.000000000000000E+000  0.000000000000000E+000
         351  0.000000000000000E+000  0.000000000000000E+000
         352  0.000000000000000E+000  0.000000000000000E+000
         353  0.000000000000000E+000  0.000000000000000E+000
         354  0.000000000000000E+000  0.000000000000000E+000
         355  0.000000000000000E+000  0.000000000000000E+000
         356  0.000000000000000E+000  0.000000000000000E+000
         357  0.000000000000000E+000  0.000000000000000E+000
         358  0.000000000000000E+000  0.000000000000000E+000
         359  0.000000000000000E+000  0.000000000000000E+000
         360  0.000000000000000E+000  0.000000000000000E+000
         361  0.000000000000000E+000  0.000000000000000E+000
         362  0.000000000000000E+000  0.000000000000000E+000
         363  0.000000000000000E+000  0.000000000000000E+000
         364  0.000000000000000E+000  0.000000000000000E+000
         365  0.000000000000000E+000  0.000000000000000E+000
         366  0.000000000000000E+000  0.000000000000000E+000
         367  0.000000000000000E+000  0.000000000000000E+000
         368  0.000000000000000E+000  0.000000000000000E+000
         369  0.000000000000000E+000  0.000000000000000E+000
         370  0.000000000000000E+000  0.000000000000000E+000
         371  0.000000000000000E+000  0.000000000000000E+000
         372  0.000000000000000E+000  0.000000000000000E+000
         373  0.000000000000000E+000  0.000000000000000E+000
         374  0.000000000000000E+000  0.000000000000000E+000
         375  0.000000000000000E+000  0.000000000000000E+000
         376  0.000000000000000E+000  0.000000000000000E+000
         377  0.000000000000000E+000  0.000000000000000E+000
         378  0.000000000000000E+000  0.000000000000000E+000
         379  0.000000000000000E+000  0.000000000000000E+000
         380  0.000000000000000E+000  0.000000000000000E+000
         381  0.000000000000000E+000  0.000000000000000E+000
         382  0.000000000000000E+000  0.000000000000000E+000
         383  0.000000000000000E+000  0.000000000000000E+000
         384  0.000000000000000E+000  0.000000000000000E+000
         385  0.000000000000000E+000  0.000000000000000E+000
         386  0.000000000000000E+000  0.000000000000000E+000
         387  0.000000000000000E+000  0.000000000000000E+000
         388  0.000000000000000E+000  0.000000000000000E+000
         389  0.000000000000000E+000  0.000000000000000E+000
         390  0.000000000000000E+000  0.000000000000000E+000
         391  0.000000000000000E+000  0.000000000000000E+000
         392  0.000000000000000E+000  0.000000000000000E+000
         393  0.000000000000000E+000  0.000000000000000E+000
         394  0.000000000000000E+000  0.000000000000000E+000
         395  0.000000000000000E+000  0.000000000000000E+000
         396  0.000000000000000E+000  0.000000000000000E+000
         397  0.000000000000000E+000  0.000000000000000E+000
         398  0.000000000000000E+000  0.000000000000000E+000
         399  0.000000000000000E+000  0.000000000000000E+000
         400  0.000000000000000E+000  0.000000000000000E+000
         401  0.000000000000000E+000  0.000000000000000E+000
         402  0.000000000000000E+000  0.000000000000000E+000
         403  0.000000000000000E+000  0.000000000000000E+000
         404  0.000000000000000E+000  0.000000000000000E+000
         405  0.000000000000000E+000  0.000000000000000E+000
         406  0.000000000000000E+000  0.000000000000000E+000
         407  0.000000000000000E+000  0.000000000000000E+000
         408  0.000000000000000E+000  0.000000000000000E+000
         409  0.000000000000000E+000  0.000000000000000E+000
         410  0.000000000000000E+000  0.000000000000000E+000
         411  0.000000000000000E+000  0.000000000000000E+000
         412  0.000000000000000E+000  0.000000000000000E+000
         413  0.000000000000000E+000  0.000000000000000E+000
         414  0.000000000000000E+000  0.000000000000000E+000
         415  0.000000000000000E+000  0.000000000000000E+000
         416  0.000000000000000E+000  0.000000000000000E+000
         417  0.000000000000000E+000  0.000000000000000E+000
         418  0.000000000000000E+000  0.000000000000000E+000
         419  0.000000000000000E+000  0.000000000000000E+000
         420  0.000000000000000E+000  0.000000000000000E+000
         421  0.000000000000000E+000  0.000000000000000E+000
         422  0.000000000000000E+000  0.000000000000000E+000
         423  0.000000000000000E+000  0.000000000000000E+000
         424  0.000000000000000E+000  0.000000000000000E+000
         425  0.000000000000000E+000  0.000000000000000E+000
         426  0.000000000000000E+000  0.000000000000000E+000
         427  0.000000000000000E+000  0.000000000000000E+000
         428  0.000000000000000E+000  0.000000000000000E+000
         429  0.000000000000000E+000  0.000000000000000E+000
         430  0.000000000000000E+000  0.000000000000000E+000
         431  0.000000000000000E+000  0.000000000000000E+000
         432  0.000000000000000E+000  0.000000000000000E+000
         433  0.000000000000000E+000  0.000000000000000E+000
         434  0.000000000000000E+000  0.000000000000000E+000
         435  0.000000000000000E+000  0.000000000000000E+000
         436  0.000000000000000E+000  0.000000000000000E+000
         437  0.000000000000000E+000  0.000000000000000E+000
         438  0.000000000000000E+000  0.000000000000000E+000
         439  0.000000000000000E+000  0.000000000000000E+000
         440  0.000000000000000E+000  0.000000000000000E+000
         441  0.000000000000000E+000  0.000000000000000E+000
         442  0.000000000000000E+000  0.000000000000000E+000
         443  0.000000000000000E+000  0.000000000000000E+000
         444  0.000000000000000E+000  0.000000000000000E+000
