           0  0.000000000000000E+000  0.000000000000000E+000
           1  0.824528317211730        1.27599259923300     
           2  0.694835435287136        3.36859351463677     
           3  0.231751719705145        2.26636395657566     
           4  0.193925549210621        3.15556374111189     
           5  0.159335967990178        4.06783983492630     
           6  0.113882353549102        4.23100997965645     
           7  8.781800071785609E-002   4.39213142608601     
           8  7.997753541911939E-002   5.11484936761276     
           9  7.230779128976528E-002   5.87454657662211     
          10  5.824999688783640E-002   5.89142075790182     
          11  4.976030718968655E-002   6.07413419170823     
          12  4.487478520628696E-002   6.48511132837071     
          13  3.990618459471669E-002   6.77708719441370     
          14  3.701256714703283E-002   7.29131337819092     
          15  2.791115147885230E-002   6.29591343946169     
          16  3.050850424544130E-002   7.80287368073381     
          17  2.590159481211893E-002   7.48977205711941     
          18  2.484884149136107E-002   8.08903340953481     
          19  2.211616451950521E-002   8.00714302942404     
          20  1.962322452999747E-002   7.84812756552817     
          21  1.755265584314655E-002   7.75082010855636     
          22  1.611622739324765E-002   7.82413682934727     
          23  1.528060071758635E-002   8.08979017258217     
          24  1.324971103892323E-002   7.63424575658515     
          25  1.263529260117189E-002   7.89979898161575     
          26  1.136057261236864E-002   7.69346557804169     
          27  1.026770237703627E-002   7.49764981207296     
          28  9.613355898842140E-003   7.54654155676240     
          29  8.890861224357661E-003   7.48145059660596     
          30  8.310909558010799E-003   7.48460422503458     
          31  7.443537768933699E-003   7.15680401921576     
          32  6.752657276993570E-003   6.91860641778019     
          33  6.448156063351552E-003   7.02101816104942     
          34  5.927359208242170E-003   6.85643184981243     
          35  5.352752489154953E-003   6.56170897037814     
          36  5.014449463543845E-003   6.49721842784964     
          37  4.577892596490959E-003   6.27078782638005     
          38  4.242596638558857E-003   6.12909648289363     
          39  3.808714989875686E-003   5.79351348178233     
          40  3.725048643088430E-003   5.95944214569088     
          41  3.414609841276245E-003   5.74298414867598     
          42  3.035433843569621E-003   5.35776548644393     
          43  2.861409208009848E-003   5.29314258778253     
          44  2.618907997033758E-003   5.07200056501786     
          45  2.417213572582979E-003   4.89628393363422     
          46  2.165557663956410E-003   4.58485548669888     
          47  2.045851288795351E-003   4.51987084188215     
          48  1.913284489039320E-003   4.40605223754320     
          49  1.734015306797044E-003   4.16372550617131     
          50  1.577832749165542E-003   3.94654270138074     
          51  1.494618497937879E-003   3.88834456239639     
          52  1.341252702314127E-003   3.62727299333635     
          53  1.281413309020446E-003   3.60157058274126     
          54  1.169466506321484E-003   3.41173854917650     
          55  1.091941730214429E-003   3.30370606330583     
          56  9.600208367720467E-004   3.00992101698203     
          57  9.078884304465340E-004   2.94962993441353     
          58  8.246530368455467E-004   2.77455764277737     
          59  7.735071879583570E-004   2.69252890646830     
          60  7.146846953329631E-004   2.57259089939140     
          61  6.458099815768707E-004   2.40362540623764     
          62  6.079694162485908E-004   2.33766033146512     
          63  5.450186440206884E-004   2.16251526443066     
          64  5.083084458783561E-004   2.08135808090559     
          65  4.808531109353215E-004   2.03163850966959     
          66  4.255008589134606E-004   1.85376777856214     
          67  4.016666409160478E-004   1.80348657038790     
          68  3.632614027108014E-004   1.67975603681502     
          69  3.423651846348039E-004   1.63023913167968     
          70  3.097630225698534E-004   1.51836251374622     
          71  2.854105918336563E-004   1.43879334227397     
          72  2.661714469102040E-004   1.37970578719318     
          73  2.457800956344656E-004   1.30965365742791     
          74  2.291587411227670E-004   1.25485329352028     
          75  2.048137005807545E-004   1.15224140926856     
          76  1.908402176132859E-004   1.10208523110464     
          77  1.759863128276572E-004   1.04355003936006     
          78  1.571423233537397E-004  0.956067744995275     
          79  1.473731037138367E-004  0.919536535877381     
          80  1.340916272401480E-004  0.858126180846286     
          81  1.266428626724589E-004  0.830864178025326     
          82  1.155637578337849E-004  0.777014259324456     
          83  1.042262194903578E-004  0.718059798425510     
          84  9.601593210038275E-005  0.677473827288456     
          85  8.901350718957122E-005  0.643048209989286     
          86  8.167225574088226E-005  0.604074758999304     
          87  7.449663595723083E-005  0.563923525445818     
          88  6.793974018215320E-005  0.526109932955246     
          89  6.340024914086820E-005  0.502142558898338     
          90  5.846642747054422E-005  0.473594958446132     
          91  5.317326855870786E-005  0.440373027505215     
          92  4.927773267446323E-005  0.417098084344057     
          93  4.478507719002657E-005  0.387362068044420     
          94  4.068477186162563E-005  0.359491271519618     
          95  3.794110574434445E-005  0.342382372536509     
          96  3.526986945687092E-005  0.324966282908248     
          97  3.242081807012176E-005  0.304979573335934     
          98  2.959438624248264E-005  0.284239975828059     
          99  2.651400287192169E-005  0.259891293261566     
         100  2.459046786642501E-005  0.245904101849847     
         101  2.249778427014035E-005  0.229484953699202     
         102  2.079103048564712E-005  0.216322581645815     
         103  1.916959731330517E-005  0.203376610417193     
         104  1.720468898623059E-005  0.186069570729542     
         105  1.637909697051579E-005  0.180563125316419     
         106  1.464850187841631E-005  0.164606321345199     
         107  1.340572856027225E-005  0.153480240019493     
         108  1.232145543029667E-005  0.143713665073909     
         109  1.141847225762027E-005  0.135658370365479     
         110  1.043439031498569E-005  0.126258251626761     
         111  9.444511297466485E-006  0.116359199883044     
         112  8.686152091579918E-006  0.108949034919825     
         113  7.928717603963025E-006  0.101234015750701     
         114  7.254349608665125E-006  9.427883777593046E-002
         115  6.569884281016813E-006  8.688574030277835E-002
         116  6.139239812212594E-006  8.260423780616724E-002
         117  5.609160141051133E-006  7.678155188984383E-002
         118  5.071122821527525E-006  7.061317711875298E-002
         119  4.635231780436245E-006  6.563218889859677E-002
         120  4.323177276566603E-006  6.224747086500406E-002
         121  3.900129628068626E-006  5.709907626127256E-002
         122  3.587481264789420E-006  5.339487785764555E-002
         123  3.282783189607848E-006  4.966425626581060E-002
         124  3.005901796231504E-006  4.621651530771685E-002
         125  2.783580324718057E-006  4.349301257844004E-002
         126  2.494342868357506E-006  3.960248061813974E-002
         127  2.319712600824217E-006  3.741331184691830E-002
         128  2.088381743073828E-006  3.421213979547656E-002
         129  1.951505156677924E-006  3.247309894459412E-002
         130  1.775258071442293E-006  3.000201656926445E-002
         131  1.599069501812374E-006  2.744027284441961E-002
         132  1.481653390256358E-006  2.581396888092943E-002
         133  1.342144898409975E-006  2.374155570364517E-002
         134  1.247699021110742E-006  2.240346348949504E-002
         135  1.116200557926264E-006  2.034167607485780E-002
         136  1.030078417264902E-006  1.905085233492274E-002
         137  9.510222296163622E-007  1.784912738937193E-002
         138  8.611428132218283E-007  1.640010004963412E-002
         139  7.856973400211871E-007  1.518003371489604E-002
         140  7.237452634109027E-007  1.418423272917177E-002
         141  6.649249990471547E-007  1.321818557621959E-002
         142  6.073525048533178E-007  1.224576153022745E-002
         143  5.483155739500445E-007  1.121167963465805E-002
         144  5.056290836016695E-007  1.048357274086561E-002
         145  4.648804481881111E-007  9.772626509520481E-003
         146  4.245363829581897E-007  9.048683018750742E-003
         147  3.854565707194721E-007  8.329028969936158E-003
         148  3.559151693717021E-007  7.795781499539197E-003
         149  3.256121291964431E-007  7.228951115513056E-003
         150  2.981718859874541E-007  6.709047562179068E-003
         151  2.697871054426789E-007  6.151438224318530E-003
         152  2.514501688140411E-007  5.809179489300379E-003
         153  2.320545474594968E-007  5.431893358379319E-003
         154  2.129057325260251E-007  5.049114850651053E-003
         155  1.929882961588289E-007  4.636445713065650E-003
         156  1.785172987085838E-007  4.344310012806748E-003
         157  1.646398695970644E-007  4.057857903294914E-003
         158  1.534479648182029E-007  3.830614035109143E-003
         159  1.400257060406489E-007  3.539672817702711E-003
         160  1.310910777584301E-007  3.355623002592536E-003
         161  1.210102239576641E-007  3.136628998971238E-003
         162  1.110797026736862E-007  2.915201132120745E-003
         163  1.046489221104583E-007  2.780376482870903E-003
         164  9.774046251855760E-008  2.628720892941991E-003
         165  9.211834538485875E-008  2.507901496165520E-003
         166  8.557408685895767E-008  2.358098996376346E-003
         167  8.219963482964588E-008  2.292328699139248E-003
         168  7.765403278830048E-008  2.191633016468427E-003
         169  7.502619316184602E-008  2.142765263701257E-003
         170  7.598364493651651E-008  2.196148255513187E-003
         171  1.243142588258162E-008  3.617494340151811E-004
         172  0.000000000000000E+000  0.000000000000000E+000
         173  0.000000000000000E+000  0.000000000000000E+000
         174  0.000000000000000E+000  0.000000000000000E+000
         175  0.000000000000000E+000  0.000000000000000E+000
         176  0.000000000000000E+000  0.000000000000000E+000
         177  0.000000000000000E+000  0.000000000000000E+000
         178  0.000000000000000E+000  0.000000000000000E+000
         179  0.000000000000000E+000  0.000000000000000E+000
         180  0.000000000000000E+000  0.000000000000000E+000
         181  0.000000000000000E+000  0.000000000000000E+000
         182  0.000000000000000E+000  0.000000000000000E+000
         183  0.000000000000000E+000  0.000000000000000E+000
         184  0.000000000000000E+000  0.000000000000000E+000
         185  0.000000000000000E+000  0.000000000000000E+000
         186  0.000000000000000E+000  0.000000000000000E+000
         187  0.000000000000000E+000  0.000000000000000E+000
         188  0.000000000000000E+000  0.000000000000000E+000
         189  0.000000000000000E+000  0.000000000000000E+000
         190  0.000000000000000E+000  0.000000000000000E+000
         191  0.000000000000000E+000  0.000000000000000E+000
         192  0.000000000000000E+000  0.000000000000000E+000
         193  0.000000000000000E+000  0.000000000000000E+000
         194  0.000000000000000E+000  0.000000000000000E+000
         195  0.000000000000000E+000  0.000000000000000E+000
         196  0.000000000000000E+000  0.000000000000000E+000
         197  0.000000000000000E+000  0.000000000000000E+000
         198  0.000000000000000E+000  0.000000000000000E+000
         199  0.000000000000000E+000  0.000000000000000E+000
         200  0.000000000000000E+000  0.000000000000000E+000
         201  0.000000000000000E+000  0.000000000000000E+000
         202  0.000000000000000E+000  0.000000000000000E+000
         203  0.000000000000000E+000  0.000000000000000E+000
         204  0.000000000000000E+000  0.000000000000000E+000
         205  0.000000000000000E+000  0.000000000000000E+000
         206  0.000000000000000E+000  0.000000000000000E+000
         207  0.000000000000000E+000  0.000000000000000E+000
         208  0.000000000000000E+000  0.000000000000000E+000
         209  0.000000000000000E+000  0.000000000000000E+000
         210  0.000000000000000E+000  0.000000000000000E+000
         211  0.000000000000000E+000  0.000000000000000E+000
         212  0.000000000000000E+000  0.000000000000000E+000
         213  0.000000000000000E+000  0.000000000000000E+000
         214  0.000000000000000E+000  0.000000000000000E+000
         215  0.000000000000000E+000  0.000000000000000E+000
         216  0.000000000000000E+000  0.000000000000000E+000
         217  0.000000000000000E+000  0.000000000000000E+000
         218  0.000000000000000E+000  0.000000000000000E+000
         219  0.000000000000000E+000  0.000000000000000E+000
         220  0.000000000000000E+000  0.000000000000000E+000
         221  0.000000000000000E+000  0.000000000000000E+000
         222  0.000000000000000E+000  0.000000000000000E+000
         223  0.000000000000000E+000  0.000000000000000E+000
         224  0.000000000000000E+000  0.000000000000000E+000
         225  0.000000000000000E+000  0.000000000000000E+000
         226  0.000000000000000E+000  0.000000000000000E+000
         227  0.000000000000000E+000  0.000000000000000E+000
         228  0.000000000000000E+000  0.000000000000000E+000
         229  0.000000000000000E+000  0.000000000000000E+000
         230  0.000000000000000E+000  0.000000000000000E+000
         231  0.000000000000000E+000  0.000000000000000E+000
         232  0.000000000000000E+000  0.000000000000000E+000
         233  0.000000000000000E+000  0.000000000000000E+000
         234  0.000000000000000E+000  0.000000000000000E+000
         235  0.000000000000000E+000  0.000000000000000E+000
         236  0.000000000000000E+000  0.000000000000000E+000
         237  0.000000000000000E+000  0.000000000000000E+000
         238  0.000000000000000E+000  0.000000000000000E+000
         239  0.000000000000000E+000  0.000000000000000E+000
         240  0.000000000000000E+000  0.000000000000000E+000
         241  0.000000000000000E+000  0.000000000000000E+000
         242  0.000000000000000E+000  0.000000000000000E+000
         243  0.000000000000000E+000  0.000000000000000E+000
         244  0.000000000000000E+000  0.000000000000000E+000
         245  0.000000000000000E+000  0.000000000000000E+000
         246  0.000000000000000E+000  0.000000000000000E+000
         247  0.000000000000000E+000  0.000000000000000E+000
         248  0.000000000000000E+000  0.000000000000000E+000
         249  0.000000000000000E+000  0.000000000000000E+000
         250  0.000000000000000E+000  0.000000000000000E+000
         251  0.000000000000000E+000  0.000000000000000E+000
         252  0.000000000000000E+000  0.000000000000000E+000
         253  0.000000000000000E+000  0.000000000000000E+000
         254  0.000000000000000E+000  0.000000000000000E+000
         255  0.000000000000000E+000  0.000000000000000E+000
         256  0.000000000000000E+000  0.000000000000000E+000
         257  0.000000000000000E+000  0.000000000000000E+000
         258  0.000000000000000E+000  0.000000000000000E+000
         259  0.000000000000000E+000  0.000000000000000E+000
         260  0.000000000000000E+000  0.000000000000000E+000
         261  0.000000000000000E+000  0.000000000000000E+000
         262  0.000000000000000E+000  0.000000000000000E+000
         263  0.000000000000000E+000  0.000000000000000E+000
         264  0.000000000000000E+000  0.000000000000000E+000
         265  0.000000000000000E+000  0.000000000000000E+000
         266  0.000000000000000E+000  0.000000000000000E+000
         267  0.000000000000000E+000  0.000000000000000E+000
         268  0.000000000000000E+000  0.000000000000000E+000
         269  0.000000000000000E+000  0.000000000000000E+000
         270  0.000000000000000E+000  0.000000000000000E+000
         271  0.000000000000000E+000  0.000000000000000E+000
         272  0.000000000000000E+000  0.000000000000000E+000
         273  0.000000000000000E+000  0.000000000000000E+000
         274  0.000000000000000E+000  0.000000000000000E+000
         275  0.000000000000000E+000  0.000000000000000E+000
         276  0.000000000000000E+000  0.000000000000000E+000
         277  0.000000000000000E+000  0.000000000000000E+000
         278  0.000000000000000E+000  0.000000000000000E+000
         279  0.000000000000000E+000  0.000000000000000E+000
         280  0.000000000000000E+000  0.000000000000000E+000
         281  0.000000000000000E+000  0.000000000000000E+000
         282  0.000000000000000E+000  0.000000000000000E+000
         283  0.000000000000000E+000  0.000000000000000E+000
         284  0.000000000000000E+000  0.000000000000000E+000
         285  0.000000000000000E+000  0.000000000000000E+000
         286  0.000000000000000E+000  0.000000000000000E+000
         287  0.000000000000000E+000  0.000000000000000E+000
         288  0.000000000000000E+000  0.000000000000000E+000
         289  0.000000000000000E+000  0.000000000000000E+000
         290  0.000000000000000E+000  0.000000000000000E+000
         291  0.000000000000000E+000  0.000000000000000E+000
         292  0.000000000000000E+000  0.000000000000000E+000
         293  0.000000000000000E+000  0.000000000000000E+000
         294  0.000000000000000E+000  0.000000000000000E+000
         295  0.000000000000000E+000  0.000000000000000E+000
         296  0.000000000000000E+000  0.000000000000000E+000
         297  0.000000000000000E+000  0.000000000000000E+000
         298  0.000000000000000E+000  0.000000000000000E+000
         299  0.000000000000000E+000  0.000000000000000E+000
         300  0.000000000000000E+000  0.000000000000000E+000
         301  0.000000000000000E+000  0.000000000000000E+000
         302  0.000000000000000E+000  0.000000000000000E+000
         303  0.000000000000000E+000  0.000000000000000E+000
         304  0.000000000000000E+000  0.000000000000000E+000
         305  0.000000000000000E+000  0.000000000000000E+000
         306  0.000000000000000E+000  0.000000000000000E+000
         307  0.000000000000000E+000  0.000000000000000E+000
         308  0.000000000000000E+000  0.000000000000000E+000
         309  0.000000000000000E+000  0.000000000000000E+000
         310  0.000000000000000E+000  0.000000000000000E+000
         311  0.000000000000000E+000  0.000000000000000E+000
         312  0.000000000000000E+000  0.000000000000000E+000
         313  0.000000000000000E+000  0.000000000000000E+000
         314  0.000000000000000E+000  0.000000000000000E+000
         315  0.000000000000000E+000  0.000000000000000E+000
         316  0.000000000000000E+000  0.000000000000000E+000
         317  0.000000000000000E+000  0.000000000000000E+000
         318  0.000000000000000E+000  0.000000000000000E+000
         319  0.000000000000000E+000  0.000000000000000E+000
         320  0.000000000000000E+000  0.000000000000000E+000
         321  0.000000000000000E+000  0.000000000000000E+000
         322  0.000000000000000E+000  0.000000000000000E+000
         323  0.000000000000000E+000  0.000000000000000E+000
         324  0.000000000000000E+000  0.000000000000000E+000
         325  0.000000000000000E+000  0.000000000000000E+000
         326  0.000000000000000E+000  0.000000000000000E+000
         327  0.000000000000000E+000  0.000000000000000E+000
         328  0.000000000000000E+000  0.000000000000000E+000
         329  0.000000000000000E+000  0.000000000000000E+000
         330  0.000000000000000E+000  0.000000000000000E+000
         331  0.000000000000000E+000  0.000000000000000E+000
         332  0.000000000000000E+000  0.000000000000000E+000
         333  0.000000000000000E+000  0.000000000000000E+000
         334  0.000000000000000E+000  0.000000000000000E+000
         335  0.000000000000000E+000  0.000000000000000E+000
         336  0.000000000000000E+000  0.000000000000000E+000
         337  0.000000000000000E+000  0.000000000000000E+000
         338  0.000000000000000E+000  0.000000000000000E+000
         339  0.000000000000000E+000  0.000000000000000E+000
         340  0.000000000000000E+000  0.000000000000000E+000
         341  0.000000000000000E+000  0.000000000000000E+000
         342  0.000000000000000E+000  0.000000000000000E+000
         343  0.000000000000000E+000  0.000000000000000E+000
         344  0.000000000000000E+000  0.000000000000000E+000
         345  0.000000000000000E+000  0.000000000000000E+000
         346  0.000000000000000E+000  0.000000000000000E+000
         347  0.000000000000000E+000  0.000000000000000E+000
         348  0.000000000000000E+000  0.000000000000000E+000
         349  0.000000000000000E+000  0.000000000000000E+000
         350  0.000000000000000E+000  0.000000000000000E+000
         351  0.000000000000000E+000  0.000000000000000E+000
         352  0.000000000000000E+000  0.000000000000000E+000
         353  0.000000000000000E+000  0.000000000000000E+000
         354  0.000000000000000E+000  0.000000000000000E+000
         355  0.000000000000000E+000  0.000000000000000E+000
         356  0.000000000000000E+000  0.000000000000000E+000
         357  0.000000000000000E+000  0.000000000000000E+000
         358  0.000000000000000E+000  0.000000000000000E+000
         359  0.000000000000000E+000  0.000000000000000E+000
         360  0.000000000000000E+000  0.000000000000000E+000
         361  0.000000000000000E+000  0.000000000000000E+000
         362  0.000000000000000E+000  0.000000000000000E+000
         363  0.000000000000000E+000  0.000000000000000E+000
         364  0.000000000000000E+000  0.000000000000000E+000
         365  0.000000000000000E+000  0.000000000000000E+000
         366  0.000000000000000E+000  0.000000000000000E+000
         367  0.000000000000000E+000  0.000000000000000E+000
         368  0.000000000000000E+000  0.000000000000000E+000
         369  0.000000000000000E+000  0.000000000000000E+000
         370  0.000000000000000E+000  0.000000000000000E+000
         371  0.000000000000000E+000  0.000000000000000E+000
         372  0.000000000000000E+000  0.000000000000000E+000
         373  0.000000000000000E+000  0.000000000000000E+000
         374  0.000000000000000E+000  0.000000000000000E+000
         375  0.000000000000000E+000  0.000000000000000E+000
         376  0.000000000000000E+000  0.000000000000000E+000
         377  0.000000000000000E+000  0.000000000000000E+000
         378  0.000000000000000E+000  0.000000000000000E+000
         379  0.000000000000000E+000  0.000000000000000E+000
         380  0.000000000000000E+000  0.000000000000000E+000
         381  0.000000000000000E+000  0.000000000000000E+000
         382  0.000000000000000E+000  0.000000000000000E+000
         383  0.000000000000000E+000  0.000000000000000E+000
         384  0.000000000000000E+000  0.000000000000000E+000
         385  0.000000000000000E+000  0.000000000000000E+000
         386  0.000000000000000E+000  0.000000000000000E+000
         387  0.000000000000000E+000  0.000000000000000E+000
         388  0.000000000000000E+000  0.000000000000000E+000
         389  0.000000000000000E+000  0.000000000000000E+000
         390  0.000000000000000E+000  0.000000000000000E+000
         391  0.000000000000000E+000  0.000000000000000E+000
         392  0.000000000000000E+000  0.000000000000000E+000
         393  0.000000000000000E+000  0.000000000000000E+000
         394  0.000000000000000E+000  0.000000000000000E+000
         395  0.000000000000000E+000  0.000000000000000E+000
         396  0.000000000000000E+000  0.000000000000000E+000
         397  0.000000000000000E+000  0.000000000000000E+000
         398  0.000000000000000E+000  0.000000000000000E+000
         399  0.000000000000000E+000  0.000000000000000E+000
         400  0.000000000000000E+000  0.000000000000000E+000
         401  0.000000000000000E+000  0.000000000000000E+000
         402  0.000000000000000E+000  0.000000000000000E+000
         403  0.000000000000000E+000  0.000000000000000E+000
         404  0.000000000000000E+000  0.000000000000000E+000
         405  0.000000000000000E+000  0.000000000000000E+000
         406  0.000000000000000E+000  0.000000000000000E+000
         407  0.000000000000000E+000  0.000000000000000E+000
         408  0.000000000000000E+000  0.000000000000000E+000
         409  0.000000000000000E+000  0.000000000000000E+000
         410  0.000000000000000E+000  0.000000000000000E+000
         411  0.000000000000000E+000  0.000000000000000E+000
         412  0.000000000000000E+000  0.000000000000000E+000
         413  0.000000000000000E+000  0.000000000000000E+000
         414  0.000000000000000E+000  0.000000000000000E+000
         415  0.000000000000000E+000  0.000000000000000E+000
         416  0.000000000000000E+000  0.000000000000000E+000
         417  0.000000000000000E+000  0.000000000000000E+000
         418  0.000000000000000E+000  0.000000000000000E+000
         419  0.000000000000000E+000  0.000000000000000E+000
         420  0.000000000000000E+000  0.000000000000000E+000
         421  0.000000000000000E+000  0.000000000000000E+000
         422  0.000000000000000E+000  0.000000000000000E+000
         423  0.000000000000000E+000  0.000000000000000E+000
         424  0.000000000000000E+000  0.000000000000000E+000
         425  0.000000000000000E+000  0.000000000000000E+000
         426  0.000000000000000E+000  0.000000000000000E+000
         427  0.000000000000000E+000  0.000000000000000E+000
         428  0.000000000000000E+000  0.000000000000000E+000
         429  0.000000000000000E+000  0.000000000000000E+000
         430  0.000000000000000E+000  0.000000000000000E+000
         431  0.000000000000000E+000  0.000000000000000E+000
         432  0.000000000000000E+000  0.000000000000000E+000
         433  0.000000000000000E+000  0.000000000000000E+000
         434  0.000000000000000E+000  0.000000000000000E+000
         435  0.000000000000000E+000  0.000000000000000E+000
         436  0.000000000000000E+000  0.000000000000000E+000
         437  0.000000000000000E+000  0.000000000000000E+000
         438  0.000000000000000E+000  0.000000000000000E+000
         439  0.000000000000000E+000  0.000000000000000E+000
         440  0.000000000000000E+000  0.000000000000000E+000
         441  0.000000000000000E+000  0.000000000000000E+000
         442  0.000000000000000E+000  0.000000000000000E+000
         443  0.000000000000000E+000  0.000000000000000E+000
         444  0.000000000000000E+000  0.000000000000000E+000
