           0  0.000000000000000E+000  0.000000000000000E+000
           1  0.658338725477117        1.09964172898085     
           2  0.706537750645713        3.33294937435297     
           3  0.241815471163463        2.30262421214905     
           4  0.238478852257901        3.83641310005632     
           5  0.161058095885677        4.10779936431470     
           6  0.120438767069125        4.44901675135711     
           7  0.100579508984689        5.00910795285919     
           8  7.599431062243298E-002   4.86204921332659     
           9  7.954528933826353E-002   6.45323918680089     
          10  6.042328139355680E-002   6.13025009546144     
          11  4.953683957222985E-002   6.03569013993568     
          12  4.664267083920182E-002   6.70618908328773     
          13  4.081648497011541E-002   6.91228907721817     
          14  3.696645810847108E-002   7.28660235348516     
          15  2.956260197896047E-002   6.67204383597511     
          16  3.095714230861751E-002   7.91125218059633     
          17  2.569790629949958E-002   7.42260096824713     
          18  2.493503973423387E-002   8.11449600047439     
          19  2.192444773793538E-002   7.93250975157624     
          20  2.048445093501185E-002   8.19035954706010     
          21  1.834673155579316E-002   8.09988626357825     
          22  1.670394946427166E-002   8.10598113453456     
          23  1.535399632963191E-002   8.12854915312844     
          24  1.394606574513724E-002   8.03714028253848     
          25  1.324927546805752E-002   8.28707768543391     
          26  1.203227102635310E-002   8.13836212736315     
          27  1.075229330227862E-002   7.84758224011184     
          28  1.008253425618115E-002   7.91509621563022     
          29  9.251538226121925E-003   7.78682941221521     
          30  8.394942245821877E-003   7.56239951378411     
          31  7.781584449746773E-003   7.48145722762266     
          32  7.015712719319304E-003   7.18611660002719     
          33  6.687649701335532E-003   7.28144826497989     
          34  6.166591139257646E-003   7.12994503815837     
          35  5.542065866881814E-003   6.79513451213985     
          36  5.217491042064537E-003   6.76495859873615     
          37  4.785891697618437E-003   6.55612887380606     
          38  4.484410271982531E-003   6.47958011500311     
          39  4.008182059039139E-003   6.09653637087935     
          40  3.791317490460977E-003   6.06605855009350     
          41  3.608257443982256E-003   6.06811768689433     
          42  3.196048633554409E-003   5.64091436715813     
          43  3.050257563374883E-003   5.64385532387591     
          44  2.730872408550375E-003   5.28920251618934     
          45  2.570510012365879E-003   5.20720658288911     
          46  2.303711688338759E-003   4.87734432797360     
          47  2.179125720340251E-003   4.81329727785834     
          48  2.052896391239561E-003   4.72849257838032     
          49  1.851404878013202E-003   4.44599989856593     
          50  1.714664005029927E-003   4.28768122865439     
          51  1.570349175498784E-003   4.08553539983061     
          52  1.481391030960495E-003   4.00634490806612     
          53  1.385979449161848E-003   3.89493990696612     
          54  1.238791381187492E-003   3.61396531004525     
          55  1.163031839272714E-003   3.51840331862001     
          56  1.048472542888990E-003   3.28766700915837     
          57  9.739233690199978E-004   3.16428016736854     
          58  9.147899431886152E-004   3.07826957285704     
          59  8.440425191824036E-004   2.93786139375150     
          60  7.927857824346455E-004   2.85455303332310     
          61  7.082324261941764E-004   2.63598906699999     
          62  6.657079364489045E-004   2.55946394811724     
          63  5.990998621440884E-004   2.37747379549392     
          64  5.598621545277746E-004   2.29266046772125     
          65  5.317759542410027E-004   2.24699625473403     
          66  4.713214339237186E-004   2.05347909517076     
          67  4.523378356578783E-004   2.03103445107564     
          68  4.057326878499056E-004   1.87592682938453     
          69  3.820484590532933E-004   1.81923169824920     
          70  3.505660808529441E-004   1.71830516638333     
          71  3.242235462173499E-004   1.63429220537039     
          72  2.965693643016369E-004   1.53733069242384     
          73  2.780076122664248E-004   1.48148033240310     
          74  2.577305760329576E-004   1.41152712254911     
          75  2.318202984923306E-004   1.30418947286080     
          76  2.166837835032322E-004   1.25145496913873     
          77  2.006634280197544E-004   1.18997093700989     
          78  1.794459378628842E-004   1.09179370271461     
          79  1.691478622150316E-004   1.05543673230809     
          80  1.532458278036763E-004  0.980628109837911     
          81  1.447194024048825E-004  0.949438478587568     
          82  1.312135044268412E-004  0.882264799342095     
          83  1.205431740336659E-004  0.830409336931822     
          84  1.122843089838216E-004  0.792249842959667     
          85  1.033660099805640E-004  0.746849384228137     
          86  9.476189547543192E-005  0.700867834106080     
          87  8.723810059537110E-005  0.660378821472158     
          88  7.979653654705896E-005  0.617942684577665     
          89  7.303424098174665E-005  0.578445089086032     
          90  6.817110272052873E-005  0.552227334891287     
          91  6.280192043777465E-005  0.520129599662461     
          92  5.823766304919581E-005  0.492952862503352     
          93  5.336834701650845E-005  0.461618152288984     
          94  4.779089481579183E-005  0.422297167003511     
          95  4.492218570910093E-005  0.405422761919006     
          96  4.149368991870535E-005  0.382329453129096     
          97  3.821392038882329E-005  0.359472601301364     
          98  3.526252070609925E-005  0.338657299234800     
          99  3.166498564025460E-005  0.310383259581182     
         100  2.938922585159692E-005  0.293885726628456     
         101  2.712205484245230E-005  0.276653696011590     
         102  2.510748233839369E-005  0.261226135732545     
         103  2.318993277432497E-005  0.246022231645003     
         104  2.061935666594618E-005  0.222999877645835     
         105  1.992320542401442E-005  0.219631461285645     
         106  1.789880230572595E-005  0.201124771186706     
         107  1.622080272319228E-005  0.185710268690248     
         108  1.497064445917626E-005  0.174609411791909     
         109  1.394110177033772E-005  0.165623342713202     
         110  1.270378935686414E-005  0.153719527038876     
         111  1.146307550242172E-005  0.141228657284362     
         112  1.072818296161031E-005  0.134563183234185     
         113  9.838851996753472E-006  0.125621104871632     
         114  9.020152471765082E-006  0.117221236545492     
         115  8.144035449695075E-006  0.107705809996602     
         116  7.590780654935456E-006  0.102133995515172     
         117  6.979360162072129E-006  9.554043450566820E-002
         118  6.351168799896374E-006  8.843717942271956E-002
         119  5.769363869974269E-006  8.169399685428931E-002
         120  5.407597984762814E-006  7.786431122865783E-002
         121  4.912037945435654E-006  7.191322419414899E-002
         122  4.547210710424408E-006  6.768177779819864E-002
         123  4.143741713500899E-006  6.269155023676261E-002
         124  3.795177220229631E-006  5.835171182445339E-002
         125  3.527068732192857E-006  5.510960678275573E-002
         126  3.127083942297943E-006  4.964790482784634E-002
         127  2.929640573899171E-006  4.724928635242559E-002
         128  2.675221433051609E-006  4.382512164375246E-002
         129  2.510443598227359E-006  4.177399133966862E-002
         130  2.275719343556776E-006  3.845981862432443E-002
         131  2.070115268525610E-006  3.552289152569302E-002
         132  1.912633160428600E-006  3.332212643671527E-002
         133  1.726382347821552E-006  3.053864034746044E-002
         134  1.612889568493594E-006  2.896071894370009E-002
         135  1.439632317719726E-006  2.623576741783797E-002
         136  1.339996926243314E-006  2.478259578383779E-002
         137  1.238711822116716E-006  2.324919010982184E-002
         138  1.123663006263321E-006  2.139939512280203E-002
         139  1.027802954430176E-006  1.985740736000293E-002
         140  9.481920249318742E-007  1.858325931364156E-002
         141  8.722499668030502E-007  1.734003374551760E-002
         142  7.975482379083253E-007  1.608091657479530E-002
         143  7.252870862169413E-007  1.483035429830687E-002
         144  6.740421750531265E-007  1.397511957074348E-002
         145  6.150393497107167E-007  1.292926961695572E-002
         146  5.623778193179314E-007  1.198643489216251E-002
         147  5.151013039600685E-007  1.113030288313610E-002
         148  4.750719246576997E-007  1.040566106250805E-002
         149  4.380027435413817E-007  9.724337786950865E-003
         150  4.004969572689739E-007  9.011369266397172E-003
         151  3.645620641154250E-007  8.312393919412920E-003
         152  3.382607365019585E-007  7.814654348899878E-003
         153  3.115195210195351E-007  7.292069782459220E-003
         154  2.893412973533255E-007  6.861910710828511E-003
         155  2.636807794769246E-007  6.334930769668767E-003
         156  2.443062496977560E-007  5.945342740807910E-003
         157  2.266016496119043E-007  5.585137920551267E-003
         158  2.112288825460084E-007  5.272847680726880E-003
         159  1.929957131098262E-007  4.878673928615676E-003
         160  1.800784676304726E-007  4.609621637057593E-003
         161  1.676433710372002E-007  4.345379029816026E-003
         162  1.542207133312592E-007  4.047459560324135E-003
         163  1.462082368993321E-007  3.884618521908290E-003
         164  1.364440109179584E-007  3.669768742332665E-003
         165  1.289424917515240E-007  3.510482005773706E-003
         166  1.208775586866119E-007  3.330862038730489E-003
         167  1.160158237284375E-007  3.235373712513267E-003
         168  1.099987752331701E-007  3.104522890642279E-003
         169  1.073519165729735E-007  3.066079540627521E-003
         170  1.084515344735357E-007  3.134455655667313E-003
         171  1.791421426623788E-008  5.213019458287015E-004
         172  0.000000000000000E+000  0.000000000000000E+000
         173  0.000000000000000E+000  0.000000000000000E+000
         174  0.000000000000000E+000  0.000000000000000E+000
         175  0.000000000000000E+000  0.000000000000000E+000
         176  0.000000000000000E+000  0.000000000000000E+000
         177  0.000000000000000E+000  0.000000000000000E+000
         178  0.000000000000000E+000  0.000000000000000E+000
         179  0.000000000000000E+000  0.000000000000000E+000
         180  0.000000000000000E+000  0.000000000000000E+000
         181  0.000000000000000E+000  0.000000000000000E+000
         182  0.000000000000000E+000  0.000000000000000E+000
         183  0.000000000000000E+000  0.000000000000000E+000
         184  0.000000000000000E+000  0.000000000000000E+000
         185  0.000000000000000E+000  0.000000000000000E+000
         186  0.000000000000000E+000  0.000000000000000E+000
         187  0.000000000000000E+000  0.000000000000000E+000
         188  0.000000000000000E+000  0.000000000000000E+000
         189  0.000000000000000E+000  0.000000000000000E+000
         190  0.000000000000000E+000  0.000000000000000E+000
         191  0.000000000000000E+000  0.000000000000000E+000
         192  0.000000000000000E+000  0.000000000000000E+000
         193  0.000000000000000E+000  0.000000000000000E+000
         194  0.000000000000000E+000  0.000000000000000E+000
         195  0.000000000000000E+000  0.000000000000000E+000
         196  0.000000000000000E+000  0.000000000000000E+000
         197  0.000000000000000E+000  0.000000000000000E+000
         198  0.000000000000000E+000  0.000000000000000E+000
         199  0.000000000000000E+000  0.000000000000000E+000
         200  0.000000000000000E+000  0.000000000000000E+000
         201  0.000000000000000E+000  0.000000000000000E+000
         202  0.000000000000000E+000  0.000000000000000E+000
         203  0.000000000000000E+000  0.000000000000000E+000
         204  0.000000000000000E+000  0.000000000000000E+000
         205  0.000000000000000E+000  0.000000000000000E+000
         206  0.000000000000000E+000  0.000000000000000E+000
         207  0.000000000000000E+000  0.000000000000000E+000
         208  0.000000000000000E+000  0.000000000000000E+000
         209  0.000000000000000E+000  0.000000000000000E+000
         210  0.000000000000000E+000  0.000000000000000E+000
         211  0.000000000000000E+000  0.000000000000000E+000
         212  0.000000000000000E+000  0.000000000000000E+000
         213  0.000000000000000E+000  0.000000000000000E+000
         214  0.000000000000000E+000  0.000000000000000E+000
         215  0.000000000000000E+000  0.000000000000000E+000
         216  0.000000000000000E+000  0.000000000000000E+000
         217  0.000000000000000E+000  0.000000000000000E+000
         218  0.000000000000000E+000  0.000000000000000E+000
         219  0.000000000000000E+000  0.000000000000000E+000
         220  0.000000000000000E+000  0.000000000000000E+000
         221  0.000000000000000E+000  0.000000000000000E+000
         222  0.000000000000000E+000  0.000000000000000E+000
         223  0.000000000000000E+000  0.000000000000000E+000
         224  0.000000000000000E+000  0.000000000000000E+000
         225  0.000000000000000E+000  0.000000000000000E+000
         226  0.000000000000000E+000  0.000000000000000E+000
         227  0.000000000000000E+000  0.000000000000000E+000
         228  0.000000000000000E+000  0.000000000000000E+000
         229  0.000000000000000E+000  0.000000000000000E+000
         230  0.000000000000000E+000  0.000000000000000E+000
         231  0.000000000000000E+000  0.000000000000000E+000
         232  0.000000000000000E+000  0.000000000000000E+000
         233  0.000000000000000E+000  0.000000000000000E+000
         234  0.000000000000000E+000  0.000000000000000E+000
         235  0.000000000000000E+000  0.000000000000000E+000
         236  0.000000000000000E+000  0.000000000000000E+000
         237  0.000000000000000E+000  0.000000000000000E+000
         238  0.000000000000000E+000  0.000000000000000E+000
         239  0.000000000000000E+000  0.000000000000000E+000
         240  0.000000000000000E+000  0.000000000000000E+000
         241  0.000000000000000E+000  0.000000000000000E+000
         242  0.000000000000000E+000  0.000000000000000E+000
         243  0.000000000000000E+000  0.000000000000000E+000
         244  0.000000000000000E+000  0.000000000000000E+000
         245  0.000000000000000E+000  0.000000000000000E+000
         246  0.000000000000000E+000  0.000000000000000E+000
         247  0.000000000000000E+000  0.000000000000000E+000
         248  0.000000000000000E+000  0.000000000000000E+000
         249  0.000000000000000E+000  0.000000000000000E+000
         250  0.000000000000000E+000  0.000000000000000E+000
         251  0.000000000000000E+000  0.000000000000000E+000
         252  0.000000000000000E+000  0.000000000000000E+000
         253  0.000000000000000E+000  0.000000000000000E+000
         254  0.000000000000000E+000  0.000000000000000E+000
         255  0.000000000000000E+000  0.000000000000000E+000
         256  0.000000000000000E+000  0.000000000000000E+000
         257  0.000000000000000E+000  0.000000000000000E+000
         258  0.000000000000000E+000  0.000000000000000E+000
         259  0.000000000000000E+000  0.000000000000000E+000
         260  0.000000000000000E+000  0.000000000000000E+000
         261  0.000000000000000E+000  0.000000000000000E+000
         262  0.000000000000000E+000  0.000000000000000E+000
         263  0.000000000000000E+000  0.000000000000000E+000
         264  0.000000000000000E+000  0.000000000000000E+000
         265  0.000000000000000E+000  0.000000000000000E+000
         266  0.000000000000000E+000  0.000000000000000E+000
         267  0.000000000000000E+000  0.000000000000000E+000
         268  0.000000000000000E+000  0.000000000000000E+000
         269  0.000000000000000E+000  0.000000000000000E+000
         270  0.000000000000000E+000  0.000000000000000E+000
         271  0.000000000000000E+000  0.000000000000000E+000
         272  0.000000000000000E+000  0.000000000000000E+000
         273  0.000000000000000E+000  0.000000000000000E+000
         274  0.000000000000000E+000  0.000000000000000E+000
         275  0.000000000000000E+000  0.000000000000000E+000
         276  0.000000000000000E+000  0.000000000000000E+000
         277  0.000000000000000E+000  0.000000000000000E+000
         278  0.000000000000000E+000  0.000000000000000E+000
         279  0.000000000000000E+000  0.000000000000000E+000
         280  0.000000000000000E+000  0.000000000000000E+000
         281  0.000000000000000E+000  0.000000000000000E+000
         282  0.000000000000000E+000  0.000000000000000E+000
         283  0.000000000000000E+000  0.000000000000000E+000
         284  0.000000000000000E+000  0.000000000000000E+000
         285  0.000000000000000E+000  0.000000000000000E+000
         286  0.000000000000000E+000  0.000000000000000E+000
         287  0.000000000000000E+000  0.000000000000000E+000
         288  0.000000000000000E+000  0.000000000000000E+000
         289  0.000000000000000E+000  0.000000000000000E+000
         290  0.000000000000000E+000  0.000000000000000E+000
         291  0.000000000000000E+000  0.000000000000000E+000
         292  0.000000000000000E+000  0.000000000000000E+000
         293  0.000000000000000E+000  0.000000000000000E+000
         294  0.000000000000000E+000  0.000000000000000E+000
         295  0.000000000000000E+000  0.000000000000000E+000
         296  0.000000000000000E+000  0.000000000000000E+000
         297  0.000000000000000E+000  0.000000000000000E+000
         298  0.000000000000000E+000  0.000000000000000E+000
         299  0.000000000000000E+000  0.000000000000000E+000
         300  0.000000000000000E+000  0.000000000000000E+000
         301  0.000000000000000E+000  0.000000000000000E+000
         302  0.000000000000000E+000  0.000000000000000E+000
         303  0.000000000000000E+000  0.000000000000000E+000
         304  0.000000000000000E+000  0.000000000000000E+000
         305  0.000000000000000E+000  0.000000000000000E+000
         306  0.000000000000000E+000  0.000000000000000E+000
         307  0.000000000000000E+000  0.000000000000000E+000
         308  0.000000000000000E+000  0.000000000000000E+000
         309  0.000000000000000E+000  0.000000000000000E+000
         310  0.000000000000000E+000  0.000000000000000E+000
         311  0.000000000000000E+000  0.000000000000000E+000
         312  0.000000000000000E+000  0.000000000000000E+000
         313  0.000000000000000E+000  0.000000000000000E+000
         314  0.000000000000000E+000  0.000000000000000E+000
         315  0.000000000000000E+000  0.000000000000000E+000
         316  0.000000000000000E+000  0.000000000000000E+000
         317  0.000000000000000E+000  0.000000000000000E+000
         318  0.000000000000000E+000  0.000000000000000E+000
         319  0.000000000000000E+000  0.000000000000000E+000
         320  0.000000000000000E+000  0.000000000000000E+000
         321  0.000000000000000E+000  0.000000000000000E+000
         322  0.000000000000000E+000  0.000000000000000E+000
         323  0.000000000000000E+000  0.000000000000000E+000
         324  0.000000000000000E+000  0.000000000000000E+000
         325  0.000000000000000E+000  0.000000000000000E+000
         326  0.000000000000000E+000  0.000000000000000E+000
         327  0.000000000000000E+000  0.000000000000000E+000
         328  0.000000000000000E+000  0.000000000000000E+000
         329  0.000000000000000E+000  0.000000000000000E+000
         330  0.000000000000000E+000  0.000000000000000E+000
         331  0.000000000000000E+000  0.000000000000000E+000
         332  0.000000000000000E+000  0.000000000000000E+000
         333  0.000000000000000E+000  0.000000000000000E+000
         334  0.000000000000000E+000  0.000000000000000E+000
         335  0.000000000000000E+000  0.000000000000000E+000
         336  0.000000000000000E+000  0.000000000000000E+000
         337  0.000000000000000E+000  0.000000000000000E+000
         338  0.000000000000000E+000  0.000000000000000E+000
         339  0.000000000000000E+000  0.000000000000000E+000
         340  0.000000000000000E+000  0.000000000000000E+000
         341  0.000000000000000E+000  0.000000000000000E+000
         342  0.000000000000000E+000  0.000000000000000E+000
         343  0.000000000000000E+000  0.000000000000000E+000
         344  0.000000000000000E+000  0.000000000000000E+000
         345  0.000000000000000E+000  0.000000000000000E+000
         346  0.000000000000000E+000  0.000000000000000E+000
         347  0.000000000000000E+000  0.000000000000000E+000
         348  0.000000000000000E+000  0.000000000000000E+000
         349  0.000000000000000E+000  0.000000000000000E+000
         350  0.000000000000000E+000  0.000000000000000E+000
         351  0.000000000000000E+000  0.000000000000000E+000
         352  0.000000000000000E+000  0.000000000000000E+000
         353  0.000000000000000E+000  0.000000000000000E+000
         354  0.000000000000000E+000  0.000000000000000E+000
         355  0.000000000000000E+000  0.000000000000000E+000
         356  0.000000000000000E+000  0.000000000000000E+000
         357  0.000000000000000E+000  0.000000000000000E+000
         358  0.000000000000000E+000  0.000000000000000E+000
         359  0.000000000000000E+000  0.000000000000000E+000
         360  0.000000000000000E+000  0.000000000000000E+000
         361  0.000000000000000E+000  0.000000000000000E+000
         362  0.000000000000000E+000  0.000000000000000E+000
         363  0.000000000000000E+000  0.000000000000000E+000
         364  0.000000000000000E+000  0.000000000000000E+000
         365  0.000000000000000E+000  0.000000000000000E+000
         366  0.000000000000000E+000  0.000000000000000E+000
         367  0.000000000000000E+000  0.000000000000000E+000
         368  0.000000000000000E+000  0.000000000000000E+000
         369  0.000000000000000E+000  0.000000000000000E+000
         370  0.000000000000000E+000  0.000000000000000E+000
         371  0.000000000000000E+000  0.000000000000000E+000
         372  0.000000000000000E+000  0.000000000000000E+000
         373  0.000000000000000E+000  0.000000000000000E+000
         374  0.000000000000000E+000  0.000000000000000E+000
         375  0.000000000000000E+000  0.000000000000000E+000
         376  0.000000000000000E+000  0.000000000000000E+000
         377  0.000000000000000E+000  0.000000000000000E+000
         378  0.000000000000000E+000  0.000000000000000E+000
         379  0.000000000000000E+000  0.000000000000000E+000
         380  0.000000000000000E+000  0.000000000000000E+000
         381  0.000000000000000E+000  0.000000000000000E+000
         382  0.000000000000000E+000  0.000000000000000E+000
         383  0.000000000000000E+000  0.000000000000000E+000
         384  0.000000000000000E+000  0.000000000000000E+000
         385  0.000000000000000E+000  0.000000000000000E+000
         386  0.000000000000000E+000  0.000000000000000E+000
         387  0.000000000000000E+000  0.000000000000000E+000
         388  0.000000000000000E+000  0.000000000000000E+000
         389  0.000000000000000E+000  0.000000000000000E+000
         390  0.000000000000000E+000  0.000000000000000E+000
         391  0.000000000000000E+000  0.000000000000000E+000
         392  0.000000000000000E+000  0.000000000000000E+000
         393  0.000000000000000E+000  0.000000000000000E+000
         394  0.000000000000000E+000  0.000000000000000E+000
         395  0.000000000000000E+000  0.000000000000000E+000
         396  0.000000000000000E+000  0.000000000000000E+000
         397  0.000000000000000E+000  0.000000000000000E+000
         398  0.000000000000000E+000  0.000000000000000E+000
         399  0.000000000000000E+000  0.000000000000000E+000
         400  0.000000000000000E+000  0.000000000000000E+000
         401  0.000000000000000E+000  0.000000000000000E+000
         402  0.000000000000000E+000  0.000000000000000E+000
         403  0.000000000000000E+000  0.000000000000000E+000
         404  0.000000000000000E+000  0.000000000000000E+000
         405  0.000000000000000E+000  0.000000000000000E+000
         406  0.000000000000000E+000  0.000000000000000E+000
         407  0.000000000000000E+000  0.000000000000000E+000
         408  0.000000000000000E+000  0.000000000000000E+000
         409  0.000000000000000E+000  0.000000000000000E+000
         410  0.000000000000000E+000  0.000000000000000E+000
         411  0.000000000000000E+000  0.000000000000000E+000
         412  0.000000000000000E+000  0.000000000000000E+000
         413  0.000000000000000E+000  0.000000000000000E+000
         414  0.000000000000000E+000  0.000000000000000E+000
         415  0.000000000000000E+000  0.000000000000000E+000
         416  0.000000000000000E+000  0.000000000000000E+000
         417  0.000000000000000E+000  0.000000000000000E+000
         418  0.000000000000000E+000  0.000000000000000E+000
         419  0.000000000000000E+000  0.000000000000000E+000
         420  0.000000000000000E+000  0.000000000000000E+000
         421  0.000000000000000E+000  0.000000000000000E+000
         422  0.000000000000000E+000  0.000000000000000E+000
         423  0.000000000000000E+000  0.000000000000000E+000
         424  0.000000000000000E+000  0.000000000000000E+000
         425  0.000000000000000E+000  0.000000000000000E+000
         426  0.000000000000000E+000  0.000000000000000E+000
         427  0.000000000000000E+000  0.000000000000000E+000
         428  0.000000000000000E+000  0.000000000000000E+000
         429  0.000000000000000E+000  0.000000000000000E+000
         430  0.000000000000000E+000  0.000000000000000E+000
         431  0.000000000000000E+000  0.000000000000000E+000
         432  0.000000000000000E+000  0.000000000000000E+000
         433  0.000000000000000E+000  0.000000000000000E+000
         434  0.000000000000000E+000  0.000000000000000E+000
         435  0.000000000000000E+000  0.000000000000000E+000
         436  0.000000000000000E+000  0.000000000000000E+000
         437  0.000000000000000E+000  0.000000000000000E+000
         438  0.000000000000000E+000  0.000000000000000E+000
         439  0.000000000000000E+000  0.000000000000000E+000
         440  0.000000000000000E+000  0.000000000000000E+000
         441  0.000000000000000E+000  0.000000000000000E+000
         442  0.000000000000000E+000  0.000000000000000E+000
         443  0.000000000000000E+000  0.000000000000000E+000
         444  0.000000000000000E+000  0.000000000000000E+000
