           0  0.000000000000000E+000  0.000000000000000E+000
           1  0.773673576747326        1.27213196789808     
           2  0.616892000998128        2.92254972320065     
           3  0.232114236220170        2.26587618339377     
           4  0.195031065808388        3.19501514541789     
           5  0.165408245110132        4.26174317782159     
           6  0.119975849008555        4.43758348657153     
           7  8.876423561315308E-002   4.43194795590445     
           8  6.636452597693299E-002   4.24266472548443     
           9  7.993524808933869E-002   6.43843620914974     
          10  5.757506080520217E-002   5.83168687751029     
          11  5.023921384543006E-002   6.13664051591581     
          12  4.310595729603801E-002   6.19312098762344     
          13  3.963138341650574E-002   6.72564061055760     
          14  3.499102340795396E-002   6.90057795027734     
          15  2.674017537953824E-002   6.03048488180299     
          16  2.966304419325553E-002   7.58221292952950     
          17  2.486125481143702E-002   7.18537464625800     
          18  2.447941233272440E-002   7.96295669442280     
          19  2.061142888664010E-002   7.45875561393352     
          20  1.919034303909969E-002   7.67389954261426     
          21  1.751898340915459E-002   7.73341121681450     
          22  1.594260790815057E-002   7.73830803607028     
          23  1.448981133225999E-002   7.67078157530783     
          24  1.341878073816205E-002   7.73467268930055     
          25  1.271256116170003E-002   7.94688456647824     
          26  1.124827590544639E-002   7.61088173072236     
          27  1.013082868399405E-002   7.39284873972395     
          28  9.535743085342155E-003   7.48434410409694     
          29  8.842502585563638E-003   7.44479386112432     
          30  7.985051741242677E-003   7.19540825467059     
          31  7.465642239719084E-003   7.18109492859672     
          32  6.761430633723330E-003   6.92786782516365     
          33  6.644783425981132E-003   7.23627609786339     
          34  5.933903136557780E-003   6.85931915294330     
          35  5.389337733199762E-003   6.60667623407775     
          36  5.017676930712306E-003   6.50603097741559     
          37  4.509933771882494E-003   6.17827996929066     
          38  4.286095672019922E-003   6.19457296766880     
          39  3.868924876853824E-003   5.88446875053413     
          40  3.634626793203992E-003   5.81422296697943     
          41  3.454950145752991E-003   5.80860955487085     
          42  3.109760272243685E-003   5.48770871347834     
          43  2.919232651368073E-003   5.39985563430534     
          44  2.662775739221185E-003   5.15735411951905     
          45  2.456882332322197E-003   4.97759389387565     
          46  2.208897199869601E-003   4.67702229808075     
          47  2.087486122498060E-003   4.61097009354930     
          48  1.944280926395501E-003   4.47801889799665     
          49  1.799317729427950E-003   4.31994129758085     
          50  1.655207381141052E-003   4.13999543983068     
          51  1.500965866079723E-003   3.90496282655124     
          52  1.405539016981900E-003   3.80137453684861     
          53  1.308672337845535E-003   3.67735637756081     
          54  1.184195135017907E-003   3.45434600652456     
          55  1.097876862242037E-003   3.32085661257814     
          56  9.759908759116226E-004   3.06011193865236     
          57  9.317026721680020E-004   3.02743357278881     
          58  8.630318862045121E-004   2.90363437974586     
          59  8.021876652865673E-004   2.79231089612634     
          60  7.315725422296528E-004   2.63374016503362     
          61  6.722421822715290E-004   2.50199566000149     
          62  6.282306780136199E-004   2.41563218055422     
          63  5.664694061734001E-004   2.24776584224885     
          64  5.250841582050264E-004   2.15037173016908     
          65  4.961709082014630E-004   2.09649573938240     
          66  4.485967036748264E-004   1.95423551046401     
          67  4.237180784996348E-004   1.90240899982546     
          68  3.816363199469804E-004   1.76488518693268     
          69  3.572279868724250E-004   1.70084662362089     
          70  3.253089755739912E-004   1.59450636625525     
          71  2.984233815324808E-004   1.50430643302293     
          72  2.769200475698020E-004   1.43542606084921     
          73  2.562729294436922E-004   1.36561000959688     
          74  2.418688321507979E-004   1.32459136179508     
          75  2.150699439316659E-004   1.21003422365984     
          76  1.996057899946895E-004   1.15283274811577     
          77  1.853308182531140E-004   1.09898381445577     
          78  1.668010403578123E-004   1.01484756789306     
          79  1.527526840053070E-004  0.953049000208905     
          80  1.415649325534793E-004  0.905855419124642     
          81  1.343085432534415E-004  0.881131514009238     
          82  1.202676017172191E-004  0.808693479400235     
          83  1.102972301066450E-004  0.759905141945301     
          84  1.027987577968598E-004  0.725326919359621     
          85  9.415828315517123E-005  0.680308152062513     
          86  8.638062538640684E-005  0.638884436472563     
          87  7.965991186698202E-005  0.602987425073250     
          88  7.319932164005624E-005  0.566855925236803     
          89  6.739126977571937E-005  0.533741245781056     
          90  6.267510021031962E-005  0.507715848024266     
          91  5.691152149901277E-005  0.471338893173939     
          92  5.271134801167177E-005  0.446191193462028     
          93  4.790216951832930E-005  0.414340607064812     
          94  4.424869663084031E-005  0.390974326947794     
          95  4.053672739948781E-005  0.365827647816652     
          96  3.782121936128145E-005  0.348485726124055     
          97  3.437869059243192E-005  0.323386431673687     
          98  3.176514418993027E-005  0.305074428295605     
          99  2.852206917044643E-005  0.279577570870310     
         100  2.658821722544156E-005  0.265880233010904     
         101  2.418458985895472E-005  0.246695561507655     
         102  2.246093702183423E-005  0.233683634598813     
         103  2.062304180583660E-005  0.218788505725167     
         104  1.842945616352944E-005  0.199322252261097     
         105  1.766450522333768E-005  0.194732100243356     
         106  1.585979874466661E-005  0.178199355157775     
         107  1.451501928729962E-005  0.166184685939914     
         108  1.329647148096469E-005  0.155083646063802     
         109  1.224828362262057E-005  0.145511993289690     
         110  1.127563141766810E-005  0.136444958996867     
         111  1.019876164466458E-005  0.125650182301841     
         112  9.478894100989845E-006  0.118890424706068     
         113  8.614403666392424E-006  0.109994142720923     
         114  7.953256453076836E-006  0.103355061855319     
         115  7.242201397692262E-006  9.577639714044062E-002
         116  6.658988715657038E-006  8.959833405467285E-002
         117  6.117630513284256E-006  8.374410035188147E-002
         118  5.580399796719351E-006  7.770573542758015E-002
         119  5.082068095072657E-006  7.196040070064856E-002
         120  4.724647700602391E-006  6.802743345124929E-002
         121  4.282688313603295E-006  6.270096438598917E-002
         122  3.962085755028641E-006  5.897145040851004E-002
         123  3.630525996186246E-006  5.492565262479841E-002
         124  3.302290148938722E-006  5.077421965252393E-002
         125  3.052699769685011E-006  4.769846179918655E-002
         126  2.753695493825922E-006  4.372076089145931E-002
         127  2.535780296413895E-006  4.089664046058026E-002
         128  2.317043684520435E-006  3.795818400691611E-002
         129  2.163555772874786E-006  3.600151646537530E-002
         130  1.952738270644572E-006  3.300070017342854E-002
         131  1.766885768146085E-006  3.032001781836912E-002
         132  1.649174500133664E-006  2.873272390659984E-002
         133  1.491332805946411E-006  2.638002684934162E-002
         134  1.377197685075949E-006  2.472903239854702E-002
         135  1.233190012688276E-006  2.247324930855509E-002
         136  1.145976979034874E-006  2.119419941017778E-002
         137  1.058177083846784E-006  1.986037596480903E-002
         138  9.628831369769197E-007  1.833787427776107E-002
         139  8.726732399896854E-007  1.685996434178029E-002
         140  8.087824087850440E-007  1.585135629154916E-002
         141  7.432520274922445E-007  1.477546686348375E-002
         142  6.801710533000502E-007  1.371387772389901E-002
         143  6.145834321488268E-007  1.256666554543247E-002
         144  5.681219978727869E-007  1.177914293499669E-002
         145  5.226135454431393E-007  1.098619848603113E-002
         146  4.743888228194246E-007  1.011119035978609E-002
         147  4.350097770110206E-007  9.399888162416721E-003
         148  4.009211716163128E-007  8.781555346474014E-003
         149  3.673894924823670E-007  8.156378850955704E-003
         150  3.375544991378086E-007  7.595016018456443E-003
         151  3.055560111556154E-007  6.967105527020155E-003
         152  2.848366029254386E-007  6.580330968460542E-003
         153  2.608418863780619E-007  6.105911351472526E-003
         154  2.401760585095926E-007  5.695877397706870E-003
         155  2.185066459488649E-007  5.249560999989720E-003
         156  2.022460040367978E-007  4.921687326470151E-003
         157  1.881573253138116E-007  4.637539120072062E-003
         158  1.735408681664840E-007  4.332008630214244E-003
         159  1.589777431282595E-007  4.018751520185257E-003
         160  1.479986601657258E-007  3.788471229338880E-003
         161  1.378285319429008E-007  3.572475125770503E-003
         162  1.267633044435776E-007  3.326807326778818E-003
         163  1.192006762441431E-007  3.167065693399893E-003
         164  1.114271069654299E-007  2.996879827300662E-003
         165  1.054697400403082E-007  2.871414853473461E-003
         166  9.787763915017718E-008  2.697104483292652E-003
         167  9.455793090236507E-008  2.637036900129954E-003
         168  8.895983951308785E-008  2.510735501666120E-003
         169  8.674978421650562E-008  2.477622381860700E-003
         170  8.767723347092167E-008  2.534083044685784E-003
         171  1.432430539211808E-008  4.168365853007328E-004
         172  0.000000000000000E+000  0.000000000000000E+000
         173  0.000000000000000E+000  0.000000000000000E+000
         174  0.000000000000000E+000  0.000000000000000E+000
         175  0.000000000000000E+000  0.000000000000000E+000
         176  0.000000000000000E+000  0.000000000000000E+000
         177  0.000000000000000E+000  0.000000000000000E+000
         178  0.000000000000000E+000  0.000000000000000E+000
         179  0.000000000000000E+000  0.000000000000000E+000
         180  0.000000000000000E+000  0.000000000000000E+000
         181  0.000000000000000E+000  0.000000000000000E+000
         182  0.000000000000000E+000  0.000000000000000E+000
         183  0.000000000000000E+000  0.000000000000000E+000
         184  0.000000000000000E+000  0.000000000000000E+000
         185  0.000000000000000E+000  0.000000000000000E+000
         186  0.000000000000000E+000  0.000000000000000E+000
         187  0.000000000000000E+000  0.000000000000000E+000
         188  0.000000000000000E+000  0.000000000000000E+000
         189  0.000000000000000E+000  0.000000000000000E+000
         190  0.000000000000000E+000  0.000000000000000E+000
         191  0.000000000000000E+000  0.000000000000000E+000
         192  0.000000000000000E+000  0.000000000000000E+000
         193  0.000000000000000E+000  0.000000000000000E+000
         194  0.000000000000000E+000  0.000000000000000E+000
         195  0.000000000000000E+000  0.000000000000000E+000
         196  0.000000000000000E+000  0.000000000000000E+000
         197  0.000000000000000E+000  0.000000000000000E+000
         198  0.000000000000000E+000  0.000000000000000E+000
         199  0.000000000000000E+000  0.000000000000000E+000
         200  0.000000000000000E+000  0.000000000000000E+000
         201  0.000000000000000E+000  0.000000000000000E+000
         202  0.000000000000000E+000  0.000000000000000E+000
         203  0.000000000000000E+000  0.000000000000000E+000
         204  0.000000000000000E+000  0.000000000000000E+000
         205  0.000000000000000E+000  0.000000000000000E+000
         206  0.000000000000000E+000  0.000000000000000E+000
         207  0.000000000000000E+000  0.000000000000000E+000
         208  0.000000000000000E+000  0.000000000000000E+000
         209  0.000000000000000E+000  0.000000000000000E+000
         210  0.000000000000000E+000  0.000000000000000E+000
         211  0.000000000000000E+000  0.000000000000000E+000
         212  0.000000000000000E+000  0.000000000000000E+000
         213  0.000000000000000E+000  0.000000000000000E+000
         214  0.000000000000000E+000  0.000000000000000E+000
         215  0.000000000000000E+000  0.000000000000000E+000
         216  0.000000000000000E+000  0.000000000000000E+000
         217  0.000000000000000E+000  0.000000000000000E+000
         218  0.000000000000000E+000  0.000000000000000E+000
         219  0.000000000000000E+000  0.000000000000000E+000
         220  0.000000000000000E+000  0.000000000000000E+000
         221  0.000000000000000E+000  0.000000000000000E+000
         222  0.000000000000000E+000  0.000000000000000E+000
         223  0.000000000000000E+000  0.000000000000000E+000
         224  0.000000000000000E+000  0.000000000000000E+000
         225  0.000000000000000E+000  0.000000000000000E+000
         226  0.000000000000000E+000  0.000000000000000E+000
         227  0.000000000000000E+000  0.000000000000000E+000
         228  0.000000000000000E+000  0.000000000000000E+000
         229  0.000000000000000E+000  0.000000000000000E+000
         230  0.000000000000000E+000  0.000000000000000E+000
         231  0.000000000000000E+000  0.000000000000000E+000
         232  0.000000000000000E+000  0.000000000000000E+000
         233  0.000000000000000E+000  0.000000000000000E+000
         234  0.000000000000000E+000  0.000000000000000E+000
         235  0.000000000000000E+000  0.000000000000000E+000
         236  0.000000000000000E+000  0.000000000000000E+000
         237  0.000000000000000E+000  0.000000000000000E+000
         238  0.000000000000000E+000  0.000000000000000E+000
         239  0.000000000000000E+000  0.000000000000000E+000
         240  0.000000000000000E+000  0.000000000000000E+000
         241  0.000000000000000E+000  0.000000000000000E+000
         242  0.000000000000000E+000  0.000000000000000E+000
         243  0.000000000000000E+000  0.000000000000000E+000
         244  0.000000000000000E+000  0.000000000000000E+000
         245  0.000000000000000E+000  0.000000000000000E+000
         246  0.000000000000000E+000  0.000000000000000E+000
         247  0.000000000000000E+000  0.000000000000000E+000
         248  0.000000000000000E+000  0.000000000000000E+000
         249  0.000000000000000E+000  0.000000000000000E+000
         250  0.000000000000000E+000  0.000000000000000E+000
         251  0.000000000000000E+000  0.000000000000000E+000
         252  0.000000000000000E+000  0.000000000000000E+000
         253  0.000000000000000E+000  0.000000000000000E+000
         254  0.000000000000000E+000  0.000000000000000E+000
         255  0.000000000000000E+000  0.000000000000000E+000
         256  0.000000000000000E+000  0.000000000000000E+000
         257  0.000000000000000E+000  0.000000000000000E+000
         258  0.000000000000000E+000  0.000000000000000E+000
         259  0.000000000000000E+000  0.000000000000000E+000
         260  0.000000000000000E+000  0.000000000000000E+000
         261  0.000000000000000E+000  0.000000000000000E+000
         262  0.000000000000000E+000  0.000000000000000E+000
         263  0.000000000000000E+000  0.000000000000000E+000
         264  0.000000000000000E+000  0.000000000000000E+000
         265  0.000000000000000E+000  0.000000000000000E+000
         266  0.000000000000000E+000  0.000000000000000E+000
         267  0.000000000000000E+000  0.000000000000000E+000
         268  0.000000000000000E+000  0.000000000000000E+000
         269  0.000000000000000E+000  0.000000000000000E+000
         270  0.000000000000000E+000  0.000000000000000E+000
         271  0.000000000000000E+000  0.000000000000000E+000
         272  0.000000000000000E+000  0.000000000000000E+000
         273  0.000000000000000E+000  0.000000000000000E+000
         274  0.000000000000000E+000  0.000000000000000E+000
         275  0.000000000000000E+000  0.000000000000000E+000
         276  0.000000000000000E+000  0.000000000000000E+000
         277  0.000000000000000E+000  0.000000000000000E+000
         278  0.000000000000000E+000  0.000000000000000E+000
         279  0.000000000000000E+000  0.000000000000000E+000
         280  0.000000000000000E+000  0.000000000000000E+000
         281  0.000000000000000E+000  0.000000000000000E+000
         282  0.000000000000000E+000  0.000000000000000E+000
         283  0.000000000000000E+000  0.000000000000000E+000
         284  0.000000000000000E+000  0.000000000000000E+000
         285  0.000000000000000E+000  0.000000000000000E+000
         286  0.000000000000000E+000  0.000000000000000E+000
         287  0.000000000000000E+000  0.000000000000000E+000
         288  0.000000000000000E+000  0.000000000000000E+000
         289  0.000000000000000E+000  0.000000000000000E+000
         290  0.000000000000000E+000  0.000000000000000E+000
         291  0.000000000000000E+000  0.000000000000000E+000
         292  0.000000000000000E+000  0.000000000000000E+000
         293  0.000000000000000E+000  0.000000000000000E+000
         294  0.000000000000000E+000  0.000000000000000E+000
         295  0.000000000000000E+000  0.000000000000000E+000
         296  0.000000000000000E+000  0.000000000000000E+000
         297  0.000000000000000E+000  0.000000000000000E+000
         298  0.000000000000000E+000  0.000000000000000E+000
         299  0.000000000000000E+000  0.000000000000000E+000
         300  0.000000000000000E+000  0.000000000000000E+000
         301  0.000000000000000E+000  0.000000000000000E+000
         302  0.000000000000000E+000  0.000000000000000E+000
         303  0.000000000000000E+000  0.000000000000000E+000
         304  0.000000000000000E+000  0.000000000000000E+000
         305  0.000000000000000E+000  0.000000000000000E+000
         306  0.000000000000000E+000  0.000000000000000E+000
         307  0.000000000000000E+000  0.000000000000000E+000
         308  0.000000000000000E+000  0.000000000000000E+000
         309  0.000000000000000E+000  0.000000000000000E+000
         310  0.000000000000000E+000  0.000000000000000E+000
         311  0.000000000000000E+000  0.000000000000000E+000
         312  0.000000000000000E+000  0.000000000000000E+000
         313  0.000000000000000E+000  0.000000000000000E+000
         314  0.000000000000000E+000  0.000000000000000E+000
         315  0.000000000000000E+000  0.000000000000000E+000
         316  0.000000000000000E+000  0.000000000000000E+000
         317  0.000000000000000E+000  0.000000000000000E+000
         318  0.000000000000000E+000  0.000000000000000E+000
         319  0.000000000000000E+000  0.000000000000000E+000
         320  0.000000000000000E+000  0.000000000000000E+000
         321  0.000000000000000E+000  0.000000000000000E+000
         322  0.000000000000000E+000  0.000000000000000E+000
         323  0.000000000000000E+000  0.000000000000000E+000
         324  0.000000000000000E+000  0.000000000000000E+000
         325  0.000000000000000E+000  0.000000000000000E+000
         326  0.000000000000000E+000  0.000000000000000E+000
         327  0.000000000000000E+000  0.000000000000000E+000
         328  0.000000000000000E+000  0.000000000000000E+000
         329  0.000000000000000E+000  0.000000000000000E+000
         330  0.000000000000000E+000  0.000000000000000E+000
         331  0.000000000000000E+000  0.000000000000000E+000
         332  0.000000000000000E+000  0.000000000000000E+000
         333  0.000000000000000E+000  0.000000000000000E+000
         334  0.000000000000000E+000  0.000000000000000E+000
         335  0.000000000000000E+000  0.000000000000000E+000
         336  0.000000000000000E+000  0.000000000000000E+000
         337  0.000000000000000E+000  0.000000000000000E+000
         338  0.000000000000000E+000  0.000000000000000E+000
         339  0.000000000000000E+000  0.000000000000000E+000
         340  0.000000000000000E+000  0.000000000000000E+000
         341  0.000000000000000E+000  0.000000000000000E+000
         342  0.000000000000000E+000  0.000000000000000E+000
         343  0.000000000000000E+000  0.000000000000000E+000
         344  0.000000000000000E+000  0.000000000000000E+000
         345  0.000000000000000E+000  0.000000000000000E+000
         346  0.000000000000000E+000  0.000000000000000E+000
         347  0.000000000000000E+000  0.000000000000000E+000
         348  0.000000000000000E+000  0.000000000000000E+000
         349  0.000000000000000E+000  0.000000000000000E+000
         350  0.000000000000000E+000  0.000000000000000E+000
         351  0.000000000000000E+000  0.000000000000000E+000
         352  0.000000000000000E+000  0.000000000000000E+000
         353  0.000000000000000E+000  0.000000000000000E+000
         354  0.000000000000000E+000  0.000000000000000E+000
         355  0.000000000000000E+000  0.000000000000000E+000
         356  0.000000000000000E+000  0.000000000000000E+000
         357  0.000000000000000E+000  0.000000000000000E+000
         358  0.000000000000000E+000  0.000000000000000E+000
         359  0.000000000000000E+000  0.000000000000000E+000
         360  0.000000000000000E+000  0.000000000000000E+000
         361  0.000000000000000E+000  0.000000000000000E+000
         362  0.000000000000000E+000  0.000000000000000E+000
         363  0.000000000000000E+000  0.000000000000000E+000
         364  0.000000000000000E+000  0.000000000000000E+000
         365  0.000000000000000E+000  0.000000000000000E+000
         366  0.000000000000000E+000  0.000000000000000E+000
         367  0.000000000000000E+000  0.000000000000000E+000
         368  0.000000000000000E+000  0.000000000000000E+000
         369  0.000000000000000E+000  0.000000000000000E+000
         370  0.000000000000000E+000  0.000000000000000E+000
         371  0.000000000000000E+000  0.000000000000000E+000
         372  0.000000000000000E+000  0.000000000000000E+000
         373  0.000000000000000E+000  0.000000000000000E+000
         374  0.000000000000000E+000  0.000000000000000E+000
         375  0.000000000000000E+000  0.000000000000000E+000
         376  0.000000000000000E+000  0.000000000000000E+000
         377  0.000000000000000E+000  0.000000000000000E+000
         378  0.000000000000000E+000  0.000000000000000E+000
         379  0.000000000000000E+000  0.000000000000000E+000
         380  0.000000000000000E+000  0.000000000000000E+000
         381  0.000000000000000E+000  0.000000000000000E+000
         382  0.000000000000000E+000  0.000000000000000E+000
         383  0.000000000000000E+000  0.000000000000000E+000
         384  0.000000000000000E+000  0.000000000000000E+000
         385  0.000000000000000E+000  0.000000000000000E+000
         386  0.000000000000000E+000  0.000000000000000E+000
         387  0.000000000000000E+000  0.000000000000000E+000
         388  0.000000000000000E+000  0.000000000000000E+000
         389  0.000000000000000E+000  0.000000000000000E+000
         390  0.000000000000000E+000  0.000000000000000E+000
         391  0.000000000000000E+000  0.000000000000000E+000
         392  0.000000000000000E+000  0.000000000000000E+000
         393  0.000000000000000E+000  0.000000000000000E+000
         394  0.000000000000000E+000  0.000000000000000E+000
         395  0.000000000000000E+000  0.000000000000000E+000
         396  0.000000000000000E+000  0.000000000000000E+000
         397  0.000000000000000E+000  0.000000000000000E+000
         398  0.000000000000000E+000  0.000000000000000E+000
         399  0.000000000000000E+000  0.000000000000000E+000
         400  0.000000000000000E+000  0.000000000000000E+000
         401  0.000000000000000E+000  0.000000000000000E+000
         402  0.000000000000000E+000  0.000000000000000E+000
         403  0.000000000000000E+000  0.000000000000000E+000
         404  0.000000000000000E+000  0.000000000000000E+000
         405  0.000000000000000E+000  0.000000000000000E+000
         406  0.000000000000000E+000  0.000000000000000E+000
         407  0.000000000000000E+000  0.000000000000000E+000
         408  0.000000000000000E+000  0.000000000000000E+000
         409  0.000000000000000E+000  0.000000000000000E+000
         410  0.000000000000000E+000  0.000000000000000E+000
         411  0.000000000000000E+000  0.000000000000000E+000
         412  0.000000000000000E+000  0.000000000000000E+000
         413  0.000000000000000E+000  0.000000000000000E+000
         414  0.000000000000000E+000  0.000000000000000E+000
         415  0.000000000000000E+000  0.000000000000000E+000
         416  0.000000000000000E+000  0.000000000000000E+000
         417  0.000000000000000E+000  0.000000000000000E+000
         418  0.000000000000000E+000  0.000000000000000E+000
         419  0.000000000000000E+000  0.000000000000000E+000
         420  0.000000000000000E+000  0.000000000000000E+000
         421  0.000000000000000E+000  0.000000000000000E+000
         422  0.000000000000000E+000  0.000000000000000E+000
         423  0.000000000000000E+000  0.000000000000000E+000
         424  0.000000000000000E+000  0.000000000000000E+000
         425  0.000000000000000E+000  0.000000000000000E+000
         426  0.000000000000000E+000  0.000000000000000E+000
         427  0.000000000000000E+000  0.000000000000000E+000
         428  0.000000000000000E+000  0.000000000000000E+000
         429  0.000000000000000E+000  0.000000000000000E+000
         430  0.000000000000000E+000  0.000000000000000E+000
         431  0.000000000000000E+000  0.000000000000000E+000
         432  0.000000000000000E+000  0.000000000000000E+000
         433  0.000000000000000E+000  0.000000000000000E+000
         434  0.000000000000000E+000  0.000000000000000E+000
         435  0.000000000000000E+000  0.000000000000000E+000
         436  0.000000000000000E+000  0.000000000000000E+000
         437  0.000000000000000E+000  0.000000000000000E+000
         438  0.000000000000000E+000  0.000000000000000E+000
         439  0.000000000000000E+000  0.000000000000000E+000
         440  0.000000000000000E+000  0.000000000000000E+000
         441  0.000000000000000E+000  0.000000000000000E+000
         442  0.000000000000000E+000  0.000000000000000E+000
         443  0.000000000000000E+000  0.000000000000000E+000
         444  0.000000000000000E+000  0.000000000000000E+000
