           0  0.000000000000000E+000  0.000000000000000E+000
           1  0.650060674535498        1.00609444978616     
           2  0.627327878013410        2.92497830853252     
           3  0.244968827075177        2.38062775226120     
           4  0.225030005544367        3.49820504620599     
           5  0.157062963369603        4.05433759445648     
           6  0.119887963292578        4.45102898402650     
           7  9.608758161759748E-002   4.76513931511476     
           8  7.821934897999440E-002   5.01462135823120     
           9  7.980885987403616E-002   6.46893300776861     
          10  5.774742647411203E-002   5.86405124679871     
          11  5.521126913657907E-002   6.71065980983211     
          12  4.778408586617444E-002   6.88635572711846     
          13  4.424917795795257E-002   7.52105929810769     
          14  3.864249697382249E-002   7.61563041700417     
          15  2.973587142560035E-002   6.70697907929984     
          16  3.385033863916709E-002   8.64528634113828     
          17  2.779168545998102E-002   8.02886429811015     
          18  2.606332881883335E-002   8.47767791916313     
          19  2.338007224111524E-002   8.46462974191531     
          20  2.086998740885855E-002   8.34339631328148     
          21  1.966329324118835E-002   8.68670404798169     
          22  1.778454039285285E-002   8.63204520941262     
          23  1.642822072723050E-002   8.69533619925526     
          24  1.497310668308036E-002   8.63420928672094     
          25  1.423383835546487E-002   8.89719915182419     
          26  1.266388754137411E-002   8.56784925392173     
          27  1.140014021102729E-002   8.32497641243572     
          28  1.094114317672561E-002   8.59154111643407     
          29  1.035640680672757E-002   8.71777641044900     
          30  9.212759078492365E-003   8.30144965291601     
          31  8.334724471083660E-003   8.01596181608232     
          32  7.654140322365440E-003   7.83935710890822     
          33  7.380285385611573E-003   8.03655884977593     
          34  6.823958300376761E-003   7.89300137963870     
          35  6.076946522900697E-003   7.44799380594055     
          36  5.767928025960736E-003   7.47930249502368     
          37  5.263655258657070E-003   7.20934809168197     
          38  4.974159898465401E-003   7.18961537002704     
          39  4.342747864972345E-003   6.60784783319528     
          40  4.267319438067187E-003   6.82528583470481     
          41  3.985178000605530E-003   6.69799117028431     
          42  3.659849398826152E-003   6.45731332442669     
          43  3.365929521663478E-003   6.22760188993298     
          44  3.107851548855322E-003   6.01964996640613     
          45  2.859518927718633E-003   5.79181722655144     
          46  2.647634189778265E-003   5.60598083289209     
          47  2.465749310924953E-003   5.44604317132221     
          48  2.269748827442766E-003   5.22746248199484     
          49  2.143777624424116E-003   5.14767077916762     
          50  1.929391052027546E-003   4.82549594461477     
          51  1.799253656657044E-003   4.68115934857003     
          52  1.655181091186490E-003   4.47665486717325     
          53  1.575366521642399E-003   4.42723767565507     
          54  1.440891104468231E-003   4.20356763869721     
          55  1.333925453883205E-003   4.03524090665348     
          56  1.211975326276074E-003   3.79992446103860     
          57  1.118545310948213E-003   3.63379069856084     
          58  1.044109486715731E-003   3.51324868063252     
          59  9.700674394290930E-004   3.37677091294899     
          60  8.994305598582581E-004   3.23806981448325     
          61  8.246567689652668E-004   3.06891620694801     
          62  7.716689994802715E-004   2.96676334760264     
          63  6.997168726341516E-004   2.77674574891804     
          64  6.513252709963133E-004   2.66698510432474     
          65  6.256195573692740E-004   2.64384479807055     
          66  5.560724108580701E-004   2.42275902783956     
          67  5.259700757902560E-004   2.36156478680036     
          68  4.771823996561352E-004   2.20681744525139     
          69  4.532807682951288E-004   2.15833211059794     
          70  4.118146484974871E-004   2.01850877591678     
          71  3.798727801932396E-004   1.91492057196016     
          72  3.533557686739766E-004   1.83155542186082     
          73  3.256764116458753E-004   1.73549011529588     
          74  3.096264100558177E-004   1.69553194739485     
          75  2.715237900214966E-004   1.52769180765192     
          76  2.598347714238129E-004   1.50066164318897     
          77  2.378657264579742E-004   1.41041050952381     
          78  2.152671921050275E-004   1.30970952040995     
          79  2.008995216093314E-004   1.25355052779534     
          80  1.881774591204421E-004   1.20412855009278     
          81  1.753625933939640E-004   1.15041571244087     
          82  1.603277430733242E-004   1.07800859951477     
          83  1.470973676855608E-004   1.01347577399008     
          84  1.357586069829209E-004  0.957878908505763     
          85  1.260926526896264E-004  0.910894956617527     
          86  1.168208525350437E-004  0.864063251552262     
          87  1.062227698518615E-004  0.804117923998782     
          88  9.935622994135666E-005  0.769401948844020     
          89  9.047409952738064E-005  0.716587658414771     
          90  8.513465989312463E-005  0.689626551786084     
          91  7.736632598397516E-005  0.640739153749550     
          92  7.183206990050746E-005  0.608019451566830     
          93  6.600732538654581E-005  0.570959480941522     
          94  6.100123514770776E-005  0.539027883009009     
          95  5.635285040925374E-005  0.508517112029376     
          96  5.315354027040592E-005  0.489747725530383     
          97  4.834739393940492E-005  0.454790544095910     
          98  4.444081198044776E-005  0.426825085561597     
          99  4.035651168586673E-005  0.395571905161883     
         100  3.744319149683256E-005  0.374420411132194     
         101  3.452914906429652E-005  0.352214644707794     
         102  3.189727726244749E-005  0.331872731873225     
         103  2.961545979640498E-005  0.314195466881280     
         104  2.652569230430470E-005  0.286877275924160     
         105  2.552606717341154E-005  0.281417677347081     
         106  2.273686256495549E-005  0.255483652227986     
         107  2.102736867618794E-005  0.240739987932426     
         108  1.958278280881026E-005  0.228394306379036     
         109  1.814510336528692E-005  0.215572095113742     
         110  1.659415265654676E-005  0.200795795172469     
         111  1.522465375188980E-005  0.187571296359079     
         112  1.406012600692235E-005  0.176351609877067     
         113  1.283502675231238E-005  0.163880314331779     
         114  1.190803544349731E-005  0.154754575499007     
         115  1.086761546562794E-005  0.143717352182819     
         116  1.002893942920565E-005  0.134937102027086     
         117  9.346379133459009E-006  0.127940576860984     
         118  8.466609110144579E-006  0.117892028618176     
         119  7.772521247975925E-006  0.110059113494452     
         120  7.284180485427670E-006  0.104882607714171     
         121  6.587215914580582E-006  9.643905758965962E-002
         122  6.104606595019363E-006  9.085952391748275E-002
         123  5.626213860402984E-006  8.511689928957229E-002
         124  5.148496181642903E-006  7.916194405998710E-002
         125  4.816743487053907E-006  7.526412229133063E-002
         126  4.349403996054872E-006  6.905615171694708E-002
         127  4.015274940296065E-006  6.475951216966662E-002
         128  3.680756721329909E-006  6.029846421055780E-002
         129  3.425446461145394E-006  5.700003594118879E-002
         130  3.126477594699918E-006  5.283695062134360E-002
         131  2.834738650101438E-006  4.864474117392979E-002
         132  2.656126015361461E-006  4.627573997607819E-002
         133  2.404521855015766E-006  4.253376288613823E-002
         134  2.254061244551197E-006  4.047377390951958E-002
         135  2.030740440404322E-006  3.700964071697666E-002
         136  1.889883927447348E-006  3.495193673663406E-002
         137  1.740076953578038E-006  3.265884116838501E-002
         138  1.598433128341558E-006  3.044190118647001E-002
         139  1.452904922246949E-006  2.807004486085252E-002
         140  1.354699013475305E-006  2.655060913745042E-002
         141  1.241266598301247E-006  2.467645965202736E-002
         142  1.145507044753184E-006  2.309659558110562E-002
         143  1.036445030175601E-006  2.119300972793041E-002
         144  9.673889344705951E-007  2.005768146774453E-002
         145  8.987329878851835E-007  1.889321481534896E-002
         146  8.187653263422988E-007  1.745191589438673E-002
         147  7.475569111055214E-007  1.615335895744952E-002
         148  6.968595015892094E-007  1.526367458036452E-002
         149  6.435750906730933E-007  1.428803139488031E-002
         150  5.896895184216005E-007  1.326841777512788E-002
         151  5.335646904251565E-007  1.216591483425174E-002
         152  5.060113239331210E-007  1.169010191525392E-002
         153  4.665686859075056E-007  1.092129581873222E-002
         154  4.310938015508490E-007  1.022356717796621E-002
         155  3.950373818711392E-007  9.490678359771814E-003
         156  3.646998869420173E-007  8.875201231143002E-003
         157  3.414420198755538E-007  8.415704313605664E-003
         158  3.178386555061560E-007  7.934307815264736E-003
         159  2.928266533986942E-007  7.402381479319509E-003
         160  2.751445195700233E-007  7.043209816265106E-003
         161  2.552030600921270E-007  6.614913799118978E-003
         162  2.373317047604708E-007  6.228617615254397E-003
         163  2.224717571385485E-007  5.910884042518611E-003
         164  2.100490466305346E-007  5.649340685942823E-003
         165  1.994975252547092E-007  5.431371768042858E-003
         166  1.864890523774552E-007  5.139029903654824E-003
         167  1.796766791932468E-007  5.010848260884816E-003
         168  1.709039202335607E-007  4.823492476740503E-003
         169  1.679850057701376E-007  4.797741163324217E-003
         170  1.699164002969643E-007  4.910969349987580E-003
         171  2.809138840111470E-008  8.174551316480169E-004
         172  0.000000000000000E+000  0.000000000000000E+000
         173  0.000000000000000E+000  0.000000000000000E+000
         174  0.000000000000000E+000  0.000000000000000E+000
         175  0.000000000000000E+000  0.000000000000000E+000
         176  0.000000000000000E+000  0.000000000000000E+000
         177  0.000000000000000E+000  0.000000000000000E+000
         178  0.000000000000000E+000  0.000000000000000E+000
         179  0.000000000000000E+000  0.000000000000000E+000
         180  0.000000000000000E+000  0.000000000000000E+000
         181  0.000000000000000E+000  0.000000000000000E+000
         182  0.000000000000000E+000  0.000000000000000E+000
         183  0.000000000000000E+000  0.000000000000000E+000
         184  0.000000000000000E+000  0.000000000000000E+000
         185  0.000000000000000E+000  0.000000000000000E+000
         186  0.000000000000000E+000  0.000000000000000E+000
         187  0.000000000000000E+000  0.000000000000000E+000
         188  0.000000000000000E+000  0.000000000000000E+000
         189  0.000000000000000E+000  0.000000000000000E+000
         190  0.000000000000000E+000  0.000000000000000E+000
         191  0.000000000000000E+000  0.000000000000000E+000
         192  0.000000000000000E+000  0.000000000000000E+000
         193  0.000000000000000E+000  0.000000000000000E+000
         194  0.000000000000000E+000  0.000000000000000E+000
         195  0.000000000000000E+000  0.000000000000000E+000
         196  0.000000000000000E+000  0.000000000000000E+000
         197  0.000000000000000E+000  0.000000000000000E+000
         198  0.000000000000000E+000  0.000000000000000E+000
         199  0.000000000000000E+000  0.000000000000000E+000
         200  0.000000000000000E+000  0.000000000000000E+000
         201  0.000000000000000E+000  0.000000000000000E+000
         202  0.000000000000000E+000  0.000000000000000E+000
         203  0.000000000000000E+000  0.000000000000000E+000
         204  0.000000000000000E+000  0.000000000000000E+000
         205  0.000000000000000E+000  0.000000000000000E+000
         206  0.000000000000000E+000  0.000000000000000E+000
         207  0.000000000000000E+000  0.000000000000000E+000
         208  0.000000000000000E+000  0.000000000000000E+000
         209  0.000000000000000E+000  0.000000000000000E+000
         210  0.000000000000000E+000  0.000000000000000E+000
         211  0.000000000000000E+000  0.000000000000000E+000
         212  0.000000000000000E+000  0.000000000000000E+000
         213  0.000000000000000E+000  0.000000000000000E+000
         214  0.000000000000000E+000  0.000000000000000E+000
         215  0.000000000000000E+000  0.000000000000000E+000
         216  0.000000000000000E+000  0.000000000000000E+000
         217  0.000000000000000E+000  0.000000000000000E+000
         218  0.000000000000000E+000  0.000000000000000E+000
         219  0.000000000000000E+000  0.000000000000000E+000
         220  0.000000000000000E+000  0.000000000000000E+000
         221  0.000000000000000E+000  0.000000000000000E+000
         222  0.000000000000000E+000  0.000000000000000E+000
         223  0.000000000000000E+000  0.000000000000000E+000
         224  0.000000000000000E+000  0.000000000000000E+000
         225  0.000000000000000E+000  0.000000000000000E+000
         226  0.000000000000000E+000  0.000000000000000E+000
         227  0.000000000000000E+000  0.000000000000000E+000
         228  0.000000000000000E+000  0.000000000000000E+000
         229  0.000000000000000E+000  0.000000000000000E+000
         230  0.000000000000000E+000  0.000000000000000E+000
         231  0.000000000000000E+000  0.000000000000000E+000
         232  0.000000000000000E+000  0.000000000000000E+000
         233  0.000000000000000E+000  0.000000000000000E+000
         234  0.000000000000000E+000  0.000000000000000E+000
         235  0.000000000000000E+000  0.000000000000000E+000
         236  0.000000000000000E+000  0.000000000000000E+000
         237  0.000000000000000E+000  0.000000000000000E+000
         238  0.000000000000000E+000  0.000000000000000E+000
         239  0.000000000000000E+000  0.000000000000000E+000
         240  0.000000000000000E+000  0.000000000000000E+000
         241  0.000000000000000E+000  0.000000000000000E+000
         242  0.000000000000000E+000  0.000000000000000E+000
         243  0.000000000000000E+000  0.000000000000000E+000
         244  0.000000000000000E+000  0.000000000000000E+000
         245  0.000000000000000E+000  0.000000000000000E+000
         246  0.000000000000000E+000  0.000000000000000E+000
         247  0.000000000000000E+000  0.000000000000000E+000
         248  0.000000000000000E+000  0.000000000000000E+000
         249  0.000000000000000E+000  0.000000000000000E+000
         250  0.000000000000000E+000  0.000000000000000E+000
         251  0.000000000000000E+000  0.000000000000000E+000
         252  0.000000000000000E+000  0.000000000000000E+000
         253  0.000000000000000E+000  0.000000000000000E+000
         254  0.000000000000000E+000  0.000000000000000E+000
         255  0.000000000000000E+000  0.000000000000000E+000
         256  0.000000000000000E+000  0.000000000000000E+000
         257  0.000000000000000E+000  0.000000000000000E+000
         258  0.000000000000000E+000  0.000000000000000E+000
         259  0.000000000000000E+000  0.000000000000000E+000
         260  0.000000000000000E+000  0.000000000000000E+000
         261  0.000000000000000E+000  0.000000000000000E+000
         262  0.000000000000000E+000  0.000000000000000E+000
         263  0.000000000000000E+000  0.000000000000000E+000
         264  0.000000000000000E+000  0.000000000000000E+000
         265  0.000000000000000E+000  0.000000000000000E+000
         266  0.000000000000000E+000  0.000000000000000E+000
         267  0.000000000000000E+000  0.000000000000000E+000
         268  0.000000000000000E+000  0.000000000000000E+000
         269  0.000000000000000E+000  0.000000000000000E+000
         270  0.000000000000000E+000  0.000000000000000E+000
         271  0.000000000000000E+000  0.000000000000000E+000
         272  0.000000000000000E+000  0.000000000000000E+000
         273  0.000000000000000E+000  0.000000000000000E+000
         274  0.000000000000000E+000  0.000000000000000E+000
         275  0.000000000000000E+000  0.000000000000000E+000
         276  0.000000000000000E+000  0.000000000000000E+000
         277  0.000000000000000E+000  0.000000000000000E+000
         278  0.000000000000000E+000  0.000000000000000E+000
         279  0.000000000000000E+000  0.000000000000000E+000
         280  0.000000000000000E+000  0.000000000000000E+000
         281  0.000000000000000E+000  0.000000000000000E+000
         282  0.000000000000000E+000  0.000000000000000E+000
         283  0.000000000000000E+000  0.000000000000000E+000
         284  0.000000000000000E+000  0.000000000000000E+000
         285  0.000000000000000E+000  0.000000000000000E+000
         286  0.000000000000000E+000  0.000000000000000E+000
         287  0.000000000000000E+000  0.000000000000000E+000
         288  0.000000000000000E+000  0.000000000000000E+000
         289  0.000000000000000E+000  0.000000000000000E+000
         290  0.000000000000000E+000  0.000000000000000E+000
         291  0.000000000000000E+000  0.000000000000000E+000
         292  0.000000000000000E+000  0.000000000000000E+000
         293  0.000000000000000E+000  0.000000000000000E+000
         294  0.000000000000000E+000  0.000000000000000E+000
         295  0.000000000000000E+000  0.000000000000000E+000
         296  0.000000000000000E+000  0.000000000000000E+000
         297  0.000000000000000E+000  0.000000000000000E+000
         298  0.000000000000000E+000  0.000000000000000E+000
         299  0.000000000000000E+000  0.000000000000000E+000
         300  0.000000000000000E+000  0.000000000000000E+000
         301  0.000000000000000E+000  0.000000000000000E+000
         302  0.000000000000000E+000  0.000000000000000E+000
         303  0.000000000000000E+000  0.000000000000000E+000
         304  0.000000000000000E+000  0.000000000000000E+000
         305  0.000000000000000E+000  0.000000000000000E+000
         306  0.000000000000000E+000  0.000000000000000E+000
         307  0.000000000000000E+000  0.000000000000000E+000
         308  0.000000000000000E+000  0.000000000000000E+000
         309  0.000000000000000E+000  0.000000000000000E+000
         310  0.000000000000000E+000  0.000000000000000E+000
         311  0.000000000000000E+000  0.000000000000000E+000
         312  0.000000000000000E+000  0.000000000000000E+000
         313  0.000000000000000E+000  0.000000000000000E+000
         314  0.000000000000000E+000  0.000000000000000E+000
         315  0.000000000000000E+000  0.000000000000000E+000
         316  0.000000000000000E+000  0.000000000000000E+000
         317  0.000000000000000E+000  0.000000000000000E+000
         318  0.000000000000000E+000  0.000000000000000E+000
         319  0.000000000000000E+000  0.000000000000000E+000
         320  0.000000000000000E+000  0.000000000000000E+000
         321  0.000000000000000E+000  0.000000000000000E+000
         322  0.000000000000000E+000  0.000000000000000E+000
         323  0.000000000000000E+000  0.000000000000000E+000
         324  0.000000000000000E+000  0.000000000000000E+000
         325  0.000000000000000E+000  0.000000000000000E+000
         326  0.000000000000000E+000  0.000000000000000E+000
         327  0.000000000000000E+000  0.000000000000000E+000
         328  0.000000000000000E+000  0.000000000000000E+000
         329  0.000000000000000E+000  0.000000000000000E+000
         330  0.000000000000000E+000  0.000000000000000E+000
         331  0.000000000000000E+000  0.000000000000000E+000
         332  0.000000000000000E+000  0.000000000000000E+000
         333  0.000000000000000E+000  0.000000000000000E+000
         334  0.000000000000000E+000  0.000000000000000E+000
         335  0.000000000000000E+000  0.000000000000000E+000
         336  0.000000000000000E+000  0.000000000000000E+000
         337  0.000000000000000E+000  0.000000000000000E+000
         338  0.000000000000000E+000  0.000000000000000E+000
         339  0.000000000000000E+000  0.000000000000000E+000
         340  0.000000000000000E+000  0.000000000000000E+000
         341  0.000000000000000E+000  0.000000000000000E+000
         342  0.000000000000000E+000  0.000000000000000E+000
         343  0.000000000000000E+000  0.000000000000000E+000
         344  0.000000000000000E+000  0.000000000000000E+000
         345  0.000000000000000E+000  0.000000000000000E+000
         346  0.000000000000000E+000  0.000000000000000E+000
         347  0.000000000000000E+000  0.000000000000000E+000
         348  0.000000000000000E+000  0.000000000000000E+000
         349  0.000000000000000E+000  0.000000000000000E+000
         350  0.000000000000000E+000  0.000000000000000E+000
         351  0.000000000000000E+000  0.000000000000000E+000
         352  0.000000000000000E+000  0.000000000000000E+000
         353  0.000000000000000E+000  0.000000000000000E+000
         354  0.000000000000000E+000  0.000000000000000E+000
         355  0.000000000000000E+000  0.000000000000000E+000
         356  0.000000000000000E+000  0.000000000000000E+000
         357  0.000000000000000E+000  0.000000000000000E+000
         358  0.000000000000000E+000  0.000000000000000E+000
         359  0.000000000000000E+000  0.000000000000000E+000
         360  0.000000000000000E+000  0.000000000000000E+000
         361  0.000000000000000E+000  0.000000000000000E+000
         362  0.000000000000000E+000  0.000000000000000E+000
         363  0.000000000000000E+000  0.000000000000000E+000
         364  0.000000000000000E+000  0.000000000000000E+000
         365  0.000000000000000E+000  0.000000000000000E+000
         366  0.000000000000000E+000  0.000000000000000E+000
         367  0.000000000000000E+000  0.000000000000000E+000
         368  0.000000000000000E+000  0.000000000000000E+000
         369  0.000000000000000E+000  0.000000000000000E+000
         370  0.000000000000000E+000  0.000000000000000E+000
         371  0.000000000000000E+000  0.000000000000000E+000
         372  0.000000000000000E+000  0.000000000000000E+000
         373  0.000000000000000E+000  0.000000000000000E+000
         374  0.000000000000000E+000  0.000000000000000E+000
         375  0.000000000000000E+000  0.000000000000000E+000
         376  0.000000000000000E+000  0.000000000000000E+000
         377  0.000000000000000E+000  0.000000000000000E+000
         378  0.000000000000000E+000  0.000000000000000E+000
         379  0.000000000000000E+000  0.000000000000000E+000
         380  0.000000000000000E+000  0.000000000000000E+000
         381  0.000000000000000E+000  0.000000000000000E+000
         382  0.000000000000000E+000  0.000000000000000E+000
         383  0.000000000000000E+000  0.000000000000000E+000
         384  0.000000000000000E+000  0.000000000000000E+000
         385  0.000000000000000E+000  0.000000000000000E+000
         386  0.000000000000000E+000  0.000000000000000E+000
         387  0.000000000000000E+000  0.000000000000000E+000
         388  0.000000000000000E+000  0.000000000000000E+000
         389  0.000000000000000E+000  0.000000000000000E+000
         390  0.000000000000000E+000  0.000000000000000E+000
         391  0.000000000000000E+000  0.000000000000000E+000
         392  0.000000000000000E+000  0.000000000000000E+000
         393  0.000000000000000E+000  0.000000000000000E+000
         394  0.000000000000000E+000  0.000000000000000E+000
         395  0.000000000000000E+000  0.000000000000000E+000
         396  0.000000000000000E+000  0.000000000000000E+000
         397  0.000000000000000E+000  0.000000000000000E+000
         398  0.000000000000000E+000  0.000000000000000E+000
         399  0.000000000000000E+000  0.000000000000000E+000
         400  0.000000000000000E+000  0.000000000000000E+000
         401  0.000000000000000E+000  0.000000000000000E+000
         402  0.000000000000000E+000  0.000000000000000E+000
         403  0.000000000000000E+000  0.000000000000000E+000
         404  0.000000000000000E+000  0.000000000000000E+000
         405  0.000000000000000E+000  0.000000000000000E+000
         406  0.000000000000000E+000  0.000000000000000E+000
         407  0.000000000000000E+000  0.000000000000000E+000
         408  0.000000000000000E+000  0.000000000000000E+000
         409  0.000000000000000E+000  0.000000000000000E+000
         410  0.000000000000000E+000  0.000000000000000E+000
         411  0.000000000000000E+000  0.000000000000000E+000
         412  0.000000000000000E+000  0.000000000000000E+000
         413  0.000000000000000E+000  0.000000000000000E+000
         414  0.000000000000000E+000  0.000000000000000E+000
         415  0.000000000000000E+000  0.000000000000000E+000
         416  0.000000000000000E+000  0.000000000000000E+000
         417  0.000000000000000E+000  0.000000000000000E+000
         418  0.000000000000000E+000  0.000000000000000E+000
         419  0.000000000000000E+000  0.000000000000000E+000
         420  0.000000000000000E+000  0.000000000000000E+000
         421  0.000000000000000E+000  0.000000000000000E+000
         422  0.000000000000000E+000  0.000000000000000E+000
         423  0.000000000000000E+000  0.000000000000000E+000
         424  0.000000000000000E+000  0.000000000000000E+000
         425  0.000000000000000E+000  0.000000000000000E+000
         426  0.000000000000000E+000  0.000000000000000E+000
         427  0.000000000000000E+000  0.000000000000000E+000
         428  0.000000000000000E+000  0.000000000000000E+000
         429  0.000000000000000E+000  0.000000000000000E+000
         430  0.000000000000000E+000  0.000000000000000E+000
         431  0.000000000000000E+000  0.000000000000000E+000
         432  0.000000000000000E+000  0.000000000000000E+000
         433  0.000000000000000E+000  0.000000000000000E+000
         434  0.000000000000000E+000  0.000000000000000E+000
         435  0.000000000000000E+000  0.000000000000000E+000
         436  0.000000000000000E+000  0.000000000000000E+000
         437  0.000000000000000E+000  0.000000000000000E+000
         438  0.000000000000000E+000  0.000000000000000E+000
         439  0.000000000000000E+000  0.000000000000000E+000
         440  0.000000000000000E+000  0.000000000000000E+000
         441  0.000000000000000E+000  0.000000000000000E+000
         442  0.000000000000000E+000  0.000000000000000E+000
         443  0.000000000000000E+000  0.000000000000000E+000
         444  0.000000000000000E+000  0.000000000000000E+000
