           0  0.000000000000000E+000  0.000000000000000E+000
           1   1.61166679349028        1.69603497389811     
           2  0.446316678139402        2.19137541640261     
           3  0.156876151247002        1.49757962107189     
           4  0.137846445008702        2.21189434461671     
           5  0.116177728916386        2.97009260368903     
           6  7.892386590590100E-002   2.91639568790118     
           7  6.002554478175084E-002   2.95912358559977     
           8  4.732191176964869E-002   3.01187030694330     
           9  5.206880341145856E-002   4.25241826602816     
          10  3.863605434381250E-002   3.91877264415411     
          11  3.225202515959327E-002   3.92440097742189     
          12  2.974181669868650E-002   4.29965788237996     
          13  2.773500120360433E-002   4.70273462811482     
          14  2.461517179262387E-002   4.84642597329570     
          15  2.034966942062681E-002   4.57820446374394     
          16  1.984620772919478E-002   5.06960476664029     
          17  1.842837241685577E-002   5.33416284151178     
          18  1.636347061398588E-002   5.32466073879377     
          19  1.422831914704512E-002   5.14616925207587     
          20  1.364912198898083E-002   5.46324854409522     
          21  1.296297574850441E-002   5.72368682280401     
          22  1.145665553468745E-002   5.55613464776822     
          23  1.063935315659597E-002   5.62983065758790     
          24  9.911602554775930E-003   5.70725034819384     
          25  9.109052344063796E-003   5.69398922618979     
          26  8.599337384088208E-003   5.82031512247768     
          27  7.715039698094609E-003   5.63112316372778     
          28  7.323271217432383E-003   5.74591379072315     
          29  6.686001667137297E-003   5.63123947494408     
          30  6.297464024881723E-003   5.67455882286886     
          31  5.958609303281417E-003   5.73159121709872     
          32  5.429794573758758E-003   5.56187254643882     
          33  5.216296894039770E-003   5.68084926729564     
          34  4.884289161965378E-003   5.64860573910436     
          35  4.483964155967684E-003   5.49683770094124     
          36  4.243488796379609E-003   5.50060389820922     
          37  4.058927788382440E-003   5.56057803578787     
          38  3.718023074811937E-003   5.37156078414506     
          39  3.416285814902041E-003   5.19701238477325     
          40  3.258089427448026E-003   5.21309954214574     
          41  3.117914093932671E-003   5.24340554097180     
          42  2.842495868082487E-003   5.01660760448020     
          43  2.717278747434915E-003   5.02752388945109     
          44  2.527028029337724E-003   4.89423013943374     
          45  2.449927149083936E-003   4.96442404652017     
          46  2.207946143616532E-003   4.67484342254872     
          47  2.117569488551124E-003   4.67779017694688     
          48  1.987313475563812E-003   4.57767090459831     
          49  1.916899126582284E-003   4.60325544295253     
          50  1.781550275241784E-003   4.45596717380683     
          51  1.644084373818672E-003   4.27750458273155     
          52  1.581041592259001E-003   4.27585731772734     
          53  1.503602346720689E-003   4.22480428449500     
          54  1.398319904251070E-003   4.07942695557831     
          55  1.315779984333926E-003   3.98027144611034     
          56  1.261540143070739E-003   3.95567734484936     
          57  1.218953645506532E-003   3.96072304843766     
          58  1.106505510446752E-003   3.72293090904641     
          59  1.060093036685712E-003   3.69048953619944     
          60  1.017927629905581E-003   3.66492881806465     
          61  9.448734165709467E-004   3.51656840015114     
          62  9.015413510017665E-004   3.46650566334811     
          63  8.317903671010159E-004   3.30130362268149     
          64  8.042492359187125E-004   3.29344398090336     
          65  7.690366207424940E-004   3.24926490518564     
          66  7.157464535966794E-004   3.11829154260975     
          67  6.835039268893682E-004   3.06889340991595     
          68  6.364270681940733E-004   2.94328215602604     
          69  6.159794979391526E-004   2.93337008437908     
          70  5.747211424353066E-004   2.81677462223020     
          71  5.382283904009457E-004   2.71341870924769     
          72  5.254236588469717E-004   2.72351713707655     
          73  4.891247348046737E-004   2.60670198716833     
          74  4.729031329029810E-004   2.58979870362300     
          75  4.366326446591432E-004   2.45644670600501     
          76  4.206377966427650E-004   2.42985327580065     
          77  4.029600824441751E-004   2.38957264506385     
          78  3.756989696182147E-004   2.28596052487195     
          79  3.612263305704828E-004   2.25442833921416     
          80  3.410358213221805E-004   2.18235481714756     
          81  3.288613920665715E-004   2.15753830304589     
          82  3.099933856041198E-004   2.08457338246469     
          83  2.934525374731890E-004   2.02179852414621     
          84  2.770784859440657E-004   1.95513860897190     
          85  2.672794120376573E-004   1.93113923382223     
          86  2.536101815943592E-004   1.87598064603205     
          87  2.371484870898747E-004   1.79513560467790     
          88  2.288976207584108E-004   1.77261250074512     
          89  2.179951726962052E-004   1.72678590356330     
          90  2.093788175099281E-004   1.69616665185691     
          91  1.955471888513092E-004   1.61960229824059     
          92  1.877243569695526E-004   1.58911648862986     
          93  1.783450140826664E-004   1.54267515363406     
          94  1.695640438697181E-004   1.49835967116332     
          95  1.606973370358402E-004   1.45015162325251     
          96  1.537197295843849E-004   1.41646790811244     
          97  1.462228648405428E-004   1.37570177125821     
          98  1.419494209643519E-004   1.36338183371736     
          99  1.325337060127784E-004   1.29907261319206     
         100  1.275171625925447E-004   1.27522907961367     
         101  1.208510193963125E-004   1.23283186348473     
         102  1.151809488868480E-004   1.19844019356755     
         103  1.097512634428518E-004   1.16448174192595     
         104  1.030369555671113E-004   1.11442232256124     
         105  1.006170870296035E-004   1.10929062287977     
         106  9.467530535729420E-005   1.06388478347228     
         107  9.038890483126676E-005   1.03490475630226     
         108  8.623800412433812E-005   1.00587523208860     
         109  8.348300845389306E-005  0.991890486954617     
         110  7.838752707553557E-005  0.948587560225016     
         111  7.454915400965996E-005  0.918530577634933     
         112  7.162366379183407E-005  0.898394683778575     
         113  6.852287526891334E-005  0.874964229461511     
         114  6.535641922125724E-005  0.849398906237040     
         115  6.196108803465897E-005  0.819451904819078     
         116  5.975747220901975E-005  0.804073715170001     
         117  5.734988241061056E-005  0.785106216803357     
         118  5.412823215780602E-005  0.753732095633752     
         119  5.177493625827674E-005  0.733142653953980     
         120  5.015463975865570E-005  0.722193018557264     
         121  4.735960900014263E-005  0.693388685996845     
         122  4.569426683068994E-005  0.680135319162940     
         123  4.364736348831778E-005  0.660362354566521     
         124  4.154157189873131E-005  0.638741889223939     
         125  4.030511100597654E-005  0.629789964357745     
         126  3.797844754198094E-005  0.602986499465439     
         127  3.643704742964982E-005  0.587693167751804     
         128  3.512853234525130E-005  0.575529947676312     
         129  3.386039224158035E-005  0.563472098398731     
         130  3.235362248440803E-005  0.546809462219077     
         131  3.064790827439263E-005  0.525937802325685     
         132  3.007933593817141E-005  0.524107114293831     
         133  2.839033043489081E-005  0.502216943653350     
         134  2.736546309303570E-005  0.491399983787008     
         135  2.617456578396284E-005  0.477035336805642     
         136  2.531290943979877E-005  0.468173814129622     
         137  2.455370767730157E-005  0.460869862553055     
         138  2.340250913788487E-005  0.445713112790088     
         139  2.251630903745987E-005  0.435042592232621     
         140  2.182094373834360E-005  0.427677287294468     
         141  2.097589349827097E-005  0.417030289905596     
         142  2.040639926903914E-005  0.411488046508017     
         143  1.947664068060646E-005  0.398286346701542     
         144  1.901690124901937E-005  0.394309024697773     
         145  1.850546014993412E-005  0.389056800525641     
         146  1.793547400663810E-005  0.382312006570218     
         147  1.734298062093645E-005  0.374768850255116     
         148  1.681538727843856E-005  0.368331322435211     
         149  1.647371947826692E-005  0.365759979388888     
         150  1.597758881520057E-005  0.359522086187613     
         151  1.557864183527278E-005  0.355230689633366     
         152  1.522839854332047E-005  0.351840640270436     
         153  1.491741142352941E-005  0.349215716303667     
         154  1.481401068280793E-005  0.351350214973350     
         155  1.442414747545084E-005  0.346555483842157     
         156  1.435499611553439E-005  0.349348291199431     
         157  1.422973404772150E-005  0.350767429330383     
         158  1.404402876028532E-005  0.350614243757840     
         159  1.395854372297576E-005  0.352888504080583     
         160  1.404566390023736E-005  0.359567151811696     
         161  1.419672758855935E-005  0.368012999709225     
         162  1.407635918823243E-005  0.369453194361660     
         163  1.444824193199439E-005  0.383907719182431     
         164  1.454667874762228E-005  0.391274300151755     
         165  1.510940948731137E-005  0.411389909596034     
         166  1.547242130829171E-005  0.426393640529184     
         167  1.628734016353891E-005  0.454262498418057     
         168  1.719995035472898E-005  0.485497965579450     
         169  1.868610184615437E-005  0.533751270637183     
         170  2.118629413345371E-005  0.612409805766398     
         171  3.564989200015968E-006  0.103740322871619     
         172  0.000000000000000E+000  0.000000000000000E+000
         173  0.000000000000000E+000  0.000000000000000E+000
         174  0.000000000000000E+000  0.000000000000000E+000
         175  0.000000000000000E+000  0.000000000000000E+000
         176  0.000000000000000E+000  0.000000000000000E+000
         177  0.000000000000000E+000  0.000000000000000E+000
         178  0.000000000000000E+000  0.000000000000000E+000
         179  0.000000000000000E+000  0.000000000000000E+000
         180  0.000000000000000E+000  0.000000000000000E+000
         181  0.000000000000000E+000  0.000000000000000E+000
         182  0.000000000000000E+000  0.000000000000000E+000
         183  0.000000000000000E+000  0.000000000000000E+000
         184  0.000000000000000E+000  0.000000000000000E+000
         185  0.000000000000000E+000  0.000000000000000E+000
         186  0.000000000000000E+000  0.000000000000000E+000
         187  0.000000000000000E+000  0.000000000000000E+000
         188  0.000000000000000E+000  0.000000000000000E+000
         189  0.000000000000000E+000  0.000000000000000E+000
         190  0.000000000000000E+000  0.000000000000000E+000
         191  0.000000000000000E+000  0.000000000000000E+000
         192  0.000000000000000E+000  0.000000000000000E+000
         193  0.000000000000000E+000  0.000000000000000E+000
         194  0.000000000000000E+000  0.000000000000000E+000
         195  0.000000000000000E+000  0.000000000000000E+000
         196  0.000000000000000E+000  0.000000000000000E+000
         197  0.000000000000000E+000  0.000000000000000E+000
         198  0.000000000000000E+000  0.000000000000000E+000
         199  0.000000000000000E+000  0.000000000000000E+000
         200  0.000000000000000E+000  0.000000000000000E+000
         201  0.000000000000000E+000  0.000000000000000E+000
         202  0.000000000000000E+000  0.000000000000000E+000
         203  0.000000000000000E+000  0.000000000000000E+000
         204  0.000000000000000E+000  0.000000000000000E+000
         205  0.000000000000000E+000  0.000000000000000E+000
         206  0.000000000000000E+000  0.000000000000000E+000
         207  0.000000000000000E+000  0.000000000000000E+000
         208  0.000000000000000E+000  0.000000000000000E+000
         209  0.000000000000000E+000  0.000000000000000E+000
         210  0.000000000000000E+000  0.000000000000000E+000
         211  0.000000000000000E+000  0.000000000000000E+000
         212  0.000000000000000E+000  0.000000000000000E+000
         213  0.000000000000000E+000  0.000000000000000E+000
         214  0.000000000000000E+000  0.000000000000000E+000
         215  0.000000000000000E+000  0.000000000000000E+000
         216  0.000000000000000E+000  0.000000000000000E+000
         217  0.000000000000000E+000  0.000000000000000E+000
         218  0.000000000000000E+000  0.000000000000000E+000
         219  0.000000000000000E+000  0.000000000000000E+000
         220  0.000000000000000E+000  0.000000000000000E+000
         221  0.000000000000000E+000  0.000000000000000E+000
         222  0.000000000000000E+000  0.000000000000000E+000
         223  0.000000000000000E+000  0.000000000000000E+000
         224  0.000000000000000E+000  0.000000000000000E+000
         225  0.000000000000000E+000  0.000000000000000E+000
         226  0.000000000000000E+000  0.000000000000000E+000
         227  0.000000000000000E+000  0.000000000000000E+000
         228  0.000000000000000E+000  0.000000000000000E+000
         229  0.000000000000000E+000  0.000000000000000E+000
         230  0.000000000000000E+000  0.000000000000000E+000
         231  0.000000000000000E+000  0.000000000000000E+000
         232  0.000000000000000E+000  0.000000000000000E+000
         233  0.000000000000000E+000  0.000000000000000E+000
         234  0.000000000000000E+000  0.000000000000000E+000
         235  0.000000000000000E+000  0.000000000000000E+000
         236  0.000000000000000E+000  0.000000000000000E+000
         237  0.000000000000000E+000  0.000000000000000E+000
         238  0.000000000000000E+000  0.000000000000000E+000
         239  0.000000000000000E+000  0.000000000000000E+000
         240  0.000000000000000E+000  0.000000000000000E+000
         241  0.000000000000000E+000  0.000000000000000E+000
         242  0.000000000000000E+000  0.000000000000000E+000
         243  0.000000000000000E+000  0.000000000000000E+000
         244  0.000000000000000E+000  0.000000000000000E+000
         245  0.000000000000000E+000  0.000000000000000E+000
         246  0.000000000000000E+000  0.000000000000000E+000
         247  0.000000000000000E+000  0.000000000000000E+000
         248  0.000000000000000E+000  0.000000000000000E+000
         249  0.000000000000000E+000  0.000000000000000E+000
         250  0.000000000000000E+000  0.000000000000000E+000
         251  0.000000000000000E+000  0.000000000000000E+000
         252  0.000000000000000E+000  0.000000000000000E+000
         253  0.000000000000000E+000  0.000000000000000E+000
         254  0.000000000000000E+000  0.000000000000000E+000
         255  0.000000000000000E+000  0.000000000000000E+000
         256  0.000000000000000E+000  0.000000000000000E+000
         257  0.000000000000000E+000  0.000000000000000E+000
         258  0.000000000000000E+000  0.000000000000000E+000
         259  0.000000000000000E+000  0.000000000000000E+000
         260  0.000000000000000E+000  0.000000000000000E+000
         261  0.000000000000000E+000  0.000000000000000E+000
         262  0.000000000000000E+000  0.000000000000000E+000
         263  0.000000000000000E+000  0.000000000000000E+000
         264  0.000000000000000E+000  0.000000000000000E+000
         265  0.000000000000000E+000  0.000000000000000E+000
         266  0.000000000000000E+000  0.000000000000000E+000
         267  0.000000000000000E+000  0.000000000000000E+000
         268  0.000000000000000E+000  0.000000000000000E+000
         269  0.000000000000000E+000  0.000000000000000E+000
         270  0.000000000000000E+000  0.000000000000000E+000
         271  0.000000000000000E+000  0.000000000000000E+000
         272  0.000000000000000E+000  0.000000000000000E+000
         273  0.000000000000000E+000  0.000000000000000E+000
         274  0.000000000000000E+000  0.000000000000000E+000
         275  0.000000000000000E+000  0.000000000000000E+000
         276  0.000000000000000E+000  0.000000000000000E+000
         277  0.000000000000000E+000  0.000000000000000E+000
         278  0.000000000000000E+000  0.000000000000000E+000
         279  0.000000000000000E+000  0.000000000000000E+000
         280  0.000000000000000E+000  0.000000000000000E+000
         281  0.000000000000000E+000  0.000000000000000E+000
         282  0.000000000000000E+000  0.000000000000000E+000
         283  0.000000000000000E+000  0.000000000000000E+000
         284  0.000000000000000E+000  0.000000000000000E+000
         285  0.000000000000000E+000  0.000000000000000E+000
         286  0.000000000000000E+000  0.000000000000000E+000
         287  0.000000000000000E+000  0.000000000000000E+000
         288  0.000000000000000E+000  0.000000000000000E+000
         289  0.000000000000000E+000  0.000000000000000E+000
         290  0.000000000000000E+000  0.000000000000000E+000
         291  0.000000000000000E+000  0.000000000000000E+000
         292  0.000000000000000E+000  0.000000000000000E+000
         293  0.000000000000000E+000  0.000000000000000E+000
         294  0.000000000000000E+000  0.000000000000000E+000
         295  0.000000000000000E+000  0.000000000000000E+000
         296  0.000000000000000E+000  0.000000000000000E+000
         297  0.000000000000000E+000  0.000000000000000E+000
         298  0.000000000000000E+000  0.000000000000000E+000
         299  0.000000000000000E+000  0.000000000000000E+000
         300  0.000000000000000E+000  0.000000000000000E+000
         301  0.000000000000000E+000  0.000000000000000E+000
         302  0.000000000000000E+000  0.000000000000000E+000
         303  0.000000000000000E+000  0.000000000000000E+000
         304  0.000000000000000E+000  0.000000000000000E+000
         305  0.000000000000000E+000  0.000000000000000E+000
         306  0.000000000000000E+000  0.000000000000000E+000
         307  0.000000000000000E+000  0.000000000000000E+000
         308  0.000000000000000E+000  0.000000000000000E+000
         309  0.000000000000000E+000  0.000000000000000E+000
         310  0.000000000000000E+000  0.000000000000000E+000
         311  0.000000000000000E+000  0.000000000000000E+000
         312  0.000000000000000E+000  0.000000000000000E+000
         313  0.000000000000000E+000  0.000000000000000E+000
         314  0.000000000000000E+000  0.000000000000000E+000
         315  0.000000000000000E+000  0.000000000000000E+000
         316  0.000000000000000E+000  0.000000000000000E+000
         317  0.000000000000000E+000  0.000000000000000E+000
         318  0.000000000000000E+000  0.000000000000000E+000
         319  0.000000000000000E+000  0.000000000000000E+000
         320  0.000000000000000E+000  0.000000000000000E+000
         321  0.000000000000000E+000  0.000000000000000E+000
         322  0.000000000000000E+000  0.000000000000000E+000
         323  0.000000000000000E+000  0.000000000000000E+000
         324  0.000000000000000E+000  0.000000000000000E+000
         325  0.000000000000000E+000  0.000000000000000E+000
         326  0.000000000000000E+000  0.000000000000000E+000
         327  0.000000000000000E+000  0.000000000000000E+000
         328  0.000000000000000E+000  0.000000000000000E+000
         329  0.000000000000000E+000  0.000000000000000E+000
         330  0.000000000000000E+000  0.000000000000000E+000
         331  0.000000000000000E+000  0.000000000000000E+000
         332  0.000000000000000E+000  0.000000000000000E+000
         333  0.000000000000000E+000  0.000000000000000E+000
         334  0.000000000000000E+000  0.000000000000000E+000
         335  0.000000000000000E+000  0.000000000000000E+000
         336  0.000000000000000E+000  0.000000000000000E+000
         337  0.000000000000000E+000  0.000000000000000E+000
         338  0.000000000000000E+000  0.000000000000000E+000
         339  0.000000000000000E+000  0.000000000000000E+000
         340  0.000000000000000E+000  0.000000000000000E+000
         341  0.000000000000000E+000  0.000000000000000E+000
         342  0.000000000000000E+000  0.000000000000000E+000
         343  0.000000000000000E+000  0.000000000000000E+000
         344  0.000000000000000E+000  0.000000000000000E+000
         345  0.000000000000000E+000  0.000000000000000E+000
         346  0.000000000000000E+000  0.000000000000000E+000
         347  0.000000000000000E+000  0.000000000000000E+000
         348  0.000000000000000E+000  0.000000000000000E+000
         349  0.000000000000000E+000  0.000000000000000E+000
         350  0.000000000000000E+000  0.000000000000000E+000
         351  0.000000000000000E+000  0.000000000000000E+000
         352  0.000000000000000E+000  0.000000000000000E+000
         353  0.000000000000000E+000  0.000000000000000E+000
         354  0.000000000000000E+000  0.000000000000000E+000
         355  0.000000000000000E+000  0.000000000000000E+000
         356  0.000000000000000E+000  0.000000000000000E+000
         357  0.000000000000000E+000  0.000000000000000E+000
         358  0.000000000000000E+000  0.000000000000000E+000
         359  0.000000000000000E+000  0.000000000000000E+000
         360  0.000000000000000E+000  0.000000000000000E+000
         361  0.000000000000000E+000  0.000000000000000E+000
         362  0.000000000000000E+000  0.000000000000000E+000
         363  0.000000000000000E+000  0.000000000000000E+000
         364  0.000000000000000E+000  0.000000000000000E+000
         365  0.000000000000000E+000  0.000000000000000E+000
         366  0.000000000000000E+000  0.000000000000000E+000
         367  0.000000000000000E+000  0.000000000000000E+000
         368  0.000000000000000E+000  0.000000000000000E+000
         369  0.000000000000000E+000  0.000000000000000E+000
         370  0.000000000000000E+000  0.000000000000000E+000
         371  0.000000000000000E+000  0.000000000000000E+000
         372  0.000000000000000E+000  0.000000000000000E+000
         373  0.000000000000000E+000  0.000000000000000E+000
         374  0.000000000000000E+000  0.000000000000000E+000
         375  0.000000000000000E+000  0.000000000000000E+000
         376  0.000000000000000E+000  0.000000000000000E+000
         377  0.000000000000000E+000  0.000000000000000E+000
         378  0.000000000000000E+000  0.000000000000000E+000
         379  0.000000000000000E+000  0.000000000000000E+000
         380  0.000000000000000E+000  0.000000000000000E+000
         381  0.000000000000000E+000  0.000000000000000E+000
         382  0.000000000000000E+000  0.000000000000000E+000
         383  0.000000000000000E+000  0.000000000000000E+000
         384  0.000000000000000E+000  0.000000000000000E+000
         385  0.000000000000000E+000  0.000000000000000E+000
         386  0.000000000000000E+000  0.000000000000000E+000
         387  0.000000000000000E+000  0.000000000000000E+000
         388  0.000000000000000E+000  0.000000000000000E+000
         389  0.000000000000000E+000  0.000000000000000E+000
         390  0.000000000000000E+000  0.000000000000000E+000
         391  0.000000000000000E+000  0.000000000000000E+000
         392  0.000000000000000E+000  0.000000000000000E+000
         393  0.000000000000000E+000  0.000000000000000E+000
         394  0.000000000000000E+000  0.000000000000000E+000
         395  0.000000000000000E+000  0.000000000000000E+000
         396  0.000000000000000E+000  0.000000000000000E+000
         397  0.000000000000000E+000  0.000000000000000E+000
         398  0.000000000000000E+000  0.000000000000000E+000
         399  0.000000000000000E+000  0.000000000000000E+000
         400  0.000000000000000E+000  0.000000000000000E+000
         401  0.000000000000000E+000  0.000000000000000E+000
         402  0.000000000000000E+000  0.000000000000000E+000
         403  0.000000000000000E+000  0.000000000000000E+000
         404  0.000000000000000E+000  0.000000000000000E+000
         405  0.000000000000000E+000  0.000000000000000E+000
         406  0.000000000000000E+000  0.000000000000000E+000
         407  0.000000000000000E+000  0.000000000000000E+000
         408  0.000000000000000E+000  0.000000000000000E+000
         409  0.000000000000000E+000  0.000000000000000E+000
         410  0.000000000000000E+000  0.000000000000000E+000
         411  0.000000000000000E+000  0.000000000000000E+000
         412  0.000000000000000E+000  0.000000000000000E+000
         413  0.000000000000000E+000  0.000000000000000E+000
         414  0.000000000000000E+000  0.000000000000000E+000
         415  0.000000000000000E+000  0.000000000000000E+000
         416  0.000000000000000E+000  0.000000000000000E+000
         417  0.000000000000000E+000  0.000000000000000E+000
         418  0.000000000000000E+000  0.000000000000000E+000
         419  0.000000000000000E+000  0.000000000000000E+000
         420  0.000000000000000E+000  0.000000000000000E+000
         421  0.000000000000000E+000  0.000000000000000E+000
         422  0.000000000000000E+000  0.000000000000000E+000
         423  0.000000000000000E+000  0.000000000000000E+000
         424  0.000000000000000E+000  0.000000000000000E+000
         425  0.000000000000000E+000  0.000000000000000E+000
         426  0.000000000000000E+000  0.000000000000000E+000
         427  0.000000000000000E+000  0.000000000000000E+000
         428  0.000000000000000E+000  0.000000000000000E+000
         429  0.000000000000000E+000  0.000000000000000E+000
         430  0.000000000000000E+000  0.000000000000000E+000
         431  0.000000000000000E+000  0.000000000000000E+000
         432  0.000000000000000E+000  0.000000000000000E+000
         433  0.000000000000000E+000  0.000000000000000E+000
         434  0.000000000000000E+000  0.000000000000000E+000
         435  0.000000000000000E+000  0.000000000000000E+000
         436  0.000000000000000E+000  0.000000000000000E+000
         437  0.000000000000000E+000  0.000000000000000E+000
         438  0.000000000000000E+000  0.000000000000000E+000
         439  0.000000000000000E+000  0.000000000000000E+000
         440  0.000000000000000E+000  0.000000000000000E+000
         441  0.000000000000000E+000  0.000000000000000E+000
         442  0.000000000000000E+000  0.000000000000000E+000
         443  0.000000000000000E+000  0.000000000000000E+000
         444  0.000000000000000E+000  0.000000000000000E+000
