           0  0.000000000000000E+000  0.000000000000000E+000
           1   1.37921809008072        1.55068660644142     
           2  0.612699355655650        2.61608212933997     
           3  0.183960183013849        1.81416217100911     
           4  0.218648769691553        3.50162417958432     
           5  0.128534128975431        3.24127391152098     
           6  8.338436786517833E-002   3.10066980072196     
           7  7.116772494804907E-002   3.51402366666395     
           8  5.663500608031258E-002   3.62081543318964     
           9  5.229701023157710E-002   4.27263046297337     
          10  4.227295048962292E-002   4.28064525215446     
          11  3.540368021780158E-002   4.31945091755440     
          12  3.030888444260592E-002   4.37318627021078     
          13  2.943271633873977E-002   4.99342105228770     
          14  2.589571926701847E-002   5.09661184227235     
          15  2.122928803144563E-002   4.78290885333005     
          16  2.168483821283350E-002   5.54661274164269     
          17  1.953319676402416E-002   5.65472619304280     
          18  1.736785912115572E-002   5.65254471104401     
          19  1.484167339703406E-002   5.37191321185926     
          20  1.385741056137362E-002   5.54609926634384     
          21  1.356579369228035E-002   5.99446492391856     
          22  1.175874566454712E-002   5.69907332022593     
          23  1.102539001567213E-002   5.83828613786016     
          24  9.953101126209837E-003   5.72995687122554     
          25  9.713326852701163E-003   6.06926621109254     
          26  8.860791457209220E-003   5.99813306593938     
          27  7.992861185107340E-003   5.83415046431753     
          28  7.667154423906683E-003   6.01715592500144     
          29  6.929621789622809E-003   5.83702110608809     
          30  6.413743142335015E-003   5.77810883419902     
          31  6.142257835794746E-003   5.90628395211413     
          32  5.482951467997413E-003   5.61686452201125     
          33  5.303212901784326E-003   5.77600080656257     
          34  5.019436675254635E-003   5.80695318024425     
          35  4.596973814736001E-003   5.63418935062276     
          36  4.342826805532328E-003   5.63032857052402     
          37  3.993968230601963E-003   5.47081810920126     
          38  3.711140748533126E-003   5.36303360444349     
          39  3.420864266331178E-003   5.20365430631121     
          40  3.333911125201332E-003   5.33409728718321     
          41  3.156512024619689E-003   5.30794316738056     
          42  2.871617028343276E-003   5.06860345335543     
          43  2.729901668955095E-003   5.04997088076024     
          44  2.537837411798429E-003   4.91514660767813     
          45  2.433469199327321E-003   4.93025493017302     
          46  2.206638292909948E-003   4.67217776301352     
          47  2.115602480001857E-003   4.67347773267736     
          48  2.013203293065517E-003   4.63749838150552     
          49  1.914662201835254E-003   4.59714052746805     
          50  1.767273984129897E-003   4.42028394428103     
          51  1.650572634725503E-003   4.29459742590124     
          52  1.560150051786438E-003   4.21964646842024     
          53  1.491524760548641E-003   4.19161068289708     
          54  1.382038005870512E-003   4.03145576174997     
          55  1.310350018929166E-003   3.96415470021431     
          56  1.263248457749439E-003   3.96120726228133     
          57  1.206209401289069E-003   3.91915522100209     
          58  1.105568919145971E-003   3.71976621009471     
          59  1.040701061002990E-003   3.62297281203980     
          60  1.001433280363042E-003   3.60559733823304     
          61  9.377032294261186E-004   3.49011588683529     
          62  8.902270044522311E-004   3.42246481412818     
          63  8.287784406963843E-004   3.28970435258209     
          64  8.027931332063370E-004   3.28729968769077     
          65  7.631710851541250E-004   3.22441997764283     
          66  7.077228288129093E-004   3.08341875470649     
          67  6.846575450416726E-004   3.07377960854351     
          68  6.302835050912588E-004   2.91481734545666     
          69  6.157672928609046E-004   2.93208896217532     
          70  5.682385731122227E-004   2.78495970070401     
          71  5.398202156781411E-004   2.72134704368585     
          72  5.222862983686823E-004   2.70737480114211     
          73  4.927932948254734E-004   2.62613985266606     
          74  4.712613663258867E-004   2.58096962684934     
          75  4.395537008540344E-004   2.47272113119893     
          76  4.205258247602424E-004   2.42924515102540     
          77  3.995281996959145E-004   2.36924987818162     
          78  3.757133811830414E-004   2.28604212734024     
          79  3.602589464614290E-004   2.24833121865548     
          80  3.424314174035616E-004   2.19132373246030     
          81  3.286854765985180E-004   2.15638187227178     
          82  3.074605598902197E-004   2.06753036462695     
          83  2.901964190694325E-004   1.99927994409764     
          84  2.758651036597366E-004   1.94665303414530     
          85  2.664463897244179E-004   1.92515072282075     
          86  2.519318794961098E-004   1.86355137480697     
          87  2.380908267782541E-004   1.80232693277809     
          88  2.271893380741542E-004   1.75936207824839     
          89  2.169013016183395E-004   1.71813873374231     
          90  2.074378866192162E-004   1.68037724208966     
          91  1.948962126274089E-004   1.61421021757456     
          92  1.859684494045453E-004   1.57419419664752     
          93  1.768043101255934E-004   1.52933475551904     
          94  1.675521926264794E-004   1.48057964787269     
          95  1.591127220513350E-004   1.43584203189650     
          96  1.526218396066233E-004   1.40633528012210     
          97  1.468919523840172E-004   1.38196299654457     
          98  1.402733979656796E-004   1.34725696534066     
          99  1.308646399301560E-004   1.28274284672087     
         100  1.258277960019593E-004   1.25833696823637     
         101  1.197060571590767E-004   1.22115416966781     
         102  1.142034774492910E-004   1.18825974659941     
         103  1.098975911270233E-004   1.16605230354318     
         104  1.023446777116491E-004   1.10688815239381     
         105  1.003475953140389E-004   1.10632257307495     
         106  9.416696662938190E-005   1.05810887879373     
         107  8.973732611802721E-005   1.02740351345634     
         108  8.559186071228858E-005  0.998312323226049     
         109  8.256984987565911E-005  0.981057555871700     
         110  7.788842065846821E-005  0.942560186930540     
         111  7.442476551434080E-005  0.917028236858819     
         112  7.132045192185686E-005  0.894602135303879     
         113  6.827307329854794E-005  0.871763330332312     
         114  6.538237129714786E-005  0.849740797621776     
         115  6.180730117908268E-005  0.817428044332900     
         116  5.923607420583413E-005  0.797037597470806     
         117  5.690770304260086E-005  0.779055189528141     
         118  5.362466642409737E-005  0.746720796841603     
         119  5.137789914964137E-005  0.727519891822850     
         120  4.986341284463410E-005  0.717971455134048     
         121  4.726968121707105E-005  0.692072841879338     
         122  4.517681950648293E-005  0.672434155599980     
         123  4.338027842148528E-005  0.656319221545524     
         124  4.111440819890263E-005  0.632197818495351     
         125  3.992432602398838E-005  0.623854793704210     
         126  3.772428000396971E-005  0.598949650044095     
         127  3.630034330296016E-005  0.585481362728360     
         128  3.468533681501440E-005  0.568261030334500     
         129  3.355552551318538E-005  0.558404450884539     
         130  3.200059312368881E-005  0.540851739609237     
         131  3.040280112607907E-005  0.521747413323467     
         132  2.970054503321258E-005  0.517505678386982     
         133  2.823427164551376E-005  0.499444402321217     
         134  2.721975133788318E-005  0.488778206403775     
         135  2.584826434467540E-005  0.471079962751133     
         136  2.515712653902269E-005  0.465298550114379     
         137  2.431177545562706E-005  0.456329719748692     
         138  2.321287714236741E-005  0.442094436647144     
         139  2.225857718937584E-005  0.430065988442575     
         140  2.169859561334526E-005  0.425286522133081     
         141  2.085225700779793E-005  0.414570845011039     
         142  2.023442153737918E-005  0.408029737797332     
         143  1.919621792295798E-005  0.392544322335807     
         144  1.875777164272982E-005  0.388933683951006     
         145  1.824914291787928E-005  0.383669364319526     
         146  1.761306065965883E-005  0.375443661468399     
         147  1.704908083287389E-005  0.368415408261279     
         148  1.669254342961946E-005  0.365642581714654     
         149  1.623884467952922E-005  0.360544169455011     
         150  1.580651000499523E-005  0.355676936939227     
         151  1.532078865386140E-005  0.349354785034214     
         152  1.505734092847580E-005  0.347893140354751     
         153  1.475487870483951E-005  0.345411082920190     
         154  1.460577791228696E-005  0.346408646149851     
         155  1.421698863017058E-005  0.341585247004289     
         156  1.411497917623466E-005  0.343506466865724     
         157  1.405322184166937E-005  0.346415686078369     
         158  1.382129452000334E-005  0.345050063428468     
         159  1.373711919464685E-005  0.347293319018873     
         160  1.386852741418259E-005  0.355034984141033     
         161  1.399789596106900E-005  0.362857913137664     
         162  1.389049806357014E-005  0.364573180471257     
         163  1.423428727989296E-005  0.378220561740722     
         164  1.430607025800272E-005  0.384803563148629     
         165  1.488021127360462E-005  0.405151413451699     
         166  1.524608199990108E-005  0.420159480677403     
         167  1.620607835594692E-005  0.452002027149175     
         168  1.716228490434444E-005  0.484433748833615     
         169  1.873297701314489E-005  0.535095049808449     
         170  2.147221804959837E-005  0.620669185188956     
         171  3.655549162211437E-006  0.106375506571772     
         172  0.000000000000000E+000  0.000000000000000E+000
         173  0.000000000000000E+000  0.000000000000000E+000
         174  0.000000000000000E+000  0.000000000000000E+000
         175  0.000000000000000E+000  0.000000000000000E+000
         176  0.000000000000000E+000  0.000000000000000E+000
         177  0.000000000000000E+000  0.000000000000000E+000
         178  0.000000000000000E+000  0.000000000000000E+000
         179  0.000000000000000E+000  0.000000000000000E+000
         180  0.000000000000000E+000  0.000000000000000E+000
         181  0.000000000000000E+000  0.000000000000000E+000
         182  0.000000000000000E+000  0.000000000000000E+000
         183  0.000000000000000E+000  0.000000000000000E+000
         184  0.000000000000000E+000  0.000000000000000E+000
         185  0.000000000000000E+000  0.000000000000000E+000
         186  0.000000000000000E+000  0.000000000000000E+000
         187  0.000000000000000E+000  0.000000000000000E+000
         188  0.000000000000000E+000  0.000000000000000E+000
         189  0.000000000000000E+000  0.000000000000000E+000
         190  0.000000000000000E+000  0.000000000000000E+000
         191  0.000000000000000E+000  0.000000000000000E+000
         192  0.000000000000000E+000  0.000000000000000E+000
         193  0.000000000000000E+000  0.000000000000000E+000
         194  0.000000000000000E+000  0.000000000000000E+000
         195  0.000000000000000E+000  0.000000000000000E+000
         196  0.000000000000000E+000  0.000000000000000E+000
         197  0.000000000000000E+000  0.000000000000000E+000
         198  0.000000000000000E+000  0.000000000000000E+000
         199  0.000000000000000E+000  0.000000000000000E+000
         200  0.000000000000000E+000  0.000000000000000E+000
         201  0.000000000000000E+000  0.000000000000000E+000
         202  0.000000000000000E+000  0.000000000000000E+000
         203  0.000000000000000E+000  0.000000000000000E+000
         204  0.000000000000000E+000  0.000000000000000E+000
         205  0.000000000000000E+000  0.000000000000000E+000
         206  0.000000000000000E+000  0.000000000000000E+000
         207  0.000000000000000E+000  0.000000000000000E+000
         208  0.000000000000000E+000  0.000000000000000E+000
         209  0.000000000000000E+000  0.000000000000000E+000
         210  0.000000000000000E+000  0.000000000000000E+000
         211  0.000000000000000E+000  0.000000000000000E+000
         212  0.000000000000000E+000  0.000000000000000E+000
         213  0.000000000000000E+000  0.000000000000000E+000
         214  0.000000000000000E+000  0.000000000000000E+000
         215  0.000000000000000E+000  0.000000000000000E+000
         216  0.000000000000000E+000  0.000000000000000E+000
         217  0.000000000000000E+000  0.000000000000000E+000
         218  0.000000000000000E+000  0.000000000000000E+000
         219  0.000000000000000E+000  0.000000000000000E+000
         220  0.000000000000000E+000  0.000000000000000E+000
         221  0.000000000000000E+000  0.000000000000000E+000
         222  0.000000000000000E+000  0.000000000000000E+000
         223  0.000000000000000E+000  0.000000000000000E+000
         224  0.000000000000000E+000  0.000000000000000E+000
         225  0.000000000000000E+000  0.000000000000000E+000
         226  0.000000000000000E+000  0.000000000000000E+000
         227  0.000000000000000E+000  0.000000000000000E+000
         228  0.000000000000000E+000  0.000000000000000E+000
         229  0.000000000000000E+000  0.000000000000000E+000
         230  0.000000000000000E+000  0.000000000000000E+000
         231  0.000000000000000E+000  0.000000000000000E+000
         232  0.000000000000000E+000  0.000000000000000E+000
         233  0.000000000000000E+000  0.000000000000000E+000
         234  0.000000000000000E+000  0.000000000000000E+000
         235  0.000000000000000E+000  0.000000000000000E+000
         236  0.000000000000000E+000  0.000000000000000E+000
         237  0.000000000000000E+000  0.000000000000000E+000
         238  0.000000000000000E+000  0.000000000000000E+000
         239  0.000000000000000E+000  0.000000000000000E+000
         240  0.000000000000000E+000  0.000000000000000E+000
         241  0.000000000000000E+000  0.000000000000000E+000
         242  0.000000000000000E+000  0.000000000000000E+000
         243  0.000000000000000E+000  0.000000000000000E+000
         244  0.000000000000000E+000  0.000000000000000E+000
         245  0.000000000000000E+000  0.000000000000000E+000
         246  0.000000000000000E+000  0.000000000000000E+000
         247  0.000000000000000E+000  0.000000000000000E+000
         248  0.000000000000000E+000  0.000000000000000E+000
         249  0.000000000000000E+000  0.000000000000000E+000
         250  0.000000000000000E+000  0.000000000000000E+000
         251  0.000000000000000E+000  0.000000000000000E+000
         252  0.000000000000000E+000  0.000000000000000E+000
         253  0.000000000000000E+000  0.000000000000000E+000
         254  0.000000000000000E+000  0.000000000000000E+000
         255  0.000000000000000E+000  0.000000000000000E+000
         256  0.000000000000000E+000  0.000000000000000E+000
         257  0.000000000000000E+000  0.000000000000000E+000
         258  0.000000000000000E+000  0.000000000000000E+000
         259  0.000000000000000E+000  0.000000000000000E+000
         260  0.000000000000000E+000  0.000000000000000E+000
         261  0.000000000000000E+000  0.000000000000000E+000
         262  0.000000000000000E+000  0.000000000000000E+000
         263  0.000000000000000E+000  0.000000000000000E+000
         264  0.000000000000000E+000  0.000000000000000E+000
         265  0.000000000000000E+000  0.000000000000000E+000
         266  0.000000000000000E+000  0.000000000000000E+000
         267  0.000000000000000E+000  0.000000000000000E+000
         268  0.000000000000000E+000  0.000000000000000E+000
         269  0.000000000000000E+000  0.000000000000000E+000
         270  0.000000000000000E+000  0.000000000000000E+000
         271  0.000000000000000E+000  0.000000000000000E+000
         272  0.000000000000000E+000  0.000000000000000E+000
         273  0.000000000000000E+000  0.000000000000000E+000
         274  0.000000000000000E+000  0.000000000000000E+000
         275  0.000000000000000E+000  0.000000000000000E+000
         276  0.000000000000000E+000  0.000000000000000E+000
         277  0.000000000000000E+000  0.000000000000000E+000
         278  0.000000000000000E+000  0.000000000000000E+000
         279  0.000000000000000E+000  0.000000000000000E+000
         280  0.000000000000000E+000  0.000000000000000E+000
         281  0.000000000000000E+000  0.000000000000000E+000
         282  0.000000000000000E+000  0.000000000000000E+000
         283  0.000000000000000E+000  0.000000000000000E+000
         284  0.000000000000000E+000  0.000000000000000E+000
         285  0.000000000000000E+000  0.000000000000000E+000
         286  0.000000000000000E+000  0.000000000000000E+000
         287  0.000000000000000E+000  0.000000000000000E+000
         288  0.000000000000000E+000  0.000000000000000E+000
         289  0.000000000000000E+000  0.000000000000000E+000
         290  0.000000000000000E+000  0.000000000000000E+000
         291  0.000000000000000E+000  0.000000000000000E+000
         292  0.000000000000000E+000  0.000000000000000E+000
         293  0.000000000000000E+000  0.000000000000000E+000
         294  0.000000000000000E+000  0.000000000000000E+000
         295  0.000000000000000E+000  0.000000000000000E+000
         296  0.000000000000000E+000  0.000000000000000E+000
         297  0.000000000000000E+000  0.000000000000000E+000
         298  0.000000000000000E+000  0.000000000000000E+000
         299  0.000000000000000E+000  0.000000000000000E+000
         300  0.000000000000000E+000  0.000000000000000E+000
         301  0.000000000000000E+000  0.000000000000000E+000
         302  0.000000000000000E+000  0.000000000000000E+000
         303  0.000000000000000E+000  0.000000000000000E+000
         304  0.000000000000000E+000  0.000000000000000E+000
         305  0.000000000000000E+000  0.000000000000000E+000
         306  0.000000000000000E+000  0.000000000000000E+000
         307  0.000000000000000E+000  0.000000000000000E+000
         308  0.000000000000000E+000  0.000000000000000E+000
         309  0.000000000000000E+000  0.000000000000000E+000
         310  0.000000000000000E+000  0.000000000000000E+000
         311  0.000000000000000E+000  0.000000000000000E+000
         312  0.000000000000000E+000  0.000000000000000E+000
         313  0.000000000000000E+000  0.000000000000000E+000
         314  0.000000000000000E+000  0.000000000000000E+000
         315  0.000000000000000E+000  0.000000000000000E+000
         316  0.000000000000000E+000  0.000000000000000E+000
         317  0.000000000000000E+000  0.000000000000000E+000
         318  0.000000000000000E+000  0.000000000000000E+000
         319  0.000000000000000E+000  0.000000000000000E+000
         320  0.000000000000000E+000  0.000000000000000E+000
         321  0.000000000000000E+000  0.000000000000000E+000
         322  0.000000000000000E+000  0.000000000000000E+000
         323  0.000000000000000E+000  0.000000000000000E+000
         324  0.000000000000000E+000  0.000000000000000E+000
         325  0.000000000000000E+000  0.000000000000000E+000
         326  0.000000000000000E+000  0.000000000000000E+000
         327  0.000000000000000E+000  0.000000000000000E+000
         328  0.000000000000000E+000  0.000000000000000E+000
         329  0.000000000000000E+000  0.000000000000000E+000
         330  0.000000000000000E+000  0.000000000000000E+000
         331  0.000000000000000E+000  0.000000000000000E+000
         332  0.000000000000000E+000  0.000000000000000E+000
         333  0.000000000000000E+000  0.000000000000000E+000
         334  0.000000000000000E+000  0.000000000000000E+000
         335  0.000000000000000E+000  0.000000000000000E+000
         336  0.000000000000000E+000  0.000000000000000E+000
         337  0.000000000000000E+000  0.000000000000000E+000
         338  0.000000000000000E+000  0.000000000000000E+000
         339  0.000000000000000E+000  0.000000000000000E+000
         340  0.000000000000000E+000  0.000000000000000E+000
         341  0.000000000000000E+000  0.000000000000000E+000
         342  0.000000000000000E+000  0.000000000000000E+000
         343  0.000000000000000E+000  0.000000000000000E+000
         344  0.000000000000000E+000  0.000000000000000E+000
         345  0.000000000000000E+000  0.000000000000000E+000
         346  0.000000000000000E+000  0.000000000000000E+000
         347  0.000000000000000E+000  0.000000000000000E+000
         348  0.000000000000000E+000  0.000000000000000E+000
         349  0.000000000000000E+000  0.000000000000000E+000
         350  0.000000000000000E+000  0.000000000000000E+000
         351  0.000000000000000E+000  0.000000000000000E+000
         352  0.000000000000000E+000  0.000000000000000E+000
         353  0.000000000000000E+000  0.000000000000000E+000
         354  0.000000000000000E+000  0.000000000000000E+000
         355  0.000000000000000E+000  0.000000000000000E+000
         356  0.000000000000000E+000  0.000000000000000E+000
         357  0.000000000000000E+000  0.000000000000000E+000
         358  0.000000000000000E+000  0.000000000000000E+000
         359  0.000000000000000E+000  0.000000000000000E+000
         360  0.000000000000000E+000  0.000000000000000E+000
         361  0.000000000000000E+000  0.000000000000000E+000
         362  0.000000000000000E+000  0.000000000000000E+000
         363  0.000000000000000E+000  0.000000000000000E+000
         364  0.000000000000000E+000  0.000000000000000E+000
         365  0.000000000000000E+000  0.000000000000000E+000
         366  0.000000000000000E+000  0.000000000000000E+000
         367  0.000000000000000E+000  0.000000000000000E+000
         368  0.000000000000000E+000  0.000000000000000E+000
         369  0.000000000000000E+000  0.000000000000000E+000
         370  0.000000000000000E+000  0.000000000000000E+000
         371  0.000000000000000E+000  0.000000000000000E+000
         372  0.000000000000000E+000  0.000000000000000E+000
         373  0.000000000000000E+000  0.000000000000000E+000
         374  0.000000000000000E+000  0.000000000000000E+000
         375  0.000000000000000E+000  0.000000000000000E+000
         376  0.000000000000000E+000  0.000000000000000E+000
         377  0.000000000000000E+000  0.000000000000000E+000
         378  0.000000000000000E+000  0.000000000000000E+000
         379  0.000000000000000E+000  0.000000000000000E+000
         380  0.000000000000000E+000  0.000000000000000E+000
         381  0.000000000000000E+000  0.000000000000000E+000
         382  0.000000000000000E+000  0.000000000000000E+000
         383  0.000000000000000E+000  0.000000000000000E+000
         384  0.000000000000000E+000  0.000000000000000E+000
         385  0.000000000000000E+000  0.000000000000000E+000
         386  0.000000000000000E+000  0.000000000000000E+000
         387  0.000000000000000E+000  0.000000000000000E+000
         388  0.000000000000000E+000  0.000000000000000E+000
         389  0.000000000000000E+000  0.000000000000000E+000
         390  0.000000000000000E+000  0.000000000000000E+000
         391  0.000000000000000E+000  0.000000000000000E+000
         392  0.000000000000000E+000  0.000000000000000E+000
         393  0.000000000000000E+000  0.000000000000000E+000
         394  0.000000000000000E+000  0.000000000000000E+000
         395  0.000000000000000E+000  0.000000000000000E+000
         396  0.000000000000000E+000  0.000000000000000E+000
         397  0.000000000000000E+000  0.000000000000000E+000
         398  0.000000000000000E+000  0.000000000000000E+000
         399  0.000000000000000E+000  0.000000000000000E+000
         400  0.000000000000000E+000  0.000000000000000E+000
         401  0.000000000000000E+000  0.000000000000000E+000
         402  0.000000000000000E+000  0.000000000000000E+000
         403  0.000000000000000E+000  0.000000000000000E+000
         404  0.000000000000000E+000  0.000000000000000E+000
         405  0.000000000000000E+000  0.000000000000000E+000
         406  0.000000000000000E+000  0.000000000000000E+000
         407  0.000000000000000E+000  0.000000000000000E+000
         408  0.000000000000000E+000  0.000000000000000E+000
         409  0.000000000000000E+000  0.000000000000000E+000
         410  0.000000000000000E+000  0.000000000000000E+000
         411  0.000000000000000E+000  0.000000000000000E+000
         412  0.000000000000000E+000  0.000000000000000E+000
         413  0.000000000000000E+000  0.000000000000000E+000
         414  0.000000000000000E+000  0.000000000000000E+000
         415  0.000000000000000E+000  0.000000000000000E+000
         416  0.000000000000000E+000  0.000000000000000E+000
         417  0.000000000000000E+000  0.000000000000000E+000
         418  0.000000000000000E+000  0.000000000000000E+000
         419  0.000000000000000E+000  0.000000000000000E+000
         420  0.000000000000000E+000  0.000000000000000E+000
         421  0.000000000000000E+000  0.000000000000000E+000
         422  0.000000000000000E+000  0.000000000000000E+000
         423  0.000000000000000E+000  0.000000000000000E+000
         424  0.000000000000000E+000  0.000000000000000E+000
         425  0.000000000000000E+000  0.000000000000000E+000
         426  0.000000000000000E+000  0.000000000000000E+000
         427  0.000000000000000E+000  0.000000000000000E+000
         428  0.000000000000000E+000  0.000000000000000E+000
         429  0.000000000000000E+000  0.000000000000000E+000
         430  0.000000000000000E+000  0.000000000000000E+000
         431  0.000000000000000E+000  0.000000000000000E+000
         432  0.000000000000000E+000  0.000000000000000E+000
         433  0.000000000000000E+000  0.000000000000000E+000
         434  0.000000000000000E+000  0.000000000000000E+000
         435  0.000000000000000E+000  0.000000000000000E+000
         436  0.000000000000000E+000  0.000000000000000E+000
         437  0.000000000000000E+000  0.000000000000000E+000
         438  0.000000000000000E+000  0.000000000000000E+000
         439  0.000000000000000E+000  0.000000000000000E+000
         440  0.000000000000000E+000  0.000000000000000E+000
         441  0.000000000000000E+000  0.000000000000000E+000
         442  0.000000000000000E+000  0.000000000000000E+000
         443  0.000000000000000E+000  0.000000000000000E+000
         444  0.000000000000000E+000  0.000000000000000E+000
