           0  0.000000000000000E+000  0.000000000000000E+000
           1   1.71326450086164        1.84801043862371     
           2  0.473487654293737        2.28654674392535     
           3  0.183462615543626        1.79904017288400     
           4  0.190411305014232        3.02251941970641     
           5  0.118252501580673        3.01549380599361     
           6  7.851351193510245E-002   2.88750942720073     
           7  6.294234931755399E-002   3.11129568700447     
           8  5.128694293568428E-002   3.27558039776900     
           9  5.194854809318275E-002   4.22533424187119     
          10  3.975084333852591E-002   4.02891224162247     
          11  3.307867621865601E-002   4.03311092733512     
          12  3.097526847964604E-002   4.47158428246276     
          13  2.775660625523188E-002   4.70977216833976     
          14  2.482357182244646E-002   4.89102150725301     
          15  2.103455928361595E-002   4.73238194675020     
          16  2.101739372419282E-002   5.37351614448896     
          17  1.879265456355606E-002   5.44092895002856     
          18  1.671699025878638E-002   5.43771186892373     
          19  1.472178085038040E-002   5.32810636455418     
          20  1.417354259705762E-002   5.67199203024376     
          21  1.330402453052775E-002   5.87756163339563     
          22  1.175864768296670E-002   5.70321426851003     
          23  1.084006511766746E-002   5.73752949191261     
          24  9.790150039059746E-003   5.63943972062246     
          25  9.636059880143896E-003   6.02526230552445     
          26  8.827545556207479E-003   5.97430479595599     
          27  7.747906789533640E-003   5.65683645742016     
          28  7.418883814888382E-003   5.82371607139311     
          29  6.927794323301843E-003   5.83245569685385     
          30  6.409740471596845E-003   5.77540654229660     
          31  6.088211637698264E-003   5.85482557348615     
          32  5.511750458976434E-003   5.64393801135524     
          33  5.244408260108786E-003   5.71019586084234     
          34  4.963375574783328E-003   5.74275637462494     
          35  4.476222743334786E-003   5.48696153646088     
          36  4.266663669968545E-003   5.53109984546408     
          37  3.930922491780602E-003   5.38483771541960     
          38  3.714932814033279E-003   5.36736160745970     
          39  3.424487251509139E-003   5.21011180887758     
          40  3.247693164190193E-003   5.19657072140151     
          41  3.084034602129799E-003   5.18627926834442     
          42  2.833143231867213E-003   5.00084122763123     
          43  2.698938002585307E-003   4.99273393451989     
          44  2.482389349659284E-003   4.80816604558631     
          45  2.422252551995560E-003   4.90747962947111     
          46  2.196386833386868E-003   4.64957398064350     
          47  2.087221029785810E-003   4.61023770623380     
          48  2.002273845795547E-003   4.61218080337869     
          49  1.870747271445534E-003   4.49166383926405     
          50  1.793167238046803E-003   4.48506588687795     
          51  1.655712656509522E-003   4.30799515407350     
          52  1.567269650033765E-003   4.23903252963811     
          53  1.494436152850427E-003   4.19970172379976     
          54  1.371942910617129E-003   4.00218502996521     
          55  1.311812779702977E-003   3.96862072445461     
          56  1.246315992055247E-003   3.90781324751682     
          57  1.199604645523832E-003   3.89795690680783     
          58  1.105524293547715E-003   3.71952763548150     
          59  1.040375735443297E-003   3.62211489156892     
          60  9.996631315066283E-004   3.59947374758994     
          61  9.414670146531391E-004   3.50397025020942     
          62  8.924859068640482E-004   3.43167604442615     
          63  8.245074710844176E-004   3.27259885901771     
          64  7.953855263324972E-004   3.25692238985647     
          65  7.665411773746079E-004   3.23883186618444     
          66  7.038528398348617E-004   3.06639536886287     
          67  6.786588580942280E-004   3.04713588219199     
          68  6.319201073135557E-004   2.92238425493842     
          69  6.132812499437222E-004   2.92012320683922     
          70  5.666636254415562E-004   2.77732467515450     
          71  5.338373423461032E-004   2.69113367810530     
          72  5.163656596863600E-004   2.67673763177209     
          73  4.833555871788464E-004   2.57579210305626     
          74  4.700938161478288E-004   2.57463825551547     
          75  4.380543846251556E-004   2.46438984416678     
          76  4.166543039831833E-004   2.40677833097495     
          77  4.003619153581870E-004   2.37410740785814     
          78  3.721674797051588E-004   2.26433492767500     
          79  3.582364451199543E-004   2.23571359127245     
          80  3.356586539870793E-004   2.14797308136797     
          81  3.234148304263354E-004   2.12178886478928     
          82  3.058121837389908E-004   2.05636470414090     
          83  2.899658300430030E-004   1.99775159142735     
          84  2.724635245515596E-004   1.92253175703325     
          85  2.657280528134862E-004   1.91995910358472     
          86  2.516323481817398E-004   1.86142628014319     
          87  2.345421122041093E-004   1.77541438637023     
          88  2.263028285169988E-004   1.75249198946724     
          89  2.158471721412604E-004   1.70981192997888     
          90  2.056037335171843E-004   1.66552391954849     
          91  1.929643348782100E-004   1.59818601745675     
          92  1.854740238025309E-004   1.57004258353522     
          93  1.741749573563817E-004   1.50659983795265     
          94  1.662773025231039E-004   1.46928954156499     
          95  1.578029151442886E-004   1.42410940087642     
          96  1.509563857749081E-004   1.39097922349483     
          97  1.448996219579904E-004   1.36320685455476     
          98  1.394359221508656E-004   1.33925293686267     
          99  1.301380003660077E-004   1.27562769073376     
         100  1.245262793669364E-004   1.24533839487930     
         101  1.187701248530461E-004   1.21163314671469     
         102  1.131361889690458E-004   1.17716936310998     
         103  1.074345607617155E-004   1.13989961106313     
         104  1.006213059714795E-004   1.08829865419629     
         105  9.921603780969604E-005   1.09383686412957     
         106  9.258219721397835E-005   1.04033880415986     
         107  8.891493676596135E-005   1.01799387547219     
         108  8.471648997743320E-005  0.988112569983543     
         109  8.218265489922554E-005  0.976433895396914     
         110  7.681663593289114E-005  0.929608012358972     
         111  7.256334107798744E-005  0.894071986450645     
         112  7.067329499532039E-005  0.886497352973518     
         113  6.746310459233325E-005  0.861417720034144     
         114  6.427516210820058E-005  0.835337498328162     
         115  6.080931862257419E-005  0.804205313101007     
         116  5.867595357402946E-005  0.789502380956845     
         117  5.622490956564964E-005  0.769715299812001     
         118  5.286206683448345E-005  0.736095542108974     
         119  5.073063925368963E-005  0.718370485049822     
         120  4.914237374763360E-005  0.707604215369161     
         121  4.656124118228704E-005  0.681684446432962     
         122  4.441946677361392E-005  0.661163385309431     
         123  4.244644395570714E-005  0.642179756687502     
         124  4.047279698919440E-005  0.622321919619868     
         125  3.934720853809849E-005  0.614828617867561     
         126  3.706483077047771E-005  0.588485224028018     
         127  3.558339073934825E-005  0.573929338315908     
         128  3.410755816555332E-005  0.558792288465796     
         129  3.294313815136226E-005  0.548211711375182     
         130  3.140200124472869E-005  0.530726730577820     
         131  2.994335486826695E-005  0.513856743068723     
         132  2.923161553153442E-005  0.509335047612554     
         133  2.782329509086877E-005  0.492186126028370     
         134  2.682653628204092E-005  0.481714451022544     
         135  2.547406821944266E-005  0.464271787265233     
         136  2.465230364302441E-005  0.455963658284197     
         137  2.388019006759899E-005  0.448223228352512     
         138  2.261266647562034E-005  0.430668132488648     
         139  2.182344484590451E-005  0.421659210307304     
         140  2.110486779829617E-005  0.413651669266920     
         141  2.036612165468755E-005  0.404903344846113     
         142  1.977207295248079E-005  0.398702604346092     
         143  1.882169209296291E-005  0.384887768270507     
         144  1.832579404068889E-005  0.379979973323692     
         145  1.789428182592624E-005  0.376210354853251     
         146  1.737144031516441E-005  0.370294055514019     
         147  1.676432953937481E-005  0.362261152136294     
         148  1.631839746340166E-005  0.357448837566179     
         149  1.591590176977979E-005  0.353371952748226     
         150  1.541658841581143E-005  0.346904617143455     
         151  1.502054688782911E-005  0.342509796687526     
         152  1.474331877768851E-005  0.340639727511273     
         153  1.447678223756580E-005  0.338894026197014     
         154  1.428177344073102E-005  0.338724951197257     
         155  1.393009545671081E-005  0.334686851035360     
         156  1.376972838925727E-005  0.335105412628023     
         157  1.371703573789932E-005  0.338124358645375     
         158  1.348766932191146E-005  0.336725665757738     
         159  1.350042237128842E-005  0.341302345206234     
         160  1.354227279421687E-005  0.346679371102714     
         161  1.367930890197912E-005  0.354601803176393     
         162  1.352785833867515E-005  0.355053521098631     
         163  1.386591818832451E-005  0.368436742441589     
         164  1.398737112791154E-005  0.376231402262075     
         165  1.456713908956778E-005  0.396619106627347     
         166  1.482072781793853E-005  0.408435245093968     
         167  1.564871383735986E-005  0.436459754234520     
         168  1.654383925212827E-005  0.466980414882544     
         169  1.799535006562387E-005  0.514026965677338     
         170  2.075195532474434E-005  0.599858946908504     
         171  3.518388077814763E-006  0.102384227745708     
         172  0.000000000000000E+000  0.000000000000000E+000
         173  0.000000000000000E+000  0.000000000000000E+000
         174  0.000000000000000E+000  0.000000000000000E+000
         175  0.000000000000000E+000  0.000000000000000E+000
         176  0.000000000000000E+000  0.000000000000000E+000
         177  0.000000000000000E+000  0.000000000000000E+000
         178  0.000000000000000E+000  0.000000000000000E+000
         179  0.000000000000000E+000  0.000000000000000E+000
         180  0.000000000000000E+000  0.000000000000000E+000
         181  0.000000000000000E+000  0.000000000000000E+000
         182  0.000000000000000E+000  0.000000000000000E+000
         183  0.000000000000000E+000  0.000000000000000E+000
         184  0.000000000000000E+000  0.000000000000000E+000
         185  0.000000000000000E+000  0.000000000000000E+000
         186  0.000000000000000E+000  0.000000000000000E+000
         187  0.000000000000000E+000  0.000000000000000E+000
         188  0.000000000000000E+000  0.000000000000000E+000
         189  0.000000000000000E+000  0.000000000000000E+000
         190  0.000000000000000E+000  0.000000000000000E+000
         191  0.000000000000000E+000  0.000000000000000E+000
         192  0.000000000000000E+000  0.000000000000000E+000
         193  0.000000000000000E+000  0.000000000000000E+000
         194  0.000000000000000E+000  0.000000000000000E+000
         195  0.000000000000000E+000  0.000000000000000E+000
         196  0.000000000000000E+000  0.000000000000000E+000
         197  0.000000000000000E+000  0.000000000000000E+000
         198  0.000000000000000E+000  0.000000000000000E+000
         199  0.000000000000000E+000  0.000000000000000E+000
         200  0.000000000000000E+000  0.000000000000000E+000
         201  0.000000000000000E+000  0.000000000000000E+000
         202  0.000000000000000E+000  0.000000000000000E+000
         203  0.000000000000000E+000  0.000000000000000E+000
         204  0.000000000000000E+000  0.000000000000000E+000
         205  0.000000000000000E+000  0.000000000000000E+000
         206  0.000000000000000E+000  0.000000000000000E+000
         207  0.000000000000000E+000  0.000000000000000E+000
         208  0.000000000000000E+000  0.000000000000000E+000
         209  0.000000000000000E+000  0.000000000000000E+000
         210  0.000000000000000E+000  0.000000000000000E+000
         211  0.000000000000000E+000  0.000000000000000E+000
         212  0.000000000000000E+000  0.000000000000000E+000
         213  0.000000000000000E+000  0.000000000000000E+000
         214  0.000000000000000E+000  0.000000000000000E+000
         215  0.000000000000000E+000  0.000000000000000E+000
         216  0.000000000000000E+000  0.000000000000000E+000
         217  0.000000000000000E+000  0.000000000000000E+000
         218  0.000000000000000E+000  0.000000000000000E+000
         219  0.000000000000000E+000  0.000000000000000E+000
         220  0.000000000000000E+000  0.000000000000000E+000
         221  0.000000000000000E+000  0.000000000000000E+000
         222  0.000000000000000E+000  0.000000000000000E+000
         223  0.000000000000000E+000  0.000000000000000E+000
         224  0.000000000000000E+000  0.000000000000000E+000
         225  0.000000000000000E+000  0.000000000000000E+000
         226  0.000000000000000E+000  0.000000000000000E+000
         227  0.000000000000000E+000  0.000000000000000E+000
         228  0.000000000000000E+000  0.000000000000000E+000
         229  0.000000000000000E+000  0.000000000000000E+000
         230  0.000000000000000E+000  0.000000000000000E+000
         231  0.000000000000000E+000  0.000000000000000E+000
         232  0.000000000000000E+000  0.000000000000000E+000
         233  0.000000000000000E+000  0.000000000000000E+000
         234  0.000000000000000E+000  0.000000000000000E+000
         235  0.000000000000000E+000  0.000000000000000E+000
         236  0.000000000000000E+000  0.000000000000000E+000
         237  0.000000000000000E+000  0.000000000000000E+000
         238  0.000000000000000E+000  0.000000000000000E+000
         239  0.000000000000000E+000  0.000000000000000E+000
         240  0.000000000000000E+000  0.000000000000000E+000
         241  0.000000000000000E+000  0.000000000000000E+000
         242  0.000000000000000E+000  0.000000000000000E+000
         243  0.000000000000000E+000  0.000000000000000E+000
         244  0.000000000000000E+000  0.000000000000000E+000
         245  0.000000000000000E+000  0.000000000000000E+000
         246  0.000000000000000E+000  0.000000000000000E+000
         247  0.000000000000000E+000  0.000000000000000E+000
         248  0.000000000000000E+000  0.000000000000000E+000
         249  0.000000000000000E+000  0.000000000000000E+000
         250  0.000000000000000E+000  0.000000000000000E+000
         251  0.000000000000000E+000  0.000000000000000E+000
         252  0.000000000000000E+000  0.000000000000000E+000
         253  0.000000000000000E+000  0.000000000000000E+000
         254  0.000000000000000E+000  0.000000000000000E+000
         255  0.000000000000000E+000  0.000000000000000E+000
         256  0.000000000000000E+000  0.000000000000000E+000
         257  0.000000000000000E+000  0.000000000000000E+000
         258  0.000000000000000E+000  0.000000000000000E+000
         259  0.000000000000000E+000  0.000000000000000E+000
         260  0.000000000000000E+000  0.000000000000000E+000
         261  0.000000000000000E+000  0.000000000000000E+000
         262  0.000000000000000E+000  0.000000000000000E+000
         263  0.000000000000000E+000  0.000000000000000E+000
         264  0.000000000000000E+000  0.000000000000000E+000
         265  0.000000000000000E+000  0.000000000000000E+000
         266  0.000000000000000E+000  0.000000000000000E+000
         267  0.000000000000000E+000  0.000000000000000E+000
         268  0.000000000000000E+000  0.000000000000000E+000
         269  0.000000000000000E+000  0.000000000000000E+000
         270  0.000000000000000E+000  0.000000000000000E+000
         271  0.000000000000000E+000  0.000000000000000E+000
         272  0.000000000000000E+000  0.000000000000000E+000
         273  0.000000000000000E+000  0.000000000000000E+000
         274  0.000000000000000E+000  0.000000000000000E+000
         275  0.000000000000000E+000  0.000000000000000E+000
         276  0.000000000000000E+000  0.000000000000000E+000
         277  0.000000000000000E+000  0.000000000000000E+000
         278  0.000000000000000E+000  0.000000000000000E+000
         279  0.000000000000000E+000  0.000000000000000E+000
         280  0.000000000000000E+000  0.000000000000000E+000
         281  0.000000000000000E+000  0.000000000000000E+000
         282  0.000000000000000E+000  0.000000000000000E+000
         283  0.000000000000000E+000  0.000000000000000E+000
         284  0.000000000000000E+000  0.000000000000000E+000
         285  0.000000000000000E+000  0.000000000000000E+000
         286  0.000000000000000E+000  0.000000000000000E+000
         287  0.000000000000000E+000  0.000000000000000E+000
         288  0.000000000000000E+000  0.000000000000000E+000
         289  0.000000000000000E+000  0.000000000000000E+000
         290  0.000000000000000E+000  0.000000000000000E+000
         291  0.000000000000000E+000  0.000000000000000E+000
         292  0.000000000000000E+000  0.000000000000000E+000
         293  0.000000000000000E+000  0.000000000000000E+000
         294  0.000000000000000E+000  0.000000000000000E+000
         295  0.000000000000000E+000  0.000000000000000E+000
         296  0.000000000000000E+000  0.000000000000000E+000
         297  0.000000000000000E+000  0.000000000000000E+000
         298  0.000000000000000E+000  0.000000000000000E+000
         299  0.000000000000000E+000  0.000000000000000E+000
         300  0.000000000000000E+000  0.000000000000000E+000
         301  0.000000000000000E+000  0.000000000000000E+000
         302  0.000000000000000E+000  0.000000000000000E+000
         303  0.000000000000000E+000  0.000000000000000E+000
         304  0.000000000000000E+000  0.000000000000000E+000
         305  0.000000000000000E+000  0.000000000000000E+000
         306  0.000000000000000E+000  0.000000000000000E+000
         307  0.000000000000000E+000  0.000000000000000E+000
         308  0.000000000000000E+000  0.000000000000000E+000
         309  0.000000000000000E+000  0.000000000000000E+000
         310  0.000000000000000E+000  0.000000000000000E+000
         311  0.000000000000000E+000  0.000000000000000E+000
         312  0.000000000000000E+000  0.000000000000000E+000
         313  0.000000000000000E+000  0.000000000000000E+000
         314  0.000000000000000E+000  0.000000000000000E+000
         315  0.000000000000000E+000  0.000000000000000E+000
         316  0.000000000000000E+000  0.000000000000000E+000
         317  0.000000000000000E+000  0.000000000000000E+000
         318  0.000000000000000E+000  0.000000000000000E+000
         319  0.000000000000000E+000  0.000000000000000E+000
         320  0.000000000000000E+000  0.000000000000000E+000
         321  0.000000000000000E+000  0.000000000000000E+000
         322  0.000000000000000E+000  0.000000000000000E+000
         323  0.000000000000000E+000  0.000000000000000E+000
         324  0.000000000000000E+000  0.000000000000000E+000
         325  0.000000000000000E+000  0.000000000000000E+000
         326  0.000000000000000E+000  0.000000000000000E+000
         327  0.000000000000000E+000  0.000000000000000E+000
         328  0.000000000000000E+000  0.000000000000000E+000
         329  0.000000000000000E+000  0.000000000000000E+000
         330  0.000000000000000E+000  0.000000000000000E+000
         331  0.000000000000000E+000  0.000000000000000E+000
         332  0.000000000000000E+000  0.000000000000000E+000
         333  0.000000000000000E+000  0.000000000000000E+000
         334  0.000000000000000E+000  0.000000000000000E+000
         335  0.000000000000000E+000  0.000000000000000E+000
         336  0.000000000000000E+000  0.000000000000000E+000
         337  0.000000000000000E+000  0.000000000000000E+000
         338  0.000000000000000E+000  0.000000000000000E+000
         339  0.000000000000000E+000  0.000000000000000E+000
         340  0.000000000000000E+000  0.000000000000000E+000
         341  0.000000000000000E+000  0.000000000000000E+000
         342  0.000000000000000E+000  0.000000000000000E+000
         343  0.000000000000000E+000  0.000000000000000E+000
         344  0.000000000000000E+000  0.000000000000000E+000
         345  0.000000000000000E+000  0.000000000000000E+000
         346  0.000000000000000E+000  0.000000000000000E+000
         347  0.000000000000000E+000  0.000000000000000E+000
         348  0.000000000000000E+000  0.000000000000000E+000
         349  0.000000000000000E+000  0.000000000000000E+000
         350  0.000000000000000E+000  0.000000000000000E+000
         351  0.000000000000000E+000  0.000000000000000E+000
         352  0.000000000000000E+000  0.000000000000000E+000
         353  0.000000000000000E+000  0.000000000000000E+000
         354  0.000000000000000E+000  0.000000000000000E+000
         355  0.000000000000000E+000  0.000000000000000E+000
         356  0.000000000000000E+000  0.000000000000000E+000
         357  0.000000000000000E+000  0.000000000000000E+000
         358  0.000000000000000E+000  0.000000000000000E+000
         359  0.000000000000000E+000  0.000000000000000E+000
         360  0.000000000000000E+000  0.000000000000000E+000
         361  0.000000000000000E+000  0.000000000000000E+000
         362  0.000000000000000E+000  0.000000000000000E+000
         363  0.000000000000000E+000  0.000000000000000E+000
         364  0.000000000000000E+000  0.000000000000000E+000
         365  0.000000000000000E+000  0.000000000000000E+000
         366  0.000000000000000E+000  0.000000000000000E+000
         367  0.000000000000000E+000  0.000000000000000E+000
         368  0.000000000000000E+000  0.000000000000000E+000
         369  0.000000000000000E+000  0.000000000000000E+000
         370  0.000000000000000E+000  0.000000000000000E+000
         371  0.000000000000000E+000  0.000000000000000E+000
         372  0.000000000000000E+000  0.000000000000000E+000
         373  0.000000000000000E+000  0.000000000000000E+000
         374  0.000000000000000E+000  0.000000000000000E+000
         375  0.000000000000000E+000  0.000000000000000E+000
         376  0.000000000000000E+000  0.000000000000000E+000
         377  0.000000000000000E+000  0.000000000000000E+000
         378  0.000000000000000E+000  0.000000000000000E+000
         379  0.000000000000000E+000  0.000000000000000E+000
         380  0.000000000000000E+000  0.000000000000000E+000
         381  0.000000000000000E+000  0.000000000000000E+000
         382  0.000000000000000E+000  0.000000000000000E+000
         383  0.000000000000000E+000  0.000000000000000E+000
         384  0.000000000000000E+000  0.000000000000000E+000
         385  0.000000000000000E+000  0.000000000000000E+000
         386  0.000000000000000E+000  0.000000000000000E+000
         387  0.000000000000000E+000  0.000000000000000E+000
         388  0.000000000000000E+000  0.000000000000000E+000
         389  0.000000000000000E+000  0.000000000000000E+000
         390  0.000000000000000E+000  0.000000000000000E+000
         391  0.000000000000000E+000  0.000000000000000E+000
         392  0.000000000000000E+000  0.000000000000000E+000
         393  0.000000000000000E+000  0.000000000000000E+000
         394  0.000000000000000E+000  0.000000000000000E+000
         395  0.000000000000000E+000  0.000000000000000E+000
         396  0.000000000000000E+000  0.000000000000000E+000
         397  0.000000000000000E+000  0.000000000000000E+000
         398  0.000000000000000E+000  0.000000000000000E+000
         399  0.000000000000000E+000  0.000000000000000E+000
         400  0.000000000000000E+000  0.000000000000000E+000
         401  0.000000000000000E+000  0.000000000000000E+000
         402  0.000000000000000E+000  0.000000000000000E+000
         403  0.000000000000000E+000  0.000000000000000E+000
         404  0.000000000000000E+000  0.000000000000000E+000
         405  0.000000000000000E+000  0.000000000000000E+000
         406  0.000000000000000E+000  0.000000000000000E+000
         407  0.000000000000000E+000  0.000000000000000E+000
         408  0.000000000000000E+000  0.000000000000000E+000
         409  0.000000000000000E+000  0.000000000000000E+000
         410  0.000000000000000E+000  0.000000000000000E+000
         411  0.000000000000000E+000  0.000000000000000E+000
         412  0.000000000000000E+000  0.000000000000000E+000
         413  0.000000000000000E+000  0.000000000000000E+000
         414  0.000000000000000E+000  0.000000000000000E+000
         415  0.000000000000000E+000  0.000000000000000E+000
         416  0.000000000000000E+000  0.000000000000000E+000
         417  0.000000000000000E+000  0.000000000000000E+000
         418  0.000000000000000E+000  0.000000000000000E+000
         419  0.000000000000000E+000  0.000000000000000E+000
         420  0.000000000000000E+000  0.000000000000000E+000
         421  0.000000000000000E+000  0.000000000000000E+000
         422  0.000000000000000E+000  0.000000000000000E+000
         423  0.000000000000000E+000  0.000000000000000E+000
         424  0.000000000000000E+000  0.000000000000000E+000
         425  0.000000000000000E+000  0.000000000000000E+000
         426  0.000000000000000E+000  0.000000000000000E+000
         427  0.000000000000000E+000  0.000000000000000E+000
         428  0.000000000000000E+000  0.000000000000000E+000
         429  0.000000000000000E+000  0.000000000000000E+000
         430  0.000000000000000E+000  0.000000000000000E+000
         431  0.000000000000000E+000  0.000000000000000E+000
         432  0.000000000000000E+000  0.000000000000000E+000
         433  0.000000000000000E+000  0.000000000000000E+000
         434  0.000000000000000E+000  0.000000000000000E+000
         435  0.000000000000000E+000  0.000000000000000E+000
         436  0.000000000000000E+000  0.000000000000000E+000
         437  0.000000000000000E+000  0.000000000000000E+000
         438  0.000000000000000E+000  0.000000000000000E+000
         439  0.000000000000000E+000  0.000000000000000E+000
         440  0.000000000000000E+000  0.000000000000000E+000
         441  0.000000000000000E+000  0.000000000000000E+000
         442  0.000000000000000E+000  0.000000000000000E+000
         443  0.000000000000000E+000  0.000000000000000E+000
         444  0.000000000000000E+000  0.000000000000000E+000
