           0  0.000000000000000E+000  0.000000000000000E+000
           1   1.35062175703239        1.64339140604585     
           2  0.630100849819161        3.03578865557719     
           3  0.173400227045544        1.66618690206697     
           4  0.155646979516011        2.45780743220402     
           5  0.131520975129600        3.33520506260171     
           6  9.073350807664966E-002   3.37792218332945     
           7  7.234376139274651E-002   3.59378882942146     
           8  6.034024513859776E-002   3.85499983883471     
           9  5.475887013971298E-002   4.46303155344735     
          10  4.086054906610046E-002   4.13514435414506     
          11  3.446571281206304E-002   4.20092201784871     
          12  3.214710192791545E-002   4.63729848124877     
          13  3.006345640745958E-002   5.09906479051733     
          14  2.648425119898148E-002   5.21481405618989     
          15  2.221670761157525E-002   4.99886798936661     
          16  2.219255549443377E-002   5.66967035595283     
          17  2.077124276038826E-002   6.00981123146328     
          18  1.849685266864382E-002   6.01447146410207     
          19  1.557861035076601E-002   5.63819454287352     
          20  1.505398450597800E-002   6.02085151085314     
          21  1.421094493140938E-002   6.27442137238009     
          22  1.242957388801270E-002   6.02793407229272     
          23  1.140312431211616E-002   6.03808099173592     
          24  1.059093924141561E-002   6.10166894373801     
          25  1.038441524199591E-002   6.49088304844032     
          26  9.446211734038021E-003   6.39568085413673     
          27  8.293321525792716E-003   6.05306350508377     
          28  7.980539261861062E-003   6.26483062133875     
          29  7.302127827143207E-003   6.14762628176207     
          30  6.760896543087568E-003   6.08926945067341     
          31  6.393193000134330E-003   6.14880884813393     
          32  5.788315104967910E-003   5.93000275631569     
          33  5.486860788883019E-003   5.97461548906858     
          34  5.274133991966926E-003   6.10021098976797     
          35  4.720821119140513E-003   5.78595646367976     
          36  4.568544468044832E-003   5.92187610095690     
          37  4.158425344756756E-003   5.69711106046617     
          38  3.938506609998099E-003   5.69001604040309     
          39  3.636432498793515E-003   5.53152817081107     
          40  3.481303801151707E-003   5.56894252326366     
          41  3.268415838201314E-003   5.49690542773323     
          42  2.979134364980051E-003   5.25926581795426     
          43  2.897022613141524E-003   5.35933544633652     
          44  2.639253285834617E-003   5.11182765865673     
          45  2.542275660033363E-003   5.15124993356737     
          46  2.352383804183540E-003   4.98009213832890     
          47  2.256831515587539E-003   4.98579428881384     
          48  2.107600610941956E-003   4.85498053762063     
          49  2.008166045479577E-003   4.82191156325467     
          50  1.875810027297359E-003   4.69169122140420     
          51  1.725269859720840E-003   4.48933664558444     
          52  1.663580053431075E-003   4.49913745389114     
          53  1.581411513750784E-003   4.44400036610523     
          54  1.458690900178000E-003   4.25523914612748     
          55  1.373498895274098E-003   4.15514675165454     
          56  1.320811373557920E-003   4.14104524611753     
          57  1.264190542956782E-003   4.10783595380105     
          58  1.173898684421655E-003   3.95023074288427     
          59  1.107556402071588E-003   3.85584752553809     
          60  1.055371158993253E-003   3.80000484746860     
          61  9.987143884437845E-004   3.71696958364832     
          62  9.514832530989019E-004   3.65826168876580     
          63  8.737968789809610E-004   3.46807204777373     
          64  8.419950279985146E-004   3.44779212872619     
          65  8.114120007504730E-004   3.42831771094850     
          66  7.440177854739323E-004   3.24152816970341     
          67  7.240810079259409E-004   3.25117893340809     
          68  6.673828276739774E-004   3.08645293823149     
          69  6.485405206280738E-004   3.08818433798736     
          70  5.993648012361612E-004   2.93754560687048     
          71  5.714469321297119E-004   2.88057700927675     
          72  5.552782390251733E-004   2.87854645604194     
          73  5.141576603686277E-004   2.74000607311741     
          74  5.041687327369195E-004   2.76130819110300     
          75  4.648457751362026E-004   2.61505223498693     
          76  4.436969991015181E-004   2.56304903896197     
          77  4.243869453155062E-004   2.51656411301505     
          78  3.943946477541703E-004   2.39966360836296     
          79  3.797343210259145E-004   2.36978095228461     
          80  3.604612117613579E-004   2.30662811941438     
          81  3.494661384319347E-004   2.29281579650436     
          82  3.274315166160337E-004   2.20180330069489     
          83  3.092411173703906E-004   2.13057122764541     
          84  2.926156962691732E-004   2.06469990240380     
          85  2.830372849526331E-004   2.04496433544918     
          86  2.681020975007492E-004   1.98321930860015     
          87  2.520163996490732E-004   1.90771921766238     
          88  2.416500690975030E-004   1.87134720961839     
          89  2.312152404928393E-004   1.83150412264883     
          90  2.203752195202277E-004   1.78517744106063     
          91  2.074972626174082E-004   1.71861134940375     
          92  1.986726906958456E-004   1.68179466673128     
          93  1.879609100804574E-004   1.62586362301393     
          94  1.792220029783340E-004   1.58369728695681     
          95  1.686996898680734E-004   1.52237999969935     
          96  1.628660798166048E-004   1.50074807402131     
          97  1.558093670736988E-004   1.46588346107423     
          98  1.502885310620852E-004   1.44344973134603     
          99  1.395646907582498E-004   1.36803760303307     
         100  1.347300103772294E-004   1.34737981900363     
         101  1.275701661787462E-004   1.30144158445427     
         102  1.223691437010614E-004   1.27320448772428     
         103  1.166130943930145E-004   1.23728982513182     
         104  1.093498218279593E-004   1.18266434384964     
         105  1.070764457852860E-004   1.18049983307199     
         106  1.010199426805120E-004   1.13514485644454     
         107  9.635757003529353E-005   1.10323344486276     
         108  9.120330944472942E-005   1.06375365625293     
         109  8.868110576301800E-005   1.05367337847998     
         110  8.336752476369733E-005   1.00885524872548     
         111  7.881922089589959E-005  0.971144429276839     
         112  7.678729785148410E-005  0.963175414317377     
         113  7.292525829033684E-005  0.931166628854799     
         114  7.017499606402955E-005  0.912030873513906     
         115  6.597332527583013E-005  0.872510410023829     
         116  6.394487039720869E-005  0.860422707909558     
         117  6.100861067150582E-005  0.835200543105564     
         118  5.761148643354717E-005  0.802224015060025     
         119  5.518093404727020E-005  0.781388298403725     
         120  5.354532664699509E-005  0.770989587889019     
         121  5.089746981852019E-005  0.745189385381607     
         122  4.878152097696203E-005  0.726090816936673     
         123  4.679468832187439E-005  0.707974646290988     
         124  4.443578844428527E-005  0.683248337743842     
         125  4.316092657365954E-005  0.674433960121475     
         126  4.078241654113563E-005  0.647523086325713     
         127  3.896963330975975E-005  0.628529969545633     
         128  3.765142022031857E-005  0.616845224512800     
         129  3.607462002974748E-005  0.600320260623666     
         130  3.449955949627542E-005  0.583064914118363     
         131  3.298432476420521E-005  0.566044891249885     
         132  3.221233953681458E-005  0.561276375343974     
         133  3.057551896890428E-005  0.540881613525320     
         134  2.949179827250470E-005  0.529582292091128     
         135  2.808752669071782E-005  0.511894563332440     
         136  2.727427512145306E-005  0.504456182539003     
         137  2.636341493331642E-005  0.494841677384532     
         138  2.516154352993163E-005  0.479222087841291     
         139  2.420148889161694E-005  0.467600157650010     
         140  2.350645130611264E-005  0.460729500337837     
         141  2.262993135487176E-005  0.449912752119106     
         142  2.201726897208305E-005  0.443975089071551     
         143  2.094560572266532E-005  0.428323989763227     
         144  2.043994976613999E-005  0.423814747205480     
         145  1.987964244786573E-005  0.417950681266582     
         146  1.926668655794746E-005  0.410694293531811     
         147  1.867133964452264E-005  0.403479575118888     
         148  1.814836286368964E-005  0.397535828413516     
         149  1.774537852231082E-005  0.393996206109482     
         150  1.720707171806936E-005  0.387194869185123     
         151  1.683721449410303E-005  0.383929132617013     
         152  1.648361513290276E-005  0.380847737401849     
         153  1.614132622791115E-005  0.377864042353342     
         154  1.596120663800040E-005  0.378560182035014     
         155  1.552758712559789E-005  0.373070455509259     
         156  1.549012853917011E-005  0.376967932453857     
         157  1.540138054654750E-005  0.379644986970550     
         158  1.512637476259828E-005  0.377638724212033     
         159  1.513060300302749E-005  0.382519698475250     
         160  1.522876172261524E-005  0.389858386154488     
         161  1.533567123721010E-005  0.397542431728591     
         162  1.528438863700910E-005  0.401157490087976     
         163  1.562348846845531E-005  0.415139367648065     
         164  1.571921857811057E-005  0.422809451506777     
         165  1.637672500911957E-005  0.445895203419668     
         166  1.674755860173925E-005  0.461533686626445     
         167  1.770009105249730E-005  0.493669857004012     
         168  1.870019375740091E-005  0.527845521795346     
         169  2.033022136769270E-005  0.580721182525972     
         170  2.347669004882034E-005  0.678618298417039     
         171  3.986605225340764E-006  0.116009409606719     
         172  0.000000000000000E+000  0.000000000000000E+000
         173  0.000000000000000E+000  0.000000000000000E+000
         174  0.000000000000000E+000  0.000000000000000E+000
         175  0.000000000000000E+000  0.000000000000000E+000
         176  0.000000000000000E+000  0.000000000000000E+000
         177  0.000000000000000E+000  0.000000000000000E+000
         178  0.000000000000000E+000  0.000000000000000E+000
         179  0.000000000000000E+000  0.000000000000000E+000
         180  0.000000000000000E+000  0.000000000000000E+000
         181  0.000000000000000E+000  0.000000000000000E+000
         182  0.000000000000000E+000  0.000000000000000E+000
         183  0.000000000000000E+000  0.000000000000000E+000
         184  0.000000000000000E+000  0.000000000000000E+000
         185  0.000000000000000E+000  0.000000000000000E+000
         186  0.000000000000000E+000  0.000000000000000E+000
         187  0.000000000000000E+000  0.000000000000000E+000
         188  0.000000000000000E+000  0.000000000000000E+000
         189  0.000000000000000E+000  0.000000000000000E+000
         190  0.000000000000000E+000  0.000000000000000E+000
         191  0.000000000000000E+000  0.000000000000000E+000
         192  0.000000000000000E+000  0.000000000000000E+000
         193  0.000000000000000E+000  0.000000000000000E+000
         194  0.000000000000000E+000  0.000000000000000E+000
         195  0.000000000000000E+000  0.000000000000000E+000
         196  0.000000000000000E+000  0.000000000000000E+000
         197  0.000000000000000E+000  0.000000000000000E+000
         198  0.000000000000000E+000  0.000000000000000E+000
         199  0.000000000000000E+000  0.000000000000000E+000
         200  0.000000000000000E+000  0.000000000000000E+000
         201  0.000000000000000E+000  0.000000000000000E+000
         202  0.000000000000000E+000  0.000000000000000E+000
         203  0.000000000000000E+000  0.000000000000000E+000
         204  0.000000000000000E+000  0.000000000000000E+000
         205  0.000000000000000E+000  0.000000000000000E+000
         206  0.000000000000000E+000  0.000000000000000E+000
         207  0.000000000000000E+000  0.000000000000000E+000
         208  0.000000000000000E+000  0.000000000000000E+000
         209  0.000000000000000E+000  0.000000000000000E+000
         210  0.000000000000000E+000  0.000000000000000E+000
         211  0.000000000000000E+000  0.000000000000000E+000
         212  0.000000000000000E+000  0.000000000000000E+000
         213  0.000000000000000E+000  0.000000000000000E+000
         214  0.000000000000000E+000  0.000000000000000E+000
         215  0.000000000000000E+000  0.000000000000000E+000
         216  0.000000000000000E+000  0.000000000000000E+000
         217  0.000000000000000E+000  0.000000000000000E+000
         218  0.000000000000000E+000  0.000000000000000E+000
         219  0.000000000000000E+000  0.000000000000000E+000
         220  0.000000000000000E+000  0.000000000000000E+000
         221  0.000000000000000E+000  0.000000000000000E+000
         222  0.000000000000000E+000  0.000000000000000E+000
         223  0.000000000000000E+000  0.000000000000000E+000
         224  0.000000000000000E+000  0.000000000000000E+000
         225  0.000000000000000E+000  0.000000000000000E+000
         226  0.000000000000000E+000  0.000000000000000E+000
         227  0.000000000000000E+000  0.000000000000000E+000
         228  0.000000000000000E+000  0.000000000000000E+000
         229  0.000000000000000E+000  0.000000000000000E+000
         230  0.000000000000000E+000  0.000000000000000E+000
         231  0.000000000000000E+000  0.000000000000000E+000
         232  0.000000000000000E+000  0.000000000000000E+000
         233  0.000000000000000E+000  0.000000000000000E+000
         234  0.000000000000000E+000  0.000000000000000E+000
         235  0.000000000000000E+000  0.000000000000000E+000
         236  0.000000000000000E+000  0.000000000000000E+000
         237  0.000000000000000E+000  0.000000000000000E+000
         238  0.000000000000000E+000  0.000000000000000E+000
         239  0.000000000000000E+000  0.000000000000000E+000
         240  0.000000000000000E+000  0.000000000000000E+000
         241  0.000000000000000E+000  0.000000000000000E+000
         242  0.000000000000000E+000  0.000000000000000E+000
         243  0.000000000000000E+000  0.000000000000000E+000
         244  0.000000000000000E+000  0.000000000000000E+000
         245  0.000000000000000E+000  0.000000000000000E+000
         246  0.000000000000000E+000  0.000000000000000E+000
         247  0.000000000000000E+000  0.000000000000000E+000
         248  0.000000000000000E+000  0.000000000000000E+000
         249  0.000000000000000E+000  0.000000000000000E+000
         250  0.000000000000000E+000  0.000000000000000E+000
         251  0.000000000000000E+000  0.000000000000000E+000
         252  0.000000000000000E+000  0.000000000000000E+000
         253  0.000000000000000E+000  0.000000000000000E+000
         254  0.000000000000000E+000  0.000000000000000E+000
         255  0.000000000000000E+000  0.000000000000000E+000
         256  0.000000000000000E+000  0.000000000000000E+000
         257  0.000000000000000E+000  0.000000000000000E+000
         258  0.000000000000000E+000  0.000000000000000E+000
         259  0.000000000000000E+000  0.000000000000000E+000
         260  0.000000000000000E+000  0.000000000000000E+000
         261  0.000000000000000E+000  0.000000000000000E+000
         262  0.000000000000000E+000  0.000000000000000E+000
         263  0.000000000000000E+000  0.000000000000000E+000
         264  0.000000000000000E+000  0.000000000000000E+000
         265  0.000000000000000E+000  0.000000000000000E+000
         266  0.000000000000000E+000  0.000000000000000E+000
         267  0.000000000000000E+000  0.000000000000000E+000
         268  0.000000000000000E+000  0.000000000000000E+000
         269  0.000000000000000E+000  0.000000000000000E+000
         270  0.000000000000000E+000  0.000000000000000E+000
         271  0.000000000000000E+000  0.000000000000000E+000
         272  0.000000000000000E+000  0.000000000000000E+000
         273  0.000000000000000E+000  0.000000000000000E+000
         274  0.000000000000000E+000  0.000000000000000E+000
         275  0.000000000000000E+000  0.000000000000000E+000
         276  0.000000000000000E+000  0.000000000000000E+000
         277  0.000000000000000E+000  0.000000000000000E+000
         278  0.000000000000000E+000  0.000000000000000E+000
         279  0.000000000000000E+000  0.000000000000000E+000
         280  0.000000000000000E+000  0.000000000000000E+000
         281  0.000000000000000E+000  0.000000000000000E+000
         282  0.000000000000000E+000  0.000000000000000E+000
         283  0.000000000000000E+000  0.000000000000000E+000
         284  0.000000000000000E+000  0.000000000000000E+000
         285  0.000000000000000E+000  0.000000000000000E+000
         286  0.000000000000000E+000  0.000000000000000E+000
         287  0.000000000000000E+000  0.000000000000000E+000
         288  0.000000000000000E+000  0.000000000000000E+000
         289  0.000000000000000E+000  0.000000000000000E+000
         290  0.000000000000000E+000  0.000000000000000E+000
         291  0.000000000000000E+000  0.000000000000000E+000
         292  0.000000000000000E+000  0.000000000000000E+000
         293  0.000000000000000E+000  0.000000000000000E+000
         294  0.000000000000000E+000  0.000000000000000E+000
         295  0.000000000000000E+000  0.000000000000000E+000
         296  0.000000000000000E+000  0.000000000000000E+000
         297  0.000000000000000E+000  0.000000000000000E+000
         298  0.000000000000000E+000  0.000000000000000E+000
         299  0.000000000000000E+000  0.000000000000000E+000
         300  0.000000000000000E+000  0.000000000000000E+000
         301  0.000000000000000E+000  0.000000000000000E+000
         302  0.000000000000000E+000  0.000000000000000E+000
         303  0.000000000000000E+000  0.000000000000000E+000
         304  0.000000000000000E+000  0.000000000000000E+000
         305  0.000000000000000E+000  0.000000000000000E+000
         306  0.000000000000000E+000  0.000000000000000E+000
         307  0.000000000000000E+000  0.000000000000000E+000
         308  0.000000000000000E+000  0.000000000000000E+000
         309  0.000000000000000E+000  0.000000000000000E+000
         310  0.000000000000000E+000  0.000000000000000E+000
         311  0.000000000000000E+000  0.000000000000000E+000
         312  0.000000000000000E+000  0.000000000000000E+000
         313  0.000000000000000E+000  0.000000000000000E+000
         314  0.000000000000000E+000  0.000000000000000E+000
         315  0.000000000000000E+000  0.000000000000000E+000
         316  0.000000000000000E+000  0.000000000000000E+000
         317  0.000000000000000E+000  0.000000000000000E+000
         318  0.000000000000000E+000  0.000000000000000E+000
         319  0.000000000000000E+000  0.000000000000000E+000
         320  0.000000000000000E+000  0.000000000000000E+000
         321  0.000000000000000E+000  0.000000000000000E+000
         322  0.000000000000000E+000  0.000000000000000E+000
         323  0.000000000000000E+000  0.000000000000000E+000
         324  0.000000000000000E+000  0.000000000000000E+000
         325  0.000000000000000E+000  0.000000000000000E+000
         326  0.000000000000000E+000  0.000000000000000E+000
         327  0.000000000000000E+000  0.000000000000000E+000
         328  0.000000000000000E+000  0.000000000000000E+000
         329  0.000000000000000E+000  0.000000000000000E+000
         330  0.000000000000000E+000  0.000000000000000E+000
         331  0.000000000000000E+000  0.000000000000000E+000
         332  0.000000000000000E+000  0.000000000000000E+000
         333  0.000000000000000E+000  0.000000000000000E+000
         334  0.000000000000000E+000  0.000000000000000E+000
         335  0.000000000000000E+000  0.000000000000000E+000
         336  0.000000000000000E+000  0.000000000000000E+000
         337  0.000000000000000E+000  0.000000000000000E+000
         338  0.000000000000000E+000  0.000000000000000E+000
         339  0.000000000000000E+000  0.000000000000000E+000
         340  0.000000000000000E+000  0.000000000000000E+000
         341  0.000000000000000E+000  0.000000000000000E+000
         342  0.000000000000000E+000  0.000000000000000E+000
         343  0.000000000000000E+000  0.000000000000000E+000
         344  0.000000000000000E+000  0.000000000000000E+000
         345  0.000000000000000E+000  0.000000000000000E+000
         346  0.000000000000000E+000  0.000000000000000E+000
         347  0.000000000000000E+000  0.000000000000000E+000
         348  0.000000000000000E+000  0.000000000000000E+000
         349  0.000000000000000E+000  0.000000000000000E+000
         350  0.000000000000000E+000  0.000000000000000E+000
         351  0.000000000000000E+000  0.000000000000000E+000
         352  0.000000000000000E+000  0.000000000000000E+000
         353  0.000000000000000E+000  0.000000000000000E+000
         354  0.000000000000000E+000  0.000000000000000E+000
         355  0.000000000000000E+000  0.000000000000000E+000
         356  0.000000000000000E+000  0.000000000000000E+000
         357  0.000000000000000E+000  0.000000000000000E+000
         358  0.000000000000000E+000  0.000000000000000E+000
         359  0.000000000000000E+000  0.000000000000000E+000
         360  0.000000000000000E+000  0.000000000000000E+000
         361  0.000000000000000E+000  0.000000000000000E+000
         362  0.000000000000000E+000  0.000000000000000E+000
         363  0.000000000000000E+000  0.000000000000000E+000
         364  0.000000000000000E+000  0.000000000000000E+000
         365  0.000000000000000E+000  0.000000000000000E+000
         366  0.000000000000000E+000  0.000000000000000E+000
         367  0.000000000000000E+000  0.000000000000000E+000
         368  0.000000000000000E+000  0.000000000000000E+000
         369  0.000000000000000E+000  0.000000000000000E+000
         370  0.000000000000000E+000  0.000000000000000E+000
         371  0.000000000000000E+000  0.000000000000000E+000
         372  0.000000000000000E+000  0.000000000000000E+000
         373  0.000000000000000E+000  0.000000000000000E+000
         374  0.000000000000000E+000  0.000000000000000E+000
         375  0.000000000000000E+000  0.000000000000000E+000
         376  0.000000000000000E+000  0.000000000000000E+000
         377  0.000000000000000E+000  0.000000000000000E+000
         378  0.000000000000000E+000  0.000000000000000E+000
         379  0.000000000000000E+000  0.000000000000000E+000
         380  0.000000000000000E+000  0.000000000000000E+000
         381  0.000000000000000E+000  0.000000000000000E+000
         382  0.000000000000000E+000  0.000000000000000E+000
         383  0.000000000000000E+000  0.000000000000000E+000
         384  0.000000000000000E+000  0.000000000000000E+000
         385  0.000000000000000E+000  0.000000000000000E+000
         386  0.000000000000000E+000  0.000000000000000E+000
         387  0.000000000000000E+000  0.000000000000000E+000
         388  0.000000000000000E+000  0.000000000000000E+000
         389  0.000000000000000E+000  0.000000000000000E+000
         390  0.000000000000000E+000  0.000000000000000E+000
         391  0.000000000000000E+000  0.000000000000000E+000
         392  0.000000000000000E+000  0.000000000000000E+000
         393  0.000000000000000E+000  0.000000000000000E+000
         394  0.000000000000000E+000  0.000000000000000E+000
         395  0.000000000000000E+000  0.000000000000000E+000
         396  0.000000000000000E+000  0.000000000000000E+000
         397  0.000000000000000E+000  0.000000000000000E+000
         398  0.000000000000000E+000  0.000000000000000E+000
         399  0.000000000000000E+000  0.000000000000000E+000
         400  0.000000000000000E+000  0.000000000000000E+000
         401  0.000000000000000E+000  0.000000000000000E+000
         402  0.000000000000000E+000  0.000000000000000E+000
         403  0.000000000000000E+000  0.000000000000000E+000
         404  0.000000000000000E+000  0.000000000000000E+000
         405  0.000000000000000E+000  0.000000000000000E+000
         406  0.000000000000000E+000  0.000000000000000E+000
         407  0.000000000000000E+000  0.000000000000000E+000
         408  0.000000000000000E+000  0.000000000000000E+000
         409  0.000000000000000E+000  0.000000000000000E+000
         410  0.000000000000000E+000  0.000000000000000E+000
         411  0.000000000000000E+000  0.000000000000000E+000
         412  0.000000000000000E+000  0.000000000000000E+000
         413  0.000000000000000E+000  0.000000000000000E+000
         414  0.000000000000000E+000  0.000000000000000E+000
         415  0.000000000000000E+000  0.000000000000000E+000
         416  0.000000000000000E+000  0.000000000000000E+000
         417  0.000000000000000E+000  0.000000000000000E+000
         418  0.000000000000000E+000  0.000000000000000E+000
         419  0.000000000000000E+000  0.000000000000000E+000
         420  0.000000000000000E+000  0.000000000000000E+000
         421  0.000000000000000E+000  0.000000000000000E+000
         422  0.000000000000000E+000  0.000000000000000E+000
         423  0.000000000000000E+000  0.000000000000000E+000
         424  0.000000000000000E+000  0.000000000000000E+000
         425  0.000000000000000E+000  0.000000000000000E+000
         426  0.000000000000000E+000  0.000000000000000E+000
         427  0.000000000000000E+000  0.000000000000000E+000
         428  0.000000000000000E+000  0.000000000000000E+000
         429  0.000000000000000E+000  0.000000000000000E+000
         430  0.000000000000000E+000  0.000000000000000E+000
         431  0.000000000000000E+000  0.000000000000000E+000
         432  0.000000000000000E+000  0.000000000000000E+000
         433  0.000000000000000E+000  0.000000000000000E+000
         434  0.000000000000000E+000  0.000000000000000E+000
         435  0.000000000000000E+000  0.000000000000000E+000
         436  0.000000000000000E+000  0.000000000000000E+000
         437  0.000000000000000E+000  0.000000000000000E+000
         438  0.000000000000000E+000  0.000000000000000E+000
         439  0.000000000000000E+000  0.000000000000000E+000
         440  0.000000000000000E+000  0.000000000000000E+000
         441  0.000000000000000E+000  0.000000000000000E+000
         442  0.000000000000000E+000  0.000000000000000E+000
         443  0.000000000000000E+000  0.000000000000000E+000
         444  0.000000000000000E+000  0.000000000000000E+000
