           0  0.000000000000000E+000  0.000000000000000E+000
           1   1.61580816178310        1.75236389127782     
           2  0.575606376086907        2.96071845023838     
           3  0.209923705444134        2.00536490881049     
           4  0.184443820257268        2.89372209817599     
           5  0.116526711294451        2.97790563907602     
           6  9.190604864345507E-002   3.38821163317336     
           7  7.119685007357887E-002   3.51897140525451     
           8  5.328136634882233E-002   3.40924124491993     
           9  5.508327584162882E-002   4.47625746564463     
          10  4.149959765422164E-002   4.20896704406941     
          11  3.680503393647620E-002   4.48040526915717     
          12  3.452016353117821E-002   4.97757280864527     
          13  2.987908273159285E-002   5.06858822595829     
          14  2.692337583219362E-002   5.30851015641227     
          15  2.188394326253077E-002   4.91773635444843     
          16  2.246407695301542E-002   5.74058734406813     
          17  1.939367722787392E-002   5.61210003324594     
          18  1.815422859188015E-002   5.90263878678950     
          19  1.559277888824757E-002   5.63897879387246     
          20  1.478607063399399E-002   5.91776730934681     
          21  1.398202049379485E-002   6.17552725497384     
          22  1.214034849853253E-002   5.88796337747790     
          23  1.142413813669207E-002   6.04753959093720     
          24  1.064614712929065E-002   6.13042273772216     
          25  1.004185669345702E-002   6.27872665203170     
          26  9.142386825439679E-003   6.18893082984196     
          27  8.349394393715770E-003   6.09256709475232     
          28  7.974092281568600E-003   6.25722374301491     
          29  7.115133996935353E-003   5.99222356580954     
          30  6.605219038149760E-003   5.95030289400492     
          31  6.328807371407428E-003   6.08765390726319     
          32  5.666558687454703E-003   5.80549889042201     
          33  5.500545185209676E-003   5.99010707702567     
          34  5.160190504858491E-003   5.97062603069119     
          35  4.762012717602494E-003   5.83705083916676     
          36  4.548775833110960E-003   5.89648022410501     
          37  4.119878436800777E-003   5.64295161647815     
          38  3.881758172555407E-003   5.60890150631114     
          39  3.557382599599608E-003   5.41298897157571     
          40  3.429493570845536E-003   5.48674332528893     
          41  3.239683836479365E-003   5.44838127393387     
          42  2.966959472131458E-003   5.23672108830140     
          43  2.860691704423636E-003   5.29151011576359     
          44  2.603653320529639E-003   5.04264426849679     
          45  2.523539890940088E-003   5.11282018376049     
          46  2.357050676901550E-003   4.98966089987336     
          47  2.194154309131106E-003   4.84623699497374     
          48  2.084097683738457E-003   4.80054413766466     
          49  1.977099242203218E-003   4.74795594702388     
          50  1.854186111374995E-003   4.63821724261927     
          51  1.723663638985889E-003   4.48458244210354     
          52  1.668412970404101E-003   4.51270709844533     
          53  1.558404064685531E-003   4.37929372132788     
          54  1.454834459004413E-003   4.24364352856088     
          55  1.359734799252971E-003   4.11358589259562     
          56  1.300899743660690E-003   4.07927487862319     
          57  1.256813770564198E-003   4.08362662204047     
          58  1.161848728162127E-003   3.90909917130876     
          59  1.104410528326314E-003   3.84481275252499     
          60  1.055446640472951E-003   3.79975656438774     
          61  9.887490054624557E-004   3.67975288878551     
          62  9.288156357965434E-004   3.57114723657643     
          63  8.573380344691152E-004   3.40272561547312     
          64  8.305140630267252E-004   3.40096870295208     
          65  8.088845232481592E-004   3.41741206560028     
          66  7.381558554823821E-004   3.21603845092257     
          67  7.154726864706136E-004   3.21214343985349     
          68  6.688355833111812E-004   3.09324590843526     
          69  6.414099973667692E-004   3.05453719548787     
          70  5.994776592848564E-004   2.93817584849070     
          71  5.621251553336767E-004   2.83362521117549     
          72  5.504949174228497E-004   2.85346398966828     
          73  5.143736986975826E-004   2.74129758796752     
          74  4.935257485264154E-004   2.70294184345840     
          75  4.576484472340552E-004   2.57467102368776     
          76  4.407673890429116E-004   2.54619866905740     
          77  4.215490564906807E-004   2.49979573503885     
          78  3.926715082679496E-004   2.38927896759863     
          79  3.793814800111179E-004   2.36765380507888     
          80  3.569272590906022E-004   2.28406915254147     
          81  3.435387765862508E-004   2.25398324394631     
          82  3.246870103853250E-004   2.18335554707003     
          83  3.073332857609208E-004   2.11750043486115     
          84  2.904434293156230E-004   2.04940679512021     
          85  2.819702706482598E-004   2.03729620722207     
          86  2.651152211374593E-004   1.96123562890277     
          87  2.496774819261064E-004   1.89001887448097     
          88  2.407424052473793E-004   1.86431759058729     
          89  2.302824611714457E-004   1.82407807246054     
          90  2.185949911454662E-004   1.77087206569524     
          91  2.067782909591818E-004   1.71268841695751     
          92  1.965168063673839E-004   1.66348902094100     
          93  1.870300709327917E-004   1.61780934309923     
          94  1.779624034399408E-004   1.57251169727132     
          95  1.686442406256835E-004   1.52184387066121     
          96  1.622821853867948E-004   1.49538728073071     
          97  1.546544230692743E-004   1.45499625454852     
          98  1.490723540494262E-004   1.43177927571868     
          99  1.398962598434513E-004   1.37125585560935     
         100  1.337905245923429E-004   1.33793219004107     
         101  1.272397846973176E-004   1.29803780413474     
         102  1.214665640329762E-004   1.26382632167013     
         103  1.165245944001757E-004   1.23636135333851     
         104  1.088919071653603E-004   1.17774614993727     
         105  1.069630747235958E-004   1.17925121254748     
         106  9.968375821684348E-005   1.12012938281429     
         107  9.560930394334078E-005   1.09466240599314     
         108  9.110456288999412E-005   1.06262045842258     
         109  8.867511420462133E-005   1.05360163134281     
         110  8.303560418690272E-005   1.00484611585512     
         111  7.842832413511487E-005  0.966314443122585     
         112  7.619790053756120E-005  0.955792350528146     
         113  7.289586484942649E-005  0.930787357010085     
         114  6.972745003195812E-005  0.906221406489846     
         115  6.557230027282498E-005  0.867196108081450     
         116  6.352206060081724E-005  0.854730966838486     
         117  6.086434690979953E-005  0.833236611877349     
         118  5.729602309521710E-005  0.797832615817460     
         119  5.491663100802970E-005  0.777632724422861     
         120  5.316401081474302E-005  0.765518455943653     
         121  5.075536470241241E-005  0.743103447930083     
         122  4.841079362736654E-005  0.720569243216025     
         123  4.651917329811480E-005  0.703801869860840     
         124  4.404908682277913E-005  0.677322235544693     
         125  4.276464362635984E-005  0.668240980254031     
         126  4.063809746286099E-005  0.645212426912759     
         127  3.883864064116080E-005  0.626426502994990     
         128  3.726816886780527E-005  0.610577627956918     
         129  3.597724026234020E-005  0.598699849547276     
         130  3.424128962437243E-005  0.578703340432514     
         131  3.273327509795641E-005  0.561726475364268     
         132  3.203003969741674E-005  0.558097278222182     
         133  3.029973881455825E-005  0.535989983846190     
         134  2.923311928755074E-005  0.524927734595043     
         135  2.793061075162847E-005  0.509037857299644     
         136  2.704622227140270E-005  0.500226847024083     
         137  2.633677027273156E-005  0.494343614160575     
         138  2.495490263041245E-005  0.475277378605817     
         139  2.404037987740297E-005  0.464487747246641     
         140  2.332694236657110E-005  0.457205083296565     
         141  2.246392086957998E-005  0.446617364191723     
         142  2.182513594414199E-005  0.440103402761506     
         143  2.068141930457751E-005  0.422910268025143     
         144  2.027607259026489E-005  0.420416078687396     
         145  1.973838960977026E-005  0.414980246609631     
         146  1.914417875725666E-005  0.408077790319841     
         147  1.849707398763485E-005  0.399707601990772     
         148  1.814336609102142E-005  0.397420717003762     
         149  1.756732123843108E-005  0.390037107504086     
         150  1.709929274969278E-005  0.384769318597278     
         151  1.666870702819007E-005  0.380090236696028     
         152  1.631249505040649E-005  0.376899971819587     
         153  1.600172967739890E-005  0.374595170613113     
         154  1.583993545279748E-005  0.375685149782130     
         155  1.544462941782414E-005  0.371076885850925     
         156  1.535629906164165E-005  0.373720310797493     
         157  1.528791712815517E-005  0.376851284497515     
         158  1.506219972318743E-005  0.376029717957686     
         159  1.493144444446896E-005  0.377485113971660     
         160  1.506976649673760E-005  0.385781335766997     
         161  1.525600304482739E-005  0.395474077409243     
         162  1.513936567852842E-005  0.397351137496961     
         163  1.553632564799185E-005  0.412818555036581     
         164  1.564114215685140E-005  0.420714513376512     
         165  1.628067968133410E-005  0.443280732917361     
         166  1.659310159711566E-005  0.457275849870004     
         167  1.754121084520483E-005  0.489240193799847     
         168  1.847680466373735E-005  0.521536445111087     
         169  2.022626092086746E-005  0.577762609173368     
         170  2.355660423926558E-005  0.680943131473388     
         171  4.037228010680138E-006  0.117482518140419     
         172  0.000000000000000E+000  0.000000000000000E+000
         173  0.000000000000000E+000  0.000000000000000E+000
         174  0.000000000000000E+000  0.000000000000000E+000
         175  0.000000000000000E+000  0.000000000000000E+000
         176  0.000000000000000E+000  0.000000000000000E+000
         177  0.000000000000000E+000  0.000000000000000E+000
         178  0.000000000000000E+000  0.000000000000000E+000
         179  0.000000000000000E+000  0.000000000000000E+000
         180  0.000000000000000E+000  0.000000000000000E+000
         181  0.000000000000000E+000  0.000000000000000E+000
         182  0.000000000000000E+000  0.000000000000000E+000
         183  0.000000000000000E+000  0.000000000000000E+000
         184  0.000000000000000E+000  0.000000000000000E+000
         185  0.000000000000000E+000  0.000000000000000E+000
         186  0.000000000000000E+000  0.000000000000000E+000
         187  0.000000000000000E+000  0.000000000000000E+000
         188  0.000000000000000E+000  0.000000000000000E+000
         189  0.000000000000000E+000  0.000000000000000E+000
         190  0.000000000000000E+000  0.000000000000000E+000
         191  0.000000000000000E+000  0.000000000000000E+000
         192  0.000000000000000E+000  0.000000000000000E+000
         193  0.000000000000000E+000  0.000000000000000E+000
         194  0.000000000000000E+000  0.000000000000000E+000
         195  0.000000000000000E+000  0.000000000000000E+000
         196  0.000000000000000E+000  0.000000000000000E+000
         197  0.000000000000000E+000  0.000000000000000E+000
         198  0.000000000000000E+000  0.000000000000000E+000
         199  0.000000000000000E+000  0.000000000000000E+000
         200  0.000000000000000E+000  0.000000000000000E+000
         201  0.000000000000000E+000  0.000000000000000E+000
         202  0.000000000000000E+000  0.000000000000000E+000
         203  0.000000000000000E+000  0.000000000000000E+000
         204  0.000000000000000E+000  0.000000000000000E+000
         205  0.000000000000000E+000  0.000000000000000E+000
         206  0.000000000000000E+000  0.000000000000000E+000
         207  0.000000000000000E+000  0.000000000000000E+000
         208  0.000000000000000E+000  0.000000000000000E+000
         209  0.000000000000000E+000  0.000000000000000E+000
         210  0.000000000000000E+000  0.000000000000000E+000
         211  0.000000000000000E+000  0.000000000000000E+000
         212  0.000000000000000E+000  0.000000000000000E+000
         213  0.000000000000000E+000  0.000000000000000E+000
         214  0.000000000000000E+000  0.000000000000000E+000
         215  0.000000000000000E+000  0.000000000000000E+000
         216  0.000000000000000E+000  0.000000000000000E+000
         217  0.000000000000000E+000  0.000000000000000E+000
         218  0.000000000000000E+000  0.000000000000000E+000
         219  0.000000000000000E+000  0.000000000000000E+000
         220  0.000000000000000E+000  0.000000000000000E+000
         221  0.000000000000000E+000  0.000000000000000E+000
         222  0.000000000000000E+000  0.000000000000000E+000
         223  0.000000000000000E+000  0.000000000000000E+000
         224  0.000000000000000E+000  0.000000000000000E+000
         225  0.000000000000000E+000  0.000000000000000E+000
         226  0.000000000000000E+000  0.000000000000000E+000
         227  0.000000000000000E+000  0.000000000000000E+000
         228  0.000000000000000E+000  0.000000000000000E+000
         229  0.000000000000000E+000  0.000000000000000E+000
         230  0.000000000000000E+000  0.000000000000000E+000
         231  0.000000000000000E+000  0.000000000000000E+000
         232  0.000000000000000E+000  0.000000000000000E+000
         233  0.000000000000000E+000  0.000000000000000E+000
         234  0.000000000000000E+000  0.000000000000000E+000
         235  0.000000000000000E+000  0.000000000000000E+000
         236  0.000000000000000E+000  0.000000000000000E+000
         237  0.000000000000000E+000  0.000000000000000E+000
         238  0.000000000000000E+000  0.000000000000000E+000
         239  0.000000000000000E+000  0.000000000000000E+000
         240  0.000000000000000E+000  0.000000000000000E+000
         241  0.000000000000000E+000  0.000000000000000E+000
         242  0.000000000000000E+000  0.000000000000000E+000
         243  0.000000000000000E+000  0.000000000000000E+000
         244  0.000000000000000E+000  0.000000000000000E+000
         245  0.000000000000000E+000  0.000000000000000E+000
         246  0.000000000000000E+000  0.000000000000000E+000
         247  0.000000000000000E+000  0.000000000000000E+000
         248  0.000000000000000E+000  0.000000000000000E+000
         249  0.000000000000000E+000  0.000000000000000E+000
         250  0.000000000000000E+000  0.000000000000000E+000
         251  0.000000000000000E+000  0.000000000000000E+000
         252  0.000000000000000E+000  0.000000000000000E+000
         253  0.000000000000000E+000  0.000000000000000E+000
         254  0.000000000000000E+000  0.000000000000000E+000
         255  0.000000000000000E+000  0.000000000000000E+000
         256  0.000000000000000E+000  0.000000000000000E+000
         257  0.000000000000000E+000  0.000000000000000E+000
         258  0.000000000000000E+000  0.000000000000000E+000
         259  0.000000000000000E+000  0.000000000000000E+000
         260  0.000000000000000E+000  0.000000000000000E+000
         261  0.000000000000000E+000  0.000000000000000E+000
         262  0.000000000000000E+000  0.000000000000000E+000
         263  0.000000000000000E+000  0.000000000000000E+000
         264  0.000000000000000E+000  0.000000000000000E+000
         265  0.000000000000000E+000  0.000000000000000E+000
         266  0.000000000000000E+000  0.000000000000000E+000
         267  0.000000000000000E+000  0.000000000000000E+000
         268  0.000000000000000E+000  0.000000000000000E+000
         269  0.000000000000000E+000  0.000000000000000E+000
         270  0.000000000000000E+000  0.000000000000000E+000
         271  0.000000000000000E+000  0.000000000000000E+000
         272  0.000000000000000E+000  0.000000000000000E+000
         273  0.000000000000000E+000  0.000000000000000E+000
         274  0.000000000000000E+000  0.000000000000000E+000
         275  0.000000000000000E+000  0.000000000000000E+000
         276  0.000000000000000E+000  0.000000000000000E+000
         277  0.000000000000000E+000  0.000000000000000E+000
         278  0.000000000000000E+000  0.000000000000000E+000
         279  0.000000000000000E+000  0.000000000000000E+000
         280  0.000000000000000E+000  0.000000000000000E+000
         281  0.000000000000000E+000  0.000000000000000E+000
         282  0.000000000000000E+000  0.000000000000000E+000
         283  0.000000000000000E+000  0.000000000000000E+000
         284  0.000000000000000E+000  0.000000000000000E+000
         285  0.000000000000000E+000  0.000000000000000E+000
         286  0.000000000000000E+000  0.000000000000000E+000
         287  0.000000000000000E+000  0.000000000000000E+000
         288  0.000000000000000E+000  0.000000000000000E+000
         289  0.000000000000000E+000  0.000000000000000E+000
         290  0.000000000000000E+000  0.000000000000000E+000
         291  0.000000000000000E+000  0.000000000000000E+000
         292  0.000000000000000E+000  0.000000000000000E+000
         293  0.000000000000000E+000  0.000000000000000E+000
         294  0.000000000000000E+000  0.000000000000000E+000
         295  0.000000000000000E+000  0.000000000000000E+000
         296  0.000000000000000E+000  0.000000000000000E+000
         297  0.000000000000000E+000  0.000000000000000E+000
         298  0.000000000000000E+000  0.000000000000000E+000
         299  0.000000000000000E+000  0.000000000000000E+000
         300  0.000000000000000E+000  0.000000000000000E+000
         301  0.000000000000000E+000  0.000000000000000E+000
         302  0.000000000000000E+000  0.000000000000000E+000
         303  0.000000000000000E+000  0.000000000000000E+000
         304  0.000000000000000E+000  0.000000000000000E+000
         305  0.000000000000000E+000  0.000000000000000E+000
         306  0.000000000000000E+000  0.000000000000000E+000
         307  0.000000000000000E+000  0.000000000000000E+000
         308  0.000000000000000E+000  0.000000000000000E+000
         309  0.000000000000000E+000  0.000000000000000E+000
         310  0.000000000000000E+000  0.000000000000000E+000
         311  0.000000000000000E+000  0.000000000000000E+000
         312  0.000000000000000E+000  0.000000000000000E+000
         313  0.000000000000000E+000  0.000000000000000E+000
         314  0.000000000000000E+000  0.000000000000000E+000
         315  0.000000000000000E+000  0.000000000000000E+000
         316  0.000000000000000E+000  0.000000000000000E+000
         317  0.000000000000000E+000  0.000000000000000E+000
         318  0.000000000000000E+000  0.000000000000000E+000
         319  0.000000000000000E+000  0.000000000000000E+000
         320  0.000000000000000E+000  0.000000000000000E+000
         321  0.000000000000000E+000  0.000000000000000E+000
         322  0.000000000000000E+000  0.000000000000000E+000
         323  0.000000000000000E+000  0.000000000000000E+000
         324  0.000000000000000E+000  0.000000000000000E+000
         325  0.000000000000000E+000  0.000000000000000E+000
         326  0.000000000000000E+000  0.000000000000000E+000
         327  0.000000000000000E+000  0.000000000000000E+000
         328  0.000000000000000E+000  0.000000000000000E+000
         329  0.000000000000000E+000  0.000000000000000E+000
         330  0.000000000000000E+000  0.000000000000000E+000
         331  0.000000000000000E+000  0.000000000000000E+000
         332  0.000000000000000E+000  0.000000000000000E+000
         333  0.000000000000000E+000  0.000000000000000E+000
         334  0.000000000000000E+000  0.000000000000000E+000
         335  0.000000000000000E+000  0.000000000000000E+000
         336  0.000000000000000E+000  0.000000000000000E+000
         337  0.000000000000000E+000  0.000000000000000E+000
         338  0.000000000000000E+000  0.000000000000000E+000
         339  0.000000000000000E+000  0.000000000000000E+000
         340  0.000000000000000E+000  0.000000000000000E+000
         341  0.000000000000000E+000  0.000000000000000E+000
         342  0.000000000000000E+000  0.000000000000000E+000
         343  0.000000000000000E+000  0.000000000000000E+000
         344  0.000000000000000E+000  0.000000000000000E+000
         345  0.000000000000000E+000  0.000000000000000E+000
         346  0.000000000000000E+000  0.000000000000000E+000
         347  0.000000000000000E+000  0.000000000000000E+000
         348  0.000000000000000E+000  0.000000000000000E+000
         349  0.000000000000000E+000  0.000000000000000E+000
         350  0.000000000000000E+000  0.000000000000000E+000
         351  0.000000000000000E+000  0.000000000000000E+000
         352  0.000000000000000E+000  0.000000000000000E+000
         353  0.000000000000000E+000  0.000000000000000E+000
         354  0.000000000000000E+000  0.000000000000000E+000
         355  0.000000000000000E+000  0.000000000000000E+000
         356  0.000000000000000E+000  0.000000000000000E+000
         357  0.000000000000000E+000  0.000000000000000E+000
         358  0.000000000000000E+000  0.000000000000000E+000
         359  0.000000000000000E+000  0.000000000000000E+000
         360  0.000000000000000E+000  0.000000000000000E+000
         361  0.000000000000000E+000  0.000000000000000E+000
         362  0.000000000000000E+000  0.000000000000000E+000
         363  0.000000000000000E+000  0.000000000000000E+000
         364  0.000000000000000E+000  0.000000000000000E+000
         365  0.000000000000000E+000  0.000000000000000E+000
         366  0.000000000000000E+000  0.000000000000000E+000
         367  0.000000000000000E+000  0.000000000000000E+000
         368  0.000000000000000E+000  0.000000000000000E+000
         369  0.000000000000000E+000  0.000000000000000E+000
         370  0.000000000000000E+000  0.000000000000000E+000
         371  0.000000000000000E+000  0.000000000000000E+000
         372  0.000000000000000E+000  0.000000000000000E+000
         373  0.000000000000000E+000  0.000000000000000E+000
         374  0.000000000000000E+000  0.000000000000000E+000
         375  0.000000000000000E+000  0.000000000000000E+000
         376  0.000000000000000E+000  0.000000000000000E+000
         377  0.000000000000000E+000  0.000000000000000E+000
         378  0.000000000000000E+000  0.000000000000000E+000
         379  0.000000000000000E+000  0.000000000000000E+000
         380  0.000000000000000E+000  0.000000000000000E+000
         381  0.000000000000000E+000  0.000000000000000E+000
         382  0.000000000000000E+000  0.000000000000000E+000
         383  0.000000000000000E+000  0.000000000000000E+000
         384  0.000000000000000E+000  0.000000000000000E+000
         385  0.000000000000000E+000  0.000000000000000E+000
         386  0.000000000000000E+000  0.000000000000000E+000
         387  0.000000000000000E+000  0.000000000000000E+000
         388  0.000000000000000E+000  0.000000000000000E+000
         389  0.000000000000000E+000  0.000000000000000E+000
         390  0.000000000000000E+000  0.000000000000000E+000
         391  0.000000000000000E+000  0.000000000000000E+000
         392  0.000000000000000E+000  0.000000000000000E+000
         393  0.000000000000000E+000  0.000000000000000E+000
         394  0.000000000000000E+000  0.000000000000000E+000
         395  0.000000000000000E+000  0.000000000000000E+000
         396  0.000000000000000E+000  0.000000000000000E+000
         397  0.000000000000000E+000  0.000000000000000E+000
         398  0.000000000000000E+000  0.000000000000000E+000
         399  0.000000000000000E+000  0.000000000000000E+000
         400  0.000000000000000E+000  0.000000000000000E+000
         401  0.000000000000000E+000  0.000000000000000E+000
         402  0.000000000000000E+000  0.000000000000000E+000
         403  0.000000000000000E+000  0.000000000000000E+000
         404  0.000000000000000E+000  0.000000000000000E+000
         405  0.000000000000000E+000  0.000000000000000E+000
         406  0.000000000000000E+000  0.000000000000000E+000
         407  0.000000000000000E+000  0.000000000000000E+000
         408  0.000000000000000E+000  0.000000000000000E+000
         409  0.000000000000000E+000  0.000000000000000E+000
         410  0.000000000000000E+000  0.000000000000000E+000
         411  0.000000000000000E+000  0.000000000000000E+000
         412  0.000000000000000E+000  0.000000000000000E+000
         413  0.000000000000000E+000  0.000000000000000E+000
         414  0.000000000000000E+000  0.000000000000000E+000
         415  0.000000000000000E+000  0.000000000000000E+000
         416  0.000000000000000E+000  0.000000000000000E+000
         417  0.000000000000000E+000  0.000000000000000E+000
         418  0.000000000000000E+000  0.000000000000000E+000
         419  0.000000000000000E+000  0.000000000000000E+000
         420  0.000000000000000E+000  0.000000000000000E+000
         421  0.000000000000000E+000  0.000000000000000E+000
         422  0.000000000000000E+000  0.000000000000000E+000
         423  0.000000000000000E+000  0.000000000000000E+000
         424  0.000000000000000E+000  0.000000000000000E+000
         425  0.000000000000000E+000  0.000000000000000E+000
         426  0.000000000000000E+000  0.000000000000000E+000
         427  0.000000000000000E+000  0.000000000000000E+000
         428  0.000000000000000E+000  0.000000000000000E+000
         429  0.000000000000000E+000  0.000000000000000E+000
         430  0.000000000000000E+000  0.000000000000000E+000
         431  0.000000000000000E+000  0.000000000000000E+000
         432  0.000000000000000E+000  0.000000000000000E+000
         433  0.000000000000000E+000  0.000000000000000E+000
         434  0.000000000000000E+000  0.000000000000000E+000
         435  0.000000000000000E+000  0.000000000000000E+000
         436  0.000000000000000E+000  0.000000000000000E+000
         437  0.000000000000000E+000  0.000000000000000E+000
         438  0.000000000000000E+000  0.000000000000000E+000
         439  0.000000000000000E+000  0.000000000000000E+000
         440  0.000000000000000E+000  0.000000000000000E+000
         441  0.000000000000000E+000  0.000000000000000E+000
         442  0.000000000000000E+000  0.000000000000000E+000
         443  0.000000000000000E+000  0.000000000000000E+000
         444  0.000000000000000E+000  0.000000000000000E+000
